Input data:
    chr  mutation_id  cell_id base  var  total
0  chr3            0       73    C    0      1
1  chr3            0      118    C    0      1
2  chr3            0      171    C    0      1
3  chr3            0      258    C    0      1
4  chr3            0      278    C    0      1
Phertilizer is running in infinite sites mode...

Starting tilling phase....
func:'till' args:[(<phertilizer.Phertilizer object at 0x7ffa300a92e0>, 0.0, 0.0, 5, 0.001, 16, False, 1.0, 0.15), {}] took: 21.8141 sec
Tilling phase complete!
Phertilizing a tree with n:4660 cells and m: 1486 SNVs

Starting planting phase....
Starting k-clonal tree inference for seed:
Cells: 4660 Muts: 1486 Ancestral Muts: 0 
Sprouting seed:
Cells: 4660 Muts: 1486 Ancestral Muts: 0 
Sprouting a branching tree from seed ...
(Generator(PCG64) at 0x7FFA1DB5B820,)
Jump Percentage: 0.7677061498206927 First Eig Val: -7.133073617683491e-17 First Gap: 0.01743707253867971 Largest Gap: 0.32719701236972754 Number of Clusters:3
CellsA: 2930 CellsB: 1730
MutsA: 292 mutsB: 465
Jump Percentage: 0.8071245307280184 First Eig Val: 1.0842305089673155e-17 First Gap: 0.013297777281886292 Largest Gap: 0.29329477143102 Number of Clusters:4
Clonal Tree 0 
[(0, 1), (0, 2)] 
Loss Nodes:0
Node: 0 Cells: 0 Muts: 729 LostMuts: 0
Node: 1 Cells: 2930 Muts: 292 LostMuts: 0
Node: 2 Cells: 1730 Muts: 465 LostMuts: 0
Total Cells: 4660 Total Muts: 1486
Jump Percentage: 0.7689585298443257 First Eig Val: 3.5101782005783586e-16 First Gap: 0.017482018164431255 Largest Gap: 0.3232339013283373 Number of Clusters:3
CellsA: 1730 CellsB: 2930
MutsA: 465 mutsB: 292
Jump Percentage: 0.8071245307280184 First Eig Val: 1.0842305089673155e-17 First Gap: 0.013297777281886292 Largest Gap: 0.29329477143102 Number of Clusters:4
Clonal Tree 0 
[(0, 1), (0, 2)] 
Loss Nodes:0
Node: 0 Cells: 0 Muts: 729 LostMuts: 0
Node: 1 Cells: 1730 Muts: 465 LostMuts: 0
Node: 2 Cells: 2930 Muts: 292 LostMuts: 0
Total Cells: 4660 Total Muts: 1486
Jump Percentage: 0.7608845054603578 First Eig Val: 1.1079037083051498e-16 First Gap: 0.017444927995188365 Largest Gap: 0.324825483043488 Number of Clusters:3
CellsA: 1730 CellsB: 2930
MutsA: 465 mutsB: 292
Jump Percentage: 0.8071245307280184 First Eig Val: 1.0842305089673155e-17 First Gap: 0.013297777281886292 Largest Gap: 0.29329477143102 Number of Clusters:4
Clonal Tree 0 
[(0, 1), (0, 2)] 
Loss Nodes:0
Node: 0 Cells: 0 Muts: 729 LostMuts: 0
Node: 1 Cells: 1730 Muts: 465 LostMuts: 0
Node: 2 Cells: 2930 Muts: 292 LostMuts: 0
Total Cells: 4660 Total Muts: 1486
Finding the maximum likelihood tree out of 3 trees....
Clonal Tree 0 
[(0, 1), (0, 2)] 
Loss Nodes:0
Node: 0 Cells: 0 Muts: 729 LostMuts: 0
Node: 1 Cells: 2930 Muts: 292 LostMuts: 0
Node: 2 Cells: 1730 Muts: 465 LostMuts: 0
Total Cells: 4660 Total Muts: 1486

Tree: 0 LogLikelihood: 3225640.037857494
Variant LogLikelihood: -52475.159213739214 
RDR LogLikelihood: 3278115.197071233

Clonal Tree 1 
[(0, 1), (0, 2)] 
Loss Nodes:0
Node: 0 Cells: 0 Muts: 729 LostMuts: 0
Node: 1 Cells: 1730 Muts: 465 LostMuts: 0
Node: 2 Cells: 2930 Muts: 292 LostMuts: 0
Total Cells: 4660 Total Muts: 1486

Tree: 1 LogLikelihood: 3225640.037857494
Variant LogLikelihood: -52475.159213739214 
RDR LogLikelihood: 3278115.197071233

Clonal Tree 2 
[(0, 1), (0, 2)] 
Loss Nodes:0
Node: 0 Cells: 0 Muts: 729 LostMuts: 0
Node: 1 Cells: 1730 Muts: 465 LostMuts: 0
Node: 2 Cells: 2930 Muts: 292 LostMuts: 0
Total Cells: 4660 Total Muts: 1486

Tree: 2 LogLikelihood: 3225640.037857494
Variant LogLikelihood: -52475.159213739214 
RDR LogLikelihood: 3278115.197071233

Sprouted tree:
Clonal Tree 0 
[(0, 1), (0, 2)] 
Loss Nodes:0
Node: 0 Cells: 0 Muts: 729 LostMuts: 0
Node: 1 Cells: 2930 Muts: 292 LostMuts: 0
Node: 2 Cells: 1730 Muts: 465 LostMuts: 0
Total Cells: 4660 Total Muts: 1486
Cells: 2930 Muts: 292 Ancestral Muts: 729 
Cells: 1730 Muts: 465 Ancestral Muts: 729 
Sprouting seed:
Cells: 4660 Muts: 1486 Ancestral Muts: 0 
Sprouting a linear tree from seed ...
Jump Percentage: 0.7672509784588067 First Eig Val: -3.9374913652204114e-16 First Gap: 0.017038922589998055 Largest Gap: 0.2977788856650873 Number of Clusters:3
start:0 iteration:0
CellsA: 2930 CellsB: 1730
MutsA: 939 MutsB: 547
Jump Percentage: 0.8244589329868849 First Eig Val: 6.068418206818122e-16 First Gap: 0.01259024628788949 Largest Gap: 0.32940902322084975 Number of Clusters:3
adding tree to internal list:
Clonal Tree 0 
[(0, 1)] 
Loss Nodes:0
Node: 0 Cells: 2930 Muts: 939 LostMuts: 0
Node: 1 Cells: 1730 Muts: 547 LostMuts: 0
Total Cells: 4660 Total Muts: 1486
Jump Percentage: 0.7573024829354983 First Eig Val: -3.117903963021973e-16 First Gap: 0.01716639198589858 Largest Gap: 0.3037543953485743 Number of Clusters:3
start:1 iteration:0
CellsA: 2930 CellsB: 1730
MutsA: 939 MutsB: 547
Jump Percentage: 0.8244589329868849 First Eig Val: 6.068418206818122e-16 First Gap: 0.01259024628788949 Largest Gap: 0.32940902322084975 Number of Clusters:3
adding tree to internal list:
Clonal Tree 0 
[(0, 1)] 
Loss Nodes:0
Node: 0 Cells: 2930 Muts: 939 LostMuts: 0
Node: 1 Cells: 1730 Muts: 547 LostMuts: 0
Total Cells: 4660 Total Muts: 1486
Jump Percentage: 0.7666476079021571 First Eig Val: -2.810018916377593e-16 First Gap: 0.017025505325653407 Largest Gap: 0.3026259755446828 Number of Clusters:3
start:2 iteration:0
CellsA: 2930 CellsB: 1730
MutsA: 939 MutsB: 547
Jump Percentage: 0.8244589329868849 First Eig Val: 6.068418206818122e-16 First Gap: 0.01259024628788949 Largest Gap: 0.32940902322084975 Number of Clusters:3
adding tree to internal list:
Clonal Tree 0 
[(0, 1)] 
Loss Nodes:0
Node: 0 Cells: 2930 Muts: 939 LostMuts: 0
Node: 1 Cells: 1730 Muts: 547 LostMuts: 0
Total Cells: 4660 Total Muts: 1486
adding tree to candidate list:
Clonal Tree 0 
[(0, 1)] 
Loss Nodes:0
Node: 0 Cells: 2930 Muts: 939 LostMuts: 0
Node: 1 Cells: 1730 Muts: 547 LostMuts: 0
Total Cells: 4660 Total Muts: 1486
Normalized Likelihood: -0.6690249182764514
Jump Percentage: 0.9999999999999931 First Eig Val: -1.0335381123280666e-15 First Gap: 1.0483854030274396e-15 Largest Gap: 0.4840666849327654 Number of Clusters:3
start:0 iteration:0
CellsA: 915 CellsB: 2015
MutsA: 447 MutsB: 1039
Jump Percentage: 0.9999999999999841 First Eig Val: 3.56940433526034e-16 First Gap: 7.84135055260222e-17 Largest Gap: 0.5479587629456562 Number of Clusters:3
adding tree to internal list:
Clonal Tree 0 
[(0, 1)] 
Loss Nodes:0
Node: 0 Cells: 915 Muts: 447 LostMuts: 0
Node: 1 Cells: 3745 Muts: 1039 LostMuts: 0
Total Cells: 4660 Total Muts: 1486
Jump Percentage: 0.9999999999999775 First Eig Val: -2.770367602411903e-16 First Gap: 4.690660885968033e-16 Largest Gap: 0.48775890107232533 Number of Clusters:3
start:1 iteration:0
CellsA: 915 CellsB: 2015
MutsA: 447 MutsB: 1039
Jump Percentage: 0.9999999999999841 First Eig Val: 3.56940433526034e-16 First Gap: 7.84135055260222e-17 Largest Gap: 0.5479587629456562 Number of Clusters:3
adding tree to internal list:
Clonal Tree 0 
[(0, 1)] 
Loss Nodes:0
Node: 0 Cells: 915 Muts: 447 LostMuts: 0
Node: 1 Cells: 3745 Muts: 1039 LostMuts: 0
Total Cells: 4660 Total Muts: 1486
Jump Percentage: 0.9999999999999427 First Eig Val: 3.1320677582926212e-16 First Gap: 1.3211927817524294e-16 Largest Gap: 0.4819994873906194 Number of Clusters:3
start:2 iteration:0
CellsA: 915 CellsB: 2015
MutsA: 447 MutsB: 1039
Jump Percentage: 0.9999999999999841 First Eig Val: 3.56940433526034e-16 First Gap: 7.84135055260222e-17 Largest Gap: 0.5479587629456562 Number of Clusters:3
adding tree to internal list:
Clonal Tree 0 
[(0, 1)] 
Loss Nodes:0
Node: 0 Cells: 915 Muts: 447 LostMuts: 0
Node: 1 Cells: 3745 Muts: 1039 LostMuts: 0
Total Cells: 4660 Total Muts: 1486
adding tree to candidate list:
Clonal Tree 0 
[(0, 1)] 
Loss Nodes:0
Node: 0 Cells: 915 Muts: 447 LostMuts: 0
Node: 1 Cells: 3745 Muts: 1039 LostMuts: 0
Total Cells: 4660 Total Muts: 1486
Normalized Likelihood: -0.5529874898740738
Clonal Tree 0 
[(0, 1)] 
Loss Nodes:0
Node: 0 Cells: 2930 Muts: 939 LostMuts: 0
Node: 1 Cells: 1730 Muts: 547 LostMuts: 0
Total Cells: 4660 Total Muts: 1486
Normalized Likelihood: -0.6690249182764514
Clonal Tree 1 
[(0, 1)] 
Loss Nodes:0
Node: 0 Cells: 915 Muts: 447 LostMuts: 0
Node: 1 Cells: 3745 Muts: 1039 LostMuts: 0
Total Cells: 4660 Total Muts: 1486
Normalized Likelihood: -0.5529874898740738
linear split norm likelihood best tree
Clonal Tree 1 
[(0, 1)] 
Loss Nodes:0
Node: 0 Cells: 915 Muts: 447 LostMuts: 0
Node: 1 Cells: 3745 Muts: 1039 LostMuts: 0
Total Cells: 4660 Total Muts: 1486
Sprouted tree:
Clonal Tree 1 
[(0, 1)] 
Loss Nodes:0
Node: 0 Cells: 915 Muts: 447 LostMuts: 0
Node: 1 Cells: 3745 Muts: 1039 LostMuts: 0
Total Cells: 4660 Total Muts: 1486
Cells: 3745 Muts: 1039 Ancestral Muts: 447 
Number of subproblems remaining: 3
Starting k-clonal tree inference for seed:
Cells: 3745 Muts: 1039 Ancestral Muts: 447 
Sprouting seed:
Cells: 3745 Muts: 1039 Ancestral Muts: 447 
Sprouting a branching tree from seed ...
(Generator(PCG64) at 0x7FFA1DB5B820,)
Jump Percentage: 0.9999999999999853 First Eig Val: -4.071955093421554e-16 First Gap: 2.517842472689422e-16 Largest Gap: 0.3768631837482465 Number of Clusters:3
CellsA: 2015 CellsB: 1730
MutsA: 210 mutsB: 413
Jump Percentage: 0.9999999999999788 First Eig Val: 1.5219774657994872e-16 First Gap: 3.7714234858081386e-16 Largest Gap: 0.32558236730019424 Number of Clusters:3
Clonal Tree 0 
[(0, 1), (0, 2)] 
Loss Nodes:0
Node: 0 Cells: 0 Muts: 416 LostMuts: 0
Node: 1 Cells: 2015 Muts: 210 LostMuts: 0
Node: 2 Cells: 1730 Muts: 413 LostMuts: 0
Total Cells: 3745 Total Muts: 1039
Jump Percentage: 0.9999999999999833 First Eig Val: -2.5888798775648207e-16 First Gap: 1.3886890623103172e-16 Largest Gap: 0.3718383389029579 Number of Clusters:3
CellsA: 1730 CellsB: 2015
MutsA: 413 mutsB: 210
Jump Percentage: 0.9999999999999788 First Eig Val: 1.5219774657994872e-16 First Gap: 3.7714234858081386e-16 Largest Gap: 0.32558236730019424 Number of Clusters:3
Clonal Tree 0 
[(0, 1), (0, 2)] 
Loss Nodes:0
Node: 0 Cells: 0 Muts: 416 LostMuts: 0
Node: 1 Cells: 1730 Muts: 413 LostMuts: 0
Node: 2 Cells: 2015 Muts: 210 LostMuts: 0
Total Cells: 3745 Total Muts: 1039
Jump Percentage: 0.9999999999999748 First Eig Val: 4.665948930703121e-17 First Gap: 9.806053305088005e-16 Largest Gap: 0.3948090467614009 Number of Clusters:3
CellsA: 2015 CellsB: 1730
MutsA: 210 mutsB: 413
Jump Percentage: 0.9999999999999788 First Eig Val: 1.5219774657994872e-16 First Gap: 3.7714234858081386e-16 Largest Gap: 0.32558236730019424 Number of Clusters:3
Clonal Tree 0 
[(0, 1), (0, 2)] 
Loss Nodes:0
Node: 0 Cells: 0 Muts: 416 LostMuts: 0
Node: 1 Cells: 2015 Muts: 210 LostMuts: 0
Node: 2 Cells: 1730 Muts: 413 LostMuts: 0
Total Cells: 3745 Total Muts: 1039
Finding the maximum likelihood tree out of 3 trees....
Clonal Tree 0 
[(0, 1), (0, 2)] 
Loss Nodes:0
Node: 0 Cells: 0 Muts: 416 LostMuts: 0
Node: 1 Cells: 2015 Muts: 210 LostMuts: 0
Node: 2 Cells: 1730 Muts: 413 LostMuts: 0
Total Cells: 3745 Total Muts: 1039

Tree: 0 LogLikelihood: 2619866.176243261
Variant LogLikelihood: -83535.20569984821 
RDR LogLikelihood: 2703401.3819431094

Clonal Tree 1 
[(0, 1), (0, 2)] 
Loss Nodes:0
Node: 0 Cells: 0 Muts: 416 LostMuts: 0
Node: 1 Cells: 1730 Muts: 413 LostMuts: 0
Node: 2 Cells: 2015 Muts: 210 LostMuts: 0
Total Cells: 3745 Total Muts: 1039

Tree: 1 LogLikelihood: 2619866.176243261
Variant LogLikelihood: -83535.20569984821 
RDR LogLikelihood: 2703401.3819431094

Clonal Tree 2 
[(0, 1), (0, 2)] 
Loss Nodes:0
Node: 0 Cells: 0 Muts: 416 LostMuts: 0
Node: 1 Cells: 2015 Muts: 210 LostMuts: 0
Node: 2 Cells: 1730 Muts: 413 LostMuts: 0
Total Cells: 3745 Total Muts: 1039

Tree: 2 LogLikelihood: 2619866.176243261
Variant LogLikelihood: -83535.20569984821 
RDR LogLikelihood: 2703401.3819431094

Sprouted tree:
Clonal Tree 0 
[(0, 1), (0, 2)] 
Loss Nodes:0
Node: 0 Cells: 0 Muts: 416 LostMuts: 0
Node: 1 Cells: 2015 Muts: 210 LostMuts: 0
Node: 2 Cells: 1730 Muts: 413 LostMuts: 0
Total Cells: 3745 Total Muts: 1039
Cells: 2015 Muts: 210 Ancestral Muts: 863 
Cells: 1730 Muts: 413 Ancestral Muts: 863 
Sprouting seed:
Cells: 3745 Muts: 1039 Ancestral Muts: 447 
Sprouting a linear tree from seed ...
Jump Percentage: 0.9999999999999912 First Eig Val: -3.019856961635547e-16 First Gap: 7.60878407408552e-16 Largest Gap: 0.32087154302052995 Number of Clusters:3
start:0 iteration:0
CellsA: 2015 CellsB: 1730
MutsA: 598 MutsB: 441
Jump Percentage: 0.9999999999999836 First Eig Val: -5.387509259391889e-16 First Gap: 2.448931108200079e-16 Largest Gap: 0.3200459390661718 Number of Clusters:2
adding tree to internal list:
Clonal Tree 0 
[(0, 1)] 
Loss Nodes:0
Node: 0 Cells: 2015 Muts: 598 LostMuts: 0
Node: 1 Cells: 1730 Muts: 441 LostMuts: 0
Total Cells: 3745 Total Muts: 1039
Jump Percentage: 0.9999999999999721 First Eig Val: -3.789456693825314e-16 First Gap: 8.960654107468829e-16 Largest Gap: 0.3069830187114847 Number of Clusters:3
start:1 iteration:0
CellsA: 2015 CellsB: 1730
MutsA: 598 MutsB: 441
Jump Percentage: 0.9999999999999836 First Eig Val: -5.387509259391889e-16 First Gap: 2.448931108200079e-16 Largest Gap: 0.3200459390661718 Number of Clusters:2
adding tree to internal list:
Clonal Tree 0 
[(0, 1)] 
Loss Nodes:0
Node: 0 Cells: 2015 Muts: 598 LostMuts: 0
Node: 1 Cells: 1730 Muts: 441 LostMuts: 0
Total Cells: 3745 Total Muts: 1039
Jump Percentage: 0.9999999999999856 First Eig Val: 0.0 First Gap: 9.86930517401465e-17 Largest Gap: 0.3352143859334726 Number of Clusters:3
start:2 iteration:0
CellsA: 2015 CellsB: 1730
MutsA: 598 MutsB: 441
Jump Percentage: 0.9999999999999836 First Eig Val: -5.387509259391889e-16 First Gap: 2.448931108200079e-16 Largest Gap: 0.3200459390661718 Number of Clusters:2
adding tree to internal list:
Clonal Tree 0 
[(0, 1)] 
Loss Nodes:0
Node: 0 Cells: 2015 Muts: 598 LostMuts: 0
Node: 1 Cells: 1730 Muts: 441 LostMuts: 0
Total Cells: 3745 Total Muts: 1039
adding tree to candidate list:
Clonal Tree 0 
[(0, 1)] 
Loss Nodes:0
Node: 0 Cells: 2015 Muts: 598 LostMuts: 0
Node: 1 Cells: 1730 Muts: 441 LostMuts: 0
Total Cells: 3745 Total Muts: 1039
Normalized Likelihood: -0.6409125245024714
Jump Percentage: 0.9999999999999918 First Eig Val: -8.592380759466932e-16 First Gap: 1.1202051928043843e-15 Largest Gap: 0.6697773460582387 Number of Clusters:2
start:0 iteration:0
CellsA: 916 CellsB: 1099
MutsA: 230 MutsB: 809
Jump Percentage: 0.9999999999999953 First Eig Val: -3.0800481699954176e-16 First Gap: 3.6111172794316815e-16 Largest Gap: 0.685509206102498 Number of Clusters:2
adding tree to internal list:
Clonal Tree 0 
[(0, 1)] 
Loss Nodes:0
Node: 0 Cells: 916 Muts: 230 LostMuts: 0
Node: 1 Cells: 2829 Muts: 809 LostMuts: 0
Total Cells: 3745 Total Muts: 1039
Jump Percentage: 0.9999999999999762 First Eig Val: -2.400904238693406e-16 First Gap: 1.4280024346574988e-16 Largest Gap: 0.665163443381461 Number of Clusters:2
start:1 iteration:0
CellsA: 916 CellsB: 1099
MutsA: 230 MutsB: 809
Jump Percentage: 0.9999999999999953 First Eig Val: -3.0800481699954176e-16 First Gap: 3.6111172794316815e-16 Largest Gap: 0.685509206102498 Number of Clusters:2
adding tree to internal list:
Clonal Tree 0 
[(0, 1)] 
Loss Nodes:0
Node: 0 Cells: 916 Muts: 230 LostMuts: 0
Node: 1 Cells: 2829 Muts: 809 LostMuts: 0
Total Cells: 3745 Total Muts: 1039
Jump Percentage: 0.9999999999999809 First Eig Val: 4.194552529130717e-16 First Gap: 1.5633383419288122e-16 Largest Gap: 0.6628595575183299 Number of Clusters:2
start:2 iteration:0
CellsA: 916 CellsB: 1099
MutsA: 230 MutsB: 809
Jump Percentage: 0.9999999999999953 First Eig Val: -3.0800481699954176e-16 First Gap: 3.6111172794316815e-16 Largest Gap: 0.685509206102498 Number of Clusters:2
adding tree to internal list:
Clonal Tree 0 
[(0, 1)] 
Loss Nodes:0
Node: 0 Cells: 916 Muts: 230 LostMuts: 0
Node: 1 Cells: 2829 Muts: 809 LostMuts: 0
Total Cells: 3745 Total Muts: 1039
adding tree to candidate list:
Clonal Tree 0 
[(0, 1)] 
Loss Nodes:0
Node: 0 Cells: 916 Muts: 230 LostMuts: 0
Node: 1 Cells: 2829 Muts: 809 LostMuts: 0
Total Cells: 3745 Total Muts: 1039
Normalized Likelihood: -0.4115293472083765
Clonal Tree 0 
[(0, 1)] 
Loss Nodes:0
Node: 0 Cells: 2015 Muts: 598 LostMuts: 0
Node: 1 Cells: 1730 Muts: 441 LostMuts: 0
Total Cells: 3745 Total Muts: 1039
Normalized Likelihood: -0.6409125245024714
Clonal Tree 1 
[(0, 1)] 
Loss Nodes:0
Node: 0 Cells: 916 Muts: 230 LostMuts: 0
Node: 1 Cells: 2829 Muts: 809 LostMuts: 0
Total Cells: 3745 Total Muts: 1039
Normalized Likelihood: -0.4115293472083765
linear split norm likelihood best tree
Clonal Tree 1 
[(0, 1)] 
Loss Nodes:0
Node: 0 Cells: 916 Muts: 230 LostMuts: 0
Node: 1 Cells: 2829 Muts: 809 LostMuts: 0
Total Cells: 3745 Total Muts: 1039
Sprouted tree:
Clonal Tree 1 
[(0, 1)] 
Loss Nodes:0
Node: 0 Cells: 916 Muts: 230 LostMuts: 0
Node: 1 Cells: 2829 Muts: 809 LostMuts: 0
Total Cells: 3745 Total Muts: 1039
Cells: 2829 Muts: 809 Ancestral Muts: 677 
Number of subproblems remaining: 5
Starting k-clonal tree inference for seed:
Cells: 2829 Muts: 809 Ancestral Muts: 677 
Sprouting seed:
Cells: 2829 Muts: 809 Ancestral Muts: 677 
Sprouting a branching tree from seed ...
(Generator(PCG64) at 0x7FFA1DB5B820,)
Jump Percentage: 0.9999999999999348 First Eig Val: -5.28713183744981e-16 First Gap: 6.269655219958248e-16 Largest Gap: 0.5688898200455645 Number of Clusters:2
CellsA: 1099 CellsB: 1730
MutsA: 207 mutsB: 387
Jump Percentage: 0.9999999999999581 First Eig Val: -4.803106115974084e-16 First Gap: 1.2300454185609572e-15 Largest Gap: 0.4066589221254957 Number of Clusters:2
Clonal Tree 0 
[(0, 1), (0, 2)] 
Loss Nodes:0
Node: 0 Cells: 0 Muts: 215 LostMuts: 0
Node: 1 Cells: 1099 Muts: 207 LostMuts: 0
Node: 2 Cells: 1730 Muts: 387 LostMuts: 0
Total Cells: 2829 Total Muts: 809
Jump Percentage: 0.9999999999999741 First Eig Val: -5.112593206141874e-16 First Gap: 6.612763284332466e-16 Largest Gap: 0.5860955550516237 Number of Clusters:2
CellsA: 1730 CellsB: 1099
MutsA: 387 mutsB: 207
Jump Percentage: 0.9999999999999581 First Eig Val: -4.803106115974084e-16 First Gap: 1.2300454185609572e-15 Largest Gap: 0.4066589221254957 Number of Clusters:2
Clonal Tree 0 
[(0, 1), (0, 2)] 
Loss Nodes:0
Node: 0 Cells: 0 Muts: 215 LostMuts: 0
Node: 1 Cells: 1730 Muts: 387 LostMuts: 0
Node: 2 Cells: 1099 Muts: 207 LostMuts: 0
Total Cells: 2829 Total Muts: 809
Jump Percentage: 0.9999999999999716 First Eig Val: -5.683355849029175e-16 First Gap: 1.1469630448327296e-15 Largest Gap: 0.5915102755997476 Number of Clusters:2
CellsA: 1099 CellsB: 1730
MutsA: 207 mutsB: 387
Jump Percentage: 0.9999999999999581 First Eig Val: -4.803106115974084e-16 First Gap: 1.2300454185609572e-15 Largest Gap: 0.4066589221254957 Number of Clusters:2
Clonal Tree 0 
[(0, 1), (0, 2)] 
Loss Nodes:0
Node: 0 Cells: 0 Muts: 215 LostMuts: 0
Node: 1 Cells: 1099 Muts: 207 LostMuts: 0
Node: 2 Cells: 1730 Muts: 387 LostMuts: 0
Total Cells: 2829 Total Muts: 809
Finding the maximum likelihood tree out of 3 trees....
Clonal Tree 0 
[(0, 1), (0, 2)] 
Loss Nodes:0
Node: 0 Cells: 0 Muts: 215 LostMuts: 0
Node: 1 Cells: 1099 Muts: 207 LostMuts: 0
Node: 2 Cells: 1730 Muts: 387 LostMuts: 0
Total Cells: 2829 Total Muts: 809

Tree: 0 LogLikelihood: 2056669.4718302232
Variant LogLikelihood: -80549.18548277707 
RDR LogLikelihood: 2137218.6573130004

Clonal Tree 1 
[(0, 1), (0, 2)] 
Loss Nodes:0
Node: 0 Cells: 0 Muts: 215 LostMuts: 0
Node: 1 Cells: 1730 Muts: 387 LostMuts: 0
Node: 2 Cells: 1099 Muts: 207 LostMuts: 0
Total Cells: 2829 Total Muts: 809

Tree: 1 LogLikelihood: 2056669.4718302232
Variant LogLikelihood: -80549.18548277707 
RDR LogLikelihood: 2137218.6573130004

Clonal Tree 2 
[(0, 1), (0, 2)] 
Loss Nodes:0
Node: 0 Cells: 0 Muts: 215 LostMuts: 0
Node: 1 Cells: 1099 Muts: 207 LostMuts: 0
Node: 2 Cells: 1730 Muts: 387 LostMuts: 0
Total Cells: 2829 Total Muts: 809

Tree: 2 LogLikelihood: 2056669.4718302232
Variant LogLikelihood: -80549.18548277707 
RDR LogLikelihood: 2137218.6573130004

Sprouted tree:
Clonal Tree 0 
[(0, 1), (0, 2)] 
Loss Nodes:0
Node: 0 Cells: 0 Muts: 215 LostMuts: 0
Node: 1 Cells: 1099 Muts: 207 LostMuts: 0
Node: 2 Cells: 1730 Muts: 387 LostMuts: 0
Total Cells: 2829 Total Muts: 809
Cells: 1099 Muts: 207 Ancestral Muts: 892 
Cells: 1730 Muts: 387 Ancestral Muts: 892 
Sprouting seed:
Cells: 2829 Muts: 809 Ancestral Muts: 677 
Sprouting a linear tree from seed ...
Jump Percentage: 0.9999999999999787 First Eig Val: -4.990424055485472e-16 First Gap: 7.475390589354928e-16 Largest Gap: 0.5099588810321126 Number of Clusters:2
start:0 iteration:0
CellsA: 1099 CellsB: 1730
MutsA: 417 MutsB: 392
Jump Percentage: 0.9999999999999822 First Eig Val: -7.081262588753882e-16 First Gap: 6.986509136502886e-16 Largest Gap: 0.451563877966322 Number of Clusters:2
adding tree to internal list:
Clonal Tree 0 
[(0, 1)] 
Loss Nodes:0
Node: 0 Cells: 1099 Muts: 417 LostMuts: 0
Node: 1 Cells: 1730 Muts: 392 LostMuts: 0
Total Cells: 2829 Total Muts: 809
Jump Percentage: 0.9999999999999936 First Eig Val: -4.1595738258683533e-16 First Gap: 4.1595737830449523e-16 Largest Gap: 0.5134967046539285 Number of Clusters:2
start:1 iteration:0
CellsA: 1099 CellsB: 1730
MutsA: 417 MutsB: 392
Jump Percentage: 0.9999999999999822 First Eig Val: -7.081262588753882e-16 First Gap: 6.986509136502886e-16 Largest Gap: 0.451563877966322 Number of Clusters:2
adding tree to internal list:
Clonal Tree 0 
[(0, 1)] 
Loss Nodes:0
Node: 0 Cells: 1099 Muts: 417 LostMuts: 0
Node: 1 Cells: 1730 Muts: 392 LostMuts: 0
Total Cells: 2829 Total Muts: 809
Jump Percentage: 0.9999999999999697 First Eig Val: -2.829748373835256e-16 First Gap: 1.121962313045034e-15 Largest Gap: 0.5325079438406332 Number of Clusters:2
start:2 iteration:0
CellsA: 1099 CellsB: 1730
MutsA: 417 MutsB: 392
Jump Percentage: 0.9999999999999822 First Eig Val: -7.081262588753882e-16 First Gap: 6.986509136502886e-16 Largest Gap: 0.451563877966322 Number of Clusters:2
adding tree to internal list:
Clonal Tree 0 
[(0, 1)] 
Loss Nodes:0
Node: 0 Cells: 1099 Muts: 417 LostMuts: 0
Node: 1 Cells: 1730 Muts: 392 LostMuts: 0
Total Cells: 2829 Total Muts: 809
adding tree to candidate list:
Clonal Tree 0 
[(0, 1)] 
Loss Nodes:0
Node: 0 Cells: 1099 Muts: 417 LostMuts: 0
Node: 1 Cells: 1730 Muts: 392 LostMuts: 0
Total Cells: 2829 Total Muts: 809
Normalized Likelihood: -0.6562976164853346
Using SNV kernel only
Jump Percentage: 0.8152279286079991 First Eig Val: 1.9518622207541204e-15 First Gap: 0.703455434586584 Largest Gap: 0.703455434586584 Number of Clusters:1
start:0 iteration:0
CellsA: 1089 CellsB: 10
MutsA: 411 MutsB: 398
Using SNV kernel only
Jump Percentage: 0.5357131903778846 First Eig Val: -5.031688790691286e-16 First Gap: 0.8876474578461585 Largest Gap: 0.8876474578461585 Number of Clusters:1
start:0 iteration:1
CellsA: 1065 CellsB: 34
MutsA: 409 MutsB: 400
Using SNV kernel only
Jump Percentage: 0.439766407528744 First Eig Val: -2.3196882802922725e-15 First Gap: 0.9032065460814318 Largest Gap: 0.9032065460814318 Number of Clusters:1
start:0 iteration:2
CellsA: 1062 CellsB: 37
MutsA: 409 MutsB: 400
Using SNV kernel only
Jump Percentage: 0.439766407528744 First Eig Val: -2.3196882802922725e-15 First Gap: 0.9032065460814318 Largest Gap: 0.9032065460814318 Number of Clusters:1
adding tree to internal list:
Clonal Tree 0 
[(0, 1)] 
Loss Nodes:0
Node: 0 Cells: 1062 Muts: 409 LostMuts: 0
Node: 1 Cells: 1767 Muts: 400 LostMuts: 0
Total Cells: 2829 Total Muts: 809
Using SNV kernel only
Jump Percentage: 0.5475899471835323 First Eig Val: 1.7033514269761836e-15 First Gap: 0.834947592548079 Largest Gap: 0.834947592548079 Number of Clusters:1
start:1 iteration:0
CellsA: 1030 CellsB: 69
MutsA: 399 MutsB: 410
Using SNV kernel only
Jump Percentage: 0.4808507948883903 First Eig Val: 3.1243260962427867e-16 First Gap: 0.8069082496933141 Largest Gap: 0.8069082496933141 Number of Clusters:1
start:1 iteration:1
CellsA: 1021 CellsB: 78
MutsA: 398 MutsB: 411
Using SNV kernel only
Jump Percentage: 0.5277762785649863 First Eig Val: -6.911822974342721e-17 First Gap: 0.7895463569661263 Largest Gap: 0.7895463569661263 Number of Clusters:1
start:1 iteration:2
CellsA: 1082 CellsB: 17
MutsA: 411 MutsB: 398
Using SNV kernel only
Jump Percentage: 0.6059584429196702 First Eig Val: -1.084381681954686e-15 First Gap: 0.8249819854357202 Largest Gap: 0.8249819854357202 Number of Clusters:1
start:1 iteration:3
CellsA: 1067 CellsB: 32
MutsA: 411 MutsB: 398
Using SNV kernel only
Jump Percentage: 0.6059584429196702 First Eig Val: -1.084381681954686e-15 First Gap: 0.8249819854357202 Largest Gap: 0.8249819854357202 Number of Clusters:1
adding tree to internal list:
Clonal Tree 0 
[(0, 1)] 
Loss Nodes:0
Node: 0 Cells: 1067 Muts: 411 LostMuts: 0
Node: 1 Cells: 1762 Muts: 398 LostMuts: 0
Total Cells: 2829 Total Muts: 809
Using SNV kernel only
Jump Percentage: 0.35193666399614715 First Eig Val: -2.277132028461863e-15 First Gap: 0.892999470431513 Largest Gap: 0.892999470431513 Number of Clusters:1
start:2 iteration:0
CellsA: 1001 CellsB: 98
MutsA: 395 MutsB: 414
Using SNV kernel only
Jump Percentage: 0.271968522453455 First Eig Val: -7.780237762664495e-16 First Gap: 0.8765017933192307 Largest Gap: 0.8765017933192307 Number of Clusters:1
start:2 iteration:1
CellsA: 987 CellsB: 112
MutsA: 394 MutsB: 415
Using SNV kernel only
Jump Percentage: 0.25688010282205476 First Eig Val: 1.0942735883539893e-15 First Gap: 0.8710403534461301 Largest Gap: 0.8710403534461301 Number of Clusters:1
start:2 iteration:2
CellsA: 983 CellsB: 116
MutsA: 394 MutsB: 415
Using SNV kernel only
Jump Percentage: 0.25688010282205476 First Eig Val: 1.0942735883539893e-15 First Gap: 0.8710403534461301 Largest Gap: 0.8710403534461301 Number of Clusters:1
adding tree to internal list:
Clonal Tree 0 
[(0, 1)] 
Loss Nodes:0
Node: 0 Cells: 983 Muts: 394 LostMuts: 0
Node: 1 Cells: 1846 Muts: 415 LostMuts: 0
Total Cells: 2829 Total Muts: 809
adding tree to candidate list:
Clonal Tree 2 
[(0, 1)] 
Loss Nodes:0
Node: 0 Cells: 983 Muts: 394 LostMuts: 0
Node: 1 Cells: 1846 Muts: 415 LostMuts: 0
Total Cells: 2829 Total Muts: 809
Normalized Likelihood: -0.6379817928983137
Using SNV kernel only
Jump Percentage: 0.21832718801878484 First Eig Val: -5.592171745741078e-16 First Gap: 0.5043600899119168 Largest Gap: 0.5043600899119168 Number of Clusters:1
start:0 iteration:0
CellsA: 615 CellsB: 368
MutsA: 334 MutsB: 475
Using SNV kernel only
Jump Percentage: 0.33894707051432726 First Eig Val: 2.0192418618126576e-16 First Gap: 0.7764247540751743 Largest Gap: 0.7764247540751743 Number of Clusters:1
start:0 iteration:1
CellsA: 795 CellsB: 188
MutsA: 332 MutsB: 477
Using SNV kernel only
Jump Percentage: 0.3408021655162999 First Eig Val: 1.3612190398731013e-16 First Gap: 0.7772207910108411 Largest Gap: 0.7772207910108411 Number of Clusters:1
start:0 iteration:2
CellsA: 793 CellsB: 190
MutsA: 332 MutsB: 477
Using SNV kernel only
Jump Percentage: 0.3408021655162999 First Eig Val: 1.3612190398731013e-16 First Gap: 0.7772207910108411 Largest Gap: 0.7772207910108411 Number of Clusters:1
adding tree to internal list:
Clonal Tree 0 
[(0, 1)] 
Loss Nodes:0
Node: 0 Cells: 793 Muts: 332 LostMuts: 0
Node: 1 Cells: 2036 Muts: 477 LostMuts: 0
Total Cells: 2829 Total Muts: 809
Using SNV kernel only
Jump Percentage: 0.2680954374984823 First Eig Val: 6.915483029687302e-17 First Gap: 0.49795716160060155 Largest Gap: 0.49795716160060155 Number of Clusters:1
start:1 iteration:0
CellsA: 369 CellsB: 614
MutsA: 233 MutsB: 576
Using SNV kernel only
Jump Percentage: 0.13653885186310882 First Eig Val: -7.80568404600098e-16 First Gap: 0.6262945667744227 Largest Gap: 0.6262945667744227 Number of Clusters:1
start:1 iteration:1
CellsA: 442 CellsB: 541
MutsA: 226 MutsB: 583
Using SNV kernel only
Jump Percentage: 0.13741120898347542 First Eig Val: 1.520335966648288e-16 First Gap: 0.6253467929031686 Largest Gap: 0.6253467929031686 Number of Clusters:1
Using SNV kernel only
Jump Percentage: 0.28780293201719415 First Eig Val: 1.0801046509678738e-16 First Gap: 0.5205406314538558 Largest Gap: 0.5205406314538558 Number of Clusters:1
start:2 iteration:0
CellsA: 367 CellsB: 616
MutsA: 225 MutsB: 584
Using SNV kernel only
Jump Percentage: 0.16158364215347765 First Eig Val: -8.875050719366563e-17 First Gap: 0.6359090772686572 Largest Gap: 0.6359090772686572 Number of Clusters:1
start:2 iteration:1
CellsA: 432 CellsB: 551
MutsA: 220 MutsB: 589
Using SNV kernel only
Jump Percentage: 0.1628820091735348 First Eig Val: 5.879980267117446e-16 First Gap: 0.6375348360858865 Largest Gap: 0.6375348360858865 Number of Clusters:1
adding tree to candidate list:
Clonal Tree 0 
[(0, 1)] 
Loss Nodes:0
Node: 0 Cells: 793 Muts: 332 LostMuts: 0
Node: 1 Cells: 2036 Muts: 477 LostMuts: 0
Total Cells: 2829 Total Muts: 809
Normalized Likelihood: -0.618968297249184
Clonal Tree 0 
[(0, 1)] 
Loss Nodes:0
Node: 0 Cells: 1099 Muts: 417 LostMuts: 0
Node: 1 Cells: 1730 Muts: 392 LostMuts: 0
Total Cells: 2829 Total Muts: 809
Normalized Likelihood: -0.6562976164853346
Clonal Tree 1 
[(0, 1)] 
Loss Nodes:0
Node: 0 Cells: 983 Muts: 394 LostMuts: 0
Node: 1 Cells: 1846 Muts: 415 LostMuts: 0
Total Cells: 2829 Total Muts: 809
Normalized Likelihood: -0.6379817928983137
Clonal Tree 2 
[(0, 1)] 
Loss Nodes:0
Node: 0 Cells: 793 Muts: 332 LostMuts: 0
Node: 1 Cells: 2036 Muts: 477 LostMuts: 0
Total Cells: 2829 Total Muts: 809
Normalized Likelihood: -0.618968297249184
linear split norm likelihood best tree
Clonal Tree 2 
[(0, 1)] 
Loss Nodes:0
Node: 0 Cells: 793 Muts: 332 LostMuts: 0
Node: 1 Cells: 2036 Muts: 477 LostMuts: 0
Total Cells: 2829 Total Muts: 809
Sprouted tree:
Clonal Tree 2 
[(0, 1)] 
Loss Nodes:0
Node: 0 Cells: 793 Muts: 332 LostMuts: 0
Node: 1 Cells: 2036 Muts: 477 LostMuts: 0
Total Cells: 2829 Total Muts: 809
Cells: 2036 Muts: 477 Ancestral Muts: 1009 
Number of subproblems remaining: 7
Starting k-clonal tree inference for seed:
Cells: 2036 Muts: 477 Ancestral Muts: 1009 
Sprouting seed:
Cells: 2036 Muts: 477 Ancestral Muts: 1009 
Sprouting a branching tree from seed ...
(Generator(PCG64) at 0x7FFA1DB5B820,)
Jump Percentage: 1.0 First Eig Val: -1.6917948893741566e-16 First Gap: 5.061753991935133e-16 Largest Gap: 0.16792932480094636 Number of Clusters:5
CellsA: 1020 CellsB: 1016
MutsA: 77 mutsB: 70
Jump Percentage: 0.9999999999999946 First Eig Val: -1.9463291057431617e-16 First Gap: 6.614822978976307e-16 Largest Gap: 0.30268571123646487 Number of Clusters:3
CellsA: 305 CellsB: 1731
MutsA: 63 mutsB: 367
Jump Percentage: 1.0 First Eig Val: 2.8652913937411263e-16 First Gap: 7.836387333288886e-17 Largest Gap: 0.1814653893661586 Number of Clusters:3
CellsA: 1004 CellsB: 1032
MutsA: 67 mutsB: 70
Jump Percentage: 1.0 First Eig Val: -3.021174839863287e-16 First Gap: 4.989008278082523e-16 Largest Gap: 0.2608572393591023 Number of Clusters:3
CellsA: 1034 CellsB: 1002
MutsA: 73 mutsB: 66
Sprouted tree:
None
<bound method Phertilizer.sprout_branching of <phertilizer.Phertilizer object at 0x7ffa300a92e0>> invalid
Sprouting seed:
Cells: 2036 Muts: 477 Ancestral Muts: 1009 
Sprouting a linear tree from seed ...
Jump Percentage: 0.9999999977541868 First Eig Val: 3.821264832645633e-17 First Gap: 2.6679111025677446e-16 Largest Gap: 0.35254813104303406 Number of Clusters:3
start:0 iteration:0
CellsA: 306 CellsB: 1730
MutsA: 112 MutsB: 365
Jump Percentage: 0.999999997146833 First Eig Val: -4.921548549676365e-16 First Gap: 1.6936727520071523e-16 Largest Gap: 0.43138826414190135 Number of Clusters:3
Jump Percentage: 0.9999999998761029 First Eig Val: -8.42326418256666e-17 First Gap: 7.963159273667889e-17 Largest Gap: 0.25053179300228146 Number of Clusters:3
start:1 iteration:0
CellsA: 305 CellsB: 1731
MutsA: 112 MutsB: 365
Jump Percentage: 0.999999997146833 First Eig Val: -4.921548549676365e-16 First Gap: 1.6936727520071523e-16 Largest Gap: 0.43138826414190135 Number of Clusters:3
start:1 iteration:1
CellsA: 306 CellsB: 1730
MutsA: 112 MutsB: 365
Jump Percentage: 0.999999997146833 First Eig Val: -4.921548549676365e-16 First Gap: 1.6936727520071523e-16 Largest Gap: 0.43138826414190135 Number of Clusters:3
Jump Percentage: 0.9999999955361037 First Eig Val: 4.372707072590872e-17 First Gap: 1.3980932795408766e-16 Largest Gap: 0.3502469696354 Number of Clusters:3
start:2 iteration:0
CellsA: 306 CellsB: 1730
MutsA: 112 MutsB: 365
Jump Percentage: 0.999999997146833 First Eig Val: -4.921548549676365e-16 First Gap: 1.6936727520071523e-16 Largest Gap: 0.43138826414190135 Number of Clusters:3
Sprouted tree:
None
<bound method Phertilizer.sprout_linear of <phertilizer.Phertilizer object at 0x7ffa300a92e0>> invalid
Number of subproblems remaining: 6
Starting k-clonal tree inference for seed:
Cells: 1730 Muts: 387 Ancestral Muts: 892 
Sprouting seed:
Cells: 1730 Muts: 387 Ancestral Muts: 892 
Sprouting a branching tree from seed ...
(Generator(PCG64) at 0x7FFA1DB5B820,)
Max copy distance < 1, using SNV kernel only
Jump Percentage: 0.13906160370330303 First Eig Val: -7.199791578305018e-16 First Gap: 0.33486820321478405 Largest Gap: 0.33486820321478405 Number of Clusters:1
CellsA: 1016 CellsB: 714
MutsA: 10 mutsB: 96
Max copy distance < 1, using SNV kernel only
Jump Percentage: 0.1597481279234824 First Eig Val: 1.6217309382521608e-15 First Gap: 0.368696244447967 Largest Gap: 0.368696244447967 Number of Clusters:1
CellsA: 761 CellsB: 969
MutsA: 108 mutsB: 13
Max copy distance < 1, using SNV kernel only
Jump Percentage: 0.15835804969052428 First Eig Val: -7.084817985369352e-16 First Gap: 0.3364456827688785 Largest Gap: 0.3364456827688785 Number of Clusters:1
CellsA: 783 CellsB: 947
MutsA: 9 mutsB: 139
Sprouted tree:
None
<bound method Phertilizer.sprout_branching of <phertilizer.Phertilizer object at 0x7ffa300a92e0>> invalid
Sprouting seed:
Cells: 1730 Muts: 387 Ancestral Muts: 892 
Sprouting a linear tree from seed ...
Using SNV kernel only
Jump Percentage: 0.28155591603804114 First Eig Val: -6.242728112470774e-17 First Gap: 0.27274267891338505 Largest Gap: 0.29734850620707454 Number of Clusters:3
start:0 iteration:0
CellsA: 1519 CellsB: 211
MutsA: 348 MutsB: 39
Using SNV kernel only
Terminating cell clustering due to NANs in affinity matrix
Using SNV kernel only
Jump Percentage: 0.2777835672330411 First Eig Val: 1.256312524191228e-15 First Gap: 0.2819994201433926 Largest Gap: 0.2894855708170781 Number of Clusters:3
start:1 iteration:0
CellsA: 1527 CellsB: 203
MutsA: 345 MutsB: 42
Using SNV kernel only
Jump Percentage: 0.590704161384634 First Eig Val: 2.747801985947271e-15 First Gap: 0.13145495014306638 Largest Gap: 0.5846866684651604 Number of Clusters:2
start:1 iteration:1
CellsA: 1474 CellsB: 256
MutsA: 340 MutsB: 47
Using SNV kernel only
Jump Percentage: 0.6092668995790458 First Eig Val: -2.0226875729889614e-15 First Gap: 0.14110792771002673 Largest Gap: 0.5810747360670097 Number of Clusters:2
start:1 iteration:2
CellsA: 1492 CellsB: 238
MutsA: 340 MutsB: 47
Using SNV kernel only
Jump Percentage: 0.6092668995790458 First Eig Val: -2.0226875729889614e-15 First Gap: 0.14110792771002673 Largest Gap: 0.5810747360670097 Number of Clusters:2
adding tree to internal list:
Clonal Tree 0 
[(0, 1)] 
Loss Nodes:0
Node: 0 Cells: 1492 Muts: 340 LostMuts: 0
Node: 1 Cells: 238 Muts: 47 LostMuts: 0
Total Cells: 1730 Total Muts: 387
Using SNV kernel only
Jump Percentage: 0.3335280293200825 First Eig Val: -2.1631024481167933e-15 First Gap: 0.24885712259859233 Largest Gap: 0.3310638738495591 Number of Clusters:3
start:2 iteration:0
CellsA: 1474 CellsB: 256
MutsA: 341 MutsB: 46
Using SNV kernel only
Jump Percentage: 0.5916554810573145 First Eig Val: 6.140921104957936e-16 First Gap: 0.12976355872622494 Largest Gap: 0.6214605187775403 Number of Clusters:2
start:2 iteration:1
CellsA: 1478 CellsB: 252
MutsA: 337 MutsB: 50
Using SNV kernel only
Jump Percentage: 0.6056517601244322 First Eig Val: -1.9220736113823074e-15 First Gap: 0.13735022141884476 Largest Gap: 0.5792429026767016 Number of Clusters:2
start:2 iteration:2
CellsA: 1486 CellsB: 244
MutsA: 338 MutsB: 49
Using SNV kernel only
Jump Percentage: 0.6140438935865757 First Eig Val: -1.7416623698807193e-15 First Gap: 0.14154280437484906 Largest Gap: 0.5812061642196991 Number of Clusters:2
start:2 iteration:3
CellsA: 1495 CellsB: 235
MutsA: 338 MutsB: 49
Using SNV kernel only
Jump Percentage: 0.6140438935865757 First Eig Val: -1.7416623698807193e-15 First Gap: 0.14154280437484906 Largest Gap: 0.5812061642196991 Number of Clusters:2
adding tree to internal list:
Clonal Tree 0 
[(0, 1)] 
Loss Nodes:0
Node: 0 Cells: 1495 Muts: 338 LostMuts: 0
Node: 1 Cells: 235 Muts: 49 LostMuts: 0
Total Cells: 1730 Total Muts: 387
adding tree to candidate list:
Clonal Tree 1 
[(0, 1)] 
Loss Nodes:0
Node: 0 Cells: 1495 Muts: 338 LostMuts: 0
Node: 1 Cells: 235 Muts: 49 LostMuts: 0
Total Cells: 1730 Total Muts: 387
Normalized Likelihood: -0.7607789613704565
Using SNV kernel only
Jump Percentage: 0.2853281760007652 First Eig Val: -1.7402342193920883e-16 First Gap: 0.34241866247599145 Largest Gap: 0.34241866247599145 Number of Clusters:1
start:0 iteration:0
CellsA: 765 CellsB: 730
MutsA: 167 MutsB: 220
Using SNV kernel only
Jump Percentage: 0.24387984697817214 First Eig Val: 1.74732536085082e-15 First Gap: 0.35325579280660857 Largest Gap: 0.35325579280660857 Number of Clusters:1
start:0 iteration:1
CellsA: 760 CellsB: 735
MutsA: 166 MutsB: 221
Using SNV kernel only
Jump Percentage: 0.24290599472258678 First Eig Val: 3.634438779213613e-16 First Gap: 0.3529360188783199 Largest Gap: 0.3529360188783199 Number of Clusters:1
start:0 iteration:2
CellsA: 759 CellsB: 736
MutsA: 166 MutsB: 221
Using SNV kernel only
Jump Percentage: 0.24290599472258678 First Eig Val: 3.634438779213613e-16 First Gap: 0.3529360188783199 Largest Gap: 0.3529360188783199 Number of Clusters:1
adding tree to internal list:
Clonal Tree 0 
[(0, 1)] 
Loss Nodes:0
Node: 0 Cells: 759 Muts: 166 LostMuts: 0
Node: 1 Cells: 971 Muts: 221 LostMuts: 0
Total Cells: 1730 Total Muts: 387
Using SNV kernel only
Jump Percentage: 0.37116731889200744 First Eig Val: -1.6905718836011801e-16 First Gap: 0.31270706334644893 Largest Gap: 0.31270706334644893 Number of Clusters:1
start:1 iteration:0
CellsA: 1352 CellsB: 143
MutsA: 324 MutsB: 63
Using SNV kernel only
Jump Percentage: 0.7934849545090529 First Eig Val: 4.192338750458336e-15 First Gap: 0.4837042607124158 Largest Gap: 0.4837042607124158 Number of Clusters:1
start:1 iteration:1
CellsA: 1454 CellsB: 41
MutsA: 325 MutsB: 62
Using SNV kernel only
Jump Percentage: 0.7962648760168279 First Eig Val: -2.104070498561155e-15 First Gap: 0.48318904662279666 Largest Gap: 0.48318904662279666 Number of Clusters:1
adding tree to internal list:
Clonal Tree 0 
[(0, 1)] 
Loss Nodes:0
Node: 0 Cells: 1454 Muts: 325 LostMuts: 0
Node: 1 Cells: 276 Muts: 62 LostMuts: 0
Total Cells: 1730 Total Muts: 387
Using SNV kernel only
Jump Percentage: 0.36590166680658714 First Eig Val: -1.2422479325313188e-15 First Gap: 0.31792772597633406 Largest Gap: 0.31792772597633406 Number of Clusters:1
start:2 iteration:0
CellsA: 1363 CellsB: 132
MutsA: 327 MutsB: 60
Using SNV kernel only
Jump Percentage: 0.7523978055551376 First Eig Val: 3.3891389111914934e-15 First Gap: 0.5638237475856603 Largest Gap: 0.5638237475856603 Number of Clusters:1
start:2 iteration:1
CellsA: 1467 CellsB: 28
MutsA: 327 MutsB: 60
Using SNV kernel only
Jump Percentage: 0.7530053641441872 First Eig Val: 8.78372742786238e-16 First Gap: 0.5779417467540048 Largest Gap: 0.5779417467540048 Number of Clusters:1
start:2 iteration:2
CellsA: 1469 CellsB: 26
MutsA: 327 MutsB: 60
Using SNV kernel only
Jump Percentage: 0.7530053641441872 First Eig Val: 8.78372742786238e-16 First Gap: 0.5779417467540048 Largest Gap: 0.5779417467540048 Number of Clusters:1
adding tree to internal list:
Clonal Tree 0 
[(0, 1)] 
Loss Nodes:0
Node: 0 Cells: 1469 Muts: 327 LostMuts: 0
Node: 1 Cells: 261 Muts: 60 LostMuts: 0
Total Cells: 1730 Total Muts: 387
adding tree to candidate list:
Clonal Tree 0 
[(0, 1)] 
Loss Nodes:0
Node: 0 Cells: 759 Muts: 166 LostMuts: 0
Node: 1 Cells: 971 Muts: 221 LostMuts: 0
Total Cells: 1730 Total Muts: 387
Normalized Likelihood: -0.5029646195583966
Clonal Tree 0 
[(0, 1)] 
Loss Nodes:0
Node: 0 Cells: 1495 Muts: 338 LostMuts: 0
Node: 1 Cells: 235 Muts: 49 LostMuts: 0
Total Cells: 1730 Total Muts: 387
Normalized Likelihood: -0.7607789613704565
Clonal Tree 1 
[(0, 1)] 
Loss Nodes:0
Node: 0 Cells: 759 Muts: 166 LostMuts: 0
Node: 1 Cells: 971 Muts: 221 LostMuts: 0
Total Cells: 1730 Total Muts: 387
Normalized Likelihood: -0.5029646195583966
linear split norm likelihood best tree
Clonal Tree 1 
[(0, 1)] 
Loss Nodes:0
Node: 0 Cells: 759 Muts: 166 LostMuts: 0
Node: 1 Cells: 971 Muts: 221 LostMuts: 0
Total Cells: 1730 Total Muts: 387
Sprouted tree:
Clonal Tree 1 
[(0, 1)] 
Loss Nodes:0
Node: 0 Cells: 759 Muts: 166 LostMuts: 0
Node: 1 Cells: 971 Muts: 221 LostMuts: 0
Total Cells: 1730 Total Muts: 387
Cells: 971 Muts: 221 Ancestral Muts: 1058 
Number of subproblems remaining: 6
Starting k-clonal tree inference for seed:
Cells: 1730 Muts: 413 Ancestral Muts: 863 
Sprouting seed:
Cells: 1730 Muts: 413 Ancestral Muts: 863 
Sprouting a branching tree from seed ...
(Generator(PCG64) at 0x7FFA1DB5B820,)
Max copy distance < 1, using SNV kernel only
Jump Percentage: 0.12633509981481708 First Eig Val: 2.0600073497270984e-16 First Gap: 0.3607192459945502 Largest Gap: 0.3607192459945502 Number of Clusters:1
CellsA: 485 CellsB: 1245
MutsA: 71 mutsB: 38
Max copy distance < 1, using SNV kernel only
Jump Percentage: 0.13379735772674148 First Eig Val: -1.4241000922736521e-15 First Gap: 0.350819290221729 Largest Gap: 0.350819290221729 Number of Clusters:1
CellsA: 989 CellsB: 741
MutsA: 24 mutsB: 92
Max copy distance < 1, using SNV kernel only
Jump Percentage: 0.155804891180367 First Eig Val: 5.387965924571269e-16 First Gap: 0.354262866726512 Largest Gap: 0.354262866726512 Number of Clusters:1
CellsA: 1180 CellsB: 550
MutsA: 38 mutsB: 65
Sprouted tree:
None
<bound method Phertilizer.sprout_branching of <phertilizer.Phertilizer object at 0x7ffa300a92e0>> invalid
Sprouting seed:
Cells: 1730 Muts: 413 Ancestral Muts: 863 
Sprouting a linear tree from seed ...
Using SNV kernel only
Jump Percentage: 0.27806465454300616 First Eig Val: 6.521951216587787e-16 First Gap: 0.2865000618873092 Largest Gap: 0.29186234841774433 Number of Clusters:3
start:0 iteration:0
CellsA: 1531 CellsB: 199
MutsA: 364 MutsB: 49
Using SNV kernel only
Jump Percentage: 0.5817348723580877 First Eig Val: -1.797173521111977e-15 First Gap: 0.12243588309130214 Largest Gap: 0.6104011361505517 Number of Clusters:2
start:0 iteration:1
CellsA: 1457 CellsB: 273
MutsA: 360 MutsB: 53
Using SNV kernel only
Jump Percentage: 0.5818146592391471 First Eig Val: 7.667477763817504e-16 First Gap: 0.12470724597405508 Largest Gap: 0.603432132881022 Number of Clusters:2
start:0 iteration:2
CellsA: 1459 CellsB: 271
MutsA: 359 MutsB: 54
Using SNV kernel only
Jump Percentage: 0.5939052994912646 First Eig Val: -2.223915496202276e-15 First Gap: 0.12999064530939564 Largest Gap: 0.6139852834860781 Number of Clusters:2
start:0 iteration:3
CellsA: 1472 CellsB: 258
MutsA: 359 MutsB: 54
Using SNV kernel only
Jump Percentage: 0.5939052994912646 First Eig Val: -2.223915496202276e-15 First Gap: 0.12999064530939564 Largest Gap: 0.6139852834860781 Number of Clusters:2
adding tree to internal list:
Clonal Tree 0 
[(0, 1)] 
Loss Nodes:0
Node: 0 Cells: 1472 Muts: 359 LostMuts: 0
Node: 1 Cells: 258 Muts: 54 LostMuts: 0
Total Cells: 1730 Total Muts: 413
Using SNV kernel only
Jump Percentage: 0.3126776931837914 First Eig Val: 4.760600449277036e-17 First Gap: 0.28519328488374296 Largest Gap: 0.28938030337666665 Number of Clusters:3
start:1 iteration:0
CellsA: 1531 CellsB: 199
MutsA: 373 MutsB: 40
Using SNV kernel only
Terminating cell clustering due to NANs in affinity matrix
Using SNV kernel only
Jump Percentage: 0.2684394680679099 First Eig Val: 2.541518387769595e-16 First Gap: 0.2650959330700231 Largest Gap: 0.3014325676810862 Number of Clusters:3
start:2 iteration:0
CellsA: 1065 CellsB: 665
MutsA: 268 MutsB: 145
Using SNV kernel only
Jump Percentage: 0.4524179214074152 First Eig Val: 2.7473683050782756e-16 First Gap: 0.20976976521845087 Largest Gap: 0.3645465437105969 Number of Clusters:3
start:2 iteration:1
CellsA: 1501 CellsB: 229
MutsA: 357 MutsB: 56
Using SNV kernel only
Jump Percentage: 0.6097862577555411 First Eig Val: 3.3306690738754795e-16 First Gap: 0.14495232316993442 Largest Gap: 0.5542786506354859 Number of Clusters:2
start:2 iteration:2
CellsA: 1487 CellsB: 243
MutsA: 355 MutsB: 58
Using SNV kernel only
Jump Percentage: 0.6125978315566865 First Eig Val: 1.8526846723432343e-15 First Gap: 0.14597431926127452 Largest Gap: 0.5525362457318771 Number of Clusters:2
start:2 iteration:3
CellsA: 1489 CellsB: 241
MutsA: 354 MutsB: 59
Using SNV kernel only
Jump Percentage: 0.6134298825243971 First Eig Val: -5.551115123125797e-17 First Gap: 0.14665689193106443 Largest Gap: 0.5502996520428972 Number of Clusters:2
start:2 iteration:4
CellsA: 1490 CellsB: 240
MutsA: 354 MutsB: 59
Using SNV kernel only
Jump Percentage: 0.6134298825243971 First Eig Val: -5.551115123125797e-17 First Gap: 0.14665689193106443 Largest Gap: 0.5502996520428972 Number of Clusters:2
adding tree to internal list:
Clonal Tree 0 
[(0, 1)] 
Loss Nodes:0
Node: 0 Cells: 1490 Muts: 354 LostMuts: 0
Node: 1 Cells: 240 Muts: 59 LostMuts: 0
Total Cells: 1730 Total Muts: 413
adding tree to candidate list:
Clonal Tree 1 
[(0, 1)] 
Loss Nodes:0
Node: 0 Cells: 1490 Muts: 354 LostMuts: 0
Node: 1 Cells: 240 Muts: 59 LostMuts: 0
Total Cells: 1730 Total Muts: 413
Normalized Likelihood: -0.7638489680601894
Using SNV kernel only
Jump Percentage: 0.2616624312764359 First Eig Val: -2.7160529940924702e-15 First Gap: 0.3568817298927056 Largest Gap: 0.3568817298927056 Number of Clusters:1
start:0 iteration:0
CellsA: 1391 CellsB: 99
MutsA: 347 MutsB: 66
Using SNV kernel only
Jump Percentage: 0.5264143218532259 First Eig Val: 2.7349375671817272e-15 First Gap: 0.6175153807336117 Largest Gap: 0.6175153807336117 Number of Clusters:1
start:0 iteration:1
CellsA: 1361 CellsB: 129
MutsA: 342 MutsB: 71
Using SNV kernel only
Jump Percentage: 0.5041784839514118 First Eig Val: -1.3941495802755444e-15 First Gap: 0.6093329220102229 Largest Gap: 0.6093329220102229 Number of Clusters:1
start:0 iteration:2
CellsA: 1356 CellsB: 134
MutsA: 342 MutsB: 71
Using SNV kernel only
Jump Percentage: 0.5041784839514118 First Eig Val: -1.3941495802755444e-15 First Gap: 0.6093329220102229 Largest Gap: 0.6093329220102229 Number of Clusters:1
adding tree to internal list:
Clonal Tree 0 
[(0, 1)] 
Loss Nodes:0
Node: 0 Cells: 1356 Muts: 342 LostMuts: 0
Node: 1 Cells: 374 Muts: 71 LostMuts: 0
Total Cells: 1730 Total Muts: 413
Using SNV kernel only
Jump Percentage: 0.289385071817573 First Eig Val: -1.9148227975955738e-16 First Gap: 0.34066515639150957 Largest Gap: 0.34066515639150957 Number of Clusters:1
start:1 iteration:0
CellsA: 1376 CellsB: 114
MutsA: 346 MutsB: 67
Using SNV kernel only
Jump Percentage: 0.6276472180344457 First Eig Val: 1.962713299279504e-15 First Gap: 0.627456247230963 Largest Gap: 0.627456247230963 Number of Clusters:1
start:1 iteration:1
CellsA: 1370 CellsB: 120
MutsA: 342 MutsB: 71
Using SNV kernel only
Jump Percentage: 0.5818753107635588 First Eig Val: 1.8778780990248717e-15 First Gap: 0.6178718124104365 Largest Gap: 0.6178718124104365 Number of Clusters:1
start:1 iteration:2
CellsA: 1363 CellsB: 127
MutsA: 342 MutsB: 71
Using SNV kernel only
Jump Percentage: 0.5818753107635588 First Eig Val: 1.8778780990248717e-15 First Gap: 0.6178718124104365 Largest Gap: 0.6178718124104365 Number of Clusters:1
adding tree to internal list:
Clonal Tree 0 
[(0, 1)] 
Loss Nodes:0
Node: 0 Cells: 1363 Muts: 342 LostMuts: 0
Node: 1 Cells: 367 Muts: 71 LostMuts: 0
Total Cells: 1730 Total Muts: 413
Using SNV kernel only
Jump Percentage: 0.2825280804222097 First Eig Val: 6.884411156553071e-16 First Gap: 0.2893589917661826 Largest Gap: 0.2902945851901556 Number of Clusters:3
start:2 iteration:0
CellsA: 1325 CellsB: 165
MutsA: 343 MutsB: 70
Using SNV kernel only
Jump Percentage: 0.7687763689834799 First Eig Val: 1.5925151144622866e-16 First Gap: 0.49512985768883616 Largest Gap: 0.49512985768883616 Number of Clusters:1
start:2 iteration:1
CellsA: 1450 CellsB: 40
MutsA: 347 MutsB: 66
Using SNV kernel only
Jump Percentage: 0.6735407424197987 First Eig Val: 4.577535056505006e-16 First Gap: 0.57206547150349 Largest Gap: 0.57206547150349 Number of Clusters:1
start:2 iteration:2
CellsA: 1465 CellsB: 25
MutsA: 347 MutsB: 66
Using SNV kernel only
Jump Percentage: 0.6735407424197987 First Eig Val: 4.577535056505006e-16 First Gap: 0.57206547150349 Largest Gap: 0.57206547150349 Number of Clusters:1
adding tree to internal list:
Clonal Tree 0 
[(0, 1)] 
Loss Nodes:0
Node: 0 Cells: 1465 Muts: 347 LostMuts: 0
Node: 1 Cells: 265 Muts: 66 LostMuts: 0
Total Cells: 1730 Total Muts: 413
adding tree to candidate list:
Clonal Tree 0 
[(0, 1)] 
Loss Nodes:0
Node: 0 Cells: 1356 Muts: 342 LostMuts: 0
Node: 1 Cells: 374 Muts: 71 LostMuts: 0
Total Cells: 1730 Total Muts: 413
Normalized Likelihood: -0.6936732083692457
Using SNV kernel only
Jump Percentage: 0.42667485000825706 First Eig Val: 7.692702107201717e-16 First Gap: 0.3817328748206385 Largest Gap: 0.3817328748206385 Number of Clusters:1
start:0 iteration:0
CellsA: 1278 CellsB: 78
MutsA: 338 MutsB: 75
Using SNV kernel only
Jump Percentage: 0.8935998286604125 First Eig Val: -1.264851933760779e-15 First Gap: 0.8424631909523252 Largest Gap: 0.8424631909523252 Number of Clusters:1
start:0 iteration:1
CellsA: 1275 CellsB: 81
MutsA: 334 MutsB: 79
Using SNV kernel only
Jump Percentage: 0.8140160961567963 First Eig Val: 1.1479690510979752e-15 First Gap: 0.818390334903526 Largest Gap: 0.818390334903526 Number of Clusters:1
start:0 iteration:2
CellsA: 1267 CellsB: 89
MutsA: 334 MutsB: 79
Using SNV kernel only
Jump Percentage: 0.8140160961567963 First Eig Val: 1.1479690510979752e-15 First Gap: 0.818390334903526 Largest Gap: 0.818390334903526 Number of Clusters:1
adding tree to internal list:
Clonal Tree 0 
[(0, 1)] 
Loss Nodes:0
Node: 0 Cells: 1267 Muts: 334 LostMuts: 0
Node: 1 Cells: 463 Muts: 79 LostMuts: 0
Total Cells: 1730 Total Muts: 413
Using SNV kernel only
Jump Percentage: 0.3552493078954608 First Eig Val: 2.233909187960673e-15 First Gap: 0.3784091896181207 Largest Gap: 0.3784091896181207 Number of Clusters:1
start:1 iteration:0
CellsA: 733 CellsB: 623
MutsA: 179 MutsB: 234
Using SNV kernel only
Jump Percentage: 0.336278909662713 First Eig Val: 1.3130357266304478e-15 First Gap: 0.38994821578401984 Largest Gap: 0.38994821578401984 Number of Clusters:1
start:1 iteration:1
CellsA: 725 CellsB: 631
MutsA: 179 MutsB: 234
Using SNV kernel only
Jump Percentage: 0.336278909662713 First Eig Val: 1.3130357266304478e-15 First Gap: 0.38994821578401984 Largest Gap: 0.38994821578401984 Number of Clusters:1
adding tree to internal list:
Clonal Tree 0 
[(0, 1)] 
Loss Nodes:0
Node: 0 Cells: 725 Muts: 179 LostMuts: 0
Node: 1 Cells: 1005 Muts: 234 LostMuts: 0
Total Cells: 1730 Total Muts: 413
Using SNV kernel only
Jump Percentage: 0.39735800789306214 First Eig Val: -1.7942635394216847e-16 First Gap: 0.352023658507807 Largest Gap: 0.352023658507807 Number of Clusters:1
start:2 iteration:0
CellsA: 1257 CellsB: 99
MutsA: 338 MutsB: 75
Using SNV kernel only
Jump Percentage: 0.9656360361111148 First Eig Val: 1.7137760335538572e-15 First Gap: 0.755682221443234 Largest Gap: 0.755682221443234 Number of Clusters:1
start:2 iteration:1
CellsA: 1285 CellsB: 71
MutsA: 335 MutsB: 78
Using SNV kernel only
Jump Percentage: 0.9533446319349672 First Eig Val: -1.2516811713744072e-15 First Gap: 0.7608665265356315 Largest Gap: 0.7608665265356315 Number of Clusters:1
start:2 iteration:2
CellsA: 1275 CellsB: 81
MutsA: 334 MutsB: 79
Using SNV kernel only
Jump Percentage: 0.8886992178197639 First Eig Val: 1.3963547908490512e-15 First Gap: 0.7229982119078362 Largest Gap: 0.7229982119078362 Number of Clusters:1
start:2 iteration:3
CellsA: 1345 CellsB: 11
MutsA: 336 MutsB: 77
Using SNV kernel only
Jump Percentage: 0.9647823708902653 First Eig Val: -6.325235474280447e-16 First Gap: 0.620963056222374 Largest Gap: 0.620963056222374 Number of Clusters:1
start:2 iteration:4
CellsA: 1339 CellsB: 17
MutsA: 335 MutsB: 78
Using SNV kernel only
Jump Percentage: 0.9628145428012368 First Eig Val: -1.9523228519946526e-15 First Gap: 0.624344211499932 Largest Gap: 0.624344211499932 Number of Clusters:1
adding tree to internal list:
Clonal Tree 0 
[(0, 1)] 
Loss Nodes:0
Node: 0 Cells: 1339 Muts: 335 LostMuts: 0
Node: 1 Cells: 391 Muts: 78 LostMuts: 0
Total Cells: 1730 Total Muts: 413
adding tree to candidate list:
Clonal Tree 1 
[(0, 1)] 
Loss Nodes:0
Node: 0 Cells: 725 Muts: 179 LostMuts: 0
Node: 1 Cells: 1005 Muts: 234 LostMuts: 0
Total Cells: 1730 Total Muts: 413
Normalized Likelihood: -0.5073678174178056
Clonal Tree 0 
[(0, 1)] 
Loss Nodes:0
Node: 0 Cells: 1490 Muts: 354 LostMuts: 0
Node: 1 Cells: 240 Muts: 59 LostMuts: 0
Total Cells: 1730 Total Muts: 413
Normalized Likelihood: -0.7638489680601894
Clonal Tree 1 
[(0, 1)] 
Loss Nodes:0
Node: 0 Cells: 1356 Muts: 342 LostMuts: 0
Node: 1 Cells: 374 Muts: 71 LostMuts: 0
Total Cells: 1730 Total Muts: 413
Normalized Likelihood: -0.6936732083692457
Clonal Tree 2 
[(0, 1)] 
Loss Nodes:0
Node: 0 Cells: 725 Muts: 179 LostMuts: 0
Node: 1 Cells: 1005 Muts: 234 LostMuts: 0
Total Cells: 1730 Total Muts: 413
Normalized Likelihood: -0.5073678174178056
linear split norm likelihood best tree
Clonal Tree 2 
[(0, 1)] 
Loss Nodes:0
Node: 0 Cells: 725 Muts: 179 LostMuts: 0
Node: 1 Cells: 1005 Muts: 234 LostMuts: 0
Total Cells: 1730 Total Muts: 413
Sprouted tree:
Clonal Tree 2 
[(0, 1)] 
Loss Nodes:0
Node: 0 Cells: 725 Muts: 179 LostMuts: 0
Node: 1 Cells: 1005 Muts: 234 LostMuts: 0
Total Cells: 1730 Total Muts: 413
Cells: 1005 Muts: 234 Ancestral Muts: 1042 
Number of subproblems remaining: 4
Starting k-clonal tree inference for seed:
Cells: 1730 Muts: 465 Ancestral Muts: 729 
Sprouting seed:
Cells: 1730 Muts: 465 Ancestral Muts: 729 
Sprouting a branching tree from seed ...
(Generator(PCG64) at 0x7FFA1DB5B820,)
Max copy distance < 1, using SNV kernel only
Jump Percentage: 0.07182281394778212 First Eig Val: 4.2027803263323107e-16 First Gap: 0.384649961210827 Largest Gap: 0.384649961210827 Number of Clusters:1
CellsA: 433 CellsB: 1297
MutsA: 61 mutsB: 63
Max copy distance < 1, using SNV kernel only
Jump Percentage: 0.14598824118817894 First Eig Val: -1.4676474834225165e-16 First Gap: 0.3802724262664215 Largest Gap: 0.3802724262664215 Number of Clusters:1
CellsA: 957 CellsB: 773
MutsA: 23 mutsB: 106
Max copy distance < 1, using SNV kernel only
Jump Percentage: 0.06209454549569244 First Eig Val: 8.744921697674674e-16 First Gap: 0.39579163584962024 Largest Gap: 0.39579163584962024 Number of Clusters:1
CellsA: 1334 CellsB: 396
MutsA: 63 mutsB: 50
Sprouted tree:
None
<bound method Phertilizer.sprout_branching of <phertilizer.Phertilizer object at 0x7ffa300a92e0>> invalid
Sprouting seed:
Cells: 1730 Muts: 465 Ancestral Muts: 729 
Sprouting a linear tree from seed ...
Using SNV kernel only
Jump Percentage: 0.2860094748764221 First Eig Val: 8.194529375442121e-16 First Gap: 0.32740404988855487 Largest Gap: 0.32740404988855487 Number of Clusters:1
start:0 iteration:0
CellsA: 1564 CellsB: 166
MutsA: 423 MutsB: 42
Using SNV kernel only
Terminating cell clustering due to NANs in affinity matrix
Using SNV kernel only
Jump Percentage: 0.3178102644653414 First Eig Val: -3.2873308120070187e-16 First Gap: 0.34225171467330123 Largest Gap: 0.34225171467330123 Number of Clusters:1
start:1 iteration:0
CellsA: 1587 CellsB: 143
MutsA: 422 MutsB: 43
Using SNV kernel only
Jump Percentage: 0.6494407018236334 First Eig Val: -2.414735078559721e-15 First Gap: 0.1678944299460175 Largest Gap: 0.5663902933484832 Number of Clusters:2
start:1 iteration:1
CellsA: 1533 CellsB: 197
MutsA: 418 MutsB: 47
Using SNV kernel only
Jump Percentage: 0.6497765306259219 First Eig Val: 1.6653345369377402e-16 First Gap: 0.16637556462320177 Largest Gap: 0.566878553788438 Number of Clusters:2
start:1 iteration:2
CellsA: 1532 CellsB: 198
MutsA: 415 MutsB: 50
Using SNV kernel only
Jump Percentage: 0.6547813094553725 First Eig Val: -2.4077961846558146e-15 First Gap: 0.17154224837632995 Largest Gap: 0.5495293505341035 Number of Clusters:2
start:1 iteration:3
CellsA: 1536 CellsB: 194
MutsA: 415 MutsB: 50
Using SNV kernel only
Jump Percentage: 0.6547813094553725 First Eig Val: -2.4077961846558146e-15 First Gap: 0.17154224837632995 Largest Gap: 0.5495293505341035 Number of Clusters:2
adding tree to internal list:
Clonal Tree 0 
[(0, 1)] 
Loss Nodes:0
Node: 0 Cells: 1536 Muts: 415 LostMuts: 0
Node: 1 Cells: 194 Muts: 50 LostMuts: 0
Total Cells: 1730 Total Muts: 465
Using SNV kernel only
Jump Percentage: 0.2883329407666843 First Eig Val: -8.647415558214061e-16 First Gap: 0.3389291191592164 Largest Gap: 0.3389291191592164 Number of Clusters:1
start:2 iteration:0
CellsA: 677 CellsB: 1053
MutsA: 201 MutsB: 264
Using SNV kernel only
Jump Percentage: 0.22626391278664648 First Eig Val: 5.072291650025936e-16 First Gap: 0.35665190448110046 Largest Gap: 0.35665190448110046 Number of Clusters:1
start:2 iteration:1
CellsA: 1177 CellsB: 553
MutsA: 324 MutsB: 141
Using SNV kernel only
Jump Percentage: 0.4025062788836685 First Eig Val: -2.7018318138338838e-15 First Gap: 0.23252260972772082 Largest Gap: 0.3262363728257722 Number of Clusters:2
start:2 iteration:2
CellsA: 1539 CellsB: 191
MutsA: 406 MutsB: 59
Using SNV kernel only
Jump Percentage: 0.6574349145247401 First Eig Val: -1.2975731600306549e-15 First Gap: 0.16969495795741896 Largest Gap: 0.5554918341444662 Number of Clusters:2
start:2 iteration:3
CellsA: 1533 CellsB: 197
MutsA: 404 MutsB: 61
Using SNV kernel only
Jump Percentage: 0.6558202127073534 First Eig Val: 1.477984401532246e-15 First Gap: 0.1741159740879322 Largest Gap: 0.537264811879585 Number of Clusters:2
start:2 iteration:4
CellsA: 1534 CellsB: 196
MutsA: 404 MutsB: 61
Using SNV kernel only
Jump Percentage: 0.6558202127073534 First Eig Val: 1.477984401532246e-15 First Gap: 0.1741159740879322 Largest Gap: 0.537264811879585 Number of Clusters:2
adding tree to internal list:
Clonal Tree 0 
[(0, 1)] 
Loss Nodes:0
Node: 0 Cells: 1534 Muts: 404 LostMuts: 0
Node: 1 Cells: 196 Muts: 61 LostMuts: 0
Total Cells: 1730 Total Muts: 465
adding tree to candidate list:
Clonal Tree 1 
[(0, 1)] 
Loss Nodes:0
Node: 0 Cells: 1534 Muts: 404 LostMuts: 0
Node: 1 Cells: 196 Muts: 61 LostMuts: 0
Total Cells: 1730 Total Muts: 465
Normalized Likelihood: -0.7614561646815042
Using SNV kernel only
Jump Percentage: 0.2800970695271426 First Eig Val: -2.4961843065871182e-15 First Gap: 0.37166119404933295 Largest Gap: 0.37166119404933295 Number of Clusters:1
start:0 iteration:0
CellsA: 653 CellsB: 881
MutsA: 201 MutsB: 264
Using SNV kernel only
Jump Percentage: 0.21029420190453268 First Eig Val: 8.011277394246848e-16 First Gap: 0.39845180614032744 Largest Gap: 0.39845180614032744 Number of Clusters:1
start:0 iteration:1
CellsA: 1124 CellsB: 410
MutsA: 330 MutsB: 135
Using SNV kernel only
Jump Percentage: 0.4919403762088655 First Eig Val: 3.2148424005361363e-15 First Gap: 0.373930673227714 Largest Gap: 0.373930673227714 Number of Clusters:1
start:0 iteration:2
CellsA: 1453 CellsB: 81
MutsA: 392 MutsB: 73
Using SNV kernel only
Jump Percentage: 0.8058040491383367 First Eig Val: 2.6352414716525424e-15 First Gap: 0.5291259602820811 Largest Gap: 0.5291259602820811 Number of Clusters:1
start:0 iteration:3
CellsA: 1499 CellsB: 35
MutsA: 392 MutsB: 73
Using SNV kernel only
Jump Percentage: 0.8058040491383367 First Eig Val: 2.6352414716525424e-15 First Gap: 0.5291259602820811 Largest Gap: 0.5291259602820811 Number of Clusters:1
adding tree to internal list:
Clonal Tree 0 
[(0, 1)] 
Loss Nodes:0
Node: 0 Cells: 1499 Muts: 392 LostMuts: 0
Node: 1 Cells: 231 Muts: 73 LostMuts: 0
Total Cells: 1730 Total Muts: 465
Using SNV kernel only
Jump Percentage: 0.31090928299711906 First Eig Val: 1.3016045604035529e-15 First Gap: 0.3469894737864109 Largest Gap: 0.3469894737864109 Number of Clusters:1
start:1 iteration:0
CellsA: 626 CellsB: 908
MutsA: 200 MutsB: 265
Using SNV kernel only
Jump Percentage: 0.2570367315576936 First Eig Val: -8.232511930031065e-16 First Gap: 0.38976051503358783 Largest Gap: 0.38976051503358783 Number of Clusters:1
start:1 iteration:1
CellsA: 1110 CellsB: 424
MutsA: 323 MutsB: 142
Using SNV kernel only
Jump Percentage: 0.4799083699131939 First Eig Val: 1.2796211437465473e-16 First Gap: 0.3798601706185209 Largest Gap: 0.3798601706185209 Number of Clusters:1
start:1 iteration:2
CellsA: 1453 CellsB: 81
MutsA: 391 MutsB: 74
Using SNV kernel only
Jump Percentage: 0.7839739278254748 First Eig Val: 2.932466179877023e-16 First Gap: 0.5451779428887719 Largest Gap: 0.5451779428887719 Number of Clusters:1
start:1 iteration:3
CellsA: 1501 CellsB: 33
MutsA: 391 MutsB: 74
Using SNV kernel only
Jump Percentage: 0.7839739278254748 First Eig Val: 2.932466179877023e-16 First Gap: 0.5451779428887719 Largest Gap: 0.5451779428887719 Number of Clusters:1
adding tree to internal list:
Clonal Tree 0 
[(0, 1)] 
Loss Nodes:0
Node: 0 Cells: 1501 Muts: 391 LostMuts: 0
Node: 1 Cells: 229 Muts: 74 LostMuts: 0
Total Cells: 1730 Total Muts: 465
Using SNV kernel only
Jump Percentage: 0.31638236643594436 First Eig Val: -2.1781722036008878e-15 First Gap: 0.36438398331093896 Largest Gap: 0.36438398331093896 Number of Clusters:1
start:2 iteration:0
CellsA: 1426 CellsB: 108
MutsA: 400 MutsB: 65
Using SNV kernel only
Jump Percentage: 0.6848709683917863 First Eig Val: -1.8152372133962237e-15 First Gap: 0.6449194000014231 Largest Gap: 0.6449194000014231 Number of Clusters:1
start:2 iteration:1
CellsA: 1516 CellsB: 18
MutsA: 400 MutsB: 65
Using SNV kernel only
Jump Percentage: 0.6848709683917863 First Eig Val: -1.8152372133962237e-15 First Gap: 0.6449194000014231 Largest Gap: 0.6449194000014231 Number of Clusters:1
adding tree to internal list:
Clonal Tree 0 
[(0, 1)] 
Loss Nodes:0
Node: 0 Cells: 1516 Muts: 400 LostMuts: 0
Node: 1 Cells: 214 Muts: 65 LostMuts: 0
Total Cells: 1730 Total Muts: 465
adding tree to candidate list:
Clonal Tree 0 
[(0, 1)] 
Loss Nodes:0
Node: 0 Cells: 1499 Muts: 392 LostMuts: 0
Node: 1 Cells: 231 Muts: 73 LostMuts: 0
Total Cells: 1730 Total Muts: 465
Normalized Likelihood: -0.7527280743069152
Using SNV kernel only
Jump Percentage: 0.3452193665304576 First Eig Val: 1.9812724661332246e-15 First Gap: 0.38644799713556793 Largest Gap: 0.38644799713556793 Number of Clusters:1
start:0 iteration:0
CellsA: 1409 CellsB: 90
MutsA: 387 MutsB: 78
Using SNV kernel only
Jump Percentage: 0.32879331867015443 First Eig Val: -2.0535976289607303e-15 First Gap: 0.6681901846851823 Largest Gap: 0.6681901846851823 Number of Clusters:1
start:0 iteration:1
CellsA: 1398 CellsB: 101
MutsA: 386 MutsB: 79
Using SNV kernel only
Jump Percentage: 0.3088706205673118 First Eig Val: 1.500757765541274e-15 First Gap: 0.670566490851309 Largest Gap: 0.670566490851309 Number of Clusters:1
start:0 iteration:2
CellsA: 1399 CellsB: 100
MutsA: 386 MutsB: 79
Using SNV kernel only
Jump Percentage: 0.3088706205673118 First Eig Val: 1.500757765541274e-15 First Gap: 0.670566490851309 Largest Gap: 0.670566490851309 Number of Clusters:1
adding tree to internal list:
Clonal Tree 0 
[(0, 1)] 
Loss Nodes:0
Node: 0 Cells: 1399 Muts: 386 LostMuts: 0
Node: 1 Cells: 331 Muts: 79 LostMuts: 0
Total Cells: 1730 Total Muts: 465
Using SNV kernel only
Jump Percentage: 0.2662877609125609 First Eig Val: 8.860714620533694e-16 First Gap: 0.3910131584264828 Largest Gap: 0.3910131584264828 Number of Clusters:1
start:1 iteration:0
CellsA: 676 CellsB: 823
MutsA: 200 MutsB: 265
Using SNV kernel only
Jump Percentage: 0.190033853362552 First Eig Val: 3.360528714073673e-16 First Gap: 0.40700498758681214 Largest Gap: 0.40700498758681214 Number of Clusters:1
start:1 iteration:1
CellsA: 674 CellsB: 825
MutsA: 198 MutsB: 267
Using SNV kernel only
Jump Percentage: 0.19564736662776397 First Eig Val: -1.782052506072503e-15 First Gap: 0.4053265363163535 Largest Gap: 0.4053265363163535 Number of Clusters:1
start:1 iteration:2
CellsA: 1115 CellsB: 384
MutsA: 314 MutsB: 151
Using SNV kernel only
Jump Percentage: 0.5515134720732882 First Eig Val: -2.5612751665665044e-16 First Gap: 0.4109234909780667 Largest Gap: 0.4109234909780667 Number of Clusters:1
start:1 iteration:3
CellsA: 1432 CellsB: 67
MutsA: 387 MutsB: 78
Using SNV kernel only
Jump Percentage: 0.7210651779701489 First Eig Val: -4.030889704674681e-15 First Gap: 0.6236484651855809 Largest Gap: 0.6236484651855809 Number of Clusters:1
start:1 iteration:4
CellsA: 1478 CellsB: 21
MutsA: 387 MutsB: 78
Using SNV kernel only
Jump Percentage: 0.7210651779701489 First Eig Val: -4.030889704674681e-15 First Gap: 0.6236484651855809 Largest Gap: 0.6236484651855809 Number of Clusters:1
adding tree to internal list:
Clonal Tree 0 
[(0, 1)] 
Loss Nodes:0
Node: 0 Cells: 1478 Muts: 387 LostMuts: 0
Node: 1 Cells: 252 Muts: 78 LostMuts: 0
Total Cells: 1730 Total Muts: 465
Using SNV kernel only
Jump Percentage: 0.30923718275854895 First Eig Val: 1.8960058779542578e-16 First Gap: 0.3716785958951812 Largest Gap: 0.3716785958951812 Number of Clusters:1
start:2 iteration:0
CellsA: 1398 CellsB: 101
MutsA: 387 MutsB: 78
Using SNV kernel only
Jump Percentage: 0.6927561824311514 First Eig Val: -5.851672323662572e-16 First Gap: 0.6447690352793461 Largest Gap: 0.6447690352793461 Number of Clusters:1
start:2 iteration:1
CellsA: 1481 CellsB: 18
MutsA: 389 MutsB: 76
Using SNV kernel only
Jump Percentage: 0.6808136742894124 First Eig Val: 8.130257523272346e-16 First Gap: 0.6527642419047907 Largest Gap: 0.6527642419047907 Number of Clusters:1
start:2 iteration:2
CellsA: 1482 CellsB: 17
MutsA: 389 MutsB: 76
Using SNV kernel only
Jump Percentage: 0.6808136742894124 First Eig Val: 8.130257523272346e-16 First Gap: 0.6527642419047907 Largest Gap: 0.6527642419047907 Number of Clusters:1
adding tree to internal list:
Clonal Tree 0 
[(0, 1)] 
Loss Nodes:0
Node: 0 Cells: 1482 Muts: 389 LostMuts: 0
Node: 1 Cells: 248 Muts: 76 LostMuts: 0
Total Cells: 1730 Total Muts: 465
adding tree to candidate list:
Clonal Tree 0 
[(0, 1)] 
Loss Nodes:0
Node: 0 Cells: 1399 Muts: 386 LostMuts: 0
Node: 1 Cells: 331 Muts: 79 LostMuts: 0
Total Cells: 1730 Total Muts: 465
Normalized Likelihood: -0.6972729828991024
Using SNV kernel only
Jump Percentage: 0.3210061846873814 First Eig Val: 5.209063399777033e-16 First Gap: 0.39958816683682497 Largest Gap: 0.39958816683682497 Number of Clusters:1
start:0 iteration:0
CellsA: 703 CellsB: 696
MutsA: 210 MutsB: 255
Using SNV kernel only
Jump Percentage: 0.3289909270309097 First Eig Val: -8.072754392085879e-16 First Gap: 0.408679481175514 Largest Gap: 0.408679481175514 Number of Clusters:1
start:0 iteration:1
CellsA: 1073 CellsB: 326
MutsA: 316 MutsB: 149
Using SNV kernel only
Jump Percentage: 0.6219575610428684 First Eig Val: 1.6800839216482777e-15 First Gap: 0.4003677166272609 Largest Gap: 0.4003677166272609 Number of Clusters:1
start:0 iteration:2
CellsA: 1335 CellsB: 64
MutsA: 379 MutsB: 86
Using SNV kernel only
Jump Percentage: 0.9604719074770925 First Eig Val: 1.1134756311426155e-16 First Gap: 0.604228375789391 Largest Gap: 0.604228375789391 Number of Clusters:1
start:0 iteration:3
CellsA: 1379 CellsB: 20
MutsA: 379 MutsB: 86
Using SNV kernel only
Jump Percentage: 0.9604719074770925 First Eig Val: 1.1134756311426155e-16 First Gap: 0.604228375789391 Largest Gap: 0.604228375789391 Number of Clusters:1
adding tree to internal list:
Clonal Tree 0 
[(0, 1)] 
Loss Nodes:0
Node: 0 Cells: 1379 Muts: 379 LostMuts: 0
Node: 1 Cells: 351 Muts: 86 LostMuts: 0
Total Cells: 1730 Total Muts: 465
Using SNV kernel only
Jump Percentage: 0.38069344856185877 First Eig Val: 1.983198721625677e-16 First Gap: 0.38482521548461057 Largest Gap: 0.38482521548461057 Number of Clusters:1
start:1 iteration:0
CellsA: 1312 CellsB: 87
MutsA: 384 MutsB: 81
Using SNV kernel only
Jump Percentage: 0.9630488178973736 First Eig Val: 2.7893329808068242e-15 First Gap: 0.7845619079682197 Largest Gap: 0.7845619079682197 Number of Clusters:1
start:1 iteration:1
CellsA: 1302 CellsB: 97
MutsA: 379 MutsB: 86
Using SNV kernel only
Jump Percentage: 0.9477331469761804 First Eig Val: 1.2428607228183499e-15 First Gap: 0.7877517605448632 Largest Gap: 0.7877517605448632 Number of Clusters:1
start:1 iteration:2
CellsA: 1294 CellsB: 105
MutsA: 377 MutsB: 88
Using SNV kernel only
Jump Percentage: 0.8765228172903137 First Eig Val: -1.0363975167461528e-15 First Gap: 0.7883969044927811 Largest Gap: 0.7883969044927811 Number of Clusters:1
start:1 iteration:3
CellsA: 1292 CellsB: 107
MutsA: 377 MutsB: 88
Using SNV kernel only
Jump Percentage: 0.8765228172903137 First Eig Val: -1.0363975167461528e-15 First Gap: 0.7883969044927811 Largest Gap: 0.7883969044927811 Number of Clusters:1
adding tree to internal list:
Clonal Tree 0 
[(0, 1)] 
Loss Nodes:0
Node: 0 Cells: 1292 Muts: 377 LostMuts: 0
Node: 1 Cells: 438 Muts: 88 LostMuts: 0
Total Cells: 1730 Total Muts: 465
Using SNV kernel only
Jump Percentage: 0.3996057284917343 First Eig Val: 1.8934659537089642e-16 First Gap: 0.38644402260557287 Largest Gap: 0.38644402260557287 Number of Clusters:1
start:2 iteration:0
CellsA: 1313 CellsB: 86
MutsA: 380 MutsB: 85
Using SNV kernel only
Jump Percentage: 0.9632591611118573 First Eig Val: 5.143455106271242e-16 First Gap: 0.5600478526935349 Largest Gap: 0.5600478526935349 Number of Clusters:1
start:2 iteration:1
CellsA: 1376 CellsB: 23
MutsA: 380 MutsB: 85
Using SNV kernel only
Jump Percentage: 0.9632591611118573 First Eig Val: 5.143455106271242e-16 First Gap: 0.5600478526935349 Largest Gap: 0.5600478526935349 Number of Clusters:1
adding tree to internal list:
Clonal Tree 0 
[(0, 1)] 
Loss Nodes:0
Node: 0 Cells: 1376 Muts: 380 LostMuts: 0
Node: 1 Cells: 354 Muts: 85 LostMuts: 0
Total Cells: 1730 Total Muts: 465
adding tree to candidate list:
Clonal Tree 1 
[(0, 1)] 
Loss Nodes:0
Node: 0 Cells: 1292 Muts: 377 LostMuts: 0
Node: 1 Cells: 438 Muts: 88 LostMuts: 0
Total Cells: 1730 Total Muts: 465
Normalized Likelihood: -0.6569333190569686
Using SNV kernel only
Jump Percentage: 0.38463375366186214 First Eig Val: -2.581151600347743e-15 First Gap: 0.412642907126723 Largest Gap: 0.412642907126723 Number of Clusters:1
start:0 iteration:0
CellsA: 1231 CellsB: 61
MutsA: 376 MutsB: 89
Using SNV kernel only
Jump Percentage: 0.9770460844641662 First Eig Val: 2.318180866459918e-15 First Gap: 0.9226846819110316 Largest Gap: 0.9226846819110316 Number of Clusters:1
start:0 iteration:1
CellsA: 1286 CellsB: 6
MutsA: 375 MutsB: 90
Using SNV kernel only
Jump Percentage: 0.9728925945452169 First Eig Val: -6.130943056839256e-16 First Gap: 0.9229228089726127 Largest Gap: 0.9229228089726127 Number of Clusters:1
start:0 iteration:2
CellsA: 1285 CellsB: 7
MutsA: 374 MutsB: 91
Using SNV kernel only
Jump Percentage: 0.9050199251556872 First Eig Val: -1.2150164916390295e-15 First Gap: 0.9226024261829645 Largest Gap: 0.9226024261829645 Number of Clusters:1
start:0 iteration:3
CellsA: 1284 CellsB: 8
MutsA: 373 MutsB: 92
Using SNV kernel only
Jump Percentage: 0.8936898844133683 First Eig Val: 2.628538774577818e-15 First Gap: 0.889905737213764 Largest Gap: 0.889905737213764 Number of Clusters:1
start:0 iteration:4
CellsA: 1276 CellsB: 16
MutsA: 371 MutsB: 94
Using SNV kernel only
Jump Percentage: 0.9019462974388568 First Eig Val: -5.483454131299121e-16 First Gap: 0.830863226385738 Largest Gap: 0.830863226385738 Number of Clusters:1
start:0 iteration:5
CellsA: 1272 CellsB: 20
MutsA: 370 MutsB: 95
Using SNV kernel only
Jump Percentage: 0.9005004496931533 First Eig Val: 1.8200395990395807e-15 First Gap: 0.8318484466454321 Largest Gap: 0.8318484466454321 Number of Clusters:1
start:0 iteration:6
CellsA: 1269 CellsB: 23
MutsA: 370 MutsB: 95
Using SNV kernel only
Jump Percentage: 0.9005004496931533 First Eig Val: 1.8200395990395807e-15 First Gap: 0.8318484466454321 Largest Gap: 0.8318484466454321 Number of Clusters:1
adding tree to internal list:
Clonal Tree 0 
[(0, 1)] 
Loss Nodes:0
Node: 0 Cells: 1269 Muts: 370 LostMuts: 0
Node: 1 Cells: 461 Muts: 95 LostMuts: 0
Total Cells: 1730 Total Muts: 465
Using SNV kernel only
Jump Percentage: 0.35360816043015825 First Eig Val: -1.7001938748515801e-16 First Gap: 0.4103783432066626 Largest Gap: 0.4103783432066626 Number of Clusters:1
start:1 iteration:0
CellsA: 663 CellsB: 629
MutsA: 215 MutsB: 250
Using SNV kernel only
Jump Percentage: 0.32640679006529444 First Eig Val: 8.454513531076827e-17 First Gap: 0.4145538830978027 Largest Gap: 0.4145538830978027 Number of Clusters:1
start:1 iteration:1
CellsA: 1010 CellsB: 282
MutsA: 318 MutsB: 147
Using SNV kernel only
Jump Percentage: 0.6499540605461362 First Eig Val: -1.4829514027349438e-15 First Gap: 0.43152105101188204 Largest Gap: 0.43152105101188204 Number of Clusters:1
start:1 iteration:2
CellsA: 1245 CellsB: 47
MutsA: 368 MutsB: 97
Using SNV kernel only
Jump Percentage: 0.8664984451714527 First Eig Val: 6.5919492087118995e-16 First Gap: 0.5442245095764799 Largest Gap: 0.5442245095764799 Number of Clusters:1
start:1 iteration:3
CellsA: 1270 CellsB: 22
MutsA: 368 MutsB: 97
Using SNV kernel only
Jump Percentage: 0.8664984451714527 First Eig Val: 6.5919492087118995e-16 First Gap: 0.5442245095764799 Largest Gap: 0.5442245095764799 Number of Clusters:1
adding tree to internal list:
Clonal Tree 0 
[(0, 1)] 
Loss Nodes:0
Node: 0 Cells: 1270 Muts: 368 LostMuts: 0
Node: 1 Cells: 460 Muts: 97 LostMuts: 0
Total Cells: 1730 Total Muts: 465
Using SNV kernel only
Jump Percentage: 0.43454822334433585 First Eig Val: -1.4287859585550218e-15 First Gap: 0.41151629851056704 Largest Gap: 0.41151629851056704 Number of Clusters:1
start:2 iteration:0
CellsA: 1231 CellsB: 61
MutsA: 373 MutsB: 92
Using SNV kernel only
Jump Percentage: 0.9743228217385649 First Eig Val: -1.6575282812958433e-15 First Gap: 0.7502666345766625 Largest Gap: 0.7502666345766625 Number of Clusters:1
start:2 iteration:1
CellsA: 1276 CellsB: 16
MutsA: 373 MutsB: 92
Using SNV kernel only
Jump Percentage: 0.9743228217385649 First Eig Val: -1.6575282812958433e-15 First Gap: 0.7502666345766625 Largest Gap: 0.7502666345766625 Number of Clusters:1
adding tree to internal list:
Clonal Tree 0 
[(0, 1)] 
Loss Nodes:0
Node: 0 Cells: 1276 Muts: 373 LostMuts: 0
Node: 1 Cells: 454 Muts: 92 LostMuts: 0
Total Cells: 1730 Total Muts: 465
adding tree to candidate list:
Clonal Tree 0 
[(0, 1)] 
Loss Nodes:0
Node: 0 Cells: 1269 Muts: 370 LostMuts: 0
Node: 1 Cells: 461 Muts: 95 LostMuts: 0
Total Cells: 1730 Total Muts: 465
Normalized Likelihood: -0.6463482474699177
Using SNV kernel only
Jump Percentage: 0.3684747710392069 First Eig Val: 2.8706915541817847e-16 First Gap: 0.42829366221669657 Largest Gap: 0.42829366221669657 Number of Clusters:1
start:0 iteration:0
CellsA: 673 CellsB: 596
MutsA: 209 MutsB: 256
Using SNV kernel only
Jump Percentage: 0.3415428913898047 First Eig Val: 1.6691334941818352e-15 First Gap: 0.4257113085061454 Largest Gap: 0.4257113085061454 Number of Clusters:1
start:0 iteration:1
CellsA: 663 CellsB: 606
MutsA: 207 MutsB: 258
Using SNV kernel only
Jump Percentage: 0.34457392197424785 First Eig Val: -4.490893776866036e-16 First Gap: 0.42402798974950257 Largest Gap: 0.42402798974950257 Number of Clusters:1
start:0 iteration:2
CellsA: 661 CellsB: 608
MutsA: 207 MutsB: 258
Using SNV kernel only
Jump Percentage: 0.34457392197424785 First Eig Val: -4.490893776866036e-16 First Gap: 0.42402798974950257 Largest Gap: 0.42402798974950257 Number of Clusters:1
adding tree to internal list:
Clonal Tree 0 
[(0, 1)] 
Loss Nodes:0
Node: 0 Cells: 661 Muts: 207 LostMuts: 0
Node: 1 Cells: 1069 Muts: 258 LostMuts: 0
Total Cells: 1730 Total Muts: 465
Using SNV kernel only
Jump Percentage: 0.3917879022562839 First Eig Val: -5.871275789702824e-16 First Gap: 0.4184211773307885 Largest Gap: 0.4184211773307885 Number of Clusters:1
start:1 iteration:0
CellsA: 1209 CellsB: 60
MutsA: 367 MutsB: 98
Using SNV kernel only
Jump Percentage: 0.9748773021173193 First Eig Val: -1.0191500421363763e-15 First Gap: 0.7708433080510337 Largest Gap: 0.7708433080510337 Number of Clusters:1
start:1 iteration:1
CellsA: 1256 CellsB: 13
MutsA: 367 MutsB: 98
Using SNV kernel only
Jump Percentage: 0.9748773021173193 First Eig Val: -1.0191500421363763e-15 First Gap: 0.7708433080510337 Largest Gap: 0.7708433080510337 Number of Clusters:1
adding tree to internal list:
Clonal Tree 0 
[(0, 1)] 
Loss Nodes:0
Node: 0 Cells: 1256 Muts: 367 LostMuts: 0
Node: 1 Cells: 474 Muts: 98 LostMuts: 0
Total Cells: 1730 Total Muts: 465
Using SNV kernel only
Jump Percentage: 0.3678232825780788 First Eig Val: 2.0309248790655045e-15 First Gap: 0.4271199034265282 Largest Gap: 0.4271199034265282 Number of Clusters:1
start:2 iteration:0
CellsA: 1216 CellsB: 53
MutsA: 369 MutsB: 96
Using SNV kernel only
Jump Percentage: 0.9999999999999932 First Eig Val: 2.1018343315804036e-15 First Gap: 0.7428485390047395 Largest Gap: 0.7428485390047395 Number of Clusters:1
start:2 iteration:1
CellsA: 1261 CellsB: 8
MutsA: 369 MutsB: 96
Using SNV kernel only
Jump Percentage: 0.9999999999999932 First Eig Val: 2.1018343315804036e-15 First Gap: 0.7428485390047395 Largest Gap: 0.7428485390047395 Number of Clusters:1
adding tree to internal list:
Clonal Tree 0 
[(0, 1)] 
Loss Nodes:0
Node: 0 Cells: 1261 Muts: 369 LostMuts: 0
Node: 1 Cells: 469 Muts: 96 LostMuts: 0
Total Cells: 1730 Total Muts: 465
adding tree to candidate list:
Clonal Tree 0 
[(0, 1)] 
Loss Nodes:0
Node: 0 Cells: 661 Muts: 207 LostMuts: 0
Node: 1 Cells: 1069 Muts: 258 LostMuts: 0
Total Cells: 1730 Total Muts: 465
Normalized Likelihood: -0.5334045865968322
Clonal Tree 0 
[(0, 1)] 
Loss Nodes:0
Node: 0 Cells: 1534 Muts: 404 LostMuts: 0
Node: 1 Cells: 196 Muts: 61 LostMuts: 0
Total Cells: 1730 Total Muts: 465
Normalized Likelihood: -0.7614561646815042
Clonal Tree 1 
[(0, 1)] 
Loss Nodes:0
Node: 0 Cells: 1499 Muts: 392 LostMuts: 0
Node: 1 Cells: 231 Muts: 73 LostMuts: 0
Total Cells: 1730 Total Muts: 465
Normalized Likelihood: -0.7527280743069152
Clonal Tree 2 
[(0, 1)] 
Loss Nodes:0
Node: 0 Cells: 1399 Muts: 386 LostMuts: 0
Node: 1 Cells: 331 Muts: 79 LostMuts: 0
Total Cells: 1730 Total Muts: 465
Normalized Likelihood: -0.6972729828991024
Clonal Tree 3 
[(0, 1)] 
Loss Nodes:0
Node: 0 Cells: 1292 Muts: 377 LostMuts: 0
Node: 1 Cells: 438 Muts: 88 LostMuts: 0
Total Cells: 1730 Total Muts: 465
Normalized Likelihood: -0.6569333190569686
Clonal Tree 4 
[(0, 1)] 
Loss Nodes:0
Node: 0 Cells: 1269 Muts: 370 LostMuts: 0
Node: 1 Cells: 461 Muts: 95 LostMuts: 0
Total Cells: 1730 Total Muts: 465
Normalized Likelihood: -0.6463482474699177
Clonal Tree 5 
[(0, 1)] 
Loss Nodes:0
Node: 0 Cells: 661 Muts: 207 LostMuts: 0
Node: 1 Cells: 1069 Muts: 258 LostMuts: 0
Total Cells: 1730 Total Muts: 465
Normalized Likelihood: -0.5334045865968322
linear split norm likelihood best tree
Clonal Tree 5 
[(0, 1)] 
Loss Nodes:0
Node: 0 Cells: 661 Muts: 207 LostMuts: 0
Node: 1 Cells: 1069 Muts: 258 LostMuts: 0
Total Cells: 1730 Total Muts: 465
Sprouted tree:
Clonal Tree 5 
[(0, 1)] 
Loss Nodes:0
Node: 0 Cells: 661 Muts: 207 LostMuts: 0
Node: 1 Cells: 1069 Muts: 258 LostMuts: 0
Total Cells: 1730 Total Muts: 465
Cells: 1069 Muts: 258 Ancestral Muts: 936 
Number of subproblems remaining: 2
func:'planting' args:[(<phertilizer.Phertilizer object at 0x7ffa300a92e0>, deque([])), {}] took: 1713.1822 sec
Planting phase complete!

Starting grow phase....
Clonal Tree 0 
[(0, 1), (0, 2)] 
Loss Nodes:0
Node: 0 Cells: 0 Muts: 729 LostMuts: 0
Node: 1 Cells: 2930 Muts: 292 LostMuts: 0
Node: 2 Cells: 1730 Muts: 465 LostMuts: 0
Total Cells: 4660 Total Muts: 1486
Clonal Tree 5 
[(0, 1)] 
Loss Nodes:0
Node: 0 Cells: 661 Muts: 207 LostMuts: 0
Node: 1 Cells: 1069 Muts: 258 LostMuts: 0
Total Cells: 1730 Total Muts: 465
1486
1486
1486
Clonal Tree 0 
[(0, 1), (0, 2), (2, 3)] 
Loss Nodes:0
Node: 0 Cells: 0 Muts: 729 LostMuts: 0
Node: 1 Cells: 2930 Muts: 292 LostMuts: 0
Node: 2 Cells: 661 Muts: 207 LostMuts: 0
Node: 3 Cells: 1069 Muts: 258 LostMuts: 0
Total Cells: 4660 Total Muts: 1486
Clonal Tree 0 
[(0, 1), (0, 2), (2, 3)] 
Loss Nodes:0
Node: 0 Cells: 0 Muts: 729 LostMuts: 0
Node: 1 Cells: 2930 Muts: 292 LostMuts: 0
Node: 2 Cells: 661 Muts: 207 LostMuts: 0
Node: 3 Cells: 1069 Muts: 258 LostMuts: 0
Total Cells: 4660 Total Muts: 1486
Clonal Tree 2 
[(0, 1)] 
Loss Nodes:0
Node: 0 Cells: 915 Muts: 447 LostMuts: 0
Node: 1 Cells: 3745 Muts: 1039 LostMuts: 0
Total Cells: 4660 Total Muts: 1486
Clonal Tree 0 
[(0, 1), (0, 2)] 
Loss Nodes:0
Node: 0 Cells: 0 Muts: 416 LostMuts: 0
Node: 1 Cells: 2015 Muts: 210 LostMuts: 0
Node: 2 Cells: 1730 Muts: 413 LostMuts: 0
Total Cells: 3745 Total Muts: 1039
1486
1486
1486
Clonal Tree 2 
[(0, 1), (1, 2), (1, 3)] 
Loss Nodes:0
Node: 0 Cells: 915 Muts: 447 LostMuts: 0
Node: 1 Cells: 0 Muts: 416 LostMuts: 0
Node: 2 Cells: 2015 Muts: 210 LostMuts: 0
Node: 3 Cells: 1730 Muts: 413 LostMuts: 0
Total Cells: 4660 Total Muts: 1486
Clonal Tree 2 
[(0, 1), (1, 2), (1, 3)] 
Loss Nodes:0
Node: 0 Cells: 915 Muts: 447 LostMuts: 0
Node: 1 Cells: 0 Muts: 416 LostMuts: 0
Node: 2 Cells: 2015 Muts: 210 LostMuts: 0
Node: 3 Cells: 1730 Muts: 413 LostMuts: 0
Total Cells: 4660 Total Muts: 1486
Clonal Tree 2 
[(0, 1)] 
Loss Nodes:0
Node: 0 Cells: 915 Muts: 447 LostMuts: 0
Node: 1 Cells: 3745 Muts: 1039 LostMuts: 0
Total Cells: 4660 Total Muts: 1486
Clonal Tree 1 
[(0, 1)] 
Loss Nodes:0
Node: 0 Cells: 916 Muts: 230 LostMuts: 0
Node: 1 Cells: 2829 Muts: 809 LostMuts: 0
Total Cells: 3745 Total Muts: 1039
1486
1486
1486
Clonal Tree 2 
[(0, 1), (1, 2)] 
Loss Nodes:0
Node: 0 Cells: 915 Muts: 447 LostMuts: 0
Node: 1 Cells: 916 Muts: 230 LostMuts: 0
Node: 2 Cells: 2829 Muts: 809 LostMuts: 0
Total Cells: 4660 Total Muts: 1486
Clonal Tree 2 
[(0, 1), (1, 2)] 
Loss Nodes:0
Node: 0 Cells: 915 Muts: 447 LostMuts: 0
Node: 1 Cells: 916 Muts: 230 LostMuts: 0
Node: 2 Cells: 2829 Muts: 809 LostMuts: 0
Total Cells: 4660 Total Muts: 1486
Clonal Tree 3 
[(0, 1), (1, 2), (1, 3)] 
Loss Nodes:0
Node: 0 Cells: 915 Muts: 447 LostMuts: 0
Node: 1 Cells: 0 Muts: 416 LostMuts: 0
Node: 2 Cells: 2015 Muts: 210 LostMuts: 0
Node: 3 Cells: 1730 Muts: 413 LostMuts: 0
Total Cells: 4660 Total Muts: 1486
Clonal Tree 2 
[(0, 1)] 
Loss Nodes:0
Node: 0 Cells: 725 Muts: 179 LostMuts: 0
Node: 1 Cells: 1005 Muts: 234 LostMuts: 0
Total Cells: 1730 Total Muts: 413
1486
1486
1486
Clonal Tree 3 
[(0, 1), (1, 2), (1, 3), (3, 4)] 
Loss Nodes:0
Node: 0 Cells: 915 Muts: 447 LostMuts: 0
Node: 1 Cells: 0 Muts: 416 LostMuts: 0
Node: 2 Cells: 2015 Muts: 210 LostMuts: 0
Node: 3 Cells: 725 Muts: 179 LostMuts: 0
Node: 4 Cells: 1005 Muts: 234 LostMuts: 0
Total Cells: 4660 Total Muts: 1486
Clonal Tree 3 
[(0, 1), (1, 2), (1, 3), (3, 4)] 
Loss Nodes:0
Node: 0 Cells: 915 Muts: 447 LostMuts: 0
Node: 1 Cells: 0 Muts: 416 LostMuts: 0
Node: 2 Cells: 2015 Muts: 210 LostMuts: 0
Node: 3 Cells: 725 Muts: 179 LostMuts: 0
Node: 4 Cells: 1005 Muts: 234 LostMuts: 0
Total Cells: 4660 Total Muts: 1486
Clonal Tree 4 
[(0, 1), (1, 2)] 
Loss Nodes:0
Node: 0 Cells: 915 Muts: 447 LostMuts: 0
Node: 1 Cells: 916 Muts: 230 LostMuts: 0
Node: 2 Cells: 2829 Muts: 809 LostMuts: 0
Total Cells: 4660 Total Muts: 1486
Clonal Tree 0 
[(0, 1), (0, 2)] 
Loss Nodes:0
Node: 0 Cells: 0 Muts: 215 LostMuts: 0
Node: 1 Cells: 1099 Muts: 207 LostMuts: 0
Node: 2 Cells: 1730 Muts: 387 LostMuts: 0
Total Cells: 2829 Total Muts: 809
1486
1486
1486
Clonal Tree 4 
[(0, 1), (1, 2), (2, 3), (2, 4)] 
Loss Nodes:0
Node: 0 Cells: 915 Muts: 447 LostMuts: 0
Node: 1 Cells: 916 Muts: 230 LostMuts: 0
Node: 2 Cells: 0 Muts: 215 LostMuts: 0
Node: 3 Cells: 1099 Muts: 207 LostMuts: 0
Node: 4 Cells: 1730 Muts: 387 LostMuts: 0
Total Cells: 4660 Total Muts: 1486
Clonal Tree 4 
[(0, 1), (1, 2), (2, 3), (2, 4)] 
Loss Nodes:0
Node: 0 Cells: 915 Muts: 447 LostMuts: 0
Node: 1 Cells: 916 Muts: 230 LostMuts: 0
Node: 2 Cells: 0 Muts: 215 LostMuts: 0
Node: 3 Cells: 1099 Muts: 207 LostMuts: 0
Node: 4 Cells: 1730 Muts: 387 LostMuts: 0
Total Cells: 4660 Total Muts: 1486
Clonal Tree 4 
[(0, 1), (1, 2)] 
Loss Nodes:0
Node: 0 Cells: 915 Muts: 447 LostMuts: 0
Node: 1 Cells: 916 Muts: 230 LostMuts: 0
Node: 2 Cells: 2829 Muts: 809 LostMuts: 0
Total Cells: 4660 Total Muts: 1486
Clonal Tree 2 
[(0, 1)] 
Loss Nodes:0
Node: 0 Cells: 793 Muts: 332 LostMuts: 0
Node: 1 Cells: 2036 Muts: 477 LostMuts: 0
Total Cells: 2829 Total Muts: 809
1486
1486
1486
Clonal Tree 4 
[(0, 1), (1, 2), (2, 3)] 
Loss Nodes:0
Node: 0 Cells: 915 Muts: 447 LostMuts: 0
Node: 1 Cells: 916 Muts: 230 LostMuts: 0
Node: 2 Cells: 793 Muts: 332 LostMuts: 0
Node: 3 Cells: 2036 Muts: 477 LostMuts: 0
Total Cells: 4660 Total Muts: 1486
Clonal Tree 4 
[(0, 1), (1, 2), (2, 3)] 
Loss Nodes:0
Node: 0 Cells: 915 Muts: 447 LostMuts: 0
Node: 1 Cells: 916 Muts: 230 LostMuts: 0
Node: 2 Cells: 793 Muts: 332 LostMuts: 0
Node: 3 Cells: 2036 Muts: 477 LostMuts: 0
Total Cells: 4660 Total Muts: 1486
Clonal Tree 6 
[(0, 1), (1, 2), (2, 3), (2, 4)] 
Loss Nodes:0
Node: 0 Cells: 915 Muts: 447 LostMuts: 0
Node: 1 Cells: 916 Muts: 230 LostMuts: 0
Node: 2 Cells: 0 Muts: 215 LostMuts: 0
Node: 3 Cells: 1099 Muts: 207 LostMuts: 0
Node: 4 Cells: 1730 Muts: 387 LostMuts: 0
Total Cells: 4660 Total Muts: 1486
Clonal Tree 1 
[(0, 1)] 
Loss Nodes:0
Node: 0 Cells: 759 Muts: 166 LostMuts: 0
Node: 1 Cells: 971 Muts: 221 LostMuts: 0
Total Cells: 1730 Total Muts: 387
1486
1486
1486
Clonal Tree 6 
[(0, 1), (1, 2), (2, 3), (2, 4), (4, 5)] 
Loss Nodes:0
Node: 0 Cells: 915 Muts: 447 LostMuts: 0
Node: 1 Cells: 916 Muts: 230 LostMuts: 0
Node: 2 Cells: 0 Muts: 215 LostMuts: 0
Node: 3 Cells: 1099 Muts: 207 LostMuts: 0
Node: 4 Cells: 759 Muts: 166 LostMuts: 0
Node: 5 Cells: 971 Muts: 221 LostMuts: 0
Total Cells: 4660 Total Muts: 1486
Clonal Tree 6 
[(0, 1), (1, 2), (2, 3), (2, 4), (4, 5)] 
Loss Nodes:0
Node: 0 Cells: 915 Muts: 447 LostMuts: 0
Node: 1 Cells: 916 Muts: 230 LostMuts: 0
Node: 2 Cells: 0 Muts: 215 LostMuts: 0
Node: 3 Cells: 1099 Muts: 207 LostMuts: 0
Node: 4 Cells: 759 Muts: 166 LostMuts: 0
Node: 5 Cells: 971 Muts: 221 LostMuts: 0
Total Cells: 4660 Total Muts: 1486
func:'grow' args:[(<phertilizer.Phertilizer object at 0x7ffa300a92e0>,), {}] took: 0.0263 sec
Growing phase complete!

Identifying the maximum likelihood k-clonal tree....
Finding the maximum likelihood tree out of 9 trees....
Clonal Tree 0 
[(0, 1), (0, 2)] 
Loss Nodes:0
Node: 0 Cells: 0 Muts: 729 LostMuts: 0
Node: 1 Cells: 2930 Muts: 292 LostMuts: 0
Node: 2 Cells: 1730 Muts: 465 LostMuts: 0
Total Cells: 4660 Total Muts: 1486

Tree: 0 LogLikelihood: 3225640.037857494
Variant LogLikelihood: -52475.159213739214 
RDR LogLikelihood: 3278115.197071233

Clonal Tree 1 
[(0, 1), (0, 2), (2, 3)] 
Loss Nodes:0
Node: 0 Cells: 0 Muts: 729 LostMuts: 0
Node: 1 Cells: 2930 Muts: 292 LostMuts: 0
Node: 2 Cells: 661 Muts: 207 LostMuts: 0
Node: 3 Cells: 1069 Muts: 258 LostMuts: 0
Total Cells: 4660 Total Muts: 1486

Tree: 1 LogLikelihood: 3227739.056206056
Variant LogLikelihood: -50376.14086517696 
RDR LogLikelihood: 3278115.1970712324

Clonal Tree 2 
[(0, 1)] 
Loss Nodes:0
Node: 0 Cells: 915 Muts: 447 LostMuts: 0
Node: 1 Cells: 3745 Muts: 1039 LostMuts: 0
Total Cells: 4660 Total Muts: 1486

Tree: 2 LogLikelihood: 2554295.0441486733
Variant LogLikelihood: -62522.485593479236 
RDR LogLikelihood: 2616817.5297421524

Clonal Tree 3 
[(0, 1), (1, 2), (1, 3)] 
Loss Nodes:0
Node: 0 Cells: 915 Muts: 447 LostMuts: 0
Node: 1 Cells: 0 Muts: 416 LostMuts: 0
Node: 2 Cells: 2015 Muts: 210 LostMuts: 0
Node: 3 Cells: 1730 Muts: 413 LostMuts: 0
Total Cells: 4660 Total Muts: 1486

Tree: 3 LogLikelihood: 3417055.170170443
Variant LogLikelihood: -48811.14120193768 
RDR LogLikelihood: 3465866.3113723807

Clonal Tree 4 
[(0, 1), (1, 2)] 
Loss Nodes:0
Node: 0 Cells: 915 Muts: 447 LostMuts: 0
Node: 1 Cells: 916 Muts: 230 LostMuts: 0
Node: 2 Cells: 2829 Muts: 809 LostMuts: 0
Total Cells: 4660 Total Muts: 1486

Tree: 4 LogLikelihood: 2948038.991284869
Variant LogLikelihood: -52337.54126977836 
RDR LogLikelihood: 3000376.5325546474

Clonal Tree 5 
[(0, 1), (1, 2), (1, 3), (3, 4)] 
Loss Nodes:0
Node: 0 Cells: 915 Muts: 447 LostMuts: 0
Node: 1 Cells: 0 Muts: 416 LostMuts: 0
Node: 2 Cells: 2015 Muts: 210 LostMuts: 0
Node: 3 Cells: 725 Muts: 179 LostMuts: 0
Node: 4 Cells: 1005 Muts: 234 LostMuts: 0
Total Cells: 4660 Total Muts: 1486

Tree: 5 LogLikelihood: 3419242.726268783
Variant LogLikelihood: -46623.58510359738 
RDR LogLikelihood: 3465866.3113723802

Clonal Tree 6 
[(0, 1), (1, 2), (2, 3), (2, 4)] 
Loss Nodes:0
Node: 0 Cells: 915 Muts: 447 LostMuts: 0
Node: 1 Cells: 916 Muts: 230 LostMuts: 0
Node: 2 Cells: 0 Muts: 215 LostMuts: 0
Node: 3 Cells: 1099 Muts: 207 LostMuts: 0
Node: 4 Cells: 1730 Muts: 387 LostMuts: 0
Total Cells: 4660 Total Muts: 1486

Tree: 6 LogLikelihood: 3891341.2734333337
Variant LogLikelihood: -44067.5860892135 
RDR LogLikelihood: 3935408.859522547

Clonal Tree 7 
[(0, 1), (1, 2), (2, 3)] 
Loss Nodes:0
Node: 0 Cells: 915 Muts: 447 LostMuts: 0
Node: 1 Cells: 916 Muts: 230 LostMuts: 0
Node: 2 Cells: 793 Muts: 332 LostMuts: 0
Node: 3 Cells: 2036 Muts: 477 LostMuts: 0
Total Cells: 4660 Total Muts: 1486

Tree: 7 LogLikelihood: 1889272.7373993944
Variant LogLikelihood: -49791.21736636939 
RDR LogLikelihood: 1939063.954765764

Clonal Tree 8 
[(0, 1), (1, 2), (2, 3), (2, 4), (4, 5)] 
Loss Nodes:0
Node: 0 Cells: 915 Muts: 447 LostMuts: 0
Node: 1 Cells: 916 Muts: 230 LostMuts: 0
Node: 2 Cells: 0 Muts: 215 LostMuts: 0
Node: 3 Cells: 1099 Muts: 207 LostMuts: 0
Node: 4 Cells: 759 Muts: 166 LostMuts: 0
Node: 5 Cells: 971 Muts: 221 LostMuts: 0
Total Cells: 4660 Total Muts: 1486

Tree: 8 LogLikelihood: 3893442.36576928
Variant LogLikelihood: -41966.49375326642 
RDR LogLikelihood: 3935408.8595225466

\Phertilizer Tree....
Clonal Tree 8 
[(0, 1), (1, 2), (2, 3), (2, 4), (4, 5)] 
Loss Nodes:0
Node: 0 Cells: 915 Muts: 447 LostMuts: 0
Node: 1 Cells: 916 Muts: 230 LostMuts: 0
Node: 2 Cells: 0 Muts: 215 LostMuts: 0
Node: 3 Cells: 1099 Muts: 207 LostMuts: 0
Node: 4 Cells: 759 Muts: 166 LostMuts: 0
Node: 5 Cells: 971 Muts: 221 LostMuts: 0
Total Cells: 4660 Total Muts: 1486
Saving files.....
Thanks for planting a tree! See you later, friend.
