/scratch/data/leah/phertilizer/src/branching_split.py:108: RuntimeWarning: invalid value encountered in true_divide
  tmb = mut_var_count_by_cell/mut_total_reads_by_cell
/scratch/data/leah/phertilizer/src/branching_split.py:108: RuntimeWarning: invalid value encountered in true_divide
  tmb = mut_var_count_by_cell/mut_total_reads_by_cell
/scratch/data/leah/phertilizer/src/branching_split.py:108: RuntimeWarning: invalid value encountered in true_divide
  tmb = mut_var_count_by_cell/mut_total_reads_by_cell
/scratch/data/leah/phertilizer/src/branching_split.py:108: RuntimeWarning: invalid value encountered in true_divide
  tmb = mut_var_count_by_cell/mut_total_reads_by_cell
/scratch/data/leah/phertilizer/src/branching_split.py:108: RuntimeWarning: invalid value encountered in true_divide
  tmb = mut_var_count_by_cell/mut_total_reads_by_cell
/scratch/data/leah/phertilizer/src/branching_split.py:108: RuntimeWarning: invalid value encountered in true_divide
  tmb = mut_var_count_by_cell/mut_total_reads_by_cell
INFO:root:Mb Count a: 2.2711823258072346 Mb Count b: 5.814193548387097
/scratch/data/leah/phertilizer/src/linear_split.py:251: RuntimeWarning: invalid value encountered in true_divide
  tmb = mb_mut_count/mb_tot_count
INFO:root:Mb Count a: 0.13109978150036417 Mb Count b: 4.0606451612903225
INFO:root:Mb Count a: 2.310755037630493 Mb Count b: 5.781935483870968
/scratch/data/leah/phertilizer/src/linear_split.py:251: RuntimeWarning: invalid value encountered in true_divide
  tmb = mb_mut_count/mb_tot_count
INFO:root:Mb Count a: 0.13109978150036417 Mb Count b: 4.0606451612903225
INFO:root:Mb Count a: 2.349113862588007 Mb Count b: 5.694193548387097
/scratch/data/leah/phertilizer/src/linear_split.py:251: RuntimeWarning: invalid value encountered in true_divide
  tmb = mb_mut_count/mb_tot_count
INFO:root:Mb Count a: 0.13109978150036417 Mb Count b: 4.0606451612903225
INFO:root:Mb Count a: 1.0523089497343685 Mb Count b: 2.672846889952153
INFO:root:Mb Count a: 0.1438496117695137 Mb Count b: 3.027511961722488
INFO:root:Mb Count a: 1.1377196567225174 Mb Count b: 2.6303827751196174
INFO:root:Mb Count a: 0.1438496117695137 Mb Count b: 3.027511961722488
INFO:root:Mb Count a: 1.0678381691867593 Mb Count b: 2.659688995215311
INFO:root:Mb Count a: 0.1438496117695137 Mb Count b: 3.027511961722488
INFO:root:Mb Count a: 0.017716535433070866 Mb Count b: 0.20732336255801959
INFO:root:Mb Count a: 0.011811023622047244 Mb Count b: 3.885507993811243
INFO:root:Mb Count a: 0.011811023622047244 Mb Count b: 0.23207839092315627
INFO:root:Mb Count a: 0.011811023622047244 Mb Count b: 3.885507993811243
INFO:root:Mb Count a: 0.003937007874015748 Mb Count b: 0.20474471376998452
INFO:root:Mb Count a: 0.011811023622047244 Mb Count b: 3.885507993811243
/scratch/data/leah/phertilizer/src/branching_split.py:108: RuntimeWarning: invalid value encountered in true_divide
  tmb = mut_var_count_by_cell/mut_total_reads_by_cell
/scratch/data/leah/phertilizer/src/branching_split.py:108: RuntimeWarning: invalid value encountered in true_divide
  tmb = mut_var_count_by_cell/mut_total_reads_by_cell
/scratch/data/leah/phertilizer/src/branching_split.py:108: RuntimeWarning: invalid value encountered in true_divide
  tmb = mut_var_count_by_cell/mut_total_reads_by_cell
/scratch/data/leah/phertilizer/src/branching_split.py:108: RuntimeWarning: invalid value encountered in true_divide
  tmb = mut_var_count_by_cell/mut_total_reads_by_cell
INFO:root:Mb Count a: 1.6914981999446137 Mb Count b: 5.192258064516129
/scratch/data/leah/phertilizer/src/linear_split.py:251: RuntimeWarning: invalid value encountered in true_divide
  tmb = mb_mut_count/mb_tot_count
INFO:root:Mb Count a: 0.0850180005538632 Mb Count b: 3.8270967741935484
INFO:root:Mb Count a: 1.7346995292162837 Mb Count b: 5.109677419354838
/scratch/data/leah/phertilizer/src/linear_split.py:251: RuntimeWarning: invalid value encountered in true_divide
  tmb = mb_mut_count/mb_tot_count
INFO:root:Mb Count a: 0.0850180005538632 Mb Count b: 3.8270967741935484
INFO:root:Mb Count a: 1.7684851841595126 Mb Count b: 5.156129032258065
/scratch/data/leah/phertilizer/src/linear_split.py:251: RuntimeWarning: invalid value encountered in true_divide
  tmb = mb_mut_count/mb_tot_count
INFO:root:Mb Count a: 0.0850180005538632 Mb Count b: 3.8270967741935484
INFO:root:Mb Count a: 0.705002578648788 Mb Count b: 1.770933014354067
INFO:root:Mb Count a: 0.10624033006704486 Mb Count b: 2.7697368421052633
INFO:root:Mb Count a: 0.7364620938628159 Mb Count b: 1.770933014354067
INFO:root:Mb Count a: 0.10624033006704486 Mb Count b: 2.7697368421052633
INFO:root:Mb Count a: 0.6838576585869005 Mb Count b: 1.7511961722488039
INFO:root:Mb Count a: 0.10624033006704486 Mb Count b: 2.7697368421052633
INFO:root:Mb Count a: 1.2131398013750956 Mb Count b: 3.238095238095238
INFO:root:Mb Count a: 0.0 Mb Count b: 1.438095238095238
INFO:root:Mb Count a: 0.1879232505643341 Mb Count b: 2.281437125748503
INFO:root:Mb Count a: 0.13745892661555312 Mb Count b: 2.309734513274336
INFO:root:Mb Count a: 0.11941112322791712 Mb Count b: 2.257142857142857
INFO:root:Mb Count a: 0.11825613079019073 Mb Count b: 2.2596153846153846
INFO:root:Mb Count a: 0.11825613079019073 Mb Count b: 2.2596153846153846
INFO:root:Mb Count a: 0.7443609022556391 Mb Count b: 2.7142857142857144
INFO:root:Mb Count a: 0.0 Mb Count b: 1.6082130965593784
INFO:root:Mb Count a: 0.0 Mb Count b: 1.685466377440347
INFO:root:Mb Count a: 0.0 Mb Count b: 1.6926406926406927
INFO:root:Mb Count a: 0.0 Mb Count b: 1.6926406926406927
INFO:root:Mb Count a: 0.8271461716937355 Mb Count b: 2.85422469823584
INFO:root:Mb Count a: 0.0 Mb Count b: 1.5758293838862558
INFO:root:Mb Count a: 0.0 Mb Count b: 1.6815578465063001
INFO:root:Mb Count a: 0.0 Mb Count b: 1.7006802721088434
INFO:root:Mb Count a: 0.0 Mb Count b: 1.7006802721088434
INFO:root:Mb Count a: 1.0053285968028418 Mb Count b: 2.988716502115656
INFO:root:Mb Count a: 0.0 Mb Count b: 1.2526997840172787
INFO:root:Mb Count a: 0.0 Mb Count b: 1.3109756097560976
INFO:root:Mb Count a: 0.0 Mb Count b: 1.348697394789579
INFO:root:Mb Count a: 0.0 Mb Count b: 1.348697394789579
INFO:root:Mb Count a: 1.1010928961748634 Mb Count b: 3.2048846675712346
INFO:root:Mb Count a: 0.0 Mb Count b: 1.3219315895372235
INFO:root:Mb Count a: 0.0 Mb Count b: 1.4083175803402646
INFO:root:Mb Count a: 0.0 Mb Count b: 1.4283054003724396
INFO:root:Mb Count a: 0.0 Mb Count b: 1.4370370370370371
INFO:root:Mb Count a: 0.0 Mb Count b: 1.4370370370370371
INFO:root:Mb Count a: 0.7150837988826816 Mb Count b: 2.7551385165326185
INFO:root:Mb Count a: 0.35471698113207545 Mb Count b: 2.2784313725490195
INFO:root:Mb Count a: 0.0 Mb Count b: 1.4242424242424243
INFO:root:Mb Count a: 0.1600765306122449 Mb Count b: 1.9176029962546817
INFO:root:Mb Count a: 0.0 Mb Count b: 1.4135135135135135
INFO:root:Mb Count a: 0.0 Mb Count b: 1.4101876675603218
INFO:root:Mb Count a: 0.0 Mb Count b: 1.4101876675603218
INFO:root:Mb Count a: 1.2483474976392823 Mb Count b: 3.2779156327543424
INFO:root:Mb Count a: 0.0 Mb Count b: 1.1450381679389312
INFO:root:Mb Count a: 0.0 Mb Count b: 1.1450381679389312
INFO:root:Mb Count a: 1.0196078431372548 Mb Count b: 2.966386554621849
INFO:root:Mb Count a: 0.0 Mb Count b: 1.2109826589595376
INFO:root:Mb Count a: 0.0 Mb Count b: 1.2234957020057307
INFO:root:Mb Count a: 0.0 Mb Count b: 1.2234957020057307
INFO:root:Mb Count a: 1.1636363636363636 Mb Count b: 3.270718232044199
INFO:root:Mb Count a: 0.0 Mb Count b: 1.102189781021898
INFO:root:Mb Count a: 0.0 Mb Count b: 1.1538461538461537
INFO:root:Mb Count a: 0.0 Mb Count b: 1.1538461538461537
INFO:root:Mb Count a: 0.9427570093457944 Mb Count b: 2.774736842105263
INFO:root:Mb Count a: 0.0 Mb Count b: 1.1435897435897435
INFO:root:Mb Count a: 0.0 Mb Count b: 1.1479591836734695
INFO:root:Mb Count a: 0.0 Mb Count b: 1.1479591836734695
INFO:root:Mb Count a: 0.8880866425992779 Mb Count b: 2.71
INFO:root:Mb Count a: 0.0 Mb Count b: 1.1645569620253164
INFO:root:Mb Count a: 0.0 Mb Count b: 1.217573221757322
INFO:root:Mb Count a: 0.0 Mb Count b: 1.217573221757322
INFO:root:Mb Count a: 0.7503782148260212 Mb Count b: 2.6283582089552238
INFO:root:Mb Count a: 0.0 Mb Count b: 1.3723653395784543
INFO:root:Mb Count a: 0.0 Mb Count b: 1.3853427895981087
INFO:root:Mb Count a: 0.0 Mb Count b: 1.3853427895981087
/scratch/data/leah/phertilizer/src/linear_split.py:251: RuntimeWarning: invalid value encountered in true_divide
  tmb = mb_mut_count/mb_tot_count
INFO:root:Mb Count a: 0.8579088471849866 Mb Count b: 2.683804627249357
INFO:root:Mb Count a: 0.0 Mb Count b: 1.2079207920792079
INFO:root:Mb Count a: 0.0 Mb Count b: 1.2167487684729064
INFO:root:Mb Count a: 0.0 Mb Count b: 1.2167487684729064
INFO:root:Mb Count a: 0.9949874686716792 Mb Count b: 2.916913946587537
INFO:root:Mb Count a: 0.0 Mb Count b: 1.1290322580645162
INFO:root:Mb Count a: 0.0 Mb Count b: 1.1507936507936507
INFO:root:Mb Count a: 0.0 Mb Count b: 1.1507936507936507
INFO:root:Mb Count a: 0.9381720430107527 Mb Count b: 2.833759590792839
INFO:root:Mb Count a: 0.0 Mb Count b: 1.1615384615384616
INFO:root:Mb Count a: 0.0 Mb Count b: 1.1615384615384616
INFO:root:Mb Count a: 0.7693574958813838 Mb Count b: 2.3542713567839195
INFO:root:Mb Count a: 0.0 Mb Count b: 1.1666666666666667
INFO:root:Mb Count a: 0.0 Mb Count b: 1.2
INFO:root:Mb Count a: 0.0 Mb Count b: 1.2
INFO:root:Mb Count a: 0.6953405017921147 Mb Count b: 2.447427293064877
INFO:root:Mb Count a: 0.0 Mb Count b: 1.2899628252788105
INFO:root:Mb Count a: 0.0 Mb Count b: 1.3011152416356877
INFO:root:Mb Count a: 0.8387096774193549 Mb Count b: 2.6177884615384617
INFO:root:Mb Count a: 0.0 Mb Count b: 1.2364532019704433
INFO:root:Mb Count a: 0.0 Mb Count b: 1.2364532019704433
/scratch/data/leah/phertilizer/src/branching_split.py:108: RuntimeWarning: invalid value encountered in true_divide
  tmb = mut_var_count_by_cell/mut_total_reads_by_cell
/scratch/data/leah/phertilizer/src/branching_split.py:108: RuntimeWarning: invalid value encountered in true_divide
  tmb = mut_var_count_by_cell/mut_total_reads_by_cell
/scratch/data/leah/phertilizer/src/branching_split.py:108: RuntimeWarning: invalid value encountered in true_divide
  tmb = mut_var_count_by_cell/mut_total_reads_by_cell
/scratch/data/leah/phertilizer/src/branching_split.py:108: RuntimeWarning: invalid value encountered in true_divide
  tmb = mut_var_count_by_cell/mut_total_reads_by_cell
/scratch/data/leah/phertilizer/src/linear_split.py:251: RuntimeWarning: invalid value encountered in true_divide
  tmb = mb_mut_count/mb_tot_count
INFO:root:Mb Count a: 0.8673801768264309 Mb Count b: 3.3767741935483873
/scratch/data/leah/phertilizer/src/linear_split.py:251: RuntimeWarning: invalid value encountered in true_divide
  tmb = mb_mut_count/mb_tot_count
INFO:root:Mb Count a: 0.012563983248022336 Mb Count b: 3.5393548387096776
INFO:root:Mb Count a: 0.8506281991624011 Mb Count b: 3.294193548387097
/scratch/data/leah/phertilizer/src/linear_split.py:251: RuntimeWarning: invalid value encountered in true_divide
  tmb = mb_mut_count/mb_tot_count
INFO:root:Mb Count a: 0.012563983248022336 Mb Count b: 3.5393548387096776
/scratch/data/leah/phertilizer/src/linear_split.py:251: RuntimeWarning: invalid value encountered in true_divide
  tmb = mb_mut_count/mb_tot_count
INFO:root:Mb Count a: 0.9395067473243369 Mb Count b: 3.3548387096774195
/scratch/data/leah/phertilizer/src/linear_split.py:251: RuntimeWarning: invalid value encountered in true_divide
  tmb = mb_mut_count/mb_tot_count
INFO:root:Mb Count a: 0.012563983248022336 Mb Count b: 3.5393548387096776
/scratch/data/leah/phertilizer/src/linear_split.py:251: RuntimeWarning: invalid value encountered in true_divide
  tmb = mb_mut_count/mb_tot_count
INFO:root:Mb Count a: 0.05660377358490566 Mb Count b: 0.11543062200956938
INFO:root:Mb Count a: 0.012578616352201259 Mb Count b: 2.229665071770335
/scratch/data/leah/phertilizer/src/linear_split.py:251: RuntimeWarning: invalid value encountered in true_divide
  tmb = mb_mut_count/mb_tot_count
INFO:root:Mb Count a: 0.016771488469601678 Mb Count b: 0.1118421052631579
INFO:root:Mb Count a: 0.012578616352201259 Mb Count b: 2.229665071770335
/scratch/data/leah/phertilizer/src/linear_split.py:251: RuntimeWarning: invalid value encountered in true_divide
  tmb = mb_mut_count/mb_tot_count
INFO:root:Mb Count a: 0.03773584905660377 Mb Count b: 0.11961722488038277
INFO:root:Mb Count a: 0.012578616352201259 Mb Count b: 2.229665071770335
