Input data:
    chr  mutation_id  cell_id base  var  total
0  chr4            0      227    C    0      1
1  chr4            0      412    C    0      1
2  chr4            0      501    C    0      1
3  chr4            0      713    C    0      1
4  chr4            0      800    C    1      1
Phertilizer is running in infinite sites mode...

Starting tilling phase....
func:'till' args:[(<phertilizer.Phertilizer object at 0x7ff886668790>, 0.0, 0.0, 5, 0.001, 12, False, 1.0, 0.15), {}] took: 26.0926 sec
Tilling phase complete!
Phertilizing a tree with n:4971 cells and m: 2400 SNVs

Starting planting phase....
Starting k-clonal tree inference for seed:
Cells: 4971 Muts: 2400 Ancestral Muts: 0 
Sprouting seed:
Cells: 4971 Muts: 2400 Ancestral Muts: 0 
Sprouting a branching tree from seed ...
(Generator(PCG64) at 0x7FF884FAFF20,)
Jump Percentage: 0.9898066043018117 First Eig Val: -7.486312403148416e-16 First Gap: 2.0097312652732062e-16 Largest Gap: 0.7642130069544313 Number of Clusters:3
CellsA: 4203 CellsB: 768
MutsA: 679 mutsB: 1027
Jump Percentage: 0.9236233552229365 First Eig Val: -2.949769971575258e-16 First Gap: 1.5021172017577274e-16 Largest Gap: 0.6941600025832887 Number of Clusters:3
CellsA: 3314 CellsB: 1657
MutsA: 631 mutsB: 1212
Jump Percentage: 0.9864204164626926 First Eig Val: -5.212626865492731e-16 First Gap: 5.697277183796243e-16 Largest Gap: 0.6891175928741315 Number of Clusters:3
CellsA: 4203 CellsB: 768
MutsA: 679 mutsB: 1027
Jump Percentage: 0.9236233552229365 First Eig Val: -2.949769971575258e-16 First Gap: 1.5021172017577274e-16 Largest Gap: 0.6941600025832887 Number of Clusters:3
CellsA: 3314 CellsB: 1657
MutsA: 631 mutsB: 1212
Jump Percentage: 0.9864204164626926 First Eig Val: -5.212626865492731e-16 First Gap: 5.697277183796243e-16 Largest Gap: 0.6891175928741315 Number of Clusters:3
CellsA: 4203 CellsB: 768
MutsA: 679 mutsB: 1027
Jump Percentage: 0.9236233552229365 First Eig Val: -2.949769971575258e-16 First Gap: 1.5021172017577274e-16 Largest Gap: 0.6941600025832887 Number of Clusters:3
CellsA: 3314 CellsB: 1657
MutsA: 631 mutsB: 1212
Jump Percentage: 0.9864204164626926 First Eig Val: -5.212626865492731e-16 First Gap: 5.697277183796243e-16 Largest Gap: 0.6891175928741315 Number of Clusters:3
CellsA: 4203 CellsB: 768
MutsA: 679 mutsB: 1027
Jump Percentage: 0.9236233552229365 First Eig Val: -2.949769971575258e-16 First Gap: 1.5021172017577274e-16 Largest Gap: 0.6941600025832887 Number of Clusters:3
CellsA: 3314 CellsB: 1657
MutsA: 631 mutsB: 1212
Jump Percentage: 0.9864204164626926 First Eig Val: -5.212626865492731e-16 First Gap: 5.697277183796243e-16 Largest Gap: 0.6891175928741315 Number of Clusters:3
CellsA: 4203 CellsB: 768
MutsA: 679 mutsB: 1027
Jump Percentage: 0.9236233552229365 First Eig Val: -2.949769971575258e-16 First Gap: 1.5021172017577274e-16 Largest Gap: 0.6941600025832887 Number of Clusters:3
CellsA: 3314 CellsB: 1657
MutsA: 631 mutsB: 1212
Clonal Tree 0 
[(0, 1), (0, 2)] 
Loss Nodes:0
Node: 0 Cells: 0 Muts: 557 LostMuts: 0
Node: 1 Cells: 3314 Muts: 631 LostMuts: 0
Node: 2 Cells: 1657 Muts: 1212 LostMuts: 0
Total Cells: 4971 Total Muts: 2400
Jump Percentage: 0.9859233747462488 First Eig Val: -6.294842230498426e-16 First Gap: 7.438950473125761e-16 Largest Gap: 0.7614814428088555 Number of Clusters:3
CellsA: 1657 CellsB: 3314
MutsA: 1212 mutsB: 631
Jump Percentage: 0.9864204164626926 First Eig Val: -5.212626865492731e-16 First Gap: 5.697277183796243e-16 Largest Gap: 0.6891175928741315 Number of Clusters:3
CellsA: 768 CellsB: 4203
MutsA: 1027 mutsB: 679
Jump Percentage: 0.9236233552229365 First Eig Val: -2.949769971575258e-16 First Gap: 1.5021172017577274e-16 Largest Gap: 0.6941600025832887 Number of Clusters:3
CellsA: 1657 CellsB: 3314
MutsA: 1212 mutsB: 631
Jump Percentage: 0.9864204164626926 First Eig Val: -5.212626865492731e-16 First Gap: 5.697277183796243e-16 Largest Gap: 0.6891175928741315 Number of Clusters:3
CellsA: 768 CellsB: 4203
MutsA: 1027 mutsB: 679
Jump Percentage: 0.9236233552229365 First Eig Val: -2.949769971575258e-16 First Gap: 1.5021172017577274e-16 Largest Gap: 0.6941600025832887 Number of Clusters:3
CellsA: 1657 CellsB: 3314
MutsA: 1212 mutsB: 631
Jump Percentage: 0.9864204164626926 First Eig Val: -5.212626865492731e-16 First Gap: 5.697277183796243e-16 Largest Gap: 0.6891175928741315 Number of Clusters:3
CellsA: 768 CellsB: 4203
MutsA: 1027 mutsB: 679
Jump Percentage: 0.9236233552229365 First Eig Val: -2.949769971575258e-16 First Gap: 1.5021172017577274e-16 Largest Gap: 0.6941600025832887 Number of Clusters:3
CellsA: 1657 CellsB: 3314
MutsA: 1212 mutsB: 631
Jump Percentage: 0.9864204164626926 First Eig Val: -5.212626865492731e-16 First Gap: 5.697277183796243e-16 Largest Gap: 0.6891175928741315 Number of Clusters:3
CellsA: 768 CellsB: 4203
MutsA: 1027 mutsB: 679
Jump Percentage: 0.9236233552229365 First Eig Val: -2.949769971575258e-16 First Gap: 1.5021172017577274e-16 Largest Gap: 0.6941600025832887 Number of Clusters:3
CellsA: 1657 CellsB: 3314
MutsA: 1212 mutsB: 631
Jump Percentage: 0.9864204164626926 First Eig Val: -5.212626865492731e-16 First Gap: 5.697277183796243e-16 Largest Gap: 0.6891175928741315 Number of Clusters:3
CellsA: 768 CellsB: 4203
MutsA: 1027 mutsB: 679
Clonal Tree 0 
[(0, 1), (0, 2)] 
Loss Nodes:0
Node: 0 Cells: 0 Muts: 694 LostMuts: 0
Node: 1 Cells: 768 Muts: 1027 LostMuts: 0
Node: 2 Cells: 4203 Muts: 679 LostMuts: 0
Total Cells: 4971 Total Muts: 2400
Jump Percentage: 0.9964007168287657 First Eig Val: -1.0559005740939074e-15 First Gap: 5.96423180589063e-16 Largest Gap: 0.7616760743619456 Number of Clusters:3
CellsA: 4203 CellsB: 768
MutsA: 679 mutsB: 1027
Jump Percentage: 0.9236233552229365 First Eig Val: -2.949769971575258e-16 First Gap: 1.5021172017577274e-16 Largest Gap: 0.6941600025832887 Number of Clusters:3
CellsA: 3314 CellsB: 1657
MutsA: 631 mutsB: 1212
Jump Percentage: 0.9864204164626926 First Eig Val: -5.212626865492731e-16 First Gap: 5.697277183796243e-16 Largest Gap: 0.6891175928741315 Number of Clusters:3
CellsA: 4203 CellsB: 768
MutsA: 679 mutsB: 1027
Jump Percentage: 0.9236233552229365 First Eig Val: -2.949769971575258e-16 First Gap: 1.5021172017577274e-16 Largest Gap: 0.6941600025832887 Number of Clusters:3
CellsA: 3314 CellsB: 1657
MutsA: 631 mutsB: 1212
Jump Percentage: 0.9864204164626926 First Eig Val: -5.212626865492731e-16 First Gap: 5.697277183796243e-16 Largest Gap: 0.6891175928741315 Number of Clusters:3
CellsA: 4203 CellsB: 768
MutsA: 679 mutsB: 1027
Jump Percentage: 0.9236233552229365 First Eig Val: -2.949769971575258e-16 First Gap: 1.5021172017577274e-16 Largest Gap: 0.6941600025832887 Number of Clusters:3
CellsA: 3314 CellsB: 1657
MutsA: 631 mutsB: 1212
Jump Percentage: 0.9864204164626926 First Eig Val: -5.212626865492731e-16 First Gap: 5.697277183796243e-16 Largest Gap: 0.6891175928741315 Number of Clusters:3
CellsA: 4203 CellsB: 768
MutsA: 679 mutsB: 1027
Jump Percentage: 0.9236233552229365 First Eig Val: -2.949769971575258e-16 First Gap: 1.5021172017577274e-16 Largest Gap: 0.6941600025832887 Number of Clusters:3
CellsA: 3314 CellsB: 1657
MutsA: 631 mutsB: 1212
Jump Percentage: 0.9864204164626926 First Eig Val: -5.212626865492731e-16 First Gap: 5.697277183796243e-16 Largest Gap: 0.6891175928741315 Number of Clusters:3
CellsA: 4203 CellsB: 768
MutsA: 679 mutsB: 1027
Jump Percentage: 0.9236233552229365 First Eig Val: -2.949769971575258e-16 First Gap: 1.5021172017577274e-16 Largest Gap: 0.6941600025832887 Number of Clusters:3
CellsA: 3314 CellsB: 1657
MutsA: 631 mutsB: 1212
Clonal Tree 0 
[(0, 1), (0, 2)] 
Loss Nodes:0
Node: 0 Cells: 0 Muts: 557 LostMuts: 0
Node: 1 Cells: 3314 Muts: 631 LostMuts: 0
Node: 2 Cells: 1657 Muts: 1212 LostMuts: 0
Total Cells: 4971 Total Muts: 2400
Finding the maximum likelihood tree out of 3 trees....
Clonal Tree 0 
[(0, 1), (0, 2)] 
Loss Nodes:0
Node: 0 Cells: 0 Muts: 557 LostMuts: 0
Node: 1 Cells: 3314 Muts: 631 LostMuts: 0
Node: 2 Cells: 1657 Muts: 1212 LostMuts: 0
Total Cells: 4971 Total Muts: 2400

Tree: 0 LogLikelihood: 7959864.441501584
Variant LogLikelihood: -73369.02943479289 
RDR LogLikelihood: 8033233.470936377

Clonal Tree 1 
[(0, 1), (0, 2)] 
Loss Nodes:0
Node: 0 Cells: 0 Muts: 694 LostMuts: 0
Node: 1 Cells: 768 Muts: 1027 LostMuts: 0
Node: 2 Cells: 4203 Muts: 679 LostMuts: 0
Total Cells: 4971 Total Muts: 2400

Tree: 1 LogLikelihood: 7942955.983170629
Variant LogLikelihood: -93733.1146913568 
RDR LogLikelihood: 8036689.097861985

Clonal Tree 2 
[(0, 1), (0, 2)] 
Loss Nodes:0
Node: 0 Cells: 0 Muts: 557 LostMuts: 0
Node: 1 Cells: 3314 Muts: 631 LostMuts: 0
Node: 2 Cells: 1657 Muts: 1212 LostMuts: 0
Total Cells: 4971 Total Muts: 2400

Tree: 2 LogLikelihood: 7959864.441501584
Variant LogLikelihood: -73369.02943479289 
RDR LogLikelihood: 8033233.470936377

Sprouted tree:
Clonal Tree 0 
[(0, 1), (0, 2)] 
Loss Nodes:0
Node: 0 Cells: 0 Muts: 557 LostMuts: 0
Node: 1 Cells: 3314 Muts: 631 LostMuts: 0
Node: 2 Cells: 1657 Muts: 1212 LostMuts: 0
Total Cells: 4971 Total Muts: 2400
Cells: 3314 Muts: 631 Ancestral Muts: 557 
Cells: 1657 Muts: 1212 Ancestral Muts: 557 
Sprouting seed:
Cells: 4971 Muts: 2400 Ancestral Muts: 0 
Sprouting a linear tree from seed ...
Jump Percentage: 0.8849821150030758 First Eig Val: -7.015835518750593e-16 First Gap: 4.479701341493845e-16 Largest Gap: 0.6471618354709273 Number of Clusters:3
start:0 iteration:0
CellsA: 3314 CellsB: 1657
MutsA: 1037 MutsB: 1363
Jump Percentage: 0.7928657387522574 First Eig Val: -4.73608560213203e-16 First Gap: 6.664021015783669e-16 Largest Gap: 0.6410550662484704 Number of Clusters:3
adding tree to internal list:
Clonal Tree 0 
[(0, 1)] 
Loss Nodes:0
Node: 0 Cells: 3314 Muts: 1037 LostMuts: 0
Node: 1 Cells: 1657 Muts: 1363 LostMuts: 0
Total Cells: 4971 Total Muts: 2400
Jump Percentage: 0.9449533787744487 First Eig Val: -3.227397443190249e-16 First Gap: 4.69673513293342e-17 Largest Gap: 0.6694328225808396 Number of Clusters:3
start:1 iteration:0
CellsA: 4203 CellsB: 768
MutsA: 1285 MutsB: 1115
Jump Percentage: 0.9999999999985502 First Eig Val: -5.617852635512923e-16 First Gap: 1.5897257615188961e-15 Largest Gap: 0.7030082521310794 Number of Clusters:3
start:1 iteration:1
CellsA: 4082 CellsB: 889
MutsA: 1224 MutsB: 1176
Jump Percentage: 0.9999999999829033 First Eig Val: 6.355282446691769e-17 First Gap: 2.1204831207806847e-17 Largest Gap: 0.6671617811814631 Number of Clusters:3
adding tree to internal list:
Clonal Tree 0 
[(0, 1)] 
Loss Nodes:0
Node: 0 Cells: 4082 Muts: 1224 LostMuts: 0
Node: 1 Cells: 889 Muts: 1176 LostMuts: 0
Total Cells: 4971 Total Muts: 2400
Jump Percentage: 0.8934791296157252 First Eig Val: -7.001777384699457e-17 First Gap: 7.715415340805779e-17 Largest Gap: 0.7099014694004595 Number of Clusters:3
start:2 iteration:0
CellsA: 4203 CellsB: 768
MutsA: 1285 MutsB: 1115
Jump Percentage: 0.9999999999985502 First Eig Val: -5.617852635512923e-16 First Gap: 1.5897257615188961e-15 Largest Gap: 0.7030082521310794 Number of Clusters:3
start:2 iteration:1
CellsA: 4082 CellsB: 889
MutsA: 1224 MutsB: 1176
Jump Percentage: 0.9999999999829033 First Eig Val: 6.355282446691769e-17 First Gap: 2.1204831207806847e-17 Largest Gap: 0.6671617811814631 Number of Clusters:3
adding tree to internal list:
Clonal Tree 0 
[(0, 1)] 
Loss Nodes:0
Node: 0 Cells: 4082 Muts: 1224 LostMuts: 0
Node: 1 Cells: 889 Muts: 1176 LostMuts: 0
Total Cells: 4971 Total Muts: 2400
adding tree to candidate list:
Clonal Tree 0 
[(0, 1)] 
Loss Nodes:0
Node: 0 Cells: 3314 Muts: 1037 LostMuts: 0
Node: 1 Cells: 1657 Muts: 1363 LostMuts: 0
Total Cells: 4971 Total Muts: 2400
Normalized Likelihood: -0.5574578633382111
Using SNV kernel only
Jump Percentage: 0.12667980866592668 First Eig Val: -2.4947161560291877e-15 First Gap: 0.7702691370971497 Largest Gap: 0.7702691370971497 Number of Clusters:1
start:0 iteration:0
CellsA: 2512 CellsB: 802
MutsA: 881 MutsB: 1519
Using SNV kernel only
Jump Percentage: 0.05173837342454465 First Eig Val: -1.3432745640779411e-15 First Gap: 0.6850683699386623 Largest Gap: 0.6850683699386623 Number of Clusters:1
start:0 iteration:1
CellsA: 2903 CellsB: 411
MutsA: 903 MutsB: 1497
Using SNV kernel only
Jump Percentage: 0.04012468937981503 First Eig Val: 2.531665641413264e-16 First Gap: 0.6514809063669884 Largest Gap: 0.6514809063669884 Number of Clusters:1
start:0 iteration:2
CellsA: 2835 CellsB: 479
MutsA: 903 MutsB: 1497
Using SNV kernel only
Jump Percentage: 0.04201722641036786 First Eig Val: 5.87745258796654e-15 First Gap: 0.6728054261990026 Largest Gap: 0.6728054261990026 Number of Clusters:1
start:0 iteration:3
CellsA: 2747 CellsB: 567
MutsA: 901 MutsB: 1499
Using SNV kernel only
Jump Percentage: 0.042451172435704 First Eig Val: 1.7296641805395235e-15 First Gap: 0.6719470226237162 Largest Gap: 0.6719470226237162 Number of Clusters:1
start:0 iteration:4
CellsA: 2829 CellsB: 485
MutsA: 901 MutsB: 1499
Using SNV kernel only
Jump Percentage: 0.042451172435704 First Eig Val: 1.7296641805395235e-15 First Gap: 0.6719470226237162 Largest Gap: 0.6719470226237162 Number of Clusters:1
Using SNV kernel only
Jump Percentage: 0.13626914996473377 First Eig Val: -2.6093764382313408e-15 First Gap: 0.7814636720120256 Largest Gap: 0.7814636720120256 Number of Clusters:1
start:1 iteration:0
CellsA: 2588 CellsB: 726
MutsA: 891 MutsB: 1509
Using SNV kernel only
Jump Percentage: 0.05116247518322554 First Eig Val: 4.1320475715592145e-15 First Gap: 0.6878910444541614 Largest Gap: 0.6878910444541614 Number of Clusters:1
start:1 iteration:1
CellsA: 2839 CellsB: 475
MutsA: 902 MutsB: 1498
Using SNV kernel only
Jump Percentage: 0.04244829677238161 First Eig Val: -7.405719417842989e-16 First Gap: 0.6735472590086963 Largest Gap: 0.6735472590086963 Number of Clusters:1
start:1 iteration:2
CellsA: 2829 CellsB: 485
MutsA: 903 MutsB: 1497
Using SNV kernel only
Jump Percentage: 0.042107443335646505 First Eig Val: -2.170572693840745e-16 First Gap: 0.673047561610171 Largest Gap: 0.673047561610171 Number of Clusters:1
Using SNV kernel only
Jump Percentage: 0.1292525664919103 First Eig Val: -3.969659391176504e-15 First Gap: 0.7512848911210546 Largest Gap: 0.7512848911210546 Number of Clusters:1
start:2 iteration:0
CellsA: 2397 CellsB: 917
MutsA: 877 MutsB: 1523
Using SNV kernel only
Jump Percentage: 0.05037050487620817 First Eig Val: -3.899209025845312e-15 First Gap: 0.6630768590391307 Largest Gap: 0.6630768590391307 Number of Clusters:1
start:2 iteration:1
CellsA: 2711 CellsB: 603
MutsA: 900 MutsB: 1500
Using SNV kernel only
Jump Percentage: 0.04270294438426646 First Eig Val: 1.120375192763231e-15 First Gap: 0.6721499876284622 Largest Gap: 0.6721499876284622 Number of Clusters:1
start:2 iteration:2
CellsA: 2828 CellsB: 486
MutsA: 902 MutsB: 1498
Using SNV kernel only
Jump Percentage: 0.04202605322515496 First Eig Val: -7.103576096081023e-17 First Gap: 0.6714079471482437 Largest Gap: 0.6714079471482437 Number of Clusters:1
start:2 iteration:3
CellsA: 2827 CellsB: 487
MutsA: 902 MutsB: 1498
Using SNV kernel only
Jump Percentage: 0.04202605322515496 First Eig Val: -7.103576096081023e-17 First Gap: 0.6714079471482437 Largest Gap: 0.6714079471482437 Number of Clusters:1
Clonal Tree 0 
[(0, 1)] 
Loss Nodes:0
Node: 0 Cells: 3314 Muts: 1037 LostMuts: 0
Node: 1 Cells: 1657 Muts: 1363 LostMuts: 0
Total Cells: 4971 Total Muts: 2400
Normalized Likelihood: -0.5574578633382111
linear split norm likelihood best tree
Clonal Tree 0 
[(0, 1)] 
Loss Nodes:0
Node: 0 Cells: 3314 Muts: 1037 LostMuts: 0
Node: 1 Cells: 1657 Muts: 1363 LostMuts: 0
Total Cells: 4971 Total Muts: 2400
Sprouted tree:
Clonal Tree 0 
[(0, 1)] 
Loss Nodes:0
Node: 0 Cells: 3314 Muts: 1037 LostMuts: 0
Node: 1 Cells: 1657 Muts: 1363 LostMuts: 0
Total Cells: 4971 Total Muts: 2400
Cells: 1657 Muts: 1363 Ancestral Muts: 1037 
Number of subproblems remaining: 3
Starting k-clonal tree inference for seed:
Cells: 1657 Muts: 1363 Ancestral Muts: 1037 
Sprouting seed:
Cells: 1657 Muts: 1363 Ancestral Muts: 1037 
Sprouting a branching tree from seed ...
(Generator(PCG64) at 0x7FF884FAFF20,)
Jump Percentage: 0.9999999999999895 First Eig Val: -9.949984763610289e-16 First Gap: 7.498589142935444e-16 Largest Gap: 0.669420739885261 Number of Clusters:2
CellsA: 889 CellsB: 768
MutsA: 382 mutsB: 388
Jump Percentage: 0.9999999999999942 First Eig Val: 4.808635129435291e-18 First Gap: 1.0219509007625651e-16 Largest Gap: 0.5482591484824902 Number of Clusters:2
Clonal Tree 0 
[(0, 1), (0, 2)] 
Loss Nodes:0
Node: 0 Cells: 0 Muts: 593 LostMuts: 0
Node: 1 Cells: 889 Muts: 382 LostMuts: 0
Node: 2 Cells: 768 Muts: 388 LostMuts: 0
Total Cells: 1657 Total Muts: 1363
Jump Percentage: 0.9999999999999679 First Eig Val: 1.9008996312942653e-17 First Gap: 4.1779065396671544e-16 Largest Gap: 0.6748852322205667 Number of Clusters:2
CellsA: 768 CellsB: 889
MutsA: 408 mutsB: 362
Jump Percentage: 0.9999999999999802 First Eig Val: -8.630861796253254e-16 First Gap: 7.880840099324497e-16 Largest Gap: 0.5367860994975514 Number of Clusters:2
Clonal Tree 0 
[(0, 1), (0, 2)] 
Loss Nodes:0
Node: 0 Cells: 0 Muts: 593 LostMuts: 0
Node: 1 Cells: 768 Muts: 408 LostMuts: 0
Node: 2 Cells: 889 Muts: 362 LostMuts: 0
Total Cells: 1657 Total Muts: 1363
Jump Percentage: 0.9999999999999698 First Eig Val: 6.992128334300828e-17 First Gap: 7.140403119079714e-17 Largest Gap: 0.6917131111382001 Number of Clusters:2
CellsA: 768 CellsB: 889
MutsA: 408 mutsB: 362
Jump Percentage: 0.9999999999999802 First Eig Val: -8.630861796253254e-16 First Gap: 7.880840099324497e-16 Largest Gap: 0.5367860994975514 Number of Clusters:2
Clonal Tree 0 
[(0, 1), (0, 2)] 
Loss Nodes:0
Node: 0 Cells: 0 Muts: 593 LostMuts: 0
Node: 1 Cells: 768 Muts: 408 LostMuts: 0
Node: 2 Cells: 889 Muts: 362 LostMuts: 0
Total Cells: 1657 Total Muts: 1363
Finding the maximum likelihood tree out of 3 trees....
Clonal Tree 0 
[(0, 1), (0, 2)] 
Loss Nodes:0
Node: 0 Cells: 0 Muts: 593 LostMuts: 0
Node: 1 Cells: 889 Muts: 382 LostMuts: 0
Node: 2 Cells: 768 Muts: 388 LostMuts: 0
Total Cells: 1657 Total Muts: 1363

Tree: 0 LogLikelihood: 2533265.677346221
Variant LogLikelihood: -42847.62253566226 
RDR LogLikelihood: 2576113.299881884

Clonal Tree 1 
[(0, 1), (0, 2)] 
Loss Nodes:0
Node: 0 Cells: 0 Muts: 593 LostMuts: 0
Node: 1 Cells: 768 Muts: 408 LostMuts: 0
Node: 2 Cells: 889 Muts: 362 LostMuts: 0
Total Cells: 1657 Total Muts: 1363

Tree: 1 LogLikelihood: 2533265.677346221
Variant LogLikelihood: -42847.622535662245 
RDR LogLikelihood: 2576113.299881884

Clonal Tree 2 
[(0, 1), (0, 2)] 
Loss Nodes:0
Node: 0 Cells: 0 Muts: 593 LostMuts: 0
Node: 1 Cells: 768 Muts: 408 LostMuts: 0
Node: 2 Cells: 889 Muts: 362 LostMuts: 0
Total Cells: 1657 Total Muts: 1363

Tree: 2 LogLikelihood: 2533265.677346221
Variant LogLikelihood: -42847.622535662245 
RDR LogLikelihood: 2576113.299881884

Sprouted tree:
Clonal Tree 0 
[(0, 1), (0, 2)] 
Loss Nodes:0
Node: 0 Cells: 0 Muts: 593 LostMuts: 0
Node: 1 Cells: 889 Muts: 382 LostMuts: 0
Node: 2 Cells: 768 Muts: 388 LostMuts: 0
Total Cells: 1657 Total Muts: 1363
Cells: 889 Muts: 382 Ancestral Muts: 1630 
Cells: 768 Muts: 388 Ancestral Muts: 1630 
Sprouting seed:
Cells: 1657 Muts: 1363 Ancestral Muts: 1037 
Sprouting a linear tree from seed ...
Jump Percentage: 0.9999999999999777 First Eig Val: 4.288314242142221e-16 First Gap: 7.485185533670702e-17 Largest Gap: 0.6017555314102307 Number of Clusters:2
start:0 iteration:0
CellsA: 889 CellsB: 768
MutsA: 884 MutsB: 479
Jump Percentage: 0.9999999999999728 First Eig Val: 4.779624213577575e-16 First Gap: 1.3871794670112923e-16 Largest Gap: 0.5301361445820157 Number of Clusters:2
adding tree to internal list:
Clonal Tree 0 
[(0, 1)] 
Loss Nodes:0
Node: 0 Cells: 889 Muts: 884 LostMuts: 0
Node: 1 Cells: 768 Muts: 479 LostMuts: 0
Total Cells: 1657 Total Muts: 1363
Jump Percentage: 0.9999999999999719 First Eig Val: -5.359521684365785e-16 First Gap: 8.627629247231321e-16 Largest Gap: 0.639067142793922 Number of Clusters:2
start:1 iteration:0
CellsA: 889 CellsB: 768
MutsA: 884 MutsB: 479
Jump Percentage: 0.9999999999999728 First Eig Val: 4.779624213577575e-16 First Gap: 1.3871794670112923e-16 Largest Gap: 0.5301361445820157 Number of Clusters:2
adding tree to internal list:
Clonal Tree 0 
[(0, 1)] 
Loss Nodes:0
Node: 0 Cells: 889 Muts: 884 LostMuts: 0
Node: 1 Cells: 768 Muts: 479 LostMuts: 0
Total Cells: 1657 Total Muts: 1363
Jump Percentage: 0.9999999999999908 First Eig Val: -1.4131383510362787e-16 First Gap: 1.9990529220999022e-16 Largest Gap: 0.6395518501574046 Number of Clusters:2
start:2 iteration:0
CellsA: 889 CellsB: 768
MutsA: 884 MutsB: 479
Jump Percentage: 0.9999999999999728 First Eig Val: 4.779624213577575e-16 First Gap: 1.3871794670112923e-16 Largest Gap: 0.5301361445820157 Number of Clusters:2
adding tree to internal list:
Clonal Tree 0 
[(0, 1)] 
Loss Nodes:0
Node: 0 Cells: 889 Muts: 884 LostMuts: 0
Node: 1 Cells: 768 Muts: 479 LostMuts: 0
Total Cells: 1657 Total Muts: 1363
adding tree to candidate list:
Clonal Tree 0 
[(0, 1)] 
Loss Nodes:0
Node: 0 Cells: 889 Muts: 884 LostMuts: 0
Node: 1 Cells: 768 Muts: 479 LostMuts: 0
Total Cells: 1657 Total Muts: 1363
Normalized Likelihood: -0.6496530279854149
Clonal Tree 0 
[(0, 1)] 
Loss Nodes:0
Node: 0 Cells: 889 Muts: 884 LostMuts: 0
Node: 1 Cells: 768 Muts: 479 LostMuts: 0
Total Cells: 1657 Total Muts: 1363
Normalized Likelihood: -0.6496530279854149
linear split norm likelihood best tree
Clonal Tree 0 
[(0, 1)] 
Loss Nodes:0
Node: 0 Cells: 889 Muts: 884 LostMuts: 0
Node: 1 Cells: 768 Muts: 479 LostMuts: 0
Total Cells: 1657 Total Muts: 1363
Sprouted tree:
Clonal Tree 0 
[(0, 1)] 
Loss Nodes:0
Node: 0 Cells: 889 Muts: 884 LostMuts: 0
Node: 1 Cells: 768 Muts: 479 LostMuts: 0
Total Cells: 1657 Total Muts: 1363
Cells: 768 Muts: 479 Ancestral Muts: 1921 
Number of subproblems remaining: 5
Starting k-clonal tree inference for seed:
Cells: 1657 Muts: 1212 Ancestral Muts: 557 
Sprouting seed:
Cells: 1657 Muts: 1212 Ancestral Muts: 557 
Sprouting a branching tree from seed ...
(Generator(PCG64) at 0x7FF884FAFF20,)
Jump Percentage: 0.9999999999999798 First Eig Val: -1.8974332461002365e-17 First Gap: 5.316698366628536e-16 Largest Gap: 0.6448887876738998 Number of Clusters:2
CellsA: 889 CellsB: 768
MutsA: 317 mutsB: 302
Jump Percentage: 0.9999999999999928 First Eig Val: -4.741908781797372e-16 First Gap: 4.4144752571327803e-16 Largest Gap: 0.4904990295986358 Number of Clusters:2
Clonal Tree 0 
[(0, 1), (0, 2)] 
Loss Nodes:0
Node: 0 Cells: 0 Muts: 593 LostMuts: 0
Node: 1 Cells: 889 Muts: 317 LostMuts: 0
Node: 2 Cells: 768 Muts: 302 LostMuts: 0
Total Cells: 1657 Total Muts: 1212
Jump Percentage: 0.9999999999999871 First Eig Val: 6.076580462305443e-17 First Gap: 8.47386541002204e-17 Largest Gap: 0.6782693355046814 Number of Clusters:2
CellsA: 768 CellsB: 889
MutsA: 308 mutsB: 311
Jump Percentage: 0.9999999999999691 First Eig Val: -2.505737579537957e-16 First Gap: 4.894279307710332e-16 Largest Gap: 0.49283515821068996 Number of Clusters:2
Clonal Tree 0 
[(0, 1), (0, 2)] 
Loss Nodes:0
Node: 0 Cells: 0 Muts: 593 LostMuts: 0
Node: 1 Cells: 768 Muts: 308 LostMuts: 0
Node: 2 Cells: 889 Muts: 311 LostMuts: 0
Total Cells: 1657 Total Muts: 1212
Jump Percentage: 0.9999999999999892 First Eig Val: -3.684356432641711e-16 First Gap: 2.1115148465403356e-16 Largest Gap: 0.6548253219312199 Number of Clusters:2
CellsA: 768 CellsB: 889
MutsA: 308 mutsB: 311
Jump Percentage: 0.9999999999999691 First Eig Val: -2.505737579537957e-16 First Gap: 4.894279307710332e-16 Largest Gap: 0.49283515821068996 Number of Clusters:2
Clonal Tree 0 
[(0, 1), (0, 2)] 
Loss Nodes:0
Node: 0 Cells: 0 Muts: 593 LostMuts: 0
Node: 1 Cells: 768 Muts: 308 LostMuts: 0
Node: 2 Cells: 889 Muts: 311 LostMuts: 0
Total Cells: 1657 Total Muts: 1212
Finding the maximum likelihood tree out of 3 trees....
Clonal Tree 0 
[(0, 1), (0, 2)] 
Loss Nodes:0
Node: 0 Cells: 0 Muts: 593 LostMuts: 0
Node: 1 Cells: 889 Muts: 317 LostMuts: 0
Node: 2 Cells: 768 Muts: 302 LostMuts: 0
Total Cells: 1657 Total Muts: 1212

Tree: 0 LogLikelihood: 2534602.2939082305
Variant LogLikelihood: -41511.00597365311 
RDR LogLikelihood: 2576113.299881884

Clonal Tree 1 
[(0, 1), (0, 2)] 
Loss Nodes:0
Node: 0 Cells: 0 Muts: 593 LostMuts: 0
Node: 1 Cells: 768 Muts: 308 LostMuts: 0
Node: 2 Cells: 889 Muts: 311 LostMuts: 0
Total Cells: 1657 Total Muts: 1212

Tree: 1 LogLikelihood: 2534602.2939082305
Variant LogLikelihood: -41511.00597365311 
RDR LogLikelihood: 2576113.299881884

Clonal Tree 2 
[(0, 1), (0, 2)] 
Loss Nodes:0
Node: 0 Cells: 0 Muts: 593 LostMuts: 0
Node: 1 Cells: 768 Muts: 308 LostMuts: 0
Node: 2 Cells: 889 Muts: 311 LostMuts: 0
Total Cells: 1657 Total Muts: 1212

Tree: 2 LogLikelihood: 2534602.2939082305
Variant LogLikelihood: -41511.00597365311 
RDR LogLikelihood: 2576113.299881884

Sprouted tree:
Clonal Tree 0 
[(0, 1), (0, 2)] 
Loss Nodes:0
Node: 0 Cells: 0 Muts: 593 LostMuts: 0
Node: 1 Cells: 889 Muts: 317 LostMuts: 0
Node: 2 Cells: 768 Muts: 302 LostMuts: 0
Total Cells: 1657 Total Muts: 1212
Cells: 889 Muts: 317 Ancestral Muts: 1150 
Cells: 768 Muts: 302 Ancestral Muts: 1150 
Sprouting seed:
Cells: 1657 Muts: 1212 Ancestral Muts: 557 
Sprouting a linear tree from seed ...
Jump Percentage: 0.999999999999986 First Eig Val: -3.418759830759033e-16 First Gap: 8.525412066796087e-16 Largest Gap: 0.5844294447451778 Number of Clusters:2
start:0 iteration:0
CellsA: 889 CellsB: 768
MutsA: 884 MutsB: 328
Jump Percentage: 0.9999999999999858 First Eig Val: -7.637252746421221e-16 First Gap: 4.0359103614304617e-16 Largest Gap: 0.38351443691272796 Number of Clusters:2
adding tree to internal list:
Clonal Tree 0 
[(0, 1)] 
Loss Nodes:0
Node: 0 Cells: 889 Muts: 884 LostMuts: 0
Node: 1 Cells: 768 Muts: 328 LostMuts: 0
Total Cells: 1657 Total Muts: 1212
Jump Percentage: 0.9999999999999682 First Eig Val: 1.4399111280973634e-16 First Gap: 2.1222322061710117e-17 Largest Gap: 0.5839137490802546 Number of Clusters:2
start:1 iteration:0
CellsA: 889 CellsB: 768
MutsA: 884 MutsB: 328
Jump Percentage: 0.9999999999999858 First Eig Val: -7.637252746421221e-16 First Gap: 4.0359103614304617e-16 Largest Gap: 0.38351443691272796 Number of Clusters:2
adding tree to internal list:
Clonal Tree 0 
[(0, 1)] 
Loss Nodes:0
Node: 0 Cells: 889 Muts: 884 LostMuts: 0
Node: 1 Cells: 768 Muts: 328 LostMuts: 0
Total Cells: 1657 Total Muts: 1212
Jump Percentage: 0.9999999999999902 First Eig Val: -2.687770404283264e-16 First Gap: 4.16081598428031e-16 Largest Gap: 0.5890000231877374 Number of Clusters:2
start:2 iteration:0
CellsA: 768 CellsB: 889
MutsA: 867 MutsB: 345
Jump Percentage: 0.9999999999999806 First Eig Val: -5.2394385621347206e-18 First Gap: 7.787201448905422e-17 Largest Gap: 0.38211036096811646 Number of Clusters:2
adding tree to internal list:
Clonal Tree 0 
[(0, 1)] 
Loss Nodes:0
Node: 0 Cells: 768 Muts: 867 LostMuts: 0
Node: 1 Cells: 889 Muts: 345 LostMuts: 0
Total Cells: 1657 Total Muts: 1212
adding tree to candidate list:
Clonal Tree 0 
[(0, 1)] 
Loss Nodes:0
Node: 0 Cells: 889 Muts: 884 LostMuts: 0
Node: 1 Cells: 768 Muts: 328 LostMuts: 0
Total Cells: 1657 Total Muts: 1212
Normalized Likelihood: -0.695210231976559
Clonal Tree 0 
[(0, 1)] 
Loss Nodes:0
Node: 0 Cells: 889 Muts: 884 LostMuts: 0
Node: 1 Cells: 768 Muts: 328 LostMuts: 0
Total Cells: 1657 Total Muts: 1212
Normalized Likelihood: -0.695210231976559
linear split norm likelihood best tree
Clonal Tree 0 
[(0, 1)] 
Loss Nodes:0
Node: 0 Cells: 889 Muts: 884 LostMuts: 0
Node: 1 Cells: 768 Muts: 328 LostMuts: 0
Total Cells: 1657 Total Muts: 1212
Sprouted tree:
Clonal Tree 0 
[(0, 1)] 
Loss Nodes:0
Node: 0 Cells: 889 Muts: 884 LostMuts: 0
Node: 1 Cells: 768 Muts: 328 LostMuts: 0
Total Cells: 1657 Total Muts: 1212
Cells: 768 Muts: 328 Ancestral Muts: 1441 
Number of subproblems remaining: 4
Starting k-clonal tree inference for seed:
Cells: 3314 Muts: 631 Ancestral Muts: 557 
Sprouting seed:
Cells: 3314 Muts: 631 Ancestral Muts: 557 
Sprouting a branching tree from seed ...
(Generator(PCG64) at 0x7FF884FAFF20,)
Max copy distance < 1, using SNV kernel only
Jump Percentage: 0.11835611463693974 First Eig Val: 1.052069080284652e-15 First Gap: 0.47958007524068813 Largest Gap: 0.47958007524068813 Number of Clusters:1
CellsA: 1246 CellsB: 2068
MutsA: 171 mutsB: 107
Max copy distance < 1, using SNV kernel only
Jump Percentage: 0.18453375264217498 First Eig Val: 2.8767479299580153e-15 First Gap: 0.4451996265364551 Largest Gap: 0.4451996265364551 Number of Clusters:1
CellsA: 281 CellsB: 3033
MutsA: 142 mutsB: 179
Max copy distance < 1, using SNV kernel only
Jump Percentage: 0.1573108426145199 First Eig Val: -1.7324354300627638e-15 First Gap: 0.4109909182553736 Largest Gap: 0.4109909182553736 Number of Clusters:1
CellsA: 421 CellsB: 2893
MutsA: 146 mutsB: 139
Max copy distance < 1, using SNV kernel only
Jump Percentage: 0.13953358480644257 First Eig Val: -2.7183156479841373e-15 First Gap: 0.4083554768401482 Largest Gap: 0.4083554768401482 Number of Clusters:1
CellsA: 2848 CellsB: 466
MutsA: 125 mutsB: 162
Max copy distance < 1, using SNV kernel only
Jump Percentage: 0.1689738240523574 First Eig Val: 2.096860299952634e-15 First Gap: 0.3948184029484966 Largest Gap: 0.3948184029484966 Number of Clusters:1
CellsA: 358 CellsB: 2956
MutsA: 122 mutsB: 172
Max copy distance < 1, using SNV kernel only
Jump Percentage: 0.23683250167260428 First Eig Val: 2.4740473748602723e-15 First Gap: 0.37896829156227374 Largest Gap: 0.37896829156227374 Number of Clusters:1
CellsA: 384 CellsB: 2930
MutsA: 143 mutsB: 145
Max copy distance < 1, using SNV kernel only
Jump Percentage: 0.20502393929789434 First Eig Val: 4.044951391995793e-17 First Gap: 0.40784904056753357 Largest Gap: 0.40784904056753357 Number of Clusters:1
CellsA: 341 CellsB: 2973
MutsA: 130 mutsB: 186
Max copy distance < 1, using SNV kernel only
Jump Percentage: 0.13108793591463214 First Eig Val: -2.936804556371971e-15 First Gap: 0.45056307408126256 Largest Gap: 0.45056307408126256 Number of Clusters:1
CellsA: 1867 CellsB: 1447
MutsA: 33 mutsB: 244
Max copy distance < 1, using SNV kernel only
Jump Percentage: 0.11385694741816886 First Eig Val: -1.354536711053458e-15 First Gap: 0.4855633055583788 Largest Gap: 0.4855633055583788 Number of Clusters:1
CellsA: 788 CellsB: 2526
MutsA: 144 mutsB: 81
Max copy distance < 1, using SNV kernel only
Jump Percentage: 0.1348017071633915 First Eig Val: -1.3609697758491324e-15 First Gap: 0.48909158743885245 Largest Gap: 0.48909158743885245 Number of Clusters:1
CellsA: 1450 CellsB: 1864
MutsA: 214 mutsB: 69
Sprouted tree:
None
<bound method Phertilizer.sprout_branching of <phertilizer.Phertilizer object at 0x7ff886668790>> invalid
Sprouting seed:
Cells: 3314 Muts: 631 Ancestral Muts: 557 
Sprouting a linear tree from seed ...
Using SNV kernel only
Jump Percentage: 0.2571837581841311 First Eig Val: 3.8613861397999856e-16 First Gap: 0.4289224190771337 Largest Gap: 0.4289224190771337 Number of Clusters:1
start:0 iteration:0
CellsA: 1425 CellsB: 1889
MutsA: 267 MutsB: 364
Using SNV kernel only
Jump Percentage: 0.2707069189017908 First Eig Val: -1.4676220286879139e-15 First Gap: 0.46176946065533514 Largest Gap: 0.46176946065533514 Number of Clusters:1
start:0 iteration:1
CellsA: 2664 CellsB: 650
MutsA: 413 MutsB: 218
Using SNV kernel only
Jump Percentage: 0.3302670287219078 First Eig Val: 7.370769640277026e-15 First Gap: 0.3713143856822745 Largest Gap: 0.3713143856822745 Number of Clusters:1
start:0 iteration:2
CellsA: 3147 CellsB: 167
MutsA: 440 MutsB: 191
Using SNV kernel only
Jump Percentage: 0.41985454599854993 First Eig Val: 1.512183353468914e-16 First Gap: 0.3316550578761316 Largest Gap: 0.334666545506719 Number of Clusters:2
start:0 iteration:3
CellsA: 3124 CellsB: 190
MutsA: 436 MutsB: 195
Using SNV kernel only
Jump Percentage: 0.4216233369633412 First Eig Val: -1.3803844110401783e-15 First Gap: 0.33674567170206293 Largest Gap: 0.33674567170206293 Number of Clusters:1
start:0 iteration:4
CellsA: 3128 CellsB: 186
MutsA: 436 MutsB: 195
Using SNV kernel only
Jump Percentage: 0.4216233369633412 First Eig Val: -1.3803844110401783e-15 First Gap: 0.33674567170206293 Largest Gap: 0.33674567170206293 Number of Clusters:1
adding tree to internal list:
Clonal Tree 0 
[(0, 1)] 
Loss Nodes:0
Node: 0 Cells: 3128 Muts: 436 LostMuts: 0
Node: 1 Cells: 186 Muts: 195 LostMuts: 0
Total Cells: 3314 Total Muts: 631
Using SNV kernel only
Jump Percentage: 0.3193703940025811 First Eig Val: -1.8548682011751815e-15 First Gap: 0.43567486314479975 Largest Gap: 0.43567486314479975 Number of Clusters:1
start:1 iteration:0
CellsA: 1443 CellsB: 1871
MutsA: 271 MutsB: 360
Using SNV kernel only
Jump Percentage: 0.23706349413542455 First Eig Val: 1.3843589082152117e-15 First Gap: 0.4659105151152277 Largest Gap: 0.4659105151152277 Number of Clusters:1
start:1 iteration:1
CellsA: 1407 CellsB: 1907
MutsA: 262 MutsB: 369
Using SNV kernel only
Jump Percentage: 0.23305030619807912 First Eig Val: 9.025155305756639e-16 First Gap: 0.47271585269883326 Largest Gap: 0.47271585269883326 Number of Clusters:1
start:1 iteration:2
CellsA: 1393 CellsB: 1921
MutsA: 261 MutsB: 370
Using SNV kernel only
Jump Percentage: 0.23159117644679098 First Eig Val: 1.171959518905504e-15 First Gap: 0.47330547823886226 Largest Gap: 0.47330547823886226 Number of Clusters:1
start:1 iteration:3
CellsA: 1391 CellsB: 1923
MutsA: 261 MutsB: 370
Using SNV kernel only
Jump Percentage: 0.23159117644679098 First Eig Val: 1.171959518905504e-15 First Gap: 0.47330547823886226 Largest Gap: 0.47330547823886226 Number of Clusters:1
adding tree to internal list:
Clonal Tree 0 
[(0, 1)] 
Loss Nodes:0
Node: 0 Cells: 1391 Muts: 261 LostMuts: 0
Node: 1 Cells: 1923 Muts: 370 LostMuts: 0
Total Cells: 3314 Total Muts: 631
Using SNV kernel only
Jump Percentage: 0.31296305542228736 First Eig Val: -3.136435507371883e-15 First Gap: 0.43124885145795555 Largest Gap: 0.43124885145795555 Number of Clusters:1
start:2 iteration:0
CellsA: 1367 CellsB: 1947
MutsA: 265 MutsB: 366
Using SNV kernel only
Jump Percentage: 0.2562027685631992 First Eig Val: -8.329264490171539e-16 First Gap: 0.46929284858875875 Largest Gap: 0.46929284858875875 Number of Clusters:1
start:2 iteration:1
CellsA: 1340 CellsB: 1974
MutsA: 264 MutsB: 367
Using SNV kernel only
Jump Percentage: 0.25877775979388146 First Eig Val: 9.892572528470942e-16 First Gap: 0.4690383444773144 Largest Gap: 0.4690383444773144 Number of Clusters:1
start:2 iteration:2
CellsA: 1341 CellsB: 1973
MutsA: 264 MutsB: 367
Using SNV kernel only
Jump Percentage: 0.25877775979388146 First Eig Val: 9.892572528470942e-16 First Gap: 0.4690383444773144 Largest Gap: 0.4690383444773144 Number of Clusters:1
adding tree to internal list:
Clonal Tree 0 
[(0, 1)] 
Loss Nodes:0
Node: 0 Cells: 1341 Muts: 264 LostMuts: 0
Node: 1 Cells: 1973 Muts: 367 LostMuts: 0
Total Cells: 3314 Total Muts: 631
adding tree to candidate list:
Clonal Tree 1 
[(0, 1)] 
Loss Nodes:0
Node: 0 Cells: 1391 Muts: 261 LostMuts: 0
Node: 1 Cells: 1923 Muts: 370 LostMuts: 0
Total Cells: 3314 Total Muts: 631
Normalized Likelihood: -0.5403049833344179
Using SNV kernel only
Jump Percentage: 0.44998674236820724 First Eig Val: 2.5502545468280277e-15 First Gap: 0.40538831010319126 Largest Gap: 0.40538831010319126 Number of Clusters:1
start:0 iteration:0
CellsA: 1315 CellsB: 76
MutsA: 258 MutsB: 373
Using SNV kernel only
Jump Percentage: 0.9065521143660796 First Eig Val: -4.2502885095447366e-16 First Gap: 0.8949063369130164 Largest Gap: 0.8949063369130164 Number of Clusters:1
start:0 iteration:1
CellsA: 1384 CellsB: 7
MutsA: 258 MutsB: 373
Using SNV kernel only
Jump Percentage: 0.9065521143660796 First Eig Val: -4.2502885095447366e-16 First Gap: 0.8949063369130164 Largest Gap: 0.8949063369130164 Number of Clusters:1
adding tree to internal list:
Clonal Tree 0 
[(0, 1)] 
Loss Nodes:0
Node: 0 Cells: 1384 Muts: 258 LostMuts: 0
Node: 1 Cells: 1930 Muts: 373 LostMuts: 0
Total Cells: 3314 Total Muts: 631
Using SNV kernel only
Jump Percentage: 0.342013787512236 First Eig Val: 1.232302879516388e-15 First Gap: 0.4224915168113833 Largest Gap: 0.4224915168113833 Number of Clusters:1
start:1 iteration:0
CellsA: 714 CellsB: 677
MutsA: 118 MutsB: 513
Using SNV kernel only
Jump Percentage: 0.18328107420898784 First Eig Val: -1.352372817062912e-15 First Gap: 0.5981789564215965 Largest Gap: 0.5981789564215965 Number of Clusters:1
start:1 iteration:1
CellsA: 736 CellsB: 655
MutsA: 118 MutsB: 513
Using SNV kernel only
Jump Percentage: 0.18328107420898784 First Eig Val: -1.352372817062912e-15 First Gap: 0.5981789564215965 Largest Gap: 0.5981789564215965 Number of Clusters:1
Using SNV kernel only
Jump Percentage: 0.3951724890690914 First Eig Val: 7.789775543805515e-17 First Gap: 0.4490732771826803 Largest Gap: 0.4490732771826803 Number of Clusters:1
start:2 iteration:0
CellsA: 1337 CellsB: 54
MutsA: 261 MutsB: 370
Using SNV kernel only
Terminating cell clustering due to NANs in affinity matrix
adding tree to candidate list:
Clonal Tree 0 
[(0, 1)] 
Loss Nodes:0
Node: 0 Cells: 1384 Muts: 258 LostMuts: 0
Node: 1 Cells: 1930 Muts: 373 LostMuts: 0
Total Cells: 3314 Total Muts: 631
Normalized Likelihood: -0.5378847085774808
Using SNV kernel only
Jump Percentage: 0.36814324196057796 First Eig Val: 6.254929967423877e-16 First Gap: 0.42193457784535293 Largest Gap: 0.42193457784535293 Number of Clusters:1
start:0 iteration:0
CellsA: 741 CellsB: 643
MutsA: 118 MutsB: 513
Using SNV kernel only
Jump Percentage: 0.14402301362273512 First Eig Val: -8.156313211054972e-17 First Gap: 0.6069613730482208 Largest Gap: 0.6069613730482208 Number of Clusters:1
start:0 iteration:1
CellsA: 768 CellsB: 616
MutsA: 117 MutsB: 514
Using SNV kernel only
Jump Percentage: 0.14508746362733838 First Eig Val: 2.007713721565717e-16 First Gap: 0.6062790619819316 Largest Gap: 0.6062790619819316 Number of Clusters:1
start:0 iteration:2
CellsA: 767 CellsB: 617
MutsA: 117 MutsB: 514
Using SNV kernel only
Jump Percentage: 0.14508746362733838 First Eig Val: 2.007713721565717e-16 First Gap: 0.6062790619819316 Largest Gap: 0.6062790619819316 Number of Clusters:1
Using SNV kernel only
Jump Percentage: 0.4494994143534333 First Eig Val: -1.8044345714655852e-15 First Gap: 0.45136347223919226 Largest Gap: 0.45136347223919226 Number of Clusters:1
start:1 iteration:0
CellsA: 1333 CellsB: 51
MutsA: 257 MutsB: 374
Using SNV kernel only
Jump Percentage: 0.9137670690973497 First Eig Val: -8.405971909210642e-16 First Gap: 0.9269461131729273 Largest Gap: 0.9269461131729273 Number of Clusters:1
start:1 iteration:1
CellsA: 1379 CellsB: 5
MutsA: 257 MutsB: 374
Using SNV kernel only
Jump Percentage: 0.9137670690973497 First Eig Val: -8.405971909210642e-16 First Gap: 0.9269461131729273 Largest Gap: 0.9269461131729273 Number of Clusters:1
Using SNV kernel only
Jump Percentage: 0.3828073563946821 First Eig Val: -2.984182164441959e-15 First Gap: 0.46247305111518056 Largest Gap: 0.46247305111518056 Number of Clusters:1
start:2 iteration:0
CellsA: 701 CellsB: 683
MutsA: 105 MutsB: 526
Using SNV kernel only
Jump Percentage: 0.17236981567895027 First Eig Val: -1.6097500867471642e-15 First Gap: 0.6017521253103723 Largest Gap: 0.6017521253103723 Number of Clusters:1
start:2 iteration:1
CellsA: 721 CellsB: 663
MutsA: 105 MutsB: 526
Using SNV kernel only
Jump Percentage: 0.17236981567895027 First Eig Val: -1.6097500867471642e-15 First Gap: 0.6017521253103723 Largest Gap: 0.6017521253103723 Number of Clusters:1
Clonal Tree 0 
[(0, 1)] 
Loss Nodes:0
Node: 0 Cells: 1391 Muts: 261 LostMuts: 0
Node: 1 Cells: 1923 Muts: 370 LostMuts: 0
Total Cells: 3314 Total Muts: 631
Normalized Likelihood: -0.5403049833344179
Clonal Tree 1 
[(0, 1)] 
Loss Nodes:0
Node: 0 Cells: 1384 Muts: 258 LostMuts: 0
Node: 1 Cells: 1930 Muts: 373 LostMuts: 0
Total Cells: 3314 Total Muts: 631
Normalized Likelihood: -0.5378847085774808
linear split norm likelihood best tree
Clonal Tree 1 
[(0, 1)] 
Loss Nodes:0
Node: 0 Cells: 1384 Muts: 258 LostMuts: 0
Node: 1 Cells: 1930 Muts: 373 LostMuts: 0
Total Cells: 3314 Total Muts: 631
Sprouted tree:
Clonal Tree 1 
[(0, 1)] 
Loss Nodes:0
Node: 0 Cells: 1384 Muts: 258 LostMuts: 0
Node: 1 Cells: 1930 Muts: 373 LostMuts: 0
Total Cells: 3314 Total Muts: 631
Cells: 1930 Muts: 373 Ancestral Muts: 815 
Number of subproblems remaining: 1
func:'planting' args:[(<phertilizer.Phertilizer object at 0x7ff886668790>, deque([])), {}] took: 3404.8014 sec
Planting phase complete!

Starting grow phase....
Clonal Tree 0 
[(0, 1), (0, 2)] 
Loss Nodes:0
Node: 0 Cells: 0 Muts: 557 LostMuts: 0
Node: 1 Cells: 3314 Muts: 631 LostMuts: 0
Node: 2 Cells: 1657 Muts: 1212 LostMuts: 0
Total Cells: 4971 Total Muts: 2400
Clonal Tree 1 
[(0, 1)] 
Loss Nodes:0
Node: 0 Cells: 1384 Muts: 258 LostMuts: 0
Node: 1 Cells: 1930 Muts: 373 LostMuts: 0
Total Cells: 3314 Total Muts: 631
2400
2400
2400
Clonal Tree 0 
[(0, 2), (0, 3), (3, 4)] 
Loss Nodes:0
Node: 0 Cells: 0 Muts: 557 LostMuts: 0
Node: 2 Cells: 1657 Muts: 1212 LostMuts: 0
Node: 3 Cells: 1384 Muts: 258 LostMuts: 0
Node: 4 Cells: 1930 Muts: 373 LostMuts: 0
Total Cells: 4971 Total Muts: 2400
Clonal Tree 0 
[(0, 2), (0, 3), (3, 4)] 
Loss Nodes:0
Node: 0 Cells: 0 Muts: 557 LostMuts: 0
Node: 2 Cells: 1657 Muts: 1212 LostMuts: 0
Node: 3 Cells: 1384 Muts: 258 LostMuts: 0
Node: 4 Cells: 1930 Muts: 373 LostMuts: 0
Total Cells: 4971 Total Muts: 2400
Clonal Tree 0 
[(0, 1), (0, 2)] 
Loss Nodes:0
Node: 0 Cells: 0 Muts: 557 LostMuts: 0
Node: 1 Cells: 3314 Muts: 631 LostMuts: 0
Node: 2 Cells: 1657 Muts: 1212 LostMuts: 0
Total Cells: 4971 Total Muts: 2400
Clonal Tree 0 
[(0, 1), (0, 2)] 
Loss Nodes:0
Node: 0 Cells: 0 Muts: 593 LostMuts: 0
Node: 1 Cells: 889 Muts: 317 LostMuts: 0
Node: 2 Cells: 768 Muts: 302 LostMuts: 0
Total Cells: 1657 Total Muts: 1212
2400
2400
2400
Clonal Tree 0 
[(0, 1), (0, 2), (2, 3), (2, 4)] 
Loss Nodes:0
Node: 0 Cells: 0 Muts: 557 LostMuts: 0
Node: 1 Cells: 3314 Muts: 631 LostMuts: 0
Node: 2 Cells: 0 Muts: 593 LostMuts: 0
Node: 3 Cells: 889 Muts: 317 LostMuts: 0
Node: 4 Cells: 768 Muts: 302 LostMuts: 0
Total Cells: 4971 Total Muts: 2400
Clonal Tree 0 
[(0, 1), (0, 2), (2, 3), (2, 4)] 
Loss Nodes:0
Node: 0 Cells: 0 Muts: 557 LostMuts: 0
Node: 1 Cells: 3314 Muts: 631 LostMuts: 0
Node: 2 Cells: 0 Muts: 593 LostMuts: 0
Node: 3 Cells: 889 Muts: 317 LostMuts: 0
Node: 4 Cells: 768 Muts: 302 LostMuts: 0
Total Cells: 4971 Total Muts: 2400
Clonal Tree 0 
[(0, 1), (0, 2)] 
Loss Nodes:0
Node: 0 Cells: 0 Muts: 557 LostMuts: 0
Node: 1 Cells: 3314 Muts: 631 LostMuts: 0
Node: 2 Cells: 1657 Muts: 1212 LostMuts: 0
Total Cells: 4971 Total Muts: 2400
Clonal Tree 0 
[(0, 1)] 
Loss Nodes:0
Node: 0 Cells: 889 Muts: 884 LostMuts: 0
Node: 1 Cells: 768 Muts: 328 LostMuts: 0
Total Cells: 1657 Total Muts: 1212
2400
2400
2400
Clonal Tree 0 
[(0, 1), (0, 2), (2, 3)] 
Loss Nodes:0
Node: 0 Cells: 0 Muts: 557 LostMuts: 0
Node: 1 Cells: 3314 Muts: 631 LostMuts: 0
Node: 2 Cells: 889 Muts: 884 LostMuts: 0
Node: 3 Cells: 768 Muts: 328 LostMuts: 0
Total Cells: 4971 Total Muts: 2400
Clonal Tree 0 
[(0, 1), (0, 2), (2, 3)] 
Loss Nodes:0
Node: 0 Cells: 0 Muts: 557 LostMuts: 0
Node: 1 Cells: 3314 Muts: 631 LostMuts: 0
Node: 2 Cells: 889 Muts: 884 LostMuts: 0
Node: 3 Cells: 768 Muts: 328 LostMuts: 0
Total Cells: 4971 Total Muts: 2400
Clonal Tree 1 
[(0, 2), (0, 3), (3, 4)] 
Loss Nodes:0
Node: 0 Cells: 0 Muts: 557 LostMuts: 0
Node: 2 Cells: 1657 Muts: 1212 LostMuts: 0
Node: 3 Cells: 1384 Muts: 258 LostMuts: 0
Node: 4 Cells: 1930 Muts: 373 LostMuts: 0
Total Cells: 4971 Total Muts: 2400
Clonal Tree 0 
[(0, 1), (0, 2)] 
Loss Nodes:0
Node: 0 Cells: 0 Muts: 593 LostMuts: 0
Node: 1 Cells: 889 Muts: 317 LostMuts: 0
Node: 2 Cells: 768 Muts: 302 LostMuts: 0
Total Cells: 1657 Total Muts: 1212
2400
2400
2400
Clonal Tree 1 
[(0, 3), (0, 5), (3, 4), (5, 6), (5, 7)] 
Loss Nodes:0
Node: 0 Cells: 0 Muts: 557 LostMuts: 0
Node: 3 Cells: 1384 Muts: 258 LostMuts: 0
Node: 4 Cells: 1930 Muts: 373 LostMuts: 0
Node: 5 Cells: 0 Muts: 593 LostMuts: 0
Node: 6 Cells: 889 Muts: 317 LostMuts: 0
Node: 7 Cells: 768 Muts: 302 LostMuts: 0
Total Cells: 4971 Total Muts: 2400
Clonal Tree 1 
[(0, 3), (0, 5), (3, 4), (5, 6), (5, 7)] 
Loss Nodes:0
Node: 0 Cells: 0 Muts: 557 LostMuts: 0
Node: 3 Cells: 1384 Muts: 258 LostMuts: 0
Node: 4 Cells: 1930 Muts: 373 LostMuts: 0
Node: 5 Cells: 0 Muts: 593 LostMuts: 0
Node: 6 Cells: 889 Muts: 317 LostMuts: 0
Node: 7 Cells: 768 Muts: 302 LostMuts: 0
Total Cells: 4971 Total Muts: 2400
Clonal Tree 1 
[(0, 2), (0, 3), (3, 4)] 
Loss Nodes:0
Node: 0 Cells: 0 Muts: 557 LostMuts: 0
Node: 2 Cells: 1657 Muts: 1212 LostMuts: 0
Node: 3 Cells: 1384 Muts: 258 LostMuts: 0
Node: 4 Cells: 1930 Muts: 373 LostMuts: 0
Total Cells: 4971 Total Muts: 2400
Clonal Tree 0 
[(0, 1)] 
Loss Nodes:0
Node: 0 Cells: 889 Muts: 884 LostMuts: 0
Node: 1 Cells: 768 Muts: 328 LostMuts: 0
Total Cells: 1657 Total Muts: 1212
2400
2400
2400
Clonal Tree 1 
[(0, 3), (0, 5), (3, 4), (5, 6)] 
Loss Nodes:0
Node: 0 Cells: 0 Muts: 557 LostMuts: 0
Node: 3 Cells: 1384 Muts: 258 LostMuts: 0
Node: 4 Cells: 1930 Muts: 373 LostMuts: 0
Node: 5 Cells: 889 Muts: 884 LostMuts: 0
Node: 6 Cells: 768 Muts: 328 LostMuts: 0
Total Cells: 4971 Total Muts: 2400
Clonal Tree 1 
[(0, 3), (0, 5), (3, 4), (5, 6)] 
Loss Nodes:0
Node: 0 Cells: 0 Muts: 557 LostMuts: 0
Node: 3 Cells: 1384 Muts: 258 LostMuts: 0
Node: 4 Cells: 1930 Muts: 373 LostMuts: 0
Node: 5 Cells: 889 Muts: 884 LostMuts: 0
Node: 6 Cells: 768 Muts: 328 LostMuts: 0
Total Cells: 4971 Total Muts: 2400
Clonal Tree 2 
[(0, 1), (0, 2), (2, 3), (2, 4)] 
Loss Nodes:0
Node: 0 Cells: 0 Muts: 557 LostMuts: 0
Node: 1 Cells: 3314 Muts: 631 LostMuts: 0
Node: 2 Cells: 0 Muts: 593 LostMuts: 0
Node: 3 Cells: 889 Muts: 317 LostMuts: 0
Node: 4 Cells: 768 Muts: 302 LostMuts: 0
Total Cells: 4971 Total Muts: 2400
Clonal Tree 1 
[(0, 1)] 
Loss Nodes:0
Node: 0 Cells: 1384 Muts: 258 LostMuts: 0
Node: 1 Cells: 1930 Muts: 373 LostMuts: 0
Total Cells: 3314 Total Muts: 631
2400
2400
2400
Clonal Tree 2 
[(0, 2), (0, 5), (2, 3), (2, 4), (5, 6)] 
Loss Nodes:0
Node: 0 Cells: 0 Muts: 557 LostMuts: 0
Node: 2 Cells: 0 Muts: 593 LostMuts: 0
Node: 3 Cells: 889 Muts: 317 LostMuts: 0
Node: 4 Cells: 768 Muts: 302 LostMuts: 0
Node: 5 Cells: 1384 Muts: 258 LostMuts: 0
Node: 6 Cells: 1930 Muts: 373 LostMuts: 0
Total Cells: 4971 Total Muts: 2400
Clonal Tree 2 
[(0, 2), (0, 5), (2, 3), (2, 4), (5, 6)] 
Loss Nodes:0
Node: 0 Cells: 0 Muts: 557 LostMuts: 0
Node: 2 Cells: 0 Muts: 593 LostMuts: 0
Node: 3 Cells: 889 Muts: 317 LostMuts: 0
Node: 4 Cells: 768 Muts: 302 LostMuts: 0
Node: 5 Cells: 1384 Muts: 258 LostMuts: 0
Node: 6 Cells: 1930 Muts: 373 LostMuts: 0
Total Cells: 4971 Total Muts: 2400
Clonal Tree 3 
[(0, 1), (0, 2), (2, 3)] 
Loss Nodes:0
Node: 0 Cells: 0 Muts: 557 LostMuts: 0
Node: 1 Cells: 3314 Muts: 631 LostMuts: 0
Node: 2 Cells: 889 Muts: 884 LostMuts: 0
Node: 3 Cells: 768 Muts: 328 LostMuts: 0
Total Cells: 4971 Total Muts: 2400
Clonal Tree 1 
[(0, 1)] 
Loss Nodes:0
Node: 0 Cells: 1384 Muts: 258 LostMuts: 0
Node: 1 Cells: 1930 Muts: 373 LostMuts: 0
Total Cells: 3314 Total Muts: 631
2400
2400
2400
Clonal Tree 3 
[(0, 2), (0, 4), (2, 3), (4, 5)] 
Loss Nodes:0
Node: 0 Cells: 0 Muts: 557 LostMuts: 0
Node: 2 Cells: 889 Muts: 884 LostMuts: 0
Node: 3 Cells: 768 Muts: 328 LostMuts: 0
Node: 4 Cells: 1384 Muts: 258 LostMuts: 0
Node: 5 Cells: 1930 Muts: 373 LostMuts: 0
Total Cells: 4971 Total Muts: 2400
Clonal Tree 3 
[(0, 2), (0, 4), (2, 3), (4, 5)] 
Loss Nodes:0
Node: 0 Cells: 0 Muts: 557 LostMuts: 0
Node: 2 Cells: 889 Muts: 884 LostMuts: 0
Node: 3 Cells: 768 Muts: 328 LostMuts: 0
Node: 4 Cells: 1384 Muts: 258 LostMuts: 0
Node: 5 Cells: 1930 Muts: 373 LostMuts: 0
Total Cells: 4971 Total Muts: 2400
Clonal Tree 6 
[(0, 1)] 
Loss Nodes:0
Node: 0 Cells: 3314 Muts: 1037 LostMuts: 0
Node: 1 Cells: 1657 Muts: 1363 LostMuts: 0
Total Cells: 4971 Total Muts: 2400
Clonal Tree 0 
[(0, 1), (0, 2)] 
Loss Nodes:0
Node: 0 Cells: 0 Muts: 593 LostMuts: 0
Node: 1 Cells: 889 Muts: 382 LostMuts: 0
Node: 2 Cells: 768 Muts: 388 LostMuts: 0
Total Cells: 1657 Total Muts: 1363
2400
2400
2400
Clonal Tree 6 
[(0, 1), (1, 2), (1, 3)] 
Loss Nodes:0
Node: 0 Cells: 3314 Muts: 1037 LostMuts: 0
Node: 1 Cells: 0 Muts: 593 LostMuts: 0
Node: 2 Cells: 889 Muts: 382 LostMuts: 0
Node: 3 Cells: 768 Muts: 388 LostMuts: 0
Total Cells: 4971 Total Muts: 2400
Clonal Tree 6 
[(0, 1), (1, 2), (1, 3)] 
Loss Nodes:0
Node: 0 Cells: 3314 Muts: 1037 LostMuts: 0
Node: 1 Cells: 0 Muts: 593 LostMuts: 0
Node: 2 Cells: 889 Muts: 382 LostMuts: 0
Node: 3 Cells: 768 Muts: 388 LostMuts: 0
Total Cells: 4971 Total Muts: 2400
Clonal Tree 6 
[(0, 1)] 
Loss Nodes:0
Node: 0 Cells: 3314 Muts: 1037 LostMuts: 0
Node: 1 Cells: 1657 Muts: 1363 LostMuts: 0
Total Cells: 4971 Total Muts: 2400
Clonal Tree 0 
[(0, 1)] 
Loss Nodes:0
Node: 0 Cells: 889 Muts: 884 LostMuts: 0
Node: 1 Cells: 768 Muts: 479 LostMuts: 0
Total Cells: 1657 Total Muts: 1363
2400
2400
2400
Clonal Tree 6 
[(0, 1), (1, 2)] 
Loss Nodes:0
Node: 0 Cells: 3314 Muts: 1037 LostMuts: 0
Node: 1 Cells: 889 Muts: 884 LostMuts: 0
Node: 2 Cells: 768 Muts: 479 LostMuts: 0
Total Cells: 4971 Total Muts: 2400
Clonal Tree 6 
[(0, 1), (1, 2)] 
Loss Nodes:0
Node: 0 Cells: 3314 Muts: 1037 LostMuts: 0
Node: 1 Cells: 889 Muts: 884 LostMuts: 0
Node: 2 Cells: 768 Muts: 479 LostMuts: 0
Total Cells: 4971 Total Muts: 2400
func:'grow' args:[(<phertilizer.Phertilizer object at 0x7ff886668790>,), {}] took: 0.0371 sec
Growing phase complete!

Identifying the maximum likelihood k-clonal tree....
Finding the maximum likelihood tree out of 9 trees....
Clonal Tree 0 
[(0, 1), (0, 2)] 
Loss Nodes:0
Node: 0 Cells: 0 Muts: 557 LostMuts: 0
Node: 1 Cells: 3314 Muts: 631 LostMuts: 0
Node: 2 Cells: 1657 Muts: 1212 LostMuts: 0
Total Cells: 4971 Total Muts: 2400

Tree: 0 LogLikelihood: 7959864.441501584
Variant LogLikelihood: -73369.02943479289 
RDR LogLikelihood: 8033233.470936377

Clonal Tree 1 
[(0, 2), (0, 3), (3, 4)] 
Loss Nodes:0
Node: 0 Cells: 0 Muts: 557 LostMuts: 0
Node: 2 Cells: 1657 Muts: 1212 LostMuts: 0
Node: 3 Cells: 1384 Muts: 258 LostMuts: 0
Node: 4 Cells: 1930 Muts: 373 LostMuts: 0
Total Cells: 4971 Total Muts: 2400

Tree: 1 LogLikelihood: 7965896.752325488
Variant LogLikelihood: -67336.71861088778 
RDR LogLikelihood: 8033233.470936377

Clonal Tree 2 
[(0, 1), (0, 2), (2, 3), (2, 4)] 
Loss Nodes:0
Node: 0 Cells: 0 Muts: 557 LostMuts: 0
Node: 1 Cells: 3314 Muts: 631 LostMuts: 0
Node: 2 Cells: 0 Muts: 593 LostMuts: 0
Node: 3 Cells: 889 Muts: 317 LostMuts: 0
Node: 4 Cells: 768 Muts: 302 LostMuts: 0
Total Cells: 4971 Total Muts: 2400

Tree: 2 LogLikelihood: 8828001.950433778
Variant LogLikelihood: -70075.23523566678 
RDR LogLikelihood: 8898077.185669445

Clonal Tree 3 
[(0, 1), (0, 2), (2, 3)] 
Loss Nodes:0
Node: 0 Cells: 0 Muts: 557 LostMuts: 0
Node: 1 Cells: 3314 Muts: 631 LostMuts: 0
Node: 2 Cells: 889 Muts: 884 LostMuts: 0
Node: 3 Cells: 768 Muts: 328 LostMuts: 0
Total Cells: 4971 Total Muts: 2400

Tree: 3 LogLikelihood: 8824988.816155778
Variant LogLikelihood: -73088.3695136669 
RDR LogLikelihood: 8898077.185669445

Clonal Tree 4 
[(0, 3), (0, 5), (3, 4), (5, 6), (5, 7)] 
Loss Nodes:0
Node: 0 Cells: 0 Muts: 557 LostMuts: 0
Node: 3 Cells: 1384 Muts: 258 LostMuts: 0
Node: 4 Cells: 1930 Muts: 373 LostMuts: 0
Node: 5 Cells: 0 Muts: 593 LostMuts: 0
Node: 6 Cells: 889 Muts: 317 LostMuts: 0
Node: 7 Cells: 768 Muts: 302 LostMuts: 0
Total Cells: 4971 Total Muts: 2400

Tree: 4 LogLikelihood: 8834034.261257682
Variant LogLikelihood: -64042.92441176168 
RDR LogLikelihood: 8898077.185669445

Clonal Tree 5 
[(0, 3), (0, 5), (3, 4), (5, 6)] 
Loss Nodes:0
Node: 0 Cells: 0 Muts: 557 LostMuts: 0
Node: 3 Cells: 1384 Muts: 258 LostMuts: 0
Node: 4 Cells: 1930 Muts: 373 LostMuts: 0
Node: 5 Cells: 889 Muts: 884 LostMuts: 0
Node: 6 Cells: 768 Muts: 328 LostMuts: 0
Total Cells: 4971 Total Muts: 2400

Tree: 5 LogLikelihood: 8831021.126979683
Variant LogLikelihood: -67056.05868976179 
RDR LogLikelihood: 8898077.185669445

Clonal Tree 6 
[(0, 1)] 
Loss Nodes:0
Node: 0 Cells: 3314 Muts: 1037 LostMuts: 0
Node: 1 Cells: 1657 Muts: 1363 LostMuts: 0
Total Cells: 4971 Total Muts: 2400

Tree: 6 LogLikelihood: 7948471.21545418
Variant LogLikelihood: -84762.2554821962 
RDR LogLikelihood: 8033233.470936377

Clonal Tree 7 
[(0, 1), (1, 2), (1, 3)] 
Loss Nodes:0
Node: 0 Cells: 3314 Muts: 1037 LostMuts: 0
Node: 1 Cells: 0 Muts: 593 LostMuts: 0
Node: 2 Cells: 889 Muts: 382 LostMuts: 0
Node: 3 Cells: 768 Muts: 388 LostMuts: 0
Total Cells: 4971 Total Muts: 2400

Tree: 7 LogLikelihood: 8818193.349426532
Variant LogLikelihood: -79883.83624291253 
RDR LogLikelihood: 8898077.185669445

Clonal Tree 8 
[(0, 1), (1, 2)] 
Loss Nodes:0
Node: 0 Cells: 3314 Muts: 1037 LostMuts: 0
Node: 1 Cells: 889 Muts: 884 LostMuts: 0
Node: 2 Cells: 768 Muts: 479 LostMuts: 0
Total Cells: 4971 Total Muts: 2400

Tree: 8 LogLikelihood: 8814967.519058496
Variant LogLikelihood: -83109.66661095037 
RDR LogLikelihood: 8898077.185669445

\Phertilizer Tree....
Clonal Tree 4 
[(0, 3), (0, 5), (3, 4), (5, 6), (5, 7)] 
Loss Nodes:0
Node: 0 Cells: 0 Muts: 557 LostMuts: 0
Node: 3 Cells: 1384 Muts: 258 LostMuts: 0
Node: 4 Cells: 1930 Muts: 373 LostMuts: 0
Node: 5 Cells: 0 Muts: 593 LostMuts: 0
Node: 6 Cells: 889 Muts: 317 LostMuts: 0
Node: 7 Cells: 768 Muts: 302 LostMuts: 0
Total Cells: 4971 Total Muts: 2400
Saving files.....
Thanks for planting a tree! See you later, friend.
