/scratch/data/leah/phertilizer/src/branching_split.py:108: RuntimeWarning: invalid value encountered in true_divide
  tmb = mut_var_count_by_cell/mut_total_reads_by_cell
/scratch/data/leah/phertilizer/src/branching_split.py:108: RuntimeWarning: invalid value encountered in true_divide
  tmb = mut_var_count_by_cell/mut_total_reads_by_cell
/scratch/data/leah/phertilizer/src/branching_split.py:108: RuntimeWarning: invalid value encountered in true_divide
  tmb = mut_var_count_by_cell/mut_total_reads_by_cell
/scratch/data/leah/phertilizer/src/branching_split.py:108: RuntimeWarning: invalid value encountered in true_divide
  tmb = mut_var_count_by_cell/mut_total_reads_by_cell
/scratch/data/leah/phertilizer/src/branching_split.py:108: RuntimeWarning: invalid value encountered in true_divide
  tmb = mut_var_count_by_cell/mut_total_reads_by_cell
/scratch/data/leah/phertilizer/src/branching_split.py:108: RuntimeWarning: invalid value encountered in true_divide
  tmb = mut_var_count_by_cell/mut_total_reads_by_cell
/scratch/data/leah/phertilizer/src/linear_split.py:251: RuntimeWarning: invalid value encountered in true_divide
  tmb = mb_mut_count/mb_tot_count
INFO:root:Mb Count a: 1.2692778457772338 Mb Count b: 1.536624203821656
INFO:root:Mb Count a: 0.3047735618115055 Mb Count b: 2.087579617834395
INFO:root:Mb Count a: 1.2325581395348837 Mb Count b: 1.5509554140127388
INFO:root:Mb Count a: 0.3047735618115055 Mb Count b: 2.087579617834395
/scratch/data/leah/phertilizer/src/linear_split.py:251: RuntimeWarning: invalid value encountered in true_divide
  tmb = mb_mut_count/mb_tot_count
INFO:root:Mb Count a: 1.303549571603427 Mb Count b: 1.5222929936305734
INFO:root:Mb Count a: 0.3047735618115055 Mb Count b: 2.087579617834395
/scratch/data/leah/phertilizer/src/linear_split.py:251: RuntimeWarning: invalid value encountered in true_divide
  tmb = mb_mut_count/mb_tot_count
INFO:root:Mb Count a: 0.6173120728929385 Mb Count b: 0.9603174603174603
INFO:root:Mb Count a: 0.00683371298405467 Mb Count b: 1.8465608465608465
INFO:root:Mb Count a: 0.5603644646924829 Mb Count b: 1.0052910052910053
INFO:root:Mb Count a: 0.00683371298405467 Mb Count b: 1.8465608465608465
INFO:root:Mb Count a: 0.5740318906605922 Mb Count b: 0.9444444444444444
INFO:root:Mb Count a: 0.00683371298405467 Mb Count b: 1.8465608465608465
/scratch/data/leah/phertilizer/src/linear_split.py:107: RuntimeWarning: invalid value encountered in true_divide
  vaf = binary_counts/binary_tcounts
INFO:root:Mb Count a: 1.1308724832214765 Mb Count b: 2.8368794326241136
INFO:root:Mb Count a: 0.0 Mb Count b: 1.4666666666666666
INFO:root:Mb Count a: 0.0 Mb Count b: 1.4952380952380953
/scratch/data/leah/phertilizer/src/linear_split.py:107: RuntimeWarning: invalid value encountered in true_divide
  vaf = binary_counts/binary_tcounts
/scratch/data/leah/phertilizer/src/linear_split.py:251: RuntimeWarning: invalid value encountered in true_divide
  tmb = mb_mut_count/mb_tot_count
INFO:root:Mb Count a: 1.0067340067340067 Mb Count b: 2.5985915492957745
INFO:root:Mb Count a: 0.08785529715762273 Mb Count b: 1.7884615384615385
INFO:root:Mb Count a: 0.035 Mb Count b: 1.6153846153846154
INFO:root:Mb Count a: 0.01240694789081886 Mb Count b: 1.5277777777777777
INFO:root:Mb Count a: 0.007425742574257425 Mb Count b: 1.457142857142857
INFO:root:Mb Count a: 0.007425742574257425 Mb Count b: 1.457142857142857
/scratch/data/leah/phertilizer/src/linear_split.py:107: RuntimeWarning: invalid value encountered in true_divide
  vaf = binary_counts/binary_tcounts
INFO:root:Mb Count a: 0.8078602620087336 Mb Count b: 2.419047619047619
INFO:root:Mb Count a: 0.0 Mb Count b: 1.5617283950617284
INFO:root:Mb Count a: 0.0 Mb Count b: 1.5962732919254659
INFO:root:Mb Count a: 0.0 Mb Count b: 1.5962732919254659
/scratch/data/leah/phertilizer/src/linear_split.py:107: RuntimeWarning: invalid value encountered in true_divide
  vaf = binary_counts/binary_tcounts
INFO:root:Mb Count a: 1.1216216216216217 Mb Count b: 2.712962962962963
INFO:root:Mb Count a: 0.0 Mb Count b: 1.3333333333333333
INFO:root:Mb Count a: 0.0 Mb Count b: 1.3333333333333333
/scratch/data/leah/phertilizer/src/linear_split.py:107: RuntimeWarning: invalid value encountered in true_divide
  vaf = binary_counts/binary_tcounts
INFO:root:Mb Count a: 1.0580204778156996 Mb Count b: 2.5585585585585586
INFO:root:Mb Count a: 0.0 Mb Count b: 1.34375
INFO:root:Mb Count a: 0.14987080103359174 Mb Count b: 1.9411764705882353
INFO:root:Mb Count a: 0.02284263959390863 Mb Count b: 2.1
INFO:root:Mb Count a: 0.0 Mb Count b: 1.7692307692307692
INFO:root:Mb Count a: 0.0 Mb Count b: 1.7692307692307692
/scratch/data/leah/phertilizer/src/linear_split.py:107: RuntimeWarning: invalid value encountered in true_divide
  vaf = binary_counts/binary_tcounts
/scratch/data/leah/phertilizer/src/linear_split.py:251: RuntimeWarning: invalid value encountered in true_divide
  tmb = mb_mut_count/mb_tot_count
INFO:root:Mb Count a: 0.0 Mb Count b: 1.9426751592356688
INFO:root:Mb Count a: 0.0 Mb Count b: 1.46
INFO:root:Mb Count a: 0.0 Mb Count b: 1.68
/scratch/data/leah/phertilizer/src/linear_split.py:107: RuntimeWarning: invalid value encountered in true_divide
  vaf = binary_counts/binary_tcounts
INFO:root:Mb Count a: 0.0 Mb Count b: 1.732899022801303
INFO:root:Mb Count a: 0.0 Mb Count b: 1.3957219251336899
INFO:root:Mb Count a: 0.0 Mb Count b: 1.675531914893617
INFO:root:Mb Count a: 0.0 Mb Count b: 1.675531914893617
/scratch/data/leah/phertilizer/src/linear_split.py:107: RuntimeWarning: invalid value encountered in true_divide
  vaf = binary_counts/binary_tcounts
INFO:root:Mb Count a: 1.10752688172043 Mb Count b: 2.4732142857142856
INFO:root:Mb Count a: 0.0 Mb Count b: 1.3529411764705883
INFO:root:Mb Count a: 0.0 Mb Count b: 1.3823529411764706
/scratch/data/leah/phertilizer/src/linear_split.py:107: RuntimeWarning: invalid value encountered in true_divide
  vaf = binary_counts/binary_tcounts
/scratch/data/leah/phertilizer/src/linear_split.py:251: RuntimeWarning: invalid value encountered in true_divide
  tmb = mb_mut_count/mb_tot_count
INFO:root:Mb Count a: 0.9833887043189369 Mb Count b: 2.8777777777777778
INFO:root:Mb Count a: 0.0 Mb Count b: 1.1956521739130435
INFO:root:Mb Count a: 0.0 Mb Count b: 1.2173913043478262
/scratch/data/leah/phertilizer/src/linear_split.py:107: RuntimeWarning: invalid value encountered in true_divide
  vaf = binary_counts/binary_tcounts
INFO:root:Mb Count a: 0.7935779816513762 Mb Count b: 2.440944881889764
INFO:root:Mb Count a: 0.21172638436482086 Mb Count b: 2.1052631578947367
INFO:root:Mb Count a: 0.0513595166163142 Mb Count b: 1.9285714285714286
INFO:root:Mb Count a: 0.0 Mb Count b: 1.6
INFO:root:Mb Count a: 0.0 Mb Count b: 1.6
/scratch/data/leah/phertilizer/src/linear_split.py:107: RuntimeWarning: invalid value encountered in true_divide
  vaf = binary_counts/binary_tcounts
INFO:root:Mb Count a: 0.0 Mb Count b: 1.6945454545454546
/scratch/data/leah/phertilizer/src/linear_split.py:251: RuntimeWarning: invalid value encountered in true_divide
  tmb = mb_mut_count/mb_tot_count
INFO:root:Mb Count a: 0.0 Mb Count b: 1.2587412587412588
INFO:root:Mb Count a: 0.0 Mb Count b: 1.5524475524475525
/scratch/data/leah/phertilizer/src/linear_split.py:107: RuntimeWarning: invalid value encountered in true_divide
  vaf = binary_counts/binary_tcounts
/scratch/data/leah/phertilizer/src/linear_split.py:251: RuntimeWarning: invalid value encountered in true_divide
  tmb = mb_mut_count/mb_tot_count
INFO:root:Mb Count a: 0.5662650602409639 Mb Count b: 2.122905027932961
INFO:root:Mb Count a: 0.0 Mb Count b: 1.434782608695652
INFO:root:Mb Count a: 0.0 Mb Count b: 1.5304347826086957
/scratch/data/leah/phertilizer/src/linear_split.py:107: RuntimeWarning: invalid value encountered in true_divide
  vaf = binary_counts/binary_tcounts
/scratch/data/leah/phertilizer/src/linear_split.py:251: RuntimeWarning: invalid value encountered in true_divide
  tmb = mb_mut_count/mb_tot_count
INFO:root:Mb Count a: 0.7065217391304348 Mb Count b: 2.287671232876712
INFO:root:Mb Count a: 0.0 Mb Count b: 1.4411764705882353
INFO:root:Mb Count a: 0.0 Mb Count b: 1.4803921568627452
/scratch/data/leah/phertilizer/src/linear_split.py:107: RuntimeWarning: invalid value encountered in true_divide
  vaf = binary_counts/binary_tcounts
INFO:root:Mb Count a: 0.7990654205607477 Mb Count b: 2.043103448275862
INFO:root:Mb Count a: 0.0 Mb Count b: 1.3064516129032258
INFO:root:Mb Count a: 0.0 Mb Count b: 1.3709677419354838
/scratch/data/leah/phertilizer/src/linear_split.py:107: RuntimeWarning: invalid value encountered in true_divide
  vaf = binary_counts/binary_tcounts
/scratch/data/leah/phertilizer/src/linear_split.py:251: RuntimeWarning: invalid value encountered in true_divide
  tmb = mb_mut_count/mb_tot_count
INFO:root:Mb Count a: 0.0 Mb Count b: 1.7596899224806202
INFO:root:Mb Count a: 0.0 Mb Count b: 1.3625
INFO:root:Mb Count a: 0.0 Mb Count b: 1.55625
/scratch/data/leah/phertilizer/src/branching_split.py:108: RuntimeWarning: invalid value encountered in true_divide
  tmb = mut_var_count_by_cell/mut_total_reads_by_cell
/scratch/data/leah/phertilizer/src/branching_split.py:108: RuntimeWarning: invalid value encountered in true_divide
  tmb = mut_var_count_by_cell/mut_total_reads_by_cell
/scratch/data/leah/phertilizer/src/branching_split.py:108: RuntimeWarning: invalid value encountered in true_divide
  tmb = mut_var_count_by_cell/mut_total_reads_by_cell
/scratch/data/leah/phertilizer/src/branching_split.py:108: RuntimeWarning: invalid value encountered in true_divide
  tmb = mut_var_count_by_cell/mut_total_reads_by_cell
/scratch/data/leah/phertilizer/src/branching_split.py:108: RuntimeWarning: invalid value encountered in true_divide
  tmb = mut_var_count_by_cell/mut_total_reads_by_cell
/scratch/data/leah/phertilizer/src/branching_split.py:108: RuntimeWarning: invalid value encountered in true_divide
  tmb = mut_var_count_by_cell/mut_total_reads_by_cell
/scratch/data/leah/phertilizer/src/linear_split.py:251: RuntimeWarning: invalid value encountered in true_divide
  tmb = mb_mut_count/mb_tot_count
INFO:root:Mb Count a: 0.8519108280254777 Mb Count b: 0.9366197183098591
/scratch/data/leah/phertilizer/src/linear_split.py:251: RuntimeWarning: invalid value encountered in true_divide
  tmb = mb_mut_count/mb_tot_count
INFO:root:Mb Count a: 0.025477707006369428 Mb Count b: 1.1314553990610328
/scratch/data/leah/phertilizer/src/linear_split.py:251: RuntimeWarning: invalid value encountered in true_divide
  tmb = mb_mut_count/mb_tot_count
INFO:root:Mb Count a: 0.8519108280254777 Mb Count b: 0.9624413145539906
/scratch/data/leah/phertilizer/src/linear_split.py:251: RuntimeWarning: invalid value encountered in true_divide
  tmb = mb_mut_count/mb_tot_count
INFO:root:Mb Count a: 0.025477707006369428 Mb Count b: 1.1314553990610328
/scratch/data/leah/phertilizer/src/linear_split.py:251: RuntimeWarning: invalid value encountered in true_divide
  tmb = mb_mut_count/mb_tot_count
INFO:root:Mb Count a: 0.767515923566879 Mb Count b: 1.0469483568075117
/scratch/data/leah/phertilizer/src/linear_split.py:251: RuntimeWarning: invalid value encountered in true_divide
  tmb = mb_mut_count/mb_tot_count
INFO:root:Mb Count a: 0.025477707006369428 Mb Count b: 1.1314553990610328
/scratch/data/leah/phertilizer/src/linear_split.py:107: RuntimeWarning: invalid value encountered in true_divide
  vaf = binary_counts/binary_tcounts
/scratch/data/leah/phertilizer/src/linear_split.py:251: RuntimeWarning: invalid value encountered in true_divide
  tmb = mb_mut_count/mb_tot_count
INFO:root:Mb Count a: 0.9747368421052631 Mb Count b: 2.2026143790849675
/scratch/data/leah/phertilizer/src/linear_split.py:251: RuntimeWarning: invalid value encountered in true_divide
  tmb = mb_mut_count/mb_tot_count
INFO:root:Mb Count a: 0.09364548494983277 Mb Count b: 1.4
/scratch/data/leah/phertilizer/src/linear_split.py:251: RuntimeWarning: invalid value encountered in true_divide
  tmb = mb_mut_count/mb_tot_count
INFO:root:Mb Count a: 0.0 Mb Count b: 1.1388888888888888
/scratch/data/leah/phertilizer/src/linear_split.py:251: RuntimeWarning: invalid value encountered in true_divide
  tmb = mb_mut_count/mb_tot_count
INFO:root:Mb Count a: 0.0 Mb Count b: 1.1666666666666667
/scratch/data/leah/phertilizer/src/linear_split.py:107: RuntimeWarning: invalid value encountered in true_divide
  vaf = binary_counts/binary_tcounts
/scratch/data/leah/phertilizer/src/linear_split.py:251: RuntimeWarning: invalid value encountered in true_divide
  tmb = mb_mut_count/mb_tot_count
INFO:root:Mb Count a: 0.9222222222222223 Mb Count b: 2.1853932584269664
/scratch/data/leah/phertilizer/src/linear_split.py:251: RuntimeWarning: invalid value encountered in true_divide
  tmb = mb_mut_count/mb_tot_count
INFO:root:Mb Count a: 0.0 Mb Count b: 1.2346938775510203
/scratch/data/leah/phertilizer/src/linear_split.py:251: RuntimeWarning: invalid value encountered in true_divide
  tmb = mb_mut_count/mb_tot_count
INFO:root:Mb Count a: 0.0 Mb Count b: 1.233009708737864
/scratch/data/leah/phertilizer/src/linear_split.py:251: RuntimeWarning: invalid value encountered in true_divide
  tmb = mb_mut_count/mb_tot_count
INFO:root:Mb Count a: 0.0 Mb Count b: 1.2549019607843137
/scratch/data/leah/phertilizer/src/linear_split.py:251: RuntimeWarning: invalid value encountered in true_divide
  tmb = mb_mut_count/mb_tot_count
INFO:root:Mb Count a: 0.0 Mb Count b: 1.2549019607843137
/scratch/data/leah/phertilizer/src/linear_split.py:107: RuntimeWarning: invalid value encountered in true_divide
  vaf = binary_counts/binary_tcounts
/scratch/data/leah/phertilizer/src/linear_split.py:251: RuntimeWarning: invalid value encountered in true_divide
  tmb = mb_mut_count/mb_tot_count
INFO:root:Mb Count a: 1.0337837837837838 Mb Count b: 2.217391304347826
/scratch/data/leah/phertilizer/src/linear_split.py:251: RuntimeWarning: invalid value encountered in true_divide
  tmb = mb_mut_count/mb_tot_count
INFO:root:Mb Count a: 0.0 Mb Count b: 1.2621359223300972
/scratch/data/leah/phertilizer/src/linear_split.py:251: RuntimeWarning: invalid value encountered in true_divide
  tmb = mb_mut_count/mb_tot_count
INFO:root:Mb Count a: 0.0 Mb Count b: 1.2547169811320755
/scratch/data/leah/phertilizer/src/linear_split.py:251: RuntimeWarning: invalid value encountered in true_divide
  tmb = mb_mut_count/mb_tot_count
INFO:root:Mb Count a: 0.0 Mb Count b: 1.2735849056603774
/scratch/data/leah/phertilizer/src/linear_split.py:107: RuntimeWarning: invalid value encountered in true_divide
  vaf = binary_counts/binary_tcounts
/scratch/data/leah/phertilizer/src/linear_split.py:251: RuntimeWarning: invalid value encountered in true_divide
  tmb = mb_mut_count/mb_tot_count
INFO:root:Mb Count a: 0.6051779935275081 Mb Count b: 2.087557603686636
/scratch/data/leah/phertilizer/src/linear_split.py:251: RuntimeWarning: invalid value encountered in true_divide
  tmb = mb_mut_count/mb_tot_count
INFO:root:Mb Count a: 0.2224622030237581 Mb Count b: 1.7301587301587302
/scratch/data/leah/phertilizer/src/linear_split.py:251: RuntimeWarning: invalid value encountered in true_divide
  tmb = mb_mut_count/mb_tot_count
INFO:root:Mb Count a: 0.05426356589147287 Mb Count b: 1.3
/scratch/data/leah/phertilizer/src/linear_split.py:251: RuntimeWarning: invalid value encountered in true_divide
  tmb = mb_mut_count/mb_tot_count
INFO:root:Mb Count a: 0.0 Mb Count b: 1.1666666666666667
/scratch/data/leah/phertilizer/src/linear_split.py:251: RuntimeWarning: invalid value encountered in true_divide
  tmb = mb_mut_count/mb_tot_count
INFO:root:Mb Count a: 0.0 Mb Count b: 1.1666666666666667
/scratch/data/leah/phertilizer/src/linear_split.py:107: RuntimeWarning: invalid value encountered in true_divide
  vaf = binary_counts/binary_tcounts
/scratch/data/leah/phertilizer/src/linear_split.py:251: RuntimeWarning: invalid value encountered in true_divide
  tmb = mb_mut_count/mb_tot_count
INFO:root:Mb Count a: 0.0 Mb Count b: 1.745049504950495
/scratch/data/leah/phertilizer/src/linear_split.py:251: RuntimeWarning: invalid value encountered in true_divide
  tmb = mb_mut_count/mb_tot_count
INFO:root:Mb Count a: 0.32934131736526945 Mb Count b: 1.7864583333333333
INFO:root:Mb Count a: 0.20734341252699784 Mb Count b: 1.6666666666666667
/scratch/data/leah/phertilizer/src/linear_split.py:251: RuntimeWarning: invalid value encountered in true_divide
  tmb = mb_mut_count/mb_tot_count
INFO:root:Mb Count a: 0.0 Mb Count b: 1.3666666666666667
/scratch/data/leah/phertilizer/src/linear_split.py:251: RuntimeWarning: invalid value encountered in true_divide
  tmb = mb_mut_count/mb_tot_count
INFO:root:Mb Count a: 0.0 Mb Count b: 1.3666666666666667
/scratch/data/leah/phertilizer/src/linear_split.py:107: RuntimeWarning: invalid value encountered in true_divide
  vaf = binary_counts/binary_tcounts
/scratch/data/leah/phertilizer/src/linear_split.py:251: RuntimeWarning: invalid value encountered in true_divide
  tmb = mb_mut_count/mb_tot_count
INFO:root:Mb Count a: 0.9869109947643979 Mb Count b: 2.3472222222222223
/scratch/data/leah/phertilizer/src/linear_split.py:251: RuntimeWarning: invalid value encountered in true_divide
  tmb = mb_mut_count/mb_tot_count
INFO:root:Mb Count a: 0.12085769980506822 Mb Count b: 1.1538461538461537
/scratch/data/leah/phertilizer/src/linear_split.py:251: RuntimeWarning: invalid value encountered in true_divide
  tmb = mb_mut_count/mb_tot_count
INFO:root:Mb Count a: 0.0 Mb Count b: 1.0
/scratch/data/leah/phertilizer/src/linear_split.py:251: RuntimeWarning: invalid value encountered in true_divide
  tmb = mb_mut_count/mb_tot_count
INFO:root:Mb Count a: 0.0 Mb Count b: 1.0
/scratch/data/leah/phertilizer/src/linear_split.py:107: RuntimeWarning: invalid value encountered in true_divide
  vaf = binary_counts/binary_tcounts
/scratch/data/leah/phertilizer/src/linear_split.py:251: RuntimeWarning: invalid value encountered in true_divide
  tmb = mb_mut_count/mb_tot_count
INFO:root:Mb Count a: 0.6507352941176471 Mb Count b: 2.013392857142857
/scratch/data/leah/phertilizer/src/linear_split.py:251: RuntimeWarning: invalid value encountered in true_divide
  tmb = mb_mut_count/mb_tot_count
INFO:root:Mb Count a: 0.0 Mb Count b: 1.4472049689440993
/scratch/data/leah/phertilizer/src/linear_split.py:251: RuntimeWarning: invalid value encountered in true_divide
  tmb = mb_mut_count/mb_tot_count
INFO:root:Mb Count a: 0.0 Mb Count b: 1.4782608695652173
/scratch/data/leah/phertilizer/src/linear_split.py:107: RuntimeWarning: invalid value encountered in true_divide
  vaf = binary_counts/binary_tcounts
/scratch/data/leah/phertilizer/src/linear_split.py:251: RuntimeWarning: invalid value encountered in true_divide
  tmb = mb_mut_count/mb_tot_count
INFO:root:Mb Count a: 0.0 Mb Count b: 1.67621776504298
INFO:root:Mb Count a: 0.0 Mb Count b: 1.5949820788530467
INFO:root:Mb Count a: 0.0 Mb Count b: 1.6559139784946237
/scratch/data/leah/phertilizer/src/linear_split.py:107: RuntimeWarning: invalid value encountered in true_divide
  vaf = binary_counts/binary_tcounts
/scratch/data/leah/phertilizer/src/linear_split.py:251: RuntimeWarning: invalid value encountered in true_divide
  tmb = mb_mut_count/mb_tot_count
INFO:root:Mb Count a: 0.0 Mb Count b: 1.6336898395721926
/scratch/data/leah/phertilizer/src/linear_split.py:251: RuntimeWarning: invalid value encountered in true_divide
  tmb = mb_mut_count/mb_tot_count
INFO:root:Mb Count a: 0.0 Mb Count b: 1.4384057971014492
INFO:root:Mb Count a: 0.0 Mb Count b: 1.6014492753623188
/scratch/data/leah/phertilizer/src/linear_split.py:107: RuntimeWarning: invalid value encountered in true_divide
  vaf = binary_counts/binary_tcounts
/scratch/data/leah/phertilizer/src/linear_split.py:251: RuntimeWarning: invalid value encountered in true_divide
  tmb = mb_mut_count/mb_tot_count
INFO:root:Mb Count a: 0.47305389221556887 Mb Count b: 1.7261904761904763
/scratch/data/leah/phertilizer/src/linear_split.py:251: RuntimeWarning: invalid value encountered in true_divide
  tmb = mb_mut_count/mb_tot_count
INFO:root:Mb Count a: 0.0 Mb Count b: 1.5151515151515151
/scratch/data/leah/phertilizer/src/linear_split.py:251: RuntimeWarning: invalid value encountered in true_divide
  tmb = mb_mut_count/mb_tot_count
INFO:root:Mb Count a: 0.16546762589928057 Mb Count b: 1.894736842105263
/scratch/data/leah/phertilizer/src/linear_split.py:251: RuntimeWarning: invalid value encountered in true_divide
  tmb = mb_mut_count/mb_tot_count
INFO:root:Mb Count a: 0.05351170568561873 Mb Count b: 1.6111111111111112
/scratch/data/leah/phertilizer/src/linear_split.py:251: RuntimeWarning: invalid value encountered in true_divide
  tmb = mb_mut_count/mb_tot_count
INFO:root:Mb Count a: 0.013071895424836602 Mb Count b: 1.5517241379310345
/scratch/data/leah/phertilizer/src/linear_split.py:251: RuntimeWarning: invalid value encountered in true_divide
  tmb = mb_mut_count/mb_tot_count
INFO:root:Mb Count a: 0.0 Mb Count b: 1.5517241379310345
/scratch/data/leah/phertilizer/src/linear_split.py:107: RuntimeWarning: invalid value encountered in true_divide
  vaf = binary_counts/binary_tcounts
/scratch/data/leah/phertilizer/src/linear_split.py:251: RuntimeWarning: invalid value encountered in true_divide
  tmb = mb_mut_count/mb_tot_count
INFO:root:Mb Count a: 0.0 Mb Count b: 1.5741626794258374
INFO:root:Mb Count a: 0.0 Mb Count b: 1.3741935483870968
INFO:root:Mb Count a: 0.0 Mb Count b: 1.4774193548387098
/scratch/data/leah/phertilizer/src/linear_split.py:107: RuntimeWarning: invalid value encountered in true_divide
  vaf = binary_counts/binary_tcounts
/scratch/data/leah/phertilizer/src/linear_split.py:251: RuntimeWarning: invalid value encountered in true_divide
  tmb = mb_mut_count/mb_tot_count
INFO:root:Mb Count a: 0.0 Mb Count b: 1.514018691588785
/scratch/data/leah/phertilizer/src/linear_split.py:251: RuntimeWarning: invalid value encountered in true_divide
  tmb = mb_mut_count/mb_tot_count
INFO:root:Mb Count a: 0.0 Mb Count b: 1.3741007194244603
INFO:root:Mb Count a: 0.0 Mb Count b: 1.474820143884892
/scratch/data/leah/phertilizer/src/linear_split.py:107: RuntimeWarning: invalid value encountered in true_divide
  vaf = binary_counts/binary_tcounts
/scratch/data/leah/phertilizer/src/linear_split.py:251: RuntimeWarning: invalid value encountered in true_divide
  tmb = mb_mut_count/mb_tot_count
INFO:root:Mb Count a: 0.8508474576271187 Mb Count b: 1.5454545454545454
/scratch/data/leah/phertilizer/src/linear_split.py:251: RuntimeWarning: invalid value encountered in true_divide
  tmb = mb_mut_count/mb_tot_count
INFO:root:Mb Count a: 0.0 Mb Count b: 1.0
/scratch/data/leah/phertilizer/src/linear_split.py:251: RuntimeWarning: invalid value encountered in true_divide
  tmb = mb_mut_count/mb_tot_count
INFO:root:Mb Count a: 0.0 Mb Count b: 1.0
/scratch/data/leah/phertilizer/src/linear_split.py:107: RuntimeWarning: invalid value encountered in true_divide
  vaf = binary_counts/binary_tcounts
/scratch/data/leah/phertilizer/src/linear_split.py:251: RuntimeWarning: invalid value encountered in true_divide
  tmb = mb_mut_count/mb_tot_count
INFO:root:Mb Count a: 0.0 Mb Count b: 1.4270833333333333
INFO:root:Mb Count a: 0.0 Mb Count b: 1.2636363636363637
INFO:root:Mb Count a: 0.0 Mb Count b: 1.3545454545454545
/scratch/data/leah/phertilizer/src/linear_split.py:107: RuntimeWarning: invalid value encountered in true_divide
  vaf = binary_counts/binary_tcounts
/scratch/data/leah/phertilizer/src/linear_split.py:251: RuntimeWarning: invalid value encountered in true_divide
  tmb = mb_mut_count/mb_tot_count
INFO:root:Mb Count a: 0.4074074074074074 Mb Count b: 1.7638888888888888
/scratch/data/leah/phertilizer/src/linear_split.py:251: RuntimeWarning: invalid value encountered in true_divide
  tmb = mb_mut_count/mb_tot_count
INFO:root:Mb Count a: 0.0 Mb Count b: 1.375
/scratch/data/leah/phertilizer/src/linear_split.py:251: RuntimeWarning: invalid value encountered in true_divide
  tmb = mb_mut_count/mb_tot_count
INFO:root:Mb Count a: 0.0 Mb Count b: 1.375
/scratch/data/leah/phertilizer/src/branching_split.py:108: RuntimeWarning: invalid value encountered in true_divide
  tmb = mut_var_count_by_cell/mut_total_reads_by_cell
/scratch/data/leah/phertilizer/src/branching_split.py:108: RuntimeWarning: invalid value encountered in true_divide
  tmb = mut_var_count_by_cell/mut_total_reads_by_cell
/scratch/data/leah/phertilizer/src/branching_split.py:108: RuntimeWarning: invalid value encountered in true_divide
  tmb = mut_var_count_by_cell/mut_total_reads_by_cell
/scratch/data/leah/phertilizer/src/branching_split.py:108: RuntimeWarning: invalid value encountered in true_divide
  tmb = mut_var_count_by_cell/mut_total_reads_by_cell
/scratch/data/leah/phertilizer/src/branching_split.py:108: RuntimeWarning: invalid value encountered in true_divide
  tmb = mut_var_count_by_cell/mut_total_reads_by_cell
/scratch/data/leah/phertilizer/src/branching_split.py:108: RuntimeWarning: invalid value encountered in true_divide
  tmb = mut_var_count_by_cell/mut_total_reads_by_cell
/scratch/data/leah/phertilizer/src/linear_split.py:251: RuntimeWarning: invalid value encountered in true_divide
  tmb = mb_mut_count/mb_tot_count
INFO:root:Mb Count a: 0.5031055900621118 Mb Count b: 0.6431924882629108
/scratch/data/leah/phertilizer/src/linear_split.py:251: RuntimeWarning: invalid value encountered in true_divide
  tmb = mb_mut_count/mb_tot_count
INFO:root:Mb Count a: 0.003105590062111801 Mb Count b: 0.9953051643192489
/scratch/data/leah/phertilizer/src/linear_split.py:251: RuntimeWarning: invalid value encountered in true_divide
  tmb = mb_mut_count/mb_tot_count
INFO:root:Mb Count a: 0.6126760563380281 Mb Count b: 0.6366459627329193
/scratch/data/leah/phertilizer/src/linear_split.py:251: RuntimeWarning: invalid value encountered in true_divide
  tmb = mb_mut_count/mb_tot_count
INFO:root:Mb Count a: 0.06103286384976526 Mb Count b: 1.204968944099379
/scratch/data/leah/phertilizer/src/linear_split.py:251: RuntimeWarning: invalid value encountered in true_divide
  tmb = mb_mut_count/mb_tot_count
INFO:root:Mb Count a: 0.593167701863354 Mb Count b: 0.6197183098591549
/scratch/data/leah/phertilizer/src/linear_split.py:251: RuntimeWarning: invalid value encountered in true_divide
  tmb = mb_mut_count/mb_tot_count
INFO:root:Mb Count a: 0.003105590062111801 Mb Count b: 0.9953051643192489
/scratch/data/leah/phertilizer/src/linear_split.py:107: RuntimeWarning: invalid value encountered in true_divide
  vaf = binary_counts/binary_tcounts
/scratch/data/leah/phertilizer/src/linear_split.py:251: RuntimeWarning: invalid value encountered in true_divide
  tmb = mb_mut_count/mb_tot_count
INFO:root:Mb Count a: 0.8469750889679716 Mb Count b: 1.1219512195121952
/scratch/data/leah/phertilizer/src/linear_split.py:251: RuntimeWarning: invalid value encountered in true_divide
  tmb = mb_mut_count/mb_tot_count
INFO:root:Mb Count a: 0.0 Mb Count b: 1.0
/scratch/data/leah/phertilizer/src/linear_split.py:251: RuntimeWarning: invalid value encountered in true_divide
  tmb = mb_mut_count/mb_tot_count
INFO:root:Mb Count a: 0.0 Mb Count b: 1.0
/scratch/data/leah/phertilizer/src/linear_split.py:107: RuntimeWarning: invalid value encountered in true_divide
  vaf = binary_counts/binary_tcounts
/scratch/data/leah/phertilizer/src/linear_split.py:251: RuntimeWarning: invalid value encountered in true_divide
  tmb = mb_mut_count/mb_tot_count
INFO:root:Mb Count a: 0.7582781456953642 Mb Count b: 1.05
/scratch/data/leah/phertilizer/src/linear_split.py:251: RuntimeWarning: invalid value encountered in true_divide
  tmb = mb_mut_count/mb_tot_count
INFO:root:Mb Count a: 0.0 Mb Count b: 1.0
/scratch/data/leah/phertilizer/src/linear_split.py:251: RuntimeWarning: invalid value encountered in true_divide
  tmb = mb_mut_count/mb_tot_count
INFO:root:Mb Count a: 0.0 Mb Count b: 1.0
/scratch/data/leah/phertilizer/src/linear_split.py:107: RuntimeWarning: invalid value encountered in true_divide
  vaf = binary_counts/binary_tcounts
/scratch/data/leah/phertilizer/src/linear_split.py:251: RuntimeWarning: invalid value encountered in true_divide
  tmb = mb_mut_count/mb_tot_count
INFO:root:Mb Count a: 0.8523489932885906 Mb Count b: 1.2083333333333333
/scratch/data/leah/phertilizer/src/linear_split.py:251: RuntimeWarning: invalid value encountered in true_divide
  tmb = mb_mut_count/mb_tot_count
INFO:root:Mb Count a: 0.0 Mb Count b: 1.2
/scratch/data/leah/phertilizer/src/linear_split.py:251: RuntimeWarning: invalid value encountered in true_divide
  tmb = mb_mut_count/mb_tot_count
INFO:root:Mb Count a: 0.0 Mb Count b: 1.2
/scratch/data/leah/phertilizer/src/branching_split.py:108: RuntimeWarning: invalid value encountered in true_divide
  tmb = mut_var_count_by_cell/mut_total_reads_by_cell
/scratch/data/leah/phertilizer/src/linear_split.py:251: RuntimeWarning: invalid value encountered in true_divide
  tmb = mb_mut_count/mb_tot_count
INFO:root:Mb Count a: 0.1875 Mb Count b: 0.48677248677248675
/scratch/data/leah/phertilizer/src/linear_split.py:251: RuntimeWarning: invalid value encountered in true_divide
  tmb = mb_mut_count/mb_tot_count
INFO:root:Mb Count a: 0.0 Mb Count b: 0.31746031746031744
/scratch/data/leah/phertilizer/src/linear_split.py:251: RuntimeWarning: invalid value encountered in true_divide
  tmb = mb_mut_count/mb_tot_count
INFO:root:Mb Count a: 0.125 Mb Count b: 0.47619047619047616
/scratch/data/leah/phertilizer/src/linear_split.py:251: RuntimeWarning: invalid value encountered in true_divide
  tmb = mb_mut_count/mb_tot_count
INFO:root:Mb Count a: 0.0 Mb Count b: 0.31746031746031744
/scratch/data/leah/phertilizer/src/linear_split.py:251: RuntimeWarning: invalid value encountered in true_divide
  tmb = mb_mut_count/mb_tot_count
INFO:root:Mb Count a: 0.08333333333333333 Mb Count b: 0.5158730158730159
/scratch/data/leah/phertilizer/src/linear_split.py:251: RuntimeWarning: invalid value encountered in true_divide
  tmb = mb_mut_count/mb_tot_count
INFO:root:Mb Count a: 0.0 Mb Count b: 0.31746031746031744
/scratch/data/leah/phertilizer/src/branching_split.py:108: RuntimeWarning: invalid value encountered in true_divide
  tmb = mut_var_count_by_cell/mut_total_reads_by_cell
/scratch/data/leah/phertilizer/src/branching_split.py:108: RuntimeWarning: invalid value encountered in true_divide
  tmb = mut_var_count_by_cell/mut_total_reads_by_cell
/scratch/data/leah/phertilizer/src/linear_split.py:251: RuntimeWarning: invalid value encountered in true_divide
  tmb = mb_mut_count/mb_tot_count
INFO:root:Mb Count a: 0.25 Mb Count b: 0.5105820105820106
/scratch/data/leah/phertilizer/src/linear_split.py:251: RuntimeWarning: invalid value encountered in true_divide
  tmb = mb_mut_count/mb_tot_count
INFO:root:Mb Count a: 0.0 Mb Count b: 0.3253968253968254
/scratch/data/leah/phertilizer/src/linear_split.py:251: RuntimeWarning: invalid value encountered in true_divide
  tmb = mb_mut_count/mb_tot_count
INFO:root:Mb Count a: 0.2708333333333333 Mb Count b: 0.5238095238095238
/scratch/data/leah/phertilizer/src/linear_split.py:251: RuntimeWarning: invalid value encountered in true_divide
  tmb = mb_mut_count/mb_tot_count
INFO:root:Mb Count a: 0.0 Mb Count b: 0.3253968253968254
/scratch/data/leah/phertilizer/src/linear_split.py:251: RuntimeWarning: invalid value encountered in true_divide
  tmb = mb_mut_count/mb_tot_count
INFO:root:Mb Count a: 0.2708333333333333 Mb Count b: 0.5079365079365079
/scratch/data/leah/phertilizer/src/linear_split.py:251: RuntimeWarning: invalid value encountered in true_divide
  tmb = mb_mut_count/mb_tot_count
INFO:root:Mb Count a: 0.0 Mb Count b: 0.3253968253968254
/scratch/data/leah/phertilizer/src/branching_split.py:108: RuntimeWarning: invalid value encountered in true_divide
  tmb = mut_var_count_by_cell/mut_total_reads_by_cell
/scratch/data/leah/phertilizer/src/branching_split.py:108: RuntimeWarning: invalid value encountered in true_divide
  tmb = mut_var_count_by_cell/mut_total_reads_by_cell
/scratch/data/leah/phertilizer/src/branching_split.py:108: RuntimeWarning: invalid value encountered in true_divide
  tmb = mut_var_count_by_cell/mut_total_reads_by_cell
/scratch/data/leah/phertilizer/src/linear_split.py:251: RuntimeWarning: invalid value encountered in true_divide
  tmb = mb_mut_count/mb_tot_count
INFO:root:Mb Count a: 0.6375266524520256 Mb Count b: 1.1823899371069182
/scratch/data/leah/phertilizer/src/linear_split.py:251: RuntimeWarning: invalid value encountered in true_divide
  tmb = mb_mut_count/mb_tot_count
/scratch/data/leah/phertilizer/src/linear_split.py:251: RuntimeWarning: invalid value encountered in true_divide
  tmb = mb_mut_count/mb_tot_count
INFO:root:Mb Count a: 0.6235059760956175 Mb Count b: 1.2063492063492063
/scratch/data/leah/phertilizer/src/linear_split.py:251: RuntimeWarning: invalid value encountered in true_divide
  tmb = mb_mut_count/mb_tot_count
/scratch/data/leah/phertilizer/src/linear_split.py:251: RuntimeWarning: invalid value encountered in true_divide
  tmb = mb_mut_count/mb_tot_count
INFO:root:Mb Count a: 0.6434426229508197 Mb Count b: 1.2642857142857142
/scratch/data/leah/phertilizer/src/linear_split.py:251: RuntimeWarning: invalid value encountered in true_divide
  tmb = mb_mut_count/mb_tot_count
/scratch/data/leah/phertilizer/src/branching_split.py:108: RuntimeWarning: invalid value encountered in true_divide
  tmb = mut_var_count_by_cell/mut_total_reads_by_cell
/scratch/data/leah/phertilizer/src/linear_split.py:251: RuntimeWarning: invalid value encountered in true_divide
  tmb = mb_mut_count/mb_tot_count
INFO:root:Mb Count a: 0.2916666666666667 Mb Count b: 0.5714285714285714
/scratch/data/leah/phertilizer/src/linear_split.py:251: RuntimeWarning: invalid value encountered in true_divide
  tmb = mb_mut_count/mb_tot_count
INFO:root:Mb Count a: 0.0 Mb Count b: 0.335978835978836
/scratch/data/leah/phertilizer/src/linear_split.py:251: RuntimeWarning: invalid value encountered in true_divide
  tmb = mb_mut_count/mb_tot_count
INFO:root:Mb Count a: 0.25 Mb Count b: 0.5555555555555556
/scratch/data/leah/phertilizer/src/linear_split.py:251: RuntimeWarning: invalid value encountered in true_divide
  tmb = mb_mut_count/mb_tot_count
INFO:root:Mb Count a: 0.0 Mb Count b: 0.335978835978836
/scratch/data/leah/phertilizer/src/linear_split.py:251: RuntimeWarning: invalid value encountered in true_divide
  tmb = mb_mut_count/mb_tot_count
INFO:root:Mb Count a: 0.20833333333333334 Mb Count b: 0.5740740740740741
/scratch/data/leah/phertilizer/src/linear_split.py:251: RuntimeWarning: invalid value encountered in true_divide
  tmb = mb_mut_count/mb_tot_count
INFO:root:Mb Count a: 0.0 Mb Count b: 0.335978835978836
/scratch/data/leah/phertilizer/src/branching_split.py:108: RuntimeWarning: invalid value encountered in true_divide
  tmb = mut_var_count_by_cell/mut_total_reads_by_cell
/scratch/data/leah/phertilizer/src/branching_split.py:108: RuntimeWarning: invalid value encountered in true_divide
  tmb = mut_var_count_by_cell/mut_total_reads_by_cell
/scratch/data/leah/phertilizer/src/branching_split.py:108: RuntimeWarning: invalid value encountered in true_divide
  tmb = mut_var_count_by_cell/mut_total_reads_by_cell
/scratch/data/leah/phertilizer/src/branching_split.py:108: RuntimeWarning: invalid value encountered in true_divide
  tmb = mut_var_count_by_cell/mut_total_reads_by_cell
/scratch/data/leah/phertilizer/src/branching_split.py:108: RuntimeWarning: invalid value encountered in true_divide
  tmb = mut_var_count_by_cell/mut_total_reads_by_cell
/scratch/data/leah/phertilizer/src/branching_split.py:108: RuntimeWarning: invalid value encountered in true_divide
  tmb = mut_var_count_by_cell/mut_total_reads_by_cell
/scratch/data/leah/phertilizer/src/linear_split.py:251: RuntimeWarning: invalid value encountered in true_divide
  tmb = mb_mut_count/mb_tot_count
INFO:root:Mb Count a: 0.36446469248291574 Mb Count b: 0.6190476190476191
/scratch/data/leah/phertilizer/src/linear_split.py:251: RuntimeWarning: invalid value encountered in true_divide
  tmb = mb_mut_count/mb_tot_count
INFO:root:Mb Count a: 0.002277904328018223 Mb Count b: 1.164021164021164
/scratch/data/leah/phertilizer/src/linear_split.py:251: RuntimeWarning: invalid value encountered in true_divide
  tmb = mb_mut_count/mb_tot_count
INFO:root:Mb Count a: 0.33029612756264237 Mb Count b: 0.6137566137566137
/scratch/data/leah/phertilizer/src/linear_split.py:251: RuntimeWarning: invalid value encountered in true_divide
  tmb = mb_mut_count/mb_tot_count
INFO:root:Mb Count a: 0.002277904328018223 Mb Count b: 1.164021164021164
/scratch/data/leah/phertilizer/src/linear_split.py:251: RuntimeWarning: invalid value encountered in true_divide
  tmb = mb_mut_count/mb_tot_count
INFO:root:Mb Count a: 0.23917995444191345 Mb Count b: 0.6481481481481481
/scratch/data/leah/phertilizer/src/linear_split.py:251: RuntimeWarning: invalid value encountered in true_divide
  tmb = mb_mut_count/mb_tot_count
INFO:root:Mb Count a: 0.002277904328018223 Mb Count b: 1.164021164021164
/scratch/data/leah/phertilizer/src/linear_split.py:107: RuntimeWarning: invalid value encountered in true_divide
  vaf = binary_counts/binary_tcounts
/scratch/data/leah/phertilizer/src/linear_split.py:251: RuntimeWarning: invalid value encountered in true_divide
  tmb = mb_mut_count/mb_tot_count
INFO:root:Mb Count a: 0.5024752475247525 Mb Count b: 1.1428571428571428
/scratch/data/leah/phertilizer/src/linear_split.py:251: RuntimeWarning: invalid value encountered in true_divide
  tmb = mb_mut_count/mb_tot_count
INFO:root:Mb Count a: 0.0 Mb Count b: 0.9444444444444444
/scratch/data/leah/phertilizer/src/linear_split.py:251: RuntimeWarning: invalid value encountered in true_divide
  tmb = mb_mut_count/mb_tot_count
INFO:root:Mb Count a: 0.0 Mb Count b: 0.9444444444444444
/scratch/data/leah/phertilizer/src/linear_split.py:107: RuntimeWarning: invalid value encountered in true_divide
  vaf = binary_counts/binary_tcounts
/scratch/data/leah/phertilizer/src/linear_split.py:251: RuntimeWarning: invalid value encountered in true_divide
  tmb = mb_mut_count/mb_tot_count
INFO:root:Mb Count a: 0.537712895377129 Mb Count b: 1.1785714285714286
/scratch/data/leah/phertilizer/src/linear_split.py:251: RuntimeWarning: invalid value encountered in true_divide
  tmb = mb_mut_count/mb_tot_count
INFO:root:Mb Count a: 0.0 Mb Count b: 1.1666666666666667
/scratch/data/leah/phertilizer/src/linear_split.py:251: RuntimeWarning: invalid value encountered in true_divide
  tmb = mb_mut_count/mb_tot_count
INFO:root:Mb Count a: 0.0 Mb Count b: 1.1666666666666667
/scratch/data/leah/phertilizer/src/linear_split.py:107: RuntimeWarning: invalid value encountered in true_divide
  vaf = binary_counts/binary_tcounts
/scratch/data/leah/phertilizer/src/linear_split.py:251: RuntimeWarning: invalid value encountered in true_divide
  tmb = mb_mut_count/mb_tot_count
INFO:root:Mb Count a: 0.5245098039215687 Mb Count b: 1.064516129032258
/scratch/data/leah/phertilizer/src/linear_split.py:251: RuntimeWarning: invalid value encountered in true_divide
  tmb = mb_mut_count/mb_tot_count
INFO:root:Mb Count a: 0.0 Mb Count b: 1.0
/scratch/data/leah/phertilizer/src/linear_split.py:251: RuntimeWarning: invalid value encountered in true_divide
  tmb = mb_mut_count/mb_tot_count
INFO:root:Mb Count a: 0.0 Mb Count b: 1.0
/scratch/data/leah/phertilizer/src/linear_split.py:107: RuntimeWarning: invalid value encountered in true_divide
  vaf = binary_counts/binary_tcounts
/scratch/data/leah/phertilizer/src/linear_split.py:251: RuntimeWarning: invalid value encountered in true_divide
  tmb = mb_mut_count/mb_tot_count
INFO:root:Mb Count a: 0.41581632653061223 Mb Count b: 1.1724137931034482
/scratch/data/leah/phertilizer/src/linear_split.py:251: RuntimeWarning: invalid value encountered in true_divide
  tmb = mb_mut_count/mb_tot_count
INFO:root:Mb Count a: 0.0 Mb Count b: 0.9090909090909091
/scratch/data/leah/phertilizer/src/linear_split.py:251: RuntimeWarning: invalid value encountered in true_divide
  tmb = mb_mut_count/mb_tot_count
INFO:root:Mb Count a: 0.0 Mb Count b: 0.9090909090909091
/scratch/data/leah/phertilizer/src/linear_split.py:107: RuntimeWarning: invalid value encountered in true_divide
  vaf = binary_counts/binary_tcounts
/scratch/data/leah/phertilizer/src/linear_split.py:251: RuntimeWarning: invalid value encountered in true_divide
  tmb = mb_mut_count/mb_tot_count
INFO:root:Mb Count a: 0.0 Mb Count b: 1.1497326203208555
/scratch/data/leah/phertilizer/src/linear_split.py:251: RuntimeWarning: invalid value encountered in true_divide
  tmb = mb_mut_count/mb_tot_count
INFO:root:Mb Count a: 0.0 Mb Count b: 1.2222222222222223
/scratch/data/leah/phertilizer/src/linear_split.py:251: RuntimeWarning: invalid value encountered in true_divide
  tmb = mb_mut_count/mb_tot_count
INFO:root:Mb Count a: 0.0 Mb Count b: 1.2222222222222223
/scratch/data/leah/phertilizer/src/linear_split.py:107: RuntimeWarning: invalid value encountered in true_divide
  vaf = binary_counts/binary_tcounts
/scratch/data/leah/phertilizer/src/linear_split.py:251: RuntimeWarning: invalid value encountered in true_divide
  tmb = mb_mut_count/mb_tot_count
INFO:root:Mb Count a: 0.45758354755784064 Mb Count b: 1.03125
/scratch/data/leah/phertilizer/src/linear_split.py:251: RuntimeWarning: invalid value encountered in true_divide
  tmb = mb_mut_count/mb_tot_count
INFO:root:Mb Count a: 0.0 Mb Count b: 1.0
/scratch/data/leah/phertilizer/src/linear_split.py:251: RuntimeWarning: invalid value encountered in true_divide
  tmb = mb_mut_count/mb_tot_count
INFO:root:Mb Count a: 0.0 Mb Count b: 1.0
/scratch/data/leah/phertilizer/src/linear_split.py:107: RuntimeWarning: invalid value encountered in true_divide
  vaf = binary_counts/binary_tcounts
/scratch/data/leah/phertilizer/src/linear_split.py:251: RuntimeWarning: invalid value encountered in true_divide
  tmb = mb_mut_count/mb_tot_count
INFO:root:Mb Count a: 0.42670157068062825 Mb Count b: 1.1071428571428572
/scratch/data/leah/phertilizer/src/linear_split.py:251: RuntimeWarning: invalid value encountered in true_divide
  tmb = mb_mut_count/mb_tot_count
INFO:root:Mb Count a: 0.0 Mb Count b: 1.0
/scratch/data/leah/phertilizer/src/linear_split.py:251: RuntimeWarning: invalid value encountered in true_divide
  tmb = mb_mut_count/mb_tot_count
INFO:root:Mb Count a: 0.0 Mb Count b: 1.0
/scratch/data/leah/phertilizer/src/linear_split.py:107: RuntimeWarning: invalid value encountered in true_divide
  vaf = binary_counts/binary_tcounts
/scratch/data/leah/phertilizer/src/linear_split.py:251: RuntimeWarning: invalid value encountered in true_divide
  tmb = mb_mut_count/mb_tot_count
INFO:root:Mb Count a: 0.42159383033419023 Mb Count b: 1.0476190476190477
/scratch/data/leah/phertilizer/src/linear_split.py:251: RuntimeWarning: invalid value encountered in true_divide
  tmb = mb_mut_count/mb_tot_count
/scratch/data/leah/phertilizer/src/linear_split.py:261: RuntimeWarning: invalid value encountered in true_divide
  kernel = np.exp(-1*d_mat/snv_kernel_width(d_mat))
/scratch/data/leah/phertilizer/src/linear_split.py:107: RuntimeWarning: invalid value encountered in true_divide
  vaf = binary_counts/binary_tcounts
/scratch/data/leah/phertilizer/src/linear_split.py:251: RuntimeWarning: invalid value encountered in true_divide
  tmb = mb_mut_count/mb_tot_count
INFO:root:Mb Count a: 0.4476439790575916 Mb Count b: 1.1071428571428572
/scratch/data/leah/phertilizer/src/linear_split.py:251: RuntimeWarning: invalid value encountered in true_divide
  tmb = mb_mut_count/mb_tot_count
INFO:root:Mb Count a: 0.0 Mb Count b: 0.6666666666666666
/scratch/data/leah/phertilizer/src/linear_split.py:251: RuntimeWarning: invalid value encountered in true_divide
  tmb = mb_mut_count/mb_tot_count
INFO:root:Mb Count a: 0.0 Mb Count b: 0.6666666666666666
/scratch/data/leah/phertilizer/src/branching_split.py:108: RuntimeWarning: invalid value encountered in true_divide
  tmb = mut_var_count_by_cell/mut_total_reads_by_cell
/scratch/data/leah/phertilizer/src/linear_split.py:251: RuntimeWarning: invalid value encountered in true_divide
  tmb = mb_mut_count/mb_tot_count
INFO:root:Mb Count a: 0.41379310344827586 Mb Count b: 0.5317460317460317
/scratch/data/leah/phertilizer/src/linear_split.py:251: RuntimeWarning: invalid value encountered in true_divide
  tmb = mb_mut_count/mb_tot_count
INFO:root:Mb Count a: 0.0 Mb Count b: 0.24338624338624337
/scratch/data/leah/phertilizer/src/linear_split.py:251: RuntimeWarning: invalid value encountered in true_divide
  tmb = mb_mut_count/mb_tot_count
INFO:root:Mb Count a: 0.5158730158730159 Mb Count b: 0.5517241379310345
/scratch/data/leah/phertilizer/src/linear_split.py:251: RuntimeWarning: invalid value encountered in true_divide
  tmb = mb_mut_count/mb_tot_count
/scratch/data/leah/phertilizer/src/linear_split.py:251: RuntimeWarning: invalid value encountered in true_divide
  tmb = mb_mut_count/mb_tot_count
INFO:root:Mb Count a: 0.5661375661375662 Mb Count b: 0.5862068965517241
/scratch/data/leah/phertilizer/src/linear_split.py:251: RuntimeWarning: invalid value encountered in true_divide
  tmb = mb_mut_count/mb_tot_count
/scratch/data/leah/phertilizer/src/branching_split.py:108: RuntimeWarning: invalid value encountered in true_divide
  tmb = mut_var_count_by_cell/mut_total_reads_by_cell
/scratch/data/leah/phertilizer/src/linear_split.py:251: RuntimeWarning: invalid value encountered in true_divide
  tmb = mb_mut_count/mb_tot_count
INFO:root:Mb Count a: 0.4114583333333333 Mb Count b: 0.6129032258064516
/scratch/data/leah/phertilizer/src/linear_split.py:251: RuntimeWarning: invalid value encountered in true_divide
  tmb = mb_mut_count/mb_tot_count
INFO:root:Mb Count a: 0.0 Mb Count b: 1.2365591397849462
/scratch/data/leah/phertilizer/src/linear_split.py:251: RuntimeWarning: invalid value encountered in true_divide
  tmb = mb_mut_count/mb_tot_count
INFO:root:Mb Count a: 0.3802083333333333 Mb Count b: 0.6935483870967742
/scratch/data/leah/phertilizer/src/linear_split.py:251: RuntimeWarning: invalid value encountered in true_divide
  tmb = mb_mut_count/mb_tot_count
INFO:root:Mb Count a: 0.0 Mb Count b: 1.2365591397849462
/scratch/data/leah/phertilizer/src/linear_split.py:251: RuntimeWarning: invalid value encountered in true_divide
  tmb = mb_mut_count/mb_tot_count
INFO:root:Mb Count a: 0.4895833333333333 Mb Count b: 0.5806451612903226
/scratch/data/leah/phertilizer/src/linear_split.py:251: RuntimeWarning: invalid value encountered in true_divide
  tmb = mb_mut_count/mb_tot_count
INFO:root:Mb Count a: 0.0 Mb Count b: 1.2365591397849462
/scratch/data/leah/phertilizer/src/branching_split.py:108: RuntimeWarning: invalid value encountered in true_divide
  tmb = mut_var_count_by_cell/mut_total_reads_by_cell
/scratch/data/leah/phertilizer/src/branching_split.py:108: RuntimeWarning: invalid value encountered in true_divide
  tmb = mut_var_count_by_cell/mut_total_reads_by_cell
/scratch/data/leah/phertilizer/src/branching_split.py:108: RuntimeWarning: invalid value encountered in true_divide
  tmb = mut_var_count_by_cell/mut_total_reads_by_cell
/scratch/data/leah/phertilizer/src/branching_split.py:108: RuntimeWarning: invalid value encountered in true_divide
  tmb = mut_var_count_by_cell/mut_total_reads_by_cell
/scratch/data/leah/phertilizer/src/linear_split.py:107: RuntimeWarning: invalid value encountered in true_divide
  vaf = binary_counts/binary_tcounts
/scratch/data/leah/phertilizer/src/linear_split.py:251: RuntimeWarning: invalid value encountered in true_divide
  tmb = mb_mut_count/mb_tot_count
INFO:root:Mb Count a: 0.8016701461377871 Mb Count b: 1.3355704697986577
/scratch/data/leah/phertilizer/src/linear_split.py:251: RuntimeWarning: invalid value encountered in true_divide
  tmb = mb_mut_count/mb_tot_count
/scratch/data/leah/phertilizer/src/linear_split.py:107: RuntimeWarning: invalid value encountered in true_divide
  vaf = binary_counts/binary_tcounts
/scratch/data/leah/phertilizer/src/linear_split.py:251: RuntimeWarning: invalid value encountered in true_divide
  tmb = mb_mut_count/mb_tot_count
INFO:root:Mb Count a: 0.9063136456211812 Mb Count b: 1.2773722627737227
/scratch/data/leah/phertilizer/src/linear_split.py:251: RuntimeWarning: invalid value encountered in true_divide
  tmb = mb_mut_count/mb_tot_count
/scratch/data/leah/phertilizer/src/linear_split.py:107: RuntimeWarning: invalid value encountered in true_divide
  vaf = binary_counts/binary_tcounts
/scratch/data/leah/phertilizer/src/linear_split.py:251: RuntimeWarning: invalid value encountered in true_divide
  tmb = mb_mut_count/mb_tot_count
INFO:root:Mb Count a: 0.7734204793028322 Mb Count b: 1.272189349112426
/scratch/data/leah/phertilizer/src/linear_split.py:251: RuntimeWarning: invalid value encountered in true_divide
  tmb = mb_mut_count/mb_tot_count
