Input data:
     chr  mutation_id  cell_id base  var  total
0  chr15            0      140    C    0      1
1  chr15            0      187    C    0      1
2  chr15            0      454    C    0      1
3  chr15            0      552    C    0      1
4  chr15            0      672    C    1      1
Phertilizer is running in infinite sites mode...

Starting tilling phase....
func:'till' args:[(<phertilizer.Phertilizer object at 0x7f8c77e60be0>, 0.0, 0.0, 5, 0.001, 12, False, 1.0, 0.15), {}] took: 6.9292 sec
Tilling phase complete!
Phertilizing a tree with n:2376 cells and m: 4170 SNVs

Starting planting phase....
Starting k-clonal tree inference for seed:
Cells: 2376 Muts: 4170 Ancestral Muts: 0 
Sprouting seed:
Cells: 2376 Muts: 4170 Ancestral Muts: 0 
Sprouting a branching tree from seed ...
(Generator(PCG64) at 0x7F8C765FFAC0,)
Jump Percentage: 0.9999999999999579 First Eig Val: -2.4151972403153258e-17 First Gap: 2.2948718668872107e-16 Largest Gap: 0.5031823720945643 Number of Clusters:4
CellsA: 325 CellsB: 2051
MutsA: 2568 mutsB: 713
Jump Percentage: 0.9999999999999729 First Eig Val: 9.169025237431984e-17 First Gap: 5.350955868364198e-16 Largest Gap: 0.4173920488136827 Number of Clusters:4
Clonal Tree 0 
[(0, 1), (0, 2)] 
Loss Nodes:0
Node: 0 Cells: 0 Muts: 889 LostMuts: 0
Node: 1 Cells: 325 Muts: 2568 LostMuts: 0
Node: 2 Cells: 2051 Muts: 713 LostMuts: 0
Total Cells: 2376 Total Muts: 4170
Jump Percentage: 0.9999999999999905 First Eig Val: -1.4739642416094593e-15 First Gap: 1.278380887786532e-15 Largest Gap: 0.5157052309405812 Number of Clusters:4
CellsA: 2051 CellsB: 325
MutsA: 713 mutsB: 2568
Jump Percentage: 0.9999999999999729 First Eig Val: 9.169025237431984e-17 First Gap: 5.350955868364198e-16 Largest Gap: 0.4173920488136827 Number of Clusters:4
Clonal Tree 0 
[(0, 1), (0, 2)] 
Loss Nodes:0
Node: 0 Cells: 0 Muts: 889 LostMuts: 0
Node: 1 Cells: 2051 Muts: 713 LostMuts: 0
Node: 2 Cells: 325 Muts: 2568 LostMuts: 0
Total Cells: 2376 Total Muts: 4170
Jump Percentage: 0.9999999999999707 First Eig Val: 8.756138133316048e-17 First Gap: 3.4674866068022816e-16 Largest Gap: 0.5066999397601113 Number of Clusters:4
CellsA: 2051 CellsB: 325
MutsA: 713 mutsB: 2568
Jump Percentage: 0.9999999999999729 First Eig Val: 9.169025237431984e-17 First Gap: 5.350955868364198e-16 Largest Gap: 0.4173920488136827 Number of Clusters:4
Clonal Tree 0 
[(0, 1), (0, 2)] 
Loss Nodes:0
Node: 0 Cells: 0 Muts: 889 LostMuts: 0
Node: 1 Cells: 2051 Muts: 713 LostMuts: 0
Node: 2 Cells: 325 Muts: 2568 LostMuts: 0
Total Cells: 2376 Total Muts: 4170
Finding the maximum likelihood tree out of 3 trees....
Clonal Tree 0 
[(0, 1), (0, 2)] 
Loss Nodes:0
Node: 0 Cells: 0 Muts: 889 LostMuts: 0
Node: 1 Cells: 325 Muts: 2568 LostMuts: 0
Node: 2 Cells: 2051 Muts: 713 LostMuts: 0
Total Cells: 2376 Total Muts: 4170

Tree: 0 LogLikelihood: 1124367.2287906436
Variant LogLikelihood: -70087.53300507521 
RDR LogLikelihood: 1194454.761795719

Clonal Tree 1 
[(0, 1), (0, 2)] 
Loss Nodes:0
Node: 0 Cells: 0 Muts: 889 LostMuts: 0
Node: 1 Cells: 2051 Muts: 713 LostMuts: 0
Node: 2 Cells: 325 Muts: 2568 LostMuts: 0
Total Cells: 2376 Total Muts: 4170

Tree: 1 LogLikelihood: 1124367.2287906436
Variant LogLikelihood: -70087.53300507521 
RDR LogLikelihood: 1194454.761795719

Clonal Tree 2 
[(0, 1), (0, 2)] 
Loss Nodes:0
Node: 0 Cells: 0 Muts: 889 LostMuts: 0
Node: 1 Cells: 2051 Muts: 713 LostMuts: 0
Node: 2 Cells: 325 Muts: 2568 LostMuts: 0
Total Cells: 2376 Total Muts: 4170

Tree: 2 LogLikelihood: 1124367.2287906436
Variant LogLikelihood: -70087.53300507521 
RDR LogLikelihood: 1194454.761795719

Sprouted tree:
Clonal Tree 0 
[(0, 1), (0, 2)] 
Loss Nodes:0
Node: 0 Cells: 0 Muts: 889 LostMuts: 0
Node: 1 Cells: 325 Muts: 2568 LostMuts: 0
Node: 2 Cells: 2051 Muts: 713 LostMuts: 0
Total Cells: 2376 Total Muts: 4170
Cells: 325 Muts: 2568 Ancestral Muts: 889 
Cells: 2051 Muts: 713 Ancestral Muts: 889 
Sprouting seed:
Cells: 2376 Muts: 4170 Ancestral Muts: 0 
Sprouting a linear tree from seed ...
Jump Percentage: 0.9999999999999278 First Eig Val: -1.7085320627307367e-18 First Gap: 2.3320728223459504e-16 Largest Gap: 0.45187992428880197 Number of Clusters:4
start:0 iteration:0
CellsA: 2051 CellsB: 325
MutsA: 1401 MutsB: 2769
Jump Percentage: 0.999999999999957 First Eig Val: -3.416892618567842e-16 First Gap: 1.186615504769852e-16 Largest Gap: 0.4614883153374759 Number of Clusters:4
adding tree to internal list:
Clonal Tree 0 
[(0, 1)] 
Loss Nodes:0
Node: 0 Cells: 2051 Muts: 1401 LostMuts: 0
Node: 1 Cells: 325 Muts: 2769 LostMuts: 0
Total Cells: 2376 Total Muts: 4170
Jump Percentage: 0.9999999999999537 First Eig Val: -3.658698626769415e-16 First Gap: 5.752495276619956e-16 Largest Gap: 0.4149363277733663 Number of Clusters:4
start:1 iteration:0
CellsA: 2051 CellsB: 325
MutsA: 1401 MutsB: 2769
Jump Percentage: 0.999999999999957 First Eig Val: -3.416892618567842e-16 First Gap: 1.186615504769852e-16 Largest Gap: 0.4614883153374759 Number of Clusters:4
adding tree to internal list:
Clonal Tree 0 
[(0, 1)] 
Loss Nodes:0
Node: 0 Cells: 2051 Muts: 1401 LostMuts: 0
Node: 1 Cells: 325 Muts: 2769 LostMuts: 0
Total Cells: 2376 Total Muts: 4170
Jump Percentage: 0.9999999999999405 First Eig Val: -8.159906770248346e-16 First Gap: 6.72891173870183e-16 Largest Gap: 0.4022110789780582 Number of Clusters:4
start:2 iteration:0
CellsA: 2051 CellsB: 325
MutsA: 1401 MutsB: 2769
Jump Percentage: 0.999999999999957 First Eig Val: -3.416892618567842e-16 First Gap: 1.186615504769852e-16 Largest Gap: 0.4614883153374759 Number of Clusters:4
adding tree to internal list:
Clonal Tree 0 
[(0, 1)] 
Loss Nodes:0
Node: 0 Cells: 2051 Muts: 1401 LostMuts: 0
Node: 1 Cells: 325 Muts: 2769 LostMuts: 0
Total Cells: 2376 Total Muts: 4170
adding tree to candidate list:
Clonal Tree 0 
[(0, 1)] 
Loss Nodes:0
Node: 0 Cells: 2051 Muts: 1401 LostMuts: 0
Node: 1 Cells: 325 Muts: 2769 LostMuts: 0
Total Cells: 2376 Total Muts: 4170
Normalized Likelihood: -0.5778432022286215
Jump Percentage: 0.9999999999923325 First Eig Val: -2.5670811351167613e-16 First Gap: 2.4116402081566174e-16 Largest Gap: 0.6323420983850515 Number of Clusters:3
start:0 iteration:0
CellsA: 1718 CellsB: 333
MutsA: 1103 MutsB: 3067
Jump Percentage: 0.9999999999999818 First Eig Val: -1.3405122321279714e-16 First Gap: 6.064126987954641e-16 Largest Gap: 0.6746797502259136 Number of Clusters:3
start:0 iteration:1
CellsA: 1439 CellsB: 612
MutsA: 1013 MutsB: 3157
Jump Percentage: 0.9999999999904733 First Eig Val: -5.947316069806062e-16 First Gap: 1.3959689533889574e-16 Largest Gap: 0.6814390615228749 Number of Clusters:3
start:0 iteration:2
CellsA: 1718 CellsB: 333
MutsA: 1103 MutsB: 3067
Jump Percentage: 0.9999999999999818 First Eig Val: -1.3405122321279714e-16 First Gap: 6.064126987954641e-16 Largest Gap: 0.6746797502259136 Number of Clusters:3
start:0 iteration:3
CellsA: 1439 CellsB: 612
MutsA: 1013 MutsB: 3157
Jump Percentage: 0.9999999999904733 First Eig Val: -5.947316069806062e-16 First Gap: 1.3959689533889574e-16 Largest Gap: 0.6814390615228749 Number of Clusters:3
start:0 iteration:4
CellsA: 1718 CellsB: 333
MutsA: 1103 MutsB: 3067
Jump Percentage: 0.9999999999999818 First Eig Val: -1.3405122321279714e-16 First Gap: 6.064126987954641e-16 Largest Gap: 0.6746797502259136 Number of Clusters:3
start:0 iteration:5
CellsA: 1439 CellsB: 612
MutsA: 1013 MutsB: 3157
Jump Percentage: 0.9999999999904733 First Eig Val: -5.947316069806062e-16 First Gap: 1.3959689533889574e-16 Largest Gap: 0.6814390615228749 Number of Clusters:3
start:0 iteration:6
CellsA: 1718 CellsB: 333
MutsA: 1103 MutsB: 3067
Jump Percentage: 0.9999999999999818 First Eig Val: -1.3405122321279714e-16 First Gap: 6.064126987954641e-16 Largest Gap: 0.6746797502259136 Number of Clusters:3
start:0 iteration:7
CellsA: 1439 CellsB: 612
MutsA: 1013 MutsB: 3157
Jump Percentage: 0.9999999999904733 First Eig Val: -5.947316069806062e-16 First Gap: 1.3959689533889574e-16 Largest Gap: 0.6814390615228749 Number of Clusters:3
start:0 iteration:8
CellsA: 1718 CellsB: 333
MutsA: 1103 MutsB: 3067
Jump Percentage: 0.9999999999999818 First Eig Val: -1.3405122321279714e-16 First Gap: 6.064126987954641e-16 Largest Gap: 0.6746797502259136 Number of Clusters:3
start:0 iteration:9
CellsA: 1439 CellsB: 612
MutsA: 1013 MutsB: 3157
adding tree to internal list:
Clonal Tree 0 
[(0, 1)] 
Loss Nodes:0
Node: 0 Cells: 1439 Muts: 1013 LostMuts: 0
Node: 1 Cells: 937 Muts: 3157 LostMuts: 0
Total Cells: 2376 Total Muts: 4170
Jump Percentage: 0.9999999999942942 First Eig Val: -4.920518145212885e-16 First Gap: 4.478763895714549e-16 Largest Gap: 0.6416079935600766 Number of Clusters:3
start:1 iteration:0
CellsA: 1718 CellsB: 333
MutsA: 1103 MutsB: 3067
Jump Percentage: 0.9999999999999818 First Eig Val: -1.3405122321279714e-16 First Gap: 6.064126987954641e-16 Largest Gap: 0.6746797502259136 Number of Clusters:3
start:1 iteration:1
CellsA: 1439 CellsB: 612
MutsA: 1013 MutsB: 3157
Jump Percentage: 0.9999999999904733 First Eig Val: -5.947316069806062e-16 First Gap: 1.3959689533889574e-16 Largest Gap: 0.6814390615228749 Number of Clusters:3
start:1 iteration:2
CellsA: 1718 CellsB: 333
MutsA: 1103 MutsB: 3067
Jump Percentage: 0.9999999999999818 First Eig Val: -1.3405122321279714e-16 First Gap: 6.064126987954641e-16 Largest Gap: 0.6746797502259136 Number of Clusters:3
start:1 iteration:3
CellsA: 1439 CellsB: 612
MutsA: 1013 MutsB: 3157
Jump Percentage: 0.9999999999904733 First Eig Val: -5.947316069806062e-16 First Gap: 1.3959689533889574e-16 Largest Gap: 0.6814390615228749 Number of Clusters:3
start:1 iteration:4
CellsA: 1718 CellsB: 333
MutsA: 1103 MutsB: 3067
Jump Percentage: 0.9999999999999818 First Eig Val: -1.3405122321279714e-16 First Gap: 6.064126987954641e-16 Largest Gap: 0.6746797502259136 Number of Clusters:3
start:1 iteration:5
CellsA: 1439 CellsB: 612
MutsA: 1013 MutsB: 3157
Jump Percentage: 0.9999999999904733 First Eig Val: -5.947316069806062e-16 First Gap: 1.3959689533889574e-16 Largest Gap: 0.6814390615228749 Number of Clusters:3
start:1 iteration:6
CellsA: 1718 CellsB: 333
MutsA: 1103 MutsB: 3067
Jump Percentage: 0.9999999999999818 First Eig Val: -1.3405122321279714e-16 First Gap: 6.064126987954641e-16 Largest Gap: 0.6746797502259136 Number of Clusters:3
start:1 iteration:7
CellsA: 1439 CellsB: 612
MutsA: 1013 MutsB: 3157
Jump Percentage: 0.9999999999904733 First Eig Val: -5.947316069806062e-16 First Gap: 1.3959689533889574e-16 Largest Gap: 0.6814390615228749 Number of Clusters:3
start:1 iteration:8
CellsA: 1718 CellsB: 333
MutsA: 1103 MutsB: 3067
Jump Percentage: 0.9999999999999818 First Eig Val: -1.3405122321279714e-16 First Gap: 6.064126987954641e-16 Largest Gap: 0.6746797502259136 Number of Clusters:3
start:1 iteration:9
CellsA: 1439 CellsB: 612
MutsA: 1013 MutsB: 3157
adding tree to internal list:
Clonal Tree 0 
[(0, 1)] 
Loss Nodes:0
Node: 0 Cells: 1439 Muts: 1013 LostMuts: 0
Node: 1 Cells: 937 Muts: 3157 LostMuts: 0
Total Cells: 2376 Total Muts: 4170
Jump Percentage: 0.9999999994868245 First Eig Val: -2.09266120502689e-16 First Gap: 1.113846372194528e-16 Largest Gap: 0.6275869206550383 Number of Clusters:3
start:2 iteration:0
CellsA: 1718 CellsB: 333
MutsA: 1103 MutsB: 3067
Jump Percentage: 0.9999999999999818 First Eig Val: -1.3405122321279714e-16 First Gap: 6.064126987954641e-16 Largest Gap: 0.6746797502259136 Number of Clusters:3
start:2 iteration:1
CellsA: 1439 CellsB: 612
MutsA: 1013 MutsB: 3157
Jump Percentage: 0.9999999999904733 First Eig Val: -5.947316069806062e-16 First Gap: 1.3959689533889574e-16 Largest Gap: 0.6814390615228749 Number of Clusters:3
start:2 iteration:2
CellsA: 1718 CellsB: 333
MutsA: 1103 MutsB: 3067
Jump Percentage: 0.9999999999999818 First Eig Val: -1.3405122321279714e-16 First Gap: 6.064126987954641e-16 Largest Gap: 0.6746797502259136 Number of Clusters:3
start:2 iteration:3
CellsA: 1439 CellsB: 612
MutsA: 1013 MutsB: 3157
Jump Percentage: 0.9999999999904733 First Eig Val: -5.947316069806062e-16 First Gap: 1.3959689533889574e-16 Largest Gap: 0.6814390615228749 Number of Clusters:3
start:2 iteration:4
CellsA: 1718 CellsB: 333
MutsA: 1103 MutsB: 3067
Jump Percentage: 0.9999999999999818 First Eig Val: -1.3405122321279714e-16 First Gap: 6.064126987954641e-16 Largest Gap: 0.6746797502259136 Number of Clusters:3
start:2 iteration:5
CellsA: 1439 CellsB: 612
MutsA: 1013 MutsB: 3157
Jump Percentage: 0.9999999999904733 First Eig Val: -5.947316069806062e-16 First Gap: 1.3959689533889574e-16 Largest Gap: 0.6814390615228749 Number of Clusters:3
start:2 iteration:6
CellsA: 1718 CellsB: 333
MutsA: 1103 MutsB: 3067
Jump Percentage: 0.9999999999999818 First Eig Val: -1.3405122321279714e-16 First Gap: 6.064126987954641e-16 Largest Gap: 0.6746797502259136 Number of Clusters:3
start:2 iteration:7
CellsA: 1439 CellsB: 612
MutsA: 1013 MutsB: 3157
Jump Percentage: 0.9999999999904733 First Eig Val: -5.947316069806062e-16 First Gap: 1.3959689533889574e-16 Largest Gap: 0.6814390615228749 Number of Clusters:3
start:2 iteration:8
CellsA: 1718 CellsB: 333
MutsA: 1103 MutsB: 3067
Jump Percentage: 0.9999999999999818 First Eig Val: -1.3405122321279714e-16 First Gap: 6.064126987954641e-16 Largest Gap: 0.6746797502259136 Number of Clusters:3
start:2 iteration:9
CellsA: 1439 CellsB: 612
MutsA: 1013 MutsB: 3157
adding tree to internal list:
Clonal Tree 0 
[(0, 1)] 
Loss Nodes:0
Node: 0 Cells: 1439 Muts: 1013 LostMuts: 0
Node: 1 Cells: 937 Muts: 3157 LostMuts: 0
Total Cells: 2376 Total Muts: 4170
adding tree to candidate list:
Clonal Tree 0 
[(0, 1)] 
Loss Nodes:0
Node: 0 Cells: 1439 Muts: 1013 LostMuts: 0
Node: 1 Cells: 937 Muts: 3157 LostMuts: 0
Total Cells: 2376 Total Muts: 4170
Normalized Likelihood: -0.3515684729031644
Using SNV kernel only
Jump Percentage: 0.046687164077737514 First Eig Val: -1.0147743106348775e-16 First Gap: 0.6740373504007765 Largest Gap: 0.6740373504007765 Number of Clusters:1
start:0 iteration:0
CellsA: 889 CellsB: 550
MutsA: 770 MutsB: 3400
Using SNV kernel only
Jump Percentage: 0.03258570610146125 First Eig Val: -5.635612874653763e-16 First Gap: 0.6222785459088503 Largest Gap: 0.6222785459088503 Number of Clusters:1
start:0 iteration:1
CellsA: 1212 CellsB: 227
MutsA: 757 MutsB: 3413
Using SNV kernel only
Jump Percentage: 0.03202126653014324 First Eig Val: 5.903437442859331e-16 First Gap: 0.5919689705778824 Largest Gap: 0.5919689705778824 Number of Clusters:1
start:0 iteration:2
CellsA: 1251 CellsB: 188
MutsA: 766 MutsB: 3404
Using SNV kernel only
Jump Percentage: 0.03295809880855221 First Eig Val: -7.291341912995983e-16 First Gap: 0.5967077487909035 Largest Gap: 0.5967077487909035 Number of Clusters:1
start:0 iteration:3
CellsA: 1246 CellsB: 193
MutsA: 767 MutsB: 3403
Using SNV kernel only
Jump Percentage: 0.03316733184370146 First Eig Val: 1.5685235901860838e-15 First Gap: 0.5978133325735089 Largest Gap: 0.5978133325735089 Number of Clusters:1
start:0 iteration:4
CellsA: 1306 CellsB: 133
MutsA: 809 MutsB: 3361
Using SNV kernel only
Jump Percentage: 0.02225261903508988 First Eig Val: 9.88286881501465e-16 First Gap: 0.646821214749371 Largest Gap: 0.646821214749371 Number of Clusters:1
start:0 iteration:5
CellsA: 1303 CellsB: 136
MutsA: 811 MutsB: 3359
Using SNV kernel only
Jump Percentage: 0.02804595668960117 First Eig Val: -3.150451171336042e-15 First Gap: 0.6488303895479823 Largest Gap: 0.6488303895479823 Number of Clusters:1
Using SNV kernel only
Jump Percentage: 0.03653607721670048 First Eig Val: -1.2677753673811006e-16 First Gap: 0.6465957812536625 Largest Gap: 0.6465957812536625 Number of Clusters:1
start:1 iteration:0
CellsA: 791 CellsB: 648
MutsA: 763 MutsB: 3407
Using SNV kernel only
Jump Percentage: 0.0357302129953886 First Eig Val: -2.399637152165819e-16 First Gap: 0.6265121195779192 Largest Gap: 0.6265121195779192 Number of Clusters:1
start:1 iteration:1
CellsA: 1215 CellsB: 224
MutsA: 760 MutsB: 3410
Using SNV kernel only
Jump Percentage: 0.032533941527342215 First Eig Val: 1.2353622869802022e-15 First Gap: 0.5946886847878828 Largest Gap: 0.5946886847878828 Number of Clusters:1
start:1 iteration:2
CellsA: 1319 CellsB: 120
MutsA: 821 MutsB: 3349
Using SNV kernel only
Jump Percentage: 0.027061017643208233 First Eig Val: 1.7979936052850995e-15 First Gap: 0.6594568475855008 Largest Gap: 0.6594568475855008 Number of Clusters:1
start:1 iteration:3
CellsA: 1334 CellsB: 105
MutsA: 838 MutsB: 3332
Using SNV kernel only
Jump Percentage: 0.0580105791050293 First Eig Val: -2.697106262124822e-15 First Gap: 0.6723188838318505 Largest Gap: 0.6723188838318505 Number of Clusters:1
start:1 iteration:4
CellsA: 1333 CellsB: 106
MutsA: 841 MutsB: 3329
Using SNV kernel only
Jump Percentage: 0.05883890402390607 First Eig Val: -2.044020005122058e-15 First Gap: 0.674725230326113 Largest Gap: 0.674725230326113 Number of Clusters:1
start:1 iteration:5
CellsA: 1336 CellsB: 103
MutsA: 843 MutsB: 3327
Using SNV kernel only
Jump Percentage: 0.059188781862443446 First Eig Val: 1.5455976639249427e-15 First Gap: 0.6755579970554987 Largest Gap: 0.6755579970554987 Number of Clusters:1
Using SNV kernel only
Jump Percentage: 0.0474256312589962 First Eig Val: -7.836602255461461e-16 First Gap: 0.6551640627146161 Largest Gap: 0.6551640627146161 Number of Clusters:1
start:2 iteration:0
CellsA: 702 CellsB: 737
MutsA: 765 MutsB: 3405
Using SNV kernel only
Jump Percentage: 0.027140222326745532 First Eig Val: 1.366877687281976e-15 First Gap: 0.6301968544850741 Largest Gap: 0.6301968544850741 Number of Clusters:1
start:2 iteration:1
CellsA: 1313 CellsB: 126
MutsA: 821 MutsB: 3349
Using SNV kernel only
Jump Percentage: 0.025020974339980934 First Eig Val: 3.026916526994719e-16 First Gap: 0.6614575842507355 Largest Gap: 0.6614575842507355 Number of Clusters:1
start:2 iteration:2
CellsA: 1316 CellsB: 123
MutsA: 825 MutsB: 3345
Using SNV kernel only
Jump Percentage: 0.03793506447533192 First Eig Val: -1.490390296919846e-15 First Gap: 0.6619500256350008 Largest Gap: 0.6619500256350008 Number of Clusters:1
start:2 iteration:3
CellsA: 1316 CellsB: 123
MutsA: 826 MutsB: 3344
Using SNV kernel only
Jump Percentage: 0.037871312724632435 First Eig Val: 1.300303265068421e-15 First Gap: 0.6635449926521472 Largest Gap: 0.6635449926521472 Number of Clusters:1
Clonal Tree 0 
[(0, 1)] 
Loss Nodes:0
Node: 0 Cells: 2051 Muts: 1401 LostMuts: 0
Node: 1 Cells: 325 Muts: 2769 LostMuts: 0
Total Cells: 2376 Total Muts: 4170
Normalized Likelihood: -0.5778432022286215
Clonal Tree 1 
[(0, 1)] 
Loss Nodes:0
Node: 0 Cells: 1439 Muts: 1013 LostMuts: 0
Node: 1 Cells: 937 Muts: 3157 LostMuts: 0
Total Cells: 2376 Total Muts: 4170
Normalized Likelihood: -0.3515684729031644
linear split norm likelihood best tree
Clonal Tree 1 
[(0, 1)] 
Loss Nodes:0
Node: 0 Cells: 1439 Muts: 1013 LostMuts: 0
Node: 1 Cells: 937 Muts: 3157 LostMuts: 0
Total Cells: 2376 Total Muts: 4170
Sprouted tree:
Clonal Tree 1 
[(0, 1)] 
Loss Nodes:0
Node: 0 Cells: 1439 Muts: 1013 LostMuts: 0
Node: 1 Cells: 937 Muts: 3157 LostMuts: 0
Total Cells: 2376 Total Muts: 4170
Cells: 937 Muts: 3157 Ancestral Muts: 1013 
Number of subproblems remaining: 3
Starting k-clonal tree inference for seed:
Cells: 937 Muts: 3157 Ancestral Muts: 1013 
Sprouting seed:
Cells: 937 Muts: 3157 Ancestral Muts: 1013 
Sprouting a branching tree from seed ...
(Generator(PCG64) at 0x7F8C765FFAC0,)
Jump Percentage: 0.9999999999999948 First Eig Val: -4.587341360036894e-16 First Gap: 6.013996896077292e-16 Largest Gap: 0.5431559394061769 Number of Clusters:3
CellsA: 325 CellsB: 612
MutsA: 1215 mutsB: 1127
Jump Percentage: 0.9999999999999932 First Eig Val: -2.1588245866167373e-16 First Gap: 4.58861818960343e-16 Largest Gap: 0.5568182610761583 Number of Clusters:3
Clonal Tree 0 
[(0, 1), (0, 2)] 
Loss Nodes:0
Node: 0 Cells: 0 Muts: 815 LostMuts: 0
Node: 1 Cells: 325 Muts: 1215 LostMuts: 0
Node: 2 Cells: 612 Muts: 1127 LostMuts: 0
Total Cells: 937 Total Muts: 3157
Jump Percentage: 0.9999999999999916 First Eig Val: -5.13802253400786e-16 First Gap: 9.102013543100203e-16 Largest Gap: 0.5759118374851833 Number of Clusters:3
CellsA: 612 CellsB: 325
MutsA: 1168 mutsB: 1174
Jump Percentage: 0.999999999999997 First Eig Val: 5.916527560656015e-17 First Gap: 4.453955843360231e-17 Largest Gap: 0.5442340245488868 Number of Clusters:3
Clonal Tree 0 
[(0, 1), (0, 2)] 
Loss Nodes:0
Node: 0 Cells: 0 Muts: 815 LostMuts: 0
Node: 1 Cells: 612 Muts: 1168 LostMuts: 0
Node: 2 Cells: 325 Muts: 1174 LostMuts: 0
Total Cells: 937 Total Muts: 3157
Jump Percentage: 0.999999999999998 First Eig Val: -8.354175632291306e-16 First Gap: 8.744572832441028e-16 Largest Gap: 0.5877256465412846 Number of Clusters:3
CellsA: 612 CellsB: 325
MutsA: 1168 mutsB: 1174
Jump Percentage: 0.999999999999997 First Eig Val: 5.916527560656015e-17 First Gap: 4.453955843360231e-17 Largest Gap: 0.5442340245488868 Number of Clusters:3
Clonal Tree 0 
[(0, 1), (0, 2)] 
Loss Nodes:0
Node: 0 Cells: 0 Muts: 815 LostMuts: 0
Node: 1 Cells: 612 Muts: 1168 LostMuts: 0
Node: 2 Cells: 325 Muts: 1174 LostMuts: 0
Total Cells: 937 Total Muts: 3157
Finding the maximum likelihood tree out of 3 trees....
Clonal Tree 0 
[(0, 1), (0, 2)] 
Loss Nodes:0
Node: 0 Cells: 0 Muts: 815 LostMuts: 0
Node: 1 Cells: 325 Muts: 1215 LostMuts: 0
Node: 2 Cells: 612 Muts: 1127 LostMuts: 0
Total Cells: 937 Total Muts: 3157

Tree: 0 LogLikelihood: 548102.8404064653
Variant LogLikelihood: -47302.2127023118 
RDR LogLikelihood: 595405.0531087772

Clonal Tree 1 
[(0, 1), (0, 2)] 
Loss Nodes:0
Node: 0 Cells: 0 Muts: 815 LostMuts: 0
Node: 1 Cells: 612 Muts: 1168 LostMuts: 0
Node: 2 Cells: 325 Muts: 1174 LostMuts: 0
Total Cells: 937 Total Muts: 3157

Tree: 1 LogLikelihood: 548252.8000242898
Variant LogLikelihood: -47152.25308448734 
RDR LogLikelihood: 595405.0531087772

Clonal Tree 2 
[(0, 1), (0, 2)] 
Loss Nodes:0
Node: 0 Cells: 0 Muts: 815 LostMuts: 0
Node: 1 Cells: 612 Muts: 1168 LostMuts: 0
Node: 2 Cells: 325 Muts: 1174 LostMuts: 0
Total Cells: 937 Total Muts: 3157

Tree: 2 LogLikelihood: 548252.8000242898
Variant LogLikelihood: -47152.25308448734 
RDR LogLikelihood: 595405.0531087772

Sprouted tree:
Clonal Tree 1 
[(0, 1), (0, 2)] 
Loss Nodes:0
Node: 0 Cells: 0 Muts: 815 LostMuts: 0
Node: 1 Cells: 612 Muts: 1168 LostMuts: 0
Node: 2 Cells: 325 Muts: 1174 LostMuts: 0
Total Cells: 937 Total Muts: 3157
Cells: 612 Muts: 1168 Ancestral Muts: 1828 
Cells: 325 Muts: 1174 Ancestral Muts: 1828 
Sprouting seed:
Cells: 937 Muts: 3157 Ancestral Muts: 1013 
Sprouting a linear tree from seed ...
Jump Percentage: 0.9999999999999926 First Eig Val: -8.386336159466251e-17 First Gap: 3.7066088477350505e-16 Largest Gap: 0.43322465041436253 Number of Clusters:3
start:0 iteration:0
CellsA: 612 CellsB: 325
MutsA: 1787 MutsB: 1370
Jump Percentage: 0.9999999999999929 First Eig Val: 1.5539006200591956e-16 First Gap: 6.478034067850627e-17 Largest Gap: 0.441173561339551 Number of Clusters:3
adding tree to internal list:
Clonal Tree 0 
[(0, 1)] 
Loss Nodes:0
Node: 0 Cells: 612 Muts: 1787 LostMuts: 0
Node: 1 Cells: 325 Muts: 1370 LostMuts: 0
Total Cells: 937 Total Muts: 3157
Jump Percentage: 0.9999999999999688 First Eig Val: -8.934418531885838e-17 First Gap: 5.4415310563059e-17 Largest Gap: 0.4051102992345161 Number of Clusters:3
start:1 iteration:0
CellsA: 612 CellsB: 325
MutsA: 1787 MutsB: 1370
Jump Percentage: 0.9999999999999929 First Eig Val: 1.5539006200591956e-16 First Gap: 6.478034067850627e-17 Largest Gap: 0.441173561339551 Number of Clusters:3
adding tree to internal list:
Clonal Tree 0 
[(0, 1)] 
Loss Nodes:0
Node: 0 Cells: 612 Muts: 1787 LostMuts: 0
Node: 1 Cells: 325 Muts: 1370 LostMuts: 0
Total Cells: 937 Total Muts: 3157
Jump Percentage: 0.999999999999989 First Eig Val: 2.0994229677365427e-17 First Gap: 1.8774244873452405e-16 Largest Gap: 0.4509885703548163 Number of Clusters:3
start:2 iteration:0
CellsA: 612 CellsB: 325
MutsA: 1787 MutsB: 1370
Jump Percentage: 0.9999999999999929 First Eig Val: 1.5539006200591956e-16 First Gap: 6.478034067850627e-17 Largest Gap: 0.441173561339551 Number of Clusters:3
adding tree to internal list:
Clonal Tree 0 
[(0, 1)] 
Loss Nodes:0
Node: 0 Cells: 612 Muts: 1787 LostMuts: 0
Node: 1 Cells: 325 Muts: 1370 LostMuts: 0
Total Cells: 937 Total Muts: 3157
adding tree to candidate list:
Clonal Tree 0 
[(0, 1)] 
Loss Nodes:0
Node: 0 Cells: 612 Muts: 1787 LostMuts: 0
Node: 1 Cells: 325 Muts: 1370 LostMuts: 0
Total Cells: 937 Total Muts: 3157
Normalized Likelihood: -0.6323878473640653
Jump Percentage: 0.9999999999999856 First Eig Val: -2.0492437385227218e-16 First Gap: 7.766464577205702e-16 Largest Gap: 0.7019343224231805 Number of Clusters:2
start:0 iteration:0
CellsA: 279 CellsB: 333
MutsA: 1014 MutsB: 2143
Jump Percentage: 0.9999999999999982 First Eig Val: -2.99242527877904e-16 First Gap: 2.2428497003215526e-16 Largest Gap: 0.6785108507015355 Number of Clusters:2
adding tree to internal list:
Clonal Tree 0 
[(0, 1)] 
Loss Nodes:0
Node: 0 Cells: 279 Muts: 1014 LostMuts: 0
Node: 1 Cells: 658 Muts: 2143 LostMuts: 0
Total Cells: 937 Total Muts: 3157
Jump Percentage: 0.9999999999999917 First Eig Val: -2.5542430237434376e-16 First Gap: 3.6914119057982164e-16 Largest Gap: 0.6479271569177617 Number of Clusters:2
start:1 iteration:0
CellsA: 279 CellsB: 333
MutsA: 1014 MutsB: 2143
Jump Percentage: 0.9999999999999982 First Eig Val: -2.99242527877904e-16 First Gap: 2.2428497003215526e-16 Largest Gap: 0.6785108507015355 Number of Clusters:2
adding tree to internal list:
Clonal Tree 0 
[(0, 1)] 
Loss Nodes:0
Node: 0 Cells: 279 Muts: 1014 LostMuts: 0
Node: 1 Cells: 658 Muts: 2143 LostMuts: 0
Total Cells: 937 Total Muts: 3157
Jump Percentage: 0.9999999999999825 First Eig Val: 3.670641440376247e-16 First Gap: 1.2750095048179145e-16 Largest Gap: 0.6335173907448947 Number of Clusters:2
start:2 iteration:0
CellsA: 279 CellsB: 333
MutsA: 1014 MutsB: 2143
Jump Percentage: 0.9999999999999982 First Eig Val: -2.99242527877904e-16 First Gap: 2.2428497003215526e-16 Largest Gap: 0.6785108507015355 Number of Clusters:2
adding tree to internal list:
Clonal Tree 0 
[(0, 1)] 
Loss Nodes:0
Node: 0 Cells: 279 Muts: 1014 LostMuts: 0
Node: 1 Cells: 658 Muts: 2143 LostMuts: 0
Total Cells: 937 Total Muts: 3157
adding tree to candidate list:
Clonal Tree 0 
[(0, 1)] 
Loss Nodes:0
Node: 0 Cells: 279 Muts: 1014 LostMuts: 0
Node: 1 Cells: 658 Muts: 2143 LostMuts: 0
Total Cells: 937 Total Muts: 3157
Normalized Likelihood: -0.516022890664902
Clonal Tree 0 
[(0, 1)] 
Loss Nodes:0
Node: 0 Cells: 612 Muts: 1787 LostMuts: 0
Node: 1 Cells: 325 Muts: 1370 LostMuts: 0
Total Cells: 937 Total Muts: 3157
Normalized Likelihood: -0.6323878473640653
Clonal Tree 1 
[(0, 1)] 
Loss Nodes:0
Node: 0 Cells: 279 Muts: 1014 LostMuts: 0
Node: 1 Cells: 658 Muts: 2143 LostMuts: 0
Total Cells: 937 Total Muts: 3157
Normalized Likelihood: -0.516022890664902
linear split norm likelihood best tree
Clonal Tree 1 
[(0, 1)] 
Loss Nodes:0
Node: 0 Cells: 279 Muts: 1014 LostMuts: 0
Node: 1 Cells: 658 Muts: 2143 LostMuts: 0
Total Cells: 937 Total Muts: 3157
Sprouted tree:
Clonal Tree 1 
[(0, 1)] 
Loss Nodes:0
Node: 0 Cells: 279 Muts: 1014 LostMuts: 0
Node: 1 Cells: 658 Muts: 2143 LostMuts: 0
Total Cells: 937 Total Muts: 3157
Cells: 658 Muts: 2143 Ancestral Muts: 2027 
Number of subproblems remaining: 5
Starting k-clonal tree inference for seed:
Cells: 658 Muts: 2143 Ancestral Muts: 2027 
Sprouting seed:
Cells: 658 Muts: 2143 Ancestral Muts: 2027 
Sprouting a branching tree from seed ...
(Generator(PCG64) at 0x7F8C765FFAC0,)
Jump Percentage: 0.9999999999999969 First Eig Val: -1.1884870724156444e-15 First Gap: 8.861103788153116e-16 Largest Gap: 0.7652152791769724 Number of Clusters:2
CellsA: 333 CellsB: 325
MutsA: 835 mutsB: 867
Jump Percentage: 0.9999999999999941 First Eig Val: -7.651922170464977e-16 First Gap: 3.114806887873335e-16 Largest Gap: 0.7353977800325675 Number of Clusters:2
Clonal Tree 0 
[(0, 1), (0, 2)] 
Loss Nodes:0
Node: 0 Cells: 0 Muts: 441 LostMuts: 0
Node: 1 Cells: 333 Muts: 835 LostMuts: 0
Node: 2 Cells: 325 Muts: 867 LostMuts: 0
Total Cells: 658 Total Muts: 2143
Jump Percentage: 0.9999999999999878 First Eig Val: 2.0782832543712027e-18 First Gap: 5.450339337444161e-16 Largest Gap: 0.7305540886964068 Number of Clusters:2
CellsA: 325 CellsB: 333
MutsA: 929 mutsB: 773
Jump Percentage: 0.9999999999999934 First Eig Val: -6.018280371973003e-17 First Gap: 7.215222737699103e-17 Largest Gap: 0.7375262076092093 Number of Clusters:2
Clonal Tree 0 
[(0, 1), (0, 2)] 
Loss Nodes:0
Node: 0 Cells: 0 Muts: 441 LostMuts: 0
Node: 1 Cells: 325 Muts: 929 LostMuts: 0
Node: 2 Cells: 333 Muts: 773 LostMuts: 0
Total Cells: 658 Total Muts: 2143
Jump Percentage: 0.9999999999999922 First Eig Val: 1.786022371241457e-16 First Gap: 1.4650329985187858e-16 Largest Gap: 0.7296615202068015 Number of Clusters:2
CellsA: 325 CellsB: 333
MutsA: 929 mutsB: 773
Jump Percentage: 0.9999999999999934 First Eig Val: -6.018280371973003e-17 First Gap: 7.215222737699103e-17 Largest Gap: 0.7375262076092093 Number of Clusters:2
Clonal Tree 0 
[(0, 1), (0, 2)] 
Loss Nodes:0
Node: 0 Cells: 0 Muts: 441 LostMuts: 0
Node: 1 Cells: 325 Muts: 929 LostMuts: 0
Node: 2 Cells: 333 Muts: 773 LostMuts: 0
Total Cells: 658 Total Muts: 2143
Finding the maximum likelihood tree out of 3 trees....
Clonal Tree 0 
[(0, 1), (0, 2)] 
Loss Nodes:0
Node: 0 Cells: 0 Muts: 441 LostMuts: 0
Node: 1 Cells: 333 Muts: 835 LostMuts: 0
Node: 2 Cells: 325 Muts: 867 LostMuts: 0
Total Cells: 658 Total Muts: 2143

Tree: 0 LogLikelihood: 377210.67903186294
Variant LogLikelihood: -40585.34006150071 
RDR LogLikelihood: 417796.01909336366

Clonal Tree 1 
[(0, 1), (0, 2)] 
Loss Nodes:0
Node: 0 Cells: 0 Muts: 441 LostMuts: 0
Node: 1 Cells: 325 Muts: 929 LostMuts: 0
Node: 2 Cells: 333 Muts: 773 LostMuts: 0
Total Cells: 658 Total Muts: 2143

Tree: 1 LogLikelihood: 377093.86415825016
Variant LogLikelihood: -40702.154935113474 
RDR LogLikelihood: 417796.01909336366

Clonal Tree 2 
[(0, 1), (0, 2)] 
Loss Nodes:0
Node: 0 Cells: 0 Muts: 441 LostMuts: 0
Node: 1 Cells: 325 Muts: 929 LostMuts: 0
Node: 2 Cells: 333 Muts: 773 LostMuts: 0
Total Cells: 658 Total Muts: 2143

Tree: 2 LogLikelihood: 377093.86415825016
Variant LogLikelihood: -40702.154935113474 
RDR LogLikelihood: 417796.01909336366

Sprouted tree:
Clonal Tree 0 
[(0, 1), (0, 2)] 
Loss Nodes:0
Node: 0 Cells: 0 Muts: 441 LostMuts: 0
Node: 1 Cells: 333 Muts: 835 LostMuts: 0
Node: 2 Cells: 325 Muts: 867 LostMuts: 0
Total Cells: 658 Total Muts: 2143
Cells: 333 Muts: 835 Ancestral Muts: 2468 
Cells: 325 Muts: 867 Ancestral Muts: 2468 
Sprouting seed:
Cells: 658 Muts: 2143 Ancestral Muts: 2027 
Sprouting a linear tree from seed ...
Jump Percentage: 0.9999999999999889 First Eig Val: 1.2529132426203376e-16 First Gap: 1.6891865792179667e-19 Largest Gap: 0.6284365788650393 Number of Clusters:2
start:0 iteration:0
CellsA: 333 CellsB: 325
MutsA: 1085 MutsB: 1058
Jump Percentage: 0.9999999999999784 First Eig Val: -3.7271921611492873e-16 First Gap: 2.2006540293821515e-16 Largest Gap: 0.6427520517314231 Number of Clusters:2
adding tree to internal list:
Clonal Tree 0 
[(0, 1)] 
Loss Nodes:0
Node: 0 Cells: 333 Muts: 1085 LostMuts: 0
Node: 1 Cells: 325 Muts: 1058 LostMuts: 0
Total Cells: 658 Total Muts: 2143
Jump Percentage: 0.9999999999999931 First Eig Val: -1.4864987504299077e-22 First Gap: 4.461543574302671e-16 Largest Gap: 0.6036089462218022 Number of Clusters:2
start:1 iteration:0
CellsA: 333 CellsB: 325
MutsA: 1085 MutsB: 1058
Jump Percentage: 0.9999999999999784 First Eig Val: -3.7271921611492873e-16 First Gap: 2.2006540293821515e-16 Largest Gap: 0.6427520517314231 Number of Clusters:2
adding tree to internal list:
Clonal Tree 0 
[(0, 1)] 
Loss Nodes:0
Node: 0 Cells: 333 Muts: 1085 LostMuts: 0
Node: 1 Cells: 325 Muts: 1058 LostMuts: 0
Total Cells: 658 Total Muts: 2143
Jump Percentage: 0.9999999999999885 First Eig Val: -2.5195578229108624e-16 First Gap: 2.519557789102522e-16 Largest Gap: 0.6240621446140574 Number of Clusters:2
start:2 iteration:0
CellsA: 333 CellsB: 325
MutsA: 1085 MutsB: 1058
Jump Percentage: 0.9999999999999784 First Eig Val: -3.7271921611492873e-16 First Gap: 2.2006540293821515e-16 Largest Gap: 0.6427520517314231 Number of Clusters:2
adding tree to internal list:
Clonal Tree 0 
[(0, 1)] 
Loss Nodes:0
Node: 0 Cells: 333 Muts: 1085 LostMuts: 0
Node: 1 Cells: 325 Muts: 1058 LostMuts: 0
Total Cells: 658 Total Muts: 2143
adding tree to candidate list:
Clonal Tree 0 
[(0, 1)] 
Loss Nodes:0
Node: 0 Cells: 333 Muts: 1085 LostMuts: 0
Node: 1 Cells: 325 Muts: 1058 LostMuts: 0
Total Cells: 658 Total Muts: 2143
Normalized Likelihood: -0.5797866807069758
Clonal Tree 0 
[(0, 1)] 
Loss Nodes:0
Node: 0 Cells: 333 Muts: 1085 LostMuts: 0
Node: 1 Cells: 325 Muts: 1058 LostMuts: 0
Total Cells: 658 Total Muts: 2143
Normalized Likelihood: -0.5797866807069758
linear split norm likelihood best tree
Clonal Tree 0 
[(0, 1)] 
Loss Nodes:0
Node: 0 Cells: 333 Muts: 1085 LostMuts: 0
Node: 1 Cells: 325 Muts: 1058 LostMuts: 0
Total Cells: 658 Total Muts: 2143
Sprouted tree:
Clonal Tree 0 
[(0, 1)] 
Loss Nodes:0
Node: 0 Cells: 333 Muts: 1085 LostMuts: 0
Node: 1 Cells: 325 Muts: 1058 LostMuts: 0
Total Cells: 658 Total Muts: 2143
Cells: 325 Muts: 1058 Ancestral Muts: 3112 
Number of subproblems remaining: 7
Starting k-clonal tree inference for seed:
Cells: 612 Muts: 1168 Ancestral Muts: 1828 
Sprouting seed:
Cells: 612 Muts: 1168 Ancestral Muts: 1828 
Sprouting a branching tree from seed ...
(Generator(PCG64) at 0x7F8C765FFAC0,)
Jump Percentage: 0.9999999999999897 First Eig Val: -2.796468636712693e-16 First Gap: 1.162859421022452e-15 Largest Gap: 0.6504240499572622 Number of Clusters:2
CellsA: 279 CellsB: 333
MutsA: 458 mutsB: 659
Jump Percentage: 0.9999999999999886 First Eig Val: 1.2142676165103754e-19 First Gap: 5.615801441559937e-16 Largest Gap: 0.6378349183271415 Number of Clusters:2
Clonal Tree 0 
[(0, 1), (0, 2)] 
Loss Nodes:0
Node: 0 Cells: 0 Muts: 51 LostMuts: 0
Node: 1 Cells: 279 Muts: 458 LostMuts: 0
Node: 2 Cells: 333 Muts: 659 LostMuts: 0
Total Cells: 612 Total Muts: 1168
Jump Percentage: 0.9999999999999949 First Eig Val: -3.98940835926385e-16 First Gap: 5.550346066497922e-16 Largest Gap: 0.6692878952526853 Number of Clusters:2
CellsA: 279 CellsB: 333
MutsA: 458 mutsB: 659
Jump Percentage: 0.9999999999999886 First Eig Val: 1.2142676165103754e-19 First Gap: 5.615801441559937e-16 Largest Gap: 0.6378349183271415 Number of Clusters:2
Clonal Tree 0 
[(0, 1), (0, 2)] 
Loss Nodes:0
Node: 0 Cells: 0 Muts: 51 LostMuts: 0
Node: 1 Cells: 279 Muts: 458 LostMuts: 0
Node: 2 Cells: 333 Muts: 659 LostMuts: 0
Total Cells: 612 Total Muts: 1168
Jump Percentage: 0.9999999999999835 First Eig Val: -5.4076386715418485e-17 First Gap: 3.421788436853497e-16 Largest Gap: 0.6372538912900452 Number of Clusters:2
CellsA: 279 CellsB: 333
MutsA: 458 mutsB: 659
Jump Percentage: 0.9999999999999886 First Eig Val: 1.2142676165103754e-19 First Gap: 5.615801441559937e-16 Largest Gap: 0.6378349183271415 Number of Clusters:2
Clonal Tree 0 
[(0, 1), (0, 2)] 
Loss Nodes:0
Node: 0 Cells: 0 Muts: 51 LostMuts: 0
Node: 1 Cells: 279 Muts: 458 LostMuts: 0
Node: 2 Cells: 333 Muts: 659 LostMuts: 0
Total Cells: 612 Total Muts: 1168
Finding the maximum likelihood tree out of 3 trees....
Clonal Tree 0 
[(0, 1), (0, 2)] 
Loss Nodes:0
Node: 0 Cells: 0 Muts: 51 LostMuts: 0
Node: 1 Cells: 279 Muts: 458 LostMuts: 0
Node: 2 Cells: 333 Muts: 659 LostMuts: 0
Total Cells: 612 Total Muts: 1168

Tree: 0 LogLikelihood: 474464.0929790144
Variant LogLikelihood: -36208.143162665256 
RDR LogLikelihood: 510672.2361416797

Clonal Tree 1 
[(0, 1), (0, 2)] 
Loss Nodes:0
Node: 0 Cells: 0 Muts: 51 LostMuts: 0
Node: 1 Cells: 279 Muts: 458 LostMuts: 0
Node: 2 Cells: 333 Muts: 659 LostMuts: 0
Total Cells: 612 Total Muts: 1168

Tree: 1 LogLikelihood: 474464.0929790144
Variant LogLikelihood: -36208.143162665256 
RDR LogLikelihood: 510672.2361416797

Clonal Tree 2 
[(0, 1), (0, 2)] 
Loss Nodes:0
Node: 0 Cells: 0 Muts: 51 LostMuts: 0
Node: 1 Cells: 279 Muts: 458 LostMuts: 0
Node: 2 Cells: 333 Muts: 659 LostMuts: 0
Total Cells: 612 Total Muts: 1168

Tree: 2 LogLikelihood: 474464.0929790144
Variant LogLikelihood: -36208.143162665256 
RDR LogLikelihood: 510672.2361416797

Sprouted tree:
Clonal Tree 0 
[(0, 1), (0, 2)] 
Loss Nodes:0
Node: 0 Cells: 0 Muts: 51 LostMuts: 0
Node: 1 Cells: 279 Muts: 458 LostMuts: 0
Node: 2 Cells: 333 Muts: 659 LostMuts: 0
Total Cells: 612 Total Muts: 1168
Cells: 279 Muts: 458 Ancestral Muts: 1879 
Cells: 333 Muts: 659 Ancestral Muts: 1879 
Sprouting seed:
Cells: 612 Muts: 1168 Ancestral Muts: 1828 
Sprouting a linear tree from seed ...
Jump Percentage: 0.9999999999999909 First Eig Val: -2.874422458576265e-16 First Gap: 2.423055132559433e-16 Largest Gap: 0.5897264960325731 Number of Clusters:2
start:0 iteration:0
CellsA: 279 CellsB: 333
MutsA: 507 MutsB: 661
Jump Percentage: 0.9999999999999695 First Eig Val: -1.0394838510678407e-16 First Gap: 5.052590097599976e-17 Largest Gap: 0.6307298867968835 Number of Clusters:2
adding tree to internal list:
Clonal Tree 0 
[(0, 1)] 
Loss Nodes:0
Node: 0 Cells: 279 Muts: 507 LostMuts: 0
Node: 1 Cells: 333 Muts: 661 LostMuts: 0
Total Cells: 612 Total Muts: 1168
Jump Percentage: 0.9999999999999916 First Eig Val: -3.485082203145561e-16 First Gap: 2.65722885063716e-16 Largest Gap: 0.5619870633532726 Number of Clusters:2
start:1 iteration:0
CellsA: 279 CellsB: 333
MutsA: 507 MutsB: 661
Jump Percentage: 0.9999999999999695 First Eig Val: -1.0394838510678407e-16 First Gap: 5.052590097599976e-17 Largest Gap: 0.6307298867968835 Number of Clusters:2
adding tree to internal list:
Clonal Tree 0 
[(0, 1)] 
Loss Nodes:0
Node: 0 Cells: 279 Muts: 507 LostMuts: 0
Node: 1 Cells: 333 Muts: 661 LostMuts: 0
Total Cells: 612 Total Muts: 1168
Jump Percentage: 0.9999999999999958 First Eig Val: -3.581844619938069e-16 First Gap: 3.5818441463089275e-16 Largest Gap: 0.5355215363038893 Number of Clusters:2
start:2 iteration:0
CellsA: 279 CellsB: 333
MutsA: 507 MutsB: 661
Jump Percentage: 0.9999999999999695 First Eig Val: -1.0394838510678407e-16 First Gap: 5.052590097599976e-17 Largest Gap: 0.6307298867968835 Number of Clusters:2
adding tree to internal list:
Clonal Tree 0 
[(0, 1)] 
Loss Nodes:0
Node: 0 Cells: 279 Muts: 507 LostMuts: 0
Node: 1 Cells: 333 Muts: 661 LostMuts: 0
Total Cells: 612 Total Muts: 1168
adding tree to candidate list:
Clonal Tree 0 
[(0, 1)] 
Loss Nodes:0
Node: 0 Cells: 279 Muts: 507 LostMuts: 0
Node: 1 Cells: 333 Muts: 661 LostMuts: 0
Total Cells: 612 Total Muts: 1168
Normalized Likelihood: -0.5483253075984275
Clonal Tree 0 
[(0, 1)] 
Loss Nodes:0
Node: 0 Cells: 279 Muts: 507 LostMuts: 0
Node: 1 Cells: 333 Muts: 661 LostMuts: 0
Total Cells: 612 Total Muts: 1168
Normalized Likelihood: -0.5483253075984275
linear split norm likelihood best tree
Clonal Tree 0 
[(0, 1)] 
Loss Nodes:0
Node: 0 Cells: 279 Muts: 507 LostMuts: 0
Node: 1 Cells: 333 Muts: 661 LostMuts: 0
Total Cells: 612 Total Muts: 1168
Sprouted tree:
Clonal Tree 0 
[(0, 1)] 
Loss Nodes:0
Node: 0 Cells: 279 Muts: 507 LostMuts: 0
Node: 1 Cells: 333 Muts: 661 LostMuts: 0
Total Cells: 612 Total Muts: 1168
Cells: 333 Muts: 661 Ancestral Muts: 2335 
Number of subproblems remaining: 5
func:'planting' args:[(<phertilizer.Phertilizer object at 0x7f8c77e60be0>, deque([])), {}] took: 363.0204 sec
Planting phase complete!

Starting grow phase....
Clonal Tree 1 
[(0, 1)] 
Loss Nodes:0
Node: 0 Cells: 1439 Muts: 1013 LostMuts: 0
Node: 1 Cells: 937 Muts: 3157 LostMuts: 0
Total Cells: 2376 Total Muts: 4170
Clonal Tree 1 
[(0, 1), (0, 2)] 
Loss Nodes:0
Node: 0 Cells: 0 Muts: 815 LostMuts: 0
Node: 1 Cells: 612 Muts: 1168 LostMuts: 0
Node: 2 Cells: 325 Muts: 1174 LostMuts: 0
Total Cells: 937 Total Muts: 3157
4170
4170
4170
Clonal Tree 1 
[(0, 1), (1, 2), (1, 3)] 
Loss Nodes:0
Node: 0 Cells: 1439 Muts: 1013 LostMuts: 0
Node: 1 Cells: 0 Muts: 815 LostMuts: 0
Node: 2 Cells: 612 Muts: 1168 LostMuts: 0
Node: 3 Cells: 325 Muts: 1174 LostMuts: 0
Total Cells: 2376 Total Muts: 4170
Clonal Tree 1 
[(0, 1), (1, 2), (1, 3)] 
Loss Nodes:0
Node: 0 Cells: 1439 Muts: 1013 LostMuts: 0
Node: 1 Cells: 0 Muts: 815 LostMuts: 0
Node: 2 Cells: 612 Muts: 1168 LostMuts: 0
Node: 3 Cells: 325 Muts: 1174 LostMuts: 0
Total Cells: 2376 Total Muts: 4170
Clonal Tree 1 
[(0, 1)] 
Loss Nodes:0
Node: 0 Cells: 1439 Muts: 1013 LostMuts: 0
Node: 1 Cells: 937 Muts: 3157 LostMuts: 0
Total Cells: 2376 Total Muts: 4170
Clonal Tree 1 
[(0, 1)] 
Loss Nodes:0
Node: 0 Cells: 279 Muts: 1014 LostMuts: 0
Node: 1 Cells: 658 Muts: 2143 LostMuts: 0
Total Cells: 937 Total Muts: 3157
4170
4170
4170
Clonal Tree 1 
[(0, 1), (1, 2)] 
Loss Nodes:0
Node: 0 Cells: 1439 Muts: 1013 LostMuts: 0
Node: 1 Cells: 279 Muts: 1014 LostMuts: 0
Node: 2 Cells: 658 Muts: 2143 LostMuts: 0
Total Cells: 2376 Total Muts: 4170
Clonal Tree 1 
[(0, 1), (1, 2)] 
Loss Nodes:0
Node: 0 Cells: 1439 Muts: 1013 LostMuts: 0
Node: 1 Cells: 279 Muts: 1014 LostMuts: 0
Node: 2 Cells: 658 Muts: 2143 LostMuts: 0
Total Cells: 2376 Total Muts: 4170
Clonal Tree 2 
[(0, 1), (1, 2), (1, 3)] 
Loss Nodes:0
Node: 0 Cells: 1439 Muts: 1013 LostMuts: 0
Node: 1 Cells: 0 Muts: 815 LostMuts: 0
Node: 2 Cells: 612 Muts: 1168 LostMuts: 0
Node: 3 Cells: 325 Muts: 1174 LostMuts: 0
Total Cells: 2376 Total Muts: 4170
Clonal Tree 0 
[(0, 1), (0, 2)] 
Loss Nodes:0
Node: 0 Cells: 0 Muts: 51 LostMuts: 0
Node: 1 Cells: 279 Muts: 458 LostMuts: 0
Node: 2 Cells: 333 Muts: 659 LostMuts: 0
Total Cells: 612 Total Muts: 1168
4170
4170
4170
Clonal Tree 2 
[(0, 1), (1, 3), (1, 4), (4, 5), (4, 6)] 
Loss Nodes:0
Node: 0 Cells: 1439 Muts: 1013 LostMuts: 0
Node: 1 Cells: 0 Muts: 815 LostMuts: 0
Node: 3 Cells: 325 Muts: 1174 LostMuts: 0
Node: 4 Cells: 0 Muts: 51 LostMuts: 0
Node: 5 Cells: 279 Muts: 458 LostMuts: 0
Node: 6 Cells: 333 Muts: 659 LostMuts: 0
Total Cells: 2376 Total Muts: 4170
Clonal Tree 2 
[(0, 1), (1, 3), (1, 4), (4, 5), (4, 6)] 
Loss Nodes:0
Node: 0 Cells: 1439 Muts: 1013 LostMuts: 0
Node: 1 Cells: 0 Muts: 815 LostMuts: 0
Node: 3 Cells: 325 Muts: 1174 LostMuts: 0
Node: 4 Cells: 0 Muts: 51 LostMuts: 0
Node: 5 Cells: 279 Muts: 458 LostMuts: 0
Node: 6 Cells: 333 Muts: 659 LostMuts: 0
Total Cells: 2376 Total Muts: 4170
Clonal Tree 2 
[(0, 1), (1, 2), (1, 3)] 
Loss Nodes:0
Node: 0 Cells: 1439 Muts: 1013 LostMuts: 0
Node: 1 Cells: 0 Muts: 815 LostMuts: 0
Node: 2 Cells: 612 Muts: 1168 LostMuts: 0
Node: 3 Cells: 325 Muts: 1174 LostMuts: 0
Total Cells: 2376 Total Muts: 4170
Clonal Tree 0 
[(0, 1)] 
Loss Nodes:0
Node: 0 Cells: 279 Muts: 507 LostMuts: 0
Node: 1 Cells: 333 Muts: 661 LostMuts: 0
Total Cells: 612 Total Muts: 1168
4170
4170
4170
Clonal Tree 2 
[(0, 1), (1, 3), (1, 4), (4, 5)] 
Loss Nodes:0
Node: 0 Cells: 1439 Muts: 1013 LostMuts: 0
Node: 1 Cells: 0 Muts: 815 LostMuts: 0
Node: 3 Cells: 325 Muts: 1174 LostMuts: 0
Node: 4 Cells: 279 Muts: 507 LostMuts: 0
Node: 5 Cells: 333 Muts: 661 LostMuts: 0
Total Cells: 2376 Total Muts: 4170
Clonal Tree 2 
[(0, 1), (1, 3), (1, 4), (4, 5)] 
Loss Nodes:0
Node: 0 Cells: 1439 Muts: 1013 LostMuts: 0
Node: 1 Cells: 0 Muts: 815 LostMuts: 0
Node: 3 Cells: 325 Muts: 1174 LostMuts: 0
Node: 4 Cells: 279 Muts: 507 LostMuts: 0
Node: 5 Cells: 333 Muts: 661 LostMuts: 0
Total Cells: 2376 Total Muts: 4170
Clonal Tree 3 
[(0, 1), (1, 2)] 
Loss Nodes:0
Node: 0 Cells: 1439 Muts: 1013 LostMuts: 0
Node: 1 Cells: 279 Muts: 1014 LostMuts: 0
Node: 2 Cells: 658 Muts: 2143 LostMuts: 0
Total Cells: 2376 Total Muts: 4170
Clonal Tree 0 
[(0, 1), (0, 2)] 
Loss Nodes:0
Node: 0 Cells: 0 Muts: 441 LostMuts: 0
Node: 1 Cells: 333 Muts: 835 LostMuts: 0
Node: 2 Cells: 325 Muts: 867 LostMuts: 0
Total Cells: 658 Total Muts: 2143
4170
4170
4170
Clonal Tree 3 
[(0, 1), (1, 2), (2, 3), (2, 4)] 
Loss Nodes:0
Node: 0 Cells: 1439 Muts: 1013 LostMuts: 0
Node: 1 Cells: 279 Muts: 1014 LostMuts: 0
Node: 2 Cells: 0 Muts: 441 LostMuts: 0
Node: 3 Cells: 333 Muts: 835 LostMuts: 0
Node: 4 Cells: 325 Muts: 867 LostMuts: 0
Total Cells: 2376 Total Muts: 4170
Clonal Tree 3 
[(0, 1), (1, 2), (2, 3), (2, 4)] 
Loss Nodes:0
Node: 0 Cells: 1439 Muts: 1013 LostMuts: 0
Node: 1 Cells: 279 Muts: 1014 LostMuts: 0
Node: 2 Cells: 0 Muts: 441 LostMuts: 0
Node: 3 Cells: 333 Muts: 835 LostMuts: 0
Node: 4 Cells: 325 Muts: 867 LostMuts: 0
Total Cells: 2376 Total Muts: 4170
Clonal Tree 3 
[(0, 1), (1, 2)] 
Loss Nodes:0
Node: 0 Cells: 1439 Muts: 1013 LostMuts: 0
Node: 1 Cells: 279 Muts: 1014 LostMuts: 0
Node: 2 Cells: 658 Muts: 2143 LostMuts: 0
Total Cells: 2376 Total Muts: 4170
Clonal Tree 0 
[(0, 1)] 
Loss Nodes:0
Node: 0 Cells: 333 Muts: 1085 LostMuts: 0
Node: 1 Cells: 325 Muts: 1058 LostMuts: 0
Total Cells: 658 Total Muts: 2143
4170
4170
4170
Clonal Tree 3 
[(0, 1), (1, 2), (2, 3)] 
Loss Nodes:0
Node: 0 Cells: 1439 Muts: 1013 LostMuts: 0
Node: 1 Cells: 279 Muts: 1014 LostMuts: 0
Node: 2 Cells: 333 Muts: 1085 LostMuts: 0
Node: 3 Cells: 325 Muts: 1058 LostMuts: 0
Total Cells: 2376 Total Muts: 4170
Clonal Tree 3 
[(0, 1), (1, 2), (2, 3)] 
Loss Nodes:0
Node: 0 Cells: 1439 Muts: 1013 LostMuts: 0
Node: 1 Cells: 279 Muts: 1014 LostMuts: 0
Node: 2 Cells: 333 Muts: 1085 LostMuts: 0
Node: 3 Cells: 325 Muts: 1058 LostMuts: 0
Total Cells: 2376 Total Muts: 4170
func:'grow' args:[(<phertilizer.Phertilizer object at 0x7f8c77e60be0>,), {}] took: 0.0295 sec
Growing phase complete!

Identifying the maximum likelihood k-clonal tree....
Finding the maximum likelihood tree out of 8 trees....
Clonal Tree 0 
[(0, 1), (0, 2)] 
Loss Nodes:0
Node: 0 Cells: 0 Muts: 889 LostMuts: 0
Node: 1 Cells: 325 Muts: 2568 LostMuts: 0
Node: 2 Cells: 2051 Muts: 713 LostMuts: 0
Total Cells: 2376 Total Muts: 4170

Tree: 0 LogLikelihood: 1124367.2287906436
Variant LogLikelihood: -70087.53300507521 
RDR LogLikelihood: 1194454.761795719

Clonal Tree 1 
[(0, 1)] 
Loss Nodes:0
Node: 0 Cells: 1439 Muts: 1013 LostMuts: 0
Node: 1 Cells: 937 Muts: 3157 LostMuts: 0
Total Cells: 2376 Total Muts: 4170

Tree: 1 LogLikelihood: 1609795.261197527
Variant LogLikelihood: -81977.26030358055 
RDR LogLikelihood: 1691772.5215011071

Clonal Tree 2 
[(0, 1), (1, 2), (1, 3)] 
Loss Nodes:0
Node: 0 Cells: 1439 Muts: 1013 LostMuts: 0
Node: 1 Cells: 0 Muts: 815 LostMuts: 0
Node: 2 Cells: 612 Muts: 1168 LostMuts: 0
Node: 3 Cells: 325 Muts: 1174 LostMuts: 0
Total Cells: 2376 Total Muts: 4170

Tree: 2 LogLikelihood: 1878641.2390223646
Variant LogLikelihood: -51932.924235198836 
RDR LogLikelihood: 1930574.1632575635

Clonal Tree 3 
[(0, 1), (1, 2)] 
Loss Nodes:0
Node: 0 Cells: 1439 Muts: 1013 LostMuts: 0
Node: 1 Cells: 279 Muts: 1014 LostMuts: 0
Node: 2 Cells: 658 Muts: 2143 LostMuts: 0
Total Cells: 2376 Total Muts: 4170

Tree: 3 LogLikelihood: 1829367.9266094363
Variant LogLikelihood: -62469.06865895762 
RDR LogLikelihood: 1891836.9952683938

Clonal Tree 4 
[(0, 1), (1, 3), (1, 4), (4, 5), (4, 6)] 
Loss Nodes:0
Node: 0 Cells: 1439 Muts: 1013 LostMuts: 0
Node: 1 Cells: 0 Muts: 815 LostMuts: 0
Node: 3 Cells: 325 Muts: 1174 LostMuts: 0
Node: 4 Cells: 0 Muts: 51 LostMuts: 0
Node: 5 Cells: 279 Muts: 458 LostMuts: 0
Node: 6 Cells: 333 Muts: 659 LostMuts: 0
Total Cells: 2376 Total Muts: 4170

Tree: 4 LogLikelihood: 1916412.5279740742
Variant LogLikelihood: -45427.29582588036 
RDR LogLikelihood: 1961839.8237999547

Clonal Tree 5 
[(0, 1), (1, 3), (1, 4), (4, 5)] 
Loss Nodes:0
Node: 0 Cells: 1439 Muts: 1013 LostMuts: 0
Node: 1 Cells: 0 Muts: 815 LostMuts: 0
Node: 3 Cells: 325 Muts: 1174 LostMuts: 0
Node: 4 Cells: 279 Muts: 507 LostMuts: 0
Node: 5 Cells: 333 Muts: 661 LostMuts: 0
Total Cells: 2376 Total Muts: 4170

Tree: 5 LogLikelihood: 1914595.8416000386
Variant LogLikelihood: -47243.982199916136 
RDR LogLikelihood: 1961839.8237999547

Clonal Tree 6 
[(0, 1), (1, 2), (2, 3), (2, 4)] 
Loss Nodes:0
Node: 0 Cells: 1439 Muts: 1013 LostMuts: 0
Node: 1 Cells: 279 Muts: 1014 LostMuts: 0
Node: 2 Cells: 0 Muts: 441 LostMuts: 0
Node: 3 Cells: 333 Muts: 835 LostMuts: 0
Node: 4 Cells: 325 Muts: 867 LostMuts: 0
Total Cells: 2376 Total Muts: 4170

Tree: 6 LogLikelihood: 1913283.5541558506
Variant LogLikelihood: -48556.269644104264 
RDR LogLikelihood: 1961839.8237999545

Clonal Tree 7 
[(0, 1), (1, 2), (2, 3)] 
Loss Nodes:0
Node: 0 Cells: 1439 Muts: 1013 LostMuts: 0
Node: 1 Cells: 279 Muts: 1014 LostMuts: 0
Node: 2 Cells: 333 Muts: 1085 LostMuts: 0
Node: 3 Cells: 325 Muts: 1058 LostMuts: 0
Total Cells: 2376 Total Muts: 4170

Tree: 7 LogLikelihood: 1908177.8135118783
Variant LogLikelihood: -53662.010288076715 
RDR LogLikelihood: 1961839.8237999545

\Phertilizer Tree....
Clonal Tree 4 
[(0, 1), (1, 3), (1, 4), (4, 5), (4, 6)] 
Loss Nodes:0
Node: 0 Cells: 1439 Muts: 1013 LostMuts: 0
Node: 1 Cells: 0 Muts: 815 LostMuts: 0
Node: 3 Cells: 325 Muts: 1174 LostMuts: 0
Node: 4 Cells: 0 Muts: 51 LostMuts: 0
Node: 5 Cells: 279 Muts: 458 LostMuts: 0
Node: 6 Cells: 333 Muts: 659 LostMuts: 0
Total Cells: 2376 Total Muts: 4170
Saving files.....
Thanks for planting a tree! See you later, friend.
