/scratch/data/leah/phertilizer/src/branching_split.py:108: RuntimeWarning: invalid value encountered in true_divide
  tmb = mut_var_count_by_cell/mut_total_reads_by_cell
/scratch/data/leah/phertilizer/src/branching_split.py:108: RuntimeWarning: invalid value encountered in true_divide
  tmb = mut_var_count_by_cell/mut_total_reads_by_cell
/scratch/data/leah/phertilizer/src/branching_split.py:108: RuntimeWarning: invalid value encountered in true_divide
  tmb = mut_var_count_by_cell/mut_total_reads_by_cell
/scratch/data/leah/phertilizer/src/branching_split.py:108: RuntimeWarning: invalid value encountered in true_divide
  tmb = mut_var_count_by_cell/mut_total_reads_by_cell
/scratch/data/leah/phertilizer/src/branching_split.py:108: RuntimeWarning: invalid value encountered in true_divide
  tmb = mut_var_count_by_cell/mut_total_reads_by_cell
/scratch/data/leah/phertilizer/src/branching_split.py:108: RuntimeWarning: invalid value encountered in true_divide
  tmb = mut_var_count_by_cell/mut_total_reads_by_cell
/scratch/data/leah/phertilizer/src/branching_split.py:108: RuntimeWarning: invalid value encountered in true_divide
  tmb = mut_var_count_by_cell/mut_total_reads_by_cell
/scratch/data/leah/phertilizer/src/branching_split.py:108: RuntimeWarning: invalid value encountered in true_divide
  tmb = mut_var_count_by_cell/mut_total_reads_by_cell
/scratch/data/leah/phertilizer/src/branching_split.py:108: RuntimeWarning: invalid value encountered in true_divide
  tmb = mut_var_count_by_cell/mut_total_reads_by_cell
/scratch/data/leah/phertilizer/src/branching_split.py:108: RuntimeWarning: invalid value encountered in true_divide
  tmb = mut_var_count_by_cell/mut_total_reads_by_cell
/scratch/data/leah/phertilizer/src/branching_split.py:108: RuntimeWarning: invalid value encountered in true_divide
  tmb = mut_var_count_by_cell/mut_total_reads_by_cell
/scratch/data/leah/phertilizer/src/branching_split.py:108: RuntimeWarning: invalid value encountered in true_divide
  tmb = mut_var_count_by_cell/mut_total_reads_by_cell
/scratch/data/leah/phertilizer/src/branching_split.py:108: RuntimeWarning: invalid value encountered in true_divide
  tmb = mut_var_count_by_cell/mut_total_reads_by_cell
/scratch/data/leah/phertilizer/src/branching_split.py:108: RuntimeWarning: invalid value encountered in true_divide
  tmb = mut_var_count_by_cell/mut_total_reads_by_cell
/scratch/data/leah/phertilizer/src/branching_split.py:108: RuntimeWarning: invalid value encountered in true_divide
  tmb = mut_var_count_by_cell/mut_total_reads_by_cell
/scratch/data/leah/phertilizer/src/branching_split.py:108: RuntimeWarning: invalid value encountered in true_divide
  tmb = mut_var_count_by_cell/mut_total_reads_by_cell
/scratch/data/leah/phertilizer/src/branching_split.py:108: RuntimeWarning: invalid value encountered in true_divide
  tmb = mut_var_count_by_cell/mut_total_reads_by_cell
/scratch/data/leah/phertilizer/src/branching_split.py:108: RuntimeWarning: invalid value encountered in true_divide
  tmb = mut_var_count_by_cell/mut_total_reads_by_cell
/scratch/data/leah/phertilizer/src/branching_split.py:108: RuntimeWarning: invalid value encountered in true_divide
  tmb = mut_var_count_by_cell/mut_total_reads_by_cell
/scratch/data/leah/phertilizer/src/branching_split.py:108: RuntimeWarning: invalid value encountered in true_divide
  tmb = mut_var_count_by_cell/mut_total_reads_by_cell
/scratch/data/leah/phertilizer/src/branching_split.py:108: RuntimeWarning: invalid value encountered in true_divide
  tmb = mut_var_count_by_cell/mut_total_reads_by_cell
/scratch/data/leah/phertilizer/src/branching_split.py:108: RuntimeWarning: invalid value encountered in true_divide
  tmb = mut_var_count_by_cell/mut_total_reads_by_cell
/scratch/data/leah/phertilizer/src/branching_split.py:108: RuntimeWarning: invalid value encountered in true_divide
  tmb = mut_var_count_by_cell/mut_total_reads_by_cell
/scratch/data/leah/phertilizer/src/branching_split.py:108: RuntimeWarning: invalid value encountered in true_divide
  tmb = mut_var_count_by_cell/mut_total_reads_by_cell
/scratch/data/leah/phertilizer/src/branching_split.py:108: RuntimeWarning: invalid value encountered in true_divide
  tmb = mut_var_count_by_cell/mut_total_reads_by_cell
/scratch/data/leah/phertilizer/src/branching_split.py:108: RuntimeWarning: invalid value encountered in true_divide
  tmb = mut_var_count_by_cell/mut_total_reads_by_cell
/scratch/data/leah/phertilizer/src/branching_split.py:108: RuntimeWarning: invalid value encountered in true_divide
  tmb = mut_var_count_by_cell/mut_total_reads_by_cell
/scratch/data/leah/phertilizer/src/branching_split.py:108: RuntimeWarning: invalid value encountered in true_divide
  tmb = mut_var_count_by_cell/mut_total_reads_by_cell
/scratch/data/leah/phertilizer/src/branching_split.py:108: RuntimeWarning: invalid value encountered in true_divide
  tmb = mut_var_count_by_cell/mut_total_reads_by_cell
/scratch/data/leah/phertilizer/src/branching_split.py:108: RuntimeWarning: invalid value encountered in true_divide
  tmb = mut_var_count_by_cell/mut_total_reads_by_cell
INFO:root:Mb Count a: 1.5963364993215738 Mb Count b: 2.8054054054054056
INFO:root:Mb Count a: 0.015433896330809552 Mb Count b: 2.5839274141283215
INFO:root:Mb Count a: 0.00960978450786255 Mb Count b: 3.3130265716137393
INFO:root:Mb Count a: 1.6682496607869741 Mb Count b: 2.7711711711711713
INFO:root:Mb Count a: 0.015433896330809552 Mb Count b: 2.5839274141283215
INFO:root:Mb Count a: 0.00960978450786255 Mb Count b: 3.3130265716137393
/scratch/data/leah/phertilizer/src/linear_split.py:251: RuntimeWarning: invalid value encountered in true_divide
  tmb = mb_mut_count/mb_tot_count
INFO:root:Mb Count a: 1.7322478516508368 Mb Count b: 2.672072072072072
INFO:root:Mb Count a: 0.015433896330809552 Mb Count b: 2.5839274141283215
INFO:root:Mb Count a: 0.00960978450786255 Mb Count b: 3.3130265716137393
INFO:root:Mb Count a: 1.506267409470752 Mb Count b: 3.9174174174174174
INFO:root:Mb Count a: 0.0 Mb Count b: 1.2761732851985559
INFO:root:Mb Count a: 0.0 Mb Count b: 1.2840501792114696
INFO:root:Mb Count a: 0.0 Mb Count b: 1.2840501792114696
INFO:root:Mb Count a: 1.7816544738323017 Mb Count b: 4.0808690404345205
INFO:root:Mb Count a: 0.0 Mb Count b: 1.1331316187594553
INFO:root:Mb Count a: 0.0 Mb Count b: 1.1331316187594553
/scratch/data/leah/phertilizer/src/linear_split.py:251: RuntimeWarning: invalid value encountered in true_divide
  tmb = mb_mut_count/mb_tot_count
INFO:root:Mb Count a: 1.9573684210526316 Mb Count b: 4.341590612777053
INFO:root:Mb Count a: 0.0 Mb Count b: 1.0879120879120878
INFO:root:Mb Count a: 0.0 Mb Count b: 1.0909090909090908
INFO:root:Mb Count a: 0.0 Mb Count b: 1.0909090909090908
INFO:root:Mb Count a: 2.3342128408091467 Mb Count b: 4.600508905852418
INFO:root:Mb Count a: 0.005292755540853457 Mb Count b: 1.0
INFO:root:Mb Count a: 0.0039656311962987445 Mb Count b: 1.0
INFO:root:Mb Count a: 0.0039656311962987445 Mb Count b: 1.0
INFO:root:Mb Count a: 1.4505247376311845 Mb Count b: 3.79837775202781
INFO:root:Mb Count a: 0.0 Mb Count b: 1.2341628959276019
INFO:root:Mb Count a: 0.0 Mb Count b: 1.2341628959276019
INFO:root:Mb Count a: 1.479734708916728 Mb Count b: 3.890193775689959
INFO:root:Mb Count a: 0.0 Mb Count b: 1.1857335127860027
INFO:root:Mb Count a: 0.0 Mb Count b: 1.1857335127860027
INFO:root:Mb Count a: 1.514115898959881 Mb Count b: 3.85
INFO:root:Mb Count a: 0.0 Mb Count b: 1.1938202247191012
INFO:root:Mb Count a: 0.0 Mb Count b: 1.1938202247191012
INFO:root:Mb Count a: 1.8689288090485696 Mb Count b: 4.217990807616546
INFO:root:Mb Count a: 0.0 Mb Count b: 1.1440823327615781
INFO:root:Mb Count a: 0.0 Mb Count b: 1.1423728813559322
INFO:root:Mb Count a: 0.0 Mb Count b: 1.1423728813559322
INFO:root:Mb Count a: 2.193239152371342 Mb Count b: 4.5986590038314175
INFO:root:Mb Count a: 0.0 Mb Count b: 1.0467836257309941
INFO:root:Mb Count a: 0.0 Mb Count b: 1.0467836257309941
INFO:root:Mb Count a: 1.8214894826606025 Mb Count b: 4.203467153284672
INFO:root:Mb Count a: 0.0 Mb Count b: 1.0804597701149425
INFO:root:Mb Count a: 0.0 Mb Count b: 1.0804597701149425
INFO:root:Mb Count a: 1.7677977378576182 Mb Count b: 4.061390532544379
INFO:root:Mb Count a: 0.0 Mb Count b: 1.0842391304347827
INFO:root:Mb Count a: 0.0 Mb Count b: 1.0842391304347827
INFO:root:Mb Count a: 2.1753177966101696 Mb Count b: 4.57187176835574
INFO:root:Mb Count a: 0.0 Mb Count b: 1.0290697674418605
INFO:root:Mb Count a: 0.0 Mb Count b: 1.0290697674418605
INFO:root:Mb Count a: 1.8571428571428572 Mb Count b: 4.127825409197194
INFO:root:Mb Count a: 0.0 Mb Count b: 1.1077441077441077
INFO:root:Mb Count a: 0.0 Mb Count b: 1.1077441077441077
INFO:root:Mb Count a: 1.844418052256532 Mb Count b: 4.115115115115115
INFO:root:Mb Count a: 0.0 Mb Count b: 1.0275862068965518
INFO:root:Mb Count a: 0.0 Mb Count b: 1.0275862068965518
INFO:root:Mb Count a: 1.5418088737201365 Mb Count b: 3.8074123097286567
INFO:root:Mb Count a: 0.0 Mb Count b: 1.2233285917496444
INFO:root:Mb Count a: 0.0 Mb Count b: 1.2233285917496444
INFO:root:Mb Count a: 2.2144729942317776 Mb Count b: 4.5293185419968305
INFO:root:Mb Count a: 0.008754476721050538 Mb Count b: 1.0
INFO:root:Mb Count a: 0.006351726875744343 Mb Count b: 1.0
INFO:root:Mb Count a: 0.006351726875744343 Mb Count b: 1.0
INFO:root:Mb Count a: 1.5319148936170213 Mb Count b: 3.7602836879432626
INFO:root:Mb Count a: 0.0 Mb Count b: 1.1758620689655173
INFO:root:Mb Count a: 0.0 Mb Count b: 1.1855670103092784
INFO:root:Mb Count a: 0.0 Mb Count b: 1.1855670103092784
INFO:root:Mb Count a: 1.3181367690782952 Mb Count b: 3.577501635055592
INFO:root:Mb Count a: 0.0 Mb Count b: 1.3314855875831486
INFO:root:Mb Count a: 0.0 Mb Count b: 1.35352422907489
INFO:root:Mb Count a: 0.0 Mb Count b: 1.35352422907489
INFO:root:Mb Count a: 1.7710997442455243 Mb Count b: 4.107853403141362
INFO:root:Mb Count a: 0.0 Mb Count b: 1.0444444444444445
INFO:root:Mb Count a: 0.0 Mb Count b: 1.0434782608695652
INFO:root:Mb Count a: 0.0 Mb Count b: 1.0434782608695652
INFO:root:Mb Count a: 1.3110687022900764 Mb Count b: 3.469068660774983
INFO:root:Mb Count a: 0.0 Mb Count b: 1.3062261753494282
INFO:root:Mb Count a: 0.0 Mb Count b: 1.3055555555555556
INFO:root:Mb Count a: 0.0 Mb Count b: 1.3055555555555556
INFO:root:Mb Count a: 1.7052023121387283 Mb Count b: 3.9110132158590307
INFO:root:Mb Count a: 0.0 Mb Count b: 1.0726643598615917
INFO:root:Mb Count a: 0.0 Mb Count b: 1.071186440677966
INFO:root:Mb Count a: 0.0 Mb Count b: 1.071186440677966
INFO:root:Mb Count a: 1.3019417475728154 Mb Count b: 3.387860843819393
INFO:root:Mb Count a: 0.0 Mb Count b: 1.279136690647482
INFO:root:Mb Count a: 0.0 Mb Count b: 1.279136690647482
INFO:root:Mb Count a: 1.7428023032629558 Mb Count b: 4.041564792176039
INFO:root:Mb Count a: 0.0 Mb Count b: 1.0696202531645569
INFO:root:Mb Count a: 0.0 Mb Count b: 1.0696202531645569
INFO:root:Mb Count a: 1.4828571428571429 Mb Count b: 3.728024042073629
INFO:root:Mb Count a: 0.0 Mb Count b: 1.2388059701492538
INFO:root:Mb Count a: 0.0 Mb Count b: 1.2444113263785395
INFO:root:Mb Count a: 0.0 Mb Count b: 1.2444113263785395
INFO:root:Mb Count a: 1.5273088381330686 Mb Count b: 3.8223684210526314
INFO:root:Mb Count a: 0.0 Mb Count b: 1.2669826224328593
INFO:root:Mb Count a: 0.0 Mb Count b: 1.272870662460568
INFO:root:Mb Count a: 0.0 Mb Count b: 1.272870662460568
INFO:root:Mb Count a: 1.9284682080924855 Mb Count b: 4.179976162097735
INFO:root:Mb Count a: 0.0 Mb Count b: 1.0526315789473684
INFO:root:Mb Count a: 0.0 Mb Count b: 1.0526315789473684
INFO:root:Mb Count a: 1.7898832684824904 Mb Count b: 3.988272921108742
INFO:root:Mb Count a: 0.0 Mb Count b: 1.0735930735930737
INFO:root:Mb Count a: 0.0 Mb Count b: 1.0735930735930737
INFO:root:Mb Count a: 1.6573426573426573 Mb Count b: 3.8122977346278315
INFO:root:Mb Count a: 0.0 Mb Count b: 1.1240601503759398
INFO:root:Mb Count a: 0.0 Mb Count b: 1.1240601503759398
INFO:root:Mb Count a: 1.842606149341142 Mb Count b: 4.04113475177305
INFO:root:Mb Count a: 0.0 Mb Count b: 1.0446428571428572
INFO:root:Mb Count a: 0.0 Mb Count b: 1.0446428571428572
INFO:root:Mb Count a: 1.6786912751677852 Mb Count b: 3.845278725824801
INFO:root:Mb Count a: 0.0 Mb Count b: 1.1151315789473684
INFO:root:Mb Count a: 0.0 Mb Count b: 1.1151315789473684
INFO:root:Mb Count a: 1.6677994902293967 Mb Count b: 3.9092071611253196
INFO:root:Mb Count a: 0.0 Mb Count b: 1.1342592592592593
INFO:root:Mb Count a: 0.0 Mb Count b: 1.1342592592592593
INFO:root:Mb Count a: 1.539911308203991 Mb Count b: 3.7682119205298013
INFO:root:Mb Count a: 0.0 Mb Count b: 1.2210953346855984
INFO:root:Mb Count a: 0.0 Mb Count b: 1.222672064777328
INFO:root:Mb Count a: 0.0 Mb Count b: 1.222672064777328
INFO:root:Mb Count a: 1.6284482758620689 Mb Count b: 3.780976220275344
INFO:root:Mb Count a: 0.0 Mb Count b: 1.144
INFO:root:Mb Count a: 0.0 Mb Count b: 1.1547619047619047
INFO:root:Mb Count a: 0.0 Mb Count b: 1.1547619047619047
INFO:root:Mb Count a: 1.4514066496163682 Mb Count b: 3.618106139438085
INFO:root:Mb Count a: 0.0 Mb Count b: 1.287215411558669
INFO:root:Mb Count a: 0.0 Mb Count b: 1.3459552495697074
INFO:root:Mb Count a: 0.0 Mb Count b: 1.3487972508591066
INFO:root:Mb Count a: 0.0 Mb Count b: 1.3487972508591066
INFO:root:Mb Count a: 1.6524064171122994 Mb Count b: 3.7198067632850242
INFO:root:Mb Count a: 0.0 Mb Count b: 1.091743119266055
INFO:root:Mb Count a: 0.0 Mb Count b: 1.091743119266055
INFO:root:Mb Count a: 1.664830119375574 Mb Count b: 3.827217125382263
INFO:root:Mb Count a: 0.0 Mb Count b: 1.105263157894737
INFO:root:Mb Count a: 0.0 Mb Count b: 1.105263157894737
INFO:root:Mb Count a: 1.6631578947368422 Mb Count b: 3.7504244482173177
INFO:root:Mb Count a: 0.0 Mb Count b: 1.1421319796954315
INFO:root:Mb Count a: 0.0 Mb Count b: 1.1421319796954315
INFO:root:Mb Count a: 1.6601842374616171 Mb Count b: 3.7519025875190257
INFO:root:Mb Count a: 0.0 Mb Count b: 1.0511363636363635
INFO:root:Mb Count a: 0.0 Mb Count b: 1.0511363636363635
INFO:root:Mb Count a: 1.3583106267029972 Mb Count b: 3.5077777777777777
INFO:root:Mb Count a: 0.0 Mb Count b: 1.3398821218074657
INFO:root:Mb Count a: 0.0 Mb Count b: 1.365234375
INFO:root:Mb Count a: 0.0 Mb Count b: 1.365234375
INFO:root:Mb Count a: 1.748639825897715 Mb Count b: 3.855287569573284
INFO:root:Mb Count a: 0.0 Mb Count b: 1.076086956521739
INFO:root:Mb Count a: 0.0 Mb Count b: 1.0962566844919786
INFO:root:Mb Count a: 0.0 Mb Count b: 1.0962566844919786
INFO:root:Mb Count a: 1.0281124497991967 Mb Count b: 3.2333333333333334
INFO:root:Mb Count a: 0.0 Mb Count b: 1.5716395864106352
INFO:root:Mb Count a: 0.0 Mb Count b: 1.6055718475073313
INFO:root:Mb Count a: 0.0 Mb Count b: 1.6114369501466275
INFO:root:Mb Count a: 1.2707736389684814 Mb Count b: 3.4210526315789473
INFO:root:Mb Count a: 0.0 Mb Count b: 1.3826638477801267
INFO:root:Mb Count a: 0.0 Mb Count b: 1.39832285115304
INFO:root:Mb Count a: 0.0 Mb Count b: 1.39832285115304
INFO:root:Mb Count a: 1.3382838283828382 Mb Count b: 3.3759398496240602
INFO:root:Mb Count a: 0.0 Mb Count b: 1.3307291666666667
INFO:root:Mb Count a: 0.0 Mb Count b: 1.3804627249357326
INFO:root:Mb Count a: 0.0 Mb Count b: 1.3804627249357326
INFO:root:Mb Count a: 1.0923423423423424 Mb Count b: 3.3071342200725513
INFO:root:Mb Count a: 0.0 Mb Count b: 1.5557491289198606
INFO:root:Mb Count a: 0.0 Mb Count b: 1.5798611111111112
INFO:root:Mb Count a: 0.0 Mb Count b: 1.5798611111111112
INFO:root:Mb Count a: 1.3551829268292683 Mb Count b: 3.375609756097561
INFO:root:Mb Count a: 0.0 Mb Count b: 1.3012820512820513
INFO:root:Mb Count a: 0.0 Mb Count b: 1.3194888178913737
INFO:root:Mb Count a: 0.0 Mb Count b: 1.3194888178913737
/scratch/data/leah/phertilizer/src/branching_split.py:108: RuntimeWarning: invalid value encountered in true_divide
  tmb = mut_var_count_by_cell/mut_total_reads_by_cell
/scratch/data/leah/phertilizer/src/branching_split.py:108: RuntimeWarning: invalid value encountered in true_divide
  tmb = mut_var_count_by_cell/mut_total_reads_by_cell
/scratch/data/leah/phertilizer/src/branching_split.py:108: RuntimeWarning: invalid value encountered in true_divide
  tmb = mut_var_count_by_cell/mut_total_reads_by_cell
/scratch/data/leah/phertilizer/src/branching_split.py:108: RuntimeWarning: invalid value encountered in true_divide
  tmb = mut_var_count_by_cell/mut_total_reads_by_cell
/scratch/data/leah/phertilizer/src/branching_split.py:108: RuntimeWarning: invalid value encountered in true_divide
  tmb = mut_var_count_by_cell/mut_total_reads_by_cell
/scratch/data/leah/phertilizer/src/branching_split.py:108: RuntimeWarning: invalid value encountered in true_divide
  tmb = mut_var_count_by_cell/mut_total_reads_by_cell
/scratch/data/leah/phertilizer/src/linear_split.py:251: RuntimeWarning: invalid value encountered in true_divide
  tmb = mb_mut_count/mb_tot_count
INFO:root:Mb Count a: 1.325910931174089 Mb Count b: 1.744144144144144
/scratch/data/leah/phertilizer/src/linear_split.py:251: RuntimeWarning: invalid value encountered in true_divide
  tmb = mb_mut_count/mb_tot_count
INFO:root:Mb Count a: 0.00708502024291498 Mb Count b: 3.3027027027027027
/scratch/data/leah/phertilizer/src/linear_split.py:251: RuntimeWarning: invalid value encountered in true_divide
  tmb = mb_mut_count/mb_tot_count
INFO:root:Mb Count a: 1.298582995951417 Mb Count b: 1.7981981981981983
/scratch/data/leah/phertilizer/src/linear_split.py:251: RuntimeWarning: invalid value encountered in true_divide
  tmb = mb_mut_count/mb_tot_count
INFO:root:Mb Count a: 0.00708502024291498 Mb Count b: 3.3027027027027027
/scratch/data/leah/phertilizer/src/linear_split.py:251: RuntimeWarning: invalid value encountered in true_divide
  tmb = mb_mut_count/mb_tot_count
INFO:root:Mb Count a: 1.3846153846153846 Mb Count b: 1.7693693693693693
/scratch/data/leah/phertilizer/src/linear_split.py:251: RuntimeWarning: invalid value encountered in true_divide
  tmb = mb_mut_count/mb_tot_count
INFO:root:Mb Count a: 0.00708502024291498 Mb Count b: 3.3027027027027027
/scratch/data/leah/phertilizer/src/branching_split.py:108: RuntimeWarning: invalid value encountered in true_divide
  tmb = mut_var_count_by_cell/mut_total_reads_by_cell
/scratch/data/leah/phertilizer/src/branching_split.py:108: RuntimeWarning: invalid value encountered in true_divide
  tmb = mut_var_count_by_cell/mut_total_reads_by_cell
/scratch/data/leah/phertilizer/src/branching_split.py:108: RuntimeWarning: invalid value encountered in true_divide
  tmb = mut_var_count_by_cell/mut_total_reads_by_cell
/scratch/data/leah/phertilizer/src/branching_split.py:108: RuntimeWarning: invalid value encountered in true_divide
  tmb = mut_var_count_by_cell/mut_total_reads_by_cell
/scratch/data/leah/phertilizer/src/branching_split.py:108: RuntimeWarning: invalid value encountered in true_divide
  tmb = mut_var_count_by_cell/mut_total_reads_by_cell
/scratch/data/leah/phertilizer/src/branching_split.py:108: RuntimeWarning: invalid value encountered in true_divide
  tmb = mut_var_count_by_cell/mut_total_reads_by_cell
/scratch/data/leah/phertilizer/src/linear_split.py:251: RuntimeWarning: invalid value encountered in true_divide
  tmb = mb_mut_count/mb_tot_count
INFO:root:Mb Count a: 1.3451417004048583 Mb Count b: 1.8108108108108107
/scratch/data/leah/phertilizer/src/linear_split.py:251: RuntimeWarning: invalid value encountered in true_divide
  tmb = mb_mut_count/mb_tot_count
INFO:root:Mb Count a: 0.00708502024291498 Mb Count b: 3.3027027027027027
/scratch/data/leah/phertilizer/src/linear_split.py:251: RuntimeWarning: invalid value encountered in true_divide
  tmb = mb_mut_count/mb_tot_count
INFO:root:Mb Count a: 1.2935222672064777 Mb Count b: 1.7675675675675675
/scratch/data/leah/phertilizer/src/linear_split.py:251: RuntimeWarning: invalid value encountered in true_divide
  tmb = mb_mut_count/mb_tot_count
INFO:root:Mb Count a: 0.00708502024291498 Mb Count b: 3.3027027027027027
/scratch/data/leah/phertilizer/src/linear_split.py:251: RuntimeWarning: invalid value encountered in true_divide
  tmb = mb_mut_count/mb_tot_count
INFO:root:Mb Count a: 1.3502024291497976 Mb Count b: 1.7315315315315316
/scratch/data/leah/phertilizer/src/linear_split.py:251: RuntimeWarning: invalid value encountered in true_divide
  tmb = mb_mut_count/mb_tot_count
INFO:root:Mb Count a: 0.00708502024291498 Mb Count b: 3.3027027027027027
/scratch/data/leah/phertilizer/src/branching_split.py:108: RuntimeWarning: invalid value encountered in true_divide
  tmb = mut_var_count_by_cell/mut_total_reads_by_cell
/scratch/data/leah/phertilizer/src/branching_split.py:108: RuntimeWarning: invalid value encountered in true_divide
  tmb = mut_var_count_by_cell/mut_total_reads_by_cell
/scratch/data/leah/phertilizer/src/branching_split.py:108: RuntimeWarning: invalid value encountered in true_divide
  tmb = mut_var_count_by_cell/mut_total_reads_by_cell
/scratch/data/leah/phertilizer/src/branching_split.py:108: RuntimeWarning: invalid value encountered in true_divide
  tmb = mut_var_count_by_cell/mut_total_reads_by_cell
/scratch/data/leah/phertilizer/src/linear_split.py:251: RuntimeWarning: invalid value encountered in true_divide
  tmb = mb_mut_count/mb_tot_count
INFO:root:Mb Count a: 0.0 Mb Count b: 1.847554444841128
/scratch/data/leah/phertilizer/src/linear_split.py:251: RuntimeWarning: invalid value encountered in true_divide
  tmb = mb_mut_count/mb_tot_count
INFO:root:Mb Count a: 0.0 Mb Count b: 1.908303249097473
/scratch/data/leah/phertilizer/src/linear_split.py:251: RuntimeWarning: invalid value encountered in true_divide
  tmb = mb_mut_count/mb_tot_count
INFO:root:Mb Count a: 0.0 Mb Count b: 1.908303249097473
/scratch/data/leah/phertilizer/src/linear_split.py:251: RuntimeWarning: invalid value encountered in true_divide
  tmb = mb_mut_count/mb_tot_count
INFO:root:Mb Count a: 0.0 Mb Count b: 1.8385026737967916
/scratch/data/leah/phertilizer/src/linear_split.py:251: RuntimeWarning: invalid value encountered in true_divide
  tmb = mb_mut_count/mb_tot_count
INFO:root:Mb Count a: 0.0 Mb Count b: 1.867504488330341
/scratch/data/leah/phertilizer/src/linear_split.py:251: RuntimeWarning: invalid value encountered in true_divide
  tmb = mb_mut_count/mb_tot_count
INFO:root:Mb Count a: 0.0 Mb Count b: 1.867504488330341
/scratch/data/leah/phertilizer/src/linear_split.py:251: RuntimeWarning: invalid value encountered in true_divide
  tmb = mb_mut_count/mb_tot_count
INFO:root:Mb Count a: 0.0 Mb Count b: 1.843437945791726
/scratch/data/leah/phertilizer/src/linear_split.py:251: RuntimeWarning: invalid value encountered in true_divide
  tmb = mb_mut_count/mb_tot_count
INFO:root:Mb Count a: 0.0 Mb Count b: 1.8583909719694212
/scratch/data/leah/phertilizer/src/linear_split.py:251: RuntimeWarning: invalid value encountered in true_divide
  tmb = mb_mut_count/mb_tot_count
INFO:root:Mb Count a: 0.0 Mb Count b: 1.8698181818181818
/scratch/data/leah/phertilizer/src/linear_split.py:251: RuntimeWarning: invalid value encountered in true_divide
  tmb = mb_mut_count/mb_tot_count
INFO:root:Mb Count a: 0.0 Mb Count b: 1.8698181818181818
