Input data:
    chr  mutation_id  cell_id base  var  total
0  chr2            0       51    C    0      1
1  chr2            0      327    C    0      1
2  chr2            0      460    C    0      1
3  chr2            0      491    C    0      1
4  chr2            0      684    C    0      1
Phertilizer is running in infinite sites mode...

Starting tilling phase....
func:'till' args:[(<phertilizer.Phertilizer object at 0x7f8e829062e0>, 0.0, 0.0, 5, 0.001, 15, False, 1.0, 0.15), {}] took: 7.0588 sec
Tilling phase complete!
Phertilizing a tree with n:1395 cells and m: 1319 SNVs

Starting planting phase....
Starting k-clonal tree inference for seed:
Cells: 1395 Muts: 1319 Ancestral Muts: 0 
Sprouting seed:
Cells: 1395 Muts: 1319 Ancestral Muts: 0 
Sprouting a branching tree from seed ...
(Generator(PCG64) at 0x7F8E7053F3C0,)
Jump Percentage: 0.9999999999999636 First Eig Val: -4.545082805660816e-16 First Gap: 5.514756471769485e-16 Largest Gap: 0.5834609660946473 Number of Clusters:3
CellsA: 252 CellsB: 1143
MutsA: 309 mutsB: 511
Jump Percentage: 0.9999999999999921 First Eig Val: -3.817075544824248e-16 First Gap: 1.3232138509614074e-15 Largest Gap: 0.4103870567986617 Number of Clusters:3
Clonal Tree 0 
[(0, 1), (0, 2)] 
Loss Nodes:0
Node: 0 Cells: 0 Muts: 499 LostMuts: 0
Node: 1 Cells: 252 Muts: 309 LostMuts: 0
Node: 2 Cells: 1143 Muts: 511 LostMuts: 0
Total Cells: 1395 Total Muts: 1319
Jump Percentage: 0.9999999999999767 First Eig Val: -3.7459170739595746e-16 First Gap: 6.707641149363087e-16 Largest Gap: 0.5733418159894451 Number of Clusters:3
CellsA: 1143 CellsB: 252
MutsA: 511 mutsB: 309
Jump Percentage: 0.9999999999999921 First Eig Val: -3.817075544824248e-16 First Gap: 1.3232138509614074e-15 Largest Gap: 0.4103870567986617 Number of Clusters:3
Clonal Tree 0 
[(0, 1), (0, 2)] 
Loss Nodes:0
Node: 0 Cells: 0 Muts: 499 LostMuts: 0
Node: 1 Cells: 1143 Muts: 511 LostMuts: 0
Node: 2 Cells: 252 Muts: 309 LostMuts: 0
Total Cells: 1395 Total Muts: 1319
Jump Percentage: 0.999999999999982 First Eig Val: -4.313575645938762e-16 First Gap: 4.685346849295002e-16 Largest Gap: 0.5434198439527594 Number of Clusters:3
CellsA: 252 CellsB: 1143
MutsA: 309 mutsB: 511
Jump Percentage: 0.9999999999999921 First Eig Val: -3.817075544824248e-16 First Gap: 1.3232138509614074e-15 Largest Gap: 0.4103870567986617 Number of Clusters:3
Clonal Tree 0 
[(0, 1), (0, 2)] 
Loss Nodes:0
Node: 0 Cells: 0 Muts: 499 LostMuts: 0
Node: 1 Cells: 252 Muts: 309 LostMuts: 0
Node: 2 Cells: 1143 Muts: 511 LostMuts: 0
Total Cells: 1395 Total Muts: 1319
Finding the maximum likelihood tree out of 3 trees....
Clonal Tree 0 
[(0, 1), (0, 2)] 
Loss Nodes:0
Node: 0 Cells: 0 Muts: 499 LostMuts: 0
Node: 1 Cells: 252 Muts: 309 LostMuts: 0
Node: 2 Cells: 1143 Muts: 511 LostMuts: 0
Total Cells: 1395 Total Muts: 1319

Tree: 0 LogLikelihood: 1426399.8453854187
Variant LogLikelihood: -14965.246235448529 
RDR LogLikelihood: 1441365.0916208671

Clonal Tree 1 
[(0, 1), (0, 2)] 
Loss Nodes:0
Node: 0 Cells: 0 Muts: 499 LostMuts: 0
Node: 1 Cells: 1143 Muts: 511 LostMuts: 0
Node: 2 Cells: 252 Muts: 309 LostMuts: 0
Total Cells: 1395 Total Muts: 1319

Tree: 1 LogLikelihood: 1426399.8453854187
Variant LogLikelihood: -14965.246235448529 
RDR LogLikelihood: 1441365.0916208671

Clonal Tree 2 
[(0, 1), (0, 2)] 
Loss Nodes:0
Node: 0 Cells: 0 Muts: 499 LostMuts: 0
Node: 1 Cells: 252 Muts: 309 LostMuts: 0
Node: 2 Cells: 1143 Muts: 511 LostMuts: 0
Total Cells: 1395 Total Muts: 1319

Tree: 2 LogLikelihood: 1426399.8453854187
Variant LogLikelihood: -14965.246235448529 
RDR LogLikelihood: 1441365.0916208671

Sprouted tree:
Clonal Tree 0 
[(0, 1), (0, 2)] 
Loss Nodes:0
Node: 0 Cells: 0 Muts: 499 LostMuts: 0
Node: 1 Cells: 252 Muts: 309 LostMuts: 0
Node: 2 Cells: 1143 Muts: 511 LostMuts: 0
Total Cells: 1395 Total Muts: 1319
Cells: 252 Muts: 309 Ancestral Muts: 499 
Cells: 1143 Muts: 511 Ancestral Muts: 499 
Sprouting seed:
Cells: 1395 Muts: 1319 Ancestral Muts: 0 
Sprouting a linear tree from seed ...
Jump Percentage: 0.9999999999999647 First Eig Val: -2.4124808177671875e-16 First Gap: 3.7287133864641087e-16 Largest Gap: 0.5502122330772905 Number of Clusters:3
start:0 iteration:0
CellsA: 1143 CellsB: 252
MutsA: 973 MutsB: 346
Jump Percentage: 0.9999999999999892 First Eig Val: -2.0771156249480036e-16 First Gap: 4.305798004496318e-16 Largest Gap: 0.2934006772212325 Number of Clusters:3
adding tree to internal list:
Clonal Tree 0 
[(0, 1)] 
Loss Nodes:0
Node: 0 Cells: 1143 Muts: 973 LostMuts: 0
Node: 1 Cells: 252 Muts: 346 LostMuts: 0
Total Cells: 1395 Total Muts: 1319
Jump Percentage: 0.9999999999999926 First Eig Val: -2.289256901360759e-16 First Gap: 3.434018114031689e-16 Largest Gap: 0.5508298372071059 Number of Clusters:3
start:1 iteration:0
CellsA: 1143 CellsB: 252
MutsA: 973 MutsB: 346
Jump Percentage: 0.9999999999999892 First Eig Val: -2.0771156249480036e-16 First Gap: 4.305798004496318e-16 Largest Gap: 0.2934006772212325 Number of Clusters:3
adding tree to internal list:
Clonal Tree 0 
[(0, 1)] 
Loss Nodes:0
Node: 0 Cells: 1143 Muts: 973 LostMuts: 0
Node: 1 Cells: 252 Muts: 346 LostMuts: 0
Total Cells: 1395 Total Muts: 1319
Jump Percentage: 0.9999999999999915 First Eig Val: 1.3587162274885804e-16 First Gap: 8.02653627214378e-16 Largest Gap: 0.5376437337105604 Number of Clusters:3
start:2 iteration:0
CellsA: 1143 CellsB: 252
MutsA: 973 MutsB: 346
Jump Percentage: 0.9999999999999892 First Eig Val: -2.0771156249480036e-16 First Gap: 4.305798004496318e-16 Largest Gap: 0.2934006772212325 Number of Clusters:3
adding tree to internal list:
Clonal Tree 0 
[(0, 1)] 
Loss Nodes:0
Node: 0 Cells: 1143 Muts: 973 LostMuts: 0
Node: 1 Cells: 252 Muts: 346 LostMuts: 0
Total Cells: 1395 Total Muts: 1319
adding tree to candidate list:
Clonal Tree 0 
[(0, 1)] 
Loss Nodes:0
Node: 0 Cells: 1143 Muts: 973 LostMuts: 0
Node: 1 Cells: 252 Muts: 346 LostMuts: 0
Total Cells: 1395 Total Muts: 1319
Normalized Likelihood: -0.7506119191943522
Jump Percentage: 0.9999999999999831 First Eig Val: -7.357758607860478e-16 First Gap: 1.4905423053163276e-15 Largest Gap: 0.6087225180740639 Number of Clusters:2
start:0 iteration:0
CellsA: 611 CellsB: 532
MutsA: 465 MutsB: 854
Jump Percentage: 0.9999999999999956 First Eig Val: -4.0006816844309854e-16 First Gap: 5.807407352748735e-16 Largest Gap: 0.6713492638059885 Number of Clusters:2
adding tree to internal list:
Clonal Tree 0 
[(0, 1)] 
Loss Nodes:0
Node: 0 Cells: 611 Muts: 465 LostMuts: 0
Node: 1 Cells: 784 Muts: 854 LostMuts: 0
Total Cells: 1395 Total Muts: 1319
Jump Percentage: 0.9999999999999951 First Eig Val: -1.231315011837547e-16 First Gap: 1.8086344462258105e-16 Largest Gap: 0.6126995498725213 Number of Clusters:2
start:1 iteration:0
CellsA: 611 CellsB: 532
MutsA: 465 MutsB: 854
Jump Percentage: 0.9999999999999956 First Eig Val: -4.0006816844309854e-16 First Gap: 5.807407352748735e-16 Largest Gap: 0.6713492638059885 Number of Clusters:2
adding tree to internal list:
Clonal Tree 0 
[(0, 1)] 
Loss Nodes:0
Node: 0 Cells: 611 Muts: 465 LostMuts: 0
Node: 1 Cells: 784 Muts: 854 LostMuts: 0
Total Cells: 1395 Total Muts: 1319
Jump Percentage: 0.9999999999999802 First Eig Val: 1.3512300083704324e-16 First Gap: 1.2716066318110052e-16 Largest Gap: 0.6044991990364043 Number of Clusters:2
start:2 iteration:0
CellsA: 611 CellsB: 532
MutsA: 465 MutsB: 854
Jump Percentage: 0.9999999999999956 First Eig Val: -4.0006816844309854e-16 First Gap: 5.807407352748735e-16 Largest Gap: 0.6713492638059885 Number of Clusters:2
adding tree to internal list:
Clonal Tree 0 
[(0, 1)] 
Loss Nodes:0
Node: 0 Cells: 611 Muts: 465 LostMuts: 0
Node: 1 Cells: 784 Muts: 854 LostMuts: 0
Total Cells: 1395 Total Muts: 1319
adding tree to candidate list:
Clonal Tree 0 
[(0, 1)] 
Loss Nodes:0
Node: 0 Cells: 611 Muts: 465 LostMuts: 0
Node: 1 Cells: 784 Muts: 854 LostMuts: 0
Total Cells: 1395 Total Muts: 1319
Normalized Likelihood: -0.47149131772889163
Using SNV kernel only
Jump Percentage: 0.12760307870016008 First Eig Val: 1.8108497248893097e-16 First Gap: 0.6648023342790715 Largest Gap: 0.6648023342790715 Number of Clusters:1
start:0 iteration:0
CellsA: 415 CellsB: 196
MutsA: 379 MutsB: 940
Using SNV kernel only
Jump Percentage: 0.172073344140631 First Eig Val: 1.757519146878527e-16 First Gap: 0.7751339914052641 Largest Gap: 0.7751339914052641 Number of Clusters:1
start:0 iteration:1
CellsA: 469 CellsB: 142
MutsA: 362 MutsB: 957
Using SNV kernel only
Jump Percentage: 0.15410319522662455 First Eig Val: 2.1196082815887637e-16 First Gap: 0.7603265783559796 Largest Gap: 0.7603265783559796 Number of Clusters:1
start:0 iteration:2
CellsA: 462 CellsB: 149
MutsA: 359 MutsB: 960
Using SNV kernel only
Jump Percentage: 0.14927792982461668 First Eig Val: -1.283174628102632e-16 First Gap: 0.7555926489915227 Largest Gap: 0.7555926489915227 Number of Clusters:1
adding tree to internal list:
Clonal Tree 0 
[(0, 1)] 
Loss Nodes:0
Node: 0 Cells: 462 Muts: 359 LostMuts: 0
Node: 1 Cells: 933 Muts: 960 LostMuts: 0
Total Cells: 1395 Total Muts: 1319
Using SNV kernel only
Jump Percentage: 0.18240386053141303 First Eig Val: 3.9313693716896283e-16 First Gap: 0.6659376389785833 Largest Gap: 0.6659376389785833 Number of Clusters:1
start:1 iteration:0
CellsA: 168 CellsB: 443
MutsA: 426 MutsB: 893
Using SNV kernel only
Jump Percentage: 0.18186026139009878 First Eig Val: -6.888117390416301e-16 First Gap: 0.6855079302382424 Largest Gap: 0.6855079302382424 Number of Clusters:1
start:1 iteration:1
CellsA: 265 CellsB: 346
MutsA: 304 MutsB: 1015
Using SNV kernel only
Jump Percentage: 0.17238713772826772 First Eig Val: -5.796810469332199e-16 First Gap: 0.7121526929186758 Largest Gap: 0.7121526929186758 Number of Clusters:1
adding tree to internal list:
Clonal Tree 0 
[(0, 1)] 
Loss Nodes:0
Node: 0 Cells: 265 Muts: 304 LostMuts: 0
Node: 1 Cells: 1130 Muts: 1015 LostMuts: 0
Total Cells: 1395 Total Muts: 1319
Using SNV kernel only
Jump Percentage: 0.12290566444893414 First Eig Val: 3.929331407885698e-16 First Gap: 0.6500933836352994 Largest Gap: 0.6500933836352994 Number of Clusters:1
start:2 iteration:0
CellsA: 486 CellsB: 125
MutsA: 422 MutsB: 897
Using SNV kernel only
Jump Percentage: 0.27157581066073516 First Eig Val: 6.909815924943586e-16 First Gap: 0.809333367079068 Largest Gap: 0.809333367079068 Number of Clusters:1
start:2 iteration:1
CellsA: 516 CellsB: 95
MutsA: 389 MutsB: 930
Using SNV kernel only
Jump Percentage: 0.22405343775372727 First Eig Val: -6.949345621764049e-16 First Gap: 0.7870469825556842 Largest Gap: 0.7870469825556842 Number of Clusters:1
start:2 iteration:2
CellsA: 553 CellsB: 58
MutsA: 402 MutsB: 917
Using SNV kernel only
Jump Percentage: 0.2429145243104194 First Eig Val: 4.055895781384352e-16 First Gap: 0.7999789512727371 Largest Gap: 0.7999789512727371 Number of Clusters:1
start:2 iteration:3
CellsA: 559 CellsB: 52
MutsA: 406 MutsB: 913
Using SNV kernel only
Jump Percentage: 0.24973234858352758 First Eig Val: -6.62492474257319e-17 First Gap: 0.8031298439407568 Largest Gap: 0.8031298439407568 Number of Clusters:1
adding tree to internal list:
Clonal Tree 0 
[(0, 1)] 
Loss Nodes:0
Node: 0 Cells: 559 Muts: 406 LostMuts: 0
Node: 1 Cells: 836 Muts: 913 LostMuts: 0
Total Cells: 1395 Total Muts: 1319
adding tree to candidate list:
Clonal Tree 0 
[(0, 1)] 
Loss Nodes:0
Node: 0 Cells: 462 Muts: 359 LostMuts: 0
Node: 1 Cells: 933 Muts: 960 LostMuts: 0
Total Cells: 1395 Total Muts: 1319
Normalized Likelihood: -0.4181598970315522
Using SNV kernel only
Jump Percentage: 0.1688272833418937 First Eig Val: -1.278221749188585e-16 First Gap: 0.567581386035569 Largest Gap: 0.567581386035569 Number of Clusters:1
start:0 iteration:0
CellsA: 140 CellsB: 322
MutsA: 476 MutsB: 843
Using SNV kernel only
Jump Percentage: 0.19154373276030784 First Eig Val: -8.014684927890066e-16 First Gap: 0.519559384237288 Largest Gap: 0.519559384237288 Number of Clusters:1
start:0 iteration:1
CellsA: 273 CellsB: 189
MutsA: 274 MutsB: 1045
Using SNV kernel only
Jump Percentage: 0.17023464003326674 First Eig Val: -5.427192186026134e-16 First Gap: 0.5763212284277704 Largest Gap: 0.5763212284277704 Number of Clusters:1
adding tree to internal list:
Clonal Tree 0 
[(0, 1)] 
Loss Nodes:0
Node: 0 Cells: 273 Muts: 274 LostMuts: 0
Node: 1 Cells: 1122 Muts: 1045 LostMuts: 0
Total Cells: 1395 Total Muts: 1319
Using SNV kernel only
Jump Percentage: 0.1729851106635067 First Eig Val: 3.17763870958409e-16 First Gap: 0.700440236270916 Largest Gap: 0.700440236270916 Number of Clusters:1
start:1 iteration:0
CellsA: 142 CellsB: 320
MutsA: 485 MutsB: 834
Using SNV kernel only
Jump Percentage: 0.22975191376706586 First Eig Val: -2.2434996301503466e-16 First Gap: 0.5798512038132307 Largest Gap: 0.5798512038132307 Number of Clusters:1
start:1 iteration:1
CellsA: 256 CellsB: 206
MutsA: 285 MutsB: 1034
Using SNV kernel only
Jump Percentage: 0.19214361897165375 First Eig Val: -2.391375501635053e-16 First Gap: 0.5523177028393158 Largest Gap: 0.5523177028393158 Number of Clusters:1
adding tree to internal list:
Clonal Tree 0 
[(0, 1)] 
Loss Nodes:0
Node: 0 Cells: 256 Muts: 285 LostMuts: 0
Node: 1 Cells: 1139 Muts: 1034 LostMuts: 0
Total Cells: 1395 Total Muts: 1319
Using SNV kernel only
Jump Percentage: 0.19364584586130618 First Eig Val: -1.3418160847802982e-16 First Gap: 0.7075568196794346 Largest Gap: 0.7075568196794346 Number of Clusters:1
start:2 iteration:0
CellsA: 126 CellsB: 336
MutsA: 519 MutsB: 800
Using SNV kernel only
Jump Percentage: 0.20233160909230163 First Eig Val: -3.3195171007544995e-16 First Gap: 0.7547192295854307 Largest Gap: 0.7547192295854307 Number of Clusters:1
start:2 iteration:1
CellsA: 259 CellsB: 203
MutsA: 302 MutsB: 1017
Using SNV kernel only
Jump Percentage: 0.22406892160584935 First Eig Val: -2.8463548272525563e-16 First Gap: 0.6213740863957256 Largest Gap: 0.6213740863957256 Number of Clusters:1
adding tree to internal list:
Clonal Tree 0 
[(0, 1)] 
Loss Nodes:0
Node: 0 Cells: 259 Muts: 302 LostMuts: 0
Node: 1 Cells: 1136 Muts: 1017 LostMuts: 0
Total Cells: 1395 Total Muts: 1319
adding tree to candidate list:
Clonal Tree 0 
[(0, 1)] 
Loss Nodes:0
Node: 0 Cells: 273 Muts: 274 LostMuts: 0
Node: 1 Cells: 1122 Muts: 1045 LostMuts: 0
Total Cells: 1395 Total Muts: 1319
Normalized Likelihood: -0.4361354693783829
Clonal Tree 0 
[(0, 1)] 
Loss Nodes:0
Node: 0 Cells: 1143 Muts: 973 LostMuts: 0
Node: 1 Cells: 252 Muts: 346 LostMuts: 0
Total Cells: 1395 Total Muts: 1319
Normalized Likelihood: -0.7506119191943522
Clonal Tree 1 
[(0, 1)] 
Loss Nodes:0
Node: 0 Cells: 611 Muts: 465 LostMuts: 0
Node: 1 Cells: 784 Muts: 854 LostMuts: 0
Total Cells: 1395 Total Muts: 1319
Normalized Likelihood: -0.47149131772889163
Clonal Tree 2 
[(0, 1)] 
Loss Nodes:0
Node: 0 Cells: 462 Muts: 359 LostMuts: 0
Node: 1 Cells: 933 Muts: 960 LostMuts: 0
Total Cells: 1395 Total Muts: 1319
Normalized Likelihood: -0.4181598970315522
Clonal Tree 3 
[(0, 1)] 
Loss Nodes:0
Node: 0 Cells: 273 Muts: 274 LostMuts: 0
Node: 1 Cells: 1122 Muts: 1045 LostMuts: 0
Total Cells: 1395 Total Muts: 1319
Normalized Likelihood: -0.4361354693783829
linear split norm likelihood best tree
Clonal Tree 2 
[(0, 1)] 
Loss Nodes:0
Node: 0 Cells: 462 Muts: 359 LostMuts: 0
Node: 1 Cells: 933 Muts: 960 LostMuts: 0
Total Cells: 1395 Total Muts: 1319
Sprouted tree:
Clonal Tree 2 
[(0, 1)] 
Loss Nodes:0
Node: 0 Cells: 462 Muts: 359 LostMuts: 0
Node: 1 Cells: 933 Muts: 960 LostMuts: 0
Total Cells: 1395 Total Muts: 1319
Cells: 933 Muts: 960 Ancestral Muts: 359 
Number of subproblems remaining: 3
Starting k-clonal tree inference for seed:
Cells: 933 Muts: 960 Ancestral Muts: 359 
Sprouting seed:
Cells: 933 Muts: 960 Ancestral Muts: 359 
Sprouting a branching tree from seed ...
(Generator(PCG64) at 0x7F8E7053F3C0,)
Jump Percentage: 0.999999999999984 First Eig Val: -3.6895698445684697e-16 First Gap: 6.546099541729012e-16 Largest Gap: 0.4455669665471358 Number of Clusters:3
CellsA: 681 CellsB: 252
MutsA: 442 mutsB: 184
Jump Percentage: 0.999999999999987 First Eig Val: -2.7653137251531325e-16 First Gap: 9.458841474015959e-18 Largest Gap: 0.22907738283037632 Number of Clusters:4
Clonal Tree 0 
[(0, 1), (0, 2)] 
Loss Nodes:0
Node: 0 Cells: 0 Muts: 334 LostMuts: 0
Node: 1 Cells: 681 Muts: 442 LostMuts: 0
Node: 2 Cells: 252 Muts: 184 LostMuts: 0
Total Cells: 933 Total Muts: 960
Jump Percentage: 0.999999999999975 First Eig Val: -3.5942480020377136e-16 First Gap: 6.257968491902384e-16 Largest Gap: 0.45807912936677997 Number of Clusters:3
CellsA: 252 CellsB: 681
MutsA: 184 mutsB: 442
Jump Percentage: 0.999999999999987 First Eig Val: -2.7653137251531325e-16 First Gap: 9.458841474015959e-18 Largest Gap: 0.22907738283037632 Number of Clusters:4
Clonal Tree 0 
[(0, 1), (0, 2)] 
Loss Nodes:0
Node: 0 Cells: 0 Muts: 334 LostMuts: 0
Node: 1 Cells: 252 Muts: 184 LostMuts: 0
Node: 2 Cells: 681 Muts: 442 LostMuts: 0
Total Cells: 933 Total Muts: 960
Jump Percentage: 0.999999999999992 First Eig Val: -1.5302122445038764e-16 First Gap: 8.819718298548198e-16 Largest Gap: 0.45110600236134213 Number of Clusters:3
CellsA: 252 CellsB: 681
MutsA: 184 mutsB: 442
Jump Percentage: 0.999999999999987 First Eig Val: -2.7653137251531325e-16 First Gap: 9.458841474015959e-18 Largest Gap: 0.22907738283037632 Number of Clusters:4
Clonal Tree 0 
[(0, 1), (0, 2)] 
Loss Nodes:0
Node: 0 Cells: 0 Muts: 334 LostMuts: 0
Node: 1 Cells: 252 Muts: 184 LostMuts: 0
Node: 2 Cells: 681 Muts: 442 LostMuts: 0
Total Cells: 933 Total Muts: 960
Finding the maximum likelihood tree out of 3 trees....
Clonal Tree 0 
[(0, 1), (0, 2)] 
Loss Nodes:0
Node: 0 Cells: 0 Muts: 334 LostMuts: 0
Node: 1 Cells: 681 Muts: 442 LostMuts: 0
Node: 2 Cells: 252 Muts: 184 LostMuts: 0
Total Cells: 933 Total Muts: 960

Tree: 0 LogLikelihood: 966909.9676633757
Variant LogLikelihood: -17381.45960769346 
RDR LogLikelihood: 984291.4272710693

Clonal Tree 1 
[(0, 1), (0, 2)] 
Loss Nodes:0
Node: 0 Cells: 0 Muts: 334 LostMuts: 0
Node: 1 Cells: 252 Muts: 184 LostMuts: 0
Node: 2 Cells: 681 Muts: 442 LostMuts: 0
Total Cells: 933 Total Muts: 960

Tree: 1 LogLikelihood: 966909.9676633757
Variant LogLikelihood: -17381.45960769346 
RDR LogLikelihood: 984291.4272710693

Clonal Tree 2 
[(0, 1), (0, 2)] 
Loss Nodes:0
Node: 0 Cells: 0 Muts: 334 LostMuts: 0
Node: 1 Cells: 252 Muts: 184 LostMuts: 0
Node: 2 Cells: 681 Muts: 442 LostMuts: 0
Total Cells: 933 Total Muts: 960

Tree: 2 LogLikelihood: 966909.9676633757
Variant LogLikelihood: -17381.45960769346 
RDR LogLikelihood: 984291.4272710693

Sprouted tree:
Clonal Tree 0 
[(0, 1), (0, 2)] 
Loss Nodes:0
Node: 0 Cells: 0 Muts: 334 LostMuts: 0
Node: 1 Cells: 681 Muts: 442 LostMuts: 0
Node: 2 Cells: 252 Muts: 184 LostMuts: 0
Total Cells: 933 Total Muts: 960
Cells: 681 Muts: 442 Ancestral Muts: 693 
Cells: 252 Muts: 184 Ancestral Muts: 693 
Sprouting seed:
Cells: 933 Muts: 960 Ancestral Muts: 359 
Sprouting a linear tree from seed ...
Jump Percentage: 0.9999999999999912 First Eig Val: -3.995106438083864e-17 First Gap: 1.7668961982301515e-16 Largest Gap: 0.35002804078106015 Number of Clusters:3
start:0 iteration:0
CellsA: 681 CellsB: 252
MutsA: 753 MutsB: 207
Jump Percentage: 0.9999999999999969 First Eig Val: -4.9527202469925355e-17 First Gap: 9.144713213964214e-17 Largest Gap: 0.19938937546209262 Number of Clusters:2
adding tree to internal list:
Clonal Tree 0 
[(0, 1)] 
Loss Nodes:0
Node: 0 Cells: 681 Muts: 753 LostMuts: 0
Node: 1 Cells: 252 Muts: 207 LostMuts: 0
Total Cells: 933 Total Muts: 960
Jump Percentage: 0.999999999999974 First Eig Val: -1.7110015579607036e-16 First Gap: 1.0054444691506808e-15 Largest Gap: 0.3882488112760977 Number of Clusters:3
start:1 iteration:0
CellsA: 681 CellsB: 252
MutsA: 753 MutsB: 207
Jump Percentage: 0.9999999999999969 First Eig Val: -4.9527202469925355e-17 First Gap: 9.144713213964214e-17 Largest Gap: 0.19938937546209262 Number of Clusters:2
adding tree to internal list:
Clonal Tree 0 
[(0, 1)] 
Loss Nodes:0
Node: 0 Cells: 681 Muts: 753 LostMuts: 0
Node: 1 Cells: 252 Muts: 207 LostMuts: 0
Total Cells: 933 Total Muts: 960
Jump Percentage: 0.9999999999999863 First Eig Val: -4.45001620386183e-16 First Gap: 2.916000767367095e-16 Largest Gap: 0.39680018560868624 Number of Clusters:3
start:2 iteration:0
CellsA: 681 CellsB: 252
MutsA: 753 MutsB: 207
Jump Percentage: 0.9999999999999969 First Eig Val: -4.9527202469925355e-17 First Gap: 9.144713213964214e-17 Largest Gap: 0.19938937546209262 Number of Clusters:2
adding tree to internal list:
Clonal Tree 0 
[(0, 1)] 
Loss Nodes:0
Node: 0 Cells: 681 Muts: 753 LostMuts: 0
Node: 1 Cells: 252 Muts: 207 LostMuts: 0
Total Cells: 933 Total Muts: 960
adding tree to candidate list:
Clonal Tree 0 
[(0, 1)] 
Loss Nodes:0
Node: 0 Cells: 681 Muts: 753 LostMuts: 0
Node: 1 Cells: 252 Muts: 207 LostMuts: 0
Total Cells: 933 Total Muts: 960
Normalized Likelihood: -0.7367631328095221
Jump Percentage: 0.9999999999999911 First Eig Val: -6.757810868633338e-16 First Gap: 7.387477957194089e-16 Largest Gap: 0.472786849286886 Number of Clusters:2
start:0 iteration:0
CellsA: 149 CellsB: 532
MutsA: 381 MutsB: 579
Jump Percentage: 0.9999999999999775 First Eig Val: -2.4461923440747583e-16 First Gap: 7.747418620153285e-16 Largest Gap: 0.5674163765247142 Number of Clusters:2
adding tree to internal list:
Clonal Tree 0 
[(0, 1)] 
Loss Nodes:0
Node: 0 Cells: 149 Muts: 381 LostMuts: 0
Node: 1 Cells: 784 Muts: 579 LostMuts: 0
Total Cells: 933 Total Muts: 960
Jump Percentage: 0.999999999999997 First Eig Val: -1.7728240383368873e-16 First Gap: 9.440555448817762e-16 Largest Gap: 0.5204125634530117 Number of Clusters:2
start:1 iteration:0
CellsA: 149 CellsB: 532
MutsA: 381 MutsB: 579
Jump Percentage: 0.9999999999999775 First Eig Val: -2.4461923440747583e-16 First Gap: 7.747418620153285e-16 Largest Gap: 0.5674163765247142 Number of Clusters:2
adding tree to internal list:
Clonal Tree 0 
[(0, 1)] 
Loss Nodes:0
Node: 0 Cells: 149 Muts: 381 LostMuts: 0
Node: 1 Cells: 784 Muts: 579 LostMuts: 0
Total Cells: 933 Total Muts: 960
Jump Percentage: 0.9999999999999883 First Eig Val: -5.721093307667769e-16 First Gap: 8.454603237910317e-16 Largest Gap: 0.5492871235474063 Number of Clusters:2
start:2 iteration:0
CellsA: 149 CellsB: 532
MutsA: 381 MutsB: 579
Jump Percentage: 0.9999999999999775 First Eig Val: -2.4461923440747583e-16 First Gap: 7.747418620153285e-16 Largest Gap: 0.5674163765247142 Number of Clusters:2
adding tree to internal list:
Clonal Tree 0 
[(0, 1)] 
Loss Nodes:0
Node: 0 Cells: 149 Muts: 381 LostMuts: 0
Node: 1 Cells: 784 Muts: 579 LostMuts: 0
Total Cells: 933 Total Muts: 960
adding tree to candidate list:
Clonal Tree 0 
[(0, 1)] 
Loss Nodes:0
Node: 0 Cells: 149 Muts: 381 LostMuts: 0
Node: 1 Cells: 784 Muts: 579 LostMuts: 0
Total Cells: 933 Total Muts: 960
Normalized Likelihood: -0.6190080670868423
Clonal Tree 0 
[(0, 1)] 
Loss Nodes:0
Node: 0 Cells: 681 Muts: 753 LostMuts: 0
Node: 1 Cells: 252 Muts: 207 LostMuts: 0
Total Cells: 933 Total Muts: 960
Normalized Likelihood: -0.7367631328095221
Clonal Tree 1 
[(0, 1)] 
Loss Nodes:0
Node: 0 Cells: 149 Muts: 381 LostMuts: 0
Node: 1 Cells: 784 Muts: 579 LostMuts: 0
Total Cells: 933 Total Muts: 960
Normalized Likelihood: -0.6190080670868423
linear split norm likelihood best tree
Clonal Tree 1 
[(0, 1)] 
Loss Nodes:0
Node: 0 Cells: 149 Muts: 381 LostMuts: 0
Node: 1 Cells: 784 Muts: 579 LostMuts: 0
Total Cells: 933 Total Muts: 960
Sprouted tree:
Clonal Tree 1 
[(0, 1)] 
Loss Nodes:0
Node: 0 Cells: 149 Muts: 381 LostMuts: 0
Node: 1 Cells: 784 Muts: 579 LostMuts: 0
Total Cells: 933 Total Muts: 960
Cells: 784 Muts: 579 Ancestral Muts: 740 
Number of subproblems remaining: 5
Starting k-clonal tree inference for seed:
Cells: 784 Muts: 579 Ancestral Muts: 740 
Sprouting seed:
Cells: 784 Muts: 579 Ancestral Muts: 740 
Sprouting a branching tree from seed ...
(Generator(PCG64) at 0x7F8E7053F3C0,)
Jump Percentage: 0.9999999999999889 First Eig Val: -3.5245552702883806e-16 First Gap: 1.163265182217634e-15 Largest Gap: 0.4804293914442331 Number of Clusters:2
CellsA: 532 CellsB: 252
MutsA: 294 mutsB: 121
Jump Percentage: 0.9999999999999778 First Eig Val: -5.71009527342309e-17 First Gap: 1.1650164563844936e-16 Largest Gap: 0.2832029916722519 Number of Clusters:3
Clonal Tree 0 
[(0, 1), (0, 2)] 
Loss Nodes:0
Node: 0 Cells: 0 Muts: 164 LostMuts: 0
Node: 1 Cells: 532 Muts: 294 LostMuts: 0
Node: 2 Cells: 252 Muts: 121 LostMuts: 0
Total Cells: 784 Total Muts: 579
Jump Percentage: 0.999999999999985 First Eig Val: -2.2512537294482443e-16 First Gap: 3.103494448498966e-16 Largest Gap: 0.44435613082070907 Number of Clusters:2
CellsA: 532 CellsB: 252
MutsA: 294 mutsB: 121
Jump Percentage: 0.9999999999999778 First Eig Val: -5.71009527342309e-17 First Gap: 1.1650164563844936e-16 Largest Gap: 0.2832029916722519 Number of Clusters:3
Clonal Tree 0 
[(0, 1), (0, 2)] 
Loss Nodes:0
Node: 0 Cells: 0 Muts: 164 LostMuts: 0
Node: 1 Cells: 532 Muts: 294 LostMuts: 0
Node: 2 Cells: 252 Muts: 121 LostMuts: 0
Total Cells: 784 Total Muts: 579
Jump Percentage: 0.9999999999999899 First Eig Val: 1.9892239434639386e-16 First Gap: 4.126661295474402e-17 Largest Gap: 0.4310134827906808 Number of Clusters:2
CellsA: 252 CellsB: 532
MutsA: 121 mutsB: 294
Jump Percentage: 0.9999999999999778 First Eig Val: -5.71009527342309e-17 First Gap: 1.1650164563844936e-16 Largest Gap: 0.2832029916722519 Number of Clusters:3
Clonal Tree 0 
[(0, 1), (0, 2)] 
Loss Nodes:0
Node: 0 Cells: 0 Muts: 164 LostMuts: 0
Node: 1 Cells: 252 Muts: 121 LostMuts: 0
Node: 2 Cells: 532 Muts: 294 LostMuts: 0
Total Cells: 784 Total Muts: 579
Finding the maximum likelihood tree out of 3 trees....
Clonal Tree 0 
[(0, 1), (0, 2)] 
Loss Nodes:0
Node: 0 Cells: 0 Muts: 164 LostMuts: 0
Node: 1 Cells: 532 Muts: 294 LostMuts: 0
Node: 2 Cells: 252 Muts: 121 LostMuts: 0
Total Cells: 784 Total Muts: 579

Tree: 0 LogLikelihood: 815793.0325554865
Variant LogLikelihood: -21090.839875848196 
RDR LogLikelihood: 836883.8724313348

Clonal Tree 1 
[(0, 1), (0, 2)] 
Loss Nodes:0
Node: 0 Cells: 0 Muts: 164 LostMuts: 0
Node: 1 Cells: 532 Muts: 294 LostMuts: 0
Node: 2 Cells: 252 Muts: 121 LostMuts: 0
Total Cells: 784 Total Muts: 579

Tree: 1 LogLikelihood: 815793.0325554865
Variant LogLikelihood: -21090.839875848196 
RDR LogLikelihood: 836883.8724313348

Clonal Tree 2 
[(0, 1), (0, 2)] 
Loss Nodes:0
Node: 0 Cells: 0 Muts: 164 LostMuts: 0
Node: 1 Cells: 252 Muts: 121 LostMuts: 0
Node: 2 Cells: 532 Muts: 294 LostMuts: 0
Total Cells: 784 Total Muts: 579

Tree: 2 LogLikelihood: 815793.0325554865
Variant LogLikelihood: -21090.839875848196 
RDR LogLikelihood: 836883.8724313348

Sprouted tree:
Clonal Tree 0 
[(0, 1), (0, 2)] 
Loss Nodes:0
Node: 0 Cells: 0 Muts: 164 LostMuts: 0
Node: 1 Cells: 532 Muts: 294 LostMuts: 0
Node: 2 Cells: 252 Muts: 121 LostMuts: 0
Total Cells: 784 Total Muts: 579
Cells: 532 Muts: 294 Ancestral Muts: 904 
Sprouting seed:
Cells: 784 Muts: 579 Ancestral Muts: 740 
Sprouting a linear tree from seed ...
Jump Percentage: 0.9999999999999863 First Eig Val: -3.6766587843052333e-16 First Gap: 1.7926169657928104e-16 Largest Gap: 0.38557235453520095 Number of Clusters:2
start:0 iteration:0
CellsA: 252 CellsB: 532
MutsA: 307 MutsB: 272
Jump Percentage: 0.9999999999999855 First Eig Val: 2.7595172070045155e-16 First Gap: 8.927940121555819e-17 Largest Gap: 0.3403014054575769 Number of Clusters:2
adding tree to internal list:
Clonal Tree 0 
[(0, 1)] 
Loss Nodes:0
Node: 0 Cells: 252 Muts: 307 LostMuts: 0
Node: 1 Cells: 532 Muts: 272 LostMuts: 0
Total Cells: 784 Total Muts: 579
Jump Percentage: 0.9999999999999852 First Eig Val: -3.8946334197746335e-17 First Gap: 1.6629638998550021e-16 Largest Gap: 0.36953814854350636 Number of Clusters:2
start:1 iteration:0
CellsA: 252 CellsB: 532
MutsA: 307 MutsB: 272
Jump Percentage: 0.9999999999999855 First Eig Val: 2.7595172070045155e-16 First Gap: 8.927940121555819e-17 Largest Gap: 0.3403014054575769 Number of Clusters:2
adding tree to internal list:
Clonal Tree 0 
[(0, 1)] 
Loss Nodes:0
Node: 0 Cells: 252 Muts: 307 LostMuts: 0
Node: 1 Cells: 532 Muts: 272 LostMuts: 0
Total Cells: 784 Total Muts: 579
Jump Percentage: 0.9999999999999932 First Eig Val: -5.199741010144731e-16 First Gap: 1.3976951297769244e-15 Largest Gap: 0.38585915599118886 Number of Clusters:2
start:2 iteration:0
CellsA: 252 CellsB: 532
MutsA: 307 MutsB: 272
Jump Percentage: 0.9999999999999855 First Eig Val: 2.7595172070045155e-16 First Gap: 8.927940121555819e-17 Largest Gap: 0.3403014054575769 Number of Clusters:2
adding tree to internal list:
Clonal Tree 0 
[(0, 1)] 
Loss Nodes:0
Node: 0 Cells: 252 Muts: 307 LostMuts: 0
Node: 1 Cells: 532 Muts: 272 LostMuts: 0
Total Cells: 784 Total Muts: 579
adding tree to candidate list:
Clonal Tree 0 
[(0, 1)] 
Loss Nodes:0
Node: 0 Cells: 252 Muts: 307 LostMuts: 0
Node: 1 Cells: 532 Muts: 272 LostMuts: 0
Total Cells: 784 Total Muts: 579
Normalized Likelihood: -0.6311258557110647
Clonal Tree 0 
[(0, 1)] 
Loss Nodes:0
Node: 0 Cells: 252 Muts: 307 LostMuts: 0
Node: 1 Cells: 532 Muts: 272 LostMuts: 0
Total Cells: 784 Total Muts: 579
Normalized Likelihood: -0.6311258557110647
linear split norm likelihood best tree
Clonal Tree 0 
[(0, 1)] 
Loss Nodes:0
Node: 0 Cells: 252 Muts: 307 LostMuts: 0
Node: 1 Cells: 532 Muts: 272 LostMuts: 0
Total Cells: 784 Total Muts: 579
Sprouted tree:
Clonal Tree 0 
[(0, 1)] 
Loss Nodes:0
Node: 0 Cells: 252 Muts: 307 LostMuts: 0
Node: 1 Cells: 532 Muts: 272 LostMuts: 0
Total Cells: 784 Total Muts: 579
Cells: 532 Muts: 272 Ancestral Muts: 1047 
Number of subproblems remaining: 6
Starting k-clonal tree inference for seed:
Cells: 532 Muts: 272 Ancestral Muts: 1047 
Sprouting seed:
Cells: 532 Muts: 272 Ancestral Muts: 1047 
Sprouting a branching tree from seed ...
(Generator(PCG64) at 0x7F8E7053F3C0,)
Sprouted tree:
None
<bound method Phertilizer.sprout_branching of <phertilizer.Phertilizer object at 0x7f8e829062e0>> invalid
Sprouting seed:
Cells: 532 Muts: 272 Ancestral Muts: 1047 
Sprouting a linear tree from seed ...
Using SNV kernel only
Jump Percentage: 0.36926844588198926 First Eig Val: -7.673982976852414e-16 First Gap: 0.20428684238554282 Largest Gap: 0.3450544822055419 Number of Clusters:3
start:0 iteration:0
CellsA: 448 CellsB: 84
MutsA: 226 MutsB: 46
Using SNV kernel only
Terminating cell clustering due to NANs in affinity matrix
Using SNV kernel only
Jump Percentage: 0.3650952345776824 First Eig Val: -1.3292318634672311e-16 First Gap: 0.2208354678974148 Largest Gap: 0.3927533167497929 Number of Clusters:3
start:1 iteration:0
CellsA: 306 CellsB: 226
MutsA: 143 MutsB: 129
Using SNV kernel only
Jump Percentage: 0.3529993523303312 First Eig Val: -5.36896915814823e-16 First Gap: 0.15929230499706748 Largest Gap: 0.3644098044368338 Number of Clusters:3
start:1 iteration:1
CellsA: 436 CellsB: 96
MutsA: 209 MutsB: 63
Using SNV kernel only
Jump Percentage: 0.8390664327263124 First Eig Val: 8.326672684688686e-17 First Gap: 0.136351386550345 Largest Gap: 0.6216939110910669 Number of Clusters:2
start:1 iteration:2
CellsA: 460 CellsB: 72
MutsA: 209 MutsB: 63
Using SNV kernel only
Jump Percentage: 0.8390664327263124 First Eig Val: 8.326672684688686e-17 First Gap: 0.136351386550345 Largest Gap: 0.6216939110910669 Number of Clusters:2
adding tree to internal list:
Clonal Tree 0 
[(0, 1)] 
Loss Nodes:0
Node: 0 Cells: 460 Muts: 209 LostMuts: 0
Node: 1 Cells: 72 Muts: 63 LostMuts: 0
Total Cells: 532 Total Muts: 272
Using SNV kernel only
Jump Percentage: 0.3828147322443709 First Eig Val: 1.602450810933579e-16 First Gap: 0.20464122363521903 Largest Gap: 0.38121610908191467 Number of Clusters:3
start:2 iteration:0
CellsA: 444 CellsB: 88
MutsA: 220 MutsB: 52
Using SNV kernel only
Jump Percentage: 0.8190639349605865 First Eig Val: -4.3368086899420256e-16 First Gap: 0.13273725939408387 Largest Gap: 0.563022052603887 Number of Clusters:2
start:2 iteration:1
CellsA: 455 CellsB: 77
MutsA: 218 MutsB: 54
Using SNV kernel only
Jump Percentage: 0.8003998293361261 First Eig Val: -5.3776427755281094e-17 First Gap: 0.10396102183979897 Largest Gap: 0.6650236168401096 Number of Clusters:2
start:2 iteration:2
CellsA: 440 CellsB: 92
MutsA: 217 MutsB: 55
Using SNV kernel only
Jump Percentage: 0.8001735630493304 First Eig Val: 5.39499001028788e-16 First Gap: 0.10123354189145894 Largest Gap: 0.6842705249660594 Number of Clusters:2
start:2 iteration:3
CellsA: 439 CellsB: 93
MutsA: 217 MutsB: 55
Using SNV kernel only
Jump Percentage: 0.8001735630493304 First Eig Val: 5.39499001028788e-16 First Gap: 0.10123354189145894 Largest Gap: 0.6842705249660594 Number of Clusters:2
adding tree to internal list:
Clonal Tree 0 
[(0, 1)] 
Loss Nodes:0
Node: 0 Cells: 439 Muts: 217 LostMuts: 0
Node: 1 Cells: 93 Muts: 55 LostMuts: 0
Total Cells: 532 Total Muts: 272
adding tree to candidate list:
Clonal Tree 1 
[(0, 1)] 
Loss Nodes:0
Node: 0 Cells: 439 Muts: 217 LostMuts: 0
Node: 1 Cells: 93 Muts: 55 LostMuts: 0
Total Cells: 532 Total Muts: 272
Normalized Likelihood: -0.6634496851947163
Using SNV kernel only
Jump Percentage: 0.3005581796489055 First Eig Val: -4.419208055050924e-16 First Gap: 0.18952339397456053 Largest Gap: 0.34357555760550396 Number of Clusters:3
start:0 iteration:0
CellsA: 359 CellsB: 80
MutsA: 197 MutsB: 75
Using SNV kernel only
Jump Percentage: 0.6543725901626992 First Eig Val: -4.800847219765823e-16 First Gap: 0.43235881973528323 Largest Gap: 0.43235881973528323 Number of Clusters:1
start:0 iteration:1
CellsA: 424 CellsB: 15
MutsA: 208 MutsB: 64
Using SNV kernel only
Jump Percentage: 0.9228694485365001 First Eig Val: 8.08381139805193e-16 First Gap: 0.43952873260842423 Largest Gap: 0.43952873260842423 Number of Clusters:1
start:0 iteration:2
CellsA: 426 CellsB: 13
MutsA: 208 MutsB: 64
Using SNV kernel only
Jump Percentage: 0.9228694485365001 First Eig Val: 8.08381139805193e-16 First Gap: 0.43952873260842423 Largest Gap: 0.43952873260842423 Number of Clusters:1
adding tree to internal list:
Clonal Tree 0 
[(0, 1)] 
Loss Nodes:0
Node: 0 Cells: 426 Muts: 208 LostMuts: 0
Node: 1 Cells: 106 Muts: 64 LostMuts: 0
Total Cells: 532 Total Muts: 272
Using SNV kernel only
Jump Percentage: 0.2581344158241289 First Eig Val: -4.2067044292437646e-17 First Gap: 0.16744229175725803 Largest Gap: 0.38346173116127447 Number of Clusters:3
start:1 iteration:0
CellsA: 342 CellsB: 97
MutsA: 202 MutsB: 70
Using SNV kernel only
Jump Percentage: 0.6210929009003503 First Eig Val: -1.2490009027033028e-16 First Gap: 0.33777618058067405 Largest Gap: 0.3866858783260876 Number of Clusters:2
start:1 iteration:1
CellsA: 418 CellsB: 21
MutsA: 208 MutsB: 64
Using SNV kernel only
Jump Percentage: 0.7741743491295953 First Eig Val: 6.106226635438369e-16 First Gap: 0.35388474638484213 Largest Gap: 0.44539020641616417 Number of Clusters:2
start:1 iteration:2
CellsA: 421 CellsB: 18
MutsA: 210 MutsB: 62
Using SNV kernel only
Jump Percentage: 0.789995557445813 First Eig Val: 8.326672684688687e-16 First Gap: 0.3788045107375153 Largest Gap: 0.4303160400548048 Number of Clusters:2
start:1 iteration:3
CellsA: 423 CellsB: 16
MutsA: 210 MutsB: 62
Using SNV kernel only
Jump Percentage: 0.789995557445813 First Eig Val: 8.326672684688687e-16 First Gap: 0.3788045107375153 Largest Gap: 0.4303160400548048 Number of Clusters:2
adding tree to internal list:
Clonal Tree 0 
[(0, 1)] 
Loss Nodes:0
Node: 0 Cells: 423 Muts: 210 LostMuts: 0
Node: 1 Cells: 109 Muts: 62 LostMuts: 0
Total Cells: 532 Total Muts: 272
Using SNV kernel only
Jump Percentage: 0.2919182324481137 First Eig Val: 3.8055496254241255e-16 First Gap: 0.21497339813499383 Largest Gap: 0.37567112786406937 Number of Clusters:3
start:2 iteration:0
CellsA: 359 CellsB: 80
MutsA: 201 MutsB: 71
Using SNV kernel only
Jump Percentage: 0.893463906993685 First Eig Val: 1.6237011735142944e-15 First Gap: 0.2718881158375279 Largest Gap: 0.4192156058195517 Number of Clusters:2
start:2 iteration:1
CellsA: 411 CellsB: 28
MutsA: 207 MutsB: 65
Using SNV kernel only
Jump Percentage: 0.9038487573997906 First Eig Val: -9.020562075079415e-17 First Gap: 0.23505567067714783 Largest Gap: 0.5652961313590714 Number of Clusters:2
start:2 iteration:2
CellsA: 409 CellsB: 30
MutsA: 207 MutsB: 65
Using SNV kernel only
Jump Percentage: 0.9038487573997906 First Eig Val: -9.020562075079415e-17 First Gap: 0.23505567067714783 Largest Gap: 0.5652961313590714 Number of Clusters:2
adding tree to internal list:
Clonal Tree 0 
[(0, 1)] 
Loss Nodes:0
Node: 0 Cells: 409 Muts: 207 LostMuts: 0
Node: 1 Cells: 123 Muts: 65 LostMuts: 0
Total Cells: 532 Total Muts: 272
adding tree to candidate list:
Clonal Tree 2 
[(0, 1)] 
Loss Nodes:0
Node: 0 Cells: 409 Muts: 207 LostMuts: 0
Node: 1 Cells: 123 Muts: 65 LostMuts: 0
Total Cells: 532 Total Muts: 272
Normalized Likelihood: -0.6460311223407554
Using SNV kernel only
Jump Percentage: 0.3675504729829827 First Eig Val: 3.2959746043559384e-16 First Gap: 0.19475396176654033 Largest Gap: 0.4186069465648204 Number of Clusters:3
start:0 iteration:0
CellsA: 330 CellsB: 79
MutsA: 181 MutsB: 91
Using SNV kernel only
Jump Percentage: 0.7397132610601612 First Eig Val: -5.481726184086722e-16 First Gap: 0.3355499633690295 Largest Gap: 0.3374039672436114 Number of Clusters:2
start:0 iteration:1
CellsA: 388 CellsB: 21
MutsA: 200 MutsB: 72
Using SNV kernel only
Jump Percentage: 0.93740221830535 First Eig Val: -5.412337245047647e-16 First Gap: 0.4493095564382366 Largest Gap: 0.4493095564382366 Number of Clusters:1
start:0 iteration:2
CellsA: 398 CellsB: 11
MutsA: 200 MutsB: 72
Using SNV kernel only
Jump Percentage: 0.93740221830535 First Eig Val: -5.412337245047647e-16 First Gap: 0.4493095564382366 Largest Gap: 0.4493095564382366 Number of Clusters:1
adding tree to internal list:
Clonal Tree 0 
[(0, 1)] 
Loss Nodes:0
Node: 0 Cells: 398 Muts: 200 LostMuts: 0
Node: 1 Cells: 134 Muts: 72 LostMuts: 0
Total Cells: 532 Total Muts: 272
Using SNV kernel only
Jump Percentage: 0.34654978347871057 First Eig Val: 4.647432612359123e-16 First Gap: 0.17494285622913708 Largest Gap: 0.3774931010395417 Number of Clusters:3
start:1 iteration:0
CellsA: 322 CellsB: 87
MutsA: 187 MutsB: 85
Using SNV kernel only
Jump Percentage: 0.7533245501405424 First Eig Val: 1.6458188978329987e-16 First Gap: 0.30378122304471766 Largest Gap: 0.39441507361560596 Number of Clusters:2
start:1 iteration:1
CellsA: 386 CellsB: 23
MutsA: 202 MutsB: 70
Using SNV kernel only
Jump Percentage: 0.942344921410333 First Eig Val: 3.1225022567582567e-16 First Gap: 0.5272617882895722 Largest Gap: 0.5272617882895722 Number of Clusters:1
start:1 iteration:2
CellsA: 384 CellsB: 25
MutsA: 196 MutsB: 76
Using SNV kernel only
Jump Percentage: 0.8260157718468993 First Eig Val: -3.6749032636396247e-16 First Gap: 0.5367172872396705 Largest Gap: 0.5367172872396705 Number of Clusters:1
start:1 iteration:3
CellsA: 382 CellsB: 27
MutsA: 195 MutsB: 77
Using SNV kernel only
Jump Percentage: 0.8176532326381689 First Eig Val: -2.0231212538579552e-16 First Gap: 0.5372396574985532 Largest Gap: 0.5372396574985532 Number of Clusters:1
adding tree to internal list:
Clonal Tree 0 
[(0, 1)] 
Loss Nodes:0
Node: 0 Cells: 382 Muts: 195 LostMuts: 0
Node: 1 Cells: 150 Muts: 77 LostMuts: 0
Total Cells: 532 Total Muts: 272
Using SNV kernel only
Jump Percentage: 0.361319984955861 First Eig Val: 1.30082576654811e-15 First Gap: 0.18299905814790396 Largest Gap: 0.35785104036691395 Number of Clusters:3
start:2 iteration:0
CellsA: 318 CellsB: 91
MutsA: 192 MutsB: 80
Using SNV kernel only
Jump Percentage: 0.6053884537932093 First Eig Val: -5.285400887572116e-16 First Gap: 0.4986540744148999 Largest Gap: 0.4986540744148999 Number of Clusters:1
start:2 iteration:1
CellsA: 399 CellsB: 10
MutsA: 205 MutsB: 67
Using SNV kernel only
Jump Percentage: 0.9280889826405909 First Eig Val: -8.274630980409381e-16 First Gap: 0.5387745736507672 Largest Gap: 0.5387745736507672 Number of Clusters:1
start:2 iteration:2
CellsA: 379 CellsB: 30
MutsA: 197 MutsB: 75
Using SNV kernel only
Jump Percentage: 0.7837316812135499 First Eig Val: -2.8796409701215047e-16 First Gap: 0.4869434375434159 Largest Gap: 0.4869434375434159 Number of Clusters:1
start:2 iteration:3
CellsA: 399 CellsB: 10
MutsA: 203 MutsB: 69
Using SNV kernel only
Jump Percentage: 0.9372618019154703 First Eig Val: 2.0816681711721727e-16 First Gap: 0.44979396978786523 Largest Gap: 0.44979396978786523 Number of Clusters:1
start:2 iteration:4
CellsA: 398 CellsB: 11
MutsA: 203 MutsB: 69
Using SNV kernel only
Jump Percentage: 0.9372618019154703 First Eig Val: 2.0816681711721727e-16 First Gap: 0.44979396978786523 Largest Gap: 0.44979396978786523 Number of Clusters:1
adding tree to internal list:
Clonal Tree 0 
[(0, 1)] 
Loss Nodes:0
Node: 0 Cells: 398 Muts: 203 LostMuts: 0
Node: 1 Cells: 134 Muts: 69 LostMuts: 0
Total Cells: 532 Total Muts: 272
adding tree to candidate list:
Clonal Tree 1 
[(0, 1)] 
Loss Nodes:0
Node: 0 Cells: 382 Muts: 195 LostMuts: 0
Node: 1 Cells: 150 Muts: 77 LostMuts: 0
Total Cells: 532 Total Muts: 272
Normalized Likelihood: -0.5818788318422615
Using SNV kernel only
Jump Percentage: 0.42517707704493357 First Eig Val: 5.863365348801619e-16 First Gap: 0.14925420053299018 Largest Gap: 0.3867393195720667 Number of Clusters:3
start:0 iteration:0
CellsA: 290 CellsB: 92
MutsA: 173 MutsB: 99
Using SNV kernel only
Jump Percentage: 0.7731569841359454 First Eig Val: 7.229460086133353e-16 First Gap: 0.5111993923170923 Largest Gap: 0.5111993923170923 Number of Clusters:1
start:0 iteration:1
CellsA: 344 CellsB: 38
MutsA: 169 MutsB: 103
Using SNV kernel only
Jump Percentage: 0.6732988002211339 First Eig Val: 7.899497028729399e-16 First Gap: 0.5357523087204157 Largest Gap: 0.5357523087204157 Number of Clusters:1
start:0 iteration:2
CellsA: 346 CellsB: 36
MutsA: 169 MutsB: 103
Using SNV kernel only
Jump Percentage: 0.6732988002211339 First Eig Val: 7.899497028729399e-16 First Gap: 0.5357523087204157 Largest Gap: 0.5357523087204157 Number of Clusters:1
adding tree to internal list:
Clonal Tree 0 
[(0, 1)] 
Loss Nodes:0
Node: 0 Cells: 346 Muts: 169 LostMuts: 0
Node: 1 Cells: 186 Muts: 103 LostMuts: 0
Total Cells: 532 Total Muts: 272
Using SNV kernel only
Jump Percentage: 0.4220682545579505 First Eig Val: 1.151422707179607e-16 First Gap: 0.21309353241013146 Largest Gap: 0.4044357604223698 Number of Clusters:3
start:1 iteration:0
CellsA: 320 CellsB: 62
MutsA: 172 MutsB: 100
Using SNV kernel only
Jump Percentage: 0.6552553308006295 First Eig Val: 3.846749307978574e-16 First Gap: 0.5011915834204379 Largest Gap: 0.5011915834204379 Number of Clusters:1
start:1 iteration:1
CellsA: 348 CellsB: 34
MutsA: 171 MutsB: 101
Using SNV kernel only
Jump Percentage: 0.6552553308006295 First Eig Val: 3.846749307978574e-16 First Gap: 0.5011915834204379 Largest Gap: 0.5011915834204379 Number of Clusters:1
adding tree to internal list:
Clonal Tree 0 
[(0, 1)] 
Loss Nodes:0
Node: 0 Cells: 348 Muts: 171 LostMuts: 0
Node: 1 Cells: 184 Muts: 101 LostMuts: 0
Total Cells: 532 Total Muts: 272
Using SNV kernel only
Jump Percentage: 0.3938430513382549 First Eig Val: 1.2440542302913377e-16 First Gap: 0.21086935512792776 Largest Gap: 0.34589029386897546 Number of Clusters:3
start:2 iteration:0
CellsA: 324 CellsB: 58
MutsA: 185 MutsB: 87
Using SNV kernel only
Jump Percentage: 0.8370804646790293 First Eig Val: 1.2340444184371599e-15 First Gap: 0.5142820426296012 Largest Gap: 0.5142820426296012 Number of Clusters:1
start:2 iteration:1
CellsA: 355 CellsB: 27
MutsA: 183 MutsB: 89
Using SNV kernel only
Jump Percentage: 0.8317956751267401 First Eig Val: -1.1247987675815101e-15 First Gap: 0.4833103153091991 Largest Gap: 0.4833103153091991 Number of Clusters:1
adding tree to internal list:
Clonal Tree 0 
[(0, 1)] 
Loss Nodes:0
Node: 0 Cells: 355 Muts: 183 LostMuts: 0
Node: 1 Cells: 177 Muts: 89 LostMuts: 0
Total Cells: 532 Total Muts: 272
adding tree to candidate list:
Clonal Tree 0 
[(0, 1)] 
Loss Nodes:0
Node: 0 Cells: 346 Muts: 169 LostMuts: 0
Node: 1 Cells: 186 Muts: 103 LostMuts: 0
Total Cells: 532 Total Muts: 272
Normalized Likelihood: -0.5345701289624258
Using SNV kernel only
Jump Percentage: 0.34556662991886256 First Eig Val: -5.841342492173008e-16 First Gap: 0.21313104130325816 Largest Gap: 0.34653669077675153 Number of Clusters:3
start:0 iteration:0
CellsA: 293 CellsB: 53
MutsA: 152 MutsB: 120
Using SNV kernel only
Jump Percentage: 0.8355255538171383 First Eig Val: 1.318318690974806e-15 First Gap: 0.4533004757557862 Largest Gap: 0.4533004757557862 Number of Clusters:1
start:0 iteration:1
CellsA: 324 CellsB: 22
MutsA: 151 MutsB: 121
Using SNV kernel only
Jump Percentage: 0.8355255538171383 First Eig Val: 1.318318690974806e-15 First Gap: 0.4533004757557862 Largest Gap: 0.4533004757557862 Number of Clusters:1
adding tree to internal list:
Clonal Tree 0 
[(0, 1)] 
Loss Nodes:0
Node: 0 Cells: 324 Muts: 151 LostMuts: 0
Node: 1 Cells: 208 Muts: 121 LostMuts: 0
Total Cells: 532 Total Muts: 272
Using SNV kernel only
Jump Percentage: 0.4059835003075788 First Eig Val: 2.4199392489876503e-16 First Gap: 0.18693595989930253 Largest Gap: 0.3584922628896039 Number of Clusters:3
start:1 iteration:0
CellsA: 279 CellsB: 67
MutsA: 163 MutsB: 109
Using SNV kernel only
Jump Percentage: 0.9528705523515526 First Eig Val: -7.382516822119835e-16 First Gap: 0.6448636252372856 Largest Gap: 0.6448636252372856 Number of Clusters:1
start:1 iteration:1
CellsA: 330 CellsB: 16
MutsA: 156 MutsB: 116
Using SNV kernel only
Jump Percentage: 0.9459356378258503 First Eig Val: 6.664131238894521e-16 First Gap: 0.6472017442221455 Largest Gap: 0.6472017442221455 Number of Clusters:1
adding tree to internal list:
Clonal Tree 0 
[(0, 1)] 
Loss Nodes:0
Node: 0 Cells: 330 Muts: 156 LostMuts: 0
Node: 1 Cells: 202 Muts: 116 LostMuts: 0
Total Cells: 532 Total Muts: 272
Using SNV kernel only
Jump Percentage: 0.37064702843106434 First Eig Val: -5.851439124904275e-16 First Gap: 0.14072704347649534 Largest Gap: 0.3418727869085663 Number of Clusters:3
start:2 iteration:0
CellsA: 240 CellsB: 106
MutsA: 148 MutsB: 124
Using SNV kernel only
Jump Percentage: 0.6961429966990604 First Eig Val: 1.2696028086233364e-15 First Gap: 0.5507960357938886 Largest Gap: 0.5507960357938886 Number of Clusters:1
start:2 iteration:1
CellsA: 307 CellsB: 39
MutsA: 144 MutsB: 128
Using SNV kernel only
Jump Percentage: 0.6803375812847826 First Eig Val: 6.571663911134378e-16 First Gap: 0.583075407617602 Largest Gap: 0.583075407617602 Number of Clusters:1
adding tree to internal list:
Clonal Tree 0 
[(0, 1)] 
Loss Nodes:0
Node: 0 Cells: 307 Muts: 144 LostMuts: 0
Node: 1 Cells: 225 Muts: 128 LostMuts: 0
Total Cells: 532 Total Muts: 272
adding tree to candidate list:
Clonal Tree 2 
[(0, 1)] 
Loss Nodes:0
Node: 0 Cells: 307 Muts: 144 LostMuts: 0
Node: 1 Cells: 225 Muts: 128 LostMuts: 0
Total Cells: 532 Total Muts: 272
Normalized Likelihood: -0.4985454955305104
Using SNV kernel only
Jump Percentage: 0.4747079561063956 First Eig Val: 1.5345357092227285e-16 First Gap: 0.23558263897047968 Largest Gap: 0.4283626351663855 Number of Clusters:3
start:0 iteration:0
CellsA: 264 CellsB: 43
MutsA: 138 MutsB: 134
Using SNV kernel only
Jump Percentage: 0.9600180065868029 First Eig Val: -3.7470027081099083e-16 First Gap: 0.6055834289771516 Largest Gap: 0.6055834289771516 Number of Clusters:1
start:0 iteration:1
CellsA: 296 CellsB: 11
MutsA: 137 MutsB: 135
Using SNV kernel only
Jump Percentage: 0.9600180065868029 First Eig Val: -3.7470027081099083e-16 First Gap: 0.6055834289771516 Largest Gap: 0.6055834289771516 Number of Clusters:1
adding tree to internal list:
Clonal Tree 0 
[(0, 1)] 
Loss Nodes:0
Node: 0 Cells: 296 Muts: 137 LostMuts: 0
Node: 1 Cells: 236 Muts: 135 LostMuts: 0
Total Cells: 532 Total Muts: 272
Using SNV kernel only
Jump Percentage: 0.4405408981567076 First Eig Val: 2.0036056147532144e-16 First Gap: 0.20691475085604213 Largest Gap: 0.38849769374069354 Number of Clusters:3
start:1 iteration:0
CellsA: 260 CellsB: 47
MutsA: 139 MutsB: 133
Using SNV kernel only
Jump Percentage: 0.9564740114824782 First Eig Val: -2.4069288229178233e-16 First Gap: 0.6779494770938246 Largest Gap: 0.6779494770938246 Number of Clusters:1
start:1 iteration:1
CellsA: 295 CellsB: 12
MutsA: 137 MutsB: 135
Using SNV kernel only
Jump Percentage: 0.9564740114824782 First Eig Val: -2.4069288229178233e-16 First Gap: 0.6779494770938246 Largest Gap: 0.6779494770938246 Number of Clusters:1
adding tree to internal list:
Clonal Tree 0 
[(0, 1)] 
Loss Nodes:0
Node: 0 Cells: 295 Muts: 137 LostMuts: 0
Node: 1 Cells: 237 Muts: 135 LostMuts: 0
Total Cells: 532 Total Muts: 272
Using SNV kernel only
Jump Percentage: 0.5371096393709165 First Eig Val: 5.619284334720817e-16 First Gap: 0.1847495378881829 Largest Gap: 0.40355621584902107 Number of Clusters:3
start:2 iteration:0
CellsA: 250 CellsB: 57
MutsA: 136 MutsB: 136
Using SNV kernel only
Jump Percentage: 0.8693565586094809 First Eig Val: -2.5471974789831354e-17 First Gap: 0.6844287400901858 Largest Gap: 0.6844287400901858 Number of Clusters:1
start:2 iteration:1
CellsA: 292 CellsB: 15
MutsA: 131 MutsB: 141
Using SNV kernel only
Jump Percentage: 0.8693565586094809 First Eig Val: -2.5471974789831354e-17 First Gap: 0.6844287400901858 Largest Gap: 0.6844287400901858 Number of Clusters:1
adding tree to candidate list:
Clonal Tree 1 
[(0, 1)] 
Loss Nodes:0
Node: 0 Cells: 295 Muts: 137 LostMuts: 0
Node: 1 Cells: 237 Muts: 135 LostMuts: 0
Total Cells: 532 Total Muts: 272
Normalized Likelihood: -0.482624696676192
Using SNV kernel only
Jump Percentage: 0.5427504378537064 First Eig Val: -4.909267437014373e-16 First Gap: 0.1775492225563329 Largest Gap: 0.35890816673858655 Number of Clusters:3
start:0 iteration:0
CellsA: 242 CellsB: 53
MutsA: 137 MutsB: 135
Using SNV kernel only
Jump Percentage: 0.9601770173913738 First Eig Val: 3.6608660251882086e-16 First Gap: 0.8537419609212588 Largest Gap: 0.8537419609212588 Number of Clusters:1
start:0 iteration:1
CellsA: 285 CellsB: 10
MutsA: 132 MutsB: 140
Using SNV kernel only
Jump Percentage: 0.9601770173913738 First Eig Val: 3.6608660251882086e-16 First Gap: 0.8537419609212588 Largest Gap: 0.8537419609212588 Number of Clusters:1
adding tree to internal list:
Clonal Tree 0 
[(0, 1)] 
Loss Nodes:0
Node: 0 Cells: 285 Muts: 132 LostMuts: 0
Node: 1 Cells: 247 Muts: 140 LostMuts: 0
Total Cells: 532 Total Muts: 272
Using SNV kernel only
Jump Percentage: 0.3843195079255844 First Eig Val: -2.0686577451023447e-16 First Gap: 0.19507164384548295 Largest Gap: 0.38321010731213595 Number of Clusters:3
start:1 iteration:0
CellsA: 246 CellsB: 49
MutsA: 133 MutsB: 139
Using SNV kernel only
Jump Percentage: 0.7936191524194719 First Eig Val: -4.825789342728277e-16 First Gap: 0.8354305159782914 Largest Gap: 0.8354305159782914 Number of Clusters:1
start:1 iteration:1
CellsA: 286 CellsB: 9
MutsA: 132 MutsB: 140
Using SNV kernel only
Jump Percentage: 0.7936191524194719 First Eig Val: -4.825789342728277e-16 First Gap: 0.8354305159782914 Largest Gap: 0.8354305159782914 Number of Clusters:1
adding tree to internal list:
Clonal Tree 0 
[(0, 1)] 
Loss Nodes:0
Node: 0 Cells: 286 Muts: 132 LostMuts: 0
Node: 1 Cells: 246 Muts: 140 LostMuts: 0
Total Cells: 532 Total Muts: 272
Using SNV kernel only
Jump Percentage: 0.5138947947100718 First Eig Val: 1.4593361241654917e-16 First Gap: 0.1915793211516393 Largest Gap: 0.4545846869176536 Number of Clusters:3
start:2 iteration:0
CellsA: 243 CellsB: 52
MutsA: 134 MutsB: 138
Using SNV kernel only
Jump Percentage: 0.9594861710810118 First Eig Val: -3.7470027081099083e-16 First Gap: 0.666878894294917 Largest Gap: 0.666878894294917 Number of Clusters:1
start:2 iteration:1
CellsA: 284 CellsB: 11
MutsA: 131 MutsB: 141
Using SNV kernel only
Jump Percentage: 0.9594861710810118 First Eig Val: -3.7470027081099083e-16 First Gap: 0.666878894294917 Largest Gap: 0.666878894294917 Number of Clusters:1
adding tree to candidate list:
Clonal Tree 0 
[(0, 1)] 
Loss Nodes:0
Node: 0 Cells: 285 Muts: 132 LostMuts: 0
Node: 1 Cells: 247 Muts: 140 LostMuts: 0
Total Cells: 532 Total Muts: 272
Normalized Likelihood: -0.469919832787299
Using SNV kernel only
Jump Percentage: 0.5942658657557508 First Eig Val: 8.134226799072506e-17 First Gap: 0.2070327223378142 Largest Gap: 0.3629620593435751 Number of Clusters:3
start:0 iteration:0
CellsA: 240 CellsB: 45
MutsA: 133 MutsB: 139
Using SNV kernel only
Jump Percentage: 0.8636738333057432 First Eig Val: 3.1674966469164056e-16 First Gap: 0.7352093074823036 Largest Gap: 0.7352093074823036 Number of Clusters:1
start:0 iteration:1
CellsA: 279 CellsB: 6
MutsA: 127 MutsB: 145
Using SNV kernel only
Jump Percentage: 0.8636738333057432 First Eig Val: 3.1674966469164056e-16 First Gap: 0.7352093074823036 Largest Gap: 0.7352093074823036 Number of Clusters:1
Using SNV kernel only
Jump Percentage: 0.4676515274414464 First Eig Val: 4.0990550119772126e-16 First Gap: 0.2420790646218842 Largest Gap: 0.39515351395299514 Number of Clusters:3
start:1 iteration:0
CellsA: 248 CellsB: 37
MutsA: 129 MutsB: 143
Using SNV kernel only
Jump Percentage: 0.8707990140684947 First Eig Val: -1.318389841742375e-16 First Gap: 0.5822994910847779 Largest Gap: 0.5822994910847779 Number of Clusters:1
start:1 iteration:1
CellsA: 277 CellsB: 8
MutsA: 127 MutsB: 145
Using SNV kernel only
Jump Percentage: 0.8707990140684947 First Eig Val: -1.318389841742375e-16 First Gap: 0.5822994910847779 Largest Gap: 0.5822994910847779 Number of Clusters:1
Using SNV kernel only
Jump Percentage: 0.4171522061732454 First Eig Val: -4.059252933785736e-16 First Gap: 0.19303065154505758 Largest Gap: 0.3924503260559512 Number of Clusters:3
start:2 iteration:0
CellsA: 234 CellsB: 51
MutsA: 129 MutsB: 143
Using SNV kernel only
Jump Percentage: 0.999999999999996 First Eig Val: 1.2470493387928288e-15 First Gap: 0.27792356804861135 Largest Gap: 0.7220764319513853 Number of Clusters:2
start:2 iteration:1
CellsA: 272 CellsB: 13
MutsA: 126 MutsB: 146
Using SNV kernel only
Jump Percentage: 0.999999999999996 First Eig Val: 1.2470493387928288e-15 First Gap: 0.27792356804861135 Largest Gap: 0.7220764319513853 Number of Clusters:2
Clonal Tree 0 
[(0, 1)] 
Loss Nodes:0
Node: 0 Cells: 439 Muts: 217 LostMuts: 0
Node: 1 Cells: 93 Muts: 55 LostMuts: 0
Total Cells: 532 Total Muts: 272
Normalized Likelihood: -0.6634496851947163
Clonal Tree 1 
[(0, 1)] 
Loss Nodes:0
Node: 0 Cells: 409 Muts: 207 LostMuts: 0
Node: 1 Cells: 123 Muts: 65 LostMuts: 0
Total Cells: 532 Total Muts: 272
Normalized Likelihood: -0.6460311223407554
Clonal Tree 2 
[(0, 1)] 
Loss Nodes:0
Node: 0 Cells: 382 Muts: 195 LostMuts: 0
Node: 1 Cells: 150 Muts: 77 LostMuts: 0
Total Cells: 532 Total Muts: 272
Normalized Likelihood: -0.5818788318422615
Clonal Tree 3 
[(0, 1)] 
Loss Nodes:0
Node: 0 Cells: 346 Muts: 169 LostMuts: 0
Node: 1 Cells: 186 Muts: 103 LostMuts: 0
Total Cells: 532 Total Muts: 272
Normalized Likelihood: -0.5345701289624258
Clonal Tree 4 
[(0, 1)] 
Loss Nodes:0
Node: 0 Cells: 307 Muts: 144 LostMuts: 0
Node: 1 Cells: 225 Muts: 128 LostMuts: 0
Total Cells: 532 Total Muts: 272
Normalized Likelihood: -0.4985454955305104
Clonal Tree 5 
[(0, 1)] 
Loss Nodes:0
Node: 0 Cells: 295 Muts: 137 LostMuts: 0
Node: 1 Cells: 237 Muts: 135 LostMuts: 0
Total Cells: 532 Total Muts: 272
Normalized Likelihood: -0.482624696676192
Clonal Tree 6 
[(0, 1)] 
Loss Nodes:0
Node: 0 Cells: 285 Muts: 132 LostMuts: 0
Node: 1 Cells: 247 Muts: 140 LostMuts: 0
Total Cells: 532 Total Muts: 272
Normalized Likelihood: -0.469919832787299
linear split norm likelihood best tree
Clonal Tree 6 
[(0, 1)] 
Loss Nodes:0
Node: 0 Cells: 285 Muts: 132 LostMuts: 0
Node: 1 Cells: 247 Muts: 140 LostMuts: 0
Total Cells: 532 Total Muts: 272
Sprouted tree:
Clonal Tree 6 
[(0, 1)] 
Loss Nodes:0
Node: 0 Cells: 285 Muts: 132 LostMuts: 0
Node: 1 Cells: 247 Muts: 140 LostMuts: 0
Total Cells: 532 Total Muts: 272
Cells: 247 Muts: 140 Ancestral Muts: 1179 
Number of subproblems remaining: 6
Starting k-clonal tree inference for seed:
Cells: 532 Muts: 294 Ancestral Muts: 904 
Sprouting seed:
Cells: 532 Muts: 294 Ancestral Muts: 904 
Sprouting a branching tree from seed ...
(Generator(PCG64) at 0x7F8E7053F3C0,)
Max copy distance < 1, using SNV kernel only
Jump Percentage: 0.15963313714249858 First Eig Val: -3.777560303219151e-16 First Gap: 0.2683384780880696 Largest Gap: 0.2683384780880696 Number of Clusters:1
CellsA: 177 CellsB: 355
MutsA: 57 mutsB: 108
Sprouted tree:
None
<bound method Phertilizer.sprout_branching of <phertilizer.Phertilizer object at 0x7f8e829062e0>> invalid
Sprouting seed:
Cells: 532 Muts: 294 Ancestral Muts: 904 
Sprouting a linear tree from seed ...
Using SNV kernel only
Jump Percentage: 0.2734909755783203 First Eig Val: 2.7408630920433606e-16 First Gap: 0.1769359450786254 Largest Gap: 0.35031997904283274 Number of Clusters:3
start:0 iteration:0
CellsA: 412 CellsB: 120
MutsA: 246 MutsB: 48
Using SNV kernel only
Terminating cell clustering due to NANs in affinity matrix
Using SNV kernel only
Jump Percentage: 0.23251108240666515 First Eig Val: 3.3783739694648363e-16 First Gap: 0.18801455701605885 Largest Gap: 0.3561033367703547 Number of Clusters:3
start:1 iteration:0
CellsA: 427 CellsB: 105
MutsA: 248 MutsB: 46
Using SNV kernel only
Terminating cell clustering due to NANs in affinity matrix
Using SNV kernel only
Jump Percentage: 0.27307067480378505 First Eig Val: 9.974659986866657e-17 First Gap: 0.18306007398280605 Largest Gap: 0.38405823762748786 Number of Clusters:3
start:2 iteration:0
CellsA: 429 CellsB: 103
MutsA: 249 MutsB: 45
Using SNV kernel only
Terminating cell clustering due to NANs in affinity matrix
Sprouted tree:
None
<bound method Phertilizer.sprout_linear of <phertilizer.Phertilizer object at 0x7f8e829062e0>> invalid
Number of subproblems remaining: 4
Starting k-clonal tree inference for seed:
Cells: 681 Muts: 442 Ancestral Muts: 693 
Sprouting seed:
Cells: 681 Muts: 442 Ancestral Muts: 693 
Sprouting a branching tree from seed ...
(Generator(PCG64) at 0x7F8E7053F3C0,)
Jump Percentage: 0.9999999999999944 First Eig Val: -2.4821606548820505e-16 First Gap: 5.796927317859427e-16 Largest Gap: 0.26711440041812484 Number of Clusters:2
CellsA: 532 CellsB: 149
MutsA: 385 mutsB: 12
Jump Percentage: 0.99999999999999 First Eig Val: 5.22999870998372e-17 First Gap: 6.984899408188093e-16 Largest Gap: 0.4090422141477409 Number of Clusters:2
CellsA: 149 CellsB: 532
MutsA: 12 mutsB: 385
Jump Percentage: 0.9999999999999915 First Eig Val: -9.76526901375012e-16 First Gap: 8.903365976083242e-16 Largest Gap: 0.387409767511841 Number of Clusters:2
CellsA: 532 CellsB: 149
MutsA: 385 mutsB: 12
Sprouted tree:
None
<bound method Phertilizer.sprout_branching of <phertilizer.Phertilizer object at 0x7f8e829062e0>> invalid
Sprouting seed:
Cells: 681 Muts: 442 Ancestral Muts: 693 
Sprouting a linear tree from seed ...
Jump Percentage: 0.9999999999999944 First Eig Val: -2.902642507582555e-17 First Gap: 3.202530818252716e-16 Largest Gap: 0.28094238544928773 Number of Clusters:2
start:0 iteration:0
CellsA: 149 CellsB: 532
MutsA: 160 MutsB: 282
Jump Percentage: 0.9999999999999936 First Eig Val: -3.3937395017043423e-17 First Gap: 2.0662201982996396e-16 Largest Gap: 0.3496345968625564 Number of Clusters:2
adding tree to internal list:
Clonal Tree 0 
[(0, 1)] 
Loss Nodes:0
Node: 0 Cells: 149 Muts: 160 LostMuts: 0
Node: 1 Cells: 532 Muts: 282 LostMuts: 0
Total Cells: 681 Total Muts: 442
Jump Percentage: 0.9999999999999906 First Eig Val: -2.624705563837243e-16 First Gap: 4.4106289756428125e-16 Largest Gap: 0.2865686329168277 Number of Clusters:2
start:1 iteration:0
CellsA: 149 CellsB: 532
MutsA: 160 MutsB: 282
Jump Percentage: 0.9999999999999936 First Eig Val: -3.3937395017043423e-17 First Gap: 2.0662201982996396e-16 Largest Gap: 0.3496345968625564 Number of Clusters:2
adding tree to internal list:
Clonal Tree 0 
[(0, 1)] 
Loss Nodes:0
Node: 0 Cells: 149 Muts: 160 LostMuts: 0
Node: 1 Cells: 532 Muts: 282 LostMuts: 0
Total Cells: 681 Total Muts: 442
Jump Percentage: 0.9999999999999958 First Eig Val: -9.510200927629847e-18 First Gap: 7.873469433311785e-16 Largest Gap: 0.26600648307884944 Number of Clusters:2
start:2 iteration:0
CellsA: 149 CellsB: 532
MutsA: 160 MutsB: 282
Jump Percentage: 0.9999999999999936 First Eig Val: -3.3937395017043423e-17 First Gap: 2.0662201982996396e-16 Largest Gap: 0.3496345968625564 Number of Clusters:2
adding tree to internal list:
Clonal Tree 0 
[(0, 1)] 
Loss Nodes:0
Node: 0 Cells: 149 Muts: 160 LostMuts: 0
Node: 1 Cells: 532 Muts: 282 LostMuts: 0
Total Cells: 681 Total Muts: 442
adding tree to candidate list:
Clonal Tree 0 
[(0, 1)] 
Loss Nodes:0
Node: 0 Cells: 149 Muts: 160 LostMuts: 0
Node: 1 Cells: 532 Muts: 282 LostMuts: 0
Total Cells: 681 Total Muts: 442
Normalized Likelihood: -0.5206484668573411
Clonal Tree 0 
[(0, 1)] 
Loss Nodes:0
Node: 0 Cells: 149 Muts: 160 LostMuts: 0
Node: 1 Cells: 532 Muts: 282 LostMuts: 0
Total Cells: 681 Total Muts: 442
Normalized Likelihood: -0.5206484668573411
linear split norm likelihood best tree
Clonal Tree 0 
[(0, 1)] 
Loss Nodes:0
Node: 0 Cells: 149 Muts: 160 LostMuts: 0
Node: 1 Cells: 532 Muts: 282 LostMuts: 0
Total Cells: 681 Total Muts: 442
Sprouted tree:
Clonal Tree 0 
[(0, 1)] 
Loss Nodes:0
Node: 0 Cells: 149 Muts: 160 LostMuts: 0
Node: 1 Cells: 532 Muts: 282 LostMuts: 0
Total Cells: 681 Total Muts: 442
Cells: 532 Muts: 282 Ancestral Muts: 853 
Number of subproblems remaining: 3
Starting k-clonal tree inference for seed:
Cells: 532 Muts: 282 Ancestral Muts: 853 
Sprouting seed:
Cells: 532 Muts: 282 Ancestral Muts: 853 
Sprouting a branching tree from seed ...
(Generator(PCG64) at 0x7F8E7053F3C0,)
Sprouted tree:
None
<bound method Phertilizer.sprout_branching of <phertilizer.Phertilizer object at 0x7f8e829062e0>> invalid
Sprouting seed:
Cells: 532 Muts: 282 Ancestral Muts: 853 
Sprouting a linear tree from seed ...
Using SNV kernel only
Jump Percentage: 0.3664925342336359 First Eig Val: 1.2143064331837672e-16 First Gap: 0.19063770565718963 Largest Gap: 0.417888238774516 Number of Clusters:3
start:0 iteration:0
CellsA: 418 CellsB: 114
MutsA: 233 MutsB: 49
Using SNV kernel only
Terminating cell clustering due to NANs in affinity matrix
Using SNV kernel only
Jump Percentage: 0.33578918132339036 First Eig Val: 5.360295540768341e-16 First Gap: 0.18050290987032244 Largest Gap: 0.4310651728323329 Number of Clusters:3
start:1 iteration:0
CellsA: 418 CellsB: 114
MutsA: 242 MutsB: 40
Using SNV kernel only
Terminating cell clustering due to NANs in affinity matrix
Using SNV kernel only
Jump Percentage: 0.21883902367912267 First Eig Val: 4.0115480381963763e-16 First Gap: 0.1754775629554918 Largest Gap: 0.37687907197612885 Number of Clusters:3
start:2 iteration:0
CellsA: 414 CellsB: 118
MutsA: 237 MutsB: 45
Using SNV kernel only
Terminating cell clustering due to NANs in affinity matrix
Sprouted tree:
None
<bound method Phertilizer.sprout_linear of <phertilizer.Phertilizer object at 0x7f8e829062e0>> invalid
Number of subproblems remaining: 2
Starting k-clonal tree inference for seed:
Cells: 1143 Muts: 511 Ancestral Muts: 499 
Sprouting seed:
Cells: 1143 Muts: 511 Ancestral Muts: 499 
Sprouting a branching tree from seed ...
(Generator(PCG64) at 0x7F8E7053F3C0,)
Jump Percentage: 0.9999999999999777 First Eig Val: -3.4472705574645285e-16 First Gap: 3.4382704777648593e-17 Largest Gap: 0.4249961972894122 Number of Clusters:2
CellsA: 611 CellsB: 532
MutsA: 50 mutsB: 324
Jump Percentage: 0.9999999999999368 First Eig Val: 2.521026239336777e-16 First Gap: 4.185899742625382e-16 Largest Gap: 0.37615850042079796 Number of Clusters:2
CellsA: 611 CellsB: 532
MutsA: 50 mutsB: 324
Jump Percentage: 0.9999999999999721 First Eig Val: -7.957867710959933e-17 First Gap: 3.2743491786514353e-16 Largest Gap: 0.3906631140344053 Number of Clusters:2
CellsA: 532 CellsB: 611
MutsA: 324 mutsB: 50
Sprouted tree:
None
<bound method Phertilizer.sprout_branching of <phertilizer.Phertilizer object at 0x7f8e829062e0>> invalid
Sprouting seed:
Cells: 1143 Muts: 511 Ancestral Muts: 499 
Sprouting a linear tree from seed ...
Jump Percentage: 0.9999999999999825 First Eig Val: -2.274583003831643e-16 First Gap: 1.7441412691318718e-16 Largest Gap: 0.30476408064884164 Number of Clusters:2
start:0 iteration:0
CellsA: 611 CellsB: 532
MutsA: 187 MutsB: 324
Jump Percentage: 0.9999999999999662 First Eig Val: -4.432771695137003e-16 First Gap: 1.1065483188070846e-15 Largest Gap: 0.42676364479973444 Number of Clusters:2
adding tree to internal list:
Clonal Tree 0 
[(0, 1)] 
Loss Nodes:0
Node: 0 Cells: 611 Muts: 187 LostMuts: 0
Node: 1 Cells: 532 Muts: 324 LostMuts: 0
Total Cells: 1143 Total Muts: 511
Jump Percentage: 0.9999999999999835 First Eig Val: -5.793047095658172e-16 First Gap: 1.3480846259692102e-16 Largest Gap: 0.3156615092895682 Number of Clusters:2
start:1 iteration:0
CellsA: 611 CellsB: 532
MutsA: 187 MutsB: 324
Jump Percentage: 0.9999999999999662 First Eig Val: -4.432771695137003e-16 First Gap: 1.1065483188070846e-15 Largest Gap: 0.42676364479973444 Number of Clusters:2
adding tree to internal list:
Clonal Tree 0 
[(0, 1)] 
Loss Nodes:0
Node: 0 Cells: 611 Muts: 187 LostMuts: 0
Node: 1 Cells: 532 Muts: 324 LostMuts: 0
Total Cells: 1143 Total Muts: 511
Jump Percentage: 0.9999999999999842 First Eig Val: -7.157305301712568e-16 First Gap: 8.51260224237035e-16 Largest Gap: 0.31716814532595544 Number of Clusters:2
start:2 iteration:0
CellsA: 611 CellsB: 532
MutsA: 187 MutsB: 324
Jump Percentage: 0.9999999999999662 First Eig Val: -4.432771695137003e-16 First Gap: 1.1065483188070846e-15 Largest Gap: 0.42676364479973444 Number of Clusters:2
adding tree to internal list:
Clonal Tree 0 
[(0, 1)] 
Loss Nodes:0
Node: 0 Cells: 611 Muts: 187 LostMuts: 0
Node: 1 Cells: 532 Muts: 324 LostMuts: 0
Total Cells: 1143 Total Muts: 511
adding tree to candidate list:
Clonal Tree 0 
[(0, 1)] 
Loss Nodes:0
Node: 0 Cells: 611 Muts: 187 LostMuts: 0
Node: 1 Cells: 532 Muts: 324 LostMuts: 0
Total Cells: 1143 Total Muts: 511
Normalized Likelihood: -0.4471088237175681
Using SNV kernel only
Jump Percentage: 0.3841819607168873 First Eig Val: 1.983123087539186e-15 First Gap: 0.38715970962974544 Largest Gap: 0.38715970962974544 Number of Clusters:1
start:0 iteration:0
CellsA: 576 CellsB: 35
MutsA: 183 MutsB: 328
Using SNV kernel only
Jump Percentage: 0.9680288686222511 First Eig Val: 1.1594934557248961e-15 First Gap: 0.920681562710937 Largest Gap: 0.920681562710937 Number of Clusters:1
start:0 iteration:1
CellsA: 597 CellsB: 14
MutsA: 183 MutsB: 328
Using SNV kernel only
Jump Percentage: 0.8929918165219639 First Eig Val: 9.520112109911886e-16 First Gap: 0.919667303969212 Largest Gap: 0.919667303969212 Number of Clusters:1
start:0 iteration:2
CellsA: 596 CellsB: 15
MutsA: 183 MutsB: 328
Using SNV kernel only
Jump Percentage: 0.8929918165219639 First Eig Val: 9.520112109911886e-16 First Gap: 0.919667303969212 Largest Gap: 0.919667303969212 Number of Clusters:1
adding tree to internal list:
Clonal Tree 0 
[(0, 1)] 
Loss Nodes:0
Node: 0 Cells: 596 Muts: 183 LostMuts: 0
Node: 1 Cells: 547 Muts: 328 LostMuts: 0
Total Cells: 1143 Total Muts: 511
Using SNV kernel only
Jump Percentage: 0.6693891642519628 First Eig Val: -5.908715492797612e-16 First Gap: 0.36525069612286754 Largest Gap: 0.36525069612286754 Number of Clusters:1
start:1 iteration:0
CellsA: 572 CellsB: 39
MutsA: 178 MutsB: 333
Using SNV kernel only
Jump Percentage: 0.890546852326071 First Eig Val: 1.5598878184892193e-16 First Gap: 0.8568567998998201 Largest Gap: 0.8568567998998201 Number of Clusters:1
start:1 iteration:1
CellsA: 590 CellsB: 21
MutsA: 179 MutsB: 332
Using SNV kernel only
Jump Percentage: 0.8905287642661225 First Eig Val: -6.422431320537686e-16 First Gap: 0.8568762991273772 Largest Gap: 0.8568762991273772 Number of Clusters:1
adding tree to internal list:
Clonal Tree 0 
[(0, 1)] 
Loss Nodes:0
Node: 0 Cells: 590 Muts: 179 LostMuts: 0
Node: 1 Cells: 553 Muts: 332 LostMuts: 0
Total Cells: 1143 Total Muts: 511
Using SNV kernel only
Jump Percentage: 0.5677844617993294 First Eig Val: -1.398437843389697e-15 First Gap: 0.352549288242525 Largest Gap: 0.352549288242525 Number of Clusters:1
start:2 iteration:0
CellsA: 570 CellsB: 41
MutsA: 186 MutsB: 325
Using SNV kernel only
Jump Percentage: 0.8954985321142498 First Eig Val: 9.475781749156503e-16 First Gap: 0.919094288846143 Largest Gap: 0.919094288846143 Number of Clusters:1
start:2 iteration:1
CellsA: 600 CellsB: 11
MutsA: 186 MutsB: 325
Using SNV kernel only
Jump Percentage: 0.8953548456643169 First Eig Val: 2.1696023032753833e-17 First Gap: 0.9192058744159343 Largest Gap: 0.9192058744159343 Number of Clusters:1
start:2 iteration:2
CellsA: 599 CellsB: 12
MutsA: 186 MutsB: 325
Using SNV kernel only
Jump Percentage: 0.8953548456643169 First Eig Val: 2.1696023032753833e-17 First Gap: 0.9192058744159343 Largest Gap: 0.9192058744159343 Number of Clusters:1
adding tree to internal list:
Clonal Tree 0 
[(0, 1)] 
Loss Nodes:0
Node: 0 Cells: 599 Muts: 186 LostMuts: 0
Node: 1 Cells: 544 Muts: 325 LostMuts: 0
Total Cells: 1143 Total Muts: 511
adding tree to candidate list:
Clonal Tree 1 
[(0, 1)] 
Loss Nodes:0
Node: 0 Cells: 590 Muts: 179 LostMuts: 0
Node: 1 Cells: 553 Muts: 332 LostMuts: 0
Total Cells: 1143 Total Muts: 511
Normalized Likelihood: -0.42359301712919983
Using SNV kernel only
Jump Percentage: 0.5778265423007737 First Eig Val: -1.6406066805920686e-15 First Gap: 0.38192838883258884 Largest Gap: 0.38192838883258884 Number of Clusters:1
start:0 iteration:0
CellsA: 555 CellsB: 35
MutsA: 173 MutsB: 338
Using SNV kernel only
Jump Percentage: 0.9931868527564045 First Eig Val: 1.8995222061946073e-15 First Gap: 0.7337323157613366 Largest Gap: 0.7337323157613366 Number of Clusters:1
start:0 iteration:1
CellsA: 579 CellsB: 11
MutsA: 172 MutsB: 339
Using SNV kernel only
Jump Percentage: 0.9931868527564045 First Eig Val: 1.8995222061946073e-15 First Gap: 0.7337323157613366 Largest Gap: 0.7337323157613366 Number of Clusters:1
adding tree to internal list:
Clonal Tree 0 
[(0, 1)] 
Loss Nodes:0
Node: 0 Cells: 579 Muts: 172 LostMuts: 0
Node: 1 Cells: 564 Muts: 339 LostMuts: 0
Total Cells: 1143 Total Muts: 511
Using SNV kernel only
Jump Percentage: 0.6044253233630896 First Eig Val: -4.886634716663738e-16 First Gap: 0.3823960976303545 Largest Gap: 0.3823960976303545 Number of Clusters:1
start:1 iteration:0
CellsA: 555 CellsB: 35
MutsA: 175 MutsB: 336
Using SNV kernel only
Jump Percentage: 0.9745167786310315 First Eig Val: 1.1233224950335653e-15 First Gap: 0.847285259627104 Largest Gap: 0.847285259627104 Number of Clusters:1
start:1 iteration:1
CellsA: 582 CellsB: 8
MutsA: 173 MutsB: 338
Using SNV kernel only
Jump Percentage: 0.9738751038039165 First Eig Val: 1.6827555198121986e-15 First Gap: 0.8478727930913971 Largest Gap: 0.8478727930913971 Number of Clusters:1
start:1 iteration:2
CellsA: 581 CellsB: 9
MutsA: 173 MutsB: 338
Using SNV kernel only
Jump Percentage: 0.9738751038039165 First Eig Val: 1.6827555198121986e-15 First Gap: 0.8478727930913971 Largest Gap: 0.8478727930913971 Number of Clusters:1
adding tree to internal list:
Clonal Tree 0 
[(0, 1)] 
Loss Nodes:0
Node: 0 Cells: 581 Muts: 173 LostMuts: 0
Node: 1 Cells: 562 Muts: 338 LostMuts: 0
Total Cells: 1143 Total Muts: 511
Using SNV kernel only
Jump Percentage: 0.7040594798079959 First Eig Val: -3.6532192201899136e-16 First Gap: 0.32601027687673906 Largest Gap: 0.32601027687673906 Number of Clusters:1
start:2 iteration:0
CellsA: 544 CellsB: 46
MutsA: 170 MutsB: 341
Using SNV kernel only
Jump Percentage: 0.9675598924195197 First Eig Val: 1.1650917104649103e-15 First Gap: 0.85034784543799 Largest Gap: 0.85034784543799 Number of Clusters:1
start:2 iteration:1
CellsA: 577 CellsB: 13
MutsA: 169 MutsB: 342
Using SNV kernel only
Jump Percentage: 0.9675598924195197 First Eig Val: 1.1650917104649103e-15 First Gap: 0.85034784543799 Largest Gap: 0.85034784543799 Number of Clusters:1
adding tree to internal list:
Clonal Tree 0 
[(0, 1)] 
Loss Nodes:0
Node: 0 Cells: 577 Muts: 169 LostMuts: 0
Node: 1 Cells: 566 Muts: 342 LostMuts: 0
Total Cells: 1143 Total Muts: 511
adding tree to candidate list:
Clonal Tree 2 
[(0, 1)] 
Loss Nodes:0
Node: 0 Cells: 577 Muts: 169 LostMuts: 0
Node: 1 Cells: 566 Muts: 342 LostMuts: 0
Total Cells: 1143 Total Muts: 511
Normalized Likelihood: -0.40917540428135313
Using SNV kernel only
Jump Percentage: 0.7250209283456699 First Eig Val: 6.421932755538996e-16 First Gap: 0.3902060677618072 Largest Gap: 0.3902060677618072 Number of Clusters:1
start:0 iteration:0
CellsA: 545 CellsB: 32
MutsA: 167 MutsB: 344
Using SNV kernel only
Jump Percentage: 0.9760610512708459 First Eig Val: 9.38829454698717e-16 First Gap: 0.9147208759242704 Largest Gap: 0.9147208759242704 Number of Clusters:1
start:0 iteration:1
CellsA: 573 CellsB: 4
MutsA: 166 MutsB: 345
Using SNV kernel only
Jump Percentage: 0.9760610512708459 First Eig Val: 9.38829454698717e-16 First Gap: 0.9147208759242704 Largest Gap: 0.9147208759242704 Number of Clusters:1
Using SNV kernel only
Jump Percentage: 0.6772858050349274 First Eig Val: 4.022993570896147e-16 First Gap: 0.4046670807021865 Largest Gap: 0.4046670807021865 Number of Clusters:1
start:1 iteration:0
CellsA: 547 CellsB: 30
MutsA: 166 MutsB: 345
Using SNV kernel only
Jump Percentage: 0.9940574814302087 First Eig Val: -4.048117626902892e-16 First Gap: 0.9145253163585304 Largest Gap: 0.9145253163585304 Number of Clusters:1
start:1 iteration:1
CellsA: 572 CellsB: 5
MutsA: 165 MutsB: 346
Using SNV kernel only
Jump Percentage: 0.9936049103918898 First Eig Val: -7.089462480611163e-16 First Gap: 0.9146990619355718 Largest Gap: 0.9146990619355718 Number of Clusters:1
Using SNV kernel only
Jump Percentage: 0.6728381453788954 First Eig Val: -3.0047162373932393e-16 First Gap: 0.44452319324242484 Largest Gap: 0.44452319324242484 Number of Clusters:1
start:2 iteration:0
CellsA: 553 CellsB: 24
MutsA: 165 MutsB: 346
Using SNV kernel only
Jump Percentage: 0.8754873280697147 First Eig Val: 6.856097061970395e-16 First Gap: 0.9134446071328203 Largest Gap: 0.9134446071328203 Number of Clusters:1
start:2 iteration:1
CellsA: 572 CellsB: 5
MutsA: 164 MutsB: 347
Using SNV kernel only
Jump Percentage: 0.8754873280697147 First Eig Val: 6.856097061970395e-16 First Gap: 0.9134446071328203 Largest Gap: 0.9134446071328203 Number of Clusters:1
Clonal Tree 0 
[(0, 1)] 
Loss Nodes:0
Node: 0 Cells: 611 Muts: 187 LostMuts: 0
Node: 1 Cells: 532 Muts: 324 LostMuts: 0
Total Cells: 1143 Total Muts: 511
Normalized Likelihood: -0.4471088237175681
Clonal Tree 1 
[(0, 1)] 
Loss Nodes:0
Node: 0 Cells: 590 Muts: 179 LostMuts: 0
Node: 1 Cells: 553 Muts: 332 LostMuts: 0
Total Cells: 1143 Total Muts: 511
Normalized Likelihood: -0.42359301712919983
Clonal Tree 2 
[(0, 1)] 
Loss Nodes:0
Node: 0 Cells: 577 Muts: 169 LostMuts: 0
Node: 1 Cells: 566 Muts: 342 LostMuts: 0
Total Cells: 1143 Total Muts: 511
Normalized Likelihood: -0.40917540428135313
linear split norm likelihood best tree
Clonal Tree 2 
[(0, 1)] 
Loss Nodes:0
Node: 0 Cells: 577 Muts: 169 LostMuts: 0
Node: 1 Cells: 566 Muts: 342 LostMuts: 0
Total Cells: 1143 Total Muts: 511
Sprouted tree:
Clonal Tree 2 
[(0, 1)] 
Loss Nodes:0
Node: 0 Cells: 577 Muts: 169 LostMuts: 0
Node: 1 Cells: 566 Muts: 342 LostMuts: 0
Total Cells: 1143 Total Muts: 511
Cells: 566 Muts: 342 Ancestral Muts: 668 
Number of subproblems remaining: 2
Starting k-clonal tree inference for seed:
Cells: 566 Muts: 342 Ancestral Muts: 668 
Sprouting seed:
Cells: 566 Muts: 342 Ancestral Muts: 668 
Sprouting a branching tree from seed ...
(Generator(PCG64) at 0x7F8E7053F3C0,)
Jump Percentage: 0.9999999999999913 First Eig Val: -1.2158176737442256e-16 First Gap: 1.945707153711349e-16 Largest Gap: 0.11204529061665625 Number of Clusters:19
CellsA: 34 CellsB: 532
MutsA: 4 mutsB: 314
Jump Percentage: 0.9999999999999984 First Eig Val: -2.0264108774781846e-16 First Gap: 5.1609130980146755e-17 Largest Gap: 0.16478428118796756 Number of Clusters:5
CellsA: 32 CellsB: 534
MutsA: 4 mutsB: 316
Sprouted tree:
None
<bound method Phertilizer.sprout_branching of <phertilizer.Phertilizer object at 0x7f8e829062e0>> invalid
Sprouting seed:
Cells: 566 Muts: 342 Ancestral Muts: 668 
Sprouting a linear tree from seed ...
Jump Percentage: 0.9999999999999939 First Eig Val: -1.209309854446178e-16 First Gap: 7.079528265553329e-17 Largest Gap: 0.17308850487938268 Number of Clusters:4
start:0 iteration:0
CellsA: 34 CellsB: 532
MutsA: 271 MutsB: 71
Jump Percentage: 1.0 First Eig Val: -1.697251333127101e-16 First Gap: 6.297140354934526e-17 Largest Gap: 0.3362963224006833 Number of Clusters:5
start:0 iteration:1
CellsA: 299 CellsB: 267
MutsA: 300 MutsB: 42
Terminating cell clustering due to NANs in affinity matrix
Jump Percentage: 0.9999999999999999 First Eig Val: -2.9377918960712963e-16 First Gap: 2.404679929682418e-17 Largest Gap: 0.13979916356872238 Number of Clusters:4
start:1 iteration:0
CellsA: 287 CellsB: 279
MutsA: 296 MutsB: 46
Terminating cell clustering due to NANs in affinity matrix
Jump Percentage: 1.0 First Eig Val: -3.384016951526724e-16 First Gap: 1.1415969742319948e-17 Largest Gap: 0.14252743169261675 Number of Clusters:6
start:2 iteration:0
CellsA: 293 CellsB: 273
MutsA: 303 MutsB: 39
Terminating cell clustering due to NANs in affinity matrix
Sprouted tree:
None
<bound method Phertilizer.sprout_linear of <phertilizer.Phertilizer object at 0x7f8e829062e0>> invalid
Number of subproblems remaining: 1
func:'planting' args:[(<phertilizer.Phertilizer object at 0x7f8e829062e0>, deque([])), {}] took: 151.3525 sec
Planting phase complete!

Starting grow phase....
Clonal Tree 0 
[(0, 1), (0, 2)] 
Loss Nodes:0
Node: 0 Cells: 0 Muts: 499 LostMuts: 0
Node: 1 Cells: 252 Muts: 309 LostMuts: 0
Node: 2 Cells: 1143 Muts: 511 LostMuts: 0
Total Cells: 1395 Total Muts: 1319
Clonal Tree 2 
[(0, 1)] 
Loss Nodes:0
Node: 0 Cells: 577 Muts: 169 LostMuts: 0
Node: 1 Cells: 566 Muts: 342 LostMuts: 0
Total Cells: 1143 Total Muts: 511
1319
1319
1319
Clonal Tree 0 
[(0, 1), (0, 2), (2, 3)] 
Loss Nodes:0
Node: 0 Cells: 0 Muts: 499 LostMuts: 0
Node: 1 Cells: 252 Muts: 309 LostMuts: 0
Node: 2 Cells: 577 Muts: 169 LostMuts: 0
Node: 3 Cells: 566 Muts: 342 LostMuts: 0
Total Cells: 1395 Total Muts: 1319
Clonal Tree 0 
[(0, 1), (0, 2), (2, 3)] 
Loss Nodes:0
Node: 0 Cells: 0 Muts: 499 LostMuts: 0
Node: 1 Cells: 252 Muts: 309 LostMuts: 0
Node: 2 Cells: 577 Muts: 169 LostMuts: 0
Node: 3 Cells: 566 Muts: 342 LostMuts: 0
Total Cells: 1395 Total Muts: 1319
Clonal Tree 2 
[(0, 1)] 
Loss Nodes:0
Node: 0 Cells: 462 Muts: 359 LostMuts: 0
Node: 1 Cells: 933 Muts: 960 LostMuts: 0
Total Cells: 1395 Total Muts: 1319
Clonal Tree 0 
[(0, 1), (0, 2)] 
Loss Nodes:0
Node: 0 Cells: 0 Muts: 334 LostMuts: 0
Node: 1 Cells: 681 Muts: 442 LostMuts: 0
Node: 2 Cells: 252 Muts: 184 LostMuts: 0
Total Cells: 933 Total Muts: 960
1319
1319
1319
Clonal Tree 2 
[(0, 1), (1, 2), (1, 3)] 
Loss Nodes:0
Node: 0 Cells: 462 Muts: 359 LostMuts: 0
Node: 1 Cells: 0 Muts: 334 LostMuts: 0
Node: 2 Cells: 681 Muts: 442 LostMuts: 0
Node: 3 Cells: 252 Muts: 184 LostMuts: 0
Total Cells: 1395 Total Muts: 1319
Clonal Tree 2 
[(0, 1), (1, 2), (1, 3)] 
Loss Nodes:0
Node: 0 Cells: 462 Muts: 359 LostMuts: 0
Node: 1 Cells: 0 Muts: 334 LostMuts: 0
Node: 2 Cells: 681 Muts: 442 LostMuts: 0
Node: 3 Cells: 252 Muts: 184 LostMuts: 0
Total Cells: 1395 Total Muts: 1319
Clonal Tree 2 
[(0, 1)] 
Loss Nodes:0
Node: 0 Cells: 462 Muts: 359 LostMuts: 0
Node: 1 Cells: 933 Muts: 960 LostMuts: 0
Total Cells: 1395 Total Muts: 1319
Clonal Tree 1 
[(0, 1)] 
Loss Nodes:0
Node: 0 Cells: 149 Muts: 381 LostMuts: 0
Node: 1 Cells: 784 Muts: 579 LostMuts: 0
Total Cells: 933 Total Muts: 960
1319
1319
1319
Clonal Tree 2 
[(0, 1), (1, 2)] 
Loss Nodes:0
Node: 0 Cells: 462 Muts: 359 LostMuts: 0
Node: 1 Cells: 149 Muts: 381 LostMuts: 0
Node: 2 Cells: 784 Muts: 579 LostMuts: 0
Total Cells: 1395 Total Muts: 1319
Clonal Tree 2 
[(0, 1), (1, 2)] 
Loss Nodes:0
Node: 0 Cells: 462 Muts: 359 LostMuts: 0
Node: 1 Cells: 149 Muts: 381 LostMuts: 0
Node: 2 Cells: 784 Muts: 579 LostMuts: 0
Total Cells: 1395 Total Muts: 1319
Clonal Tree 3 
[(0, 1), (1, 2), (1, 3)] 
Loss Nodes:0
Node: 0 Cells: 462 Muts: 359 LostMuts: 0
Node: 1 Cells: 0 Muts: 334 LostMuts: 0
Node: 2 Cells: 681 Muts: 442 LostMuts: 0
Node: 3 Cells: 252 Muts: 184 LostMuts: 0
Total Cells: 1395 Total Muts: 1319
Clonal Tree 0 
[(0, 1)] 
Loss Nodes:0
Node: 0 Cells: 149 Muts: 160 LostMuts: 0
Node: 1 Cells: 532 Muts: 282 LostMuts: 0
Total Cells: 681 Total Muts: 442
1319
1319
1319
Clonal Tree 3 
[(0, 1), (1, 3), (1, 4), (4, 5)] 
Loss Nodes:0
Node: 0 Cells: 462 Muts: 359 LostMuts: 0
Node: 1 Cells: 0 Muts: 334 LostMuts: 0
Node: 3 Cells: 252 Muts: 184 LostMuts: 0
Node: 4 Cells: 149 Muts: 160 LostMuts: 0
Node: 5 Cells: 532 Muts: 282 LostMuts: 0
Total Cells: 1395 Total Muts: 1319
Clonal Tree 3 
[(0, 1), (1, 3), (1, 4), (4, 5)] 
Loss Nodes:0
Node: 0 Cells: 462 Muts: 359 LostMuts: 0
Node: 1 Cells: 0 Muts: 334 LostMuts: 0
Node: 3 Cells: 252 Muts: 184 LostMuts: 0
Node: 4 Cells: 149 Muts: 160 LostMuts: 0
Node: 5 Cells: 532 Muts: 282 LostMuts: 0
Total Cells: 1395 Total Muts: 1319
Clonal Tree 4 
[(0, 1), (1, 2)] 
Loss Nodes:0
Node: 0 Cells: 462 Muts: 359 LostMuts: 0
Node: 1 Cells: 149 Muts: 381 LostMuts: 0
Node: 2 Cells: 784 Muts: 579 LostMuts: 0
Total Cells: 1395 Total Muts: 1319
Clonal Tree 0 
[(0, 1), (0, 2)] 
Loss Nodes:0
Node: 0 Cells: 0 Muts: 164 LostMuts: 0
Node: 1 Cells: 532 Muts: 294 LostMuts: 0
Node: 2 Cells: 252 Muts: 121 LostMuts: 0
Total Cells: 784 Total Muts: 579
1319
1319
1319
Clonal Tree 4 
[(0, 1), (1, 2), (2, 3), (2, 4)] 
Loss Nodes:0
Node: 0 Cells: 462 Muts: 359 LostMuts: 0
Node: 1 Cells: 149 Muts: 381 LostMuts: 0
Node: 2 Cells: 0 Muts: 164 LostMuts: 0
Node: 3 Cells: 532 Muts: 294 LostMuts: 0
Node: 4 Cells: 252 Muts: 121 LostMuts: 0
Total Cells: 1395 Total Muts: 1319
Clonal Tree 4 
[(0, 1), (1, 2), (2, 3), (2, 4)] 
Loss Nodes:0
Node: 0 Cells: 462 Muts: 359 LostMuts: 0
Node: 1 Cells: 149 Muts: 381 LostMuts: 0
Node: 2 Cells: 0 Muts: 164 LostMuts: 0
Node: 3 Cells: 532 Muts: 294 LostMuts: 0
Node: 4 Cells: 252 Muts: 121 LostMuts: 0
Total Cells: 1395 Total Muts: 1319
Clonal Tree 4 
[(0, 1), (1, 2)] 
Loss Nodes:0
Node: 0 Cells: 462 Muts: 359 LostMuts: 0
Node: 1 Cells: 149 Muts: 381 LostMuts: 0
Node: 2 Cells: 784 Muts: 579 LostMuts: 0
Total Cells: 1395 Total Muts: 1319
Clonal Tree 0 
[(0, 1)] 
Loss Nodes:0
Node: 0 Cells: 252 Muts: 307 LostMuts: 0
Node: 1 Cells: 532 Muts: 272 LostMuts: 0
Total Cells: 784 Total Muts: 579
1319
1319
1319
Clonal Tree 4 
[(0, 1), (1, 2), (2, 3)] 
Loss Nodes:0
Node: 0 Cells: 462 Muts: 359 LostMuts: 0
Node: 1 Cells: 149 Muts: 381 LostMuts: 0
Node: 2 Cells: 252 Muts: 307 LostMuts: 0
Node: 3 Cells: 532 Muts: 272 LostMuts: 0
Total Cells: 1395 Total Muts: 1319
Clonal Tree 4 
[(0, 1), (1, 2), (2, 3)] 
Loss Nodes:0
Node: 0 Cells: 462 Muts: 359 LostMuts: 0
Node: 1 Cells: 149 Muts: 381 LostMuts: 0
Node: 2 Cells: 252 Muts: 307 LostMuts: 0
Node: 3 Cells: 532 Muts: 272 LostMuts: 0
Total Cells: 1395 Total Muts: 1319
Clonal Tree 7 
[(0, 1), (1, 2), (2, 3)] 
Loss Nodes:0
Node: 0 Cells: 462 Muts: 359 LostMuts: 0
Node: 1 Cells: 149 Muts: 381 LostMuts: 0
Node: 2 Cells: 252 Muts: 307 LostMuts: 0
Node: 3 Cells: 532 Muts: 272 LostMuts: 0
Total Cells: 1395 Total Muts: 1319
Clonal Tree 6 
[(0, 1)] 
Loss Nodes:0
Node: 0 Cells: 285 Muts: 132 LostMuts: 0
Node: 1 Cells: 247 Muts: 140 LostMuts: 0
Total Cells: 532 Total Muts: 272
1319
1319
1319
Clonal Tree 7 
[(0, 1), (1, 2), (2, 3), (3, 4)] 
Loss Nodes:0
Node: 0 Cells: 462 Muts: 359 LostMuts: 0
Node: 1 Cells: 149 Muts: 381 LostMuts: 0
Node: 2 Cells: 252 Muts: 307 LostMuts: 0
Node: 3 Cells: 285 Muts: 132 LostMuts: 0
Node: 4 Cells: 247 Muts: 140 LostMuts: 0
Total Cells: 1395 Total Muts: 1319
Clonal Tree 7 
[(0, 1), (1, 2), (2, 3), (3, 4)] 
Loss Nodes:0
Node: 0 Cells: 462 Muts: 359 LostMuts: 0
Node: 1 Cells: 149 Muts: 381 LostMuts: 0
Node: 2 Cells: 252 Muts: 307 LostMuts: 0
Node: 3 Cells: 285 Muts: 132 LostMuts: 0
Node: 4 Cells: 247 Muts: 140 LostMuts: 0
Total Cells: 1395 Total Muts: 1319
func:'grow' args:[(<phertilizer.Phertilizer object at 0x7f8e829062e0>,), {}] took: 0.0329 sec
Growing phase complete!

Identifying the maximum likelihood k-clonal tree....
Finding the maximum likelihood tree out of 9 trees....
Clonal Tree 0 
[(0, 1), (0, 2)] 
Loss Nodes:0
Node: 0 Cells: 0 Muts: 499 LostMuts: 0
Node: 1 Cells: 252 Muts: 309 LostMuts: 0
Node: 2 Cells: 1143 Muts: 511 LostMuts: 0
Total Cells: 1395 Total Muts: 1319

Tree: 0 LogLikelihood: 1426399.8453854187
Variant LogLikelihood: -14965.246235448529 
RDR LogLikelihood: 1441365.0916208671

Clonal Tree 1 
[(0, 1), (0, 2), (2, 3)] 
Loss Nodes:0
Node: 0 Cells: 0 Muts: 499 LostMuts: 0
Node: 1 Cells: 252 Muts: 309 LostMuts: 0
Node: 2 Cells: 577 Muts: 169 LostMuts: 0
Node: 3 Cells: 566 Muts: 342 LostMuts: 0
Total Cells: 1395 Total Muts: 1319

Tree: 1 LogLikelihood: 1532472.9000880606
Variant LogLikelihood: -12588.597276807292 
RDR LogLikelihood: 1545061.497364868

Clonal Tree 2 
[(0, 1)] 
Loss Nodes:0
Node: 0 Cells: 462 Muts: 359 LostMuts: 0
Node: 1 Cells: 933 Muts: 960 LostMuts: 0
Total Cells: 1395 Total Muts: 1319

Tree: 2 LogLikelihood: 1335428.8785453914
Variant LogLikelihood: -13717.411564067634 
RDR LogLikelihood: 1349146.2901094588

Clonal Tree 3 
[(0, 1), (1, 2), (1, 3)] 
Loss Nodes:0
Node: 0 Cells: 462 Muts: 359 LostMuts: 0
Node: 1 Cells: 0 Muts: 334 LostMuts: 0
Node: 2 Cells: 681 Muts: 442 LostMuts: 0
Node: 3 Cells: 252 Muts: 184 LostMuts: 0
Total Cells: 1395 Total Muts: 1319

Tree: 3 LogLikelihood: 1512926.1509039237
Variant LogLikelihood: -11486.872620841019 
RDR LogLikelihood: 1524413.0235247645

Clonal Tree 4 
[(0, 1), (1, 2)] 
Loss Nodes:0
Node: 0 Cells: 462 Muts: 359 LostMuts: 0
Node: 1 Cells: 149 Muts: 381 LostMuts: 0
Node: 2 Cells: 784 Muts: 579 LostMuts: 0
Total Cells: 1395 Total Muts: 1319

Tree: 4 LogLikelihood: 1387297.882519735
Variant LogLikelihood: -12326.280306060253 
RDR LogLikelihood: 1399624.1628257954

Clonal Tree 5 
[(0, 1), (1, 3), (1, 4), (4, 5)] 
Loss Nodes:0
Node: 0 Cells: 462 Muts: 359 LostMuts: 0
Node: 1 Cells: 0 Muts: 334 LostMuts: 0
Node: 3 Cells: 252 Muts: 184 LostMuts: 0
Node: 4 Cells: 149 Muts: 160 LostMuts: 0
Node: 5 Cells: 532 Muts: 282 LostMuts: 0
Total Cells: 1395 Total Muts: 1319

Tree: 5 LogLikelihood: 1540348.3272070598
Variant LogLikelihood: -10832.724128650349 
RDR LogLikelihood: 1551181.05133571

Clonal Tree 6 
[(0, 1), (1, 2), (2, 3), (2, 4)] 
Loss Nodes:0
Node: 0 Cells: 462 Muts: 359 LostMuts: 0
Node: 1 Cells: 149 Muts: 381 LostMuts: 0
Node: 2 Cells: 0 Muts: 164 LostMuts: 0
Node: 3 Cells: 532 Muts: 294 LostMuts: 0
Node: 4 Cells: 252 Muts: 121 LostMuts: 0
Total Cells: 1395 Total Muts: 1319

Tree: 6 LogLikelihood: 1539986.2588909583
Variant LogLikelihood: -11194.792444751969 
RDR LogLikelihood: 1551181.05133571

Clonal Tree 7 
[(0, 1), (1, 2), (2, 3)] 
Loss Nodes:0
Node: 0 Cells: 462 Muts: 359 LostMuts: 0
Node: 1 Cells: 149 Muts: 381 LostMuts: 0
Node: 2 Cells: 252 Muts: 307 LostMuts: 0
Node: 3 Cells: 532 Muts: 272 LostMuts: 0
Total Cells: 1395 Total Muts: 1319

Tree: 7 LogLikelihood: 1539238.5492935604
Variant LogLikelihood: -11942.50204214988 
RDR LogLikelihood: 1551181.05133571

Clonal Tree 8 
[(0, 1), (1, 2), (2, 3), (3, 4)] 
Loss Nodes:0
Node: 0 Cells: 462 Muts: 359 LostMuts: 0
Node: 1 Cells: 149 Muts: 381 LostMuts: 0
Node: 2 Cells: 252 Muts: 307 LostMuts: 0
Node: 3 Cells: 285 Muts: 132 LostMuts: 0
Node: 4 Cells: 247 Muts: 140 LostMuts: 0
Total Cells: 1395 Total Muts: 1319

Tree: 8 LogLikelihood: 1539758.5922036362
Variant LogLikelihood: -11422.459132074082 
RDR LogLikelihood: 1551181.05133571

\Phertilizer Tree....
Clonal Tree 5 
[(0, 1), (1, 3), (1, 4), (4, 5)] 
Loss Nodes:0
Node: 0 Cells: 462 Muts: 359 LostMuts: 0
Node: 1 Cells: 0 Muts: 334 LostMuts: 0
Node: 3 Cells: 252 Muts: 184 LostMuts: 0
Node: 4 Cells: 149 Muts: 160 LostMuts: 0
Node: 5 Cells: 532 Muts: 282 LostMuts: 0
Total Cells: 1395 Total Muts: 1319
Saving files.....
Thanks for planting a tree! See you later, friend.
