Input data:
     chr  mutation_id  cell_id base  var  total
0  chr19            0      297    C    0      1
1  chr19            0      305    C    0      1
2  chr19            0      400    C    0      1
3  chr19            0      574    C    0      1
4  chr19            0      584    C    0      1
Phertilizer is running in infinite sites mode...

Starting tilling phase....
func:'till' args:[(<phertilizer.Phertilizer object at 0x7fd8739332e0>, 0.0, 0.0, 5, 0.001, 12, False, 1.0, 0.15), {}] took: 27.5374 sec
Tilling phase complete!
Phertilizing a tree with n:4841 cells and m: 2248 SNVs

Starting planting phase....
Starting k-clonal tree inference for seed:
Cells: 4841 Muts: 2248 Ancestral Muts: 0 
Sprouting seed:
Cells: 4841 Muts: 2248 Ancestral Muts: 0 
Sprouting a branching tree from seed ...
(Generator(PCG64) at 0x7FD86156B3C0,)
Jump Percentage: 0.9999999999999608 First Eig Val: -4.718142386338281e-16 First Gap: 7.053340896424793e-17 Largest Gap: 0.41376681353953837 Number of Clusters:4
CellsA: 3322 CellsB: 1519
MutsA: 542 mutsB: 815
Jump Percentage: 0.9211962874873837 First Eig Val: 3.112097078623768e-16 First Gap: 2.3130879965629057e-16 Largest Gap: 0.3798214906323904 Number of Clusters:3
CellsA: 4093 CellsB: 748
MutsA: 612 mutsB: 972
Jump Percentage: 0.9999999999999681 First Eig Val: -1.3044377163652608e-15 First Gap: 1.2861109636919102e-15 Largest Gap: 0.32664917771960184 Number of Clusters:3
CellsA: 3322 CellsB: 1519
MutsA: 542 mutsB: 815
Jump Percentage: 0.9211962874873837 First Eig Val: 3.112097078623768e-16 First Gap: 2.3130879965629057e-16 Largest Gap: 0.3798214906323904 Number of Clusters:3
CellsA: 4093 CellsB: 748
MutsA: 612 mutsB: 972
Jump Percentage: 0.9999999999999681 First Eig Val: -1.3044377163652608e-15 First Gap: 1.2861109636919102e-15 Largest Gap: 0.32664917771960184 Number of Clusters:3
CellsA: 3322 CellsB: 1519
MutsA: 542 mutsB: 815
Jump Percentage: 0.9211962874873837 First Eig Val: 3.112097078623768e-16 First Gap: 2.3130879965629057e-16 Largest Gap: 0.3798214906323904 Number of Clusters:3
CellsA: 4093 CellsB: 748
MutsA: 612 mutsB: 972
Jump Percentage: 0.9999999999999681 First Eig Val: -1.3044377163652608e-15 First Gap: 1.2861109636919102e-15 Largest Gap: 0.32664917771960184 Number of Clusters:3
CellsA: 3322 CellsB: 1519
MutsA: 542 mutsB: 815
Jump Percentage: 0.9211962874873837 First Eig Val: 3.112097078623768e-16 First Gap: 2.3130879965629057e-16 Largest Gap: 0.3798214906323904 Number of Clusters:3
CellsA: 4093 CellsB: 748
MutsA: 612 mutsB: 972
Jump Percentage: 0.9999999999999681 First Eig Val: -1.3044377163652608e-15 First Gap: 1.2861109636919102e-15 Largest Gap: 0.32664917771960184 Number of Clusters:3
CellsA: 3322 CellsB: 1519
MutsA: 542 mutsB: 815
Jump Percentage: 0.9211962874873837 First Eig Val: 3.112097078623768e-16 First Gap: 2.3130879965629057e-16 Largest Gap: 0.3798214906323904 Number of Clusters:3
CellsA: 4093 CellsB: 748
MutsA: 612 mutsB: 972
Clonal Tree 0 
[(0, 1), (0, 2)] 
Loss Nodes:0
Node: 0 Cells: 0 Muts: 664 LostMuts: 0
Node: 1 Cells: 4093 Muts: 612 LostMuts: 0
Node: 2 Cells: 748 Muts: 972 LostMuts: 0
Total Cells: 4841 Total Muts: 2248
Jump Percentage: 0.7076702812368529 First Eig Val: -8.187368312629687e-16 First Gap: 2.854461482617905e-16 Largest Gap: 0.42959881412512296 Number of Clusters:4
CellsA: 4093 CellsB: 748
MutsA: 612 mutsB: 972
Jump Percentage: 0.9999999999999681 First Eig Val: -1.3044377163652608e-15 First Gap: 1.2861109636919102e-15 Largest Gap: 0.32664917771960184 Number of Clusters:3
CellsA: 3322 CellsB: 1519
MutsA: 542 mutsB: 815
Jump Percentage: 0.9211962874873837 First Eig Val: 3.112097078623768e-16 First Gap: 2.3130879965629057e-16 Largest Gap: 0.3798214906323904 Number of Clusters:3
CellsA: 4093 CellsB: 748
MutsA: 612 mutsB: 972
Jump Percentage: 0.9999999999999681 First Eig Val: -1.3044377163652608e-15 First Gap: 1.2861109636919102e-15 Largest Gap: 0.32664917771960184 Number of Clusters:3
CellsA: 3322 CellsB: 1519
MutsA: 542 mutsB: 815
Jump Percentage: 0.9211962874873837 First Eig Val: 3.112097078623768e-16 First Gap: 2.3130879965629057e-16 Largest Gap: 0.3798214906323904 Number of Clusters:3
CellsA: 4093 CellsB: 748
MutsA: 612 mutsB: 972
Jump Percentage: 0.9999999999999681 First Eig Val: -1.3044377163652608e-15 First Gap: 1.2861109636919102e-15 Largest Gap: 0.32664917771960184 Number of Clusters:3
CellsA: 3322 CellsB: 1519
MutsA: 542 mutsB: 815
Jump Percentage: 0.9211962874873837 First Eig Val: 3.112097078623768e-16 First Gap: 2.3130879965629057e-16 Largest Gap: 0.3798214906323904 Number of Clusters:3
CellsA: 4093 CellsB: 748
MutsA: 612 mutsB: 972
Jump Percentage: 0.9999999999999681 First Eig Val: -1.3044377163652608e-15 First Gap: 1.2861109636919102e-15 Largest Gap: 0.32664917771960184 Number of Clusters:3
CellsA: 3322 CellsB: 1519
MutsA: 542 mutsB: 815
Jump Percentage: 0.9211962874873837 First Eig Val: 3.112097078623768e-16 First Gap: 2.3130879965629057e-16 Largest Gap: 0.3798214906323904 Number of Clusters:3
CellsA: 4093 CellsB: 748
MutsA: 612 mutsB: 972
Jump Percentage: 0.9999999999999681 First Eig Val: -1.3044377163652608e-15 First Gap: 1.2861109636919102e-15 Largest Gap: 0.32664917771960184 Number of Clusters:3
CellsA: 3322 CellsB: 1519
MutsA: 542 mutsB: 815
Clonal Tree 0 
[(0, 1), (0, 2)] 
Loss Nodes:0
Node: 0 Cells: 0 Muts: 891 LostMuts: 0
Node: 1 Cells: 3322 Muts: 542 LostMuts: 0
Node: 2 Cells: 1519 Muts: 815 LostMuts: 0
Total Cells: 4841 Total Muts: 2248
Jump Percentage: 0.9505554582035675 First Eig Val: -9.101424205031284e-16 First Gap: 9.656499871645918e-16 Largest Gap: 0.42128556606773354 Number of Clusters:4
CellsA: 4070 CellsB: 771
MutsA: 266 mutsB: 1107
Jump Percentage: 0.9999999999999717 First Eig Val: -8.185501519110237e-16 First Gap: 1.1068488906127963e-15 Largest Gap: 0.37366114052418387 Number of Clusters:3
CellsA: 3322 CellsB: 1519
MutsA: 542 mutsB: 815
Jump Percentage: 0.9211962874873837 First Eig Val: 3.112097078623768e-16 First Gap: 2.3130879965629057e-16 Largest Gap: 0.3798214906323904 Number of Clusters:3
CellsA: 4093 CellsB: 748
MutsA: 612 mutsB: 972
Jump Percentage: 0.9999999999999681 First Eig Val: -1.3044377163652608e-15 First Gap: 1.2861109636919102e-15 Largest Gap: 0.32664917771960184 Number of Clusters:3
CellsA: 3322 CellsB: 1519
MutsA: 542 mutsB: 815
Jump Percentage: 0.9211962874873837 First Eig Val: 3.112097078623768e-16 First Gap: 2.3130879965629057e-16 Largest Gap: 0.3798214906323904 Number of Clusters:3
CellsA: 4093 CellsB: 748
MutsA: 612 mutsB: 972
Jump Percentage: 0.9999999999999681 First Eig Val: -1.3044377163652608e-15 First Gap: 1.2861109636919102e-15 Largest Gap: 0.32664917771960184 Number of Clusters:3
CellsA: 3322 CellsB: 1519
MutsA: 542 mutsB: 815
Jump Percentage: 0.9211962874873837 First Eig Val: 3.112097078623768e-16 First Gap: 2.3130879965629057e-16 Largest Gap: 0.3798214906323904 Number of Clusters:3
CellsA: 4093 CellsB: 748
MutsA: 612 mutsB: 972
Jump Percentage: 0.9999999999999681 First Eig Val: -1.3044377163652608e-15 First Gap: 1.2861109636919102e-15 Largest Gap: 0.32664917771960184 Number of Clusters:3
CellsA: 3322 CellsB: 1519
MutsA: 542 mutsB: 815
Jump Percentage: 0.9211962874873837 First Eig Val: 3.112097078623768e-16 First Gap: 2.3130879965629057e-16 Largest Gap: 0.3798214906323904 Number of Clusters:3
CellsA: 4093 CellsB: 748
MutsA: 612 mutsB: 972
Jump Percentage: 0.9999999999999681 First Eig Val: -1.3044377163652608e-15 First Gap: 1.2861109636919102e-15 Largest Gap: 0.32664917771960184 Number of Clusters:3
CellsA: 3322 CellsB: 1519
MutsA: 542 mutsB: 815
Clonal Tree 0 
[(0, 1), (0, 2)] 
Loss Nodes:0
Node: 0 Cells: 0 Muts: 891 LostMuts: 0
Node: 1 Cells: 3322 Muts: 542 LostMuts: 0
Node: 2 Cells: 1519 Muts: 815 LostMuts: 0
Total Cells: 4841 Total Muts: 2248
Finding the maximum likelihood tree out of 3 trees....
Clonal Tree 0 
[(0, 1), (0, 2)] 
Loss Nodes:0
Node: 0 Cells: 0 Muts: 664 LostMuts: 0
Node: 1 Cells: 4093 Muts: 612 LostMuts: 0
Node: 2 Cells: 748 Muts: 972 LostMuts: 0
Total Cells: 4841 Total Muts: 2248

Tree: 0 LogLikelihood: 3766002.1434500893
Variant LogLikelihood: -90751.55696316181 
RDR LogLikelihood: 3856753.7004132513

Clonal Tree 1 
[(0, 1), (0, 2)] 
Loss Nodes:0
Node: 0 Cells: 0 Muts: 891 LostMuts: 0
Node: 1 Cells: 3322 Muts: 542 LostMuts: 0
Node: 2 Cells: 1519 Muts: 815 LostMuts: 0
Total Cells: 4841 Total Muts: 2248

Tree: 1 LogLikelihood: 3650790.899356785
Variant LogLikelihood: -87793.02489040344 
RDR LogLikelihood: 3738583.9242471885

Clonal Tree 2 
[(0, 1), (0, 2)] 
Loss Nodes:0
Node: 0 Cells: 0 Muts: 891 LostMuts: 0
Node: 1 Cells: 3322 Muts: 542 LostMuts: 0
Node: 2 Cells: 1519 Muts: 815 LostMuts: 0
Total Cells: 4841 Total Muts: 2248

Tree: 2 LogLikelihood: 3650790.899356785
Variant LogLikelihood: -87793.02489040344 
RDR LogLikelihood: 3738583.9242471885

Sprouted tree:
Clonal Tree 0 
[(0, 1), (0, 2)] 
Loss Nodes:0
Node: 0 Cells: 0 Muts: 664 LostMuts: 0
Node: 1 Cells: 4093 Muts: 612 LostMuts: 0
Node: 2 Cells: 748 Muts: 972 LostMuts: 0
Total Cells: 4841 Total Muts: 2248
Cells: 4093 Muts: 612 Ancestral Muts: 664 
Cells: 748 Muts: 972 Ancestral Muts: 664 
Sprouting seed:
Cells: 4841 Muts: 2248 Ancestral Muts: 0 
Sprouting a linear tree from seed ...
Jump Percentage: 0.999999999999958 First Eig Val: -3.686369714772757e-16 First Gap: 5.751795292990156e-16 Largest Gap: 0.37271496616897815 Number of Clusters:3
start:0 iteration:0
CellsA: 3322 CellsB: 1519
MutsA: 1101 MutsB: 1147
Jump Percentage: 0.9999999999999818 First Eig Val: -5.589054547999081e-16 First Gap: 2.464979606253812e-16 Largest Gap: 0.3831419609737486 Number of Clusters:3
adding tree to internal list:
Clonal Tree 0 
[(0, 1)] 
Loss Nodes:0
Node: 0 Cells: 3322 Muts: 1101 LostMuts: 0
Node: 1 Cells: 1519 Muts: 1147 LostMuts: 0
Total Cells: 4841 Total Muts: 2248
Jump Percentage: 0.5561920674900415 First Eig Val: -3.442116161280157e-16 First Gap: 6.495136194626963e-16 Largest Gap: 0.3693360044980484 Number of Clusters:3
start:1 iteration:0
CellsA: 3322 CellsB: 1519
MutsA: 1101 MutsB: 1147
Jump Percentage: 0.9999999999999818 First Eig Val: -5.589054547999081e-16 First Gap: 2.464979606253812e-16 Largest Gap: 0.3831419609737486 Number of Clusters:3
adding tree to internal list:
Clonal Tree 0 
[(0, 1)] 
Loss Nodes:0
Node: 0 Cells: 3322 Muts: 1101 LostMuts: 0
Node: 1 Cells: 1519 Muts: 1147 LostMuts: 0
Total Cells: 4841 Total Muts: 2248
Jump Percentage: 0.8576931177513005 First Eig Val: 3.053051925464706e-16 First Gap: 1.295247557354832e-16 Largest Gap: 0.3669143468324684 Number of Clusters:3
start:2 iteration:0
CellsA: 3322 CellsB: 1519
MutsA: 1101 MutsB: 1147
Jump Percentage: 0.9999999999999818 First Eig Val: -5.589054547999081e-16 First Gap: 2.464979606253812e-16 Largest Gap: 0.3831419609737486 Number of Clusters:3
adding tree to internal list:
Clonal Tree 0 
[(0, 1)] 
Loss Nodes:0
Node: 0 Cells: 3322 Muts: 1101 LostMuts: 0
Node: 1 Cells: 1519 Muts: 1147 LostMuts: 0
Total Cells: 4841 Total Muts: 2248
adding tree to candidate list:
Clonal Tree 0 
[(0, 1)] 
Loss Nodes:0
Node: 0 Cells: 3322 Muts: 1101 LostMuts: 0
Node: 1 Cells: 1519 Muts: 1147 LostMuts: 0
Total Cells: 4841 Total Muts: 2248
Normalized Likelihood: -0.6343892166523625
Jump Percentage: 0.9999999999999729 First Eig Val: -1.2806153988118228e-17 First Gap: 1.8284463034613166e-16 Largest Gap: 0.5885856205160714 Number of Clusters:2
start:0 iteration:0
CellsA: 1061 CellsB: 2261
MutsA: 709 MutsB: 1539
Jump Percentage: 0.999999999999953 First Eig Val: 6.160564303749734e-16 First Gap: 2.0166055264216566e-16 Largest Gap: 0.6187032755560377 Number of Clusters:2
adding tree to internal list:
Clonal Tree 0 
[(0, 1)] 
Loss Nodes:0
Node: 0 Cells: 1061 Muts: 709 LostMuts: 0
Node: 1 Cells: 3780 Muts: 1539 LostMuts: 0
Total Cells: 4841 Total Muts: 2248
Jump Percentage: 0.9999999999999812 First Eig Val: 2.5654991358768473e-16 First Gap: 3.5221383890395765e-16 Largest Gap: 0.6381538993560961 Number of Clusters:2
start:1 iteration:0
CellsA: 1061 CellsB: 2261
MutsA: 709 MutsB: 1539
Jump Percentage: 0.999999999999953 First Eig Val: 6.160564303749734e-16 First Gap: 2.0166055264216566e-16 Largest Gap: 0.6187032755560377 Number of Clusters:2
adding tree to internal list:
Clonal Tree 0 
[(0, 1)] 
Loss Nodes:0
Node: 0 Cells: 1061 Muts: 709 LostMuts: 0
Node: 1 Cells: 3780 Muts: 1539 LostMuts: 0
Total Cells: 4841 Total Muts: 2248
Jump Percentage: 0.9999999999999796 First Eig Val: -1.6821212752128343e-16 First Gap: 7.2323924730906e-17 Largest Gap: 0.6359396343826911 Number of Clusters:2
start:2 iteration:0
CellsA: 1061 CellsB: 2261
MutsA: 709 MutsB: 1539
Jump Percentage: 0.999999999999953 First Eig Val: 6.160564303749734e-16 First Gap: 2.0166055264216566e-16 Largest Gap: 0.6187032755560377 Number of Clusters:2
adding tree to internal list:
Clonal Tree 0 
[(0, 1)] 
Loss Nodes:0
Node: 0 Cells: 1061 Muts: 709 LostMuts: 0
Node: 1 Cells: 3780 Muts: 1539 LostMuts: 0
Total Cells: 4841 Total Muts: 2248
adding tree to candidate list:
Clonal Tree 0 
[(0, 1)] 
Loss Nodes:0
Node: 0 Cells: 1061 Muts: 709 LostMuts: 0
Node: 1 Cells: 3780 Muts: 1539 LostMuts: 0
Total Cells: 4841 Total Muts: 2248
Normalized Likelihood: -0.6157484480388902
Using SNV kernel only
Jump Percentage: 0.12453900983488711 First Eig Val: -8.813301353667678e-16 First Gap: 0.5590272180252933 Largest Gap: 0.5590272180252933 Number of Clusters:1
start:0 iteration:0
CellsA: 650 CellsB: 411
MutsA: 543 MutsB: 1705
Using SNV kernel only
Jump Percentage: 0.0898905672465105 First Eig Val: -5.445678496934282e-17 First Gap: 0.5780569951150896 Largest Gap: 0.5780569951150896 Number of Clusters:1
start:0 iteration:1
CellsA: 884 CellsB: 177
MutsA: 566 MutsB: 1682
Using SNV kernel only
Jump Percentage: 0.06181632394558258 First Eig Val: -1.363204958735012e-15 First Gap: 0.6228692617361813 Largest Gap: 0.6228692617361813 Number of Clusters:1
start:0 iteration:2
CellsA: 920 CellsB: 141
MutsA: 576 MutsB: 1672
Using SNV kernel only
Jump Percentage: 0.0683075393885993 First Eig Val: 3.191432471961026e-16 First Gap: 0.6291069895501831 Largest Gap: 0.6291069895501831 Number of Clusters:1
start:0 iteration:3
CellsA: 921 CellsB: 140
MutsA: 577 MutsB: 1671
Using SNV kernel only
Jump Percentage: 0.06758995871380612 First Eig Val: -1.727101299552363e-16 First Gap: 0.6302348272346763 Largest Gap: 0.6302348272346763 Number of Clusters:1
start:0 iteration:4
CellsA: 922 CellsB: 139
MutsA: 577 MutsB: 1671
Using SNV kernel only
Jump Percentage: 0.06758995871380612 First Eig Val: -1.727101299552363e-16 First Gap: 0.6302348272346763 Largest Gap: 0.6302348272346763 Number of Clusters:1
Using SNV kernel only
Jump Percentage: 0.14037842424243988 First Eig Val: -5.877333877546467e-17 First Gap: 0.6241592779804283 Largest Gap: 0.6241592779804283 Number of Clusters:1
start:1 iteration:0
CellsA: 758 CellsB: 303
MutsA: 565 MutsB: 1683
Using SNV kernel only
Jump Percentage: 0.10964069636472577 First Eig Val: 3.9911306405388493e-16 First Gap: 0.66747537836109 Largest Gap: 0.66747537836109 Number of Clusters:1
start:1 iteration:1
CellsA: 773 CellsB: 288
MutsA: 530 MutsB: 1718
Using SNV kernel only
Jump Percentage: 0.10863491729402282 First Eig Val: -1.0313757331143474e-16 First Gap: 0.6162754398105799 Largest Gap: 0.6162754398105799 Number of Clusters:1
start:1 iteration:2
CellsA: 921 CellsB: 140
MutsA: 573 MutsB: 1675
Using SNV kernel only
Jump Percentage: 0.10227168788933841 First Eig Val: 8.543277980244839e-16 First Gap: 0.6629949593843478 Largest Gap: 0.6629949593843478 Number of Clusters:1
start:1 iteration:3
CellsA: 948 CellsB: 113
MutsA: 590 MutsB: 1658
Using SNV kernel only
Jump Percentage: 0.06362273354367541 First Eig Val: 1.6106003130849006e-16 First Gap: 0.6160213512747833 Largest Gap: 0.6160213512747833 Number of Clusters:1
start:1 iteration:4
CellsA: 955 CellsB: 106
MutsA: 598 MutsB: 1650
Using SNV kernel only
Jump Percentage: 0.06454603167334699 First Eig Val: 3.5965214868530427e-17 First Gap: 0.6266087270045595 Largest Gap: 0.6266087270045595 Number of Clusters:1
start:1 iteration:5
CellsA: 966 CellsB: 95
MutsA: 603 MutsB: 1645
Using SNV kernel only
Jump Percentage: 0.06405228950850964 First Eig Val: 1.2788064981007444e-15 First Gap: 0.6347131685450803 Largest Gap: 0.6347131685450803 Number of Clusters:1
start:1 iteration:6
CellsA: 964 CellsB: 97
MutsA: 605 MutsB: 1643
Using SNV kernel only
Jump Percentage: 0.06385118274797401 First Eig Val: -3.7906649762531357e-16 First Gap: 0.6392836208855814 Largest Gap: 0.6392836208855814 Number of Clusters:1
start:1 iteration:7
CellsA: 965 CellsB: 96
MutsA: 605 MutsB: 1643
Using SNV kernel only
Jump Percentage: 0.06385118274797401 First Eig Val: -3.7906649762531357e-16 First Gap: 0.6392836208855814 Largest Gap: 0.6392836208855814 Number of Clusters:1
Using SNV kernel only
Jump Percentage: 0.10989332972642787 First Eig Val: -1.1715363998279576e-16 First Gap: 0.6125678518124723 Largest Gap: 0.6125678518124723 Number of Clusters:1
start:2 iteration:0
CellsA: 606 CellsB: 455
MutsA: 527 MutsB: 1721
Using SNV kernel only
Jump Percentage: 0.10008967862044699 First Eig Val: 7.152884099547313e-16 First Gap: 0.60366819513304 Largest Gap: 0.60366819513304 Number of Clusters:1
start:2 iteration:1
CellsA: 692 CellsB: 369
MutsA: 483 MutsB: 1765
Using SNV kernel only
Jump Percentage: 0.10024173262413918 First Eig Val: -5.436670867558014e-17 First Gap: 0.5794526186634527 Largest Gap: 0.5794526186634527 Number of Clusters:1
start:2 iteration:2
CellsA: 917 CellsB: 144
MutsA: 579 MutsB: 1669
Using SNV kernel only
Jump Percentage: 0.06752989083295644 First Eig Val: 1.387649414416481e-15 First Gap: 0.636552972361583 Largest Gap: 0.636552972361583 Number of Clusters:1
start:2 iteration:3
CellsA: 944 CellsB: 117
MutsA: 595 MutsB: 1653
Using SNV kernel only
Jump Percentage: 0.07859452897835707 First Eig Val: 7.118778197025828e-16 First Gap: 0.6756913911051986 Largest Gap: 0.6756913911051986 Number of Clusters:1
start:2 iteration:4
CellsA: 970 CellsB: 91
MutsA: 607 MutsB: 1641
Using SNV kernel only
Jump Percentage: 0.07875959126527207 First Eig Val: -1.4176884908054501e-15 First Gap: 0.6358622675492495 Largest Gap: 0.6358622675492495 Number of Clusters:1
start:2 iteration:5
CellsA: 975 CellsB: 86
MutsA: 611 MutsB: 1637
Using SNV kernel only
Jump Percentage: 0.08059922545616556 First Eig Val: 1.1642455541370612e-16 First Gap: 0.6385827800736079 Largest Gap: 0.6385827800736079 Number of Clusters:1
start:2 iteration:6
CellsA: 977 CellsB: 84
MutsA: 613 MutsB: 1635
Using SNV kernel only
Jump Percentage: 0.08480576606128365 First Eig Val: 5.695207907189373e-16 First Gap: 0.6456910543535813 Largest Gap: 0.6456910543535813 Number of Clusters:1
start:2 iteration:7
CellsA: 979 CellsB: 82
MutsA: 615 MutsB: 1633
Using SNV kernel only
Jump Percentage: 0.08591332362387935 First Eig Val: -1.529947392534422e-16 First Gap: 0.6475088927963936 Largest Gap: 0.6475088927963936 Number of Clusters:1
start:2 iteration:8
CellsA: 977 CellsB: 84
MutsA: 616 MutsB: 1632
Using SNV kernel only
Jump Percentage: 0.0754294603331305 First Eig Val: 5.163418981106061e-16 First Gap: 0.6474980082704355 Largest Gap: 0.6474980082704355 Number of Clusters:1
adding tree to internal list:
Clonal Tree 0 
[(0, 1)] 
Loss Nodes:0
Node: 0 Cells: 977 Muts: 616 LostMuts: 0
Node: 1 Cells: 3864 Muts: 1632 LostMuts: 0
Total Cells: 4841 Total Muts: 2248
adding tree to candidate list:
Clonal Tree 0 
[(0, 1)] 
Loss Nodes:0
Node: 0 Cells: 977 Muts: 616 LostMuts: 0
Node: 1 Cells: 3864 Muts: 1632 LostMuts: 0
Total Cells: 4841 Total Muts: 2248
Normalized Likelihood: -0.5858873030727705
Using SNV kernel only
Jump Percentage: 0.12614417659848087 First Eig Val: -5.067059487707832e-17 First Gap: 0.6184610829494958 Largest Gap: 0.6184610829494958 Number of Clusters:1
start:0 iteration:0
CellsA: 561 CellsB: 416
MutsA: 461 MutsB: 1787
Using SNV kernel only
Jump Percentage: 0.1347832059682162 First Eig Val: 1.2479915413845372e-15 First Gap: 0.5531222094712468 Largest Gap: 0.5531222094712468 Number of Clusters:1
start:0 iteration:1
CellsA: 806 CellsB: 171
MutsA: 515 MutsB: 1733
Using SNV kernel only
Jump Percentage: 0.13105975458622038 First Eig Val: 1.2058517526124452e-15 First Gap: 0.6588427255691731 Largest Gap: 0.6588427255691731 Number of Clusters:1
start:0 iteration:2
CellsA: 742 CellsB: 235
MutsA: 504 MutsB: 1744
Using SNV kernel only
Jump Percentage: 0.12700782566399216 First Eig Val: 1.6278920892383792e-15 First Gap: 0.6379054254990508 Largest Gap: 0.6379054254990508 Number of Clusters:1
start:0 iteration:3
CellsA: 833 CellsB: 144
MutsA: 515 MutsB: 1733
Using SNV kernel only
Jump Percentage: 0.11875076652269101 First Eig Val: 6.883771835164002e-16 First Gap: 0.6615288070722528 Largest Gap: 0.6615288070722528 Number of Clusters:1
start:0 iteration:4
CellsA: 886 CellsB: 91
MutsA: 541 MutsB: 1707
Using SNV kernel only
Jump Percentage: 0.09392206929508987 First Eig Val: -4.059300919318269e-16 First Gap: 0.658390642502873 Largest Gap: 0.658390642502873 Number of Clusters:1
start:0 iteration:5
CellsA: 909 CellsB: 68
MutsA: 557 MutsB: 1691
Using SNV kernel only
Jump Percentage: 0.08824162879964369 First Eig Val: 1.3785371178622442e-15 First Gap: 0.7033074618342088 Largest Gap: 0.7033074618342088 Number of Clusters:1
start:0 iteration:6
CellsA: 925 CellsB: 52
MutsA: 568 MutsB: 1680
Using SNV kernel only
Jump Percentage: 0.10787999017403119 First Eig Val: 7.773375613660613e-16 First Gap: 0.7308904497348886 Largest Gap: 0.7308904497348886 Number of Clusters:1
start:0 iteration:7
CellsA: 931 CellsB: 46
MutsA: 574 MutsB: 1674
Using SNV kernel only
Jump Percentage: 0.08887050908615676 First Eig Val: -1.344786088055642e-15 First Gap: 0.7462996426049521 Largest Gap: 0.7462996426049521 Number of Clusters:1
start:0 iteration:8
CellsA: 936 CellsB: 41
MutsA: 577 MutsB: 1671
Using SNV kernel only
Jump Percentage: 0.09689238371206978 First Eig Val: 1.6925100787362272e-16 First Gap: 0.7604281784483087 Largest Gap: 0.7604281784483087 Number of Clusters:1
start:0 iteration:9
CellsA: 940 CellsB: 37
MutsA: 579 MutsB: 1669
adding tree to internal list:
Clonal Tree 0 
[(0, 1)] 
Loss Nodes:0
Node: 0 Cells: 940 Muts: 579 LostMuts: 0
Node: 1 Cells: 3901 Muts: 1669 LostMuts: 0
Total Cells: 4841 Total Muts: 2248
Using SNV kernel only
Jump Percentage: 0.1592462657677366 First Eig Val: 3.4757710233675086e-16 First Gap: 0.5888564108347117 Largest Gap: 0.5888564108347117 Number of Clusters:1
start:1 iteration:0
CellsA: 750 CellsB: 227
MutsA: 540 MutsB: 1708
Using SNV kernel only
Jump Percentage: 0.14970558971177214 First Eig Val: -6.669270078090217e-16 First Gap: 0.6665325752108257 Largest Gap: 0.6665325752108257 Number of Clusters:1
start:1 iteration:1
CellsA: 752 CellsB: 225
MutsA: 515 MutsB: 1733
Using SNV kernel only
Jump Percentage: 0.12571146674689138 First Eig Val: 2.2953158279530615e-16 First Gap: 0.6456461012360933 Largest Gap: 0.6456461012360933 Number of Clusters:1
start:1 iteration:2
CellsA: 735 CellsB: 242
MutsA: 510 MutsB: 1738
Using SNV kernel only
Jump Percentage: 0.13736064453187177 First Eig Val: 1.8367621102264193e-16 First Gap: 0.6365911472462392 Largest Gap: 0.6365911472462392 Number of Clusters:1
start:1 iteration:3
CellsA: 732 CellsB: 245
MutsA: 510 MutsB: 1738
Using SNV kernel only
Jump Percentage: 0.13736064453187177 First Eig Val: 1.8367621102264193e-16 First Gap: 0.6365911472462392 Largest Gap: 0.6365911472462392 Number of Clusters:1
adding tree to internal list:
Clonal Tree 0 
[(0, 1)] 
Loss Nodes:0
Node: 0 Cells: 732 Muts: 510 LostMuts: 0
Node: 1 Cells: 4109 Muts: 1738 LostMuts: 0
Total Cells: 4841 Total Muts: 2248
Using SNV kernel only
Jump Percentage: 0.1408607221503795 First Eig Val: 3.5281393380085657e-16 First Gap: 0.7124341745220933 Largest Gap: 0.7124341745220933 Number of Clusters:1
start:2 iteration:0
CellsA: 585 CellsB: 392
MutsA: 487 MutsB: 1761
Using SNV kernel only
Jump Percentage: 0.115893825375603 First Eig Val: -1.6198642194283033e-15 First Gap: 0.6106836990978103 Largest Gap: 0.6106836990978103 Number of Clusters:1
start:2 iteration:1
CellsA: 651 CellsB: 326
MutsA: 458 MutsB: 1790
Using SNV kernel only
Jump Percentage: 0.11119846042248299 First Eig Val: -1.1055836019349556e-15 First Gap: 0.5780061301260772 Largest Gap: 0.5780061301260772 Number of Clusters:1
start:2 iteration:2
CellsA: 634 CellsB: 343
MutsA: 446 MutsB: 1802
Using SNV kernel only
Jump Percentage: 0.10900430543804043 First Eig Val: 1.2975840103620964e-15 First Gap: 0.5545481171627867 Largest Gap: 0.5545481171627867 Number of Clusters:1
start:2 iteration:3
CellsA: 630 CellsB: 347
MutsA: 446 MutsB: 1802
Using SNV kernel only
Jump Percentage: 0.10900430543804043 First Eig Val: 1.2975840103620964e-15 First Gap: 0.5545481171627867 Largest Gap: 0.5545481171627867 Number of Clusters:1
adding tree to internal list:
Clonal Tree 0 
[(0, 1)] 
Loss Nodes:0
Node: 0 Cells: 630 Muts: 446 LostMuts: 0
Node: 1 Cells: 4211 Muts: 1802 LostMuts: 0
Total Cells: 4841 Total Muts: 2248
adding tree to candidate list:
Clonal Tree 2 
[(0, 1)] 
Loss Nodes:0
Node: 0 Cells: 630 Muts: 446 LostMuts: 0
Node: 1 Cells: 4211 Muts: 1802 LostMuts: 0
Total Cells: 4841 Total Muts: 2248
Normalized Likelihood: -0.5455937088637416
Clonal Tree 0 
[(0, 1)] 
Loss Nodes:0
Node: 0 Cells: 3322 Muts: 1101 LostMuts: 0
Node: 1 Cells: 1519 Muts: 1147 LostMuts: 0
Total Cells: 4841 Total Muts: 2248
Normalized Likelihood: -0.6343892166523625
Clonal Tree 1 
[(0, 1)] 
Loss Nodes:0
Node: 0 Cells: 1061 Muts: 709 LostMuts: 0
Node: 1 Cells: 3780 Muts: 1539 LostMuts: 0
Total Cells: 4841 Total Muts: 2248
Normalized Likelihood: -0.6157484480388902
Clonal Tree 2 
[(0, 1)] 
Loss Nodes:0
Node: 0 Cells: 977 Muts: 616 LostMuts: 0
Node: 1 Cells: 3864 Muts: 1632 LostMuts: 0
Total Cells: 4841 Total Muts: 2248
Normalized Likelihood: -0.5858873030727705
Clonal Tree 3 
[(0, 1)] 
Loss Nodes:0
Node: 0 Cells: 630 Muts: 446 LostMuts: 0
Node: 1 Cells: 4211 Muts: 1802 LostMuts: 0
Total Cells: 4841 Total Muts: 2248
Normalized Likelihood: -0.5455937088637416
linear split norm likelihood best tree
Clonal Tree 3 
[(0, 1)] 
Loss Nodes:0
Node: 0 Cells: 630 Muts: 446 LostMuts: 0
Node: 1 Cells: 4211 Muts: 1802 LostMuts: 0
Total Cells: 4841 Total Muts: 2248
Sprouted tree:
Clonal Tree 3 
[(0, 1)] 
Loss Nodes:0
Node: 0 Cells: 630 Muts: 446 LostMuts: 0
Node: 1 Cells: 4211 Muts: 1802 LostMuts: 0
Total Cells: 4841 Total Muts: 2248
Cells: 4211 Muts: 1802 Ancestral Muts: 446 
Number of subproblems remaining: 3
Starting k-clonal tree inference for seed:
Cells: 4211 Muts: 1802 Ancestral Muts: 446 
Sprouting seed:
Cells: 4211 Muts: 1802 Ancestral Muts: 446 
Sprouting a branching tree from seed ...
(Generator(PCG64) at 0x7FD86156B3C0,)
Jump Percentage: 0.9999999999999852 First Eig Val: -1.287104604802032e-15 First Gap: 1.4710204263311025e-15 Largest Gap: 0.49322841963611985 Number of Clusters:3
CellsA: 748 CellsB: 3463
MutsA: 745 mutsB: 710
Jump Percentage: 0.9999999999999748 First Eig Val: -9.31299683846734e-17 First Gap: 1.0375957202525754e-16 Largest Gap: 0.4863798931982638 Number of Clusters:3
Clonal Tree 0 
[(0, 1), (0, 2)] 
Loss Nodes:0
Node: 0 Cells: 0 Muts: 347 LostMuts: 0
Node: 1 Cells: 748 Muts: 745 LostMuts: 0
Node: 2 Cells: 3463 Muts: 710 LostMuts: 0
Total Cells: 4211 Total Muts: 1802
Jump Percentage: 0.9999999999999897 First Eig Val: -1.9086505992332246e-16 First Gap: 2.577875448407798e-16 Largest Gap: 0.49228126130258787 Number of Clusters:3
CellsA: 3463 CellsB: 748
MutsA: 710 mutsB: 745
Jump Percentage: 0.9999999999999748 First Eig Val: -9.31299683846734e-17 First Gap: 1.0375957202525754e-16 Largest Gap: 0.4863798931982638 Number of Clusters:3
Clonal Tree 0 
[(0, 1), (0, 2)] 
Loss Nodes:0
Node: 0 Cells: 0 Muts: 347 LostMuts: 0
Node: 1 Cells: 3463 Muts: 710 LostMuts: 0
Node: 2 Cells: 748 Muts: 745 LostMuts: 0
Total Cells: 4211 Total Muts: 1802
Jump Percentage: 0.999999999999994 First Eig Val: -2.432025362453459e-16 First Gap: 6.720423669204386e-16 Largest Gap: 0.5009659046959996 Number of Clusters:3
CellsA: 3463 CellsB: 748
MutsA: 710 mutsB: 745
Jump Percentage: 0.9999999999999748 First Eig Val: -9.31299683846734e-17 First Gap: 1.0375957202525754e-16 Largest Gap: 0.4863798931982638 Number of Clusters:3
Clonal Tree 0 
[(0, 1), (0, 2)] 
Loss Nodes:0
Node: 0 Cells: 0 Muts: 347 LostMuts: 0
Node: 1 Cells: 3463 Muts: 710 LostMuts: 0
Node: 2 Cells: 748 Muts: 745 LostMuts: 0
Total Cells: 4211 Total Muts: 1802
Finding the maximum likelihood tree out of 3 trees....
Clonal Tree 0 
[(0, 1), (0, 2)] 
Loss Nodes:0
Node: 0 Cells: 0 Muts: 347 LostMuts: 0
Node: 1 Cells: 748 Muts: 745 LostMuts: 0
Node: 2 Cells: 3463 Muts: 710 LostMuts: 0
Total Cells: 4211 Total Muts: 1802

Tree: 0 LogLikelihood: 3203941.8638290362
Variant LogLikelihood: -114503.38206783762 
RDR LogLikelihood: 3318445.245896874

Clonal Tree 1 
[(0, 1), (0, 2)] 
Loss Nodes:0
Node: 0 Cells: 0 Muts: 347 LostMuts: 0
Node: 1 Cells: 3463 Muts: 710 LostMuts: 0
Node: 2 Cells: 748 Muts: 745 LostMuts: 0
Total Cells: 4211 Total Muts: 1802

Tree: 1 LogLikelihood: 3203941.8638290362
Variant LogLikelihood: -114503.38206783762 
RDR LogLikelihood: 3318445.245896874

Clonal Tree 2 
[(0, 1), (0, 2)] 
Loss Nodes:0
Node: 0 Cells: 0 Muts: 347 LostMuts: 0
Node: 1 Cells: 3463 Muts: 710 LostMuts: 0
Node: 2 Cells: 748 Muts: 745 LostMuts: 0
Total Cells: 4211 Total Muts: 1802

Tree: 2 LogLikelihood: 3203941.8638290362
Variant LogLikelihood: -114503.38206783762 
RDR LogLikelihood: 3318445.245896874

Sprouted tree:
Clonal Tree 0 
[(0, 1), (0, 2)] 
Loss Nodes:0
Node: 0 Cells: 0 Muts: 347 LostMuts: 0
Node: 1 Cells: 748 Muts: 745 LostMuts: 0
Node: 2 Cells: 3463 Muts: 710 LostMuts: 0
Total Cells: 4211 Total Muts: 1802
Cells: 748 Muts: 745 Ancestral Muts: 793 
Cells: 3463 Muts: 710 Ancestral Muts: 793 
Sprouting seed:
Cells: 4211 Muts: 1802 Ancestral Muts: 446 
Sprouting a linear tree from seed ...
Jump Percentage: 0.9999999999999928 First Eig Val: -1.619220787328569e-16 First Gap: 9.030178884308843e-16 Largest Gap: 0.5220648392610554 Number of Clusters:3
start:0 iteration:0
CellsA: 748 CellsB: 3463
MutsA: 600 MutsB: 1202
Jump Percentage: 0.999999999999968 First Eig Val: 5.944984931252843e-16 First Gap: 2.2418778592909504e-16 Largest Gap: 0.4961581661625109 Number of Clusters:3
adding tree to internal list:
Clonal Tree 0 
[(0, 1)] 
Loss Nodes:0
Node: 0 Cells: 748 Muts: 600 LostMuts: 0
Node: 1 Cells: 3463 Muts: 1202 LostMuts: 0
Total Cells: 4211 Total Muts: 1802
Jump Percentage: 0.9999999999999863 First Eig Val: 9.031186881201116e-17 First Gap: 5.95981552469337e-16 Largest Gap: 0.5216165404845341 Number of Clusters:3
start:1 iteration:0
CellsA: 748 CellsB: 3463
MutsA: 600 MutsB: 1202
Jump Percentage: 0.999999999999968 First Eig Val: 5.944984931252843e-16 First Gap: 2.2418778592909504e-16 Largest Gap: 0.4961581661625109 Number of Clusters:3
adding tree to internal list:
Clonal Tree 0 
[(0, 1)] 
Loss Nodes:0
Node: 0 Cells: 748 Muts: 600 LostMuts: 0
Node: 1 Cells: 3463 Muts: 1202 LostMuts: 0
Total Cells: 4211 Total Muts: 1802
Jump Percentage: 0.9999999999999845 First Eig Val: 2.90315614040093e-16 First Gap: 1.0127161711330412e-15 Largest Gap: 0.5166525376433323 Number of Clusters:3
start:2 iteration:0
CellsA: 748 CellsB: 3463
MutsA: 600 MutsB: 1202
Jump Percentage: 0.999999999999968 First Eig Val: 5.944984931252843e-16 First Gap: 2.2418778592909504e-16 Largest Gap: 0.4961581661625109 Number of Clusters:3
adding tree to internal list:
Clonal Tree 0 
[(0, 1)] 
Loss Nodes:0
Node: 0 Cells: 748 Muts: 600 LostMuts: 0
Node: 1 Cells: 3463 Muts: 1202 LostMuts: 0
Total Cells: 4211 Total Muts: 1802
adding tree to candidate list:
Clonal Tree 0 
[(0, 1)] 
Loss Nodes:0
Node: 0 Cells: 748 Muts: 600 LostMuts: 0
Node: 1 Cells: 3463 Muts: 1202 LostMuts: 0
Total Cells: 4211 Total Muts: 1802
Normalized Likelihood: -0.64654658691037
Clonal Tree 0 
[(0, 1)] 
Loss Nodes:0
Node: 0 Cells: 748 Muts: 600 LostMuts: 0
Node: 1 Cells: 3463 Muts: 1202 LostMuts: 0
Total Cells: 4211 Total Muts: 1802
Normalized Likelihood: -0.64654658691037
linear split norm likelihood best tree
Clonal Tree 0 
[(0, 1)] 
Loss Nodes:0
Node: 0 Cells: 748 Muts: 600 LostMuts: 0
Node: 1 Cells: 3463 Muts: 1202 LostMuts: 0
Total Cells: 4211 Total Muts: 1802
Sprouted tree:
Clonal Tree 0 
[(0, 1)] 
Loss Nodes:0
Node: 0 Cells: 748 Muts: 600 LostMuts: 0
Node: 1 Cells: 3463 Muts: 1202 LostMuts: 0
Total Cells: 4211 Total Muts: 1802
Cells: 3463 Muts: 1202 Ancestral Muts: 1046 
Number of subproblems remaining: 5
Starting k-clonal tree inference for seed:
Cells: 3463 Muts: 1202 Ancestral Muts: 1046 
Sprouting seed:
Cells: 3463 Muts: 1202 Ancestral Muts: 1046 
Sprouting a branching tree from seed ...
(Generator(PCG64) at 0x7FD86156B3C0,)
Jump Percentage: 0.9999999999999604 First Eig Val: -4.530097436040279e-16 First Gap: 7.804185874207449e-16 Largest Gap: 0.6327436149581576 Number of Clusters:3
CellsA: 2692 CellsB: 771
MutsA: 385 mutsB: 534
Jump Percentage: 0.9999999999999717 First Eig Val: -9.927089632390391e-16 First Gap: 1.155794522019484e-15 Largest Gap: 0.5988415415154839 Number of Clusters:3
Clonal Tree 0 
[(0, 1), (0, 2)] 
Loss Nodes:0
Node: 0 Cells: 0 Muts: 283 LostMuts: 0
Node: 1 Cells: 2692 Muts: 385 LostMuts: 0
Node: 2 Cells: 771 Muts: 534 LostMuts: 0
Total Cells: 3463 Total Muts: 1202
Jump Percentage: 0.99999999999996 First Eig Val: -8.545986219261866e-16 First Gap: 6.26294038632005e-16 Largest Gap: 0.6344575739721445 Number of Clusters:3
CellsA: 2692 CellsB: 771
MutsA: 385 mutsB: 534
Jump Percentage: 0.9999999999999717 First Eig Val: -9.927089632390391e-16 First Gap: 1.155794522019484e-15 Largest Gap: 0.5988415415154839 Number of Clusters:3
Clonal Tree 0 
[(0, 1), (0, 2)] 
Loss Nodes:0
Node: 0 Cells: 0 Muts: 283 LostMuts: 0
Node: 1 Cells: 2692 Muts: 385 LostMuts: 0
Node: 2 Cells: 771 Muts: 534 LostMuts: 0
Total Cells: 3463 Total Muts: 1202
Jump Percentage: 0.9999999999999855 First Eig Val: -2.4886866897566775e-16 First Gap: 5.647763187972315e-17 Largest Gap: 0.6379927800466488 Number of Clusters:3
CellsA: 771 CellsB: 2692
MutsA: 534 mutsB: 385
Jump Percentage: 0.9999999999999717 First Eig Val: -9.927089632390391e-16 First Gap: 1.155794522019484e-15 Largest Gap: 0.5988415415154839 Number of Clusters:3
Clonal Tree 0 
[(0, 1), (0, 2)] 
Loss Nodes:0
Node: 0 Cells: 0 Muts: 283 LostMuts: 0
Node: 1 Cells: 771 Muts: 534 LostMuts: 0
Node: 2 Cells: 2692 Muts: 385 LostMuts: 0
Total Cells: 3463 Total Muts: 1202
Finding the maximum likelihood tree out of 3 trees....
Clonal Tree 0 
[(0, 1), (0, 2)] 
Loss Nodes:0
Node: 0 Cells: 0 Muts: 283 LostMuts: 0
Node: 1 Cells: 2692 Muts: 385 LostMuts: 0
Node: 2 Cells: 771 Muts: 534 LostMuts: 0
Total Cells: 3463 Total Muts: 1202

Tree: 0 LogLikelihood: 3096838.304883954
Variant LogLikelihood: -110171.43826916108 
RDR LogLikelihood: 3207009.7431531153

Clonal Tree 1 
[(0, 1), (0, 2)] 
Loss Nodes:0
Node: 0 Cells: 0 Muts: 283 LostMuts: 0
Node: 1 Cells: 2692 Muts: 385 LostMuts: 0
Node: 2 Cells: 771 Muts: 534 LostMuts: 0
Total Cells: 3463 Total Muts: 1202

Tree: 1 LogLikelihood: 3096838.304883954
Variant LogLikelihood: -110171.43826916108 
RDR LogLikelihood: 3207009.7431531153

Clonal Tree 2 
[(0, 1), (0, 2)] 
Loss Nodes:0
Node: 0 Cells: 0 Muts: 283 LostMuts: 0
Node: 1 Cells: 771 Muts: 534 LostMuts: 0
Node: 2 Cells: 2692 Muts: 385 LostMuts: 0
Total Cells: 3463 Total Muts: 1202

Tree: 2 LogLikelihood: 3096838.304883954
Variant LogLikelihood: -110171.43826916108 
RDR LogLikelihood: 3207009.7431531153

Sprouted tree:
Clonal Tree 0 
[(0, 1), (0, 2)] 
Loss Nodes:0
Node: 0 Cells: 0 Muts: 283 LostMuts: 0
Node: 1 Cells: 2692 Muts: 385 LostMuts: 0
Node: 2 Cells: 771 Muts: 534 LostMuts: 0
Total Cells: 3463 Total Muts: 1202
Cells: 2692 Muts: 385 Ancestral Muts: 1329 
Cells: 771 Muts: 534 Ancestral Muts: 1329 
Sprouting seed:
Cells: 3463 Muts: 1202 Ancestral Muts: 1046 
Sprouting a linear tree from seed ...
Jump Percentage: 0.9999999999999626 First Eig Val: -1.961801538431945e-16 First Gap: 3.663273587062273e-16 Largest Gap: 0.5791563562676157 Number of Clusters:3
start:0 iteration:0
CellsA: 2692 CellsB: 771
MutsA: 521 MutsB: 681
Jump Percentage: 0.9999999999998542 First Eig Val: -2.093485448681863e-16 First Gap: 4.455445257200739e-17 Largest Gap: 0.6010042643759844 Number of Clusters:3
adding tree to internal list:
Clonal Tree 0 
[(0, 1)] 
Loss Nodes:0
Node: 0 Cells: 2692 Muts: 521 LostMuts: 0
Node: 1 Cells: 771 Muts: 681 LostMuts: 0
Total Cells: 3463 Total Muts: 1202
Jump Percentage: 0.9999999999999869 First Eig Val: -1.0321996394949911e-15 First Gap: 1.17495735143033e-15 Largest Gap: 0.5767680734469142 Number of Clusters:3
start:1 iteration:0
CellsA: 2692 CellsB: 771
MutsA: 521 MutsB: 681
Jump Percentage: 0.9999999999998542 First Eig Val: -2.093485448681863e-16 First Gap: 4.455445257200739e-17 Largest Gap: 0.6010042643759844 Number of Clusters:3
adding tree to internal list:
Clonal Tree 0 
[(0, 1)] 
Loss Nodes:0
Node: 0 Cells: 2692 Muts: 521 LostMuts: 0
Node: 1 Cells: 771 Muts: 681 LostMuts: 0
Total Cells: 3463 Total Muts: 1202
Jump Percentage: 0.9999999999999658 First Eig Val: 5.800337733327387e-17 First Gap: 7.941479326339294e-17 Largest Gap: 0.5767225158447341 Number of Clusters:3
start:2 iteration:0
CellsA: 2692 CellsB: 771
MutsA: 521 MutsB: 681
Jump Percentage: 0.9999999999998542 First Eig Val: -2.093485448681863e-16 First Gap: 4.455445257200739e-17 Largest Gap: 0.6010042643759844 Number of Clusters:3
adding tree to internal list:
Clonal Tree 0 
[(0, 1)] 
Loss Nodes:0
Node: 0 Cells: 2692 Muts: 521 LostMuts: 0
Node: 1 Cells: 771 Muts: 681 LostMuts: 0
Total Cells: 3463 Total Muts: 1202
adding tree to candidate list:
Clonal Tree 0 
[(0, 1)] 
Loss Nodes:0
Node: 0 Cells: 2692 Muts: 521 LostMuts: 0
Node: 1 Cells: 771 Muts: 681 LostMuts: 0
Total Cells: 3463 Total Muts: 1202
Normalized Likelihood: -0.6376447975216385
Jump Percentage: 0.9999999999999853 First Eig Val: -1.0310049072144973e-15 First Gap: 1.1784093170688665e-15 Largest Gap: 0.6703931885310471 Number of Clusters:2
start:0 iteration:0
CellsA: 2261 CellsB: 431
MutsA: 525 MutsB: 677
Jump Percentage: 0.9999999999999564 First Eig Val: -9.187895470921864e-17 First Gap: 7.476071883451661e-16 Largest Gap: 0.6538892822981174 Number of Clusters:2
adding tree to internal list:
Clonal Tree 0 
[(0, 1)] 
Loss Nodes:0
Node: 0 Cells: 2261 Muts: 525 LostMuts: 0
Node: 1 Cells: 1202 Muts: 677 LostMuts: 0
Total Cells: 3463 Total Muts: 1202
Jump Percentage: 0.9999999999999822 First Eig Val: -1.5751550979380235e-16 First Gap: 1.4020787804530604e-16 Largest Gap: 0.6728834308663365 Number of Clusters:2
start:1 iteration:0
CellsA: 2261 CellsB: 431
MutsA: 525 MutsB: 677
Jump Percentage: 0.9999999999999564 First Eig Val: -9.187895470921864e-17 First Gap: 7.476071883451661e-16 Largest Gap: 0.6538892822981174 Number of Clusters:2
adding tree to internal list:
Clonal Tree 0 
[(0, 1)] 
Loss Nodes:0
Node: 0 Cells: 2261 Muts: 525 LostMuts: 0
Node: 1 Cells: 1202 Muts: 677 LostMuts: 0
Total Cells: 3463 Total Muts: 1202
Jump Percentage: 0.9999999999999885 First Eig Val: 8.873189642051477e-17 First Gap: 1.9399477242603616e-16 Largest Gap: 0.6792181168871714 Number of Clusters:2
start:2 iteration:0
CellsA: 2261 CellsB: 431
MutsA: 525 MutsB: 677
Jump Percentage: 0.9999999999999564 First Eig Val: -9.187895470921864e-17 First Gap: 7.476071883451661e-16 Largest Gap: 0.6538892822981174 Number of Clusters:2
adding tree to internal list:
Clonal Tree 0 
[(0, 1)] 
Loss Nodes:0
Node: 0 Cells: 2261 Muts: 525 LostMuts: 0
Node: 1 Cells: 1202 Muts: 677 LostMuts: 0
Total Cells: 3463 Total Muts: 1202
adding tree to candidate list:
Clonal Tree 0 
[(0, 1)] 
Loss Nodes:0
Node: 0 Cells: 2261 Muts: 525 LostMuts: 0
Node: 1 Cells: 1202 Muts: 677 LostMuts: 0
Total Cells: 3463 Total Muts: 1202
Normalized Likelihood: -0.5636712816952782
Using SNV kernel only
Jump Percentage: 0.40392447268891335 First Eig Val: 4.2401097694847123e-16 First Gap: 0.9117056834120811 Largest Gap: 0.9117056834120811 Number of Clusters:1
start:0 iteration:0
CellsA: 2165 CellsB: 96
MutsA: 504 MutsB: 698
Using SNV kernel only
Jump Percentage: 0.21718455546906804 First Eig Val: 4.31779511929651e-15 First Gap: 0.7741455708137827 Largest Gap: 0.7741455708137827 Number of Clusters:1
start:0 iteration:1
CellsA: 1944 CellsB: 317
MutsA: 433 MutsB: 769
Using SNV kernel only
Jump Percentage: 0.08466399418970279 First Eig Val: -2.335823264126485e-15 First Gap: 0.7404344879997248 Largest Gap: 0.7404344879997248 Number of Clusters:1
start:0 iteration:2
CellsA: 2065 CellsB: 196
MutsA: 428 MutsB: 774
Using SNV kernel only
Jump Percentage: 0.08572763354181386 First Eig Val: 4.3767219221013663e-16 First Gap: 0.7380822964960296 Largest Gap: 0.7380822964960296 Number of Clusters:1
start:0 iteration:3
CellsA: 2062 CellsB: 199
MutsA: 423 MutsB: 779
Using SNV kernel only
Jump Percentage: 0.0931848107048632 First Eig Val: 4.239811660139704e-15 First Gap: 0.7340061238678994 Largest Gap: 0.7340061238678994 Number of Clusters:1
start:0 iteration:4
CellsA: 2060 CellsB: 201
MutsA: 423 MutsB: 779
Using SNV kernel only
Jump Percentage: 0.0931848107048632 First Eig Val: 4.239811660139704e-15 First Gap: 0.7340061238678994 Largest Gap: 0.7340061238678994 Number of Clusters:1
adding tree to internal list:
Clonal Tree 0 
[(0, 1)] 
Loss Nodes:0
Node: 0 Cells: 2060 Muts: 423 LostMuts: 0
Node: 1 Cells: 1403 Muts: 779 LostMuts: 0
Total Cells: 3463 Total Muts: 1202
Using SNV kernel only
Jump Percentage: 0.46312116396068836 First Eig Val: -5.966301784164103e-15 First Gap: 0.8286179236602075 Largest Gap: 0.8286179236602075 Number of Clusters:1
start:1 iteration:0
CellsA: 2189 CellsB: 72
MutsA: 502 MutsB: 700
Using SNV kernel only
Jump Percentage: 0.1461620006204264 First Eig Val: 2.212113533291993e-15 First Gap: 0.7625811251292275 Largest Gap: 0.7625811251292275 Number of Clusters:1
start:1 iteration:1
CellsA: 1924 CellsB: 337
MutsA: 429 MutsB: 773
Using SNV kernel only
Jump Percentage: 0.07153051823003283 First Eig Val: -1.444896143865516e-15 First Gap: 0.7376969456602083 Largest Gap: 0.7376969456602083 Number of Clusters:1
start:1 iteration:2
CellsA: 1781 CellsB: 480
MutsA: 377 MutsB: 825
Using SNV kernel only
Jump Percentage: 0.0616652789426315 First Eig Val: -1.9725605386483943e-16 First Gap: 0.6861653589421186 Largest Gap: 0.6861653589421186 Number of Clusters:1
start:1 iteration:3
CellsA: 1690 CellsB: 571
MutsA: 349 MutsB: 853
Using SNV kernel only
Jump Percentage: 0.062214807145304855 First Eig Val: 1.3977737771833543e-15 First Gap: 0.6601987406567937 Largest Gap: 0.6601987406567937 Number of Clusters:1
start:1 iteration:4
CellsA: 1966 CellsB: 295
MutsA: 364 MutsB: 838
Using SNV kernel only
Jump Percentage: 0.09220797194727992 First Eig Val: -1.840242420716219e-15 First Gap: 0.7746344554451672 Largest Gap: 0.7746344554451672 Number of Clusters:1
start:1 iteration:5
CellsA: 1984 CellsB: 277
MutsA: 365 MutsB: 837
Using SNV kernel only
Jump Percentage: 0.09162348534153178 First Eig Val: 4.214635890581065e-15 First Gap: 0.7750718365872116 Largest Gap: 0.7750718365872116 Number of Clusters:1
adding tree to internal list:
Clonal Tree 0 
[(0, 1)] 
Loss Nodes:0
Node: 0 Cells: 1984 Muts: 365 LostMuts: 0
Node: 1 Cells: 1479 Muts: 837 LostMuts: 0
Total Cells: 3463 Total Muts: 1202
Using SNV kernel only
Jump Percentage: 0.6046411430649907 First Eig Val: 1.6397665609543794e-15 First Gap: 0.9638907771182109 Largest Gap: 0.9638907771182109 Number of Clusters:1
start:2 iteration:0
CellsA: 2169 CellsB: 92
MutsA: 499 MutsB: 703
Using SNV kernel only
Jump Percentage: 0.1598310080421507 First Eig Val: -2.7834201509967827e-15 First Gap: 0.8812722705554047 Largest Gap: 0.8812722705554047 Number of Clusters:1
start:2 iteration:1
CellsA: 1936 CellsB: 325
MutsA: 434 MutsB: 768
Using SNV kernel only
Jump Percentage: 0.1358977224461167 First Eig Val: -2.6964017581423894e-15 First Gap: 0.8267278138355679 Largest Gap: 0.8267278138355679 Number of Clusters:1
start:2 iteration:2
CellsA: 1804 CellsB: 457
MutsA: 375 MutsB: 827
Using SNV kernel only
Jump Percentage: 0.1143888689355955 First Eig Val: -1.2820973563153232e-15 First Gap: 0.7849661822692291 Largest Gap: 0.7849661822692291 Number of Clusters:1
start:2 iteration:3
CellsA: 1690 CellsB: 571
MutsA: 346 MutsB: 856
Using SNV kernel only
Jump Percentage: 0.1137130266060526 First Eig Val: 6.91011059487962e-18 First Gap: 0.7609388569701223 Largest Gap: 0.7609388569701223 Number of Clusters:1
start:2 iteration:4
CellsA: 1955 CellsB: 306
MutsA: 359 MutsB: 843
Using SNV kernel only
Jump Percentage: 0.11034849516748965 First Eig Val: -1.690892281847051e-15 First Gap: 0.7672742354226549 Largest Gap: 0.7672742354226549 Number of Clusters:1
start:2 iteration:5
CellsA: 1658 CellsB: 603
MutsA: 331 MutsB: 871
Using SNV kernel only
Jump Percentage: 0.10626309929699909 First Eig Val: 2.260464461408303e-17 First Gap: 0.7516693769331273 Largest Gap: 0.7516693769331273 Number of Clusters:1
start:2 iteration:6
CellsA: 1612 CellsB: 649
MutsA: 315 MutsB: 887
Using SNV kernel only
Jump Percentage: 0.10734919343993118 First Eig Val: -4.605693697408147e-16 First Gap: 0.7414909023752276 Largest Gap: 0.7414909023752276 Number of Clusters:1
start:2 iteration:7
CellsA: 1590 CellsB: 671
MutsA: 307 MutsB: 895
Using SNV kernel only
Jump Percentage: 0.10723172913800574 First Eig Val: 4.663170598222352e-15 First Gap: 0.7371774858084635 Largest Gap: 0.7371774858084635 Number of Clusters:1
start:2 iteration:8
CellsA: 1905 CellsB: 356
MutsA: 331 MutsB: 871
Using SNV kernel only
Jump Percentage: 0.1086150050724325 First Eig Val: -1.7995635583332696e-15 First Gap: 0.7491261942991222 Largest Gap: 0.7491261942991222 Number of Clusters:1
start:2 iteration:9
CellsA: 1864 CellsB: 397
MutsA: 330 MutsB: 872
adding tree to internal list:
Clonal Tree 0 
[(0, 1)] 
Loss Nodes:0
Node: 0 Cells: 1864 Muts: 330 LostMuts: 0
Node: 1 Cells: 1599 Muts: 872 LostMuts: 0
Total Cells: 3463 Total Muts: 1202
adding tree to candidate list:
Clonal Tree 2 
[(0, 1)] 
Loss Nodes:0
Node: 0 Cells: 1864 Muts: 330 LostMuts: 0
Node: 1 Cells: 1599 Muts: 872 LostMuts: 0
Total Cells: 3463 Total Muts: 1202
Normalized Likelihood: -0.4344181313307768
Using SNV kernel only
Jump Percentage: 0.17036852975151984 First Eig Val: -1.4868451010467419e-15 First Gap: 0.6658668623302245 Largest Gap: 0.6658668623302245 Number of Clusters:1
start:0 iteration:0
CellsA: 1116 CellsB: 748
MutsA: 111 MutsB: 1091
Using SNV kernel only
Jump Percentage: 0.10709717781979199 First Eig Val: 2.2566434303627657e-15 First Gap: 0.5515650600292522 Largest Gap: 0.5515650600292522 Number of Clusters:1
start:0 iteration:1
CellsA: 1487 CellsB: 377
MutsA: 192 MutsB: 1010
Using SNV kernel only
Jump Percentage: 0.11616381566131977 First Eig Val: -3.0172752872202566e-15 First Gap: 0.6787833547564469 Largest Gap: 0.6787833547564469 Number of Clusters:1
start:0 iteration:2
CellsA: 1290 CellsB: 574
MutsA: 173 MutsB: 1029
Using SNV kernel only
Jump Percentage: 0.11506017554171305 First Eig Val: 1.1197815356296397e-15 First Gap: 0.6605643316035454 Largest Gap: 0.6605643316035454 Number of Clusters:1
start:0 iteration:3
CellsA: 1267 CellsB: 597
MutsA: 170 MutsB: 1032
Using SNV kernel only
Jump Percentage: 0.11530629138644541 First Eig Val: 2.4865777693208182e-15 First Gap: 0.6562469576306409 Largest Gap: 0.6562469576306409 Number of Clusters:1
start:0 iteration:4
CellsA: 1262 CellsB: 602
MutsA: 168 MutsB: 1034
Using SNV kernel only
Jump Percentage: 0.11485045758332331 First Eig Val: 3.3885189922073838e-15 First Gap: 0.653310987094705 Largest Gap: 0.653310987094705 Number of Clusters:1
start:0 iteration:5
CellsA: 1534 CellsB: 330
MutsA: 187 MutsB: 1015
Using SNV kernel only
Jump Percentage: 0.1050540874956991 First Eig Val: -1.9130074522573116e-15 First Gap: 0.6271077480324264 Largest Gap: 0.6271077480324264 Number of Clusters:1
start:0 iteration:6
CellsA: 1617 CellsB: 247
MutsA: 213 MutsB: 989
Using SNV kernel only
Jump Percentage: 0.10472705633765152 First Eig Val: 1.228857747429818e-15 First Gap: 0.6631429909943504 Largest Gap: 0.6631429909943504 Number of Clusters:1
start:0 iteration:7
CellsA: 1657 CellsB: 207
MutsA: 223 MutsB: 979
Using SNV kernel only
Jump Percentage: 0.10414973942526366 First Eig Val: 3.108616828724549e-15 First Gap: 0.6789429289368482 Largest Gap: 0.6789429289368482 Number of Clusters:1
start:0 iteration:8
CellsA: 1381 CellsB: 483
MutsA: 214 MutsB: 988
Using SNV kernel only
Jump Percentage: 0.1070653227606815 First Eig Val: -2.2823222250088254e-15 First Gap: 0.66944479886626 Largest Gap: 0.66944479886626 Number of Clusters:1
start:0 iteration:9
CellsA: 1370 CellsB: 494
MutsA: 214 MutsB: 988
Using SNV kernel only
Jump Percentage: 0.11694335539965735 First Eig Val: -4.578312926541537e-15 First Gap: 0.6561602171674225 Largest Gap: 0.6561602171674225 Number of Clusters:1
start:1 iteration:0
CellsA: 1523 CellsB: 341
MutsA: 231 MutsB: 971
Using SNV kernel only
Jump Percentage: 0.1609665304744833 First Eig Val: 3.813217740163398e-15 First Gap: 0.7387812267869043 Largest Gap: 0.7387812267869043 Number of Clusters:1
start:1 iteration:1
CellsA: 1354 CellsB: 510
MutsA: 193 MutsB: 1009
Using SNV kernel only
Jump Percentage: 0.13577080973301478 First Eig Val: -3.2154240334471137e-15 First Gap: 0.6990776522512144 Largest Gap: 0.6990776522512144 Number of Clusters:1
start:1 iteration:2
CellsA: 1533 CellsB: 331
MutsA: 202 MutsB: 1000
Using SNV kernel only
Jump Percentage: 0.13114168119535957 First Eig Val: 3.9955682822467475e-15 First Gap: 0.7102177610111087 Largest Gap: 0.7102177610111087 Number of Clusters:1
start:1 iteration:3
CellsA: 1346 CellsB: 518
MutsA: 194 MutsB: 1008
Using SNV kernel only
Jump Percentage: 0.13019069828683172 First Eig Val: 4.800822382635525e-15 First Gap: 0.6996760979124829 Largest Gap: 0.6996760979124829 Number of Clusters:1
start:1 iteration:4
CellsA: 1330 CellsB: 534
MutsA: 192 MutsB: 1010
Using SNV kernel only
Jump Percentage: 0.12798248477247956 First Eig Val: 2.724762427568543e-15 First Gap: 0.6974855076478473 Largest Gap: 0.6974855076478473 Number of Clusters:1
start:1 iteration:5
CellsA: 1325 CellsB: 539
MutsA: 191 MutsB: 1011
Using SNV kernel only
Jump Percentage: 0.1281306540836747 First Eig Val: -1.983661007126299e-15 First Gap: 0.6967559206549403 Largest Gap: 0.6967559206549403 Number of Clusters:1
start:1 iteration:6
CellsA: 1323 CellsB: 541
MutsA: 191 MutsB: 1011
Using SNV kernel only
Jump Percentage: 0.1281306540836747 First Eig Val: -1.983661007126299e-15 First Gap: 0.6967559206549403 Largest Gap: 0.6967559206549403 Number of Clusters:1
Using SNV kernel only
Jump Percentage: 0.14079649067994357 First Eig Val: 1.9298280199466505e-15 First Gap: 0.6740989354771786 Largest Gap: 0.6740989354771786 Number of Clusters:1
start:2 iteration:0
CellsA: 1141 CellsB: 723
MutsA: 110 MutsB: 1092
Using SNV kernel only
Jump Percentage: 0.13126495111581765 First Eig Val: -1.007834699138304e-16 First Gap: 0.6486440941021592 Largest Gap: 0.6486440941021592 Number of Clusters:1
start:2 iteration:1
CellsA: 1429 CellsB: 435
MutsA: 168 MutsB: 1034
Using SNV kernel only
Jump Percentage: 0.1586315611493687 First Eig Val: 3.854660455155421e-15 First Gap: 0.788436097017102 Largest Gap: 0.788436097017102 Number of Clusters:1
start:2 iteration:2
CellsA: 1235 CellsB: 629
MutsA: 151 MutsB: 1051
Using SNV kernel only
Jump Percentage: 0.1578346187102003 First Eig Val: 3.106633591416208e-15 First Gap: 0.7792829369276242 Largest Gap: 0.7792829369276242 Number of Clusters:1
start:2 iteration:3
CellsA: 1216 CellsB: 648
MutsA: 149 MutsB: 1053
Using SNV kernel only
Jump Percentage: 0.1563691336086278 First Eig Val: -2.431181759336148e-15 First Gap: 0.7775035579980263 Largest Gap: 0.7775035579980263 Number of Clusters:1
start:2 iteration:4
CellsA: 1213 CellsB: 651
MutsA: 149 MutsB: 1053
Using SNV kernel only
Jump Percentage: 0.1563691336086278 First Eig Val: -2.431181759336148e-15 First Gap: 0.7775035579980263 Largest Gap: 0.7775035579980263 Number of Clusters:1
Clonal Tree 0 
[(0, 1)] 
Loss Nodes:0
Node: 0 Cells: 2692 Muts: 521 LostMuts: 0
Node: 1 Cells: 771 Muts: 681 LostMuts: 0
Total Cells: 3463 Total Muts: 1202
Normalized Likelihood: -0.6376447975216385
Clonal Tree 1 
[(0, 1)] 
Loss Nodes:0
Node: 0 Cells: 2261 Muts: 525 LostMuts: 0
Node: 1 Cells: 1202 Muts: 677 LostMuts: 0
Total Cells: 3463 Total Muts: 1202
Normalized Likelihood: -0.5636712816952782
Clonal Tree 2 
[(0, 1)] 
Loss Nodes:0
Node: 0 Cells: 1864 Muts: 330 LostMuts: 0
Node: 1 Cells: 1599 Muts: 872 LostMuts: 0
Total Cells: 3463 Total Muts: 1202
Normalized Likelihood: -0.4344181313307768
linear split norm likelihood best tree
Clonal Tree 2 
[(0, 1)] 
Loss Nodes:0
Node: 0 Cells: 1864 Muts: 330 LostMuts: 0
Node: 1 Cells: 1599 Muts: 872 LostMuts: 0
Total Cells: 3463 Total Muts: 1202
Sprouted tree:
Clonal Tree 2 
[(0, 1)] 
Loss Nodes:0
Node: 0 Cells: 1864 Muts: 330 LostMuts: 0
Node: 1 Cells: 1599 Muts: 872 LostMuts: 0
Total Cells: 3463 Total Muts: 1202
Cells: 1599 Muts: 872 Ancestral Muts: 1376 
Number of subproblems remaining: 7
Starting k-clonal tree inference for seed:
Cells: 1599 Muts: 872 Ancestral Muts: 1376 
Sprouting seed:
Cells: 1599 Muts: 872 Ancestral Muts: 1376 
Sprouting a branching tree from seed ...
(Generator(PCG64) at 0x7FD86156B3C0,)
Jump Percentage: 0.9999999999999611 First Eig Val: -3.36869442042492e-16 First Gap: 6.697065560061872e-16 Largest Gap: 0.4390066037550654 Number of Clusters:3
CellsA: 828 CellsB: 771
MutsA: 479 mutsB: 352
Jump Percentage: 0.999999999999993 First Eig Val: -7.873847164088788e-16 First Gap: 6.486467892034419e-16 Largest Gap: 0.3656061659559818 Number of Clusters:3
Clonal Tree 0 
[(0, 1), (0, 2)] 
Loss Nodes:0
Node: 0 Cells: 0 Muts: 41 LostMuts: 0
Node: 1 Cells: 828 Muts: 479 LostMuts: 0
Node: 2 Cells: 771 Muts: 352 LostMuts: 0
Total Cells: 1599 Total Muts: 872
Jump Percentage: 0.9999999999999775 First Eig Val: -1.1494551863154945e-16 First Gap: 3.61199189784142e-16 Largest Gap: 0.4217962107812744 Number of Clusters:3
CellsA: 828 CellsB: 771
MutsA: 479 mutsB: 352
Jump Percentage: 0.999999999999993 First Eig Val: -7.873847164088788e-16 First Gap: 6.486467892034419e-16 Largest Gap: 0.3656061659559818 Number of Clusters:3
Clonal Tree 0 
[(0, 1), (0, 2)] 
Loss Nodes:0
Node: 0 Cells: 0 Muts: 41 LostMuts: 0
Node: 1 Cells: 828 Muts: 479 LostMuts: 0
Node: 2 Cells: 771 Muts: 352 LostMuts: 0
Total Cells: 1599 Total Muts: 872
Jump Percentage: 0.9999999999999882 First Eig Val: -1.7230378892532275e-16 First Gap: 1.662416289399849e-16 Largest Gap: 0.42574397537277364 Number of Clusters:3
CellsA: 771 CellsB: 828
MutsA: 352 mutsB: 479
Jump Percentage: 0.999999999999993 First Eig Val: -7.873847164088788e-16 First Gap: 6.486467892034419e-16 Largest Gap: 0.3656061659559818 Number of Clusters:3
Clonal Tree 0 
[(0, 1), (0, 2)] 
Loss Nodes:0
Node: 0 Cells: 0 Muts: 41 LostMuts: 0
Node: 1 Cells: 771 Muts: 352 LostMuts: 0
Node: 2 Cells: 828 Muts: 479 LostMuts: 0
Total Cells: 1599 Total Muts: 872
Finding the maximum likelihood tree out of 3 trees....
Clonal Tree 0 
[(0, 1), (0, 2)] 
Loss Nodes:0
Node: 0 Cells: 0 Muts: 41 LostMuts: 0
Node: 1 Cells: 828 Muts: 479 LostMuts: 0
Node: 2 Cells: 771 Muts: 352 LostMuts: 0
Total Cells: 1599 Total Muts: 872

Tree: 0 LogLikelihood: 1389967.1349675208
Variant LogLikelihood: -55248.520854823626 
RDR LogLikelihood: 1445215.6558223446

Clonal Tree 1 
[(0, 1), (0, 2)] 
Loss Nodes:0
Node: 0 Cells: 0 Muts: 41 LostMuts: 0
Node: 1 Cells: 828 Muts: 479 LostMuts: 0
Node: 2 Cells: 771 Muts: 352 LostMuts: 0
Total Cells: 1599 Total Muts: 872

Tree: 1 LogLikelihood: 1389967.1349675208
Variant LogLikelihood: -55248.520854823626 
RDR LogLikelihood: 1445215.6558223446

Clonal Tree 2 
[(0, 1), (0, 2)] 
Loss Nodes:0
Node: 0 Cells: 0 Muts: 41 LostMuts: 0
Node: 1 Cells: 771 Muts: 352 LostMuts: 0
Node: 2 Cells: 828 Muts: 479 LostMuts: 0
Total Cells: 1599 Total Muts: 872

Tree: 2 LogLikelihood: 1389967.1349675208
Variant LogLikelihood: -55248.520854823626 
RDR LogLikelihood: 1445215.6558223446

Sprouted tree:
Clonal Tree 0 
[(0, 1), (0, 2)] 
Loss Nodes:0
Node: 0 Cells: 0 Muts: 41 LostMuts: 0
Node: 1 Cells: 828 Muts: 479 LostMuts: 0
Node: 2 Cells: 771 Muts: 352 LostMuts: 0
Total Cells: 1599 Total Muts: 872
Cells: 828 Muts: 479 Ancestral Muts: 1417 
Cells: 771 Muts: 352 Ancestral Muts: 1417 
Sprouting seed:
Cells: 1599 Muts: 872 Ancestral Muts: 1376 
Sprouting a linear tree from seed ...
Jump Percentage: 0.9999999999999796 First Eig Val: -4.961404391275419e-16 First Gap: 5.238881794697439e-16 Largest Gap: 0.3736568363660919 Number of Clusters:3
start:0 iteration:0
CellsA: 771 CellsB: 828
MutsA: 391 MutsB: 481
Jump Percentage: 0.9999999999999665 First Eig Val: -4.420577996361845e-16 First Gap: 1.0704123392109593e-16 Largest Gap: 0.39753740132229365 Number of Clusters:3
adding tree to internal list:
Clonal Tree 0 
[(0, 1)] 
Loss Nodes:0
Node: 0 Cells: 771 Muts: 391 LostMuts: 0
Node: 1 Cells: 828 Muts: 481 LostMuts: 0
Total Cells: 1599 Total Muts: 872
Jump Percentage: 0.9999999999999838 First Eig Val: -1.290874984526274e-16 First Gap: 1.8094055916893127e-17 Largest Gap: 0.38295643775888766 Number of Clusters:3
start:1 iteration:0
CellsA: 771 CellsB: 828
MutsA: 391 MutsB: 481
Jump Percentage: 0.9999999999999665 First Eig Val: -4.420577996361845e-16 First Gap: 1.0704123392109593e-16 Largest Gap: 0.39753740132229365 Number of Clusters:3
adding tree to internal list:
Clonal Tree 0 
[(0, 1)] 
Loss Nodes:0
Node: 0 Cells: 771 Muts: 391 LostMuts: 0
Node: 1 Cells: 828 Muts: 481 LostMuts: 0
Total Cells: 1599 Total Muts: 872
Jump Percentage: 0.9999999999999888 First Eig Val: -8.006092237143676e-16 First Gap: 6.341207692159771e-16 Largest Gap: 0.3773914002015275 Number of Clusters:3
start:2 iteration:0
CellsA: 771 CellsB: 828
MutsA: 391 MutsB: 481
Jump Percentage: 0.9999999999999665 First Eig Val: -4.420577996361845e-16 First Gap: 1.0704123392109593e-16 Largest Gap: 0.39753740132229365 Number of Clusters:3
adding tree to internal list:
Clonal Tree 0 
[(0, 1)] 
Loss Nodes:0
Node: 0 Cells: 771 Muts: 391 LostMuts: 0
Node: 1 Cells: 828 Muts: 481 LostMuts: 0
Total Cells: 1599 Total Muts: 872
adding tree to candidate list:
Clonal Tree 0 
[(0, 1)] 
Loss Nodes:0
Node: 0 Cells: 771 Muts: 391 LostMuts: 0
Node: 1 Cells: 828 Muts: 481 LostMuts: 0
Total Cells: 1599 Total Muts: 872
Normalized Likelihood: -0.573702308549225
Clonal Tree 0 
[(0, 1)] 
Loss Nodes:0
Node: 0 Cells: 771 Muts: 391 LostMuts: 0
Node: 1 Cells: 828 Muts: 481 LostMuts: 0
Total Cells: 1599 Total Muts: 872
Normalized Likelihood: -0.573702308549225
linear split norm likelihood best tree
Clonal Tree 0 
[(0, 1)] 
Loss Nodes:0
Node: 0 Cells: 771 Muts: 391 LostMuts: 0
Node: 1 Cells: 828 Muts: 481 LostMuts: 0
Total Cells: 1599 Total Muts: 872
Sprouted tree:
Clonal Tree 0 
[(0, 1)] 
Loss Nodes:0
Node: 0 Cells: 771 Muts: 391 LostMuts: 0
Node: 1 Cells: 828 Muts: 481 LostMuts: 0
Total Cells: 1599 Total Muts: 872
Cells: 828 Muts: 481 Ancestral Muts: 1767 
Number of subproblems remaining: 9
Starting k-clonal tree inference for seed:
Cells: 3463 Muts: 710 Ancestral Muts: 793 
Sprouting seed:
Cells: 3463 Muts: 710 Ancestral Muts: 793 
Sprouting a branching tree from seed ...
(Generator(PCG64) at 0x7FD86156B3C0,)
Jump Percentage: 0.9999999999999909 First Eig Val: -4.929461893687309e-16 First Gap: 4.624942270454504e-16 Largest Gap: 0.45494030646326017 Number of Clusters:3
CellsA: 2692 CellsB: 771
MutsA: 231 mutsB: 196
Jump Percentage: 0.9999999999999512 First Eig Val: -5.066390461361081e-17 First Gap: 2.3414062346122404e-16 Largest Gap: 0.34881971752392993 Number of Clusters:3
Clonal Tree 0 
[(0, 1), (0, 2)] 
Loss Nodes:0
Node: 0 Cells: 0 Muts: 283 LostMuts: 0
Node: 1 Cells: 2692 Muts: 231 LostMuts: 0
Node: 2 Cells: 771 Muts: 196 LostMuts: 0
Total Cells: 3463 Total Muts: 710
Jump Percentage: 0.9999999999999665 First Eig Val: -9.62464767639673e-16 First Gap: 7.402099838669909e-16 Largest Gap: 0.4738303123449468 Number of Clusters:3
CellsA: 771 CellsB: 2692
MutsA: 196 mutsB: 231
Jump Percentage: 0.9999999999999512 First Eig Val: -5.066390461361081e-17 First Gap: 2.3414062346122404e-16 Largest Gap: 0.34881971752392993 Number of Clusters:3
Clonal Tree 0 
[(0, 1), (0, 2)] 
Loss Nodes:0
Node: 0 Cells: 0 Muts: 283 LostMuts: 0
Node: 1 Cells: 771 Muts: 196 LostMuts: 0
Node: 2 Cells: 2692 Muts: 231 LostMuts: 0
Total Cells: 3463 Total Muts: 710
Jump Percentage: 0.99999999999999 First Eig Val: -3.785655875050317e-17 First Gap: 2.7167130111074327e-16 Largest Gap: 0.4979534945323586 Number of Clusters:3
CellsA: 2692 CellsB: 771
MutsA: 231 mutsB: 196
Jump Percentage: 0.9999999999999512 First Eig Val: -5.066390461361081e-17 First Gap: 2.3414062346122404e-16 Largest Gap: 0.34881971752392993 Number of Clusters:3
Clonal Tree 0 
[(0, 1), (0, 2)] 
Loss Nodes:0
Node: 0 Cells: 0 Muts: 283 LostMuts: 0
Node: 1 Cells: 2692 Muts: 231 LostMuts: 0
Node: 2 Cells: 771 Muts: 196 LostMuts: 0
Total Cells: 3463 Total Muts: 710
Finding the maximum likelihood tree out of 3 trees....
Clonal Tree 0 
[(0, 1), (0, 2)] 
Loss Nodes:0
Node: 0 Cells: 0 Muts: 283 LostMuts: 0
Node: 1 Cells: 2692 Muts: 231 LostMuts: 0
Node: 2 Cells: 771 Muts: 196 LostMuts: 0
Total Cells: 3463 Total Muts: 710

Tree: 0 LogLikelihood: 3097081.3042863994
Variant LogLikelihood: -109928.43886671588 
RDR LogLikelihood: 3207009.7431531153

Clonal Tree 1 
[(0, 1), (0, 2)] 
Loss Nodes:0
Node: 0 Cells: 0 Muts: 283 LostMuts: 0
Node: 1 Cells: 771 Muts: 196 LostMuts: 0
Node: 2 Cells: 2692 Muts: 231 LostMuts: 0
Total Cells: 3463 Total Muts: 710

Tree: 1 LogLikelihood: 3097081.3042863994
Variant LogLikelihood: -109928.43886671588 
RDR LogLikelihood: 3207009.7431531153

Clonal Tree 2 
[(0, 1), (0, 2)] 
Loss Nodes:0
Node: 0 Cells: 0 Muts: 283 LostMuts: 0
Node: 1 Cells: 2692 Muts: 231 LostMuts: 0
Node: 2 Cells: 771 Muts: 196 LostMuts: 0
Total Cells: 3463 Total Muts: 710

Tree: 2 LogLikelihood: 3097081.3042863994
Variant LogLikelihood: -109928.43886671588 
RDR LogLikelihood: 3207009.7431531153

Sprouted tree:
Clonal Tree 0 
[(0, 1), (0, 2)] 
Loss Nodes:0
Node: 0 Cells: 0 Muts: 283 LostMuts: 0
Node: 1 Cells: 2692 Muts: 231 LostMuts: 0
Node: 2 Cells: 771 Muts: 196 LostMuts: 0
Total Cells: 3463 Total Muts: 710
Cells: 2692 Muts: 231 Ancestral Muts: 1076 
Sprouting seed:
Cells: 3463 Muts: 710 Ancestral Muts: 793 
Sprouting a linear tree from seed ...
Jump Percentage: 0.9999999999999828 First Eig Val: 2.89480565385506e-16 First Gap: 2.056342413267244e-17 Largest Gap: 0.4019689587634469 Number of Clusters:3
start:0 iteration:0
CellsA: 2692 CellsB: 771
MutsA: 491 MutsB: 219
Jump Percentage: 0.9999999999999827 First Eig Val: -1.0046834474539958e-15 First Gap: 1.345926841140064e-15 Largest Gap: 0.2329581716805461 Number of Clusters:3
adding tree to internal list:
Clonal Tree 0 
[(0, 1)] 
Loss Nodes:0
Node: 0 Cells: 2692 Muts: 491 LostMuts: 0
Node: 1 Cells: 771 Muts: 219 LostMuts: 0
Total Cells: 3463 Total Muts: 710
Jump Percentage: 0.9999999999999797 First Eig Val: -1.9111115778376781e-16 First Gap: 1.272616101433874e-16 Largest Gap: 0.42159272520578084 Number of Clusters:3
start:1 iteration:0
CellsA: 2692 CellsB: 771
MutsA: 491 MutsB: 219
Jump Percentage: 0.9999999999999827 First Eig Val: -1.0046834474539958e-15 First Gap: 1.345926841140064e-15 Largest Gap: 0.2329581716805461 Number of Clusters:3
adding tree to internal list:
Clonal Tree 0 
[(0, 1)] 
Loss Nodes:0
Node: 0 Cells: 2692 Muts: 491 LostMuts: 0
Node: 1 Cells: 771 Muts: 219 LostMuts: 0
Total Cells: 3463 Total Muts: 710
Jump Percentage: 0.9999999999999836 First Eig Val: -9.489535397099467e-17 First Gap: 4.938275866288335e-16 Largest Gap: 0.4186793879592333 Number of Clusters:3
start:2 iteration:0
CellsA: 2692 CellsB: 771
MutsA: 491 MutsB: 219
Jump Percentage: 0.9999999999999827 First Eig Val: -1.0046834474539958e-15 First Gap: 1.345926841140064e-15 Largest Gap: 0.2329581716805461 Number of Clusters:3
adding tree to internal list:
Clonal Tree 0 
[(0, 1)] 
Loss Nodes:0
Node: 0 Cells: 2692 Muts: 491 LostMuts: 0
Node: 1 Cells: 771 Muts: 219 LostMuts: 0
Total Cells: 3463 Total Muts: 710
adding tree to candidate list:
Clonal Tree 0 
[(0, 1)] 
Loss Nodes:0
Node: 0 Cells: 2692 Muts: 491 LostMuts: 0
Node: 1 Cells: 771 Muts: 219 LostMuts: 0
Total Cells: 3463 Total Muts: 710
Normalized Likelihood: -0.74335344424539
Jump Percentage: 0.9999999999999746 First Eig Val: -4.1456507452467536e-16 First Gap: 1.2679130973695717e-15 Largest Gap: 0.5603149054515739 Number of Clusters:2
start:0 iteration:0
CellsA: 431 CellsB: 2261
MutsA: 75 MutsB: 635
Jump Percentage: 0.9999999999999905 First Eig Val: -2.1641997868930968e-16 First Gap: 7.03311383919847e-16 Largest Gap: 0.4764544635323943 Number of Clusters:2
Jump Percentage: 0.9999999999999852 First Eig Val: 1.5359775246493529e-16 First Gap: 6.196786005044866e-17 Largest Gap: 0.5473896062304798 Number of Clusters:2
start:1 iteration:0
CellsA: 431 CellsB: 2261
MutsA: 75 MutsB: 635
Jump Percentage: 0.9999999999999905 First Eig Val: -2.1641997868930968e-16 First Gap: 7.03311383919847e-16 Largest Gap: 0.4764544635323943 Number of Clusters:2
Jump Percentage: 0.9999999999999698 First Eig Val: -6.123339851714407e-16 First Gap: 1.8724927057962745e-16 Largest Gap: 0.562597734367418 Number of Clusters:2
start:2 iteration:0
CellsA: 431 CellsB: 2261
MutsA: 75 MutsB: 635
Jump Percentage: 0.9999999999999905 First Eig Val: -2.1641997868930968e-16 First Gap: 7.03311383919847e-16 Largest Gap: 0.4764544635323943 Number of Clusters:2
Clonal Tree 0 
[(0, 1)] 
Loss Nodes:0
Node: 0 Cells: 2692 Muts: 491 LostMuts: 0
Node: 1 Cells: 771 Muts: 219 LostMuts: 0
Total Cells: 3463 Total Muts: 710
Normalized Likelihood: -0.74335344424539
linear split norm likelihood best tree
Clonal Tree 0 
[(0, 1)] 
Loss Nodes:0
Node: 0 Cells: 2692 Muts: 491 LostMuts: 0
Node: 1 Cells: 771 Muts: 219 LostMuts: 0
Total Cells: 3463 Total Muts: 710
Sprouted tree:
Clonal Tree 0 
[(0, 1)] 
Loss Nodes:0
Node: 0 Cells: 2692 Muts: 491 LostMuts: 0
Node: 1 Cells: 771 Muts: 219 LostMuts: 0
Total Cells: 3463 Total Muts: 710
<bound method Phertilizer.sprout_linear of <phertilizer.Phertilizer object at 0x7fd8739332e0>> Not Valid!
Number of subproblems remaining: 4
Starting k-clonal tree inference for seed:
Cells: 4093 Muts: 612 Ancestral Muts: 664 
Sprouting seed:
Cells: 4093 Muts: 612 Ancestral Muts: 664 
Sprouting a branching tree from seed ...
(Generator(PCG64) at 0x7FD86156B3C0,)
Jump Percentage: 0.9999999999999473 First Eig Val: -5.549107466703468e-16 First Gap: 1.214854290014872e-15 Largest Gap: 0.40936879495403233 Number of Clusters:3
CellsA: 771 CellsB: 3322
MutsA: 151 mutsB: 181
Jump Percentage: 0.9999999999999774 First Eig Val: -3.2903416687623327e-16 First Gap: 4.603264971245271e-16 Largest Gap: 0.232124218982107 Number of Clusters:3
Clonal Tree 0 
[(0, 1), (0, 2)] 
Loss Nodes:0
Node: 0 Cells: 0 Muts: 280 LostMuts: 0
Node: 1 Cells: 771 Muts: 151 LostMuts: 0
Node: 2 Cells: 3322 Muts: 181 LostMuts: 0
Total Cells: 4093 Total Muts: 612
Jump Percentage: 0.9999999999999337 First Eig Val: -6.028550531894468e-16 First Gap: 3.6294502830796097e-16 Largest Gap: 0.3908018324105038 Number of Clusters:3
CellsA: 771 CellsB: 3322
MutsA: 151 mutsB: 181
Jump Percentage: 0.9999999999999774 First Eig Val: -3.2903416687623327e-16 First Gap: 4.603264971245271e-16 Largest Gap: 0.232124218982107 Number of Clusters:3
Clonal Tree 0 
[(0, 1), (0, 2)] 
Loss Nodes:0
Node: 0 Cells: 0 Muts: 280 LostMuts: 0
Node: 1 Cells: 771 Muts: 151 LostMuts: 0
Node: 2 Cells: 3322 Muts: 181 LostMuts: 0
Total Cells: 4093 Total Muts: 612
Jump Percentage: 0.9999999999999895 First Eig Val: -4.3524770442536753e-16 First Gap: 3.9548699451342314e-16 Largest Gap: 0.4108153180622376 Number of Clusters:3
CellsA: 771 CellsB: 3322
MutsA: 151 mutsB: 181
Jump Percentage: 0.9999999999999774 First Eig Val: -3.2903416687623327e-16 First Gap: 4.603264971245271e-16 Largest Gap: 0.232124218982107 Number of Clusters:3
Clonal Tree 0 
[(0, 1), (0, 2)] 
Loss Nodes:0
Node: 0 Cells: 0 Muts: 280 LostMuts: 0
Node: 1 Cells: 771 Muts: 151 LostMuts: 0
Node: 2 Cells: 3322 Muts: 181 LostMuts: 0
Total Cells: 4093 Total Muts: 612
Finding the maximum likelihood tree out of 3 trees....
Clonal Tree 0 
[(0, 1), (0, 2)] 
Loss Nodes:0
Node: 0 Cells: 0 Muts: 280 LostMuts: 0
Node: 1 Cells: 771 Muts: 151 LostMuts: 0
Node: 2 Cells: 3322 Muts: 181 LostMuts: 0
Total Cells: 4093 Total Muts: 612

Tree: 0 LogLikelihood: 3644996.760116987
Variant LogLikelihood: -123333.4943111867 
RDR LogLikelihood: 3768330.2544281734

Clonal Tree 1 
[(0, 1), (0, 2)] 
Loss Nodes:0
Node: 0 Cells: 0 Muts: 280 LostMuts: 0
Node: 1 Cells: 771 Muts: 151 LostMuts: 0
Node: 2 Cells: 3322 Muts: 181 LostMuts: 0
Total Cells: 4093 Total Muts: 612

Tree: 1 LogLikelihood: 3644996.760116987
Variant LogLikelihood: -123333.4943111867 
RDR LogLikelihood: 3768330.2544281734

Clonal Tree 2 
[(0, 1), (0, 2)] 
Loss Nodes:0
Node: 0 Cells: 0 Muts: 280 LostMuts: 0
Node: 1 Cells: 771 Muts: 151 LostMuts: 0
Node: 2 Cells: 3322 Muts: 181 LostMuts: 0
Total Cells: 4093 Total Muts: 612

Tree: 2 LogLikelihood: 3644996.760116987
Variant LogLikelihood: -123333.4943111867 
RDR LogLikelihood: 3768330.2544281734

Sprouted tree:
Clonal Tree 0 
[(0, 1), (0, 2)] 
Loss Nodes:0
Node: 0 Cells: 0 Muts: 280 LostMuts: 0
Node: 1 Cells: 771 Muts: 151 LostMuts: 0
Node: 2 Cells: 3322 Muts: 181 LostMuts: 0
Total Cells: 4093 Total Muts: 612
<bound method Phertilizer.sprout_branching of <phertilizer.Phertilizer object at 0x7fd8739332e0>> Not Valid!
Sprouting seed:
Cells: 4093 Muts: 612 Ancestral Muts: 664 
Sprouting a linear tree from seed ...
Jump Percentage: 0.9999999999999893 First Eig Val: 9.957525568143145e-17 First Gap: 4.631953744922918e-16 Largest Gap: 0.3182801829702211 Number of Clusters:3
start:0 iteration:0
CellsA: 3322 CellsB: 771
MutsA: 423 MutsB: 189
Jump Percentage: 0.9999999999999921 First Eig Val: -6.820926944140302e-16 First Gap: 5.658779263224702e-16 Largest Gap: 0.23933519811606374 Number of Clusters:4
adding tree to internal list:
Clonal Tree 0 
[(0, 1)] 
Loss Nodes:0
Node: 0 Cells: 3322 Muts: 423 LostMuts: 0
Node: 1 Cells: 771 Muts: 189 LostMuts: 0
Total Cells: 4093 Total Muts: 612
Jump Percentage: 0.9999999999999766 First Eig Val: -5.363925101449924e-16 First Gap: 1.291422681950485e-15 Largest Gap: 0.32309777026370284 Number of Clusters:3
start:1 iteration:0
CellsA: 3322 CellsB: 771
MutsA: 423 MutsB: 189
Jump Percentage: 0.9999999999999921 First Eig Val: -6.820926944140302e-16 First Gap: 5.658779263224702e-16 Largest Gap: 0.23933519811606374 Number of Clusters:4
adding tree to internal list:
Clonal Tree 0 
[(0, 1)] 
Loss Nodes:0
Node: 0 Cells: 3322 Muts: 423 LostMuts: 0
Node: 1 Cells: 771 Muts: 189 LostMuts: 0
Total Cells: 4093 Total Muts: 612
Jump Percentage: 0.9999999999999921 First Eig Val: -1.2812775262333952e-16 First Gap: 4.443652155093195e-16 Largest Gap: 0.31002713094146017 Number of Clusters:3
start:2 iteration:0
CellsA: 3322 CellsB: 771
MutsA: 423 MutsB: 189
Jump Percentage: 0.9999999999999921 First Eig Val: -6.820926944140302e-16 First Gap: 5.658779263224702e-16 Largest Gap: 0.23933519811606374 Number of Clusters:4
adding tree to internal list:
Clonal Tree 0 
[(0, 1)] 
Loss Nodes:0
Node: 0 Cells: 3322 Muts: 423 LostMuts: 0
Node: 1 Cells: 771 Muts: 189 LostMuts: 0
Total Cells: 4093 Total Muts: 612
adding tree to candidate list:
Clonal Tree 0 
[(0, 1)] 
Loss Nodes:0
Node: 0 Cells: 3322 Muts: 423 LostMuts: 0
Node: 1 Cells: 771 Muts: 189 LostMuts: 0
Total Cells: 4093 Total Muts: 612
Normalized Likelihood: -0.7832301901975038
Jump Percentage: 0.9999999999999847 First Eig Val: -6.085225109153962e-16 First Gap: 7.129586762746706e-16 Largest Gap: 0.47359371920451826 Number of Clusters:2
start:0 iteration:0
CellsA: 1061 CellsB: 2261
MutsA: 84 MutsB: 528
Jump Percentage: 0.9999999999999722 First Eig Val: -3.063354940143647e-16 First Gap: 7.566027347322411e-16 Largest Gap: 0.4307409788281751 Number of Clusters:2
Jump Percentage: 0.9999999999999776 First Eig Val: -2.992890994422917e-16 First Gap: 1.9318539871160725e-17 Largest Gap: 0.48017471745840556 Number of Clusters:2
start:1 iteration:0
CellsA: 1061 CellsB: 2261
MutsA: 84 MutsB: 528
Jump Percentage: 0.9999999999999722 First Eig Val: -3.063354940143647e-16 First Gap: 7.566027347322411e-16 Largest Gap: 0.4307409788281751 Number of Clusters:2
Jump Percentage: 0.9999999999999808 First Eig Val: -1.6181149512346323e-16 First Gap: 2.2201636061682207e-16 Largest Gap: 0.48619327286190656 Number of Clusters:2
start:2 iteration:0
CellsA: 1061 CellsB: 2261
MutsA: 84 MutsB: 528
Jump Percentage: 0.9999999999999722 First Eig Val: -3.063354940143647e-16 First Gap: 7.566027347322411e-16 Largest Gap: 0.4307409788281751 Number of Clusters:2
Clonal Tree 0 
[(0, 1)] 
Loss Nodes:0
Node: 0 Cells: 3322 Muts: 423 LostMuts: 0
Node: 1 Cells: 771 Muts: 189 LostMuts: 0
Total Cells: 4093 Total Muts: 612
Normalized Likelihood: -0.7832301901975038
linear split norm likelihood best tree
Clonal Tree 0 
[(0, 1)] 
Loss Nodes:0
Node: 0 Cells: 3322 Muts: 423 LostMuts: 0
Node: 1 Cells: 771 Muts: 189 LostMuts: 0
Total Cells: 4093 Total Muts: 612
Sprouted tree:
Clonal Tree 0 
[(0, 1)] 
Loss Nodes:0
Node: 0 Cells: 3322 Muts: 423 LostMuts: 0
Node: 1 Cells: 771 Muts: 189 LostMuts: 0
Total Cells: 4093 Total Muts: 612
<bound method Phertilizer.sprout_linear of <phertilizer.Phertilizer object at 0x7fd8739332e0>> Not Valid!
Number of subproblems remaining: 0
func:'planting' args:[(<phertilizer.Phertilizer object at 0x7fd8739332e0>, deque([])), {}] took: 4070.8250 sec
Planting phase complete!

Starting grow phase....
Clonal Tree 1 
[(0, 1)] 
Loss Nodes:0
Node: 0 Cells: 630 Muts: 446 LostMuts: 0
Node: 1 Cells: 4211 Muts: 1802 LostMuts: 0
Total Cells: 4841 Total Muts: 2248
Clonal Tree 0 
[(0, 1), (0, 2)] 
Loss Nodes:0
Node: 0 Cells: 0 Muts: 347 LostMuts: 0
Node: 1 Cells: 748 Muts: 745 LostMuts: 0
Node: 2 Cells: 3463 Muts: 710 LostMuts: 0
Total Cells: 4211 Total Muts: 1802
2248
2248
2248
Clonal Tree 1 
[(0, 1), (1, 2), (1, 3)] 
Loss Nodes:0
Node: 0 Cells: 630 Muts: 446 LostMuts: 0
Node: 1 Cells: 0 Muts: 347 LostMuts: 0
Node: 2 Cells: 748 Muts: 745 LostMuts: 0
Node: 3 Cells: 3463 Muts: 710 LostMuts: 0
Total Cells: 4841 Total Muts: 2248
Clonal Tree 1 
[(0, 1), (1, 2), (1, 3)] 
Loss Nodes:0
Node: 0 Cells: 630 Muts: 446 LostMuts: 0
Node: 1 Cells: 0 Muts: 347 LostMuts: 0
Node: 2 Cells: 748 Muts: 745 LostMuts: 0
Node: 3 Cells: 3463 Muts: 710 LostMuts: 0
Total Cells: 4841 Total Muts: 2248
Clonal Tree 1 
[(0, 1)] 
Loss Nodes:0
Node: 0 Cells: 630 Muts: 446 LostMuts: 0
Node: 1 Cells: 4211 Muts: 1802 LostMuts: 0
Total Cells: 4841 Total Muts: 2248
Clonal Tree 0 
[(0, 1)] 
Loss Nodes:0
Node: 0 Cells: 748 Muts: 600 LostMuts: 0
Node: 1 Cells: 3463 Muts: 1202 LostMuts: 0
Total Cells: 4211 Total Muts: 1802
2248
2248
2248
Clonal Tree 1 
[(0, 1), (1, 2)] 
Loss Nodes:0
Node: 0 Cells: 630 Muts: 446 LostMuts: 0
Node: 1 Cells: 748 Muts: 600 LostMuts: 0
Node: 2 Cells: 3463 Muts: 1202 LostMuts: 0
Total Cells: 4841 Total Muts: 2248
Clonal Tree 1 
[(0, 1), (1, 2)] 
Loss Nodes:0
Node: 0 Cells: 630 Muts: 446 LostMuts: 0
Node: 1 Cells: 748 Muts: 600 LostMuts: 0
Node: 2 Cells: 3463 Muts: 1202 LostMuts: 0
Total Cells: 4841 Total Muts: 2248
Clonal Tree 2 
[(0, 1), (1, 2), (1, 3)] 
Loss Nodes:0
Node: 0 Cells: 630 Muts: 446 LostMuts: 0
Node: 1 Cells: 0 Muts: 347 LostMuts: 0
Node: 2 Cells: 748 Muts: 745 LostMuts: 0
Node: 3 Cells: 3463 Muts: 710 LostMuts: 0
Total Cells: 4841 Total Muts: 2248
Clonal Tree 0 
[(0, 1), (0, 2)] 
Loss Nodes:0
Node: 0 Cells: 0 Muts: 283 LostMuts: 0
Node: 1 Cells: 2692 Muts: 231 LostMuts: 0
Node: 2 Cells: 771 Muts: 196 LostMuts: 0
Total Cells: 3463 Total Muts: 710
2248
2248
2248
Clonal Tree 2 
[(0, 1), (1, 2), (1, 3), (3, 4), (3, 5)] 
Loss Nodes:0
Node: 0 Cells: 630 Muts: 446 LostMuts: 0
Node: 1 Cells: 0 Muts: 347 LostMuts: 0
Node: 2 Cells: 748 Muts: 745 LostMuts: 0
Node: 3 Cells: 0 Muts: 283 LostMuts: 0
Node: 4 Cells: 2692 Muts: 231 LostMuts: 0
Node: 5 Cells: 771 Muts: 196 LostMuts: 0
Total Cells: 4841 Total Muts: 2248
Clonal Tree 2 
[(0, 1), (1, 2), (1, 3), (3, 4), (3, 5)] 
Loss Nodes:0
Node: 0 Cells: 630 Muts: 446 LostMuts: 0
Node: 1 Cells: 0 Muts: 347 LostMuts: 0
Node: 2 Cells: 748 Muts: 745 LostMuts: 0
Node: 3 Cells: 0 Muts: 283 LostMuts: 0
Node: 4 Cells: 2692 Muts: 231 LostMuts: 0
Node: 5 Cells: 771 Muts: 196 LostMuts: 0
Total Cells: 4841 Total Muts: 2248
Clonal Tree 3 
[(0, 1), (1, 2)] 
Loss Nodes:0
Node: 0 Cells: 630 Muts: 446 LostMuts: 0
Node: 1 Cells: 748 Muts: 600 LostMuts: 0
Node: 2 Cells: 3463 Muts: 1202 LostMuts: 0
Total Cells: 4841 Total Muts: 2248
Clonal Tree 0 
[(0, 1), (0, 2)] 
Loss Nodes:0
Node: 0 Cells: 0 Muts: 283 LostMuts: 0
Node: 1 Cells: 2692 Muts: 385 LostMuts: 0
Node: 2 Cells: 771 Muts: 534 LostMuts: 0
Total Cells: 3463 Total Muts: 1202
2248
2248
2248
Clonal Tree 3 
[(0, 1), (1, 2), (2, 3), (2, 4)] 
Loss Nodes:0
Node: 0 Cells: 630 Muts: 446 LostMuts: 0
Node: 1 Cells: 748 Muts: 600 LostMuts: 0
Node: 2 Cells: 0 Muts: 283 LostMuts: 0
Node: 3 Cells: 2692 Muts: 385 LostMuts: 0
Node: 4 Cells: 771 Muts: 534 LostMuts: 0
Total Cells: 4841 Total Muts: 2248
Clonal Tree 3 
[(0, 1), (1, 2), (2, 3), (2, 4)] 
Loss Nodes:0
Node: 0 Cells: 630 Muts: 446 LostMuts: 0
Node: 1 Cells: 748 Muts: 600 LostMuts: 0
Node: 2 Cells: 0 Muts: 283 LostMuts: 0
Node: 3 Cells: 2692 Muts: 385 LostMuts: 0
Node: 4 Cells: 771 Muts: 534 LostMuts: 0
Total Cells: 4841 Total Muts: 2248
Clonal Tree 3 
[(0, 1), (1, 2)] 
Loss Nodes:0
Node: 0 Cells: 630 Muts: 446 LostMuts: 0
Node: 1 Cells: 748 Muts: 600 LostMuts: 0
Node: 2 Cells: 3463 Muts: 1202 LostMuts: 0
Total Cells: 4841 Total Muts: 2248
Clonal Tree 2 
[(0, 1)] 
Loss Nodes:0
Node: 0 Cells: 1864 Muts: 330 LostMuts: 0
Node: 1 Cells: 1599 Muts: 872 LostMuts: 0
Total Cells: 3463 Total Muts: 1202
2248
2248
2248
Clonal Tree 3 
[(0, 1), (1, 2), (2, 3)] 
Loss Nodes:0
Node: 0 Cells: 630 Muts: 446 LostMuts: 0
Node: 1 Cells: 748 Muts: 600 LostMuts: 0
Node: 2 Cells: 1864 Muts: 330 LostMuts: 0
Node: 3 Cells: 1599 Muts: 872 LostMuts: 0
Total Cells: 4841 Total Muts: 2248
Clonal Tree 3 
[(0, 1), (1, 2), (2, 3)] 
Loss Nodes:0
Node: 0 Cells: 630 Muts: 446 LostMuts: 0
Node: 1 Cells: 748 Muts: 600 LostMuts: 0
Node: 2 Cells: 1864 Muts: 330 LostMuts: 0
Node: 3 Cells: 1599 Muts: 872 LostMuts: 0
Total Cells: 4841 Total Muts: 2248
Clonal Tree 6 
[(0, 1), (1, 2), (2, 3)] 
Loss Nodes:0
Node: 0 Cells: 630 Muts: 446 LostMuts: 0
Node: 1 Cells: 748 Muts: 600 LostMuts: 0
Node: 2 Cells: 1864 Muts: 330 LostMuts: 0
Node: 3 Cells: 1599 Muts: 872 LostMuts: 0
Total Cells: 4841 Total Muts: 2248
Clonal Tree 0 
[(0, 1), (0, 2)] 
Loss Nodes:0
Node: 0 Cells: 0 Muts: 41 LostMuts: 0
Node: 1 Cells: 828 Muts: 479 LostMuts: 0
Node: 2 Cells: 771 Muts: 352 LostMuts: 0
Total Cells: 1599 Total Muts: 872
2248
2248
2248
Clonal Tree 6 
[(0, 1), (1, 2), (2, 3), (3, 4), (3, 5)] 
Loss Nodes:0
Node: 0 Cells: 630 Muts: 446 LostMuts: 0
Node: 1 Cells: 748 Muts: 600 LostMuts: 0
Node: 2 Cells: 1864 Muts: 330 LostMuts: 0
Node: 3 Cells: 0 Muts: 41 LostMuts: 0
Node: 4 Cells: 828 Muts: 479 LostMuts: 0
Node: 5 Cells: 771 Muts: 352 LostMuts: 0
Total Cells: 4841 Total Muts: 2248
Clonal Tree 6 
[(0, 1), (1, 2), (2, 3), (3, 4), (3, 5)] 
Loss Nodes:0
Node: 0 Cells: 630 Muts: 446 LostMuts: 0
Node: 1 Cells: 748 Muts: 600 LostMuts: 0
Node: 2 Cells: 1864 Muts: 330 LostMuts: 0
Node: 3 Cells: 0 Muts: 41 LostMuts: 0
Node: 4 Cells: 828 Muts: 479 LostMuts: 0
Node: 5 Cells: 771 Muts: 352 LostMuts: 0
Total Cells: 4841 Total Muts: 2248
Clonal Tree 6 
[(0, 1), (1, 2), (2, 3)] 
Loss Nodes:0
Node: 0 Cells: 630 Muts: 446 LostMuts: 0
Node: 1 Cells: 748 Muts: 600 LostMuts: 0
Node: 2 Cells: 1864 Muts: 330 LostMuts: 0
Node: 3 Cells: 1599 Muts: 872 LostMuts: 0
Total Cells: 4841 Total Muts: 2248
Clonal Tree 0 
[(0, 1)] 
Loss Nodes:0
Node: 0 Cells: 771 Muts: 391 LostMuts: 0
Node: 1 Cells: 828 Muts: 481 LostMuts: 0
Total Cells: 1599 Total Muts: 872
2248
2248
2248
Clonal Tree 6 
[(0, 1), (1, 2), (2, 3), (3, 4)] 
Loss Nodes:0
Node: 0 Cells: 630 Muts: 446 LostMuts: 0
Node: 1 Cells: 748 Muts: 600 LostMuts: 0
Node: 2 Cells: 1864 Muts: 330 LostMuts: 0
Node: 3 Cells: 771 Muts: 391 LostMuts: 0
Node: 4 Cells: 828 Muts: 481 LostMuts: 0
Total Cells: 4841 Total Muts: 2248
Clonal Tree 6 
[(0, 1), (1, 2), (2, 3), (3, 4)] 
Loss Nodes:0
Node: 0 Cells: 630 Muts: 446 LostMuts: 0
Node: 1 Cells: 748 Muts: 600 LostMuts: 0
Node: 2 Cells: 1864 Muts: 330 LostMuts: 0
Node: 3 Cells: 771 Muts: 391 LostMuts: 0
Node: 4 Cells: 828 Muts: 481 LostMuts: 0
Total Cells: 4841 Total Muts: 2248
func:'grow' args:[(<phertilizer.Phertilizer object at 0x7fd8739332e0>,), {}] took: 0.0317 sec
Growing phase complete!

Identifying the maximum likelihood k-clonal tree....
Finding the maximum likelihood tree out of 9 trees....
Clonal Tree 0 
[(0, 1), (0, 2)] 
Loss Nodes:0
Node: 0 Cells: 0 Muts: 664 LostMuts: 0
Node: 1 Cells: 4093 Muts: 612 LostMuts: 0
Node: 2 Cells: 748 Muts: 972 LostMuts: 0
Total Cells: 4841 Total Muts: 2248

Tree: 0 LogLikelihood: 3766002.1434500893
Variant LogLikelihood: -90751.55696316181 
RDR LogLikelihood: 3856753.7004132513

Clonal Tree 1 
[(0, 1)] 
Loss Nodes:0
Node: 0 Cells: 630 Muts: 446 LostMuts: 0
Node: 1 Cells: 4211 Muts: 1802 LostMuts: 0
Total Cells: 4841 Total Muts: 2248

Tree: 1 LogLikelihood: 2881889.8623741996
Variant LogLikelihood: -142814.0016488872 
RDR LogLikelihood: 3024703.8640230866

Clonal Tree 2 
[(0, 1), (1, 2), (1, 3)] 
Loss Nodes:0
Node: 0 Cells: 630 Muts: 446 LostMuts: 0
Node: 1 Cells: 0 Muts: 347 LostMuts: 0
Node: 2 Cells: 748 Muts: 745 LostMuts: 0
Node: 3 Cells: 3463 Muts: 710 LostMuts: 0
Total Cells: 4841 Total Muts: 2248

Tree: 2 LogLikelihood: 3815755.733211472
Variant LogLikelihood: -85654.28517190421 
RDR LogLikelihood: 3901410.0183833763

Clonal Tree 3 
[(0, 1), (1, 2)] 
Loss Nodes:0
Node: 0 Cells: 630 Muts: 446 LostMuts: 0
Node: 1 Cells: 748 Muts: 600 LostMuts: 0
Node: 2 Cells: 3463 Muts: 1202 LostMuts: 0
Total Cells: 4841 Total Muts: 2248

Tree: 3 LogLikelihood: 3795833.6521229646
Variant LogLikelihood: -105576.3662604115 
RDR LogLikelihood: 3901410.0183833763

Clonal Tree 4 
[(0, 1), (1, 2), (1, 3), (3, 4), (3, 5)] 
Loss Nodes:0
Node: 0 Cells: 630 Muts: 446 LostMuts: 0
Node: 1 Cells: 0 Muts: 347 LostMuts: 0
Node: 2 Cells: 748 Muts: 745 LostMuts: 0
Node: 3 Cells: 0 Muts: 283 LostMuts: 0
Node: 4 Cells: 2692 Muts: 231 LostMuts: 0
Node: 5 Cells: 771 Muts: 196 LostMuts: 0
Total Cells: 4841 Total Muts: 2248

Tree: 4 LogLikelihood: 3947720.028647554
Variant LogLikelihood: -74262.21742101948 
RDR LogLikelihood: 4021982.2460685736

Clonal Tree 5 
[(0, 1), (1, 2), (2, 3), (2, 4)] 
Loss Nodes:0
Node: 0 Cells: 630 Muts: 446 LostMuts: 0
Node: 1 Cells: 748 Muts: 600 LostMuts: 0
Node: 2 Cells: 0 Muts: 283 LostMuts: 0
Node: 3 Cells: 2692 Muts: 385 LostMuts: 0
Node: 4 Cells: 771 Muts: 534 LostMuts: 0
Total Cells: 4841 Total Muts: 2248

Tree: 5 LogLikelihood: 3942705.763666739
Variant LogLikelihood: -79276.48240183413 
RDR LogLikelihood: 4021982.2460685736

Clonal Tree 6 
[(0, 1), (1, 2), (2, 3)] 
Loss Nodes:0
Node: 0 Cells: 630 Muts: 446 LostMuts: 0
Node: 1 Cells: 748 Muts: 600 LostMuts: 0
Node: 2 Cells: 1864 Muts: 330 LostMuts: 0
Node: 3 Cells: 1599 Muts: 872 LostMuts: 0
Total Cells: 4841 Total Muts: 2248

Tree: 6 LogLikelihood: 3889827.722075534
Variant LogLikelihood: -79270.13016075669 
RDR LogLikelihood: 3969097.8522362905

Clonal Tree 7 
[(0, 1), (1, 2), (2, 3), (3, 4), (3, 5)] 
Loss Nodes:0
Node: 0 Cells: 630 Muts: 446 LostMuts: 0
Node: 1 Cells: 748 Muts: 600 LostMuts: 0
Node: 2 Cells: 1864 Muts: 330 LostMuts: 0
Node: 3 Cells: 0 Muts: 41 LostMuts: 0
Node: 4 Cells: 828 Muts: 479 LostMuts: 0
Node: 5 Cells: 771 Muts: 352 LostMuts: 0
Total Cells: 4841 Total Muts: 2248

Tree: 7 LogLikelihood: 3951234.839927683
Variant LogLikelihood: -70747.40614089045 
RDR LogLikelihood: 4021982.2460685736

Clonal Tree 8 
[(0, 1), (1, 2), (2, 3), (3, 4)] 
Loss Nodes:0
Node: 0 Cells: 630 Muts: 446 LostMuts: 0
Node: 1 Cells: 748 Muts: 600 LostMuts: 0
Node: 2 Cells: 1864 Muts: 330 LostMuts: 0
Node: 3 Cells: 771 Muts: 391 LostMuts: 0
Node: 4 Cells: 828 Muts: 481 LostMuts: 0
Total Cells: 4841 Total Muts: 2248

Tree: 8 LogLikelihood: 3947642.100938396
Variant LogLikelihood: -74340.14513017744 
RDR LogLikelihood: 4021982.2460685736

\Phertilizer Tree....
Clonal Tree 7 
[(0, 1), (1, 2), (2, 3), (3, 4), (3, 5)] 
Loss Nodes:0
Node: 0 Cells: 630 Muts: 446 LostMuts: 0
Node: 1 Cells: 748 Muts: 600 LostMuts: 0
Node: 2 Cells: 1864 Muts: 330 LostMuts: 0
Node: 3 Cells: 0 Muts: 41 LostMuts: 0
Node: 4 Cells: 828 Muts: 479 LostMuts: 0
Node: 5 Cells: 771 Muts: 352 LostMuts: 0
Total Cells: 4841 Total Muts: 2248
Saving files.....
Thanks for planting a tree! See you later, friend.
