INFO:root:Mb Count a: 3.8185011709601873 Mb Count b: 4.014376996805112
INFO:root:Mb Count a: 0.689695550351288 Mb Count b: 7.212460063897764
INFO:root:Mb Count a: 3.8548009367681497 Mb Count b: 3.9472843450479234
INFO:root:Mb Count a: 0.689695550351288 Mb Count b: 7.212460063897764
INFO:root:Mb Count a: 3.921545667447307 Mb Count b: 3.952076677316294
INFO:root:Mb Count a: 0.689695550351288 Mb Count b: 7.212460063897764
INFO:root:Mb Count a: 0.4197952218430034 Mb Count b: 2.6827094474153297
INFO:root:Mb Count a: 0.0 Mb Count b: 9.418894830659536
INFO:root:Mb Count a: 0.4061433447098976 Mb Count b: 2.6506238859180034
INFO:root:Mb Count a: 0.0 Mb Count b: 9.418894830659536
INFO:root:Mb Count a: 0.36860068259385664 Mb Count b: 2.5614973262032086
INFO:root:Mb Count a: 0.0 Mb Count b: 9.418894830659536
INFO:root:Mb Count a: 2.6645367412140577 Mb Count b: 4.098039215686274
INFO:root:Mb Count a: 0.18210862619808307 Mb Count b: 8.696969696969697
INFO:root:Mb Count a: 2.642172523961661 Mb Count b: 4.192513368983957
INFO:root:Mb Count a: 0.18210862619808307 Mb Count b: 8.696969696969697
INFO:root:Mb Count a: 2.6773162939297124 Mb Count b: 4.1319073083778965
INFO:root:Mb Count a: 0.18210862619808307 Mb Count b: 8.696969696969697
/scratch/data/leah/phertilizer/src/linear_split.py:107: RuntimeWarning: invalid value encountered in true_divide
  vaf = binary_counts/binary_tcounts
INFO:root:Mb Count a: 2.2396166134185305 Mb Count b: 5.2492012779552715
INFO:root:Mb Count a: 0.4512471655328798 Mb Count b: 3.654054054054054
INFO:root:Mb Count a: 0.23613963039014374 Mb Count b: 3.41726618705036
INFO:root:Mb Count a: 0.15132924335378323 Mb Count b: 3.153284671532847
INFO:root:Mb Count a: 0.14489795918367346 Mb Count b: 3.176470588235294
INFO:root:Mb Count a: 0.2681992337164751 Mb Count b: 3.480769230769231
INFO:root:Mb Count a: 0.18026565464895636 Mb Count b: 3.1818181818181817
INFO:root:Mb Count a: 0.1555977229601518 Mb Count b: 3.0707070707070705
INFO:root:Mb Count a: 0.1534090909090909 Mb Count b: 3.0816326530612246
INFO:root:Mb Count a: 0.14962121212121213 Mb Count b: 3.061224489795918
/scratch/data/leah/phertilizer/src/linear_split.py:107: RuntimeWarning: invalid value encountered in true_divide
  vaf = binary_counts/binary_tcounts
INFO:root:Mb Count a: 2.8626506024096385 Mb Count b: 6.056872037914692
INFO:root:Mb Count a: 0.36981132075471695 Mb Count b: 3.3229166666666665
INFO:root:Mb Count a: 0.14800759013282733 Mb Count b: 2.707070707070707
INFO:root:Mb Count a: 0.1461100569259962 Mb Count b: 2.808080808080808
INFO:root:Mb Count a: 0.15384615384615385 Mb Count b: 2.924731182795699
INFO:root:Mb Count a: 0.14634146341463414 Mb Count b: 2.913978494623656
/scratch/data/leah/phertilizer/src/linear_split.py:107: RuntimeWarning: invalid value encountered in true_divide
  vaf = binary_counts/binary_tcounts
INFO:root:Mb Count a: 3.0 Mb Count b: 5.994350282485875
INFO:root:Mb Count a: 0.32021466905187834 Mb Count b: 3.537313432835821
INFO:root:Mb Count a: 0.22625215889464595 Mb Count b: 3.3191489361702127
INFO:root:Mb Count a: 0.20137693631669534 Mb Count b: 3.2444444444444445
INFO:root:Mb Count a: 0.24873949579831933 Mb Count b: 3.4193548387096775
INFO:root:Mb Count a: 0.195 Mb Count b: 3.3461538461538463
INFO:root:Mb Count a: 0.2042833607907743 Mb Count b: 3.263157894736842
INFO:root:Mb Count a: 0.20130932896890344 Mb Count b: 3.2
INFO:root:Mb Count a: 0.18433931484502447 Mb Count b: 3.1538461538461537
INFO:root:Mb Count a: 0.1791530944625407 Mb Count b: 3.1666666666666665
/scratch/data/leah/phertilizer/src/linear_split.py:107: RuntimeWarning: invalid value encountered in true_divide
  vaf = binary_counts/binary_tcounts
INFO:root:Mb Count a: 2.5867768595041323 Mb Count b: 5.3882352941176475
INFO:root:Mb Count a: 0.2237442922374429 Mb Count b: 2.8421052631578947
INFO:root:Mb Count a: 0.25052192066805845 Mb Count b: 3.185185185185185
INFO:root:Mb Count a: 0.15051546391752577 Mb Count b: 2.8125
INFO:root:Mb Count a: 0.13963039014373715 Mb Count b: 2.8260869565217392
INFO:root:Mb Count a: 0.1375770020533881 Mb Count b: 2.8260869565217392
/scratch/data/leah/phertilizer/src/linear_split.py:107: RuntimeWarning: invalid value encountered in true_divide
  vaf = binary_counts/binary_tcounts
INFO:root:Mb Count a: 2.432065217391304 Mb Count b: 5.393939393939394
INFO:root:Mb Count a: 0.22377622377622378 Mb Count b: 2.9423076923076925
INFO:root:Mb Count a: 0.12356979405034325 Mb Count b: 2.7395833333333335
INFO:root:Mb Count a: 0.12162162162162163 Mb Count b: 2.808988764044944
INFO:root:Mb Count a: 0.1146067415730337 Mb Count b: 2.8068181818181817
INFO:root:Mb Count a: 0.11235955056179775 Mb Count b: 2.7954545454545454
/scratch/data/leah/phertilizer/src/linear_split.py:107: RuntimeWarning: invalid value encountered in true_divide
  vaf = binary_counts/binary_tcounts
INFO:root:Mb Count a: 2.3850931677018634 Mb Count b: 5.071090047393365
INFO:root:Mb Count a: 0.20103092783505155 Mb Count b: 2.986206896551724
INFO:root:Mb Count a: 0.1275 Mb Count b: 2.954887218045113
INFO:root:Mb Count a: 0.10945273631840796 Mb Count b: 2.946564885496183
INFO:root:Mb Count a: 0.11138613861386139 Mb Count b: 2.9612403100775193
INFO:root:Mb Count a: 0.10891089108910891 Mb Count b: 2.9612403100775193
/scratch/data/leah/phertilizer/src/linear_split.py:107: RuntimeWarning: invalid value encountered in true_divide
  vaf = binary_counts/binary_tcounts
INFO:root:Mb Count a: 2.2296819787985864 Mb Count b: 5.053921568627451
INFO:root:Mb Count a: 0.40848806366047746 Mb Count b: 3.5090909090909093
INFO:root:Mb Count a: 0.15577889447236182 Mb Count b: 2.955056179775281
INFO:root:Mb Count a: 0.1271393643031785 Mb Count b: 2.91025641025641
INFO:root:Mb Count a: 0.10462287104622871 Mb Count b: 2.8421052631578947
INFO:root:Mb Count a: 0.10462287104622871 Mb Count b: 2.8421052631578947
/scratch/data/leah/phertilizer/src/linear_split.py:107: RuntimeWarning: invalid value encountered in true_divide
  vaf = binary_counts/binary_tcounts
INFO:root:Mb Count a: 1.682608695652174 Mb Count b: 4.424124513618677
INFO:root:Mb Count a: 0.32781456953642385 Mb Count b: 3.3783783783783785
INFO:root:Mb Count a: 0.12302839116719243 Mb Count b: 3.1176470588235294
INFO:root:Mb Count a: 0.09433962264150944 Mb Count b: 3.059171597633136
INFO:root:Mb Count a: 0.0880503144654088 Mb Count b: 3.0532544378698225
/scratch/data/leah/phertilizer/src/linear_split.py:107: RuntimeWarning: invalid value encountered in true_divide
  vaf = binary_counts/binary_tcounts
INFO:root:Mb Count a: 2.4169096209912535 Mb Count b: 5.055555555555555
INFO:root:Mb Count a: 0.17632241813602015 Mb Count b: 2.4555555555555557
INFO:root:Mb Count a: 0.1873536299765808 Mb Count b: 2.75
INFO:root:Mb Count a: 0.15102974828375287 Mb Count b: 2.54
INFO:root:Mb Count a: 0.1324200913242009 Mb Count b: 2.5306122448979593
INFO:root:Mb Count a: 0.13211845102505695 Mb Count b: 2.5416666666666665
INFO:root:Mb Count a: 0.12984054669703873 Mb Count b: 2.5416666666666665
/scratch/data/leah/phertilizer/src/linear_split.py:107: RuntimeWarning: invalid value encountered in true_divide
  vaf = binary_counts/binary_tcounts
INFO:root:Mb Count a: 1.9871794871794872 Mb Count b: 4.46829268292683
INFO:root:Mb Count a: 0.0 Mb Count b: 2.477386934673367
INFO:root:Mb Count a: 0.10740740740740741 Mb Count b: 2.9881656804733727
INFO:root:Mb Count a: 0.03663003663003663 Mb Count b: 3.0120481927710845
INFO:root:Mb Count a: 0.022058823529411766 Mb Count b: 2.9760479041916166
INFO:root:Mb Count a: 0.022058823529411766 Mb Count b: 2.9760479041916166
/scratch/data/leah/phertilizer/src/linear_split.py:107: RuntimeWarning: invalid value encountered in true_divide
  vaf = binary_counts/binary_tcounts
INFO:root:Mb Count a: 2.3958333333333335 Mb Count b: 5.225165562913907
INFO:root:Mb Count a: 0.12693498452012383 Mb Count b: 2.7844827586206895
INFO:root:Mb Count a: 0.09337349397590361 Mb Count b: 2.7476635514018692
INFO:root:Mb Count a: 0.06865671641791045 Mb Count b: 2.75
INFO:root:Mb Count a: 0.06528189910979229 Mb Count b: 2.7450980392156863
INFO:root:Mb Count a: 0.05934718100890208 Mb Count b: 2.7450980392156863
/scratch/data/leah/phertilizer/src/linear_split.py:107: RuntimeWarning: invalid value encountered in true_divide
  vaf = binary_counts/binary_tcounts
INFO:root:Mb Count a: 1.4850299401197604 Mb Count b: 4.202205882352941
INFO:root:Mb Count a: 0.0 Mb Count b: 2.8007662835249043
INFO:root:Mb Count a: 0.43775100401606426 Mb Count b: 3.468421052631579
INFO:root:Mb Count a: 0.17028985507246377 Mb Count b: 3.276073619631902
INFO:root:Mb Count a: 0.06028368794326241 Mb Count b: 3.248407643312102
INFO:root:Mb Count a: 0.0425531914893617 Mb Count b: 3.2038216560509554
/scratch/data/leah/phertilizer/src/linear_split.py:107: RuntimeWarning: invalid value encountered in true_divide
  vaf = binary_counts/binary_tcounts
INFO:root:Mb Count a: 1.729281767955801 Mb Count b: 4.282051282051282
INFO:root:Mb Count a: 0.14678899082568808 Mb Count b: 3.134453781512605
INFO:root:Mb Count a: 0.0273972602739726 Mb Count b: 3.0677966101694913
INFO:root:Mb Count a: 0.02727272727272727 Mb Count b: 3.0683760683760686
INFO:root:Mb Count a: 0.022727272727272728 Mb Count b: 3.0598290598290596
/scratch/data/leah/phertilizer/src/linear_split.py:107: RuntimeWarning: invalid value encountered in true_divide
  vaf = binary_counts/binary_tcounts
INFO:root:Mb Count a: 1.5477707006369428 Mb Count b: 3.966666666666667
INFO:root:Mb Count a: 0.0 Mb Count b: 2.302325581395349
INFO:root:Mb Count a: 0.22380952380952382 Mb Count b: 2.8818897637795278
INFO:root:Mb Count a: 0.0 Mb Count b: 2.84375
INFO:root:Mb Count a: 0.0 Mb Count b: 2.859375
/scratch/data/leah/phertilizer/src/linear_split.py:107: RuntimeWarning: invalid value encountered in true_divide
  vaf = binary_counts/binary_tcounts
INFO:root:Mb Count a: 1.5419354838709678 Mb Count b: 4.021978021978022
INFO:root:Mb Count a: 0.0 Mb Count b: 2.546511627906977
INFO:root:Mb Count a: 0.0 Mb Count b: 2.63953488372093
/scratch/data/leah/phertilizer/src/branching_split.py:108: RuntimeWarning: invalid value encountered in true_divide
  tmb = mut_var_count_by_cell/mut_total_reads_by_cell
/scratch/data/leah/phertilizer/src/branching_split.py:108: RuntimeWarning: invalid value encountered in true_divide
  tmb = mut_var_count_by_cell/mut_total_reads_by_cell
/scratch/data/leah/phertilizer/src/branching_split.py:108: RuntimeWarning: invalid value encountered in true_divide
  tmb = mut_var_count_by_cell/mut_total_reads_by_cell
/scratch/data/leah/phertilizer/src/branching_split.py:108: RuntimeWarning: invalid value encountered in true_divide
  tmb = mut_var_count_by_cell/mut_total_reads_by_cell
/scratch/data/leah/phertilizer/src/branching_split.py:108: RuntimeWarning: invalid value encountered in true_divide
  tmb = mut_var_count_by_cell/mut_total_reads_by_cell
INFO:root:Mb Count a: 1.7625899280575539 Mb Count b: 3.6024955436720143
INFO:root:Mb Count a: 0.007194244604316547 Mb Count b: 6.402852049910874
INFO:root:Mb Count a: 1.7841726618705036 Mb Count b: 3.5597147950089125
INFO:root:Mb Count a: 0.007194244604316547 Mb Count b: 6.402852049910874
INFO:root:Mb Count a: 1.8201438848920863 Mb Count b: 3.409982174688057
INFO:root:Mb Count a: 0.007194244604316547 Mb Count b: 6.402852049910874
/scratch/data/leah/phertilizer/src/branching_split.py:108: RuntimeWarning: invalid value encountered in true_divide
  tmb = mut_var_count_by_cell/mut_total_reads_by_cell
/scratch/data/leah/phertilizer/src/branching_split.py:108: RuntimeWarning: invalid value encountered in true_divide
  tmb = mut_var_count_by_cell/mut_total_reads_by_cell
/scratch/data/leah/phertilizer/src/branching_split.py:108: RuntimeWarning: invalid value encountered in true_divide
  tmb = mut_var_count_by_cell/mut_total_reads_by_cell
/scratch/data/leah/phertilizer/src/branching_split.py:108: RuntimeWarning: invalid value encountered in true_divide
  tmb = mut_var_count_by_cell/mut_total_reads_by_cell
/scratch/data/leah/phertilizer/src/branching_split.py:108: RuntimeWarning: invalid value encountered in true_divide
  tmb = mut_var_count_by_cell/mut_total_reads_by_cell
/scratch/data/leah/phertilizer/src/branching_split.py:108: RuntimeWarning: invalid value encountered in true_divide
  tmb = mut_var_count_by_cell/mut_total_reads_by_cell
/scratch/data/leah/phertilizer/src/branching_split.py:108: RuntimeWarning: invalid value encountered in true_divide
  tmb = mut_var_count_by_cell/mut_total_reads_by_cell
/scratch/data/leah/phertilizer/src/branching_split.py:108: RuntimeWarning: invalid value encountered in true_divide
  tmb = mut_var_count_by_cell/mut_total_reads_by_cell
/scratch/data/leah/phertilizer/src/branching_split.py:108: RuntimeWarning: invalid value encountered in true_divide
  tmb = mut_var_count_by_cell/mut_total_reads_by_cell
/scratch/data/leah/phertilizer/src/branching_split.py:108: RuntimeWarning: invalid value encountered in true_divide
  tmb = mut_var_count_by_cell/mut_total_reads_by_cell
INFO:root:Mb Count a: 1.7209302325581395 Mb Count b: 5.4983498349834985
INFO:root:Mb Count a: 0.15547703180212014 Mb Count b: 6.715827338129497
INFO:root:Mb Count a: 0.04912280701754386 Mb Count b: 6.753623188405797
INFO:root:Mb Count a: 0.042105263157894736 Mb Count b: 6.742753623188406
INFO:root:Mb Count a: 1.6104417670682731 Mb Count b: 5.352564102564102
INFO:root:Mb Count a: 0.1575091575091575 Mb Count b: 6.579861111111111
INFO:root:Mb Count a: 0.05776173285198556 Mb Count b: 6.658450704225352
INFO:root:Mb Count a: 0.04693140794223827 Mb Count b: 6.679577464788732
INFO:root:Mb Count a: 2.110169491525424 Mb Count b: 6.51207729468599
/scratch/data/leah/phertilizer/src/linear_split.py:251: RuntimeWarning: invalid value encountered in true_divide
  tmb = mb_mut_count/mb_tot_count
INFO:root:Mb Count a: 0.14681440443213298 Mb Count b: 5.835
/scratch/data/leah/phertilizer/src/linear_split.py:251: RuntimeWarning: invalid value encountered in true_divide
  tmb = mb_mut_count/mb_tot_count
INFO:root:Mb Count a: 0.10364145658263306 Mb Count b: 5.745098039215686
/scratch/data/leah/phertilizer/src/linear_split.py:251: RuntimeWarning: invalid value encountered in true_divide
  tmb = mb_mut_count/mb_tot_count
INFO:root:Mb Count a: 0.10112359550561797 Mb Count b: 5.873170731707317
/scratch/data/leah/phertilizer/src/linear_split.py:251: RuntimeWarning: invalid value encountered in true_divide
  tmb = mb_mut_count/mb_tot_count
INFO:root:Mb Count a: 0.10112359550561797 Mb Count b: 5.882926829268293
/scratch/data/leah/phertilizer/src/branching_split.py:108: RuntimeWarning: invalid value encountered in true_divide
  tmb = mut_var_count_by_cell/mut_total_reads_by_cell
/scratch/data/leah/phertilizer/src/branching_split.py:108: RuntimeWarning: invalid value encountered in true_divide
  tmb = mut_var_count_by_cell/mut_total_reads_by_cell
/scratch/data/leah/phertilizer/src/branching_split.py:108: RuntimeWarning: invalid value encountered in true_divide
  tmb = mut_var_count_by_cell/mut_total_reads_by_cell
/scratch/data/leah/phertilizer/src/branching_split.py:108: RuntimeWarning: invalid value encountered in true_divide
  tmb = mut_var_count_by_cell/mut_total_reads_by_cell
/scratch/data/leah/phertilizer/src/branching_split.py:108: RuntimeWarning: invalid value encountered in true_divide
  tmb = mut_var_count_by_cell/mut_total_reads_by_cell
/scratch/data/leah/phertilizer/src/branching_split.py:108: RuntimeWarning: invalid value encountered in true_divide
  tmb = mut_var_count_by_cell/mut_total_reads_by_cell
/scratch/data/leah/phertilizer/src/branching_split.py:108: RuntimeWarning: invalid value encountered in true_divide
  tmb = mut_var_count_by_cell/mut_total_reads_by_cell
/scratch/data/leah/phertilizer/src/branching_split.py:108: RuntimeWarning: invalid value encountered in true_divide
  tmb = mut_var_count_by_cell/mut_total_reads_by_cell
/scratch/data/leah/phertilizer/src/branching_split.py:108: RuntimeWarning: invalid value encountered in true_divide
  tmb = mut_var_count_by_cell/mut_total_reads_by_cell
/scratch/data/leah/phertilizer/src/branching_split.py:108: RuntimeWarning: invalid value encountered in true_divide
  tmb = mut_var_count_by_cell/mut_total_reads_by_cell
/scratch/data/leah/phertilizer/src/branching_split.py:108: RuntimeWarning: invalid value encountered in true_divide
  tmb = mut_var_count_by_cell/mut_total_reads_by_cell
/scratch/data/leah/phertilizer/src/branching_split.py:108: RuntimeWarning: invalid value encountered in true_divide
  tmb = mut_var_count_by_cell/mut_total_reads_by_cell
/scratch/data/leah/phertilizer/src/branching_split.py:108: RuntimeWarning: invalid value encountered in true_divide
  tmb = mut_var_count_by_cell/mut_total_reads_by_cell
/scratch/data/leah/phertilizer/src/branching_split.py:108: RuntimeWarning: invalid value encountered in true_divide
  tmb = mut_var_count_by_cell/mut_total_reads_by_cell
/scratch/data/leah/phertilizer/src/branching_split.py:108: RuntimeWarning: invalid value encountered in true_divide
  tmb = mut_var_count_by_cell/mut_total_reads_by_cell
/scratch/data/leah/phertilizer/src/branching_split.py:108: RuntimeWarning: invalid value encountered in true_divide
  tmb = mut_var_count_by_cell/mut_total_reads_by_cell
/scratch/data/leah/phertilizer/src/branching_split.py:108: RuntimeWarning: invalid value encountered in true_divide
  tmb = mut_var_count_by_cell/mut_total_reads_by_cell
/scratch/data/leah/phertilizer/src/branching_split.py:108: RuntimeWarning: invalid value encountered in true_divide
  tmb = mut_var_count_by_cell/mut_total_reads_by_cell
/scratch/data/leah/phertilizer/src/branching_split.py:108: RuntimeWarning: invalid value encountered in true_divide
  tmb = mut_var_count_by_cell/mut_total_reads_by_cell
/scratch/data/leah/phertilizer/src/branching_split.py:108: RuntimeWarning: invalid value encountered in true_divide
  tmb = mut_var_count_by_cell/mut_total_reads_by_cell
/scratch/data/leah/phertilizer/src/branching_split.py:108: RuntimeWarning: invalid value encountered in true_divide
  tmb = mut_var_count_by_cell/mut_total_reads_by_cell
/scratch/data/leah/phertilizer/src/branching_split.py:108: RuntimeWarning: invalid value encountered in true_divide
  tmb = mut_var_count_by_cell/mut_total_reads_by_cell
/scratch/data/leah/phertilizer/src/branching_split.py:108: RuntimeWarning: invalid value encountered in true_divide
  tmb = mut_var_count_by_cell/mut_total_reads_by_cell
INFO:root:Mb Count a: 1.7424749163879598 Mb Count b: 4.08868501529052
/scratch/data/leah/phertilizer/src/linear_split.py:251: RuntimeWarning: invalid value encountered in true_divide
  tmb = mb_mut_count/mb_tot_count
INFO:root:Mb Count a: 0.34190231362467866 Mb Count b: 3.345991561181435
/scratch/data/leah/phertilizer/src/linear_split.py:251: RuntimeWarning: invalid value encountered in true_divide
  tmb = mb_mut_count/mb_tot_count
INFO:root:Mb Count a: 0.11306532663316583 Mb Count b: 3.0526315789473686
/scratch/data/leah/phertilizer/src/linear_split.py:251: RuntimeWarning: invalid value encountered in true_divide
  tmb = mb_mut_count/mb_tot_count
INFO:root:Mb Count a: 0.095 Mb Count b: 3.084070796460177
/scratch/data/leah/phertilizer/src/linear_split.py:251: RuntimeWarning: invalid value encountered in true_divide
  tmb = mb_mut_count/mb_tot_count
INFO:root:Mb Count a: 0.085 Mb Count b: 3.0707964601769913
INFO:root:Mb Count a: 1.928759894459103 Mb Count b: 4.469635627530365
/scratch/data/leah/phertilizer/src/linear_split.py:251: RuntimeWarning: invalid value encountered in true_divide
  tmb = mb_mut_count/mb_tot_count
INFO:root:Mb Count a: 0.14039408866995073 Mb Count b: 2.5681818181818183
/scratch/data/leah/phertilizer/src/linear_split.py:251: RuntimeWarning: invalid value encountered in true_divide
  tmb = mb_mut_count/mb_tot_count
INFO:root:Mb Count a: 0.0 Mb Count b: 2.4150197628458496
/scratch/data/leah/phertilizer/src/linear_split.py:251: RuntimeWarning: invalid value encountered in true_divide
  tmb = mb_mut_count/mb_tot_count
INFO:root:Mb Count a: 0.3524229074889868 Mb Count b: 3.186046511627907
/scratch/data/leah/phertilizer/src/linear_split.py:251: RuntimeWarning: invalid value encountered in true_divide
  tmb = mb_mut_count/mb_tot_count
INFO:root:Mb Count a: 0.14623655913978495 Mb Count b: 2.8633540372670807
/scratch/data/leah/phertilizer/src/linear_split.py:251: RuntimeWarning: invalid value encountered in true_divide
  tmb = mb_mut_count/mb_tot_count
INFO:root:Mb Count a: 0.12043010752688173 Mb Count b: 2.7639751552795033
/scratch/data/leah/phertilizer/src/linear_split.py:251: RuntimeWarning: invalid value encountered in true_divide
  tmb = mb_mut_count/mb_tot_count
INFO:root:Mb Count a: 0.11612903225806452 Mb Count b: 2.7453416149068324
/scratch/data/leah/phertilizer/src/linear_split.py:251: RuntimeWarning: invalid value encountered in true_divide
  tmb = mb_mut_count/mb_tot_count
INFO:root:Mb Count a: 0.11612903225806452 Mb Count b: 2.7453416149068324
INFO:root:Mb Count a: 2.2821670428893905 Mb Count b: 4.404371584699454
/scratch/data/leah/phertilizer/src/linear_split.py:251: RuntimeWarning: invalid value encountered in true_divide
  tmb = mb_mut_count/mb_tot_count
INFO:root:Mb Count a: 0.1652542372881356 Mb Count b: 2.3636363636363638
/scratch/data/leah/phertilizer/src/linear_split.py:251: RuntimeWarning: invalid value encountered in true_divide
  tmb = mb_mut_count/mb_tot_count
INFO:root:Mb Count a: 0.12815126050420167 Mb Count b: 2.466666666666667
/scratch/data/leah/phertilizer/src/linear_split.py:251: RuntimeWarning: invalid value encountered in true_divide
  tmb = mb_mut_count/mb_tot_count
INFO:root:Mb Count a: 0.12159329140461216 Mb Count b: 2.4295302013422817
/scratch/data/leah/phertilizer/src/linear_split.py:251: RuntimeWarning: invalid value encountered in true_divide
  tmb = mb_mut_count/mb_tot_count
INFO:root:Mb Count a: 0.11320754716981132 Mb Count b: 2.4295302013422817
/scratch/data/leah/phertilizer/src/linear_split.py:251: RuntimeWarning: invalid value encountered in true_divide
  tmb = mb_mut_count/mb_tot_count
INFO:root:Mb Count a: 0.11320754716981132 Mb Count b: 2.4496644295302015
/scratch/data/leah/phertilizer/src/linear_split.py:107: RuntimeWarning: invalid value encountered in true_divide
  vaf = binary_counts/binary_tcounts
INFO:root:Mb Count a: 2.3295019157088124 Mb Count b: 4.223021582733813
/scratch/data/leah/phertilizer/src/linear_split.py:251: RuntimeWarning: invalid value encountered in true_divide
  tmb = mb_mut_count/mb_tot_count
INFO:root:Mb Count a: 0.221875 Mb Count b: 2.5875
/scratch/data/leah/phertilizer/src/linear_split.py:251: RuntimeWarning: invalid value encountered in true_divide
  tmb = mb_mut_count/mb_tot_count
INFO:root:Mb Count a: 0.10606060606060606 Mb Count b: 2.4714285714285715
/scratch/data/leah/phertilizer/src/linear_split.py:251: RuntimeWarning: invalid value encountered in true_divide
  tmb = mb_mut_count/mb_tot_count
INFO:root:Mb Count a: 0.07272727272727272 Mb Count b: 2.4285714285714284
/scratch/data/leah/phertilizer/src/linear_split.py:107: RuntimeWarning: invalid value encountered in true_divide
  vaf = binary_counts/binary_tcounts
INFO:root:Mb Count a: 2.3139931740614332 Mb Count b: 4.214953271028038
/scratch/data/leah/phertilizer/src/linear_split.py:251: RuntimeWarning: invalid value encountered in true_divide
  tmb = mb_mut_count/mb_tot_count
INFO:root:Mb Count a: 0.17058823529411765 Mb Count b: 2.433333333333333
/scratch/data/leah/phertilizer/src/linear_split.py:251: RuntimeWarning: invalid value encountered in true_divide
  tmb = mb_mut_count/mb_tot_count
INFO:root:Mb Count a: 0.07602339181286549 Mb Count b: 2.2758620689655173
/scratch/data/leah/phertilizer/src/linear_split.py:251: RuntimeWarning: invalid value encountered in true_divide
  tmb = mb_mut_count/mb_tot_count
INFO:root:Mb Count a: 0.07017543859649122 Mb Count b: 2.2758620689655173
/scratch/data/leah/phertilizer/src/linear_split.py:107: RuntimeWarning: invalid value encountered in true_divide
  vaf = binary_counts/binary_tcounts
INFO:root:Mb Count a: 1.7253886010362693 Mb Count b: 4.053140096618358
INFO:root:Mb Count a: 0.009900990099009901 Mb Count b: 2.5454545454545454
INFO:root:Mb Count a: 0.009950248756218905 Mb Count b: 2.5527638190954773
INFO:root:Mb Count a: 0.0 Mb Count b: 2.56
INFO:root:Mb Count a: 0.0 Mb Count b: 2.57
/scratch/data/leah/phertilizer/src/branching_split.py:108: RuntimeWarning: invalid value encountered in true_divide
  tmb = mut_var_count_by_cell/mut_total_reads_by_cell
/scratch/data/leah/phertilizer/src/branching_split.py:108: RuntimeWarning: invalid value encountered in true_divide
  tmb = mut_var_count_by_cell/mut_total_reads_by_cell
/scratch/data/leah/phertilizer/src/branching_split.py:108: RuntimeWarning: invalid value encountered in true_divide
  tmb = mut_var_count_by_cell/mut_total_reads_by_cell
/scratch/data/leah/phertilizer/src/branching_split.py:108: RuntimeWarning: invalid value encountered in true_divide
  tmb = mut_var_count_by_cell/mut_total_reads_by_cell
/scratch/data/leah/phertilizer/src/branching_split.py:108: RuntimeWarning: invalid value encountered in true_divide
  tmb = mut_var_count_by_cell/mut_total_reads_by_cell
/scratch/data/leah/phertilizer/src/branching_split.py:108: RuntimeWarning: invalid value encountered in true_divide
  tmb = mut_var_count_by_cell/mut_total_reads_by_cell
/scratch/data/leah/phertilizer/src/branching_split.py:108: RuntimeWarning: invalid value encountered in true_divide
  tmb = mut_var_count_by_cell/mut_total_reads_by_cell
/scratch/data/leah/phertilizer/src/branching_split.py:108: RuntimeWarning: invalid value encountered in true_divide
  tmb = mut_var_count_by_cell/mut_total_reads_by_cell
/scratch/data/leah/phertilizer/src/branching_split.py:108: RuntimeWarning: invalid value encountered in true_divide
  tmb = mut_var_count_by_cell/mut_total_reads_by_cell
/scratch/data/leah/phertilizer/src/branching_split.py:108: RuntimeWarning: invalid value encountered in true_divide
  tmb = mut_var_count_by_cell/mut_total_reads_by_cell
/scratch/data/leah/phertilizer/src/branching_split.py:108: RuntimeWarning: invalid value encountered in true_divide
  tmb = mut_var_count_by_cell/mut_total_reads_by_cell
/scratch/data/leah/phertilizer/src/branching_split.py:108: RuntimeWarning: invalid value encountered in true_divide
  tmb = mut_var_count_by_cell/mut_total_reads_by_cell
/scratch/data/leah/phertilizer/src/branching_split.py:108: RuntimeWarning: invalid value encountered in true_divide
  tmb = mut_var_count_by_cell/mut_total_reads_by_cell
INFO:root:Mb Count a: 2.2041420118343193 Mb Count b: 6.121076233183857
INFO:root:Mb Count a: 0.14540059347181009 Mb Count b: 5.727678571428571
INFO:root:Mb Count a: 0.125 Mb Count b: 5.8933333333333335
INFO:root:Mb Count a: 0.1411764705882353 Mb Count b: 6.009049773755656
INFO:root:Mb Count a: 0.12352941176470589 Mb Count b: 5.981900452488688
INFO:root:Mb Count a: 1.9169329073482428 Mb Count b: 5.919354838709677
INFO:root:Mb Count a: 0.11285266457680251 Mb Count b: 5.929752066115703
INFO:root:Mb Count a: 0.1 Mb Count b: 5.95850622406639
INFO:root:Mb Count a: 0.096875 Mb Count b: 5.95850622406639
INFO:root:Mb Count a: 1.5643939393939394 Mb Count b: 5.548821548821548
INFO:root:Mb Count a: 0.1 Mb Count b: 6.8861209964412815
INFO:root:Mb Count a: 0.03202846975088968 Mb Count b: 6.932142857142857
INFO:root:Mb Count a: 0.028469750889679714 Mb Count b: 6.928571428571429
/scratch/data/leah/phertilizer/src/branching_split.py:108: RuntimeWarning: invalid value encountered in true_divide
  tmb = mut_var_count_by_cell/mut_total_reads_by_cell
/scratch/data/leah/phertilizer/src/branching_split.py:108: RuntimeWarning: invalid value encountered in true_divide
  tmb = mut_var_count_by_cell/mut_total_reads_by_cell
/scratch/data/leah/phertilizer/src/branching_split.py:108: RuntimeWarning: invalid value encountered in true_divide
  tmb = mut_var_count_by_cell/mut_total_reads_by_cell
/scratch/data/leah/phertilizer/src/branching_split.py:108: RuntimeWarning: invalid value encountered in true_divide
  tmb = mut_var_count_by_cell/mut_total_reads_by_cell
/scratch/data/leah/phertilizer/src/branching_split.py:108: RuntimeWarning: invalid value encountered in true_divide
  tmb = mut_var_count_by_cell/mut_total_reads_by_cell
/scratch/data/leah/phertilizer/src/branching_split.py:108: RuntimeWarning: invalid value encountered in true_divide
  tmb = mut_var_count_by_cell/mut_total_reads_by_cell
/scratch/data/leah/phertilizer/src/branching_split.py:108: RuntimeWarning: invalid value encountered in true_divide
  tmb = mut_var_count_by_cell/mut_total_reads_by_cell
/scratch/data/leah/phertilizer/src/branching_split.py:108: RuntimeWarning: invalid value encountered in true_divide
  tmb = mut_var_count_by_cell/mut_total_reads_by_cell
/scratch/data/leah/phertilizer/src/branching_split.py:108: RuntimeWarning: invalid value encountered in true_divide
  tmb = mut_var_count_by_cell/mut_total_reads_by_cell
/scratch/data/leah/phertilizer/src/branching_split.py:108: RuntimeWarning: invalid value encountered in true_divide
  tmb = mut_var_count_by_cell/mut_total_reads_by_cell
/scratch/data/leah/phertilizer/src/branching_split.py:108: RuntimeWarning: invalid value encountered in true_divide
  tmb = mut_var_count_by_cell/mut_total_reads_by_cell
/scratch/data/leah/phertilizer/src/branching_split.py:108: RuntimeWarning: invalid value encountered in true_divide
  tmb = mut_var_count_by_cell/mut_total_reads_by_cell
/scratch/data/leah/phertilizer/src/branching_split.py:108: RuntimeWarning: invalid value encountered in true_divide
  tmb = mut_var_count_by_cell/mut_total_reads_by_cell
/scratch/data/leah/phertilizer/src/branching_split.py:108: RuntimeWarning: invalid value encountered in true_divide
  tmb = mut_var_count_by_cell/mut_total_reads_by_cell
/scratch/data/leah/phertilizer/src/branching_split.py:108: RuntimeWarning: invalid value encountered in true_divide
  tmb = mut_var_count_by_cell/mut_total_reads_by_cell
/scratch/data/leah/phertilizer/src/branching_split.py:108: RuntimeWarning: invalid value encountered in true_divide
  tmb = mut_var_count_by_cell/mut_total_reads_by_cell
/scratch/data/leah/phertilizer/src/branching_split.py:108: RuntimeWarning: invalid value encountered in true_divide
  tmb = mut_var_count_by_cell/mut_total_reads_by_cell
/scratch/data/leah/phertilizer/src/branching_split.py:108: RuntimeWarning: invalid value encountered in true_divide
  tmb = mut_var_count_by_cell/mut_total_reads_by_cell
/scratch/data/leah/phertilizer/src/branching_split.py:108: RuntimeWarning: invalid value encountered in true_divide
  tmb = mut_var_count_by_cell/mut_total_reads_by_cell
/scratch/data/leah/phertilizer/src/branching_split.py:108: RuntimeWarning: invalid value encountered in true_divide
  tmb = mut_var_count_by_cell/mut_total_reads_by_cell
/scratch/data/leah/phertilizer/src/branching_split.py:108: RuntimeWarning: invalid value encountered in true_divide
  tmb = mut_var_count_by_cell/mut_total_reads_by_cell
/scratch/data/leah/phertilizer/src/branching_split.py:108: RuntimeWarning: invalid value encountered in true_divide
  tmb = mut_var_count_by_cell/mut_total_reads_by_cell
/scratch/data/leah/phertilizer/src/branching_split.py:108: RuntimeWarning: invalid value encountered in true_divide
  tmb = mut_var_count_by_cell/mut_total_reads_by_cell
/scratch/data/leah/phertilizer/src/branching_split.py:108: RuntimeWarning: invalid value encountered in true_divide
  tmb = mut_var_count_by_cell/mut_total_reads_by_cell
INFO:root:Mb Count a: 1.7827380952380953 Mb Count b: 4.293103448275862
/scratch/data/leah/phertilizer/src/linear_split.py:251: RuntimeWarning: invalid value encountered in true_divide
  tmb = mb_mut_count/mb_tot_count
INFO:root:Mb Count a: 0.3129411764705882 Mb Count b: 3.2338308457711444
/scratch/data/leah/phertilizer/src/linear_split.py:251: RuntimeWarning: invalid value encountered in true_divide
  tmb = mb_mut_count/mb_tot_count
INFO:root:Mb Count a: 0.19683257918552036 Mb Count b: 3.1032608695652173
/scratch/data/leah/phertilizer/src/linear_split.py:251: RuntimeWarning: invalid value encountered in true_divide
  tmb = mb_mut_count/mb_tot_count
INFO:root:Mb Count a: 0.15610859728506787 Mb Count b: 3.032608695652174
/scratch/data/leah/phertilizer/src/linear_split.py:251: RuntimeWarning: invalid value encountered in true_divide
  tmb = mb_mut_count/mb_tot_count
INFO:root:Mb Count a: 0.14672686230248308 Mb Count b: 3.0491803278688523
/scratch/data/leah/phertilizer/src/linear_split.py:251: RuntimeWarning: invalid value encountered in true_divide
  tmb = mb_mut_count/mb_tot_count
INFO:root:Mb Count a: 0.1399548532731377 Mb Count b: 3.0437158469945356
INFO:root:Mb Count a: 1.8591549295774648 Mb Count b: 4.254612546125461
/scratch/data/leah/phertilizer/src/linear_split.py:251: RuntimeWarning: invalid value encountered in true_divide
  tmb = mb_mut_count/mb_tot_count
INFO:root:Mb Count a: 0.09408602150537634 Mb Count b: 2.7913385826771653
/scratch/data/leah/phertilizer/src/linear_split.py:251: RuntimeWarning: invalid value encountered in true_divide
  tmb = mb_mut_count/mb_tot_count
INFO:root:Mb Count a: 0.07526881720430108 Mb Count b: 2.8346456692913384
/scratch/data/leah/phertilizer/src/linear_split.py:251: RuntimeWarning: invalid value encountered in true_divide
  tmb = mb_mut_count/mb_tot_count
INFO:root:Mb Count a: 0.06720430107526881 Mb Count b: 2.8897637795275593
/scratch/data/leah/phertilizer/src/linear_split.py:251: RuntimeWarning: invalid value encountered in true_divide
  tmb = mb_mut_count/mb_tot_count
INFO:root:Mb Count a: 0.06702412868632708 Mb Count b: 2.9130434782608696
/scratch/data/leah/phertilizer/src/linear_split.py:251: RuntimeWarning: invalid value encountered in true_divide
  tmb = mb_mut_count/mb_tot_count
INFO:root:Mb Count a: 0.07238605898123325 Mb Count b: 2.909090909090909
/scratch/data/leah/phertilizer/src/linear_split.py:251: RuntimeWarning: invalid value encountered in true_divide
  tmb = mb_mut_count/mb_tot_count
INFO:root:Mb Count a: 0.06989247311827956 Mb Count b: 2.909448818897638
/scratch/data/leah/phertilizer/src/linear_split.py:251: RuntimeWarning: invalid value encountered in true_divide
  tmb = mb_mut_count/mb_tot_count
INFO:root:Mb Count a: 0.06199460916442048 Mb Count b: 2.9019607843137254
/scratch/data/leah/phertilizer/src/linear_split.py:251: RuntimeWarning: invalid value encountered in true_divide
  tmb = mb_mut_count/mb_tot_count
INFO:root:Mb Count a: 0.06199460916442048 Mb Count b: 2.9215686274509802
INFO:root:Mb Count a: 1.8044077134986225 Mb Count b: 4.391634980988593
/scratch/data/leah/phertilizer/src/linear_split.py:251: RuntimeWarning: invalid value encountered in true_divide
  tmb = mb_mut_count/mb_tot_count
INFO:root:Mb Count a: 0.22277227722772278 Mb Count b: 3.1396396396396398
/scratch/data/leah/phertilizer/src/linear_split.py:251: RuntimeWarning: invalid value encountered in true_divide
  tmb = mb_mut_count/mb_tot_count
INFO:root:Mb Count a: 0.13267813267813267 Mb Count b: 3.0228310502283104
/scratch/data/leah/phertilizer/src/linear_split.py:251: RuntimeWarning: invalid value encountered in true_divide
  tmb = mb_mut_count/mb_tot_count
INFO:root:Mb Count a: 0.13022113022113022 Mb Count b: 3.0182648401826486
/scratch/data/leah/phertilizer/src/linear_split.py:107: RuntimeWarning: invalid value encountered in true_divide
  vaf = binary_counts/binary_tcounts
INFO:root:Mb Count a: 1.73125 Mb Count b: 4.028436018957346
/scratch/data/leah/phertilizer/src/linear_split.py:251: RuntimeWarning: invalid value encountered in true_divide
  tmb = mb_mut_count/mb_tot_count
INFO:root:Mb Count a: 0.0 Mb Count b: 2.6195121951219513
INFO:root:Mb Count a: 0.0 Mb Count b: 2.7219512195121953
/scratch/data/leah/phertilizer/src/linear_split.py:107: RuntimeWarning: invalid value encountered in true_divide
  vaf = binary_counts/binary_tcounts
INFO:root:Mb Count a: 2.5454545454545454 Mb Count b: 4.4392523364485985
INFO:root:Mb Count a: 0.11824324324324324 Mb Count b: 2.72
INFO:root:Mb Count a: 0.2628398791540785 Mb Count b: 3.15
INFO:root:Mb Count a: 0.0744047619047619 Mb Count b: 3.0285714285714285
INFO:root:Mb Count a: 0.06567164179104477 Mb Count b: 3.0277777777777777
INFO:root:Mb Count a: 0.06567164179104477 Mb Count b: 3.0277777777777777
/scratch/data/leah/phertilizer/src/linear_split.py:107: RuntimeWarning: invalid value encountered in true_divide
  vaf = binary_counts/binary_tcounts
INFO:root:Mb Count a: 2.2629310344827585 Mb Count b: 4.453237410071942
INFO:root:Mb Count a: 0.0 Mb Count b: 2.223021582733813
INFO:root:Mb Count a: 0.0 Mb Count b: 2.3956834532374103
INFO:root:Mb Count a: 0.2906574394463668 Mb Count b: 3.0853658536585367
INFO:root:Mb Count a: 0.061016949152542375 Mb Count b: 2.9078947368421053
INFO:root:Mb Count a: 0.04067796610169491 Mb Count b: 2.8552631578947367
/scratch/data/leah/phertilizer/src/branching_split.py:108: RuntimeWarning: invalid value encountered in true_divide
  tmb = mut_var_count_by_cell/mut_total_reads_by_cell
/scratch/data/leah/phertilizer/src/branching_split.py:108: RuntimeWarning: invalid value encountered in true_divide
  tmb = mut_var_count_by_cell/mut_total_reads_by_cell
/scratch/data/leah/phertilizer/src/branching_split.py:108: RuntimeWarning: invalid value encountered in true_divide
  tmb = mut_var_count_by_cell/mut_total_reads_by_cell
/scratch/data/leah/phertilizer/src/branching_split.py:108: RuntimeWarning: invalid value encountered in true_divide
  tmb = mut_var_count_by_cell/mut_total_reads_by_cell
INFO:root:Mb Count a: 0.04778156996587031 Mb Count b: 3.9411764705882355
INFO:root:Mb Count a: 0.0 Mb Count b: 8.549019607843137
INFO:root:Mb Count a: 0.051194539249146756 Mb Count b: 3.9572192513368982
INFO:root:Mb Count a: 0.0 Mb Count b: 8.549019607843137
INFO:root:Mb Count a: 0.07849829351535836 Mb Count b: 3.9679144385026737
INFO:root:Mb Count a: 0.0 Mb Count b: 8.549019607843137
