/scratch/data/leah/phertilizer/src/branching_split.py:108: RuntimeWarning: invalid value encountered in true_divide
  tmb = mut_var_count_by_cell/mut_total_reads_by_cell
/scratch/data/leah/phertilizer/src/branching_split.py:108: RuntimeWarning: invalid value encountered in true_divide
  tmb = mut_var_count_by_cell/mut_total_reads_by_cell
/scratch/data/leah/phertilizer/src/branching_split.py:108: RuntimeWarning: invalid value encountered in true_divide
  tmb = mut_var_count_by_cell/mut_total_reads_by_cell
INFO:root:Mb Count a: 1.6518877727745065 Mb Count b: 5.86969397828233
INFO:root:Mb Count a: 0.19258746103221336 Mb Count b: 6.769496544916091
INFO:root:Mb Count a: 1.6446137859369587 Mb Count b: 5.8331688055281345
INFO:root:Mb Count a: 0.19258746103221336 Mb Count b: 6.769496544916091
INFO:root:Mb Count a: 1.796674748874264 Mb Count b: 5.834649555774926
INFO:root:Mb Count a: 0.19258746103221336 Mb Count b: 6.769496544916091
INFO:root:Mb Count a: 1.862011637572735 Mb Count b: 3.2114014251781473
INFO:root:Mb Count a: 0.057356608478802994 Mb Count b: 2.903206650831354
INFO:root:Mb Count a: 1.8927680798004987 Mb Count b: 3.2446555819477436
INFO:root:Mb Count a: 0.057356608478802994 Mb Count b: 2.903206650831354
INFO:root:Mb Count a: 1.8196176226101413 Mb Count b: 3.151425178147268
INFO:root:Mb Count a: 0.057356608478802994 Mb Count b: 2.903206650831354
INFO:root:Mb Count a: 0.766612641815235 Mb Count b: 2.6945392491467577
INFO:root:Mb Count a: 0.0 Mb Count b: 1.4125
INFO:root:Mb Count a: 0.0 Mb Count b: 1.4462474645030425
INFO:root:Mb Count a: 0.0 Mb Count b: 1.4578313253012047
INFO:root:Mb Count a: 0.0 Mb Count b: 1.4578313253012047
INFO:root:Mb Count a: 0.7469879518072289 Mb Count b: 2.635048231511254
INFO:root:Mb Count a: 0.0 Mb Count b: 1.4416342412451362
INFO:root:Mb Count a: 0.0 Mb Count b: 1.4783427495291903
INFO:root:Mb Count a: 0.0 Mb Count b: 1.4869402985074627
INFO:root:Mb Count a: 0.0 Mb Count b: 1.4869402985074627
INFO:root:Mb Count a: 1.2806236080178173 Mb Count b: 3.5245901639344264
INFO:root:Mb Count a: 0.0 Mb Count b: 1.1363636363636365
INFO:root:Mb Count a: 0.0 Mb Count b: 1.1554621848739495
INFO:root:Mb Count a: 0.0 Mb Count b: 1.1554621848739495
/scratch/data/leah/phertilizer/src/branching_split.py:108: RuntimeWarning: invalid value encountered in true_divide
  tmb = mut_var_count_by_cell/mut_total_reads_by_cell
/scratch/data/leah/phertilizer/src/branching_split.py:108: RuntimeWarning: invalid value encountered in true_divide
  tmb = mut_var_count_by_cell/mut_total_reads_by_cell
/scratch/data/leah/phertilizer/src/branching_split.py:108: RuntimeWarning: invalid value encountered in true_divide
  tmb = mut_var_count_by_cell/mut_total_reads_by_cell
/scratch/data/leah/phertilizer/src/branching_split.py:108: RuntimeWarning: invalid value encountered in true_divide
  tmb = mut_var_count_by_cell/mut_total_reads_by_cell
/scratch/data/leah/phertilizer/src/linear_split.py:251: RuntimeWarning: invalid value encountered in true_divide
  tmb = mb_mut_count/mb_tot_count
INFO:root:Mb Count a: 1.0403800475059382 Mb Count b: 4.475320829220138
INFO:root:Mb Count a: 0.07838479809976247 Mb Count b: 6.173741362290227
INFO:root:Mb Count a: 1.0285035629453683 Mb Count b: 4.54096742349457
INFO:root:Mb Count a: 0.07838479809976247 Mb Count b: 6.173741362290227
INFO:root:Mb Count a: 0.9311163895486936 Mb Count b: 4.477788746298124
INFO:root:Mb Count a: 0.07838479809976247 Mb Count b: 6.173741362290227
INFO:root:Mb Count a: 0.8949367088607595 Mb Count b: 1.8803131991051454
INFO:root:Mb Count a: 0.013924050632911392 Mb Count b: 2.0727069351230427
INFO:root:Mb Count a: 0.8151898734177215 Mb Count b: 1.803131991051454
INFO:root:Mb Count a: 0.013924050632911392 Mb Count b: 2.0727069351230427
INFO:root:Mb Count a: 0.9607594936708861 Mb Count b: 2.0671140939597317
INFO:root:Mb Count a: 0.013924050632911392 Mb Count b: 2.0727069351230427
/scratch/data/leah/phertilizer/src/branching_split.py:108: RuntimeWarning: invalid value encountered in true_divide
  tmb = mut_var_count_by_cell/mut_total_reads_by_cell
/scratch/data/leah/phertilizer/src/branching_split.py:108: RuntimeWarning: invalid value encountered in true_divide
  tmb = mut_var_count_by_cell/mut_total_reads_by_cell
/scratch/data/leah/phertilizer/src/branching_split.py:108: RuntimeWarning: invalid value encountered in true_divide
  tmb = mut_var_count_by_cell/mut_total_reads_by_cell
/scratch/data/leah/phertilizer/src/branching_split.py:108: RuntimeWarning: invalid value encountered in true_divide
  tmb = mut_var_count_by_cell/mut_total_reads_by_cell
INFO:root:Mb Count a: 0.7002237136465325 Mb Count b: 3.640177690029615
INFO:root:Mb Count a: 0.011185682326621925 Mb Count b: 5.888450148075025
INFO:root:Mb Count a: 0.802013422818792 Mb Count b: 3.6386969397828235
INFO:root:Mb Count a: 0.011185682326621925 Mb Count b: 5.888450148075025
/scratch/data/leah/phertilizer/src/linear_split.py:251: RuntimeWarning: invalid value encountered in true_divide
  tmb = mb_mut_count/mb_tot_count
INFO:root:Mb Count a: 0.7360178970917226 Mb Count b: 3.684106614017769
INFO:root:Mb Count a: 0.011185682326621925 Mb Count b: 5.888450148075025
/scratch/data/leah/phertilizer/src/branching_split.py:108: RuntimeWarning: invalid value encountered in true_divide
  tmb = mut_var_count_by_cell/mut_total_reads_by_cell
/scratch/data/leah/phertilizer/src/branching_split.py:108: RuntimeWarning: invalid value encountered in true_divide
  tmb = mut_var_count_by_cell/mut_total_reads_by_cell
/scratch/data/leah/phertilizer/src/branching_split.py:108: RuntimeWarning: invalid value encountered in true_divide
  tmb = mut_var_count_by_cell/mut_total_reads_by_cell
/scratch/data/leah/phertilizer/src/branching_split.py:108: RuntimeWarning: invalid value encountered in true_divide
  tmb = mut_var_count_by_cell/mut_total_reads_by_cell
/scratch/data/leah/phertilizer/src/linear_split.py:251: RuntimeWarning: invalid value encountered in true_divide
  tmb = mb_mut_count/mb_tot_count
INFO:root:Mb Count a: 1.6846689895470384 Mb Count b: 3.190082644628099
/scratch/data/leah/phertilizer/src/linear_split.py:251: RuntimeWarning: invalid value encountered in true_divide
  tmb = mb_mut_count/mb_tot_count
INFO:root:Mb Count a: 0.047038327526132406 Mb Count b: 3.106060606060606
/scratch/data/leah/phertilizer/src/linear_split.py:251: RuntimeWarning: invalid value encountered in true_divide
  tmb = mb_mut_count/mb_tot_count
INFO:root:Mb Count a: 1.7282229965156795 Mb Count b: 3.193526170798898
/scratch/data/leah/phertilizer/src/linear_split.py:251: RuntimeWarning: invalid value encountered in true_divide
  tmb = mb_mut_count/mb_tot_count
INFO:root:Mb Count a: 0.047038327526132406 Mb Count b: 3.106060606060606
/scratch/data/leah/phertilizer/src/linear_split.py:251: RuntimeWarning: invalid value encountered in true_divide
  tmb = mb_mut_count/mb_tot_count
INFO:root:Mb Count a: 1.5905923344947734 Mb Count b: 3.2169421487603307
/scratch/data/leah/phertilizer/src/linear_split.py:251: RuntimeWarning: invalid value encountered in true_divide
  tmb = mb_mut_count/mb_tot_count
INFO:root:Mb Count a: 0.047038327526132406 Mb Count b: 3.106060606060606
/scratch/data/leah/phertilizer/src/branching_split.py:108: RuntimeWarning: invalid value encountered in true_divide
  tmb = mut_var_count_by_cell/mut_total_reads_by_cell
/scratch/data/leah/phertilizer/src/branching_split.py:108: RuntimeWarning: invalid value encountered in true_divide
  tmb = mut_var_count_by_cell/mut_total_reads_by_cell
/scratch/data/leah/phertilizer/src/branching_split.py:108: RuntimeWarning: invalid value encountered in true_divide
  tmb = mut_var_count_by_cell/mut_total_reads_by_cell
/scratch/data/leah/phertilizer/src/branching_split.py:108: RuntimeWarning: invalid value encountered in true_divide
  tmb = mut_var_count_by_cell/mut_total_reads_by_cell
/scratch/data/leah/phertilizer/src/linear_split.py:251: RuntimeWarning: invalid value encountered in true_divide
  tmb = mb_mut_count/mb_tot_count
INFO:root:Mb Count a: 0.0 Mb Count b: 1.8602620087336244
/scratch/data/leah/phertilizer/src/linear_split.py:251: RuntimeWarning: invalid value encountered in true_divide
  tmb = mb_mut_count/mb_tot_count
INFO:root:Mb Count a: 0.0 Mb Count b: 1.96688132474701
/scratch/data/leah/phertilizer/src/linear_split.py:251: RuntimeWarning: invalid value encountered in true_divide
  tmb = mb_mut_count/mb_tot_count
INFO:root:Mb Count a: 0.0 Mb Count b: 2.0091911764705883
/scratch/data/leah/phertilizer/src/linear_split.py:251: RuntimeWarning: invalid value encountered in true_divide
  tmb = mb_mut_count/mb_tot_count
INFO:root:Mb Count a: 0.0 Mb Count b: 2.0091911764705883
/scratch/data/leah/phertilizer/src/linear_split.py:251: RuntimeWarning: invalid value encountered in true_divide
  tmb = mb_mut_count/mb_tot_count
INFO:root:Mb Count a: 0.0 Mb Count b: 1.8541666666666667
/scratch/data/leah/phertilizer/src/linear_split.py:251: RuntimeWarning: invalid value encountered in true_divide
  tmb = mb_mut_count/mb_tot_count
INFO:root:Mb Count a: 0.0 Mb Count b: 1.969890510948905
/scratch/data/leah/phertilizer/src/linear_split.py:251: RuntimeWarning: invalid value encountered in true_divide
  tmb = mb_mut_count/mb_tot_count
INFO:root:Mb Count a: 0.8222778473091364 Mb Count b: 2.3460949464012253
/scratch/data/leah/phertilizer/src/linear_split.py:251: RuntimeWarning: invalid value encountered in true_divide
  tmb = mb_mut_count/mb_tot_count
INFO:root:Mb Count a: 0.34372367312552654 Mb Count b: 1.0830188679245283
/scratch/data/leah/phertilizer/src/linear_split.py:251: RuntimeWarning: invalid value encountered in true_divide
  tmb = mb_mut_count/mb_tot_count
/scratch/data/leah/phertilizer/src/linear_split.py:251: RuntimeWarning: invalid value encountered in true_divide
  tmb = mb_mut_count/mb_tot_count
INFO:root:Mb Count a: 0.0 Mb Count b: 1.8577777777777778
/scratch/data/leah/phertilizer/src/linear_split.py:251: RuntimeWarning: invalid value encountered in true_divide
  tmb = mb_mut_count/mb_tot_count
INFO:root:Mb Count a: 0.0 Mb Count b: 1.995417048579285
/scratch/data/leah/phertilizer/src/linear_split.py:251: RuntimeWarning: invalid value encountered in true_divide
  tmb = mb_mut_count/mb_tot_count
INFO:root:Mb Count a: 0.0 Mb Count b: 2.005499541704858
