Input data:
    chr  mutation_id  cell_id base  var  total
0  chr7            0      124    C    0      1
1  chr7            0      127    C    0      1
2  chr7            0      240    C    0      1
3  chr7            0      251    C    1      1
4  chr7            0      272    C    0      1
Phertilizer is running in infinite sites mode...

Starting tilling phase....
func:'till' args:[(<phertilizer.Phertilizer object at 0x7fb3092c72e0>, 0.0, 0.0, 5, 0.001, 13, False, 1.0, 0.15), {}] took: 28.3642 sec
Tilling phase complete!
Phertilizing a tree with n:4705 cells and m: 1392 SNVs

Starting planting phase....
Starting k-clonal tree inference for seed:
Cells: 4705 Muts: 1392 Ancestral Muts: 0 
Sprouting seed:
Cells: 4705 Muts: 1392 Ancestral Muts: 0 
Sprouting a branching tree from seed ...
(Generator(PCG64) at 0x7FB2F6EFD3C0,)
Jump Percentage: 0.8346862349586041 First Eig Val: -3.823266924190705e-16 First Gap: 3.3375859960788454e-16 Largest Gap: 0.2672801028514128 Number of Clusters:5
CellsA: 3742 CellsB: 963
MutsA: 289 mutsB: 473
Jump Percentage: 0.9999999999999392 First Eig Val: -5.782238538193096e-17 First Gap: 9.234041693046665e-16 Largest Gap: 0.25181824339683995 Number of Clusters:5
CellsA: 3229 CellsB: 1476
MutsA: 226 mutsB: 603
Jump Percentage: 0.5333924620487016 First Eig Val: -1.4209915324276508e-15 First Gap: 9.127433975363082e-16 Largest Gap: 0.2067717102518289 Number of Clusters:6
CellsA: 3742 CellsB: 963
MutsA: 289 mutsB: 473
Jump Percentage: 0.9999999999999392 First Eig Val: -5.782238538193096e-17 First Gap: 9.234041693046665e-16 Largest Gap: 0.25181824339683995 Number of Clusters:5
CellsA: 3229 CellsB: 1476
MutsA: 226 mutsB: 603
Jump Percentage: 0.5333924620487016 First Eig Val: -1.4209915324276508e-15 First Gap: 9.127433975363082e-16 Largest Gap: 0.2067717102518289 Number of Clusters:6
CellsA: 3742 CellsB: 963
MutsA: 289 mutsB: 473
Jump Percentage: 0.9999999999999392 First Eig Val: -5.782238538193096e-17 First Gap: 9.234041693046665e-16 Largest Gap: 0.25181824339683995 Number of Clusters:5
CellsA: 3229 CellsB: 1476
MutsA: 226 mutsB: 603
Jump Percentage: 0.5333924620487016 First Eig Val: -1.4209915324276508e-15 First Gap: 9.127433975363082e-16 Largest Gap: 0.2067717102518289 Number of Clusters:6
CellsA: 3742 CellsB: 963
MutsA: 289 mutsB: 473
Jump Percentage: 0.9999999999999392 First Eig Val: -5.782238538193096e-17 First Gap: 9.234041693046665e-16 Largest Gap: 0.25181824339683995 Number of Clusters:5
CellsA: 3229 CellsB: 1476
MutsA: 226 mutsB: 603
Jump Percentage: 0.5333924620487016 First Eig Val: -1.4209915324276508e-15 First Gap: 9.127433975363082e-16 Largest Gap: 0.2067717102518289 Number of Clusters:6
CellsA: 3742 CellsB: 963
MutsA: 289 mutsB: 473
Jump Percentage: 0.9999999999999392 First Eig Val: -5.782238538193096e-17 First Gap: 9.234041693046665e-16 Largest Gap: 0.25181824339683995 Number of Clusters:5
CellsA: 3229 CellsB: 1476
MutsA: 226 mutsB: 603
Clonal Tree 0 
[(0, 1), (0, 2)] 
Loss Nodes:0
Node: 0 Cells: 0 Muts: 563 LostMuts: 0
Node: 1 Cells: 3229 Muts: 226 LostMuts: 0
Node: 2 Cells: 1476 Muts: 603 LostMuts: 0
Total Cells: 4705 Total Muts: 1392
Jump Percentage: 0.9999999999999364 First Eig Val: -3.1916192329526526e-16 First Gap: 3.3794197237596963e-16 Largest Gap: 0.24923387018240295 Number of Clusters:5
CellsA: 1476 CellsB: 3229
MutsA: 603 mutsB: 226
Jump Percentage: 0.5333924620487016 First Eig Val: -1.4209915324276508e-15 First Gap: 9.127433975363082e-16 Largest Gap: 0.2067717102518289 Number of Clusters:6
CellsA: 963 CellsB: 3742
MutsA: 473 mutsB: 289
Jump Percentage: 0.9999999999999392 First Eig Val: -5.782238538193096e-17 First Gap: 9.234041693046665e-16 Largest Gap: 0.25181824339683995 Number of Clusters:5
CellsA: 1476 CellsB: 3229
MutsA: 603 mutsB: 226
Jump Percentage: 0.5333924620487016 First Eig Val: -1.4209915324276508e-15 First Gap: 9.127433975363082e-16 Largest Gap: 0.2067717102518289 Number of Clusters:6
CellsA: 963 CellsB: 3742
MutsA: 473 mutsB: 289
Jump Percentage: 0.9999999999999392 First Eig Val: -5.782238538193096e-17 First Gap: 9.234041693046665e-16 Largest Gap: 0.25181824339683995 Number of Clusters:5
CellsA: 1476 CellsB: 3229
MutsA: 603 mutsB: 226
Jump Percentage: 0.5333924620487016 First Eig Val: -1.4209915324276508e-15 First Gap: 9.127433975363082e-16 Largest Gap: 0.2067717102518289 Number of Clusters:6
CellsA: 963 CellsB: 3742
MutsA: 473 mutsB: 289
Jump Percentage: 0.9999999999999392 First Eig Val: -5.782238538193096e-17 First Gap: 9.234041693046665e-16 Largest Gap: 0.25181824339683995 Number of Clusters:5
CellsA: 1476 CellsB: 3229
MutsA: 603 mutsB: 226
Jump Percentage: 0.5333924620487016 First Eig Val: -1.4209915324276508e-15 First Gap: 9.127433975363082e-16 Largest Gap: 0.2067717102518289 Number of Clusters:6
CellsA: 963 CellsB: 3742
MutsA: 473 mutsB: 289
Jump Percentage: 0.9999999999999392 First Eig Val: -5.782238538193096e-17 First Gap: 9.234041693046665e-16 Largest Gap: 0.25181824339683995 Number of Clusters:5
CellsA: 1476 CellsB: 3229
MutsA: 603 mutsB: 226
Jump Percentage: 0.5333924620487016 First Eig Val: -1.4209915324276508e-15 First Gap: 9.127433975363082e-16 Largest Gap: 0.2067717102518289 Number of Clusters:6
CellsA: 963 CellsB: 3742
MutsA: 473 mutsB: 289
Clonal Tree 0 
[(0, 1), (0, 2)] 
Loss Nodes:0
Node: 0 Cells: 0 Muts: 630 LostMuts: 0
Node: 1 Cells: 963 Muts: 473 LostMuts: 0
Node: 2 Cells: 3742 Muts: 289 LostMuts: 0
Total Cells: 4705 Total Muts: 1392
Jump Percentage: 0.975931500293191 First Eig Val: -2.367690699422125e-16 First Gap: 2.3329991427431993e-16 Largest Gap: 0.26777462704429916 Number of Clusters:5
CellsA: 963 CellsB: 3742
MutsA: 473 mutsB: 289
Jump Percentage: 0.9999999999999392 First Eig Val: -5.782238538193096e-17 First Gap: 9.234041693046665e-16 Largest Gap: 0.25181824339683995 Number of Clusters:5
CellsA: 1476 CellsB: 3229
MutsA: 603 mutsB: 226
Jump Percentage: 0.5333924620487016 First Eig Val: -1.4209915324276508e-15 First Gap: 9.127433975363082e-16 Largest Gap: 0.2067717102518289 Number of Clusters:6
CellsA: 963 CellsB: 3742
MutsA: 473 mutsB: 289
Jump Percentage: 0.9999999999999392 First Eig Val: -5.782238538193096e-17 First Gap: 9.234041693046665e-16 Largest Gap: 0.25181824339683995 Number of Clusters:5
CellsA: 1476 CellsB: 3229
MutsA: 603 mutsB: 226
Jump Percentage: 0.5333924620487016 First Eig Val: -1.4209915324276508e-15 First Gap: 9.127433975363082e-16 Largest Gap: 0.2067717102518289 Number of Clusters:6
CellsA: 963 CellsB: 3742
MutsA: 473 mutsB: 289
Jump Percentage: 0.9999999999999392 First Eig Val: -5.782238538193096e-17 First Gap: 9.234041693046665e-16 Largest Gap: 0.25181824339683995 Number of Clusters:5
CellsA: 1476 CellsB: 3229
MutsA: 603 mutsB: 226
Jump Percentage: 0.5333924620487016 First Eig Val: -1.4209915324276508e-15 First Gap: 9.127433975363082e-16 Largest Gap: 0.2067717102518289 Number of Clusters:6
CellsA: 963 CellsB: 3742
MutsA: 473 mutsB: 289
Jump Percentage: 0.9999999999999392 First Eig Val: -5.782238538193096e-17 First Gap: 9.234041693046665e-16 Largest Gap: 0.25181824339683995 Number of Clusters:5
CellsA: 1476 CellsB: 3229
MutsA: 603 mutsB: 226
Jump Percentage: 0.5333924620487016 First Eig Val: -1.4209915324276508e-15 First Gap: 9.127433975363082e-16 Largest Gap: 0.2067717102518289 Number of Clusters:6
CellsA: 963 CellsB: 3742
MutsA: 473 mutsB: 289
Jump Percentage: 0.9999999999999392 First Eig Val: -5.782238538193096e-17 First Gap: 9.234041693046665e-16 Largest Gap: 0.25181824339683995 Number of Clusters:5
CellsA: 1476 CellsB: 3229
MutsA: 603 mutsB: 226
Clonal Tree 0 
[(0, 1), (0, 2)] 
Loss Nodes:0
Node: 0 Cells: 0 Muts: 563 LostMuts: 0
Node: 1 Cells: 1476 Muts: 603 LostMuts: 0
Node: 2 Cells: 3229 Muts: 226 LostMuts: 0
Total Cells: 4705 Total Muts: 1392
Finding the maximum likelihood tree out of 3 trees....
Clonal Tree 0 
[(0, 1), (0, 2)] 
Loss Nodes:0
Node: 0 Cells: 0 Muts: 563 LostMuts: 0
Node: 1 Cells: 3229 Muts: 226 LostMuts: 0
Node: 2 Cells: 1476 Muts: 603 LostMuts: 0
Total Cells: 4705 Total Muts: 1392

Tree: 0 LogLikelihood: 1244191.5927396966
Variant LogLikelihood: -63629.69034517593 
RDR LogLikelihood: 1307821.2830848726

Clonal Tree 1 
[(0, 1), (0, 2)] 
Loss Nodes:0
Node: 0 Cells: 0 Muts: 630 LostMuts: 0
Node: 1 Cells: 963 Muts: 473 LostMuts: 0
Node: 2 Cells: 3742 Muts: 289 LostMuts: 0
Total Cells: 4705 Total Muts: 1392

Tree: 1 LogLikelihood: -610336.6700588277
Variant LogLikelihood: -66037.09086330645 
RDR LogLikelihood: -544299.5791955213

Clonal Tree 2 
[(0, 1), (0, 2)] 
Loss Nodes:0
Node: 0 Cells: 0 Muts: 563 LostMuts: 0
Node: 1 Cells: 1476 Muts: 603 LostMuts: 0
Node: 2 Cells: 3229 Muts: 226 LostMuts: 0
Total Cells: 4705 Total Muts: 1392

Tree: 2 LogLikelihood: 1244191.5927396966
Variant LogLikelihood: -63629.69034517593 
RDR LogLikelihood: 1307821.2830848726

Sprouted tree:
Clonal Tree 0 
[(0, 1), (0, 2)] 
Loss Nodes:0
Node: 0 Cells: 0 Muts: 563 LostMuts: 0
Node: 1 Cells: 3229 Muts: 226 LostMuts: 0
Node: 2 Cells: 1476 Muts: 603 LostMuts: 0
Total Cells: 4705 Total Muts: 1392
Cells: 3229 Muts: 226 Ancestral Muts: 563 
Cells: 1476 Muts: 603 Ancestral Muts: 563 
Sprouting seed:
Cells: 4705 Muts: 1392 Ancestral Muts: 0 
Sprouting a linear tree from seed ...
Jump Percentage: 0.9999999999999354 First Eig Val: -7.111154272439469e-16 First Gap: 2.1899707296701181e-16 Largest Gap: 0.2201739537686896 Number of Clusters:4
start:0 iteration:0
CellsA: 3229 CellsB: 1476
MutsA: 782 MutsB: 610
Jump Percentage: 0.6447334668066182 First Eig Val: -2.7760867555053107e-16 First Gap: 5.59485656568509e-16 Largest Gap: 0.22312219871276706 Number of Clusters:3
start:0 iteration:1
CellsA: 4192 CellsB: 513
MutsA: 930 MutsB: 462
Jump Percentage: 0.999999999999956 First Eig Val: -1.439883035304654e-16 First Gap: 2.0296748752692233e-16 Largest Gap: 0.2162696733543364 Number of Clusters:4
start:0 iteration:2
CellsA: 3229 CellsB: 1476
MutsA: 782 MutsB: 610
Jump Percentage: 0.6447334668066182 First Eig Val: -2.7760867555053107e-16 First Gap: 5.59485656568509e-16 Largest Gap: 0.22312219871276706 Number of Clusters:3
start:0 iteration:3
CellsA: 4192 CellsB: 513
MutsA: 930 MutsB: 462
Jump Percentage: 0.999999999999956 First Eig Val: -1.439883035304654e-16 First Gap: 2.0296748752692233e-16 Largest Gap: 0.2162696733543364 Number of Clusters:4
start:0 iteration:4
CellsA: 3229 CellsB: 1476
MutsA: 782 MutsB: 610
Jump Percentage: 0.6447334668066182 First Eig Val: -2.7760867555053107e-16 First Gap: 5.59485656568509e-16 Largest Gap: 0.22312219871276706 Number of Clusters:3
start:0 iteration:5
CellsA: 4192 CellsB: 513
MutsA: 930 MutsB: 462
Jump Percentage: 0.999999999999956 First Eig Val: -1.439883035304654e-16 First Gap: 2.0296748752692233e-16 Largest Gap: 0.2162696733543364 Number of Clusters:4
start:0 iteration:6
CellsA: 3229 CellsB: 1476
MutsA: 782 MutsB: 610
Jump Percentage: 0.6447334668066182 First Eig Val: -2.7760867555053107e-16 First Gap: 5.59485656568509e-16 Largest Gap: 0.22312219871276706 Number of Clusters:3
start:0 iteration:7
CellsA: 4192 CellsB: 513
MutsA: 930 MutsB: 462
Jump Percentage: 0.999999999999956 First Eig Val: -1.439883035304654e-16 First Gap: 2.0296748752692233e-16 Largest Gap: 0.2162696733543364 Number of Clusters:4
start:0 iteration:8
CellsA: 3229 CellsB: 1476
MutsA: 782 MutsB: 610
Jump Percentage: 0.6447334668066182 First Eig Val: -2.7760867555053107e-16 First Gap: 5.59485656568509e-16 Largest Gap: 0.22312219871276706 Number of Clusters:3
start:0 iteration:9
CellsA: 4192 CellsB: 513
MutsA: 930 MutsB: 462
adding tree to internal list:
Clonal Tree 0 
[(0, 1)] 
Loss Nodes:0
Node: 0 Cells: 4192 Muts: 930 LostMuts: 0
Node: 1 Cells: 513 Muts: 462 LostMuts: 0
Total Cells: 4705 Total Muts: 1392
Jump Percentage: 0.8245528012940473 First Eig Val: -1.2440805352161522e-15 First Gap: 5.22476844711364e-16 Largest Gap: 0.22292809914218306 Number of Clusters:4
start:1 iteration:0
CellsA: 4192 CellsB: 513
MutsA: 930 MutsB: 462
Jump Percentage: 0.999999999999956 First Eig Val: -1.439883035304654e-16 First Gap: 2.0296748752692233e-16 Largest Gap: 0.2162696733543364 Number of Clusters:4
start:1 iteration:1
CellsA: 3229 CellsB: 1476
MutsA: 782 MutsB: 610
Jump Percentage: 0.6447334668066182 First Eig Val: -2.7760867555053107e-16 First Gap: 5.59485656568509e-16 Largest Gap: 0.22312219871276706 Number of Clusters:3
start:1 iteration:2
CellsA: 4192 CellsB: 513
MutsA: 930 MutsB: 462
Jump Percentage: 0.999999999999956 First Eig Val: -1.439883035304654e-16 First Gap: 2.0296748752692233e-16 Largest Gap: 0.2162696733543364 Number of Clusters:4
start:1 iteration:3
CellsA: 3229 CellsB: 1476
MutsA: 782 MutsB: 610
Jump Percentage: 0.6447334668066182 First Eig Val: -2.7760867555053107e-16 First Gap: 5.59485656568509e-16 Largest Gap: 0.22312219871276706 Number of Clusters:3
start:1 iteration:4
CellsA: 4192 CellsB: 513
MutsA: 930 MutsB: 462
Jump Percentage: 0.999999999999956 First Eig Val: -1.439883035304654e-16 First Gap: 2.0296748752692233e-16 Largest Gap: 0.2162696733543364 Number of Clusters:4
start:1 iteration:5
CellsA: 3229 CellsB: 1476
MutsA: 782 MutsB: 610
Jump Percentage: 0.6447334668066182 First Eig Val: -2.7760867555053107e-16 First Gap: 5.59485656568509e-16 Largest Gap: 0.22312219871276706 Number of Clusters:3
start:1 iteration:6
CellsA: 4192 CellsB: 513
MutsA: 930 MutsB: 462
Jump Percentage: 0.999999999999956 First Eig Val: -1.439883035304654e-16 First Gap: 2.0296748752692233e-16 Largest Gap: 0.2162696733543364 Number of Clusters:4
start:1 iteration:7
CellsA: 3229 CellsB: 1476
MutsA: 782 MutsB: 610
Jump Percentage: 0.6447334668066182 First Eig Val: -2.7760867555053107e-16 First Gap: 5.59485656568509e-16 Largest Gap: 0.22312219871276706 Number of Clusters:3
start:1 iteration:8
CellsA: 4192 CellsB: 513
MutsA: 930 MutsB: 462
Jump Percentage: 0.999999999999956 First Eig Val: -1.439883035304654e-16 First Gap: 2.0296748752692233e-16 Largest Gap: 0.2162696733543364 Number of Clusters:4
start:1 iteration:9
CellsA: 3229 CellsB: 1476
MutsA: 782 MutsB: 610
adding tree to internal list:
Clonal Tree 0 
[(0, 1)] 
Loss Nodes:0
Node: 0 Cells: 3229 Muts: 782 LostMuts: 0
Node: 1 Cells: 1476 Muts: 610 LostMuts: 0
Total Cells: 4705 Total Muts: 1392
Jump Percentage: 0.902622621245045 First Eig Val: -1.9427861097730794e-16 First Gap: 3.2640379353601196e-16 Largest Gap: 0.22315394203831482 Number of Clusters:4
start:2 iteration:0
CellsA: 4192 CellsB: 513
MutsA: 930 MutsB: 462
Jump Percentage: 0.999999999999956 First Eig Val: -1.439883035304654e-16 First Gap: 2.0296748752692233e-16 Largest Gap: 0.2162696733543364 Number of Clusters:4
start:2 iteration:1
CellsA: 3229 CellsB: 1476
MutsA: 782 MutsB: 610
Jump Percentage: 0.6447334668066182 First Eig Val: -2.7760867555053107e-16 First Gap: 5.59485656568509e-16 Largest Gap: 0.22312219871276706 Number of Clusters:3
start:2 iteration:2
CellsA: 4192 CellsB: 513
MutsA: 930 MutsB: 462
Jump Percentage: 0.999999999999956 First Eig Val: -1.439883035304654e-16 First Gap: 2.0296748752692233e-16 Largest Gap: 0.2162696733543364 Number of Clusters:4
start:2 iteration:3
CellsA: 3229 CellsB: 1476
MutsA: 782 MutsB: 610
Jump Percentage: 0.6447334668066182 First Eig Val: -2.7760867555053107e-16 First Gap: 5.59485656568509e-16 Largest Gap: 0.22312219871276706 Number of Clusters:3
start:2 iteration:4
CellsA: 4192 CellsB: 513
MutsA: 930 MutsB: 462
Jump Percentage: 0.999999999999956 First Eig Val: -1.439883035304654e-16 First Gap: 2.0296748752692233e-16 Largest Gap: 0.2162696733543364 Number of Clusters:4
start:2 iteration:5
CellsA: 3229 CellsB: 1476
MutsA: 782 MutsB: 610
Jump Percentage: 0.6447334668066182 First Eig Val: -2.7760867555053107e-16 First Gap: 5.59485656568509e-16 Largest Gap: 0.22312219871276706 Number of Clusters:3
start:2 iteration:6
CellsA: 4192 CellsB: 513
MutsA: 930 MutsB: 462
Jump Percentage: 0.999999999999956 First Eig Val: -1.439883035304654e-16 First Gap: 2.0296748752692233e-16 Largest Gap: 0.2162696733543364 Number of Clusters:4
start:2 iteration:7
CellsA: 3229 CellsB: 1476
MutsA: 782 MutsB: 610
Jump Percentage: 0.6447334668066182 First Eig Val: -2.7760867555053107e-16 First Gap: 5.59485656568509e-16 Largest Gap: 0.22312219871276706 Number of Clusters:3
start:2 iteration:8
CellsA: 4192 CellsB: 513
MutsA: 930 MutsB: 462
Jump Percentage: 0.999999999999956 First Eig Val: -1.439883035304654e-16 First Gap: 2.0296748752692233e-16 Largest Gap: 0.2162696733543364 Number of Clusters:4
start:2 iteration:9
CellsA: 3229 CellsB: 1476
MutsA: 782 MutsB: 610
adding tree to internal list:
Clonal Tree 0 
[(0, 1)] 
Loss Nodes:0
Node: 0 Cells: 3229 Muts: 782 LostMuts: 0
Node: 1 Cells: 1476 Muts: 610 LostMuts: 0
Total Cells: 4705 Total Muts: 1392
adding tree to candidate list:
Clonal Tree 1 
[(0, 1)] 
Loss Nodes:0
Node: 0 Cells: 3229 Muts: 782 LostMuts: 0
Node: 1 Cells: 1476 Muts: 610 LostMuts: 0
Total Cells: 4705 Total Muts: 1392
Normalized Likelihood: -0.6220117090750147
Jump Percentage: 0.9999999999999685 First Eig Val: -2.473201394760075e-16 First Gap: 2.612108463916567e-16 Largest Gap: 0.5939213626149377 Number of Clusters:3
start:0 iteration:0
CellsA: 2401 CellsB: 828
MutsA: 630 MutsB: 762
Jump Percentage: 0.9999999999999715 First Eig Val: 3.678146308174201e-17 First Gap: 1.5626680764905776e-16 Largest Gap: 0.577766531916684 Number of Clusters:3
adding tree to internal list:
Clonal Tree 0 
[(0, 1)] 
Loss Nodes:0
Node: 0 Cells: 2401 Muts: 630 LostMuts: 0
Node: 1 Cells: 2304 Muts: 762 LostMuts: 0
Total Cells: 4705 Total Muts: 1392
Jump Percentage: 0.9999999999999701 First Eig Val: 8.45639411993565e-18 First Gap: 6.995354789989973e-16 Largest Gap: 0.6007269946042941 Number of Clusters:3
start:1 iteration:0
CellsA: 2401 CellsB: 828
MutsA: 630 MutsB: 762
Jump Percentage: 0.9999999999999715 First Eig Val: 3.678146308174201e-17 First Gap: 1.5626680764905776e-16 Largest Gap: 0.577766531916684 Number of Clusters:3
adding tree to internal list:
Clonal Tree 0 
[(0, 1)] 
Loss Nodes:0
Node: 0 Cells: 2401 Muts: 630 LostMuts: 0
Node: 1 Cells: 2304 Muts: 762 LostMuts: 0
Total Cells: 4705 Total Muts: 1392
Jump Percentage: 0.9999999999999611 First Eig Val: -7.2218731343985805e-16 First Gap: 3.348194128348662e-16 Largest Gap: 0.5956194913137345 Number of Clusters:3
start:2 iteration:0
CellsA: 2401 CellsB: 828
MutsA: 630 MutsB: 762
Jump Percentage: 0.9999999999999715 First Eig Val: 3.678146308174201e-17 First Gap: 1.5626680764905776e-16 Largest Gap: 0.577766531916684 Number of Clusters:3
adding tree to internal list:
Clonal Tree 0 
[(0, 1)] 
Loss Nodes:0
Node: 0 Cells: 2401 Muts: 630 LostMuts: 0
Node: 1 Cells: 2304 Muts: 762 LostMuts: 0
Total Cells: 4705 Total Muts: 1392
adding tree to candidate list:
Clonal Tree 0 
[(0, 1)] 
Loss Nodes:0
Node: 0 Cells: 2401 Muts: 630 LostMuts: 0
Node: 1 Cells: 2304 Muts: 762 LostMuts: 0
Total Cells: 4705 Total Muts: 1392
Normalized Likelihood: -0.5895434693688958
Jump Percentage: 0.999999999999974 First Eig Val: 3.0247406465190287e-16 First Gap: 9.522426783574918e-17 Largest Gap: 0.7445475471942602 Number of Clusters:2
start:0 iteration:0
CellsA: 1608 CellsB: 793
MutsA: 406 MutsB: 986
Jump Percentage: 0.9999999999999611 First Eig Val: -3.786090635690087e-16 First Gap: 8.729478553842781e-16 Largest Gap: 0.6090966801585198 Number of Clusters:2
adding tree to internal list:
Clonal Tree 0 
[(0, 1)] 
Loss Nodes:0
Node: 0 Cells: 1608 Muts: 406 LostMuts: 0
Node: 1 Cells: 3097 Muts: 986 LostMuts: 0
Total Cells: 4705 Total Muts: 1392
Jump Percentage: 0.999999999999989 First Eig Val: -1.0539919906318527e-16 First Gap: 3.7981587010328105e-16 Largest Gap: 0.7420096387368549 Number of Clusters:2
start:1 iteration:0
CellsA: 1608 CellsB: 793
MutsA: 406 MutsB: 986
Jump Percentage: 0.9999999999999611 First Eig Val: -3.786090635690087e-16 First Gap: 8.729478553842781e-16 Largest Gap: 0.6090966801585198 Number of Clusters:2
adding tree to internal list:
Clonal Tree 0 
[(0, 1)] 
Loss Nodes:0
Node: 0 Cells: 1608 Muts: 406 LostMuts: 0
Node: 1 Cells: 3097 Muts: 986 LostMuts: 0
Total Cells: 4705 Total Muts: 1392
Jump Percentage: 0.9999999999999843 First Eig Val: 1.5225786826263231e-16 First Gap: 1.7419969607021774e-16 Largest Gap: 0.7893936935498842 Number of Clusters:2
start:2 iteration:0
CellsA: 1608 CellsB: 793
MutsA: 406 MutsB: 986
Jump Percentage: 0.9999999999999611 First Eig Val: -3.786090635690087e-16 First Gap: 8.729478553842781e-16 Largest Gap: 0.6090966801585198 Number of Clusters:2
adding tree to internal list:
Clonal Tree 0 
[(0, 1)] 
Loss Nodes:0
Node: 0 Cells: 1608 Muts: 406 LostMuts: 0
Node: 1 Cells: 3097 Muts: 986 LostMuts: 0
Total Cells: 4705 Total Muts: 1392
adding tree to candidate list:
Clonal Tree 0 
[(0, 1)] 
Loss Nodes:0
Node: 0 Cells: 1608 Muts: 406 LostMuts: 0
Node: 1 Cells: 3097 Muts: 986 LostMuts: 0
Total Cells: 4705 Total Muts: 1392
Normalized Likelihood: -0.48966696076447586
Using SNV kernel only
Jump Percentage: 0.13519190689592114 First Eig Val: 5.29679184109954e-16 First Gap: 0.67439101986799 Largest Gap: 0.67439101986799 Number of Clusters:1
start:0 iteration:0
CellsA: 840 CellsB: 768
MutsA: 355 MutsB: 1037
Using SNV kernel only
Jump Percentage: 0.20658179024696 First Eig Val: 1.0093337620855245e-15 First Gap: 0.7748851591340021 Largest Gap: 0.7748851591340021 Number of Clusters:1
start:0 iteration:1
CellsA: 1252 CellsB: 356
MutsA: 354 MutsB: 1038
Using SNV kernel only
Jump Percentage: 0.2031866571502684 First Eig Val: -2.581176810631655e-15 First Gap: 0.7739174909277288 Largest Gap: 0.7739174909277288 Number of Clusters:1
start:0 iteration:2
CellsA: 1251 CellsB: 357
MutsA: 354 MutsB: 1038
Using SNV kernel only
Jump Percentage: 0.2031866571502684 First Eig Val: -2.581176810631655e-15 First Gap: 0.7739174909277288 Largest Gap: 0.7739174909277288 Number of Clusters:1
adding tree to internal list:
Clonal Tree 0 
[(0, 1)] 
Loss Nodes:0
Node: 0 Cells: 1251 Muts: 354 LostMuts: 0
Node: 1 Cells: 3454 Muts: 1038 LostMuts: 0
Total Cells: 4705 Total Muts: 1392
Using SNV kernel only
Jump Percentage: 0.1569049205587266 First Eig Val: 3.7841976417432773e-16 First Gap: 0.684187316484692 Largest Gap: 0.684187316484692 Number of Clusters:1
start:1 iteration:0
CellsA: 422 CellsB: 1186
MutsA: 235 MutsB: 1157
Using SNV kernel only
Jump Percentage: 0.21167295083044366 First Eig Val: 6.984956642100054e-16 First Gap: 0.7143780276203724 Largest Gap: 0.7143780276203724 Number of Clusters:1
start:1 iteration:1
CellsA: 492 CellsB: 1116
MutsA: 235 MutsB: 1157
Using SNV kernel only
Jump Percentage: 0.21238550106908266 First Eig Val: -1.814463768887886e-15 First Gap: 0.7156099872168753 Largest Gap: 0.7156099872168753 Number of Clusters:1
adding tree to internal list:
Clonal Tree 0 
[(0, 1)] 
Loss Nodes:0
Node: 0 Cells: 492 Muts: 235 LostMuts: 0
Node: 1 Cells: 4213 Muts: 1157 LostMuts: 0
Total Cells: 4705 Total Muts: 1392
Using SNV kernel only
Jump Percentage: 0.14801063223398045 First Eig Val: -6.311507373617478e-16 First Gap: 0.6788381122580887 Largest Gap: 0.6788381122580887 Number of Clusters:1
start:2 iteration:0
CellsA: 400 CellsB: 1208
MutsA: 237 MutsB: 1155
Using SNV kernel only
Jump Percentage: 0.19405284088233102 First Eig Val: 1.3404483651483083e-16 First Gap: 0.6333572224038457 Largest Gap: 0.6333572224038457 Number of Clusters:1
start:2 iteration:1
CellsA: 471 CellsB: 1137
MutsA: 225 MutsB: 1167
Using SNV kernel only
Jump Percentage: 0.1946634738404574 First Eig Val: 4.1718254307961323e-16 First Gap: 0.6357582060465332 Largest Gap: 0.6357582060465332 Number of Clusters:1
start:2 iteration:2
CellsA: 1029 CellsB: 579
MutsA: 380 MutsB: 1012
Using SNV kernel only
Jump Percentage: 0.11988796625458038 First Eig Val: -3.1162447422629215e-15 First Gap: 0.7738609773684528 Largest Gap: 0.7738609773684528 Number of Clusters:1
start:2 iteration:3
CellsA: 1432 CellsB: 176
MutsA: 380 MutsB: 1012
Using SNV kernel only
Jump Percentage: 0.11988796625458038 First Eig Val: -3.1162447422629215e-15 First Gap: 0.7738609773684528 Largest Gap: 0.7738609773684528 Number of Clusters:1
adding tree to internal list:
Clonal Tree 0 
[(0, 1)] 
Loss Nodes:0
Node: 0 Cells: 1432 Muts: 380 LostMuts: 0
Node: 1 Cells: 3273 Muts: 1012 LostMuts: 0
Total Cells: 4705 Total Muts: 1392
adding tree to candidate list:
Clonal Tree 2 
[(0, 1)] 
Loss Nodes:0
Node: 0 Cells: 1432 Muts: 380 LostMuts: 0
Node: 1 Cells: 3273 Muts: 1012 LostMuts: 0
Total Cells: 4705 Total Muts: 1392
Normalized Likelihood: -0.49333847024769906
Using SNV kernel only
Jump Percentage: 0.1474785263665258 First Eig Val: 5.318574273878374e-17 First Gap: 0.6917897424380808 Largest Gap: 0.6917897424380808 Number of Clusters:1
start:0 iteration:0
CellsA: 985 CellsB: 447
MutsA: 366 MutsB: 1026
Using SNV kernel only
Jump Percentage: 0.2623382111676117 First Eig Val: 1.5988186776138035e-15 First Gap: 0.9015689862178021 Largest Gap: 0.9015689862178021 Number of Clusters:1
start:0 iteration:1
CellsA: 1358 CellsB: 74
MutsA: 365 MutsB: 1027
Using SNV kernel only
Jump Percentage: 0.25910078595125935 First Eig Val: -2.478419328711299e-15 First Gap: 0.900746454147451 Largest Gap: 0.900746454147451 Number of Clusters:1
start:0 iteration:2
CellsA: 1357 CellsB: 75
MutsA: 365 MutsB: 1027
Using SNV kernel only
Jump Percentage: 0.25910078595125935 First Eig Val: -2.478419328711299e-15 First Gap: 0.900746454147451 Largest Gap: 0.900746454147451 Number of Clusters:1
adding tree to internal list:
Clonal Tree 0 
[(0, 1)] 
Loss Nodes:0
Node: 0 Cells: 1357 Muts: 365 LostMuts: 0
Node: 1 Cells: 3348 Muts: 1027 LostMuts: 0
Total Cells: 4705 Total Muts: 1392
Using SNV kernel only
Jump Percentage: 0.1653616914254686 First Eig Val: 1.184559798354609e-15 First Gap: 0.690247495804978 Largest Gap: 0.690247495804978 Number of Clusters:1
start:1 iteration:0
CellsA: 891 CellsB: 541
MutsA: 358 MutsB: 1034
Using SNV kernel only
Jump Percentage: 0.22269834323801382 First Eig Val: -3.916399636999035e-15 First Gap: 0.857768367081833 Largest Gap: 0.857768367081833 Number of Clusters:1
start:1 iteration:1
CellsA: 1294 CellsB: 138
MutsA: 357 MutsB: 1035
Using SNV kernel only
Jump Percentage: 0.22444936090376583 First Eig Val: -8.370845919286679e-16 First Gap: 0.8579501442644961 Largest Gap: 0.8579501442644961 Number of Clusters:1
adding tree to internal list:
Clonal Tree 0 
[(0, 1)] 
Loss Nodes:0
Node: 0 Cells: 1294 Muts: 357 LostMuts: 0
Node: 1 Cells: 3411 Muts: 1035 LostMuts: 0
Total Cells: 4705 Total Muts: 1392
Using SNV kernel only
Jump Percentage: 0.13847093454847945 First Eig Val: -3.522215367761181e-16 First Gap: 0.6992154287615935 Largest Gap: 0.6992154287615935 Number of Clusters:1
start:2 iteration:0
CellsA: 835 CellsB: 597
MutsA: 356 MutsB: 1036
Using SNV kernel only
Jump Percentage: 0.1276083879083871 First Eig Val: 1.645530008575962e-15 First Gap: 0.776795629457466 Largest Gap: 0.776795629457466 Number of Clusters:1
start:2 iteration:1
CellsA: 1256 CellsB: 176
MutsA: 355 MutsB: 1037
Using SNV kernel only
Jump Percentage: 0.12804912880557479 First Eig Val: 3.56674414574723e-15 First Gap: 0.7772510726397901 Largest Gap: 0.7772510726397901 Number of Clusters:1
adding tree to internal list:
Clonal Tree 0 
[(0, 1)] 
Loss Nodes:0
Node: 0 Cells: 1256 Muts: 355 LostMuts: 0
Node: 1 Cells: 3449 Muts: 1037 LostMuts: 0
Total Cells: 4705 Total Muts: 1392
adding tree to candidate list:
Clonal Tree 0 
[(0, 1)] 
Loss Nodes:0
Node: 0 Cells: 1357 Muts: 365 LostMuts: 0
Node: 1 Cells: 3348 Muts: 1027 LostMuts: 0
Total Cells: 4705 Total Muts: 1392
Normalized Likelihood: -0.49455160057014297
Using SNV kernel only
Jump Percentage: 0.18595862021116746 First Eig Val: 7.300525991319294e-17 First Gap: 0.6893543989695675 Largest Gap: 0.6893543989695675 Number of Clusters:1
start:0 iteration:0
CellsA: 909 CellsB: 448
MutsA: 345 MutsB: 1047
Using SNV kernel only
Jump Percentage: 0.13151947000087502 First Eig Val: 6.471842943806481e-16 First Gap: 0.7862894917382215 Largest Gap: 0.7862894917382215 Number of Clusters:1
start:0 iteration:1
CellsA: 1248 CellsB: 109
MutsA: 345 MutsB: 1047
Using SNV kernel only
Jump Percentage: 0.13151947000087502 First Eig Val: 6.471842943806481e-16 First Gap: 0.7862894917382215 Largest Gap: 0.7862894917382215 Number of Clusters:1
adding tree to internal list:
Clonal Tree 0 
[(0, 1)] 
Loss Nodes:0
Node: 0 Cells: 1248 Muts: 345 LostMuts: 0
Node: 1 Cells: 3457 Muts: 1047 LostMuts: 0
Total Cells: 4705 Total Muts: 1392
Using SNV kernel only
Jump Percentage: 0.15463052148400303 First Eig Val: -6.245854659785425e-16 First Gap: 0.6246099308460532 Largest Gap: 0.6246099308460532 Number of Clusters:1
start:1 iteration:0
CellsA: 355 CellsB: 1002
MutsA: 228 MutsB: 1164
Using SNV kernel only
Jump Percentage: 0.2491470046322472 First Eig Val: 7.012992699816874e-16 First Gap: 0.7315878471648335 Largest Gap: 0.7315878471648335 Number of Clusters:1
start:1 iteration:1
CellsA: 435 CellsB: 922
MutsA: 211 MutsB: 1181
Using SNV kernel only
Jump Percentage: 0.2517408469267558 First Eig Val: -6.179529415007424e-16 First Gap: 0.7354830671963273 Largest Gap: 0.7354830671963273 Number of Clusters:1
Using SNV kernel only
Jump Percentage: 0.19319556020264106 First Eig Val: -1.2290076846676133e-15 First Gap: 0.5649737451092933 Largest Gap: 0.5649737451092933 Number of Clusters:1
start:2 iteration:0
CellsA: 500 CellsB: 857
MutsA: 219 MutsB: 1173
Using SNV kernel only
Jump Percentage: 0.23191197791321055 First Eig Val: -2.8493810029750784e-16 First Gap: 0.5730072757775645 Largest Gap: 0.5730072757775645 Number of Clusters:1
start:2 iteration:1
CellsA: 566 CellsB: 791
MutsA: 217 MutsB: 1175
Using SNV kernel only
Jump Percentage: 0.23232281728007184 First Eig Val: 7.308515923456812e-17 First Gap: 0.5734209975296448 Largest Gap: 0.5734209975296448 Number of Clusters:1
adding tree to internal list:
Clonal Tree 0 
[(0, 1)] 
Loss Nodes:0
Node: 0 Cells: 566 Muts: 217 LostMuts: 0
Node: 1 Cells: 4139 Muts: 1175 LostMuts: 0
Total Cells: 4705 Total Muts: 1392
adding tree to candidate list:
Clonal Tree 0 
[(0, 1)] 
Loss Nodes:0
Node: 0 Cells: 1248 Muts: 345 LostMuts: 0
Node: 1 Cells: 3457 Muts: 1047 LostMuts: 0
Total Cells: 4705 Total Muts: 1392
Normalized Likelihood: -0.4935396296680212
Using SNV kernel only
Jump Percentage: 0.16654125271717476 First Eig Val: 7.735386892464325e-16 First Gap: 0.6987257342311332 Largest Gap: 0.6987257342311332 Number of Clusters:1
start:0 iteration:0
CellsA: 799 CellsB: 449
MutsA: 327 MutsB: 1065
Using SNV kernel only
Jump Percentage: 0.16299628017525378 First Eig Val: 2.8664920477409155e-15 First Gap: 0.7275521846406304 Largest Gap: 0.7275521846406304 Number of Clusters:1
start:0 iteration:1
CellsA: 1150 CellsB: 98
MutsA: 326 MutsB: 1066
Using SNV kernel only
Jump Percentage: 0.16299628017525378 First Eig Val: 2.8664920477409155e-15 First Gap: 0.7275521846406304 Largest Gap: 0.7275521846406304 Number of Clusters:1
adding tree to internal list:
Clonal Tree 0 
[(0, 1)] 
Loss Nodes:0
Node: 0 Cells: 1150 Muts: 326 LostMuts: 0
Node: 1 Cells: 3555 Muts: 1066 LostMuts: 0
Total Cells: 4705 Total Muts: 1392
Using SNV kernel only
Jump Percentage: 0.17885076695872587 First Eig Val: -7.30440470558777e-18 First Gap: 0.6900998390615398 Largest Gap: 0.6900998390615398 Number of Clusters:1
start:1 iteration:0
CellsA: 392 CellsB: 856
MutsA: 237 MutsB: 1155
Using SNV kernel only
Jump Percentage: 0.26648879981351764 First Eig Val: 3.246121852246879e-16 First Gap: 0.55091273718575 Largest Gap: 0.55091273718575 Number of Clusters:1
start:1 iteration:1
CellsA: 478 CellsB: 770
MutsA: 218 MutsB: 1174
Using SNV kernel only
Jump Percentage: 0.2736657561561467 First Eig Val: 3.633357985911755e-16 First Gap: 0.5150902067645499 Largest Gap: 0.5150902067645499 Number of Clusters:1
adding tree to internal list:
Clonal Tree 0 
[(0, 1)] 
Loss Nodes:0
Node: 0 Cells: 478 Muts: 218 LostMuts: 0
Node: 1 Cells: 4227 Muts: 1174 LostMuts: 0
Total Cells: 4705 Total Muts: 1392
Using SNV kernel only
Jump Percentage: 0.1546422537722263 First Eig Val: 1.4323352172341134e-15 First Gap: 0.7091692838235466 Largest Gap: 0.7091692838235466 Number of Clusters:1
start:2 iteration:0
CellsA: 311 CellsB: 937
MutsA: 242 MutsB: 1150
Using SNV kernel only
Jump Percentage: 0.2558694817177709 First Eig Val: -2.3592320359974076e-15 First Gap: 0.595417023597095 Largest Gap: 0.595417023597095 Number of Clusters:1
start:2 iteration:1
CellsA: 458 CellsB: 790
MutsA: 207 MutsB: 1185
Using SNV kernel only
Jump Percentage: 0.265895024620878 First Eig Val: 1.677983836661532e-15 First Gap: 0.6014541579582837 Largest Gap: 0.6014541579582837 Number of Clusters:1
start:2 iteration:2
CellsA: 457 CellsB: 791
MutsA: 207 MutsB: 1185
Using SNV kernel only
Jump Percentage: 0.265895024620878 First Eig Val: 1.677983836661532e-15 First Gap: 0.6014541579582837 Largest Gap: 0.6014541579582837 Number of Clusters:1
adding tree to candidate list:
Clonal Tree 0 
[(0, 1)] 
Loss Nodes:0
Node: 0 Cells: 1150 Muts: 326 LostMuts: 0
Node: 1 Cells: 3555 Muts: 1066 LostMuts: 0
Total Cells: 4705 Total Muts: 1392
Normalized Likelihood: -0.4928105290709619
Using SNV kernel only
Jump Percentage: 0.16679752850252708 First Eig Val: -2.816294156422889e-16 First Gap: 0.6930879135965075 Largest Gap: 0.6930879135965075 Number of Clusters:1
start:0 iteration:0
CellsA: 345 CellsB: 805
MutsA: 224 MutsB: 1168
Using SNV kernel only
Jump Percentage: 0.22206526681331804 First Eig Val: 1.0416374068594419e-16 First Gap: 0.5385519339503144 Largest Gap: 0.5385519339503144 Number of Clusters:1
start:0 iteration:1
CellsA: 421 CellsB: 729
MutsA: 202 MutsB: 1190
Using SNV kernel only
Jump Percentage: 0.22888805906491594 First Eig Val: 1.4174796346665258e-16 First Gap: 0.5451647841578672 Largest Gap: 0.5451647841578672 Number of Clusters:1
Using SNV kernel only
Jump Percentage: 0.1518926545096878 First Eig Val: -1.0638836065533459e-16 First Gap: 0.7086142478025746 Largest Gap: 0.7086142478025746 Number of Clusters:1
start:1 iteration:0
CellsA: 341 CellsB: 809
MutsA: 221 MutsB: 1171
Using SNV kernel only
Jump Percentage: 0.24274839049332295 First Eig Val: 5.21725018297318e-16 First Gap: 0.7040703911574877 Largest Gap: 0.7040703911574877 Number of Clusters:1
start:1 iteration:1
CellsA: 440 CellsB: 710
MutsA: 199 MutsB: 1193
Using SNV kernel only
Jump Percentage: 0.244431230597878 First Eig Val: 3.29125674979603e-17 First Gap: 0.7094831446097364 Largest Gap: 0.7094831446097364 Number of Clusters:1
Using SNV kernel only
Jump Percentage: 0.1869758051698006 First Eig Val: 5.468316199697426e-16 First Gap: 0.6817094494395275 Largest Gap: 0.6817094494395275 Number of Clusters:1
start:2 iteration:0
CellsA: 374 CellsB: 776
MutsA: 218 MutsB: 1174
Using SNV kernel only
Jump Percentage: 0.25043595751264647 First Eig Val: 7.94978845463535e-16 First Gap: 0.6556972106434868 Largest Gap: 0.6556972106434868 Number of Clusters:1
start:2 iteration:1
CellsA: 445 CellsB: 705
MutsA: 205 MutsB: 1187
Using SNV kernel only
Jump Percentage: 0.24284561829755333 First Eig Val: 4.965102603885831e-16 First Gap: 0.658552274301748 Largest Gap: 0.658552274301748 Number of Clusters:1
Clonal Tree 0 
[(0, 1)] 
Loss Nodes:0
Node: 0 Cells: 3229 Muts: 782 LostMuts: 0
Node: 1 Cells: 1476 Muts: 610 LostMuts: 0
Total Cells: 4705 Total Muts: 1392
Normalized Likelihood: -0.6220117090750147
Clonal Tree 1 
[(0, 1)] 
Loss Nodes:0
Node: 0 Cells: 2401 Muts: 630 LostMuts: 0
Node: 1 Cells: 2304 Muts: 762 LostMuts: 0
Total Cells: 4705 Total Muts: 1392
Normalized Likelihood: -0.5895434693688958
Clonal Tree 2 
[(0, 1)] 
Loss Nodes:0
Node: 0 Cells: 1608 Muts: 406 LostMuts: 0
Node: 1 Cells: 3097 Muts: 986 LostMuts: 0
Total Cells: 4705 Total Muts: 1392
Normalized Likelihood: -0.48966696076447586
Clonal Tree 3 
[(0, 1)] 
Loss Nodes:0
Node: 0 Cells: 1432 Muts: 380 LostMuts: 0
Node: 1 Cells: 3273 Muts: 1012 LostMuts: 0
Total Cells: 4705 Total Muts: 1392
Normalized Likelihood: -0.49333847024769906
Clonal Tree 4 
[(0, 1)] 
Loss Nodes:0
Node: 0 Cells: 1357 Muts: 365 LostMuts: 0
Node: 1 Cells: 3348 Muts: 1027 LostMuts: 0
Total Cells: 4705 Total Muts: 1392
Normalized Likelihood: -0.49455160057014297
Clonal Tree 5 
[(0, 1)] 
Loss Nodes:0
Node: 0 Cells: 1248 Muts: 345 LostMuts: 0
Node: 1 Cells: 3457 Muts: 1047 LostMuts: 0
Total Cells: 4705 Total Muts: 1392
Normalized Likelihood: -0.4935396296680212
Clonal Tree 6 
[(0, 1)] 
Loss Nodes:0
Node: 0 Cells: 1150 Muts: 326 LostMuts: 0
Node: 1 Cells: 3555 Muts: 1066 LostMuts: 0
Total Cells: 4705 Total Muts: 1392
Normalized Likelihood: -0.4928105290709619
linear split norm likelihood best tree
Clonal Tree 2 
[(0, 1)] 
Loss Nodes:0
Node: 0 Cells: 1608 Muts: 406 LostMuts: 0
Node: 1 Cells: 3097 Muts: 986 LostMuts: 0
Total Cells: 4705 Total Muts: 1392
Sprouted tree:
Clonal Tree 2 
[(0, 1)] 
Loss Nodes:0
Node: 0 Cells: 1608 Muts: 406 LostMuts: 0
Node: 1 Cells: 3097 Muts: 986 LostMuts: 0
Total Cells: 4705 Total Muts: 1392
Cells: 3097 Muts: 986 Ancestral Muts: 406 
Number of subproblems remaining: 3
Starting k-clonal tree inference for seed:
Cells: 3097 Muts: 986 Ancestral Muts: 406 
Sprouting seed:
Cells: 3097 Muts: 986 Ancestral Muts: 406 
Sprouting a branching tree from seed ...
(Generator(PCG64) at 0x7FB2F6EFD3C0,)
Jump Percentage: 0.9999999999999428 First Eig Val: -2.2200875532057122e-16 First Gap: 4.214697464288969e-16 Largest Gap: 0.443554111803714 Number of Clusters:4
CellsA: 513 CellsB: 2584
MutsA: 244 mutsB: 175
Jump Percentage: 0.9999999999999237 First Eig Val: -1.355334369337333e-16 First Gap: 7.910956434808105e-16 Largest Gap: 0.22083078991994326 Number of Clusters:4
Clonal Tree 0 
[(0, 1), (0, 2)] 
Loss Nodes:0
Node: 0 Cells: 0 Muts: 567 LostMuts: 0
Node: 1 Cells: 513 Muts: 244 LostMuts: 0
Node: 2 Cells: 2584 Muts: 175 LostMuts: 0
Total Cells: 3097 Total Muts: 986
Jump Percentage: 0.9999999999999659 First Eig Val: -2.428220454790419e-16 First Gap: 1.2626746364910177e-15 Largest Gap: 0.4337333886147319 Number of Clusters:4
CellsA: 2584 CellsB: 513
MutsA: 175 mutsB: 244
Jump Percentage: 0.9999999999999237 First Eig Val: -1.355334369337333e-16 First Gap: 7.910956434808105e-16 Largest Gap: 0.22083078991994326 Number of Clusters:4
Clonal Tree 0 
[(0, 1), (0, 2)] 
Loss Nodes:0
Node: 0 Cells: 0 Muts: 567 LostMuts: 0
Node: 1 Cells: 2584 Muts: 175 LostMuts: 0
Node: 2 Cells: 513 Muts: 244 LostMuts: 0
Total Cells: 3097 Total Muts: 986
Jump Percentage: 0.9999999999999823 First Eig Val: -2.861818361067896e-16 First Gap: 4.2493666573432396e-16 Largest Gap: 0.4311241906020067 Number of Clusters:4
CellsA: 2584 CellsB: 513
MutsA: 175 mutsB: 244
Jump Percentage: 0.9999999999999237 First Eig Val: -1.355334369337333e-16 First Gap: 7.910956434808105e-16 Largest Gap: 0.22083078991994326 Number of Clusters:4
Clonal Tree 0 
[(0, 1), (0, 2)] 
Loss Nodes:0
Node: 0 Cells: 0 Muts: 567 LostMuts: 0
Node: 1 Cells: 2584 Muts: 175 LostMuts: 0
Node: 2 Cells: 513 Muts: 244 LostMuts: 0
Total Cells: 3097 Total Muts: 986
Finding the maximum likelihood tree out of 3 trees....
Clonal Tree 0 
[(0, 1), (0, 2)] 
Loss Nodes:0
Node: 0 Cells: 0 Muts: 567 LostMuts: 0
Node: 1 Cells: 513 Muts: 244 LostMuts: 0
Node: 2 Cells: 2584 Muts: 175 LostMuts: 0
Total Cells: 3097 Total Muts: 986

Tree: 0 LogLikelihood: 375149.709391656
Variant LogLikelihood: -58317.03007237349 
RDR LogLikelihood: 433466.7394640295

Clonal Tree 1 
[(0, 1), (0, 2)] 
Loss Nodes:0
Node: 0 Cells: 0 Muts: 567 LostMuts: 0
Node: 1 Cells: 2584 Muts: 175 LostMuts: 0
Node: 2 Cells: 513 Muts: 244 LostMuts: 0
Total Cells: 3097 Total Muts: 986

Tree: 1 LogLikelihood: 375149.709391656
Variant LogLikelihood: -58317.03007237349 
RDR LogLikelihood: 433466.7394640295

Clonal Tree 2 
[(0, 1), (0, 2)] 
Loss Nodes:0
Node: 0 Cells: 0 Muts: 567 LostMuts: 0
Node: 1 Cells: 2584 Muts: 175 LostMuts: 0
Node: 2 Cells: 513 Muts: 244 LostMuts: 0
Total Cells: 3097 Total Muts: 986

Tree: 2 LogLikelihood: 375149.709391656
Variant LogLikelihood: -58317.03007237349 
RDR LogLikelihood: 433466.7394640295

Sprouted tree:
Clonal Tree 0 
[(0, 1), (0, 2)] 
Loss Nodes:0
Node: 0 Cells: 0 Muts: 567 LostMuts: 0
Node: 1 Cells: 513 Muts: 244 LostMuts: 0
Node: 2 Cells: 2584 Muts: 175 LostMuts: 0
Total Cells: 3097 Total Muts: 986
Cells: 513 Muts: 244 Ancestral Muts: 973 
Cells: 2584 Muts: 175 Ancestral Muts: 973 
Sprouting seed:
Cells: 3097 Muts: 986 Ancestral Muts: 406 
Sprouting a linear tree from seed ...
Jump Percentage: 0.9999999999999567 First Eig Val: -5.994030114751099e-16 First Gap: 7.090220016132219e-16 Largest Gap: 0.37007862778830736 Number of Clusters:4
start:0 iteration:0
CellsA: 2584 CellsB: 513
MutsA: 715 MutsB: 271
Jump Percentage: 0.9999999999999897 First Eig Val: 4.441425674821614e-16 First Gap: 7.631705008618266e-16 Largest Gap: 0.18242144495734677 Number of Clusters:4
adding tree to internal list:
Clonal Tree 0 
[(0, 1)] 
Loss Nodes:0
Node: 0 Cells: 2584 Muts: 715 LostMuts: 0
Node: 1 Cells: 513 Muts: 271 LostMuts: 0
Total Cells: 3097 Total Muts: 986
Jump Percentage: 0.9999999999999698 First Eig Val: -7.232297134933966e-16 First Gap: 5.28955633680156e-16 Largest Gap: 0.38440076456080824 Number of Clusters:4
start:1 iteration:0
CellsA: 2584 CellsB: 513
MutsA: 715 MutsB: 271
Jump Percentage: 0.9999999999999897 First Eig Val: 4.441425674821614e-16 First Gap: 7.631705008618266e-16 Largest Gap: 0.18242144495734677 Number of Clusters:4
adding tree to internal list:
Clonal Tree 0 
[(0, 1)] 
Loss Nodes:0
Node: 0 Cells: 2584 Muts: 715 LostMuts: 0
Node: 1 Cells: 513 Muts: 271 LostMuts: 0
Total Cells: 3097 Total Muts: 986
Jump Percentage: 0.999999999999985 First Eig Val: -3.330339784743482e-16 First Gap: 5.795281267656037e-16 Largest Gap: 0.3678049042818957 Number of Clusters:4
start:2 iteration:0
CellsA: 2584 CellsB: 513
MutsA: 715 MutsB: 271
Jump Percentage: 0.9999999999999897 First Eig Val: 4.441425674821614e-16 First Gap: 7.631705008618266e-16 Largest Gap: 0.18242144495734677 Number of Clusters:4
adding tree to internal list:
Clonal Tree 0 
[(0, 1)] 
Loss Nodes:0
Node: 0 Cells: 2584 Muts: 715 LostMuts: 0
Node: 1 Cells: 513 Muts: 271 LostMuts: 0
Total Cells: 3097 Total Muts: 986
adding tree to candidate list:
Clonal Tree 0 
[(0, 1)] 
Loss Nodes:0
Node: 0 Cells: 2584 Muts: 715 LostMuts: 0
Node: 1 Cells: 513 Muts: 271 LostMuts: 0
Total Cells: 3097 Total Muts: 986
Normalized Likelihood: -0.697933811333687
Jump Percentage: 0.9999999999999866 First Eig Val: -4.195091429778018e-16 First Gap: 1.7305484581623718e-16 Largest Gap: 0.44158349652962503 Number of Clusters:3
start:0 iteration:0
CellsA: 1621 CellsB: 963
MutsA: 464 MutsB: 522
Jump Percentage: 0.9999999999999838 First Eig Val: -9.073700652166198e-16 First Gap: 3.7970433428500285e-16 Largest Gap: 0.4563211365282628 Number of Clusters:3
adding tree to internal list:
Clonal Tree 0 
[(0, 1)] 
Loss Nodes:0
Node: 0 Cells: 1621 Muts: 464 LostMuts: 0
Node: 1 Cells: 1476 Muts: 522 LostMuts: 0
Total Cells: 3097 Total Muts: 986
Jump Percentage: 0.9999999999999326 First Eig Val: -2.6933605757853625e-16 First Gap: 8.990894332247104e-16 Largest Gap: 0.43892134263028626 Number of Clusters:3
start:1 iteration:0
CellsA: 1621 CellsB: 963
MutsA: 464 MutsB: 522
Jump Percentage: 0.9999999999999838 First Eig Val: -9.073700652166198e-16 First Gap: 3.7970433428500285e-16 Largest Gap: 0.4563211365282628 Number of Clusters:3
adding tree to internal list:
Clonal Tree 0 
[(0, 1)] 
Loss Nodes:0
Node: 0 Cells: 1621 Muts: 464 LostMuts: 0
Node: 1 Cells: 1476 Muts: 522 LostMuts: 0
Total Cells: 3097 Total Muts: 986
Jump Percentage: 0.9999999999999868 First Eig Val: -4.746439245772889e-17 First Gap: 6.046787291680779e-16 Largest Gap: 0.44265606612134345 Number of Clusters:3
start:2 iteration:0
CellsA: 1621 CellsB: 963
MutsA: 464 MutsB: 522
Jump Percentage: 0.9999999999999838 First Eig Val: -9.073700652166198e-16 First Gap: 3.7970433428500285e-16 Largest Gap: 0.4563211365282628 Number of Clusters:3
adding tree to internal list:
Clonal Tree 0 
[(0, 1)] 
Loss Nodes:0
Node: 0 Cells: 1621 Muts: 464 LostMuts: 0
Node: 1 Cells: 1476 Muts: 522 LostMuts: 0
Total Cells: 3097 Total Muts: 986
adding tree to candidate list:
Clonal Tree 0 
[(0, 1)] 
Loss Nodes:0
Node: 0 Cells: 1621 Muts: 464 LostMuts: 0
Node: 1 Cells: 1476 Muts: 522 LostMuts: 0
Total Cells: 3097 Total Muts: 986
Normalized Likelihood: -0.523859207297493
Jump Percentage: 0.9999999999999656 First Eig Val: 8.819921687890833e-17 First Gap: 7.209751548777039e-16 Largest Gap: 0.8786807863647518 Number of Clusters:2
start:0 iteration:0
CellsA: 793 CellsB: 828
MutsA: 343 MutsB: 643
Jump Percentage: 0.9999999999999787 First Eig Val: -1.2360459172763118e-16 First Gap: 1.1328000397310548e-15 Largest Gap: 0.6664463055070077 Number of Clusters:2
adding tree to internal list:
Clonal Tree 0 
[(0, 1)] 
Loss Nodes:0
Node: 0 Cells: 793 Muts: 343 LostMuts: 0
Node: 1 Cells: 2304 Muts: 643 LostMuts: 0
Total Cells: 3097 Total Muts: 986
Jump Percentage: 0.9999999999999974 First Eig Val: -5.422270201888619e-16 First Gap: 4.452647558696644e-16 Largest Gap: 0.7980516394593596 Number of Clusters:2
start:1 iteration:0
CellsA: 793 CellsB: 828
MutsA: 343 MutsB: 643
Jump Percentage: 0.9999999999999787 First Eig Val: -1.2360459172763118e-16 First Gap: 1.1328000397310548e-15 Largest Gap: 0.6664463055070077 Number of Clusters:2
adding tree to internal list:
Clonal Tree 0 
[(0, 1)] 
Loss Nodes:0
Node: 0 Cells: 793 Muts: 343 LostMuts: 0
Node: 1 Cells: 2304 Muts: 643 LostMuts: 0
Total Cells: 3097 Total Muts: 986
Jump Percentage: 0.9999999999999936 First Eig Val: -4.68462446299566e-16 First Gap: 6.058396904514001e-16 Largest Gap: 0.7905960491563236 Number of Clusters:2
start:2 iteration:0
CellsA: 793 CellsB: 828
MutsA: 343 MutsB: 643
Jump Percentage: 0.9999999999999787 First Eig Val: -1.2360459172763118e-16 First Gap: 1.1328000397310548e-15 Largest Gap: 0.6664463055070077 Number of Clusters:2
adding tree to internal list:
Clonal Tree 0 
[(0, 1)] 
Loss Nodes:0
Node: 0 Cells: 793 Muts: 343 LostMuts: 0
Node: 1 Cells: 2304 Muts: 643 LostMuts: 0
Total Cells: 3097 Total Muts: 986
adding tree to candidate list:
Clonal Tree 0 
[(0, 1)] 
Loss Nodes:0
Node: 0 Cells: 793 Muts: 343 LostMuts: 0
Node: 1 Cells: 2304 Muts: 643 LostMuts: 0
Total Cells: 3097 Total Muts: 986
Normalized Likelihood: -0.5240753488912023
Clonal Tree 0 
[(0, 1)] 
Loss Nodes:0
Node: 0 Cells: 2584 Muts: 715 LostMuts: 0
Node: 1 Cells: 513 Muts: 271 LostMuts: 0
Total Cells: 3097 Total Muts: 986
Normalized Likelihood: -0.697933811333687
Clonal Tree 1 
[(0, 1)] 
Loss Nodes:0
Node: 0 Cells: 1621 Muts: 464 LostMuts: 0
Node: 1 Cells: 1476 Muts: 522 LostMuts: 0
Total Cells: 3097 Total Muts: 986
Normalized Likelihood: -0.523859207297493
Clonal Tree 2 
[(0, 1)] 
Loss Nodes:0
Node: 0 Cells: 793 Muts: 343 LostMuts: 0
Node: 1 Cells: 2304 Muts: 643 LostMuts: 0
Total Cells: 3097 Total Muts: 986
Normalized Likelihood: -0.5240753488912023
linear split norm likelihood best tree
Clonal Tree 1 
[(0, 1)] 
Loss Nodes:0
Node: 0 Cells: 1621 Muts: 464 LostMuts: 0
Node: 1 Cells: 1476 Muts: 522 LostMuts: 0
Total Cells: 3097 Total Muts: 986
Sprouted tree:
Clonal Tree 1 
[(0, 1)] 
Loss Nodes:0
Node: 0 Cells: 1621 Muts: 464 LostMuts: 0
Node: 1 Cells: 1476 Muts: 522 LostMuts: 0
Total Cells: 3097 Total Muts: 986
Cells: 1476 Muts: 522 Ancestral Muts: 870 
Number of subproblems remaining: 5
Starting k-clonal tree inference for seed:
Cells: 1476 Muts: 522 Ancestral Muts: 870 
Sprouting seed:
Cells: 1476 Muts: 522 Ancestral Muts: 870 
Sprouting a branching tree from seed ...
(Generator(PCG64) at 0x7FB2F6EFD3C0,)
Jump Percentage: 0.9999999999999925 First Eig Val: 3.3751747979852317e-16 First Gap: 6.067169088674053e-16 Largest Gap: 0.46804006918069746 Number of Clusters:2
CellsA: 513 CellsB: 963
MutsA: 168 mutsB: 168
Jump Percentage: 0.9999999999999716 First Eig Val: -1.1627154298406711e-15 First Gap: 8.066255988601852e-16 Largest Gap: 0.37627580023245627 Number of Clusters:2
Clonal Tree 0 
[(0, 1), (0, 2)] 
Loss Nodes:0
Node: 0 Cells: 0 Muts: 186 LostMuts: 0
Node: 1 Cells: 513 Muts: 168 LostMuts: 0
Node: 2 Cells: 963 Muts: 168 LostMuts: 0
Total Cells: 1476 Total Muts: 522
Jump Percentage: 0.9999999999999728 First Eig Val: -1.147588039548846e-16 First Gap: 2.2818137181324086e-16 Largest Gap: 0.4710692975002145 Number of Clusters:2
CellsA: 513 CellsB: 963
MutsA: 168 mutsB: 168
Jump Percentage: 0.9999999999999716 First Eig Val: -1.1627154298406711e-15 First Gap: 8.066255988601852e-16 Largest Gap: 0.37627580023245627 Number of Clusters:2
Clonal Tree 0 
[(0, 1), (0, 2)] 
Loss Nodes:0
Node: 0 Cells: 0 Muts: 186 LostMuts: 0
Node: 1 Cells: 513 Muts: 168 LostMuts: 0
Node: 2 Cells: 963 Muts: 168 LostMuts: 0
Total Cells: 1476 Total Muts: 522
Jump Percentage: 0.9999999999999861 First Eig Val: -9.630851785326054e-16 First Gap: 9.602345404754605e-16 Largest Gap: 0.4553471187328848 Number of Clusters:2
CellsA: 513 CellsB: 963
MutsA: 168 mutsB: 168
Jump Percentage: 0.9999999999999716 First Eig Val: -1.1627154298406711e-15 First Gap: 8.066255988601852e-16 Largest Gap: 0.37627580023245627 Number of Clusters:2
Clonal Tree 0 
[(0, 1), (0, 2)] 
Loss Nodes:0
Node: 0 Cells: 0 Muts: 186 LostMuts: 0
Node: 1 Cells: 513 Muts: 168 LostMuts: 0
Node: 2 Cells: 963 Muts: 168 LostMuts: 0
Total Cells: 1476 Total Muts: 522
Finding the maximum likelihood tree out of 3 trees....
Clonal Tree 0 
[(0, 1), (0, 2)] 
Loss Nodes:0
Node: 0 Cells: 0 Muts: 186 LostMuts: 0
Node: 1 Cells: 513 Muts: 168 LostMuts: 0
Node: 2 Cells: 963 Muts: 168 LostMuts: 0
Total Cells: 1476 Total Muts: 522

Tree: 0 LogLikelihood: -26922.79834929126
Variant LogLikelihood: -50047.506708737754 
RDR LogLikelihood: 23124.708359446493

Clonal Tree 1 
[(0, 1), (0, 2)] 
Loss Nodes:0
Node: 0 Cells: 0 Muts: 186 LostMuts: 0
Node: 1 Cells: 513 Muts: 168 LostMuts: 0
Node: 2 Cells: 963 Muts: 168 LostMuts: 0
Total Cells: 1476 Total Muts: 522

Tree: 1 LogLikelihood: -26922.79834929126
Variant LogLikelihood: -50047.506708737754 
RDR LogLikelihood: 23124.708359446493

Clonal Tree 2 
[(0, 1), (0, 2)] 
Loss Nodes:0
Node: 0 Cells: 0 Muts: 186 LostMuts: 0
Node: 1 Cells: 513 Muts: 168 LostMuts: 0
Node: 2 Cells: 963 Muts: 168 LostMuts: 0
Total Cells: 1476 Total Muts: 522

Tree: 2 LogLikelihood: -26922.79834929126
Variant LogLikelihood: -50047.506708737754 
RDR LogLikelihood: 23124.708359446493

Sprouted tree:
Clonal Tree 0 
[(0, 1), (0, 2)] 
Loss Nodes:0
Node: 0 Cells: 0 Muts: 186 LostMuts: 0
Node: 1 Cells: 513 Muts: 168 LostMuts: 0
Node: 2 Cells: 963 Muts: 168 LostMuts: 0
Total Cells: 1476 Total Muts: 522
Cells: 513 Muts: 168 Ancestral Muts: 1056 
Cells: 963 Muts: 168 Ancestral Muts: 1056 
Sprouting seed:
Cells: 1476 Muts: 522 Ancestral Muts: 870 
Sprouting a linear tree from seed ...
Jump Percentage: 0.9999999999999885 First Eig Val: -3.3477356590935967e-16 First Gap: 3.3496641595213584e-16 Largest Gap: 0.38928703546170446 Number of Clusters:2
start:0 iteration:0
CellsA: 963 CellsB: 513
MutsA: 351 MutsB: 171
Jump Percentage: 0.9999999999999771 First Eig Val: 2.7971036150107357e-17 First Gap: 3.4526041009897437e-16 Largest Gap: 0.3359764598047665 Number of Clusters:4
adding tree to internal list:
Clonal Tree 0 
[(0, 1)] 
Loss Nodes:0
Node: 0 Cells: 963 Muts: 351 LostMuts: 0
Node: 1 Cells: 513 Muts: 171 LostMuts: 0
Total Cells: 1476 Total Muts: 522
Jump Percentage: 0.9999999999999625 First Eig Val: -7.181997850739453e-16 First Gap: 9.298307240335845e-16 Largest Gap: 0.4023489669804923 Number of Clusters:2
start:1 iteration:0
CellsA: 963 CellsB: 513
MutsA: 351 MutsB: 171
Jump Percentage: 0.9999999999999771 First Eig Val: 2.7971036150107357e-17 First Gap: 3.4526041009897437e-16 Largest Gap: 0.3359764598047665 Number of Clusters:4
adding tree to internal list:
Clonal Tree 0 
[(0, 1)] 
Loss Nodes:0
Node: 0 Cells: 963 Muts: 351 LostMuts: 0
Node: 1 Cells: 513 Muts: 171 LostMuts: 0
Total Cells: 1476 Total Muts: 522
Jump Percentage: 0.9999999999999895 First Eig Val: 6.876941022164229e-16 First Gap: 2.34713252081144e-16 Largest Gap: 0.4134626948128046 Number of Clusters:2
start:2 iteration:0
CellsA: 963 CellsB: 513
MutsA: 351 MutsB: 171
Jump Percentage: 0.9999999999999771 First Eig Val: 2.7971036150107357e-17 First Gap: 3.4526041009897437e-16 Largest Gap: 0.3359764598047665 Number of Clusters:4
adding tree to internal list:
Clonal Tree 0 
[(0, 1)] 
Loss Nodes:0
Node: 0 Cells: 963 Muts: 351 LostMuts: 0
Node: 1 Cells: 513 Muts: 171 LostMuts: 0
Total Cells: 1476 Total Muts: 522
adding tree to candidate list:
Clonal Tree 0 
[(0, 1)] 
Loss Nodes:0
Node: 0 Cells: 963 Muts: 351 LostMuts: 0
Node: 1 Cells: 513 Muts: 171 LostMuts: 0
Total Cells: 1476 Total Muts: 522
Normalized Likelihood: -0.6490916704477799
Using SNV kernel only
Jump Percentage: 0.6016293766396371 First Eig Val: 1.2588038700406513e-15 First Gap: 0.5020514275662857 Largest Gap: 0.5020514275662857 Number of Clusters:1
start:0 iteration:0
CellsA: 933 CellsB: 30
MutsA: 347 MutsB: 175
Using SNV kernel only
Jump Percentage: 0.9671794755039447 First Eig Val: 1.992038532825512e-15 First Gap: 0.7042791329122016 Largest Gap: 0.7042791329122016 Number of Clusters:1
start:0 iteration:1
CellsA: 927 CellsB: 36
MutsA: 346 MutsB: 176
Using SNV kernel only
Jump Percentage: 0.9659687769648281 First Eig Val: -3.459743342509876e-15 First Gap: 0.680420543228316 Largest Gap: 0.680420543228316 Number of Clusters:1
start:0 iteration:2
CellsA: 924 CellsB: 39
MutsA: 346 MutsB: 176
Using SNV kernel only
Jump Percentage: 0.9659687769648281 First Eig Val: -3.459743342509876e-15 First Gap: 0.680420543228316 Largest Gap: 0.680420543228316 Number of Clusters:1
adding tree to internal list:
Clonal Tree 0 
[(0, 1)] 
Loss Nodes:0
Node: 0 Cells: 924 Muts: 346 LostMuts: 0
Node: 1 Cells: 552 Muts: 176 LostMuts: 0
Total Cells: 1476 Total Muts: 522
Using SNV kernel only
Jump Percentage: 0.4579232654604969 First Eig Val: 5.556344119277026e-16 First Gap: 0.5230504535895263 Largest Gap: 0.5230504535895263 Number of Clusters:1
start:1 iteration:0
CellsA: 939 CellsB: 24
MutsA: 347 MutsB: 175
Using SNV kernel only
Jump Percentage: 0.9662950192529923 First Eig Val: 7.885537925758659e-17 First Gap: 0.7050091337369103 Largest Gap: 0.7050091337369103 Number of Clusters:1
start:1 iteration:1
CellsA: 927 CellsB: 36
MutsA: 347 MutsB: 175
Using SNV kernel only
Jump Percentage: 0.9662950192529923 First Eig Val: 7.885537925758659e-17 First Gap: 0.7050091337369103 Largest Gap: 0.7050091337369103 Number of Clusters:1
adding tree to internal list:
Clonal Tree 0 
[(0, 1)] 
Loss Nodes:0
Node: 0 Cells: 927 Muts: 347 LostMuts: 0
Node: 1 Cells: 549 Muts: 175 LostMuts: 0
Total Cells: 1476 Total Muts: 522
Using SNV kernel only
Jump Percentage: 0.4907546808091654 First Eig Val: -3.6276186492511256e-16 First Gap: 0.5202067723283864 Largest Gap: 0.5202067723283864 Number of Clusters:1
start:2 iteration:0
CellsA: 939 CellsB: 24
MutsA: 347 MutsB: 175
Using SNV kernel only
Jump Percentage: 0.9500192761835258 First Eig Val: -1.024081773404656e-15 First Gap: 0.863733474637958 Largest Gap: 0.863733474637958 Number of Clusters:1
start:2 iteration:1
CellsA: 927 CellsB: 36
MutsA: 346 MutsB: 176
Using SNV kernel only
Jump Percentage: 0.9572606703546882 First Eig Val: -7.775602388074156e-16 First Gap: 0.8283030653531203 Largest Gap: 0.8283030653531203 Number of Clusters:1
start:2 iteration:2
CellsA: 924 CellsB: 39
MutsA: 346 MutsB: 176
Using SNV kernel only
Jump Percentage: 0.9572606703546882 First Eig Val: -7.775602388074156e-16 First Gap: 0.8283030653531203 Largest Gap: 0.8283030653531203 Number of Clusters:1
adding tree to internal list:
Clonal Tree 0 
[(0, 1)] 
Loss Nodes:0
Node: 0 Cells: 924 Muts: 346 LostMuts: 0
Node: 1 Cells: 552 Muts: 176 LostMuts: 0
Total Cells: 1476 Total Muts: 522
adding tree to candidate list:
Clonal Tree 0 
[(0, 1)] 
Loss Nodes:0
Node: 0 Cells: 924 Muts: 346 LostMuts: 0
Node: 1 Cells: 552 Muts: 176 LostMuts: 0
Total Cells: 1476 Total Muts: 522
Normalized Likelihood: -0.6296322017837995
Clonal Tree 0 
[(0, 1)] 
Loss Nodes:0
Node: 0 Cells: 963 Muts: 351 LostMuts: 0
Node: 1 Cells: 513 Muts: 171 LostMuts: 0
Total Cells: 1476 Total Muts: 522
Normalized Likelihood: -0.6490916704477799
Clonal Tree 1 
[(0, 1)] 
Loss Nodes:0
Node: 0 Cells: 924 Muts: 346 LostMuts: 0
Node: 1 Cells: 552 Muts: 176 LostMuts: 0
Total Cells: 1476 Total Muts: 522
Normalized Likelihood: -0.6296322017837995
linear split norm likelihood best tree
Clonal Tree 1 
[(0, 1)] 
Loss Nodes:0
Node: 0 Cells: 924 Muts: 346 LostMuts: 0
Node: 1 Cells: 552 Muts: 176 LostMuts: 0
Total Cells: 1476 Total Muts: 522
Sprouted tree:
Clonal Tree 1 
[(0, 1)] 
Loss Nodes:0
Node: 0 Cells: 924 Muts: 346 LostMuts: 0
Node: 1 Cells: 552 Muts: 176 LostMuts: 0
Total Cells: 1476 Total Muts: 522
Cells: 552 Muts: 176 Ancestral Muts: 1216 
Number of subproblems remaining: 7
Starting k-clonal tree inference for seed:
Cells: 1476 Muts: 603 Ancestral Muts: 563 
Sprouting seed:
Cells: 1476 Muts: 603 Ancestral Muts: 563 
Sprouting a branching tree from seed ...
(Generator(PCG64) at 0x7FB2F6EFD3C0,)
Jump Percentage: 0.9999999999999917 First Eig Val: -1.8831974046904473e-16 First Gap: 5.448265200021529e-16 Largest Gap: 0.5288308337565322 Number of Clusters:2
CellsA: 963 CellsB: 513
MutsA: 175 mutsB: 170
Jump Percentage: 0.9999999999999873 First Eig Val: -2.1778218240263646e-16 First Gap: 6.19428083868029e-16 Largest Gap: 0.3978918757908608 Number of Clusters:2
Clonal Tree 0 
[(0, 1), (0, 2)] 
Loss Nodes:0
Node: 0 Cells: 0 Muts: 258 LostMuts: 0
Node: 1 Cells: 963 Muts: 175 LostMuts: 0
Node: 2 Cells: 513 Muts: 170 LostMuts: 0
Total Cells: 1476 Total Muts: 603
Jump Percentage: 0.9999999999999818 First Eig Val: -1.021781862822281e-16 First Gap: 5.414138483425871e-16 Largest Gap: 0.4985939614596443 Number of Clusters:2
CellsA: 963 CellsB: 513
MutsA: 175 mutsB: 170
Jump Percentage: 0.9999999999999873 First Eig Val: -2.1778218240263646e-16 First Gap: 6.19428083868029e-16 Largest Gap: 0.3978918757908608 Number of Clusters:2
Clonal Tree 0 
[(0, 1), (0, 2)] 
Loss Nodes:0
Node: 0 Cells: 0 Muts: 258 LostMuts: 0
Node: 1 Cells: 963 Muts: 175 LostMuts: 0
Node: 2 Cells: 513 Muts: 170 LostMuts: 0
Total Cells: 1476 Total Muts: 603
Jump Percentage: 0.9999999999999756 First Eig Val: -4.496738762713452e-16 First Gap: 4.116819132712877e-17 Largest Gap: 0.5000731494675072 Number of Clusters:2
CellsA: 963 CellsB: 513
MutsA: 175 mutsB: 170
Jump Percentage: 0.9999999999999873 First Eig Val: -2.1778218240263646e-16 First Gap: 6.19428083868029e-16 Largest Gap: 0.3978918757908608 Number of Clusters:2
Clonal Tree 0 
[(0, 1), (0, 2)] 
Loss Nodes:0
Node: 0 Cells: 0 Muts: 258 LostMuts: 0
Node: 1 Cells: 963 Muts: 175 LostMuts: 0
Node: 2 Cells: 513 Muts: 170 LostMuts: 0
Total Cells: 1476 Total Muts: 603
Finding the maximum likelihood tree out of 3 trees....
Clonal Tree 0 
[(0, 1), (0, 2)] 
Loss Nodes:0
Node: 0 Cells: 0 Muts: 258 LostMuts: 0
Node: 1 Cells: 963 Muts: 175 LostMuts: 0
Node: 2 Cells: 513 Muts: 170 LostMuts: 0
Total Cells: 1476 Total Muts: 603

Tree: 0 LogLikelihood: -22677.634354668204
Variant LogLikelihood: -45802.342714114704 
RDR LogLikelihood: 23124.708359446493

Clonal Tree 1 
[(0, 1), (0, 2)] 
Loss Nodes:0
Node: 0 Cells: 0 Muts: 258 LostMuts: 0
Node: 1 Cells: 963 Muts: 175 LostMuts: 0
Node: 2 Cells: 513 Muts: 170 LostMuts: 0
Total Cells: 1476 Total Muts: 603

Tree: 1 LogLikelihood: -22677.634354668204
Variant LogLikelihood: -45802.342714114704 
RDR LogLikelihood: 23124.708359446493

Clonal Tree 2 
[(0, 1), (0, 2)] 
Loss Nodes:0
Node: 0 Cells: 0 Muts: 258 LostMuts: 0
Node: 1 Cells: 963 Muts: 175 LostMuts: 0
Node: 2 Cells: 513 Muts: 170 LostMuts: 0
Total Cells: 1476 Total Muts: 603

Tree: 2 LogLikelihood: -22677.634354668204
Variant LogLikelihood: -45802.342714114704 
RDR LogLikelihood: 23124.708359446493

Sprouted tree:
Clonal Tree 0 
[(0, 1), (0, 2)] 
Loss Nodes:0
Node: 0 Cells: 0 Muts: 258 LostMuts: 0
Node: 1 Cells: 963 Muts: 175 LostMuts: 0
Node: 2 Cells: 513 Muts: 170 LostMuts: 0
Total Cells: 1476 Total Muts: 603
Cells: 963 Muts: 175 Ancestral Muts: 821 
Cells: 513 Muts: 170 Ancestral Muts: 821 
Sprouting seed:
Cells: 1476 Muts: 603 Ancestral Muts: 563 
Sprouting a linear tree from seed ...
Jump Percentage: 0.9999999999999793 First Eig Val: 2.0938530573506586e-16 First Gap: 5.69287829448464e-17 Largest Gap: 0.43799381254187947 Number of Clusters:2
start:0 iteration:0
CellsA: 963 CellsB: 513
MutsA: 429 MutsB: 174
Jump Percentage: 0.9999999999999902 First Eig Val: 9.822446158190871e-17 First Gap: 8.449629238955181e-17 Largest Gap: 0.3251944281320304 Number of Clusters:4
adding tree to internal list:
Clonal Tree 0 
[(0, 1)] 
Loss Nodes:0
Node: 0 Cells: 963 Muts: 429 LostMuts: 0
Node: 1 Cells: 513 Muts: 174 LostMuts: 0
Total Cells: 1476 Total Muts: 603
Jump Percentage: 0.9999999999999911 First Eig Val: -2.1960328753406423e-16 First Gap: 1.0773866474734765e-15 Largest Gap: 0.4564500296489614 Number of Clusters:2
start:1 iteration:0
CellsA: 963 CellsB: 513
MutsA: 429 MutsB: 174
Jump Percentage: 0.9999999999999902 First Eig Val: 9.822446158190871e-17 First Gap: 8.449629238955181e-17 Largest Gap: 0.3251944281320304 Number of Clusters:4
adding tree to internal list:
Clonal Tree 0 
[(0, 1)] 
Loss Nodes:0
Node: 0 Cells: 963 Muts: 429 LostMuts: 0
Node: 1 Cells: 513 Muts: 174 LostMuts: 0
Total Cells: 1476 Total Muts: 603
Jump Percentage: 0.9999999999999843 First Eig Val: -6.534611937222612e-16 First Gap: 5.418965650717633e-16 Largest Gap: 0.4532141552921718 Number of Clusters:2
start:2 iteration:0
CellsA: 963 CellsB: 513
MutsA: 429 MutsB: 174
Jump Percentage: 0.9999999999999902 First Eig Val: 9.822446158190871e-17 First Gap: 8.449629238955181e-17 Largest Gap: 0.3251944281320304 Number of Clusters:4
adding tree to internal list:
Clonal Tree 0 
[(0, 1)] 
Loss Nodes:0
Node: 0 Cells: 963 Muts: 429 LostMuts: 0
Node: 1 Cells: 513 Muts: 174 LostMuts: 0
Total Cells: 1476 Total Muts: 603
adding tree to candidate list:
Clonal Tree 0 
[(0, 1)] 
Loss Nodes:0
Node: 0 Cells: 963 Muts: 429 LostMuts: 0
Node: 1 Cells: 513 Muts: 174 LostMuts: 0
Total Cells: 1476 Total Muts: 603
Normalized Likelihood: -0.6614695193935162
Using SNV kernel only
Jump Percentage: 0.40606114417712913 First Eig Val: -2.913106662811811e-16 First Gap: 0.4979688361177988 Largest Gap: 0.4979688361177988 Number of Clusters:1
start:0 iteration:0
CellsA: 688 CellsB: 275
MutsA: 380 MutsB: 223
Using SNV kernel only
Jump Percentage: 0.6956507566805554 First Eig Val: 1.3635892138737597e-15 First Gap: 0.5007587656287951 Largest Gap: 0.5007587656287951 Number of Clusters:1
start:0 iteration:1
CellsA: 936 CellsB: 27
MutsA: 424 MutsB: 179
Using SNV kernel only
Jump Percentage: 0.9659663951192807 First Eig Val: -6.16050450669843e-16 First Gap: 0.7071650728380157 Largest Gap: 0.7071650728380157 Number of Clusters:1
start:0 iteration:2
CellsA: 921 CellsB: 42
MutsA: 423 MutsB: 180
Using SNV kernel only
Jump Percentage: 0.9647067980493564 First Eig Val: 1.6952148947015557e-15 First Gap: 0.7085559977369456 Largest Gap: 0.7085559977369456 Number of Clusters:1
start:0 iteration:3
CellsA: 920 CellsB: 43
MutsA: 423 MutsB: 180
Using SNV kernel only
Jump Percentage: 0.9647067980493564 First Eig Val: 1.6952148947015557e-15 First Gap: 0.7085559977369456 Largest Gap: 0.7085559977369456 Number of Clusters:1
adding tree to internal list:
Clonal Tree 0 
[(0, 1)] 
Loss Nodes:0
Node: 0 Cells: 920 Muts: 423 LostMuts: 0
Node: 1 Cells: 556 Muts: 180 LostMuts: 0
Total Cells: 1476 Total Muts: 603
Using SNV kernel only
Jump Percentage: 0.3784194916538984 First Eig Val: 2.290801006513244e-16 First Gap: 0.4921556822597676 Largest Gap: 0.4921556822597676 Number of Clusters:1
start:1 iteration:0
CellsA: 813 CellsB: 150
MutsA: 406 MutsB: 197
Using SNV kernel only
Jump Percentage: 0.8469520993199176 First Eig Val: -6.188151662096808e-16 First Gap: 0.5143835368051366 Largest Gap: 0.5143835368051366 Number of Clusters:1
start:1 iteration:1
CellsA: 942 CellsB: 21
MutsA: 421 MutsB: 182
Using SNV kernel only
Jump Percentage: 0.96283313786625 First Eig Val: -2.502772294965544e-15 First Gap: 0.5987449176383509 Largest Gap: 0.5987449176383509 Number of Clusters:1
start:1 iteration:2
CellsA: 950 CellsB: 13
MutsA: 421 MutsB: 182
Using SNV kernel only
Jump Percentage: 0.96283313786625 First Eig Val: -2.502772294965544e-15 First Gap: 0.5987449176383509 Largest Gap: 0.5987449176383509 Number of Clusters:1
adding tree to internal list:
Clonal Tree 0 
[(0, 1)] 
Loss Nodes:0
Node: 0 Cells: 950 Muts: 421 LostMuts: 0
Node: 1 Cells: 526 Muts: 182 LostMuts: 0
Total Cells: 1476 Total Muts: 603
Using SNV kernel only
Jump Percentage: 0.3909381019301804 First Eig Val: 1.500337298639526e-15 First Gap: 0.5031203349092761 Largest Gap: 0.5031203349092761 Number of Clusters:1
start:2 iteration:0
CellsA: 453 CellsB: 510
MutsA: 287 MutsB: 316
Using SNV kernel only
Jump Percentage: 0.3752329881111291 First Eig Val: 9.698557527710086e-16 First Gap: 0.5047364770776192 Largest Gap: 0.5047364770776192 Number of Clusters:1
start:2 iteration:1
CellsA: 459 CellsB: 504
MutsA: 286 MutsB: 317
Using SNV kernel only
Jump Percentage: 0.3737623540430193 First Eig Val: 5.317266495267746e-16 First Gap: 0.5041540292011731 Largest Gap: 0.5041540292011731 Number of Clusters:1
adding tree to candidate list:
Clonal Tree 0 
[(0, 1)] 
Loss Nodes:0
Node: 0 Cells: 920 Muts: 423 LostMuts: 0
Node: 1 Cells: 556 Muts: 180 LostMuts: 0
Total Cells: 1476 Total Muts: 603
Normalized Likelihood: -0.6446797871646602
Clonal Tree 0 
[(0, 1)] 
Loss Nodes:0
Node: 0 Cells: 963 Muts: 429 LostMuts: 0
Node: 1 Cells: 513 Muts: 174 LostMuts: 0
Total Cells: 1476 Total Muts: 603
Normalized Likelihood: -0.6614695193935162
Clonal Tree 1 
[(0, 1)] 
Loss Nodes:0
Node: 0 Cells: 920 Muts: 423 LostMuts: 0
Node: 1 Cells: 556 Muts: 180 LostMuts: 0
Total Cells: 1476 Total Muts: 603
Normalized Likelihood: -0.6446797871646602
linear split norm likelihood best tree
Clonal Tree 1 
[(0, 1)] 
Loss Nodes:0
Node: 0 Cells: 920 Muts: 423 LostMuts: 0
Node: 1 Cells: 556 Muts: 180 LostMuts: 0
Total Cells: 1476 Total Muts: 603
Sprouted tree:
Clonal Tree 1 
[(0, 1)] 
Loss Nodes:0
Node: 0 Cells: 920 Muts: 423 LostMuts: 0
Node: 1 Cells: 556 Muts: 180 LostMuts: 0
Total Cells: 1476 Total Muts: 603
Cells: 556 Muts: 180 Ancestral Muts: 986 
Number of subproblems remaining: 4
func:'planting' args:[(<phertilizer.Phertilizer object at 0x7fb3092c72e0>, deque([])), {}] took: 3939.8680 sec
Planting phase complete!

Starting grow phase....
Clonal Tree 0 
[(0, 1), (0, 2)] 
Loss Nodes:0
Node: 0 Cells: 0 Muts: 563 LostMuts: 0
Node: 1 Cells: 3229 Muts: 226 LostMuts: 0
Node: 2 Cells: 1476 Muts: 603 LostMuts: 0
Total Cells: 4705 Total Muts: 1392
Clonal Tree 0 
[(0, 1), (0, 2)] 
Loss Nodes:0
Node: 0 Cells: 0 Muts: 258 LostMuts: 0
Node: 1 Cells: 963 Muts: 175 LostMuts: 0
Node: 2 Cells: 513 Muts: 170 LostMuts: 0
Total Cells: 1476 Total Muts: 603
1392
1392
1392
Clonal Tree 0 
[(0, 1), (0, 2), (2, 3), (2, 4)] 
Loss Nodes:0
Node: 0 Cells: 0 Muts: 563 LostMuts: 0
Node: 1 Cells: 3229 Muts: 226 LostMuts: 0
Node: 2 Cells: 0 Muts: 258 LostMuts: 0
Node: 3 Cells: 963 Muts: 175 LostMuts: 0
Node: 4 Cells: 513 Muts: 170 LostMuts: 0
Total Cells: 4705 Total Muts: 1392
Clonal Tree 0 
[(0, 1), (0, 2), (2, 3), (2, 4)] 
Loss Nodes:0
Node: 0 Cells: 0 Muts: 563 LostMuts: 0
Node: 1 Cells: 3229 Muts: 226 LostMuts: 0
Node: 2 Cells: 0 Muts: 258 LostMuts: 0
Node: 3 Cells: 963 Muts: 175 LostMuts: 0
Node: 4 Cells: 513 Muts: 170 LostMuts: 0
Total Cells: 4705 Total Muts: 1392
Clonal Tree 0 
[(0, 1), (0, 2)] 
Loss Nodes:0
Node: 0 Cells: 0 Muts: 563 LostMuts: 0
Node: 1 Cells: 3229 Muts: 226 LostMuts: 0
Node: 2 Cells: 1476 Muts: 603 LostMuts: 0
Total Cells: 4705 Total Muts: 1392
Clonal Tree 1 
[(0, 1)] 
Loss Nodes:0
Node: 0 Cells: 920 Muts: 423 LostMuts: 0
Node: 1 Cells: 556 Muts: 180 LostMuts: 0
Total Cells: 1476 Total Muts: 603
1392
1392
1392
Clonal Tree 0 
[(0, 1), (0, 2), (2, 3)] 
Loss Nodes:0
Node: 0 Cells: 0 Muts: 563 LostMuts: 0
Node: 1 Cells: 3229 Muts: 226 LostMuts: 0
Node: 2 Cells: 920 Muts: 423 LostMuts: 0
Node: 3 Cells: 556 Muts: 180 LostMuts: 0
Total Cells: 4705 Total Muts: 1392
Clonal Tree 0 
[(0, 1), (0, 2), (2, 3)] 
Loss Nodes:0
Node: 0 Cells: 0 Muts: 563 LostMuts: 0
Node: 1 Cells: 3229 Muts: 226 LostMuts: 0
Node: 2 Cells: 920 Muts: 423 LostMuts: 0
Node: 3 Cells: 556 Muts: 180 LostMuts: 0
Total Cells: 4705 Total Muts: 1392
Clonal Tree 3 
[(0, 1)] 
Loss Nodes:0
Node: 0 Cells: 1608 Muts: 406 LostMuts: 0
Node: 1 Cells: 3097 Muts: 986 LostMuts: 0
Total Cells: 4705 Total Muts: 1392
Clonal Tree 0 
[(0, 1), (0, 2)] 
Loss Nodes:0
Node: 0 Cells: 0 Muts: 567 LostMuts: 0
Node: 1 Cells: 513 Muts: 244 LostMuts: 0
Node: 2 Cells: 2584 Muts: 175 LostMuts: 0
Total Cells: 3097 Total Muts: 986
1392
1392
1392
Clonal Tree 3 
[(0, 1), (1, 2), (1, 3)] 
Loss Nodes:0
Node: 0 Cells: 1608 Muts: 406 LostMuts: 0
Node: 1 Cells: 0 Muts: 567 LostMuts: 0
Node: 2 Cells: 513 Muts: 244 LostMuts: 0
Node: 3 Cells: 2584 Muts: 175 LostMuts: 0
Total Cells: 4705 Total Muts: 1392
Clonal Tree 3 
[(0, 1), (1, 2), (1, 3)] 
Loss Nodes:0
Node: 0 Cells: 1608 Muts: 406 LostMuts: 0
Node: 1 Cells: 0 Muts: 567 LostMuts: 0
Node: 2 Cells: 513 Muts: 244 LostMuts: 0
Node: 3 Cells: 2584 Muts: 175 LostMuts: 0
Total Cells: 4705 Total Muts: 1392
Clonal Tree 3 
[(0, 1)] 
Loss Nodes:0
Node: 0 Cells: 1608 Muts: 406 LostMuts: 0
Node: 1 Cells: 3097 Muts: 986 LostMuts: 0
Total Cells: 4705 Total Muts: 1392
Clonal Tree 1 
[(0, 1)] 
Loss Nodes:0
Node: 0 Cells: 1621 Muts: 464 LostMuts: 0
Node: 1 Cells: 1476 Muts: 522 LostMuts: 0
Total Cells: 3097 Total Muts: 986
1392
1392
1392
Clonal Tree 3 
[(0, 1), (1, 2)] 
Loss Nodes:0
Node: 0 Cells: 1608 Muts: 406 LostMuts: 0
Node: 1 Cells: 1621 Muts: 464 LostMuts: 0
Node: 2 Cells: 1476 Muts: 522 LostMuts: 0
Total Cells: 4705 Total Muts: 1392
Clonal Tree 3 
[(0, 1), (1, 2)] 
Loss Nodes:0
Node: 0 Cells: 1608 Muts: 406 LostMuts: 0
Node: 1 Cells: 1621 Muts: 464 LostMuts: 0
Node: 2 Cells: 1476 Muts: 522 LostMuts: 0
Total Cells: 4705 Total Muts: 1392
Clonal Tree 5 
[(0, 1), (1, 2)] 
Loss Nodes:0
Node: 0 Cells: 1608 Muts: 406 LostMuts: 0
Node: 1 Cells: 1621 Muts: 464 LostMuts: 0
Node: 2 Cells: 1476 Muts: 522 LostMuts: 0
Total Cells: 4705 Total Muts: 1392
Clonal Tree 0 
[(0, 1), (0, 2)] 
Loss Nodes:0
Node: 0 Cells: 0 Muts: 186 LostMuts: 0
Node: 1 Cells: 513 Muts: 168 LostMuts: 0
Node: 2 Cells: 963 Muts: 168 LostMuts: 0
Total Cells: 1476 Total Muts: 522
1392
1392
1392
Clonal Tree 5 
[(0, 1), (1, 2), (2, 3), (2, 4)] 
Loss Nodes:0
Node: 0 Cells: 1608 Muts: 406 LostMuts: 0
Node: 1 Cells: 1621 Muts: 464 LostMuts: 0
Node: 2 Cells: 0 Muts: 186 LostMuts: 0
Node: 3 Cells: 513 Muts: 168 LostMuts: 0
Node: 4 Cells: 963 Muts: 168 LostMuts: 0
Total Cells: 4705 Total Muts: 1392
Clonal Tree 5 
[(0, 1), (1, 2), (2, 3), (2, 4)] 
Loss Nodes:0
Node: 0 Cells: 1608 Muts: 406 LostMuts: 0
Node: 1 Cells: 1621 Muts: 464 LostMuts: 0
Node: 2 Cells: 0 Muts: 186 LostMuts: 0
Node: 3 Cells: 513 Muts: 168 LostMuts: 0
Node: 4 Cells: 963 Muts: 168 LostMuts: 0
Total Cells: 4705 Total Muts: 1392
Clonal Tree 5 
[(0, 1), (1, 2)] 
Loss Nodes:0
Node: 0 Cells: 1608 Muts: 406 LostMuts: 0
Node: 1 Cells: 1621 Muts: 464 LostMuts: 0
Node: 2 Cells: 1476 Muts: 522 LostMuts: 0
Total Cells: 4705 Total Muts: 1392
Clonal Tree 1 
[(0, 1)] 
Loss Nodes:0
Node: 0 Cells: 924 Muts: 346 LostMuts: 0
Node: 1 Cells: 552 Muts: 176 LostMuts: 0
Total Cells: 1476 Total Muts: 522
1392
1392
1392
Clonal Tree 5 
[(0, 1), (1, 2), (2, 3)] 
Loss Nodes:0
Node: 0 Cells: 1608 Muts: 406 LostMuts: 0
Node: 1 Cells: 1621 Muts: 464 LostMuts: 0
Node: 2 Cells: 924 Muts: 346 LostMuts: 0
Node: 3 Cells: 552 Muts: 176 LostMuts: 0
Total Cells: 4705 Total Muts: 1392
Clonal Tree 5 
[(0, 1), (1, 2), (2, 3)] 
Loss Nodes:0
Node: 0 Cells: 1608 Muts: 406 LostMuts: 0
Node: 1 Cells: 1621 Muts: 464 LostMuts: 0
Node: 2 Cells: 924 Muts: 346 LostMuts: 0
Node: 3 Cells: 552 Muts: 176 LostMuts: 0
Total Cells: 4705 Total Muts: 1392
func:'grow' args:[(<phertilizer.Phertilizer object at 0x7fb3092c72e0>,), {}] took: 0.0217 sec
Growing phase complete!

Identifying the maximum likelihood k-clonal tree....
Finding the maximum likelihood tree out of 8 trees....
Clonal Tree 0 
[(0, 1), (0, 2)] 
Loss Nodes:0
Node: 0 Cells: 0 Muts: 563 LostMuts: 0
Node: 1 Cells: 3229 Muts: 226 LostMuts: 0
Node: 2 Cells: 1476 Muts: 603 LostMuts: 0
Total Cells: 4705 Total Muts: 1392

Tree: 0 LogLikelihood: 1244191.5927396966
Variant LogLikelihood: -63629.69034517593 
RDR LogLikelihood: 1307821.2830848726

Clonal Tree 1 
[(0, 1), (0, 2), (2, 3), (2, 4)] 
Loss Nodes:0
Node: 0 Cells: 0 Muts: 563 LostMuts: 0
Node: 1 Cells: 3229 Muts: 226 LostMuts: 0
Node: 2 Cells: 0 Muts: 258 LostMuts: 0
Node: 3 Cells: 963 Muts: 175 LostMuts: 0
Node: 4 Cells: 513 Muts: 170 LostMuts: 0
Total Cells: 4705 Total Muts: 1392

Tree: 1 LogLikelihood: 1740628.193855324
Variant LogLikelihood: -52114.14627748375 
RDR LogLikelihood: 1792742.3401328076

Clonal Tree 2 
[(0, 1), (0, 2), (2, 3)] 
Loss Nodes:0
Node: 0 Cells: 0 Muts: 563 LostMuts: 0
Node: 1 Cells: 3229 Muts: 226 LostMuts: 0
Node: 2 Cells: 920 Muts: 423 LostMuts: 0
Node: 3 Cells: 556 Muts: 180 LostMuts: 0
Total Cells: 4705 Total Muts: 1392

Tree: 2 LogLikelihood: 1624635.000275855
Variant LogLikelihood: -53727.84735447052 
RDR LogLikelihood: 1678362.8476303252

Clonal Tree 3 
[(0, 1)] 
Loss Nodes:0
Node: 0 Cells: 1608 Muts: 406 LostMuts: 0
Node: 1 Cells: 3097 Muts: 986 LostMuts: 0
Total Cells: 4705 Total Muts: 1392

Tree: 3 LogLikelihood: -168706.7404347593
Variant LogLikelihood: -81920.76018698701 
RDR LogLikelihood: -86785.9802477723

Clonal Tree 4 
[(0, 1), (1, 2), (1, 3)] 
Loss Nodes:0
Node: 0 Cells: 1608 Muts: 406 LostMuts: 0
Node: 1 Cells: 0 Muts: 567 LostMuts: 0
Node: 2 Cells: 513 Muts: 244 LostMuts: 0
Node: 3 Cells: 2584 Muts: 175 LostMuts: 0
Total Cells: 4705 Total Muts: 1392

Tree: 4 LogLikelihood: 1564697.8239964512
Variant LogLikelihood: -63853.89150429488 
RDR LogLikelihood: 1628551.7155007462

Clonal Tree 5 
[(0, 1), (1, 2)] 
Loss Nodes:0
Node: 0 Cells: 1608 Muts: 406 LostMuts: 0
Node: 1 Cells: 1621 Muts: 464 LostMuts: 0
Node: 2 Cells: 1476 Muts: 522 LostMuts: 0
Total Cells: 4705 Total Muts: 1392

Tree: 5 LogLikelihood: 1627137.1077141115
Variant LogLikelihood: -61957.600360229466 
RDR LogLikelihood: 1689094.7080743413

Clonal Tree 6 
[(0, 1), (1, 2), (2, 3), (2, 4)] 
Loss Nodes:0
Node: 0 Cells: 1608 Muts: 406 LostMuts: 0
Node: 1 Cells: 1621 Muts: 464 LostMuts: 0
Node: 2 Cells: 0 Muts: 186 LostMuts: 0
Node: 3 Cells: 513 Muts: 168 LostMuts: 0
Node: 4 Cells: 963 Muts: 168 LostMuts: 0
Total Cells: 4705 Total Muts: 1392

Tree: 6 LogLikelihood: 2126290.228822129
Variant LogLikelihood: -47725.536300147476 
RDR LogLikelihood: 2174015.7651222763

Clonal Tree 7 
[(0, 1), (1, 2), (2, 3)] 
Loss Nodes:0
Node: 0 Cells: 1608 Muts: 406 LostMuts: 0
Node: 1 Cells: 1621 Muts: 464 LostMuts: 0
Node: 2 Cells: 924 Muts: 346 LostMuts: 0
Node: 3 Cells: 552 Muts: 176 LostMuts: 0
Total Cells: 4705 Total Muts: 1392

Tree: 7 LogLikelihood: 2021027.6472321744
Variant LogLikelihood: -49244.75687163005 
RDR LogLikelihood: 2070272.4041038044

\Phertilizer Tree....
Clonal Tree 6 
[(0, 1), (1, 2), (2, 3), (2, 4)] 
Loss Nodes:0
Node: 0 Cells: 1608 Muts: 406 LostMuts: 0
Node: 1 Cells: 1621 Muts: 464 LostMuts: 0
Node: 2 Cells: 0 Muts: 186 LostMuts: 0
Node: 3 Cells: 513 Muts: 168 LostMuts: 0
Node: 4 Cells: 963 Muts: 168 LostMuts: 0
Total Cells: 4705 Total Muts: 1392
Saving files.....
Thanks for planting a tree! See you later, friend.
