/scratch/data/leah/phertilizer/src/branching_split.py:108: RuntimeWarning: invalid value encountered in true_divide
  tmb = mut_var_count_by_cell/mut_total_reads_by_cell
/scratch/data/leah/phertilizer/src/branching_split.py:108: RuntimeWarning: invalid value encountered in true_divide
  tmb = mut_var_count_by_cell/mut_total_reads_by_cell
/scratch/data/leah/phertilizer/src/branching_split.py:108: RuntimeWarning: invalid value encountered in true_divide
  tmb = mut_var_count_by_cell/mut_total_reads_by_cell
INFO:root:Mb Count a: 1.8358714043993232 Mb Count b: 5.141430948419301
INFO:root:Mb Count a: 2.0713077109016194 Mb Count b: 8.687188019966722
INFO:root:Mb Count a: 1.8697123519458545 Mb Count b: 5.327787021630615
INFO:root:Mb Count a: 2.0713077109016194 Mb Count b: 8.687188019966722
INFO:root:Mb Count a: 1.8259608411892676 Mb Count b: 5.366056572379367
INFO:root:Mb Count a: 2.0713077109016194 Mb Count b: 8.687188019966722
INFO:root:Mb Count a: 1.3368983957219251 Mb Count b: 2.4366438356164384
INFO:root:Mb Count a: 1.9012102448634955 Mb Count b: 5.092465753424658
INFO:root:Mb Count a: 1.3430903461863215 Mb Count b: 2.4469178082191783
INFO:root:Mb Count a: 1.9012102448634955 Mb Count b: 5.092465753424658
INFO:root:Mb Count a: 0.9029154518950437 Mb Count b: 4.256011315417256
INFO:root:Mb Count a: 0.7603654251581167 Mb Count b: 6.895429899302866
INFO:root:Mb Count a: 1.4597667638483964 Mb Count b: 9.633663366336634
INFO:root:Mb Count a: 0.7603654251581167 Mb Count b: 6.895429899302866
INFO:root:Mb Count a: 1.4597667638483964 Mb Count b: 9.633663366336634
INFO:root:Mb Count a: 0.7603654251581167 Mb Count b: 6.895429899302866
INFO:root:Mb Count a: 1.4597667638483964 Mb Count b: 9.633663366336634
INFO:root:Mb Count a: 0.7603654251581167 Mb Count b: 6.895429899302866
INFO:root:Mb Count a: 1.4597667638483964 Mb Count b: 9.633663366336634
INFO:root:Mb Count a: 0.7603654251581167 Mb Count b: 6.895429899302866
INFO:root:Mb Count a: 1.5178958785249457 Mb Count b: 4.240518962075848
INFO:root:Mb Count a: 0.04102337891486546 Mb Count b: 4.678756476683938
INFO:root:Mb Count a: 0.06739130434782609 Mb Count b: 4.9743589743589745
INFO:root:Mb Count a: 0.4474194800155219 Mb Count b: 6.408921933085502
INFO:root:Mb Count a: 0.2505034232782924 Mb Count b: 5.677685950413223
INFO:root:Mb Count a: 0.24818401937046006 Mb Count b: 5.701086956521739
INFO:root:Mb Count a: 0.24818401937046006 Mb Count b: 5.701086956521739
INFO:root:Mb Count a: 1.2184813753581663 Mb Count b: 3.751034482758621
INFO:root:Mb Count a: 0.20288013553578993 Mb Count b: 5.278350515463917
INFO:root:Mb Count a: 0.06984815618221259 Mb Count b: 4.988909426987061
INFO:root:Mb Count a: 0.0748917748917749 Mb Count b: 5.018656716417911
INFO:root:Mb Count a: 0.06895056374674761 Mb Count b: 4.9944444444444445
INFO:root:Mb Count a: 0.06895056374674761 Mb Count b: 4.9944444444444445
INFO:root:Mb Count a: 1.5374115267947421 Mb Count b: 4.336405529953917
INFO:root:Mb Count a: 0.24908722109533468 Mb Count b: 5.58005249343832
INFO:root:Mb Count a: 0.2896109105495387 Mb Count b: 5.852691218130311
INFO:root:Mb Count a: 0.240973630831643 Mb Count b: 5.708661417322834
INFO:root:Mb Count a: 0.240973630831643 Mb Count b: 5.708661417322834
INFO:root:Mb Count a: 2.4810224632068163 Mb Count b: 3.2029950083194674
INFO:root:Mb Count a: 0.29666924864446165 Mb Count b: 4.520798668885192
INFO:root:Mb Count a: 2.436096049573974 Mb Count b: 3.4991680532445923
INFO:root:Mb Count a: 0.29666924864446165 Mb Count b: 4.520798668885192
INFO:root:Mb Count a: 2.4198295894655306 Mb Count b: 3.437603993344426
INFO:root:Mb Count a: 0.29666924864446165 Mb Count b: 4.520798668885192
INFO:root:Mb Count a: 0.916095890410959 Mb Count b: 1.7312588401697313
INFO:root:Mb Count a: 0.025684931506849314 Mb Count b: 6.693069306930693
INFO:root:Mb Count a: 0.9863013698630136 Mb Count b: 1.6746817538896748
INFO:root:Mb Count a: 0.025684931506849314 Mb Count b: 6.693069306930693
INFO:root:Mb Count a: 0.9332191780821918 Mb Count b: 1.876944837340877
INFO:root:Mb Count a: 0.025684931506849314 Mb Count b: 6.693069306930693
/scratch/data/leah/phertilizer/src/branching_split.py:108: RuntimeWarning: invalid value encountered in true_divide
  tmb = mut_var_count_by_cell/mut_total_reads_by_cell
INFO:root:Mb Count a: 1.917963224893918 Mb Count b: 2.264559068219634
INFO:root:Mb Count a: 0.08062234794908062 Mb Count b: 4.021630615640599
INFO:root:Mb Count a: 1.9646393210749646 Mb Count b: 2.237936772046589
INFO:root:Mb Count a: 0.08062234794908062 Mb Count b: 4.021630615640599
INFO:root:Mb Count a: 1.8925035360678926 Mb Count b: 2.372712146422629
INFO:root:Mb Count a: 0.08062234794908062 Mb Count b: 4.021630615640599
/scratch/data/leah/phertilizer/src/branching_split.py:108: RuntimeWarning: invalid value encountered in true_divide
  tmb = mut_var_count_by_cell/mut_total_reads_by_cell
/scratch/data/leah/phertilizer/src/branching_split.py:108: RuntimeWarning: invalid value encountered in true_divide
  tmb = mut_var_count_by_cell/mut_total_reads_by_cell
/scratch/data/leah/phertilizer/src/branching_split.py:108: RuntimeWarning: invalid value encountered in true_divide
  tmb = mut_var_count_by_cell/mut_total_reads_by_cell
/scratch/data/leah/phertilizer/src/branching_split.py:108: RuntimeWarning: invalid value encountered in true_divide
  tmb = mut_var_count_by_cell/mut_total_reads_by_cell
/scratch/data/leah/phertilizer/src/branching_split.py:108: RuntimeWarning: invalid value encountered in true_divide
  tmb = mut_var_count_by_cell/mut_total_reads_by_cell
/scratch/data/leah/phertilizer/src/branching_split.py:108: RuntimeWarning: invalid value encountered in true_divide
  tmb = mut_var_count_by_cell/mut_total_reads_by_cell
/scratch/data/leah/phertilizer/src/linear_split.py:251: RuntimeWarning: invalid value encountered in true_divide
  tmb = mb_mut_count/mb_tot_count
INFO:root:Mb Count a: 1.2174657534246576 Mb Count b: 1.5841584158415842
/scratch/data/leah/phertilizer/src/linear_split.py:251: RuntimeWarning: invalid value encountered in true_divide
  tmb = mb_mut_count/mb_tot_count
INFO:root:Mb Count a: 0.005136986301369863 Mb Count b: 3.4922206506364923
/scratch/data/leah/phertilizer/src/linear_split.py:251: RuntimeWarning: invalid value encountered in true_divide
  tmb = mb_mut_count/mb_tot_count
INFO:root:Mb Count a: 1.2996575342465753 Mb Count b: 1.5558698727015559
/scratch/data/leah/phertilizer/src/linear_split.py:251: RuntimeWarning: invalid value encountered in true_divide
  tmb = mb_mut_count/mb_tot_count
INFO:root:Mb Count a: 0.005136986301369863 Mb Count b: 3.4922206506364923
/scratch/data/leah/phertilizer/src/linear_split.py:251: RuntimeWarning: invalid value encountered in true_divide
  tmb = mb_mut_count/mb_tot_count
INFO:root:Mb Count a: 1.202054794520548 Mb Count b: 1.5912305516265912
/scratch/data/leah/phertilizer/src/linear_split.py:251: RuntimeWarning: invalid value encountered in true_divide
  tmb = mb_mut_count/mb_tot_count
INFO:root:Mb Count a: 0.005136986301369863 Mb Count b: 3.4922206506364923
