Input data:
    chr  mutation_id  cell_id base  var  total
0  chr8            0      349    C    0      1
1  chr8            0      590    C    0      1
2  chr8            0      593    C    0      1
3  chr8            0      922    C    0      1
4  chr8            0      932    C    0      1
Phertilizer is running in infinite sites mode...

Starting tilling phase....
func:'till' args:[(<phertilizer.Phertilizer object at 0x7fd626ed3790>, 0.0, 0.0, 5, 0.001, 15, False, 1.0, 0.15), {}] took: 8.0160 sec
Tilling phase complete!
Phertilizing a tree with n:2455 cells and m: 2356 SNVs

Starting planting phase....
Starting k-clonal tree inference for seed:
Cells: 2455 Muts: 2356 Ancestral Muts: 0 
Sprouting seed:
Cells: 2455 Muts: 2356 Ancestral Muts: 0 
Sprouting a branching tree from seed ...
(Generator(PCG64) at 0x7FD625817C80,)
Jump Percentage: 0.9999999999999665 First Eig Val: -5.272690832112422e-16 First Gap: 4.526882589412309e-16 Largest Gap: 0.429511712306742 Number of Clusters:3
CellsA: 460 CellsB: 1995
MutsA: 662 mutsB: 515
Jump Percentage: 0.999999999999967 First Eig Val: -4.717898208989933e-16 First Gap: 6.708261515907562e-16 Largest Gap: 0.43832195597675716 Number of Clusters:3
Clonal Tree 0 
[(0, 1), (0, 2)] 
Loss Nodes:0
Node: 0 Cells: 0 Muts: 1179 LostMuts: 0
Node: 1 Cells: 460 Muts: 662 LostMuts: 0
Node: 2 Cells: 1995 Muts: 515 LostMuts: 0
Total Cells: 2455 Total Muts: 2356
Jump Percentage: 0.9999999999999288 First Eig Val: 1.6650599600056046e-16 First Gap: 1.556115607153675e-16 Largest Gap: 0.43115903280284296 Number of Clusters:3
CellsA: 460 CellsB: 1995
MutsA: 662 mutsB: 515
Jump Percentage: 0.999999999999967 First Eig Val: -4.717898208989933e-16 First Gap: 6.708261515907562e-16 Largest Gap: 0.43832195597675716 Number of Clusters:3
Clonal Tree 0 
[(0, 1), (0, 2)] 
Loss Nodes:0
Node: 0 Cells: 0 Muts: 1179 LostMuts: 0
Node: 1 Cells: 460 Muts: 662 LostMuts: 0
Node: 2 Cells: 1995 Muts: 515 LostMuts: 0
Total Cells: 2455 Total Muts: 2356
Jump Percentage: 0.9999999999999868 First Eig Val: -1.8645279638248036e-16 First Gap: 4.917150490644947e-16 Largest Gap: 0.4294687526521544 Number of Clusters:3
CellsA: 460 CellsB: 1995
MutsA: 662 mutsB: 515
Jump Percentage: 0.999999999999967 First Eig Val: -4.717898208989933e-16 First Gap: 6.708261515907562e-16 Largest Gap: 0.43832195597675716 Number of Clusters:3
Clonal Tree 0 
[(0, 1), (0, 2)] 
Loss Nodes:0
Node: 0 Cells: 0 Muts: 1179 LostMuts: 0
Node: 1 Cells: 460 Muts: 662 LostMuts: 0
Node: 2 Cells: 1995 Muts: 515 LostMuts: 0
Total Cells: 2455 Total Muts: 2356
Finding the maximum likelihood tree out of 3 trees....
Clonal Tree 0 
[(0, 1), (0, 2)] 
Loss Nodes:0
Node: 0 Cells: 0 Muts: 1179 LostMuts: 0
Node: 1 Cells: 460 Muts: 662 LostMuts: 0
Node: 2 Cells: 1995 Muts: 515 LostMuts: 0
Total Cells: 2455 Total Muts: 2356

Tree: 0 LogLikelihood: 756784.1705821233
Variant LogLikelihood: -51355.56951958889 
RDR LogLikelihood: 808139.7401017123

Clonal Tree 1 
[(0, 1), (0, 2)] 
Loss Nodes:0
Node: 0 Cells: 0 Muts: 1179 LostMuts: 0
Node: 1 Cells: 460 Muts: 662 LostMuts: 0
Node: 2 Cells: 1995 Muts: 515 LostMuts: 0
Total Cells: 2455 Total Muts: 2356

Tree: 1 LogLikelihood: 756784.1705821233
Variant LogLikelihood: -51355.56951958889 
RDR LogLikelihood: 808139.7401017123

Clonal Tree 2 
[(0, 1), (0, 2)] 
Loss Nodes:0
Node: 0 Cells: 0 Muts: 1179 LostMuts: 0
Node: 1 Cells: 460 Muts: 662 LostMuts: 0
Node: 2 Cells: 1995 Muts: 515 LostMuts: 0
Total Cells: 2455 Total Muts: 2356

Tree: 2 LogLikelihood: 756784.1705821233
Variant LogLikelihood: -51355.56951958889 
RDR LogLikelihood: 808139.7401017123

Sprouted tree:
Clonal Tree 0 
[(0, 1), (0, 2)] 
Loss Nodes:0
Node: 0 Cells: 0 Muts: 1179 LostMuts: 0
Node: 1 Cells: 460 Muts: 662 LostMuts: 0
Node: 2 Cells: 1995 Muts: 515 LostMuts: 0
Total Cells: 2455 Total Muts: 2356
Cells: 460 Muts: 662 Ancestral Muts: 1179 
Cells: 1995 Muts: 515 Ancestral Muts: 1179 
Sprouting seed:
Cells: 2455 Muts: 2356 Ancestral Muts: 0 
Sprouting a linear tree from seed ...
Jump Percentage: 0.9999999999999907 First Eig Val: -8.343914350853332e-16 First Gap: 1.4033180926132286e-15 Largest Gap: 0.4366808563525378 Number of Clusters:3
start:0 iteration:0
CellsA: 1995 CellsB: 460
MutsA: 1588 MutsB: 768
Jump Percentage: 0.9999999999999326 First Eig Val: -3.1150697884441507e-16 First Gap: 5.515700360483388e-16 Largest Gap: 0.43222108252632907 Number of Clusters:3
adding tree to internal list:
Clonal Tree 0 
[(0, 1)] 
Loss Nodes:0
Node: 0 Cells: 1995 Muts: 1588 LostMuts: 0
Node: 1 Cells: 460 Muts: 768 LostMuts: 0
Total Cells: 2455 Total Muts: 2356
Jump Percentage: 0.9999999999999877 First Eig Val: 2.038067620526438e-17 First Gap: 1.4613378470583185e-16 Largest Gap: 0.42860413435649986 Number of Clusters:3
start:1 iteration:0
CellsA: 1995 CellsB: 460
MutsA: 1588 MutsB: 768
Jump Percentage: 0.9999999999999326 First Eig Val: -3.1150697884441507e-16 First Gap: 5.515700360483388e-16 Largest Gap: 0.43222108252632907 Number of Clusters:3
adding tree to internal list:
Clonal Tree 0 
[(0, 1)] 
Loss Nodes:0
Node: 0 Cells: 1995 Muts: 1588 LostMuts: 0
Node: 1 Cells: 460 Muts: 768 LostMuts: 0
Total Cells: 2455 Total Muts: 2356
Jump Percentage: 0.99999999999999 First Eig Val: 2.985543577141663e-16 First Gap: 2.0098757414744521e-16 Largest Gap: 0.4344772001631129 Number of Clusters:3
start:2 iteration:0
CellsA: 1995 CellsB: 460
MutsA: 1588 MutsB: 768
Jump Percentage: 0.9999999999999326 First Eig Val: -3.1150697884441507e-16 First Gap: 5.515700360483388e-16 Largest Gap: 0.43222108252632907 Number of Clusters:3
adding tree to internal list:
Clonal Tree 0 
[(0, 1)] 
Loss Nodes:0
Node: 0 Cells: 1995 Muts: 1588 LostMuts: 0
Node: 1 Cells: 460 Muts: 768 LostMuts: 0
Total Cells: 2455 Total Muts: 2356
adding tree to candidate list:
Clonal Tree 0 
[(0, 1)] 
Loss Nodes:0
Node: 0 Cells: 1995 Muts: 1588 LostMuts: 0
Node: 1 Cells: 460 Muts: 768 LostMuts: 0
Total Cells: 2455 Total Muts: 2356
Normalized Likelihood: -0.7313492713022761
Jump Percentage: 0.9999999999999815 First Eig Val: 1.8049837951263102e-17 First Gap: 2.383214163600842e-16 Largest Gap: 0.378749519795055 Number of Clusters:3
start:0 iteration:0
CellsA: 1274 CellsB: 721
MutsA: 893 MutsB: 1463
Jump Percentage: 0.9999999999999729 First Eig Val: -2.701574183375545e-16 First Gap: 1.3315418061241493e-15 Largest Gap: 0.36440842913527455 Number of Clusters:3
adding tree to internal list:
Clonal Tree 0 
[(0, 1)] 
Loss Nodes:0
Node: 0 Cells: 1274 Muts: 893 LostMuts: 0
Node: 1 Cells: 1181 Muts: 1463 LostMuts: 0
Total Cells: 2455 Total Muts: 2356
Jump Percentage: 0.9999999999999845 First Eig Val: -1.4534317586081863e-16 First Gap: 3.058600118435804e-16 Largest Gap: 0.36497281927595426 Number of Clusters:3
start:1 iteration:0
CellsA: 1274 CellsB: 721
MutsA: 893 MutsB: 1463
Jump Percentage: 0.9999999999999729 First Eig Val: -2.701574183375545e-16 First Gap: 1.3315418061241493e-15 Largest Gap: 0.36440842913527455 Number of Clusters:3
adding tree to internal list:
Clonal Tree 0 
[(0, 1)] 
Loss Nodes:0
Node: 0 Cells: 1274 Muts: 893 LostMuts: 0
Node: 1 Cells: 1181 Muts: 1463 LostMuts: 0
Total Cells: 2455 Total Muts: 2356
Jump Percentage: 0.9999999999999878 First Eig Val: -2.3773730679689147e-16 First Gap: 7.020913482872513e-17 Largest Gap: 0.39417390980474537 Number of Clusters:3
start:2 iteration:0
CellsA: 1274 CellsB: 721
MutsA: 893 MutsB: 1463
Jump Percentage: 0.9999999999999729 First Eig Val: -2.701574183375545e-16 First Gap: 1.3315418061241493e-15 Largest Gap: 0.36440842913527455 Number of Clusters:3
adding tree to internal list:
Clonal Tree 0 
[(0, 1)] 
Loss Nodes:0
Node: 0 Cells: 1274 Muts: 893 LostMuts: 0
Node: 1 Cells: 1181 Muts: 1463 LostMuts: 0
Total Cells: 2455 Total Muts: 2356
adding tree to candidate list:
Clonal Tree 0 
[(0, 1)] 
Loss Nodes:0
Node: 0 Cells: 1274 Muts: 893 LostMuts: 0
Node: 1 Cells: 1181 Muts: 1463 LostMuts: 0
Total Cells: 2455 Total Muts: 2356
Normalized Likelihood: -0.4562029952431843
Jump Percentage: 0.9999999999999852 First Eig Val: -1.5096270212768006e-16 First Gap: 9.260418447099972e-16 Largest Gap: 0.3777143285326722 Number of Clusters:3
start:0 iteration:0
CellsA: 905 CellsB: 369
MutsA: 726 MutsB: 1630
Jump Percentage: 0.9999999999999957 First Eig Val: -6.592376124970431e-21 First Gap: 4.960013961429472e-16 Largest Gap: 0.3605403387936759 Number of Clusters:3
adding tree to internal list:
Clonal Tree 0 
[(0, 1)] 
Loss Nodes:0
Node: 0 Cells: 905 Muts: 726 LostMuts: 0
Node: 1 Cells: 1550 Muts: 1630 LostMuts: 0
Total Cells: 2455 Total Muts: 2356
Jump Percentage: 0.999999999999983 First Eig Val: 1.7233884660767416e-16 First Gap: 1.0518109350434866e-15 Largest Gap: 0.39015562937644177 Number of Clusters:3
start:1 iteration:0
CellsA: 905 CellsB: 369
MutsA: 726 MutsB: 1630
Jump Percentage: 0.9999999999999957 First Eig Val: -6.592376124970431e-21 First Gap: 4.960013961429472e-16 Largest Gap: 0.3605403387936759 Number of Clusters:3
adding tree to internal list:
Clonal Tree 0 
[(0, 1)] 
Loss Nodes:0
Node: 0 Cells: 905 Muts: 726 LostMuts: 0
Node: 1 Cells: 1550 Muts: 1630 LostMuts: 0
Total Cells: 2455 Total Muts: 2356
Jump Percentage: 0.9999999999999696 First Eig Val: -9.622332197906595e-16 First Gap: 5.876976396497274e-16 Largest Gap: 0.38784790844468253 Number of Clusters:3
start:2 iteration:0
CellsA: 905 CellsB: 369
MutsA: 726 MutsB: 1630
Jump Percentage: 0.9999999999999957 First Eig Val: -6.592376124970431e-21 First Gap: 4.960013961429472e-16 Largest Gap: 0.3605403387936759 Number of Clusters:3
adding tree to internal list:
Clonal Tree 0 
[(0, 1)] 
Loss Nodes:0
Node: 0 Cells: 905 Muts: 726 LostMuts: 0
Node: 1 Cells: 1550 Muts: 1630 LostMuts: 0
Total Cells: 2455 Total Muts: 2356
adding tree to candidate list:
Clonal Tree 0 
[(0, 1)] 
Loss Nodes:0
Node: 0 Cells: 905 Muts: 726 LostMuts: 0
Node: 1 Cells: 1550 Muts: 1630 LostMuts: 0
Total Cells: 2455 Total Muts: 2356
Normalized Likelihood: -0.4341658239622817
Jump Percentage: 0.9999999999999857 First Eig Val: -1.6364903685402255e-15 First Gap: 1.8485001955290724e-15 Largest Gap: 0.6006004835316489 Number of Clusters:2
start:0 iteration:0
CellsA: 365 CellsB: 540
MutsA: 473 MutsB: 1883
Jump Percentage: 0.9999999999999901 First Eig Val: 1.906159476517081e-16 First Gap: 1.9162730796207223e-17 Largest Gap: 0.6154326102104992 Number of Clusters:2
adding tree to internal list:
Clonal Tree 0 
[(0, 1)] 
Loss Nodes:0
Node: 0 Cells: 365 Muts: 473 LostMuts: 0
Node: 1 Cells: 2090 Muts: 1883 LostMuts: 0
Total Cells: 2455 Total Muts: 2356
Jump Percentage: 0.9999999999999863 First Eig Val: 9.631723418068941e-17 First Gap: 8.064746206356065e-16 Largest Gap: 0.6308038851221102 Number of Clusters:2
start:1 iteration:0
CellsA: 365 CellsB: 540
MutsA: 473 MutsB: 1883
Jump Percentage: 0.9999999999999901 First Eig Val: 1.906159476517081e-16 First Gap: 1.9162730796207223e-17 Largest Gap: 0.6154326102104992 Number of Clusters:2
adding tree to internal list:
Clonal Tree 0 
[(0, 1)] 
Loss Nodes:0
Node: 0 Cells: 365 Muts: 473 LostMuts: 0
Node: 1 Cells: 2090 Muts: 1883 LostMuts: 0
Total Cells: 2455 Total Muts: 2356
Jump Percentage: 0.9999999999999891 First Eig Val: 9.373168069149988e-17 First Gap: 3.8082279394506832e-16 Largest Gap: 0.6457540747002086 Number of Clusters:2
start:2 iteration:0
CellsA: 365 CellsB: 540
MutsA: 473 MutsB: 1883
Jump Percentage: 0.9999999999999901 First Eig Val: 1.906159476517081e-16 First Gap: 1.9162730796207223e-17 Largest Gap: 0.6154326102104992 Number of Clusters:2
adding tree to internal list:
Clonal Tree 0 
[(0, 1)] 
Loss Nodes:0
Node: 0 Cells: 365 Muts: 473 LostMuts: 0
Node: 1 Cells: 2090 Muts: 1883 LostMuts: 0
Total Cells: 2455 Total Muts: 2356
adding tree to candidate list:
Clonal Tree 0 
[(0, 1)] 
Loss Nodes:0
Node: 0 Cells: 365 Muts: 473 LostMuts: 0
Node: 1 Cells: 2090 Muts: 1883 LostMuts: 0
Total Cells: 2455 Total Muts: 2356
Normalized Likelihood: -0.48115782836516796
Clonal Tree 0 
[(0, 1)] 
Loss Nodes:0
Node: 0 Cells: 1995 Muts: 1588 LostMuts: 0
Node: 1 Cells: 460 Muts: 768 LostMuts: 0
Total Cells: 2455 Total Muts: 2356
Normalized Likelihood: -0.7313492713022761
Clonal Tree 1 
[(0, 1)] 
Loss Nodes:0
Node: 0 Cells: 1274 Muts: 893 LostMuts: 0
Node: 1 Cells: 1181 Muts: 1463 LostMuts: 0
Total Cells: 2455 Total Muts: 2356
Normalized Likelihood: -0.4562029952431843
Clonal Tree 2 
[(0, 1)] 
Loss Nodes:0
Node: 0 Cells: 905 Muts: 726 LostMuts: 0
Node: 1 Cells: 1550 Muts: 1630 LostMuts: 0
Total Cells: 2455 Total Muts: 2356
Normalized Likelihood: -0.4341658239622817
Clonal Tree 3 
[(0, 1)] 
Loss Nodes:0
Node: 0 Cells: 365 Muts: 473 LostMuts: 0
Node: 1 Cells: 2090 Muts: 1883 LostMuts: 0
Total Cells: 2455 Total Muts: 2356
Normalized Likelihood: -0.48115782836516796
linear split norm likelihood best tree
Clonal Tree 2 
[(0, 1)] 
Loss Nodes:0
Node: 0 Cells: 905 Muts: 726 LostMuts: 0
Node: 1 Cells: 1550 Muts: 1630 LostMuts: 0
Total Cells: 2455 Total Muts: 2356
Sprouted tree:
Clonal Tree 2 
[(0, 1)] 
Loss Nodes:0
Node: 0 Cells: 905 Muts: 726 LostMuts: 0
Node: 1 Cells: 1550 Muts: 1630 LostMuts: 0
Total Cells: 2455 Total Muts: 2356
Cells: 1550 Muts: 1630 Ancestral Muts: 726 
Number of subproblems remaining: 3
Starting k-clonal tree inference for seed:
Cells: 1550 Muts: 1630 Ancestral Muts: 726 
Sprouting seed:
Cells: 1550 Muts: 1630 Ancestral Muts: 726 
Sprouting a branching tree from seed ...
(Generator(PCG64) at 0x7FD625817C80,)
Jump Percentage: 0.9999999999999903 First Eig Val: -3.1074773200582177e-16 First Gap: 4.280643336588352e-16 Largest Gap: 0.662092391086114 Number of Clusters:3
CellsA: 1090 CellsB: 460
MutsA: 623 mutsB: 354
Jump Percentage: 0.9999999999999952 First Eig Val: -5.5744858193014e-16 First Gap: 3.262003406980714e-16 Largest Gap: 0.4899268276079787 Number of Clusters:3
Clonal Tree 0 
[(0, 1), (0, 2)] 
Loss Nodes:0
Node: 0 Cells: 0 Muts: 653 LostMuts: 0
Node: 1 Cells: 1090 Muts: 623 LostMuts: 0
Node: 2 Cells: 460 Muts: 354 LostMuts: 0
Total Cells: 1550 Total Muts: 1630
Jump Percentage: 0.9999999999999849 First Eig Val: 9.973767024401479e-17 First Gap: 1.501626104917518e-16 Largest Gap: 0.6470941061245316 Number of Clusters:3
CellsA: 1090 CellsB: 460
MutsA: 623 mutsB: 354
Jump Percentage: 0.9999999999999952 First Eig Val: -5.5744858193014e-16 First Gap: 3.262003406980714e-16 Largest Gap: 0.4899268276079787 Number of Clusters:3
Clonal Tree 0 
[(0, 1), (0, 2)] 
Loss Nodes:0
Node: 0 Cells: 0 Muts: 653 LostMuts: 0
Node: 1 Cells: 1090 Muts: 623 LostMuts: 0
Node: 2 Cells: 460 Muts: 354 LostMuts: 0
Total Cells: 1550 Total Muts: 1630
Jump Percentage: 0.9999999999999911 First Eig Val: -6.17173696401169e-16 First Gap: 4.103948985569508e-16 Largest Gap: 0.6437812739698373 Number of Clusters:3
CellsA: 1090 CellsB: 460
MutsA: 623 mutsB: 354
Jump Percentage: 0.9999999999999952 First Eig Val: -5.5744858193014e-16 First Gap: 3.262003406980714e-16 Largest Gap: 0.4899268276079787 Number of Clusters:3
Clonal Tree 0 
[(0, 1), (0, 2)] 
Loss Nodes:0
Node: 0 Cells: 0 Muts: 653 LostMuts: 0
Node: 1 Cells: 1090 Muts: 623 LostMuts: 0
Node: 2 Cells: 460 Muts: 354 LostMuts: 0
Total Cells: 1550 Total Muts: 1630
Finding the maximum likelihood tree out of 3 trees....
Clonal Tree 0 
[(0, 1), (0, 2)] 
Loss Nodes:0
Node: 0 Cells: 0 Muts: 653 LostMuts: 0
Node: 1 Cells: 1090 Muts: 623 LostMuts: 0
Node: 2 Cells: 460 Muts: 354 LostMuts: 0
Total Cells: 1550 Total Muts: 1630

Tree: 0 LogLikelihood: 484037.96608751756
Variant LogLikelihood: -67880.19728444515 
RDR LogLikelihood: 551918.1633719627

Clonal Tree 1 
[(0, 1), (0, 2)] 
Loss Nodes:0
Node: 0 Cells: 0 Muts: 653 LostMuts: 0
Node: 1 Cells: 1090 Muts: 623 LostMuts: 0
Node: 2 Cells: 460 Muts: 354 LostMuts: 0
Total Cells: 1550 Total Muts: 1630

Tree: 1 LogLikelihood: 484037.96608751756
Variant LogLikelihood: -67880.19728444515 
RDR LogLikelihood: 551918.1633719627

Clonal Tree 2 
[(0, 1), (0, 2)] 
Loss Nodes:0
Node: 0 Cells: 0 Muts: 653 LostMuts: 0
Node: 1 Cells: 1090 Muts: 623 LostMuts: 0
Node: 2 Cells: 460 Muts: 354 LostMuts: 0
Total Cells: 1550 Total Muts: 1630

Tree: 2 LogLikelihood: 484037.96608751756
Variant LogLikelihood: -67880.19728444515 
RDR LogLikelihood: 551918.1633719627

Sprouted tree:
Clonal Tree 0 
[(0, 1), (0, 2)] 
Loss Nodes:0
Node: 0 Cells: 0 Muts: 653 LostMuts: 0
Node: 1 Cells: 1090 Muts: 623 LostMuts: 0
Node: 2 Cells: 460 Muts: 354 LostMuts: 0
Total Cells: 1550 Total Muts: 1630
Cells: 1090 Muts: 623 Ancestral Muts: 1379 
Cells: 460 Muts: 354 Ancestral Muts: 1379 
Sprouting seed:
Cells: 1550 Muts: 1630 Ancestral Muts: 726 
Sprouting a linear tree from seed ...
Jump Percentage: 0.9999999999999818 First Eig Val: -1.3981058092981053e-17 First Gap: 6.623507205021692e-16 Largest Gap: 0.5745953002572758 Number of Clusters:3
start:0 iteration:0
CellsA: 1090 CellsB: 460
MutsA: 1191 MutsB: 439
Jump Percentage: 0.9999999999999797 First Eig Val: 3.645098183693042e-17 First Gap: 2.141224511730491e-16 Largest Gap: 0.3878403423346594 Number of Clusters:3
adding tree to internal list:
Clonal Tree 0 
[(0, 1)] 
Loss Nodes:0
Node: 0 Cells: 1090 Muts: 1191 LostMuts: 0
Node: 1 Cells: 460 Muts: 439 LostMuts: 0
Total Cells: 1550 Total Muts: 1630
Jump Percentage: 0.999999999999961 First Eig Val: 6.951014898345068e-18 First Gap: 2.641249899361392e-16 Largest Gap: 0.5422412183501956 Number of Clusters:3
start:1 iteration:0
CellsA: 1090 CellsB: 460
MutsA: 1191 MutsB: 439
Jump Percentage: 0.9999999999999797 First Eig Val: 3.645098183693042e-17 First Gap: 2.141224511730491e-16 Largest Gap: 0.3878403423346594 Number of Clusters:3
adding tree to internal list:
Clonal Tree 0 
[(0, 1)] 
Loss Nodes:0
Node: 0 Cells: 1090 Muts: 1191 LostMuts: 0
Node: 1 Cells: 460 Muts: 439 LostMuts: 0
Total Cells: 1550 Total Muts: 1630
Jump Percentage: 0.9999999999999847 First Eig Val: -1.6514335010955663e-16 First Gap: 3.910210142185551e-16 Largest Gap: 0.5713113902120615 Number of Clusters:3
start:2 iteration:0
CellsA: 1090 CellsB: 460
MutsA: 1191 MutsB: 439
Jump Percentage: 0.9999999999999797 First Eig Val: 3.645098183693042e-17 First Gap: 2.141224511730491e-16 Largest Gap: 0.3878403423346594 Number of Clusters:3
adding tree to internal list:
Clonal Tree 0 
[(0, 1)] 
Loss Nodes:0
Node: 0 Cells: 1090 Muts: 1191 LostMuts: 0
Node: 1 Cells: 460 Muts: 439 LostMuts: 0
Total Cells: 1550 Total Muts: 1630
adding tree to candidate list:
Clonal Tree 0 
[(0, 1)] 
Loss Nodes:0
Node: 0 Cells: 1090 Muts: 1191 LostMuts: 0
Node: 1 Cells: 460 Muts: 439 LostMuts: 0
Total Cells: 1550 Total Muts: 1630
Normalized Likelihood: -0.7466763860950584
Jump Percentage: 0.9999999999999679 First Eig Val: -1.1864101752159714e-16 First Gap: 4.892679159140323e-16 Largest Gap: 0.6627541766062741 Number of Clusters:2
start:0 iteration:0
CellsA: 369 CellsB: 721
MutsA: 318 MutsB: 1312
Jump Percentage: 0.9999999999999735 First Eig Val: 2.2494840506940066e-16 First Gap: 7.652232238314508e-17 Largest Gap: 0.6366434763304474 Number of Clusters:2
adding tree to internal list:
Clonal Tree 0 
[(0, 1)] 
Loss Nodes:0
Node: 0 Cells: 369 Muts: 318 LostMuts: 0
Node: 1 Cells: 1181 Muts: 1312 LostMuts: 0
Total Cells: 1550 Total Muts: 1630
Jump Percentage: 0.9999999999999966 First Eig Val: -4.917756086340858e-16 First Gap: 3.221307771947633e-16 Largest Gap: 0.5434478600361075 Number of Clusters:2
start:1 iteration:0
CellsA: 369 CellsB: 721
MutsA: 318 MutsB: 1312
Jump Percentage: 0.9999999999999735 First Eig Val: 2.2494840506940066e-16 First Gap: 7.652232238314508e-17 Largest Gap: 0.6366434763304474 Number of Clusters:2
adding tree to internal list:
Clonal Tree 0 
[(0, 1)] 
Loss Nodes:0
Node: 0 Cells: 369 Muts: 318 LostMuts: 0
Node: 1 Cells: 1181 Muts: 1312 LostMuts: 0
Total Cells: 1550 Total Muts: 1630
Jump Percentage: 0.999999999999988 First Eig Val: -5.090941844887827e-16 First Gap: 8.075252220161353e-17 Largest Gap: 0.5977286819712928 Number of Clusters:2
start:2 iteration:0
CellsA: 369 CellsB: 721
MutsA: 318 MutsB: 1312
Jump Percentage: 0.9999999999999735 First Eig Val: 2.2494840506940066e-16 First Gap: 7.652232238314508e-17 Largest Gap: 0.6366434763304474 Number of Clusters:2
adding tree to internal list:
Clonal Tree 0 
[(0, 1)] 
Loss Nodes:0
Node: 0 Cells: 369 Muts: 318 LostMuts: 0
Node: 1 Cells: 1181 Muts: 1312 LostMuts: 0
Total Cells: 1550 Total Muts: 1630
adding tree to candidate list:
Clonal Tree 0 
[(0, 1)] 
Loss Nodes:0
Node: 0 Cells: 369 Muts: 318 LostMuts: 0
Node: 1 Cells: 1181 Muts: 1312 LostMuts: 0
Total Cells: 1550 Total Muts: 1630
Normalized Likelihood: -0.39656174925430393
Clonal Tree 0 
[(0, 1)] 
Loss Nodes:0
Node: 0 Cells: 1090 Muts: 1191 LostMuts: 0
Node: 1 Cells: 460 Muts: 439 LostMuts: 0
Total Cells: 1550 Total Muts: 1630
Normalized Likelihood: -0.7466763860950584
Clonal Tree 1 
[(0, 1)] 
Loss Nodes:0
Node: 0 Cells: 369 Muts: 318 LostMuts: 0
Node: 1 Cells: 1181 Muts: 1312 LostMuts: 0
Total Cells: 1550 Total Muts: 1630
Normalized Likelihood: -0.39656174925430393
linear split norm likelihood best tree
Clonal Tree 1 
[(0, 1)] 
Loss Nodes:0
Node: 0 Cells: 369 Muts: 318 LostMuts: 0
Node: 1 Cells: 1181 Muts: 1312 LostMuts: 0
Total Cells: 1550 Total Muts: 1630
Sprouted tree:
Clonal Tree 1 
[(0, 1)] 
Loss Nodes:0
Node: 0 Cells: 369 Muts: 318 LostMuts: 0
Node: 1 Cells: 1181 Muts: 1312 LostMuts: 0
Total Cells: 1550 Total Muts: 1630
Cells: 1181 Muts: 1312 Ancestral Muts: 1044 
Number of subproblems remaining: 5
Starting k-clonal tree inference for seed:
Cells: 1181 Muts: 1312 Ancestral Muts: 1044 
Sprouting seed:
Cells: 1181 Muts: 1312 Ancestral Muts: 1044 
Sprouting a branching tree from seed ...
(Generator(PCG64) at 0x7FD625817C80,)
Jump Percentage: 0.9999999999999679 First Eig Val: -2.227745769743403e-16 First Gap: 8.884187375798434e-16 Largest Gap: 0.6837555959851129 Number of Clusters:2
CellsA: 721 CellsB: 460
MutsA: 605 mutsB: 272
Jump Percentage: 0.9999999999999811 First Eig Val: 8.826988740462138e-17 First Gap: 4.762232684016417e-16 Largest Gap: 0.4898832768985971 Number of Clusters:2
Clonal Tree 0 
[(0, 1), (0, 2)] 
Loss Nodes:0
Node: 0 Cells: 0 Muts: 435 LostMuts: 0
Node: 1 Cells: 721 Muts: 605 LostMuts: 0
Node: 2 Cells: 460 Muts: 272 LostMuts: 0
Total Cells: 1181 Total Muts: 1312
Jump Percentage: 0.9999999999999506 First Eig Val: 2.7411443932868895e-16 First Gap: 1.0670468162820327e-15 Largest Gap: 0.675762721559689 Number of Clusters:2
CellsA: 721 CellsB: 460
MutsA: 605 mutsB: 272
Jump Percentage: 0.9999999999999811 First Eig Val: 8.826988740462138e-17 First Gap: 4.762232684016417e-16 Largest Gap: 0.4898832768985971 Number of Clusters:2
Clonal Tree 0 
[(0, 1), (0, 2)] 
Loss Nodes:0
Node: 0 Cells: 0 Muts: 435 LostMuts: 0
Node: 1 Cells: 721 Muts: 605 LostMuts: 0
Node: 2 Cells: 460 Muts: 272 LostMuts: 0
Total Cells: 1181 Total Muts: 1312
Jump Percentage: 0.9999999999999899 First Eig Val: -1.1375076407730488e-15 First Gap: 1.2786430313902116e-15 Largest Gap: 0.6797125941084767 Number of Clusters:2
CellsA: 721 CellsB: 460
MutsA: 605 mutsB: 272
Jump Percentage: 0.9999999999999811 First Eig Val: 8.826988740462138e-17 First Gap: 4.762232684016417e-16 Largest Gap: 0.4898832768985971 Number of Clusters:2
Clonal Tree 0 
[(0, 1), (0, 2)] 
Loss Nodes:0
Node: 0 Cells: 0 Muts: 435 LostMuts: 0
Node: 1 Cells: 721 Muts: 605 LostMuts: 0
Node: 2 Cells: 460 Muts: 272 LostMuts: 0
Total Cells: 1181 Total Muts: 1312
Finding the maximum likelihood tree out of 3 trees....
Clonal Tree 0 
[(0, 1), (0, 2)] 
Loss Nodes:0
Node: 0 Cells: 0 Muts: 435 LostMuts: 0
Node: 1 Cells: 721 Muts: 605 LostMuts: 0
Node: 2 Cells: 460 Muts: 272 LostMuts: 0
Total Cells: 1181 Total Muts: 1312

Tree: 0 LogLikelihood: 351676.5526802982
Variant LogLikelihood: -59661.3552401161 
RDR LogLikelihood: 411337.9079204143

Clonal Tree 1 
[(0, 1), (0, 2)] 
Loss Nodes:0
Node: 0 Cells: 0 Muts: 435 LostMuts: 0
Node: 1 Cells: 721 Muts: 605 LostMuts: 0
Node: 2 Cells: 460 Muts: 272 LostMuts: 0
Total Cells: 1181 Total Muts: 1312

Tree: 1 LogLikelihood: 351676.5526802982
Variant LogLikelihood: -59661.3552401161 
RDR LogLikelihood: 411337.9079204143

Clonal Tree 2 
[(0, 1), (0, 2)] 
Loss Nodes:0
Node: 0 Cells: 0 Muts: 435 LostMuts: 0
Node: 1 Cells: 721 Muts: 605 LostMuts: 0
Node: 2 Cells: 460 Muts: 272 LostMuts: 0
Total Cells: 1181 Total Muts: 1312

Tree: 2 LogLikelihood: 351676.5526802982
Variant LogLikelihood: -59661.3552401161 
RDR LogLikelihood: 411337.9079204143

Sprouted tree:
Clonal Tree 0 
[(0, 1), (0, 2)] 
Loss Nodes:0
Node: 0 Cells: 0 Muts: 435 LostMuts: 0
Node: 1 Cells: 721 Muts: 605 LostMuts: 0
Node: 2 Cells: 460 Muts: 272 LostMuts: 0
Total Cells: 1181 Total Muts: 1312
Cells: 721 Muts: 605 Ancestral Muts: 1479 
Cells: 460 Muts: 272 Ancestral Muts: 1479 
Sprouting seed:
Cells: 1181 Muts: 1312 Ancestral Muts: 1044 
Sprouting a linear tree from seed ...
Jump Percentage: 0.9999999999999778 First Eig Val: 3.588544702873466e-16 First Gap: 1.9926956335417106e-16 Largest Gap: 0.6052858002489305 Number of Clusters:2
start:0 iteration:0
CellsA: 460 CellsB: 721
MutsA: 701 MutsB: 611
Jump Percentage: 0.9999999999999906 First Eig Val: -3.346814799421045e-16 First Gap: 4.25290253729865e-17 Largest Gap: 0.5337589527875813 Number of Clusters:2
adding tree to internal list:
Clonal Tree 0 
[(0, 1)] 
Loss Nodes:0
Node: 0 Cells: 460 Muts: 701 LostMuts: 0
Node: 1 Cells: 721 Muts: 611 LostMuts: 0
Total Cells: 1181 Total Muts: 1312
Jump Percentage: 0.9999999999999659 First Eig Val: 1.799403002030111e-16 First Gap: 6.213606224766111e-16 Largest Gap: 0.608180959889066 Number of Clusters:2
start:1 iteration:0
CellsA: 460 CellsB: 721
MutsA: 701 MutsB: 611
Jump Percentage: 0.9999999999999906 First Eig Val: -3.346814799421045e-16 First Gap: 4.25290253729865e-17 Largest Gap: 0.5337589527875813 Number of Clusters:2
adding tree to internal list:
Clonal Tree 0 
[(0, 1)] 
Loss Nodes:0
Node: 0 Cells: 460 Muts: 701 LostMuts: 0
Node: 1 Cells: 721 Muts: 611 LostMuts: 0
Total Cells: 1181 Total Muts: 1312
Jump Percentage: 0.9999999999999751 First Eig Val: 1.5851939721898375e-16 First Gap: 1.910062047719804e-16 Largest Gap: 0.6112318258812715 Number of Clusters:2
start:2 iteration:0
CellsA: 460 CellsB: 721
MutsA: 701 MutsB: 611
Jump Percentage: 0.9999999999999906 First Eig Val: -3.346814799421045e-16 First Gap: 4.25290253729865e-17 Largest Gap: 0.5337589527875813 Number of Clusters:2
adding tree to internal list:
Clonal Tree 0 
[(0, 1)] 
Loss Nodes:0
Node: 0 Cells: 460 Muts: 701 LostMuts: 0
Node: 1 Cells: 721 Muts: 611 LostMuts: 0
Total Cells: 1181 Total Muts: 1312
adding tree to candidate list:
Clonal Tree 0 
[(0, 1)] 
Loss Nodes:0
Node: 0 Cells: 460 Muts: 701 LostMuts: 0
Node: 1 Cells: 721 Muts: 611 LostMuts: 0
Total Cells: 1181 Total Muts: 1312
Normalized Likelihood: -0.6294791145893027
Clonal Tree 0 
[(0, 1)] 
Loss Nodes:0
Node: 0 Cells: 460 Muts: 701 LostMuts: 0
Node: 1 Cells: 721 Muts: 611 LostMuts: 0
Total Cells: 1181 Total Muts: 1312
Normalized Likelihood: -0.6294791145893027
linear split norm likelihood best tree
Clonal Tree 0 
[(0, 1)] 
Loss Nodes:0
Node: 0 Cells: 460 Muts: 701 LostMuts: 0
Node: 1 Cells: 721 Muts: 611 LostMuts: 0
Total Cells: 1181 Total Muts: 1312
Sprouted tree:
Clonal Tree 0 
[(0, 1)] 
Loss Nodes:0
Node: 0 Cells: 460 Muts: 701 LostMuts: 0
Node: 1 Cells: 721 Muts: 611 LostMuts: 0
Total Cells: 1181 Total Muts: 1312
Cells: 721 Muts: 611 Ancestral Muts: 1745 
Number of subproblems remaining: 7
Starting k-clonal tree inference for seed:
Cells: 721 Muts: 611 Ancestral Muts: 1745 
Sprouting seed:
Cells: 721 Muts: 611 Ancestral Muts: 1745 
Sprouting a branching tree from seed ...
(Generator(PCG64) at 0x7FD625817C80,)
Max copy distance < 1, using SNV kernel only
Jump Percentage: 0.10070475484168014 First Eig Val: 3.612033909447823e-16 First Gap: 0.45079709738920404 Largest Gap: 0.45079709738920404 Number of Clusters:1
CellsA: 369 CellsB: 352
MutsA: 59 mutsB: 238
Max copy distance < 1, using SNV kernel only
Jump Percentage: 0.18418563974161026 First Eig Val: 2.3075050559239974e-16 First Gap: 0.4339887639392697 Largest Gap: 0.4339887639392697 Number of Clusters:1
CellsA: 353 CellsB: 368
MutsA: 240 mutsB: 71
Max copy distance < 1, using SNV kernel only
Jump Percentage: 0.104672009272893 First Eig Val: -1.8004854235167406e-16 First Gap: 0.46113616305867544 Largest Gap: 0.46113616305867544 Number of Clusters:1
CellsA: 410 CellsB: 311
MutsA: 82 mutsB: 200
Max copy distance < 1, using SNV kernel only
Jump Percentage: 0.2177162784393418 First Eig Val: 4.355623411867852e-16 First Gap: 0.2426649763880314 Largest Gap: 0.3037026757136905 Number of Clusters:3
CellsA: 154 CellsB: 567
MutsA: 82 mutsB: 263
Max copy distance < 1, using SNV kernel only
Jump Percentage: 0.28412849682967495 First Eig Val: -4.863574526657141e-16 First Gap: 0.2932983153076819 Largest Gap: 0.2932983153076819 Number of Clusters:1
CellsA: 90 CellsB: 631
MutsA: 69 mutsB: 362
Max copy distance < 1, using SNV kernel only
Jump Percentage: 0.23508646354355048 First Eig Val: -7.517372608781546e-16 First Gap: 0.29314012295760894 Largest Gap: 0.29314012295760894 Number of Clusters:1
CellsA: 109 CellsB: 612
MutsA: 79 mutsB: 321
Max copy distance < 1, using SNV kernel only
Jump Percentage: 0.3069815370362223 First Eig Val: 3.4228543303699115e-16 First Gap: 0.2726137388961519 Largest Gap: 0.2726137388961519 Number of Clusters:1
CellsA: 92 CellsB: 629
MutsA: 84 mutsB: 348
Max copy distance < 1, using SNV kernel only
Jump Percentage: 0.3448875886452828 First Eig Val: -5.076744245720785e-16 First Gap: 0.31777486974385594 Largest Gap: 0.31777486974385594 Number of Clusters:1
CellsA: 76 CellsB: 645
MutsA: 80 mutsB: 374
Max copy distance < 1, using SNV kernel only
Jump Percentage: 0.36353603703015164 First Eig Val: 4.020387076109472e-16 First Gap: 0.31670431119197207 Largest Gap: 0.31670431119197207 Number of Clusters:1
CellsA: 74 CellsB: 647
MutsA: 81 mutsB: 382
Max copy distance < 1, using SNV kernel only
Jump Percentage: 0.36005764708082016 First Eig Val: -4.964193002277356e-16 First Gap: 0.3218998348289241 Largest Gap: 0.3218998348289241 Number of Clusters:1
CellsA: 89 CellsB: 632
MutsA: 88 mutsB: 349
Max copy distance < 1, using SNV kernel only
Jump Percentage: 0.3724632040161729 First Eig Val: 3.2862963095769686e-16 First Gap: 0.33296394352535624 Largest Gap: 0.33296394352535624 Number of Clusters:1
CellsA: 71 CellsB: 650
MutsA: 83 mutsB: 387
Max copy distance < 1, using SNV kernel only
Jump Percentage: 0.35441658964900874 First Eig Val: -2.0256123779008794e-17 First Gap: 0.33820747473469287 Largest Gap: 0.33820747473469287 Number of Clusters:1
CellsA: 76 CellsB: 645
MutsA: 86 mutsB: 377
Clonal Tree 0 
[(0, 1), (0, 2)] 
Loss Nodes:0
Node: 0 Cells: 0 Muts: 148 LostMuts: 0
Node: 1 Cells: 76 Muts: 86 LostMuts: 0
Node: 2 Cells: 645 Muts: 377 LostMuts: 0
Total Cells: 721 Total Muts: 611
Finding the maximum likelihood tree out of 1 trees....
Clonal Tree 0 
[(0, 1), (0, 2)] 
Loss Nodes:0
Node: 0 Cells: 0 Muts: 148 LostMuts: 0
Node: 1 Cells: 76 Muts: 86 LostMuts: 0
Node: 2 Cells: 645 Muts: 377 LostMuts: 0
Total Cells: 721 Total Muts: 611

Tree: 0 LogLikelihood: 231109.80309814686
Variant LogLikelihood: -45519.99869246236 
RDR LogLikelihood: 276629.80179060926

Sprouted tree:
Clonal Tree 0 
[(0, 1), (0, 2)] 
Loss Nodes:0
Node: 0 Cells: 0 Muts: 148 LostMuts: 0
Node: 1 Cells: 76 Muts: 86 LostMuts: 0
Node: 2 Cells: 645 Muts: 377 LostMuts: 0
Total Cells: 721 Total Muts: 611
Cells: 645 Muts: 377 Ancestral Muts: 1893 
Sprouting seed:
Cells: 721 Muts: 611 Ancestral Muts: 1745 
Sprouting a linear tree from seed ...
Using SNV kernel only
Jump Percentage: 0.2010580954351851 First Eig Val: 7.188887737355467e-16 First Gap: 0.3912883463339002 Largest Gap: 0.3912883463339002 Number of Clusters:1
start:0 iteration:0
CellsA: 486 CellsB: 235
MutsA: 416 MutsB: 195
Using SNV kernel only
Jump Percentage: 0.3048514976238952 First Eig Val: 5.914864951994685e-16 First Gap: 0.2732241953845769 Largest Gap: 0.291810596540531 Number of Clusters:3
start:0 iteration:1
CellsA: 656 CellsB: 65
MutsA: 517 MutsB: 94
Using SNV kernel only
Jump Percentage: 0.6496099013026797 First Eig Val: 8.118505867571473e-16 First Gap: 0.18208210214147844 Largest Gap: 0.44481697709005885 Number of Clusters:2
start:0 iteration:2
CellsA: 637 CellsB: 84
MutsA: 510 MutsB: 101
Using SNV kernel only
Jump Percentage: 0.6552779907579318 First Eig Val: -1.3045120539345613e-15 First Gap: 0.17633852144101353 Largest Gap: 0.48095243386257935 Number of Clusters:2
start:0 iteration:3
CellsA: 637 CellsB: 84
MutsA: 507 MutsB: 104
Using SNV kernel only
Jump Percentage: 0.5022759916382271 First Eig Val: 1.1657341758564175e-15 First Gap: 0.18411686556171736 Largest Gap: 0.4559719667416508 Number of Clusters:2
start:0 iteration:4
CellsA: 639 CellsB: 82
MutsA: 510 MutsB: 101
Using SNV kernel only
Jump Percentage: 0.6557269975683985 First Eig Val: -1.1796119636642303e-16 First Gap: 0.18227898152949537 Largest Gap: 0.4568698561718124 Number of Clusters:2
start:0 iteration:5
CellsA: 638 CellsB: 83
MutsA: 510 MutsB: 101
Using SNV kernel only
Jump Percentage: 0.6557269975683985 First Eig Val: -1.1796119636642303e-16 First Gap: 0.18227898152949537 Largest Gap: 0.4568698561718124 Number of Clusters:2
adding tree to internal list:
Clonal Tree 0 
[(0, 1)] 
Loss Nodes:0
Node: 0 Cells: 638 Muts: 510 LostMuts: 0
Node: 1 Cells: 83 Muts: 101 LostMuts: 0
Total Cells: 721 Total Muts: 611
Using SNV kernel only
Jump Percentage: 0.15793665241365948 First Eig Val: -1.7750948694966856e-16 First Gap: 0.3812281737367022 Largest Gap: 0.3812281737367022 Number of Clusters:1
start:1 iteration:0
CellsA: 478 CellsB: 243
MutsA: 419 MutsB: 192
Using SNV kernel only
Jump Percentage: 0.2984513113712311 First Eig Val: -4.844757407751486e-16 First Gap: 0.2462076335971101 Largest Gap: 0.3188161840190895 Number of Clusters:3
start:1 iteration:1
CellsA: 645 CellsB: 76
MutsA: 523 MutsB: 88
Using SNV kernel only
Jump Percentage: 0.6302276777905657 First Eig Val: 2.0122792321330997e-16 First Gap: 0.158897355634491 Largest Gap: 0.49276731061329687 Number of Clusters:2
start:1 iteration:2
CellsA: 627 CellsB: 94
MutsA: 511 MutsB: 100
Using SNV kernel only
Jump Percentage: 0.4962020799279433 First Eig Val: -1.096345236817344e-15 First Gap: 0.18148019761753126 Largest Gap: 0.45556205503551944 Number of Clusters:2
start:1 iteration:3
CellsA: 637 CellsB: 84
MutsA: 513 MutsB: 98
Using SNV kernel only
Jump Percentage: 0.4896018749582176 First Eig Val: 1.2559397966072115e-15 First Gap: 0.17385391021835053 Largest Gap: 0.4932331115426641 Number of Clusters:2
start:1 iteration:4
CellsA: 635 CellsB: 86
MutsA: 513 MutsB: 98
Using SNV kernel only
Jump Percentage: 0.49078760068809657 First Eig Val: -7.355227538141677e-16 First Gap: 0.17359172420384059 Largest Gap: 0.49076895990250846 Number of Clusters:2
adding tree to internal list:
Clonal Tree 0 
[(0, 1)] 
Loss Nodes:0
Node: 0 Cells: 635 Muts: 513 LostMuts: 0
Node: 1 Cells: 86 Muts: 98 LostMuts: 0
Total Cells: 721 Total Muts: 611
Using SNV kernel only
Jump Percentage: 0.2519473067492034 First Eig Val: -1.2363703448541315e-16 First Gap: 0.37809929630131167 Largest Gap: 0.37809929630131167 Number of Clusters:1
start:2 iteration:0
CellsA: 217 CellsB: 504
MutsA: 272 MutsB: 339
Using SNV kernel only
Jump Percentage: 0.2035205701883193 First Eig Val: -4.76802854278624e-16 First Gap: 0.35799888910515143 Largest Gap: 0.35799888910515143 Number of Clusters:1
start:2 iteration:1
CellsA: 379 CellsB: 342
MutsA: 345 MutsB: 266
Using SNV kernel only
Jump Percentage: 0.21120741853909478 First Eig Val: -2.597998279994713e-16 First Gap: 0.281300493693075 Largest Gap: 0.281300493693075 Number of Clusters:1
start:2 iteration:2
CellsA: 488 CellsB: 233
MutsA: 398 MutsB: 213
Using SNV kernel only
Jump Percentage: 0.2710766836989701 First Eig Val: -6.110834494671432e-16 First Gap: 0.25519034656730727 Largest Gap: 0.2893162771952583 Number of Clusters:3
start:2 iteration:3
CellsA: 505 CellsB: 216
MutsA: 404 MutsB: 207
Using SNV kernel only
Jump Percentage: 0.263119520294131 First Eig Val: -3.095126151902999e-16 First Gap: 0.255210000828503 Largest Gap: 0.288191076197991 Number of Clusters:2
start:2 iteration:4
CellsA: 509 CellsB: 212
MutsA: 408 MutsB: 203
Using SNV kernel only
Jump Percentage: 0.2630162777079323 First Eig Val: -3.2943483010972126e-16 First Gap: 0.25321706434338176 Largest Gap: 0.29458839154509 Number of Clusters:2
start:2 iteration:5
CellsA: 512 CellsB: 209
MutsA: 408 MutsB: 203
Using SNV kernel only
Jump Percentage: 0.2630162777079323 First Eig Val: -3.2943483010972126e-16 First Gap: 0.25321706434338176 Largest Gap: 0.29458839154509 Number of Clusters:2
adding tree to internal list:
Clonal Tree 0 
[(0, 1)] 
Loss Nodes:0
Node: 0 Cells: 512 Muts: 408 LostMuts: 0
Node: 1 Cells: 209 Muts: 203 LostMuts: 0
Total Cells: 721 Total Muts: 611
adding tree to candidate list:
Clonal Tree 2 
[(0, 1)] 
Loss Nodes:0
Node: 0 Cells: 512 Muts: 408 LostMuts: 0
Node: 1 Cells: 209 Muts: 203 LostMuts: 0
Total Cells: 721 Total Muts: 611
Normalized Likelihood: -0.6206947080047568
Using SNV kernel only
Jump Percentage: 0.24601811503074847 First Eig Val: -3.519734694978365e-16 First Gap: 0.41283665625251037 Largest Gap: 0.41283665625251037 Number of Clusters:1
start:0 iteration:0
CellsA: 162 CellsB: 350
MutsA: 252 MutsB: 359
Using SNV kernel only
Jump Percentage: 0.15860939030990037 First Eig Val: -3.018726645460701e-16 First Gap: 0.46940999637708547 Largest Gap: 0.46940999637708547 Number of Clusters:1
start:0 iteration:1
CellsA: 333 CellsB: 179
MutsA: 311 MutsB: 300
Using SNV kernel only
Jump Percentage: 0.20753754579496264 First Eig Val: -6.657001690225028e-16 First Gap: 0.5046260606082034 Largest Gap: 0.5046260606082034 Number of Clusters:1
start:0 iteration:2
CellsA: 352 CellsB: 160
MutsA: 303 MutsB: 308
Using SNV kernel only
Jump Percentage: 0.2376793252800169 First Eig Val: 9.93893837926317e-16 First Gap: 0.5000789124526135 Largest Gap: 0.5000789124526135 Number of Clusters:1
start:0 iteration:3
CellsA: 350 CellsB: 162
MutsA: 301 MutsB: 310
Using SNV kernel only
Jump Percentage: 0.2359906953112653 First Eig Val: -6.695364521713548e-16 First Gap: 0.4989336196143179 Largest Gap: 0.4989336196143179 Number of Clusters:1
adding tree to internal list:
Clonal Tree 0 
[(0, 1)] 
Loss Nodes:0
Node: 0 Cells: 350 Muts: 301 LostMuts: 0
Node: 1 Cells: 371 Muts: 310 LostMuts: 0
Total Cells: 721 Total Muts: 611
Using SNV kernel only
Jump Percentage: 0.281216318418827 First Eig Val: -1.2053021351509991e-15 First Gap: 0.41290014511220735 Largest Gap: 0.41290014511220735 Number of Clusters:1
start:1 iteration:0
CellsA: 478 CellsB: 34
MutsA: 403 MutsB: 208
Using SNV kernel only
Jump Percentage: 0.7137702620486418 First Eig Val: 1.2228617838703115e-15 First Gap: 0.8049744615308886 Largest Gap: 0.8049744615308886 Number of Clusters:1
start:1 iteration:1
CellsA: 457 CellsB: 55
MutsA: 395 MutsB: 216
Using SNV kernel only
Jump Percentage: 0.8767467241276126 First Eig Val: -1.2040714577514484e-15 First Gap: 0.7845686203078329 Largest Gap: 0.7845686203078329 Number of Clusters:1
start:1 iteration:2
CellsA: 456 CellsB: 56
MutsA: 395 MutsB: 216
Using SNV kernel only
Jump Percentage: 0.8767467241276126 First Eig Val: -1.2040714577514484e-15 First Gap: 0.7845686203078329 Largest Gap: 0.7845686203078329 Number of Clusters:1
adding tree to internal list:
Clonal Tree 0 
[(0, 1)] 
Loss Nodes:0
Node: 0 Cells: 456 Muts: 395 LostMuts: 0
Node: 1 Cells: 265 Muts: 216 LostMuts: 0
Total Cells: 721 Total Muts: 611
Using SNV kernel only
Jump Percentage: 0.1964183509555079 First Eig Val: 1.058192111353467e-15 First Gap: 0.42780751498013814 Largest Gap: 0.42780751498013814 Number of Clusters:1
start:2 iteration:0
CellsA: 350 CellsB: 162
MutsA: 350 MutsB: 261
Using SNV kernel only
Jump Percentage: 0.6481372192911621 First Eig Val: -8.152508211032548e-16 First Gap: 0.5612666200951917 Largest Gap: 0.5612666200951917 Number of Clusters:1
start:2 iteration:1
CellsA: 501 CellsB: 11
MutsA: 406 MutsB: 205
Using SNV kernel only
Jump Percentage: 0.774193144508592 First Eig Val: -8.839467392607544e-16 First Gap: 0.817951137902277 Largest Gap: 0.817951137902277 Number of Clusters:1
start:2 iteration:2
CellsA: 461 CellsB: 51
MutsA: 400 MutsB: 211
Using SNV kernel only
Jump Percentage: 0.9036157513296045 First Eig Val: -1.1345739244960456e-15 First Gap: 0.7870113496874194 Largest Gap: 0.7870113496874194 Number of Clusters:1
adding tree to internal list:
Clonal Tree 0 
[(0, 1)] 
Loss Nodes:0
Node: 0 Cells: 461 Muts: 400 LostMuts: 0
Node: 1 Cells: 260 Muts: 211 LostMuts: 0
Total Cells: 721 Total Muts: 611
adding tree to candidate list:
Clonal Tree 0 
[(0, 1)] 
Loss Nodes:0
Node: 0 Cells: 350 Muts: 301 LostMuts: 0
Node: 1 Cells: 371 Muts: 310 LostMuts: 0
Total Cells: 721 Total Muts: 611
Normalized Likelihood: -0.494816753966404
Clonal Tree 0 
[(0, 1)] 
Loss Nodes:0
Node: 0 Cells: 512 Muts: 408 LostMuts: 0
Node: 1 Cells: 209 Muts: 203 LostMuts: 0
Total Cells: 721 Total Muts: 611
Normalized Likelihood: -0.6206947080047568
Clonal Tree 1 
[(0, 1)] 
Loss Nodes:0
Node: 0 Cells: 350 Muts: 301 LostMuts: 0
Node: 1 Cells: 371 Muts: 310 LostMuts: 0
Total Cells: 721 Total Muts: 611
Normalized Likelihood: -0.494816753966404
linear split norm likelihood best tree
Clonal Tree 1 
[(0, 1)] 
Loss Nodes:0
Node: 0 Cells: 350 Muts: 301 LostMuts: 0
Node: 1 Cells: 371 Muts: 310 LostMuts: 0
Total Cells: 721 Total Muts: 611
Sprouted tree:
Clonal Tree 1 
[(0, 1)] 
Loss Nodes:0
Node: 0 Cells: 350 Muts: 301 LostMuts: 0
Node: 1 Cells: 371 Muts: 310 LostMuts: 0
Total Cells: 721 Total Muts: 611
Cells: 371 Muts: 310 Ancestral Muts: 2046 
Number of subproblems remaining: 8
Starting k-clonal tree inference for seed:
Cells: 721 Muts: 605 Ancestral Muts: 1479 
Sprouting seed:
Cells: 721 Muts: 605 Ancestral Muts: 1479 
Sprouting a branching tree from seed ...
(Generator(PCG64) at 0x7FD625817C80,)
Max copy distance < 1, using SNV kernel only
Jump Percentage: 0.09660979026456946 First Eig Val: -1.4110034149079277e-16 First Gap: 0.4558580628397657 Largest Gap: 0.4558580628397657 Number of Clusters:1
CellsA: 293 CellsB: 428
MutsA: 38 mutsB: 306
Max copy distance < 1, using SNV kernel only
Jump Percentage: 0.08318492051879167 First Eig Val: -1.0828574319795302e-15 First Gap: 0.4332256212954572 Largest Gap: 0.4332256212954572 Number of Clusters:1
CellsA: 432 CellsB: 289
MutsA: 295 mutsB: 56
Max copy distance < 1, using SNV kernel only
Jump Percentage: 0.07500645677334612 First Eig Val: -3.252127990324351e-16 First Gap: 0.46087302718350137 Largest Gap: 0.46087302718350137 Number of Clusters:1
CellsA: 439 CellsB: 282
MutsA: 288 mutsB: 47
Sprouted tree:
None
<bound method Phertilizer.sprout_branching of <phertilizer.Phertilizer object at 0x7fd626ed3790>> invalid
Sprouting seed:
Cells: 721 Muts: 605 Ancestral Muts: 1479 
Sprouting a linear tree from seed ...
Using SNV kernel only
Jump Percentage: 0.24969878160296083 First Eig Val: 5.383889643514115e-16 First Gap: 0.35535940687550516 Largest Gap: 0.35535940687550516 Number of Clusters:1
start:0 iteration:0
CellsA: 443 CellsB: 278
MutsA: 402 MutsB: 203
Using SNV kernel only
Jump Percentage: 0.26823913167609204 First Eig Val: -6.089963602851089e-16 First Gap: 0.23961447500050445 Largest Gap: 0.30001011063510663 Number of Clusters:2
start:0 iteration:1
CellsA: 641 CellsB: 80
MutsA: 526 MutsB: 79
Using SNV kernel only
Jump Percentage: 0.546312917484714 First Eig Val: 5.655198531684399e-16 First Gap: 0.11198371242692748 Largest Gap: 0.593024758490571 Number of Clusters:2
start:0 iteration:2
CellsA: 594 CellsB: 127
MutsA: 500 MutsB: 105
Using SNV kernel only
Jump Percentage: 0.4269963839053951 First Eig Val: 4.787836793695996e-16 First Gap: 0.1428222645214738 Largest Gap: 0.5648450051634415 Number of Clusters:2
start:0 iteration:3
CellsA: 615 CellsB: 106
MutsA: 506 MutsB: 99
Using SNV kernel only
Jump Percentage: 0.43494736942565637 First Eig Val: -1.734723475976811e-16 First Gap: 0.1418094375062158 Largest Gap: 0.5470918079595564 Number of Clusters:2
start:0 iteration:4
CellsA: 615 CellsB: 106
MutsA: 511 MutsB: 94
Using SNV kernel only
Jump Percentage: 0.5935910107048251 First Eig Val: 8.187894806610547e-16 First Gap: 0.1389648084573886 Largest Gap: 0.5680683974428069 Number of Clusters:2
start:0 iteration:5
CellsA: 615 CellsB: 106
MutsA: 509 MutsB: 96
Using SNV kernel only
Jump Percentage: 0.43283527658378884 First Eig Val: 6.383782391594663e-16 First Gap: 0.14159026090137017 Largest Gap: 0.5633726748122141 Number of Clusters:2
start:0 iteration:6
CellsA: 616 CellsB: 105
MutsA: 511 MutsB: 94
Using SNV kernel only
Jump Percentage: 0.5845685644749288 First Eig Val: -4.926614671774142e-16 First Gap: 0.13555848629874553 Largest Gap: 0.5737116067953655 Number of Clusters:2
start:0 iteration:7
CellsA: 613 CellsB: 108
MutsA: 510 MutsB: 95
Using SNV kernel only
Jump Percentage: 0.5845685644749288 First Eig Val: -4.926614671774142e-16 First Gap: 0.13555848629874553 Largest Gap: 0.5737116067953655 Number of Clusters:2
adding tree to internal list:
Clonal Tree 0 
[(0, 1)] 
Loss Nodes:0
Node: 0 Cells: 613 Muts: 510 LostMuts: 0
Node: 1 Cells: 108 Muts: 95 LostMuts: 0
Total Cells: 721 Total Muts: 605
Using SNV kernel only
Jump Percentage: 0.18604424191030258 First Eig Val: 1.1697282141354062e-16 First Gap: 0.38257942542385204 Largest Gap: 0.38257942542385204 Number of Clusters:1
start:1 iteration:0
CellsA: 461 CellsB: 260
MutsA: 410 MutsB: 195
Using SNV kernel only
Jump Percentage: 0.2799037397653446 First Eig Val: -1.4471388497250302e-16 First Gap: 0.2504682232058754 Largest Gap: 0.29125670954042904 Number of Clusters:3
start:1 iteration:1
CellsA: 513 CellsB: 208
MutsA: 417 MutsB: 188
Using SNV kernel only
Jump Percentage: 0.28233358005114656 First Eig Val: -7.03918260486215e-16 First Gap: 0.24066425310872325 Largest Gap: 0.31794941136277843 Number of Clusters:2
start:1 iteration:2
CellsA: 647 CellsB: 74
MutsA: 529 MutsB: 76
Using SNV kernel only
Jump Percentage: 0.5776157722610159 First Eig Val: 1.124100812432973e-15 First Gap: 0.12311799927684287 Largest Gap: 0.601547384782883 Number of Clusters:2
start:1 iteration:3
CellsA: 607 CellsB: 114
MutsA: 512 MutsB: 93
Using SNV kernel only
Jump Percentage: 0.4310767288773788 First Eig Val: 4.544975507059244e-16 First Gap: 0.1395562961674138 Largest Gap: 0.5683533598549997 Number of Clusters:2
start:1 iteration:4
CellsA: 617 CellsB: 104
MutsA: 516 MutsB: 89
Using SNV kernel only
Jump Percentage: 0.5929199419408947 First Eig Val: 8.673617379884051e-16 First Gap: 0.13489630796691834 Largest Gap: 0.5788042612870609 Number of Clusters:2
start:1 iteration:5
CellsA: 615 CellsB: 106
MutsA: 514 MutsB: 91
Using SNV kernel only
Jump Percentage: 0.42790599836633786 First Eig Val: -8.673617379884056e-16 First Gap: 0.13713668414917393 Largest Gap: 0.5831948252627153 Number of Clusters:2
start:1 iteration:6
CellsA: 617 CellsB: 104
MutsA: 515 MutsB: 90
Using SNV kernel only
Jump Percentage: 0.4223096934101535 First Eig Val: 5.551115123125795e-16 First Gap: 0.13246005472707403 Largest Gap: 0.6029417440332482 Number of Clusters:2
start:1 iteration:7
CellsA: 615 CellsB: 106
MutsA: 513 MutsB: 92
Using SNV kernel only
Jump Percentage: 0.43583921995093616 First Eig Val: -1.1310397063368802e-15 First Gap: 0.14187320814501986 Largest Gap: 0.5900198354983369 Number of Clusters:2
start:1 iteration:8
CellsA: 621 CellsB: 100
MutsA: 514 MutsB: 91
Using SNV kernel only
Jump Percentage: 0.6014687882923114 First Eig Val: 1.353084311261912e-16 First Gap: 0.13917856410008783 Largest Gap: 0.5795161068592809 Number of Clusters:2
start:1 iteration:9
CellsA: 619 CellsB: 102
MutsA: 514 MutsB: 91
adding tree to internal list:
Clonal Tree 0 
[(0, 1)] 
Loss Nodes:0
Node: 0 Cells: 619 Muts: 514 LostMuts: 0
Node: 1 Cells: 102 Muts: 91 LostMuts: 0
Total Cells: 721 Total Muts: 605
Using SNV kernel only
Jump Percentage: 0.2397996418667021 First Eig Val: -6.580413728392296e-16 First Gap: 0.36906117431207774 Largest Gap: 0.36906117431207774 Number of Clusters:1
start:2 iteration:0
CellsA: 232 CellsB: 489
MutsA: 277 MutsB: 328
Using SNV kernel only
Jump Percentage: 0.23742819911273236 First Eig Val: 3.902990690945873e-16 First Gap: 0.3472508838030884 Largest Gap: 0.3472508838030884 Number of Clusters:1
start:2 iteration:1
CellsA: 266 CellsB: 455
MutsA: 264 MutsB: 341
Using SNV kernel only
Jump Percentage: 0.224496147683889 First Eig Val: -9.202244413595448e-16 First Gap: 0.3493392647923538 Largest Gap: 0.3493392647923538 Number of Clusters:1
start:2 iteration:2
CellsA: 482 CellsB: 239
MutsA: 409 MutsB: 196
Using SNV kernel only
Jump Percentage: 0.32831332171486216 First Eig Val: -7.528699885739357e-16 First Gap: 0.21415290097675171 Largest Gap: 0.3329114046089161 Number of Clusters:2
start:2 iteration:3
CellsA: 631 CellsB: 90
MutsA: 513 MutsB: 92
Using SNV kernel only
Jump Percentage: 0.5439492833454473 First Eig Val: -1.6653345369377378e-16 First Gap: 0.10698935075861923 Largest Gap: 0.6581207893996728 Number of Clusters:2
start:2 iteration:4
CellsA: 591 CellsB: 130
MutsA: 498 MutsB: 107
Using SNV kernel only
Jump Percentage: 0.5652024407832534 First Eig Val: -5.238864897449965e-16 First Gap: 0.1198596608212504 Largest Gap: 0.6265176536369494 Number of Clusters:2
start:2 iteration:5
CellsA: 602 CellsB: 119
MutsA: 500 MutsB: 105
Using SNV kernel only
Jump Percentage: 0.5664214799163477 First Eig Val: 4.3021142204224895e-16 First Gap: 0.11800104189533103 Largest Gap: 0.6226517866940082 Number of Clusters:2
start:2 iteration:6
CellsA: 600 CellsB: 121
MutsA: 502 MutsB: 103
Using SNV kernel only
Jump Percentage: 0.5607291223085573 First Eig Val: 1.2732870313669786e-15 First Gap: 0.11333012299748836 Largest Gap: 0.6393896687676214 Number of Clusters:2
start:2 iteration:7
CellsA: 597 CellsB: 124
MutsA: 502 MutsB: 103
Using SNV kernel only
Jump Percentage: 0.5607291223085573 First Eig Val: 1.2732870313669786e-15 First Gap: 0.11333012299748836 Largest Gap: 0.6393896687676214 Number of Clusters:2
adding tree to internal list:
Clonal Tree 0 
[(0, 1)] 
Loss Nodes:0
Node: 0 Cells: 597 Muts: 502 LostMuts: 0
Node: 1 Cells: 124 Muts: 103 LostMuts: 0
Total Cells: 721 Total Muts: 605
adding tree to candidate list:
Clonal Tree 2 
[(0, 1)] 
Loss Nodes:0
Node: 0 Cells: 597 Muts: 502 LostMuts: 0
Node: 1 Cells: 124 Muts: 103 LostMuts: 0
Total Cells: 721 Total Muts: 605
Normalized Likelihood: -0.7305600076850526
Using SNV kernel only
Jump Percentage: 0.18707050070488113 First Eig Val: -3.33671688911887e-16 First Gap: 0.3548481219300858 Largest Gap: 0.3548481219300858 Number of Clusters:1
start:0 iteration:0
CellsA: 353 CellsB: 244
MutsA: 357 MutsB: 248
Using SNV kernel only
Jump Percentage: 0.2863808002583367 First Eig Val: -1.8790324792005257e-16 First Gap: 0.33971173886893213 Largest Gap: 0.33971173886893213 Number of Clusters:1
start:0 iteration:1
CellsA: 409 CellsB: 188
MutsA: 354 MutsB: 251
Using SNV kernel only
Jump Percentage: 0.26212819046188857 First Eig Val: 1.6211668509361083e-15 First Gap: 0.33666708055931716 Largest Gap: 0.33666708055931716 Number of Clusters:1
start:0 iteration:2
CellsA: 415 CellsB: 182
MutsA: 353 MutsB: 252
Using SNV kernel only
Jump Percentage: 0.24783589666319572 First Eig Val: 3.0045656243473057e-16 First Gap: 0.3333518935021579 Largest Gap: 0.3333518935021579 Number of Clusters:1
start:0 iteration:3
CellsA: 417 CellsB: 180
MutsA: 354 MutsB: 251
Using SNV kernel only
Jump Percentage: 0.24823507268353914 First Eig Val: 7.78756585991448e-16 First Gap: 0.33314850825487013 Largest Gap: 0.33314850825487013 Number of Clusters:1
start:0 iteration:4
CellsA: 418 CellsB: 179
MutsA: 355 MutsB: 250
Using SNV kernel only
Jump Percentage: 0.2540466754191775 First Eig Val: -6.3723262709830495e-16 First Gap: 0.33037896013361717 Largest Gap: 0.33037896013361717 Number of Clusters:1
adding tree to internal list:
Clonal Tree 0 
[(0, 1)] 
Loss Nodes:0
Node: 0 Cells: 418 Muts: 355 LostMuts: 0
Node: 1 Cells: 303 Muts: 250 LostMuts: 0
Total Cells: 721 Total Muts: 605
Using SNV kernel only
Jump Percentage: 0.21303604694617034 First Eig Val: 1.2887348179035862e-15 First Gap: 0.37252658085055884 Largest Gap: 0.37252658085055884 Number of Clusters:1
start:1 iteration:0
CellsA: 364 CellsB: 233
MutsA: 380 MutsB: 225
Using SNV kernel only
Jump Percentage: 0.3008844905683168 First Eig Val: 3.681932313612854e-16 First Gap: 0.34969714284694803 Largest Gap: 0.34969714284694803 Number of Clusters:1
start:1 iteration:1
CellsA: 455 CellsB: 142
MutsA: 401 MutsB: 204
Using SNV kernel only
Jump Percentage: 0.35878032224475526 First Eig Val: 5.082045217595305e-16 First Gap: 0.3549645130991011 Largest Gap: 0.3549645130991011 Number of Clusters:1
start:1 iteration:2
CellsA: 470 CellsB: 127
MutsA: 402 MutsB: 203
Using SNV kernel only
Jump Percentage: 0.28526115493846743 First Eig Val: 1.2622794147009353e-15 First Gap: 0.3646820828317687 Largest Gap: 0.3646820828317687 Number of Clusters:1
start:1 iteration:3
CellsA: 475 CellsB: 122
MutsA: 403 MutsB: 202
Using SNV kernel only
Jump Percentage: 0.3390825885491657 First Eig Val: 3.722625099887931e-16 First Gap: 0.36384784865922437 Largest Gap: 0.36384784865922437 Number of Clusters:1
start:1 iteration:4
CellsA: 482 CellsB: 115
MutsA: 405 MutsB: 200
Using SNV kernel only
Jump Percentage: 0.33453390015198853 First Eig Val: 2.878556767949019e-16 First Gap: 0.35965421385783797 Largest Gap: 0.35965421385783797 Number of Clusters:1
adding tree to internal list:
Clonal Tree 0 
[(0, 1)] 
Loss Nodes:0
Node: 0 Cells: 482 Muts: 405 LostMuts: 0
Node: 1 Cells: 239 Muts: 200 LostMuts: 0
Total Cells: 721 Total Muts: 605
Using SNV kernel only
Jump Percentage: 0.2133718295724194 First Eig Val: 4.655951149917766e-16 First Gap: 0.39504093496279413 Largest Gap: 0.39504093496279413 Number of Clusters:1
start:2 iteration:0
CellsA: 359 CellsB: 238
MutsA: 386 MutsB: 219
Using SNV kernel only
Jump Percentage: 0.302299290777428 First Eig Val: -3.887440770764675e-16 First Gap: 0.33889869656486643 Largest Gap: 0.33889869656486643 Number of Clusters:1
start:2 iteration:1
CellsA: 450 CellsB: 147
MutsA: 411 MutsB: 194
Using SNV kernel only
Jump Percentage: 0.3334483985687906 First Eig Val: -4.69622171012097e-16 First Gap: 0.34161952934649503 Largest Gap: 0.34161952934649503 Number of Clusters:1
start:2 iteration:2
CellsA: 466 CellsB: 131
MutsA: 411 MutsB: 194
Using SNV kernel only
Jump Percentage: 0.36986195013784356 First Eig Val: 1.4670407358537166e-15 First Gap: 0.35256042024489725 Largest Gap: 0.35256042024489725 Number of Clusters:1
start:2 iteration:3
CellsA: 472 CellsB: 125
MutsA: 412 MutsB: 193
Using SNV kernel only
Jump Percentage: 0.3553428052017428 First Eig Val: 1.4757346820243352e-15 First Gap: 0.353304885907595 Largest Gap: 0.353304885907595 Number of Clusters:1
start:2 iteration:4
CellsA: 471 CellsB: 126
MutsA: 412 MutsB: 193
Using SNV kernel only
Jump Percentage: 0.35644266714260536 First Eig Val: -2.7527215533049203e-16 First Gap: 0.3533114457887493 Largest Gap: 0.3533114457887493 Number of Clusters:1
adding tree to internal list:
Clonal Tree 0 
[(0, 1)] 
Loss Nodes:0
Node: 0 Cells: 471 Muts: 412 LostMuts: 0
Node: 1 Cells: 250 Muts: 193 LostMuts: 0
Total Cells: 721 Total Muts: 605
adding tree to candidate list:
Clonal Tree 0 
[(0, 1)] 
Loss Nodes:0
Node: 0 Cells: 418 Muts: 355 LostMuts: 0
Node: 1 Cells: 303 Muts: 250 LostMuts: 0
Total Cells: 721 Total Muts: 605
Normalized Likelihood: -0.566840697221241
Clonal Tree 0 
[(0, 1)] 
Loss Nodes:0
Node: 0 Cells: 597 Muts: 502 LostMuts: 0
Node: 1 Cells: 124 Muts: 103 LostMuts: 0
Total Cells: 721 Total Muts: 605
Normalized Likelihood: -0.7305600076850526
Clonal Tree 1 
[(0, 1)] 
Loss Nodes:0
Node: 0 Cells: 418 Muts: 355 LostMuts: 0
Node: 1 Cells: 303 Muts: 250 LostMuts: 0
Total Cells: 721 Total Muts: 605
Normalized Likelihood: -0.566840697221241
linear split norm likelihood best tree
Clonal Tree 1 
[(0, 1)] 
Loss Nodes:0
Node: 0 Cells: 418 Muts: 355 LostMuts: 0
Node: 1 Cells: 303 Muts: 250 LostMuts: 0
Total Cells: 721 Total Muts: 605
Sprouted tree:
Clonal Tree 1 
[(0, 1)] 
Loss Nodes:0
Node: 0 Cells: 418 Muts: 355 LostMuts: 0
Node: 1 Cells: 303 Muts: 250 LostMuts: 0
Total Cells: 721 Total Muts: 605
Cells: 303 Muts: 250 Ancestral Muts: 1834 
Number of subproblems remaining: 5
Starting k-clonal tree inference for seed:
Cells: 1090 Muts: 623 Ancestral Muts: 1379 
Sprouting seed:
Cells: 1090 Muts: 623 Ancestral Muts: 1379 
Sprouting a branching tree from seed ...
(Generator(PCG64) at 0x7FD625817C80,)
Jump Percentage: 0.9999999999999872 First Eig Val: -4.053748196398282e-16 First Gap: 1.9873081223473616e-16 Largest Gap: 0.45881666206339217 Number of Clusters:2
CellsA: 721 CellsB: 369
MutsA: 587 mutsB: 3
Jump Percentage: 0.9999999999999613 First Eig Val: 3.5664548492521936e-17 First Gap: 2.5889308285009355e-16 Largest Gap: 0.4968156150162212 Number of Clusters:2
CellsA: 721 CellsB: 369
MutsA: 587 mutsB: 3
Jump Percentage: 0.9999999999999859 First Eig Val: -6.161191626365422e-16 First Gap: 9.026379537616292e-17 Largest Gap: 0.46123825259591517 Number of Clusters:2
CellsA: 369 CellsB: 721
MutsA: 3 mutsB: 587
Sprouted tree:
None
<bound method Phertilizer.sprout_branching of <phertilizer.Phertilizer object at 0x7fd626ed3790>> invalid
Sprouting seed:
Cells: 1090 Muts: 623 Ancestral Muts: 1379 
Sprouting a linear tree from seed ...
Jump Percentage: 0.999999999999987 First Eig Val: -6.234793516058104e-16 First Gap: 2.6658844394746756e-16 Largest Gap: 0.34765556829274447 Number of Clusters:2
start:0 iteration:0
CellsA: 369 CellsB: 721
MutsA: 50 MutsB: 573
Jump Percentage: 0.999999999999995 First Eig Val: -7.439139183779252e-18 First Gap: 7.075413974207497e-17 Largest Gap: 0.5199539511235423 Number of Clusters:2
Jump Percentage: 0.9999999999999764 First Eig Val: -2.3585233483506427e-16 First Gap: 5.7011578264558305e-16 Largest Gap: 0.37404843552308026 Number of Clusters:2
start:1 iteration:0
CellsA: 369 CellsB: 721
MutsA: 50 MutsB: 573
Jump Percentage: 0.999999999999995 First Eig Val: -7.439139183779252e-18 First Gap: 7.075413974207497e-17 Largest Gap: 0.5199539511235423 Number of Clusters:2
Jump Percentage: 0.9999999999999777 First Eig Val: 1.9992750019468178e-16 First Gap: 4.8688709814433975e-17 Largest Gap: 0.36950128570571467 Number of Clusters:2
start:2 iteration:0
CellsA: 369 CellsB: 721
MutsA: 50 MutsB: 573
Jump Percentage: 0.999999999999995 First Eig Val: -7.439139183779252e-18 First Gap: 7.075413974207497e-17 Largest Gap: 0.5199539511235423 Number of Clusters:2
Sprouted tree:
None
<bound method Phertilizer.sprout_linear of <phertilizer.Phertilizer object at 0x7fd626ed3790>> invalid
Number of subproblems remaining: 2
Starting k-clonal tree inference for seed:
Cells: 1995 Muts: 515 Ancestral Muts: 1179 
Sprouting seed:
Cells: 1995 Muts: 515 Ancestral Muts: 1179 
Sprouting a branching tree from seed ...
(Generator(PCG64) at 0x7FD625817C80,)
Jump Percentage: 0.9999999999999818 First Eig Val: 1.2105920929414742e-17 First Gap: 5.357398606052103e-16 Largest Gap: 0.2507121482732523 Number of Clusters:2
CellsA: 721 CellsB: 1274
MutsA: 417 mutsB: 6
Jump Percentage: 0.9999999999999832 First Eig Val: -7.731658150658129e-16 First Gap: 1.0893424390920393e-15 Largest Gap: 0.246415849841894 Number of Clusters:2
CellsA: 721 CellsB: 1274
MutsA: 417 mutsB: 6
Jump Percentage: 0.9999999999999892 First Eig Val: -1.06740172132676e-15 First Gap: 1.0817361369627106e-15 Largest Gap: 0.24300745991421072 Number of Clusters:2
CellsA: 721 CellsB: 1274
MutsA: 417 mutsB: 6
Sprouted tree:
None
<bound method Phertilizer.sprout_branching of <phertilizer.Phertilizer object at 0x7fd626ed3790>> invalid
Sprouting seed:
Cells: 1995 Muts: 515 Ancestral Muts: 1179 
Sprouting a linear tree from seed ...
Jump Percentage: 0.9999999999999791 First Eig Val: -5.92893507094491e-16 First Gap: 1.2179203150472504e-16 Largest Gap: 0.24871789407698477 Number of Clusters:2
start:0 iteration:0
CellsA: 1274 CellsB: 721
MutsA: 98 MutsB: 417
Jump Percentage: 0.9999999999999782 First Eig Val: 2.008260875923432e-16 First Gap: 5.610566088459623e-17 Largest Gap: 0.24678549091191668 Number of Clusters:2
Jump Percentage: 0.9999999999999845 First Eig Val: -6.507171625646316e-16 First Gap: 1.0287918039910997e-15 Largest Gap: 0.2456626576336123 Number of Clusters:2
start:1 iteration:0
CellsA: 1274 CellsB: 721
MutsA: 98 MutsB: 417
Jump Percentage: 0.9999999999999782 First Eig Val: 2.008260875923432e-16 First Gap: 5.610566088459623e-17 Largest Gap: 0.24678549091191668 Number of Clusters:2
Jump Percentage: 0.9999999999999795 First Eig Val: -7.675471546723371e-16 First Gap: 9.739450067229711e-16 Largest Gap: 0.24652580268306812 Number of Clusters:2
start:2 iteration:0
CellsA: 1274 CellsB: 721
MutsA: 98 MutsB: 417
Jump Percentage: 0.9999999999999782 First Eig Val: 2.008260875923432e-16 First Gap: 5.610566088459623e-17 Largest Gap: 0.24678549091191668 Number of Clusters:2
Sprouted tree:
None
<bound method Phertilizer.sprout_linear of <phertilizer.Phertilizer object at 0x7fd626ed3790>> invalid
Number of subproblems remaining: 1
func:'planting' args:[(<phertilizer.Phertilizer object at 0x7fd626ed3790>, deque([])), {}] took: 369.5732 sec
Planting phase complete!

Starting grow phase....
Clonal Tree 1 
[(0, 1)] 
Loss Nodes:0
Node: 0 Cells: 905 Muts: 726 LostMuts: 0
Node: 1 Cells: 1550 Muts: 1630 LostMuts: 0
Total Cells: 2455 Total Muts: 2356
Clonal Tree 0 
[(0, 1), (0, 2)] 
Loss Nodes:0
Node: 0 Cells: 0 Muts: 653 LostMuts: 0
Node: 1 Cells: 1090 Muts: 623 LostMuts: 0
Node: 2 Cells: 460 Muts: 354 LostMuts: 0
Total Cells: 1550 Total Muts: 1630
2356
2356
2356
Clonal Tree 1 
[(0, 1), (1, 2), (1, 3)] 
Loss Nodes:0
Node: 0 Cells: 905 Muts: 726 LostMuts: 0
Node: 1 Cells: 0 Muts: 653 LostMuts: 0
Node: 2 Cells: 1090 Muts: 623 LostMuts: 0
Node: 3 Cells: 460 Muts: 354 LostMuts: 0
Total Cells: 2455 Total Muts: 2356
Clonal Tree 1 
[(0, 1), (1, 2), (1, 3)] 
Loss Nodes:0
Node: 0 Cells: 905 Muts: 726 LostMuts: 0
Node: 1 Cells: 0 Muts: 653 LostMuts: 0
Node: 2 Cells: 1090 Muts: 623 LostMuts: 0
Node: 3 Cells: 460 Muts: 354 LostMuts: 0
Total Cells: 2455 Total Muts: 2356
Clonal Tree 1 
[(0, 1)] 
Loss Nodes:0
Node: 0 Cells: 905 Muts: 726 LostMuts: 0
Node: 1 Cells: 1550 Muts: 1630 LostMuts: 0
Total Cells: 2455 Total Muts: 2356
Clonal Tree 1 
[(0, 1)] 
Loss Nodes:0
Node: 0 Cells: 369 Muts: 318 LostMuts: 0
Node: 1 Cells: 1181 Muts: 1312 LostMuts: 0
Total Cells: 1550 Total Muts: 1630
2356
2356
2356
Clonal Tree 1 
[(0, 1), (1, 2)] 
Loss Nodes:0
Node: 0 Cells: 905 Muts: 726 LostMuts: 0
Node: 1 Cells: 369 Muts: 318 LostMuts: 0
Node: 2 Cells: 1181 Muts: 1312 LostMuts: 0
Total Cells: 2455 Total Muts: 2356
Clonal Tree 1 
[(0, 1), (1, 2)] 
Loss Nodes:0
Node: 0 Cells: 905 Muts: 726 LostMuts: 0
Node: 1 Cells: 369 Muts: 318 LostMuts: 0
Node: 2 Cells: 1181 Muts: 1312 LostMuts: 0
Total Cells: 2455 Total Muts: 2356
Clonal Tree 3 
[(0, 1), (1, 2)] 
Loss Nodes:0
Node: 0 Cells: 905 Muts: 726 LostMuts: 0
Node: 1 Cells: 369 Muts: 318 LostMuts: 0
Node: 2 Cells: 1181 Muts: 1312 LostMuts: 0
Total Cells: 2455 Total Muts: 2356
Clonal Tree 0 
[(0, 1), (0, 2)] 
Loss Nodes:0
Node: 0 Cells: 0 Muts: 435 LostMuts: 0
Node: 1 Cells: 721 Muts: 605 LostMuts: 0
Node: 2 Cells: 460 Muts: 272 LostMuts: 0
Total Cells: 1181 Total Muts: 1312
2356
2356
2356
Clonal Tree 3 
[(0, 1), (1, 2), (2, 3), (2, 4)] 
Loss Nodes:0
Node: 0 Cells: 905 Muts: 726 LostMuts: 0
Node: 1 Cells: 369 Muts: 318 LostMuts: 0
Node: 2 Cells: 0 Muts: 435 LostMuts: 0
Node: 3 Cells: 721 Muts: 605 LostMuts: 0
Node: 4 Cells: 460 Muts: 272 LostMuts: 0
Total Cells: 2455 Total Muts: 2356
Clonal Tree 3 
[(0, 1), (1, 2), (2, 3), (2, 4)] 
Loss Nodes:0
Node: 0 Cells: 905 Muts: 726 LostMuts: 0
Node: 1 Cells: 369 Muts: 318 LostMuts: 0
Node: 2 Cells: 0 Muts: 435 LostMuts: 0
Node: 3 Cells: 721 Muts: 605 LostMuts: 0
Node: 4 Cells: 460 Muts: 272 LostMuts: 0
Total Cells: 2455 Total Muts: 2356
Clonal Tree 3 
[(0, 1), (1, 2)] 
Loss Nodes:0
Node: 0 Cells: 905 Muts: 726 LostMuts: 0
Node: 1 Cells: 369 Muts: 318 LostMuts: 0
Node: 2 Cells: 1181 Muts: 1312 LostMuts: 0
Total Cells: 2455 Total Muts: 2356
Clonal Tree 0 
[(0, 1)] 
Loss Nodes:0
Node: 0 Cells: 460 Muts: 701 LostMuts: 0
Node: 1 Cells: 721 Muts: 611 LostMuts: 0
Total Cells: 1181 Total Muts: 1312
2356
2356
2356
Clonal Tree 3 
[(0, 1), (1, 2), (2, 3)] 
Loss Nodes:0
Node: 0 Cells: 905 Muts: 726 LostMuts: 0
Node: 1 Cells: 369 Muts: 318 LostMuts: 0
Node: 2 Cells: 460 Muts: 701 LostMuts: 0
Node: 3 Cells: 721 Muts: 611 LostMuts: 0
Total Cells: 2455 Total Muts: 2356
Clonal Tree 3 
[(0, 1), (1, 2), (2, 3)] 
Loss Nodes:0
Node: 0 Cells: 905 Muts: 726 LostMuts: 0
Node: 1 Cells: 369 Muts: 318 LostMuts: 0
Node: 2 Cells: 460 Muts: 701 LostMuts: 0
Node: 3 Cells: 721 Muts: 611 LostMuts: 0
Total Cells: 2455 Total Muts: 2356
Clonal Tree 4 
[(0, 1), (1, 2), (2, 3), (2, 4)] 
Loss Nodes:0
Node: 0 Cells: 905 Muts: 726 LostMuts: 0
Node: 1 Cells: 369 Muts: 318 LostMuts: 0
Node: 2 Cells: 0 Muts: 435 LostMuts: 0
Node: 3 Cells: 721 Muts: 605 LostMuts: 0
Node: 4 Cells: 460 Muts: 272 LostMuts: 0
Total Cells: 2455 Total Muts: 2356
Clonal Tree 1 
[(0, 1)] 
Loss Nodes:0
Node: 0 Cells: 418 Muts: 355 LostMuts: 0
Node: 1 Cells: 303 Muts: 250 LostMuts: 0
Total Cells: 721 Total Muts: 605
2356
2356
2356
Clonal Tree 4 
[(0, 1), (1, 2), (2, 4), (2, 5), (5, 6)] 
Loss Nodes:0
Node: 0 Cells: 905 Muts: 726 LostMuts: 0
Node: 1 Cells: 369 Muts: 318 LostMuts: 0
Node: 2 Cells: 0 Muts: 435 LostMuts: 0
Node: 4 Cells: 460 Muts: 272 LostMuts: 0
Node: 5 Cells: 418 Muts: 355 LostMuts: 0
Node: 6 Cells: 303 Muts: 250 LostMuts: 0
Total Cells: 2455 Total Muts: 2356
Clonal Tree 4 
[(0, 1), (1, 2), (2, 4), (2, 5), (5, 6)] 
Loss Nodes:0
Node: 0 Cells: 905 Muts: 726 LostMuts: 0
Node: 1 Cells: 369 Muts: 318 LostMuts: 0
Node: 2 Cells: 0 Muts: 435 LostMuts: 0
Node: 4 Cells: 460 Muts: 272 LostMuts: 0
Node: 5 Cells: 418 Muts: 355 LostMuts: 0
Node: 6 Cells: 303 Muts: 250 LostMuts: 0
Total Cells: 2455 Total Muts: 2356
Clonal Tree 5 
[(0, 1), (1, 2), (2, 3)] 
Loss Nodes:0
Node: 0 Cells: 905 Muts: 726 LostMuts: 0
Node: 1 Cells: 369 Muts: 318 LostMuts: 0
Node: 2 Cells: 460 Muts: 701 LostMuts: 0
Node: 3 Cells: 721 Muts: 611 LostMuts: 0
Total Cells: 2455 Total Muts: 2356
Clonal Tree 0 
[(0, 1), (0, 2)] 
Loss Nodes:0
Node: 0 Cells: 0 Muts: 148 LostMuts: 0
Node: 1 Cells: 76 Muts: 86 LostMuts: 0
Node: 2 Cells: 645 Muts: 377 LostMuts: 0
Total Cells: 721 Total Muts: 611
2356
2356
2356
Clonal Tree 5 
[(0, 1), (1, 2), (2, 3), (3, 4), (3, 5)] 
Loss Nodes:0
Node: 0 Cells: 905 Muts: 726 LostMuts: 0
Node: 1 Cells: 369 Muts: 318 LostMuts: 0
Node: 2 Cells: 460 Muts: 701 LostMuts: 0
Node: 3 Cells: 0 Muts: 148 LostMuts: 0
Node: 4 Cells: 76 Muts: 86 LostMuts: 0
Node: 5 Cells: 645 Muts: 377 LostMuts: 0
Total Cells: 2455 Total Muts: 2356
Clonal Tree 5 
[(0, 1), (1, 2), (2, 3), (3, 4), (3, 5)] 
Loss Nodes:0
Node: 0 Cells: 905 Muts: 726 LostMuts: 0
Node: 1 Cells: 369 Muts: 318 LostMuts: 0
Node: 2 Cells: 460 Muts: 701 LostMuts: 0
Node: 3 Cells: 0 Muts: 148 LostMuts: 0
Node: 4 Cells: 76 Muts: 86 LostMuts: 0
Node: 5 Cells: 645 Muts: 377 LostMuts: 0
Total Cells: 2455 Total Muts: 2356
Clonal Tree 5 
[(0, 1), (1, 2), (2, 3)] 
Loss Nodes:0
Node: 0 Cells: 905 Muts: 726 LostMuts: 0
Node: 1 Cells: 369 Muts: 318 LostMuts: 0
Node: 2 Cells: 460 Muts: 701 LostMuts: 0
Node: 3 Cells: 721 Muts: 611 LostMuts: 0
Total Cells: 2455 Total Muts: 2356
Clonal Tree 1 
[(0, 1)] 
Loss Nodes:0
Node: 0 Cells: 350 Muts: 301 LostMuts: 0
Node: 1 Cells: 371 Muts: 310 LostMuts: 0
Total Cells: 721 Total Muts: 611
2356
2356
2356
Clonal Tree 5 
[(0, 1), (1, 2), (2, 3), (3, 4)] 
Loss Nodes:0
Node: 0 Cells: 905 Muts: 726 LostMuts: 0
Node: 1 Cells: 369 Muts: 318 LostMuts: 0
Node: 2 Cells: 460 Muts: 701 LostMuts: 0
Node: 3 Cells: 350 Muts: 301 LostMuts: 0
Node: 4 Cells: 371 Muts: 310 LostMuts: 0
Total Cells: 2455 Total Muts: 2356
Clonal Tree 5 
[(0, 1), (1, 2), (2, 3), (3, 4)] 
Loss Nodes:0
Node: 0 Cells: 905 Muts: 726 LostMuts: 0
Node: 1 Cells: 369 Muts: 318 LostMuts: 0
Node: 2 Cells: 460 Muts: 701 LostMuts: 0
Node: 3 Cells: 350 Muts: 301 LostMuts: 0
Node: 4 Cells: 371 Muts: 310 LostMuts: 0
Total Cells: 2455 Total Muts: 2356
func:'grow' args:[(<phertilizer.Phertilizer object at 0x7fd626ed3790>,), {}] took: 0.0337 sec
Growing phase complete!

Identifying the maximum likelihood k-clonal tree....
Finding the maximum likelihood tree out of 9 trees....
Clonal Tree 0 
[(0, 1), (0, 2)] 
Loss Nodes:0
Node: 0 Cells: 0 Muts: 1179 LostMuts: 0
Node: 1 Cells: 460 Muts: 662 LostMuts: 0
Node: 2 Cells: 1995 Muts: 515 LostMuts: 0
Total Cells: 2455 Total Muts: 2356

Tree: 0 LogLikelihood: 756784.1705821233
Variant LogLikelihood: -51355.56951958889 
RDR LogLikelihood: 808139.7401017123

Clonal Tree 1 
[(0, 1)] 
Loss Nodes:0
Node: 0 Cells: 905 Muts: 726 LostMuts: 0
Node: 1 Cells: 1550 Muts: 1630 LostMuts: 0
Total Cells: 2455 Total Muts: 2356

Tree: 1 LogLikelihood: 565505.0940966686
Variant LogLikelihood: -63146.81252058357 
RDR LogLikelihood: 628651.9066172523

Clonal Tree 2 
[(0, 1), (1, 2), (1, 3)] 
Loss Nodes:0
Node: 0 Cells: 905 Muts: 726 LostMuts: 0
Node: 1 Cells: 0 Muts: 653 LostMuts: 0
Node: 2 Cells: 1090 Muts: 623 LostMuts: 0
Node: 3 Cells: 460 Muts: 354 LostMuts: 0
Total Cells: 2455 Total Muts: 2356

Tree: 2 LogLikelihood: 1048828.6877613156
Variant LogLikelihood: -44712.316849217816 
RDR LogLikelihood: 1093541.0046105336

Clonal Tree 3 
[(0, 1), (1, 2)] 
Loss Nodes:0
Node: 0 Cells: 905 Muts: 726 LostMuts: 0
Node: 1 Cells: 369 Muts: 318 LostMuts: 0
Node: 2 Cells: 1181 Muts: 1312 LostMuts: 0
Total Cells: 2455 Total Muts: 2356

Tree: 3 LogLikelihood: 806767.6416171337
Variant LogLikelihood: -46837.35277835468 
RDR LogLikelihood: 853604.9943954884

Clonal Tree 4 
[(0, 1), (1, 2), (2, 3), (2, 4)] 
Loss Nodes:0
Node: 0 Cells: 905 Muts: 726 LostMuts: 0
Node: 1 Cells: 369 Muts: 318 LostMuts: 0
Node: 2 Cells: 0 Muts: 435 LostMuts: 0
Node: 3 Cells: 721 Muts: 605 LostMuts: 0
Node: 4 Cells: 460 Muts: 272 LostMuts: 0
Total Cells: 2455 Total Muts: 2356

Tree: 4 LogLikelihood: 1143428.1987490624
Variant LogLikelihood: -37492.86020357838 
RDR LogLikelihood: 1180921.0589526407

Clonal Tree 5 
[(0, 1), (1, 2), (2, 3)] 
Loss Nodes:0
Node: 0 Cells: 905 Muts: 726 LostMuts: 0
Node: 1 Cells: 369 Muts: 318 LostMuts: 0
Node: 2 Cells: 460 Muts: 701 LostMuts: 0
Node: 3 Cells: 721 Muts: 611 LostMuts: 0
Total Cells: 2455 Total Muts: 2356

Tree: 5 LogLikelihood: 1139415.808742751
Variant LogLikelihood: -41505.25020988966 
RDR LogLikelihood: 1180921.0589526407

Clonal Tree 6 
[(0, 1), (1, 2), (2, 4), (2, 5), (5, 6)] 
Loss Nodes:0
Node: 0 Cells: 905 Muts: 726 LostMuts: 0
Node: 1 Cells: 369 Muts: 318 LostMuts: 0
Node: 2 Cells: 0 Muts: 435 LostMuts: 0
Node: 4 Cells: 460 Muts: 272 LostMuts: 0
Node: 5 Cells: 418 Muts: 355 LostMuts: 0
Node: 6 Cells: 303 Muts: 250 LostMuts: 0
Total Cells: 2455 Total Muts: 2356

Tree: 6 LogLikelihood: 1145605.0716547961
Variant LogLikelihood: -35315.98729784429 
RDR LogLikelihood: 1180921.0589526407

Clonal Tree 7 
[(0, 1), (1, 2), (2, 3), (3, 4), (3, 5)] 
Loss Nodes:0
Node: 0 Cells: 905 Muts: 726 LostMuts: 0
Node: 1 Cells: 369 Muts: 318 LostMuts: 0
Node: 2 Cells: 460 Muts: 701 LostMuts: 0
Node: 3 Cells: 0 Muts: 148 LostMuts: 0
Node: 4 Cells: 76 Muts: 86 LostMuts: 0
Node: 5 Cells: 645 Muts: 377 LostMuts: 0
Total Cells: 2455 Total Muts: 2356

Tree: 7 LogLikelihood: 1140921.8636840624
Variant LogLikelihood: -39999.195268578165 
RDR LogLikelihood: 1180921.0589526407

Clonal Tree 8 
[(0, 1), (1, 2), (2, 3), (3, 4)] 
Loss Nodes:0
Node: 0 Cells: 905 Muts: 726 LostMuts: 0
Node: 1 Cells: 369 Muts: 318 LostMuts: 0
Node: 2 Cells: 460 Muts: 701 LostMuts: 0
Node: 3 Cells: 350 Muts: 301 LostMuts: 0
Node: 4 Cells: 371 Muts: 310 LostMuts: 0
Total Cells: 2455 Total Muts: 2356

Tree: 8 LogLikelihood: 1142000.0420071292
Variant LogLikelihood: -38921.01694551146 
RDR LogLikelihood: 1180921.0589526407

\Phertilizer Tree....
Clonal Tree 6 
[(0, 1), (1, 2), (2, 4), (2, 5), (5, 6)] 
Loss Nodes:0
Node: 0 Cells: 905 Muts: 726 LostMuts: 0
Node: 1 Cells: 369 Muts: 318 LostMuts: 0
Node: 2 Cells: 0 Muts: 435 LostMuts: 0
Node: 4 Cells: 460 Muts: 272 LostMuts: 0
Node: 5 Cells: 418 Muts: 355 LostMuts: 0
Node: 6 Cells: 303 Muts: 250 LostMuts: 0
Total Cells: 2455 Total Muts: 2356
Saving files.....
Thanks for planting a tree! See you later, friend.
