Input data:
    chr  mutation_id  cell_id base  var  total
0  chr2            0       51    C    0      1
1  chr2            0      327    C    0      1
2  chr2            0      460    C    0      1
3  chr2            0      491    C    0      1
4  chr2            0      684    C    0      1
Phertilizer is running in infinite sites mode...

Starting tilling phase....
func:'till' args:[(<phertilizer.Phertilizer object at 0x7f7d5ca2e790>, 0.0, 0.0, 5, 0.001, 15, False, 1.0, 0.15), {}] took: 9.1852 sec
Tilling phase complete!
Phertilizing a tree with n:2298 cells and m: 1405 SNVs

Starting planting phase....
Starting k-clonal tree inference for seed:
Cells: 2298 Muts: 1405 Ancestral Muts: 0 
Sprouting seed:
Cells: 2298 Muts: 1405 Ancestral Muts: 0 
Sprouting a branching tree from seed ...
(Generator(PCG64) at 0x7F7D5B2A52E0,)
Jump Percentage: 0.9999999999999943 First Eig Val: -6.464496985570467e-16 First Gap: 7.653656571915869e-16 Largest Gap: 0.5980819147969128 Number of Clusters:3
CellsA: 432 CellsB: 1866
MutsA: 341 mutsB: 431
Jump Percentage: 0.9999999999999691 First Eig Val: 1.4509524732928466e-16 First Gap: 5.967495977196207e-17 Largest Gap: 0.4205616678287659 Number of Clusters:3
Clonal Tree 0 
[(0, 1), (0, 2)] 
Loss Nodes:0
Node: 0 Cells: 0 Muts: 633 LostMuts: 0
Node: 1 Cells: 432 Muts: 341 LostMuts: 0
Node: 2 Cells: 1866 Muts: 431 LostMuts: 0
Total Cells: 2298 Total Muts: 1405
Jump Percentage: 0.9999999999999856 First Eig Val: -3.637344466020674e-16 First Gap: 3.4420876342036673e-16 Largest Gap: 0.5881404985656085 Number of Clusters:3
CellsA: 1866 CellsB: 432
MutsA: 431 mutsB: 341
Jump Percentage: 0.9999999999999691 First Eig Val: 1.4509524732928466e-16 First Gap: 5.967495977196207e-17 Largest Gap: 0.4205616678287659 Number of Clusters:3
Clonal Tree 0 
[(0, 1), (0, 2)] 
Loss Nodes:0
Node: 0 Cells: 0 Muts: 633 LostMuts: 0
Node: 1 Cells: 1866 Muts: 431 LostMuts: 0
Node: 2 Cells: 432 Muts: 341 LostMuts: 0
Total Cells: 2298 Total Muts: 1405
Jump Percentage: 0.9999999999999932 First Eig Val: -1.3739829178437727e-16 First Gap: 1.199457276997345e-16 Largest Gap: 0.5982157364395085 Number of Clusters:3
CellsA: 432 CellsB: 1866
MutsA: 341 mutsB: 431
Jump Percentage: 0.9999999999999691 First Eig Val: 1.4509524732928466e-16 First Gap: 5.967495977196207e-17 Largest Gap: 0.4205616678287659 Number of Clusters:3
Clonal Tree 0 
[(0, 1), (0, 2)] 
Loss Nodes:0
Node: 0 Cells: 0 Muts: 633 LostMuts: 0
Node: 1 Cells: 432 Muts: 341 LostMuts: 0
Node: 2 Cells: 1866 Muts: 431 LostMuts: 0
Total Cells: 2298 Total Muts: 1405
Finding the maximum likelihood tree out of 3 trees....
Clonal Tree 0 
[(0, 1), (0, 2)] 
Loss Nodes:0
Node: 0 Cells: 0 Muts: 633 LostMuts: 0
Node: 1 Cells: 432 Muts: 341 LostMuts: 0
Node: 2 Cells: 1866 Muts: 431 LostMuts: 0
Total Cells: 2298 Total Muts: 1405

Tree: 0 LogLikelihood: 2344322.936513179
Variant LogLikelihood: -26560.67243149337 
RDR LogLikelihood: 2370883.608944672

Clonal Tree 1 
[(0, 1), (0, 2)] 
Loss Nodes:0
Node: 0 Cells: 0 Muts: 633 LostMuts: 0
Node: 1 Cells: 1866 Muts: 431 LostMuts: 0
Node: 2 Cells: 432 Muts: 341 LostMuts: 0
Total Cells: 2298 Total Muts: 1405

Tree: 1 LogLikelihood: 2344322.936513179
Variant LogLikelihood: -26560.67243149337 
RDR LogLikelihood: 2370883.608944672

Clonal Tree 2 
[(0, 1), (0, 2)] 
Loss Nodes:0
Node: 0 Cells: 0 Muts: 633 LostMuts: 0
Node: 1 Cells: 432 Muts: 341 LostMuts: 0
Node: 2 Cells: 1866 Muts: 431 LostMuts: 0
Total Cells: 2298 Total Muts: 1405

Tree: 2 LogLikelihood: 2344322.936513179
Variant LogLikelihood: -26560.67243149337 
RDR LogLikelihood: 2370883.608944672

Sprouted tree:
Clonal Tree 0 
[(0, 1), (0, 2)] 
Loss Nodes:0
Node: 0 Cells: 0 Muts: 633 LostMuts: 0
Node: 1 Cells: 432 Muts: 341 LostMuts: 0
Node: 2 Cells: 1866 Muts: 431 LostMuts: 0
Total Cells: 2298 Total Muts: 1405
Cells: 432 Muts: 341 Ancestral Muts: 633 
Cells: 1866 Muts: 431 Ancestral Muts: 633 
Sprouting seed:
Cells: 2298 Muts: 1405 Ancestral Muts: 0 
Sprouting a linear tree from seed ...
Jump Percentage: 0.9999999999999678 First Eig Val: 2.428271014433978e-17 First Gap: 1.771065968674782e-17 Largest Gap: 0.539992458059492 Number of Clusters:3
start:0 iteration:0
CellsA: 1866 CellsB: 432
MutsA: 1006 MutsB: 399
Jump Percentage: 0.9999999999999913 First Eig Val: 1.1049648575569039e-16 First Gap: 2.346383656185249e-16 Largest Gap: 0.34177713869849047 Number of Clusters:3
adding tree to internal list:
Clonal Tree 0 
[(0, 1)] 
Loss Nodes:0
Node: 0 Cells: 1866 Muts: 1006 LostMuts: 0
Node: 1 Cells: 432 Muts: 399 LostMuts: 0
Total Cells: 2298 Total Muts: 1405
Jump Percentage: 0.9999999999999775 First Eig Val: -1.0406769724604965e-16 First Gap: 2.344775303575056e-16 Largest Gap: 0.5275328225947999 Number of Clusters:3
start:1 iteration:0
CellsA: 1866 CellsB: 432
MutsA: 1006 MutsB: 399
Jump Percentage: 0.9999999999999913 First Eig Val: 1.1049648575569039e-16 First Gap: 2.346383656185249e-16 Largest Gap: 0.34177713869849047 Number of Clusters:3
adding tree to internal list:
Clonal Tree 0 
[(0, 1)] 
Loss Nodes:0
Node: 0 Cells: 1866 Muts: 1006 LostMuts: 0
Node: 1 Cells: 432 Muts: 399 LostMuts: 0
Total Cells: 2298 Total Muts: 1405
Jump Percentage: 0.9999999999999676 First Eig Val: -1.1239340424840273e-15 First Gap: 8.196165424104079e-16 Largest Gap: 0.533961368704175 Number of Clusters:3
start:2 iteration:0
CellsA: 1866 CellsB: 432
MutsA: 1006 MutsB: 399
Jump Percentage: 0.9999999999999913 First Eig Val: 1.1049648575569039e-16 First Gap: 2.346383656185249e-16 Largest Gap: 0.34177713869849047 Number of Clusters:3
adding tree to internal list:
Clonal Tree 0 
[(0, 1)] 
Loss Nodes:0
Node: 0 Cells: 1866 Muts: 1006 LostMuts: 0
Node: 1 Cells: 432 Muts: 399 LostMuts: 0
Total Cells: 2298 Total Muts: 1405
adding tree to candidate list:
Clonal Tree 0 
[(0, 1)] 
Loss Nodes:0
Node: 0 Cells: 1866 Muts: 1006 LostMuts: 0
Node: 1 Cells: 432 Muts: 399 LostMuts: 0
Total Cells: 2298 Total Muts: 1405
Normalized Likelihood: -0.7472464443568133
Jump Percentage: 0.9999999999999831 First Eig Val: -1.925076224710236e-16 First Gap: 9.464218885216287e-17 Largest Gap: 0.6163876371937878 Number of Clusters:2
start:0 iteration:0
CellsA: 994 CellsB: 872
MutsA: 485 MutsB: 920
Jump Percentage: 0.9999999999999929 First Eig Val: -1.404049891709573e-16 First Gap: 5.197960107825414e-16 Largest Gap: 0.6715000722915108 Number of Clusters:2
adding tree to internal list:
Clonal Tree 0 
[(0, 1)] 
Loss Nodes:0
Node: 0 Cells: 994 Muts: 485 LostMuts: 0
Node: 1 Cells: 1304 Muts: 920 LostMuts: 0
Total Cells: 2298 Total Muts: 1405
Jump Percentage: 0.9999999999999715 First Eig Val: -4.586571206958208e-16 First Gap: 9.929009051237842e-16 Largest Gap: 0.612736854366511 Number of Clusters:2
start:1 iteration:0
CellsA: 994 CellsB: 872
MutsA: 485 MutsB: 920
Jump Percentage: 0.9999999999999929 First Eig Val: -1.404049891709573e-16 First Gap: 5.197960107825414e-16 Largest Gap: 0.6715000722915108 Number of Clusters:2
adding tree to internal list:
Clonal Tree 0 
[(0, 1)] 
Loss Nodes:0
Node: 0 Cells: 994 Muts: 485 LostMuts: 0
Node: 1 Cells: 1304 Muts: 920 LostMuts: 0
Total Cells: 2298 Total Muts: 1405
Jump Percentage: 0.9999999999999882 First Eig Val: -1.5216565620799358e-16 First Gap: 3.212965586454529e-16 Largest Gap: 0.62686802923738 Number of Clusters:2
start:2 iteration:0
CellsA: 994 CellsB: 872
MutsA: 485 MutsB: 920
Jump Percentage: 0.9999999999999929 First Eig Val: -1.404049891709573e-16 First Gap: 5.197960107825414e-16 Largest Gap: 0.6715000722915108 Number of Clusters:2
adding tree to internal list:
Clonal Tree 0 
[(0, 1)] 
Loss Nodes:0
Node: 0 Cells: 994 Muts: 485 LostMuts: 0
Node: 1 Cells: 1304 Muts: 920 LostMuts: 0
Total Cells: 2298 Total Muts: 1405
adding tree to candidate list:
Clonal Tree 0 
[(0, 1)] 
Loss Nodes:0
Node: 0 Cells: 994 Muts: 485 LostMuts: 0
Node: 1 Cells: 1304 Muts: 920 LostMuts: 0
Total Cells: 2298 Total Muts: 1405
Normalized Likelihood: -0.4793493739014051
Using SNV kernel only
Jump Percentage: 0.15966027095070423 First Eig Val: 7.481251617291175e-16 First Gap: 0.6741245302327991 Largest Gap: 0.6741245302327991 Number of Clusters:1
start:0 iteration:0
CellsA: 299 CellsB: 695
MutsA: 281 MutsB: 1124
Using SNV kernel only
Jump Percentage: 0.1621252933916968 First Eig Val: 8.196334717848559e-16 First Gap: 0.6638441294526224 Largest Gap: 0.6638441294526224 Number of Clusters:1
start:0 iteration:1
CellsA: 377 CellsB: 617
MutsA: 247 MutsB: 1158
Using SNV kernel only
Jump Percentage: 0.16036643281125304 First Eig Val: -3.162370258683957e-16 First Gap: 0.6685039618204343 Largest Gap: 0.6685039618204343 Number of Clusters:1
start:0 iteration:2
CellsA: 375 CellsB: 619
MutsA: 246 MutsB: 1159
Using SNV kernel only
Jump Percentage: 0.16051659557196268 First Eig Val: -1.5337738656572175e-15 First Gap: 0.6673423668686368 Largest Gap: 0.6673423668686368 Number of Clusters:1
adding tree to internal list:
Clonal Tree 0 
[(0, 1)] 
Loss Nodes:0
Node: 0 Cells: 375 Muts: 246 LostMuts: 0
Node: 1 Cells: 1923 Muts: 1159 LostMuts: 0
Total Cells: 2298 Total Muts: 1405
Using SNV kernel only
Jump Percentage: 0.1412332170351809 First Eig Val: 6.171550168378201e-16 First Gap: 0.5780180444800436 Largest Gap: 0.5780180444800436 Number of Clusters:1
start:1 iteration:0
CellsA: 693 CellsB: 301
MutsA: 393 MutsB: 1012
Using SNV kernel only
Jump Percentage: 0.21396765976398077 First Eig Val: 4.990173121413182e-17 First Gap: 0.7743227236432452 Largest Gap: 0.7743227236432452 Number of Clusters:1
start:1 iteration:1
CellsA: 855 CellsB: 139
MutsA: 400 MutsB: 1005
Using SNV kernel only
Jump Percentage: 0.21209807579670342 First Eig Val: 1.2434759644823566e-15 First Gap: 0.7886147200521695 Largest Gap: 0.7886147200521695 Number of Clusters:1
start:1 iteration:2
CellsA: 789 CellsB: 205
MutsA: 389 MutsB: 1016
Using SNV kernel only
Jump Percentage: 0.11158973293478526 First Eig Val: -9.411352916304008e-16 First Gap: 0.8000036933088487 Largest Gap: 0.8000036933088487 Number of Clusters:1
start:1 iteration:3
CellsA: 782 CellsB: 212
MutsA: 387 MutsB: 1018
Using SNV kernel only
Jump Percentage: 0.10983172948494417 First Eig Val: 1.3479139495091455e-16 First Gap: 0.7981530422742773 Largest Gap: 0.7981530422742773 Number of Clusters:1
start:1 iteration:4
CellsA: 780 CellsB: 214
MutsA: 386 MutsB: 1019
Using SNV kernel only
Jump Percentage: 0.10836801671394478 First Eig Val: -5.219609936903322e-16 First Gap: 0.7966385177554 Largest Gap: 0.7966385177554 Number of Clusters:1
start:1 iteration:5
CellsA: 779 CellsB: 215
MutsA: 386 MutsB: 1019
Using SNV kernel only
Jump Percentage: 0.10836801671394478 First Eig Val: -5.219609936903322e-16 First Gap: 0.7966385177554 Largest Gap: 0.7966385177554 Number of Clusters:1
adding tree to internal list:
Clonal Tree 0 
[(0, 1)] 
Loss Nodes:0
Node: 0 Cells: 779 Muts: 386 LostMuts: 0
Node: 1 Cells: 1519 Muts: 1019 LostMuts: 0
Total Cells: 2298 Total Muts: 1405
Using SNV kernel only
Jump Percentage: 0.15164323791580117 First Eig Val: -1.7529668616306214e-16 First Gap: 0.6718693004355664 Largest Gap: 0.6718693004355664 Number of Clusters:1
start:2 iteration:0
CellsA: 691 CellsB: 303
MutsA: 399 MutsB: 1006
Using SNV kernel only
Jump Percentage: 0.11207944361049914 First Eig Val: 7.085630074125745e-16 First Gap: 0.767460327805229 Largest Gap: 0.767460327805229 Number of Clusters:1
start:2 iteration:1
CellsA: 774 CellsB: 220
MutsA: 378 MutsB: 1027
Using SNV kernel only
Jump Percentage: 0.09642668880890574 First Eig Val: 4.0815895624930556e-16 First Gap: 0.7511503412377359 Largest Gap: 0.7511503412377359 Number of Clusters:1
start:2 iteration:2
CellsA: 888 CellsB: 106
MutsA: 407 MutsB: 998
Using SNV kernel only
Jump Percentage: 0.1805993700949128 First Eig Val: 1.7003575560112295e-16 First Gap: 0.7745919048003119 Largest Gap: 0.7745919048003119 Number of Clusters:1
start:2 iteration:3
CellsA: 909 CellsB: 85
MutsA: 414 MutsB: 991
Using SNV kernel only
Jump Percentage: 0.19542492739971137 First Eig Val: 2.517208778175724e-15 First Gap: 0.7851858521543512 Largest Gap: 0.7851858521543512 Number of Clusters:1
start:2 iteration:4
CellsA: 914 CellsB: 80
MutsA: 416 MutsB: 989
Using SNV kernel only
Jump Percentage: 0.19669993526678825 First Eig Val: -6.211652099961784e-16 First Gap: 0.7860109505042093 Largest Gap: 0.7860109505042093 Number of Clusters:1
start:2 iteration:5
CellsA: 913 CellsB: 81
MutsA: 416 MutsB: 989
Using SNV kernel only
Jump Percentage: 0.19669993526678825 First Eig Val: -6.211652099961784e-16 First Gap: 0.7860109505042093 Largest Gap: 0.7860109505042093 Number of Clusters:1
adding tree to internal list:
Clonal Tree 0 
[(0, 1)] 
Loss Nodes:0
Node: 0 Cells: 913 Muts: 416 LostMuts: 0
Node: 1 Cells: 1385 Muts: 989 LostMuts: 0
Total Cells: 2298 Total Muts: 1405
adding tree to candidate list:
Clonal Tree 1 
[(0, 1)] 
Loss Nodes:0
Node: 0 Cells: 779 Muts: 386 LostMuts: 0
Node: 1 Cells: 1519 Muts: 1019 LostMuts: 0
Total Cells: 2298 Total Muts: 1405
Normalized Likelihood: -0.4259712237199985
Using SNV kernel only
Jump Percentage: 0.19652817619800836 First Eig Val: -6.471639650389569e-17 First Gap: 0.5723965654189889 Largest Gap: 0.5723965654189889 Number of Clusters:1
start:0 iteration:0
CellsA: 272 CellsB: 507
MutsA: 297 MutsB: 1108
Using SNV kernel only
Jump Percentage: 0.2113053934261564 First Eig Val: -1.4290203550377825e-15 First Gap: 0.6301234261398193 Largest Gap: 0.6301234261398193 Number of Clusters:1
start:0 iteration:1
CellsA: 366 CellsB: 413
MutsA: 251 MutsB: 1154
Using SNV kernel only
Jump Percentage: 0.2014662902269702 First Eig Val: 1.958042593251474e-15 First Gap: 0.5628969814105927 Largest Gap: 0.5628969814105927 Number of Clusters:1
start:0 iteration:2
CellsA: 365 CellsB: 414
MutsA: 251 MutsB: 1154
Using SNV kernel only
Jump Percentage: 0.2014662902269702 First Eig Val: 1.958042593251474e-15 First Gap: 0.5628969814105927 Largest Gap: 0.5628969814105927 Number of Clusters:1
adding tree to internal list:
Clonal Tree 0 
[(0, 1)] 
Loss Nodes:0
Node: 0 Cells: 365 Muts: 251 LostMuts: 0
Node: 1 Cells: 1933 Muts: 1154 LostMuts: 0
Total Cells: 2298 Total Muts: 1405
Using SNV kernel only
Jump Percentage: 0.19412302608876794 First Eig Val: -5.706127568234543e-16 First Gap: 0.708873535267125 Largest Gap: 0.708873535267125 Number of Clusters:1
start:1 iteration:0
CellsA: 216 CellsB: 563
MutsA: 359 MutsB: 1046
Using SNV kernel only
Jump Percentage: 0.2532689725874938 First Eig Val: 1.1055388493756535e-15 First Gap: 0.6168298371788877 Largest Gap: 0.6168298371788877 Number of Clusters:1
start:1 iteration:1
CellsA: 368 CellsB: 411
MutsA: 251 MutsB: 1154
Using SNV kernel only
Jump Percentage: 0.24770526462880404 First Eig Val: 3.184924474542681e-16 First Gap: 0.5973043156916417 Largest Gap: 0.5973043156916417 Number of Clusters:1
start:1 iteration:2
CellsA: 366 CellsB: 413
MutsA: 248 MutsB: 1157
Using SNV kernel only
Jump Percentage: 0.24343659259669298 First Eig Val: 5.43505993234988e-16 First Gap: 0.5957060997027771 Largest Gap: 0.5957060997027771 Number of Clusters:1
adding tree to internal list:
Clonal Tree 0 
[(0, 1)] 
Loss Nodes:0
Node: 0 Cells: 366 Muts: 248 LostMuts: 0
Node: 1 Cells: 1932 Muts: 1157 LostMuts: 0
Total Cells: 2298 Total Muts: 1405
Using SNV kernel only
Jump Percentage: 0.17756246937760128 First Eig Val: 8.421016270214002e-17 First Gap: 0.5782621378111662 Largest Gap: 0.5782621378111662 Number of Clusters:1
start:2 iteration:0
CellsA: 250 CellsB: 529
MutsA: 307 MutsB: 1098
Using SNV kernel only
Jump Percentage: 0.2533263008623343 First Eig Val: 2.4018217789798234e-16 First Gap: 0.556503929520268 Largest Gap: 0.556503929520268 Number of Clusters:1
start:2 iteration:1
CellsA: 346 CellsB: 433
MutsA: 255 MutsB: 1150
Using SNV kernel only
Jump Percentage: 0.2711981272842734 First Eig Val: -1.1921641960513882e-15 First Gap: 0.5665476276801319 Largest Gap: 0.5665476276801319 Number of Clusters:1
adding tree to internal list:
Clonal Tree 0 
[(0, 1)] 
Loss Nodes:0
Node: 0 Cells: 346 Muts: 255 LostMuts: 0
Node: 1 Cells: 1952 Muts: 1150 LostMuts: 0
Total Cells: 2298 Total Muts: 1405
adding tree to candidate list:
Clonal Tree 1 
[(0, 1)] 
Loss Nodes:0
Node: 0 Cells: 366 Muts: 248 LostMuts: 0
Node: 1 Cells: 1932 Muts: 1157 LostMuts: 0
Total Cells: 2298 Total Muts: 1405
Normalized Likelihood: -0.4634646152936685
Clonal Tree 0 
[(0, 1)] 
Loss Nodes:0
Node: 0 Cells: 1866 Muts: 1006 LostMuts: 0
Node: 1 Cells: 432 Muts: 399 LostMuts: 0
Total Cells: 2298 Total Muts: 1405
Normalized Likelihood: -0.7472464443568133
Clonal Tree 1 
[(0, 1)] 
Loss Nodes:0
Node: 0 Cells: 994 Muts: 485 LostMuts: 0
Node: 1 Cells: 1304 Muts: 920 LostMuts: 0
Total Cells: 2298 Total Muts: 1405
Normalized Likelihood: -0.4793493739014051
Clonal Tree 2 
[(0, 1)] 
Loss Nodes:0
Node: 0 Cells: 779 Muts: 386 LostMuts: 0
Node: 1 Cells: 1519 Muts: 1019 LostMuts: 0
Total Cells: 2298 Total Muts: 1405
Normalized Likelihood: -0.4259712237199985
Clonal Tree 3 
[(0, 1)] 
Loss Nodes:0
Node: 0 Cells: 366 Muts: 248 LostMuts: 0
Node: 1 Cells: 1932 Muts: 1157 LostMuts: 0
Total Cells: 2298 Total Muts: 1405
Normalized Likelihood: -0.4634646152936685
linear split norm likelihood best tree
Clonal Tree 2 
[(0, 1)] 
Loss Nodes:0
Node: 0 Cells: 779 Muts: 386 LostMuts: 0
Node: 1 Cells: 1519 Muts: 1019 LostMuts: 0
Total Cells: 2298 Total Muts: 1405
Sprouted tree:
Clonal Tree 2 
[(0, 1)] 
Loss Nodes:0
Node: 0 Cells: 779 Muts: 386 LostMuts: 0
Node: 1 Cells: 1519 Muts: 1019 LostMuts: 0
Total Cells: 2298 Total Muts: 1405
Cells: 1519 Muts: 1019 Ancestral Muts: 386 
Number of subproblems remaining: 3
Starting k-clonal tree inference for seed:
Cells: 1519 Muts: 1019 Ancestral Muts: 386 
Sprouting seed:
Cells: 1519 Muts: 1019 Ancestral Muts: 386 
Sprouting a branching tree from seed ...
(Generator(PCG64) at 0x7F7D5B2A52E0,)
Jump Percentage: 0.9999999999999909 First Eig Val: -2.945774754095786e-16 First Gap: 1.742807079192294e-16 Largest Gap: 0.4339976296226257 Number of Clusters:3
CellsA: 432 CellsB: 1087
MutsA: 206 mutsB: 396
Jump Percentage: 0.9999999999999727 First Eig Val: -2.417580895034496e-17 First Gap: 2.3161594829968436e-17 Largest Gap: 0.2249452515306818 Number of Clusters:4
Clonal Tree 0 
[(0, 1), (0, 2)] 
Loss Nodes:0
Node: 0 Cells: 0 Muts: 417 LostMuts: 0
Node: 1 Cells: 432 Muts: 206 LostMuts: 0
Node: 2 Cells: 1087 Muts: 396 LostMuts: 0
Total Cells: 1519 Total Muts: 1019
Jump Percentage: 0.9999999999999606 First Eig Val: -1.2111201971579458e-15 First Gap: 1.7234162543184827e-15 Largest Gap: 0.45918236128193435 Number of Clusters:3
CellsA: 432 CellsB: 1087
MutsA: 206 mutsB: 396
Jump Percentage: 0.9999999999999727 First Eig Val: -2.417580895034496e-17 First Gap: 2.3161594829968436e-17 Largest Gap: 0.2249452515306818 Number of Clusters:4
Clonal Tree 0 
[(0, 1), (0, 2)] 
Loss Nodes:0
Node: 0 Cells: 0 Muts: 417 LostMuts: 0
Node: 1 Cells: 432 Muts: 206 LostMuts: 0
Node: 2 Cells: 1087 Muts: 396 LostMuts: 0
Total Cells: 1519 Total Muts: 1019
Jump Percentage: 0.9999999999999845 First Eig Val: -1.3872792477775059e-16 First Gap: 2.2682362859731468e-17 Largest Gap: 0.46055222724498357 Number of Clusters:3
CellsA: 432 CellsB: 1087
MutsA: 206 mutsB: 396
Jump Percentage: 0.9999999999999727 First Eig Val: -2.417580895034496e-17 First Gap: 2.3161594829968436e-17 Largest Gap: 0.2249452515306818 Number of Clusters:4
Clonal Tree 0 
[(0, 1), (0, 2)] 
Loss Nodes:0
Node: 0 Cells: 0 Muts: 417 LostMuts: 0
Node: 1 Cells: 432 Muts: 206 LostMuts: 0
Node: 2 Cells: 1087 Muts: 396 LostMuts: 0
Total Cells: 1519 Total Muts: 1019
Finding the maximum likelihood tree out of 3 trees....
Clonal Tree 0 
[(0, 1), (0, 2)] 
Loss Nodes:0
Node: 0 Cells: 0 Muts: 417 LostMuts: 0
Node: 1 Cells: 432 Muts: 206 LostMuts: 0
Node: 2 Cells: 1087 Muts: 396 LostMuts: 0
Total Cells: 1519 Total Muts: 1019

Tree: 0 LogLikelihood: 1575511.2497239804
Variant LogLikelihood: -29879.533083815106 
RDR LogLikelihood: 1605390.7828077953

Clonal Tree 1 
[(0, 1), (0, 2)] 
Loss Nodes:0
Node: 0 Cells: 0 Muts: 417 LostMuts: 0
Node: 1 Cells: 432 Muts: 206 LostMuts: 0
Node: 2 Cells: 1087 Muts: 396 LostMuts: 0
Total Cells: 1519 Total Muts: 1019

Tree: 1 LogLikelihood: 1575511.2497239804
Variant LogLikelihood: -29879.533083815106 
RDR LogLikelihood: 1605390.7828077953

Clonal Tree 2 
[(0, 1), (0, 2)] 
Loss Nodes:0
Node: 0 Cells: 0 Muts: 417 LostMuts: 0
Node: 1 Cells: 432 Muts: 206 LostMuts: 0
Node: 2 Cells: 1087 Muts: 396 LostMuts: 0
Total Cells: 1519 Total Muts: 1019

Tree: 2 LogLikelihood: 1575511.2497239804
Variant LogLikelihood: -29879.533083815106 
RDR LogLikelihood: 1605390.7828077953

Sprouted tree:
Clonal Tree 0 
[(0, 1), (0, 2)] 
Loss Nodes:0
Node: 0 Cells: 0 Muts: 417 LostMuts: 0
Node: 1 Cells: 432 Muts: 206 LostMuts: 0
Node: 2 Cells: 1087 Muts: 396 LostMuts: 0
Total Cells: 1519 Total Muts: 1019
Cells: 432 Muts: 206 Ancestral Muts: 803 
Cells: 1087 Muts: 396 Ancestral Muts: 803 
Sprouting seed:
Cells: 1519 Muts: 1019 Ancestral Muts: 386 
Sprouting a linear tree from seed ...
Jump Percentage: 0.9999999999999921 First Eig Val: 1.9140519835861585e-16 First Gap: 1.328826697525521e-16 Largest Gap: 0.384446869835927 Number of Clusters:3
start:0 iteration:0
CellsA: 432 CellsB: 1087
MutsA: 599 MutsB: 420
Jump Percentage: 0.9999999999999821 First Eig Val: -3.3137950734827164e-16 First Gap: 5.535369243938788e-16 Largest Gap: 0.3328839563942211 Number of Clusters:3
adding tree to internal list:
Clonal Tree 0 
[(0, 1)] 
Loss Nodes:0
Node: 0 Cells: 432 Muts: 599 LostMuts: 0
Node: 1 Cells: 1087 Muts: 420 LostMuts: 0
Total Cells: 1519 Total Muts: 1019
Jump Percentage: 0.9999999999999883 First Eig Val: -9.300162929240699e-16 First Gap: 8.744992798287757e-16 Largest Gap: 0.3593356974715695 Number of Clusters:3
start:1 iteration:0
CellsA: 1087 CellsB: 432
MutsA: 763 MutsB: 256
Jump Percentage: 0.999999999999991 First Eig Val: -3.6150310172368695e-16 First Gap: 5.2160622249386414e-17 Largest Gap: 0.22017017267661 Number of Clusters:2
adding tree to internal list:
Clonal Tree 0 
[(0, 1)] 
Loss Nodes:0
Node: 0 Cells: 1087 Muts: 763 LostMuts: 0
Node: 1 Cells: 432 Muts: 256 LostMuts: 0
Total Cells: 1519 Total Muts: 1019
Jump Percentage: 0.9999999999999868 First Eig Val: 4.4379952062897386e-16 First Gap: 1.1800358623474731e-16 Largest Gap: 0.3744278207921927 Number of Clusters:3
start:2 iteration:0
CellsA: 1087 CellsB: 432
MutsA: 763 MutsB: 256
Jump Percentage: 0.999999999999991 First Eig Val: -3.6150310172368695e-16 First Gap: 5.2160622249386414e-17 Largest Gap: 0.22017017267661 Number of Clusters:2
adding tree to internal list:
Clonal Tree 0 
[(0, 1)] 
Loss Nodes:0
Node: 0 Cells: 1087 Muts: 763 LostMuts: 0
Node: 1 Cells: 432 Muts: 256 LostMuts: 0
Total Cells: 1519 Total Muts: 1019
adding tree to candidate list:
Clonal Tree 0 
[(0, 1)] 
Loss Nodes:0
Node: 0 Cells: 432 Muts: 599 LostMuts: 0
Node: 1 Cells: 1087 Muts: 420 LostMuts: 0
Total Cells: 1519 Total Muts: 1019
Normalized Likelihood: -0.7055964786860004
Clonal Tree 0 
[(0, 1)] 
Loss Nodes:0
Node: 0 Cells: 432 Muts: 599 LostMuts: 0
Node: 1 Cells: 1087 Muts: 420 LostMuts: 0
Total Cells: 1519 Total Muts: 1019
Normalized Likelihood: -0.7055964786860004
linear split norm likelihood best tree
Clonal Tree 0 
[(0, 1)] 
Loss Nodes:0
Node: 0 Cells: 432 Muts: 599 LostMuts: 0
Node: 1 Cells: 1087 Muts: 420 LostMuts: 0
Total Cells: 1519 Total Muts: 1019
Sprouted tree:
Clonal Tree 0 
[(0, 1)] 
Loss Nodes:0
Node: 0 Cells: 432 Muts: 599 LostMuts: 0
Node: 1 Cells: 1087 Muts: 420 LostMuts: 0
Total Cells: 1519 Total Muts: 1019
Cells: 1087 Muts: 420 Ancestral Muts: 985 
Number of subproblems remaining: 5
Starting k-clonal tree inference for seed:
Cells: 1087 Muts: 420 Ancestral Muts: 985 
Sprouting seed:
Cells: 1087 Muts: 420 Ancestral Muts: 985 
Sprouting a branching tree from seed ...
(Generator(PCG64) at 0x7F7D5B2A52E0,)
Jump Percentage: 0.9999999999999786 First Eig Val: -2.054764935864281e-16 First Gap: 1.8611920934893285e-16 Largest Gap: 0.3538902091533427 Number of Clusters:3
CellsA: 872 CellsB: 215
MutsA: 371 mutsB: 30
Jump Percentage: 0.9959717592957753 First Eig Val: -7.439204489182249e-16 First Gap: 8.433157747233833e-16 Largest Gap: 0.3783562186948875 Number of Clusters:3
CellsA: 872 CellsB: 215
MutsA: 371 mutsB: 30
Jump Percentage: 0.9999999999999888 First Eig Val: -2.925638768427121e-16 First Gap: 6.333281919553402e-16 Largest Gap: 0.3312420875036231 Number of Clusters:3
CellsA: 873 CellsB: 214
MutsA: 371 mutsB: 30
Sprouted tree:
None
<bound method Phertilizer.sprout_branching of <phertilizer.Phertilizer object at 0x7f7d5ca2e790>> invalid
Sprouting seed:
Cells: 1087 Muts: 420 Ancestral Muts: 985 
Sprouting a linear tree from seed ...
Jump Percentage: 1.0 First Eig Val: -5.280866512391368e-16 First Gap: 1.5497134022918474e-16 Largest Gap: 0.25493473204066663 Number of Clusters:3
start:0 iteration:0
CellsA: 551 CellsB: 536
MutsA: 315 MutsB: 105
Jump Percentage: 0.9999999999945973 First Eig Val: -4.927937193002474e-16 First Gap: 7.631616235081665e-16 Largest Gap: 0.45138838226672706 Number of Clusters:4
start:0 iteration:1
CellsA: 214 CellsB: 873
MutsA: 82 MutsB: 338
Jump Percentage: 0.9999999998599229 First Eig Val: -6.3889847577335305e-16 First Gap: 2.657233809316363e-16 Largest Gap: 0.3554317215092772 Number of Clusters:3
Jump Percentage: 0.9999999999836886 First Eig Val: 4.931599761759697e-17 First Gap: 1.5986636097495012e-16 Largest Gap: 0.26994499594241117 Number of Clusters:3
start:1 iteration:0
CellsA: 214 CellsB: 873
MutsA: 82 MutsB: 338
Jump Percentage: 0.9999999998599229 First Eig Val: -6.3889847577335305e-16 First Gap: 2.657233809316363e-16 Largest Gap: 0.3554317215092772 Number of Clusters:3
Jump Percentage: 0.9999999995846377 First Eig Val: -1.377800735976255e-16 First Gap: 1.1739940183898619e-17 Largest Gap: 0.24952585886667153 Number of Clusters:3
start:2 iteration:0
CellsA: 215 CellsB: 872
MutsA: 81 MutsB: 339
Jump Percentage: 0.9999999997313946 First Eig Val: -7.914785444643552e-16 First Gap: 1.0626884522630015e-15 Largest Gap: 0.35552892852389895 Number of Clusters:3
Sprouted tree:
None
<bound method Phertilizer.sprout_linear of <phertilizer.Phertilizer object at 0x7f7d5ca2e790>> invalid
Number of subproblems remaining: 4
Starting k-clonal tree inference for seed:
Cells: 1087 Muts: 396 Ancestral Muts: 803 
Sprouting seed:
Cells: 1087 Muts: 396 Ancestral Muts: 803 
Sprouting a branching tree from seed ...
(Generator(PCG64) at 0x7F7D5B2A52E0,)
Jump Percentage: 0.9997595529502491 First Eig Val: -4.379303804968736e-16 First Gap: 2.2088794681312015e-16 Largest Gap: 0.3678607804947905 Number of Clusters:3
CellsA: 214 CellsB: 873
MutsA: 12 mutsB: 364
Jump Percentage: 0.9974208848812697 First Eig Val: -1.985502996802322e-16 First Gap: 1.606826712921444e-16 Largest Gap: 0.32102347642274676 Number of Clusters:3
CellsA: 214 CellsB: 873
MutsA: 12 mutsB: 364
Sprouted tree:
None
<bound method Phertilizer.sprout_branching of <phertilizer.Phertilizer object at 0x7f7d5ca2e790>> invalid
Sprouting seed:
Cells: 1087 Muts: 396 Ancestral Muts: 803 
Sprouting a linear tree from seed ...
Jump Percentage: 1.0 First Eig Val: 2.2512760124526215e-17 First Gap: 6.409835048155504e-16 Largest Gap: 0.2486143251563233 Number of Clusters:3
start:0 iteration:0
CellsA: 549 CellsB: 538
MutsA: 312 MutsB: 84
Jump Percentage: 0.9999999999999919 First Eig Val: -1.0288793852296476e-15 First Gap: 6.908990720253951e-16 Largest Gap: 0.3303607424174415 Number of Clusters:4
start:0 iteration:1
CellsA: 214 CellsB: 873
MutsA: 80 MutsB: 316
Jump Percentage: 0.9999999998162667 First Eig Val: -3.3516734085794975e-16 First Gap: 7.328828148820798e-16 Largest Gap: 0.3333548869920694 Number of Clusters:3
start:0 iteration:2
CellsA: 215 CellsB: 872
MutsA: 79 MutsB: 317
Jump Percentage: 0.9999999999349914 First Eig Val: 2.9924423217071233e-16 First Gap: 5.343760099774947e-18 Largest Gap: 0.3333689072611357 Number of Clusters:3
start:0 iteration:3
CellsA: 214 CellsB: 873
MutsA: 80 MutsB: 316
Jump Percentage: 0.9999999998162667 First Eig Val: -3.3516734085794975e-16 First Gap: 7.328828148820798e-16 Largest Gap: 0.3333548869920694 Number of Clusters:3
start:0 iteration:4
CellsA: 215 CellsB: 872
MutsA: 79 MutsB: 317
Jump Percentage: 0.9999999999349914 First Eig Val: 2.9924423217071233e-16 First Gap: 5.343760099774947e-18 Largest Gap: 0.3333689072611357 Number of Clusters:3
start:0 iteration:5
CellsA: 214 CellsB: 873
MutsA: 80 MutsB: 316
Jump Percentage: 0.9999999998162667 First Eig Val: -3.3516734085794975e-16 First Gap: 7.328828148820798e-16 Largest Gap: 0.3333548869920694 Number of Clusters:3
start:0 iteration:6
CellsA: 215 CellsB: 872
MutsA: 79 MutsB: 317
Jump Percentage: 0.9999999999349914 First Eig Val: 2.9924423217071233e-16 First Gap: 5.343760099774947e-18 Largest Gap: 0.3333689072611357 Number of Clusters:3
start:0 iteration:7
CellsA: 214 CellsB: 873
MutsA: 80 MutsB: 316
Jump Percentage: 0.9999999998162667 First Eig Val: -3.3516734085794975e-16 First Gap: 7.328828148820798e-16 Largest Gap: 0.3333548869920694 Number of Clusters:3
start:0 iteration:8
CellsA: 215 CellsB: 872
MutsA: 79 MutsB: 317
Jump Percentage: 0.9999999999349914 First Eig Val: 2.9924423217071233e-16 First Gap: 5.343760099774947e-18 Largest Gap: 0.3333689072611357 Number of Clusters:3
start:0 iteration:9
CellsA: 214 CellsB: 873
MutsA: 80 MutsB: 316
Jump Percentage: 0.999999995961825 First Eig Val: -1.9439372271865702e-16 First Gap: 4.846763257403731e-16 Largest Gap: 0.2328796656671758 Number of Clusters:3
start:1 iteration:0
CellsA: 215 CellsB: 872
MutsA: 79 MutsB: 317
Jump Percentage: 0.9999999999349914 First Eig Val: 2.9924423217071233e-16 First Gap: 5.343760099774947e-18 Largest Gap: 0.3333689072611357 Number of Clusters:3
start:1 iteration:1
CellsA: 214 CellsB: 873
MutsA: 80 MutsB: 316
Jump Percentage: 0.9999999998162667 First Eig Val: -3.3516734085794975e-16 First Gap: 7.328828148820798e-16 Largest Gap: 0.3333548869920694 Number of Clusters:3
start:1 iteration:2
CellsA: 215 CellsB: 872
MutsA: 79 MutsB: 317
Jump Percentage: 0.9999999999349914 First Eig Val: 2.9924423217071233e-16 First Gap: 5.343760099774947e-18 Largest Gap: 0.3333689072611357 Number of Clusters:3
start:1 iteration:3
CellsA: 214 CellsB: 873
MutsA: 80 MutsB: 316
Jump Percentage: 0.9999999998162667 First Eig Val: -3.3516734085794975e-16 First Gap: 7.328828148820798e-16 Largest Gap: 0.3333548869920694 Number of Clusters:3
start:1 iteration:4
CellsA: 215 CellsB: 872
MutsA: 79 MutsB: 317
Jump Percentage: 0.9999999999349914 First Eig Val: 2.9924423217071233e-16 First Gap: 5.343760099774947e-18 Largest Gap: 0.3333689072611357 Number of Clusters:3
start:1 iteration:5
CellsA: 214 CellsB: 873
MutsA: 80 MutsB: 316
Jump Percentage: 0.9999999998162667 First Eig Val: -3.3516734085794975e-16 First Gap: 7.328828148820798e-16 Largest Gap: 0.3333548869920694 Number of Clusters:3
start:1 iteration:6
CellsA: 215 CellsB: 872
MutsA: 79 MutsB: 317
Jump Percentage: 0.9999999999349914 First Eig Val: 2.9924423217071233e-16 First Gap: 5.343760099774947e-18 Largest Gap: 0.3333689072611357 Number of Clusters:3
start:1 iteration:7
CellsA: 214 CellsB: 873
MutsA: 80 MutsB: 316
Jump Percentage: 0.9999999998162667 First Eig Val: -3.3516734085794975e-16 First Gap: 7.328828148820798e-16 Largest Gap: 0.3333548869920694 Number of Clusters:3
start:1 iteration:8
CellsA: 215 CellsB: 872
MutsA: 79 MutsB: 317
Jump Percentage: 0.9999999999349914 First Eig Val: 2.9924423217071233e-16 First Gap: 5.343760099774947e-18 Largest Gap: 0.3333689072611357 Number of Clusters:3
start:1 iteration:9
CellsA: 214 CellsB: 873
MutsA: 80 MutsB: 316
Jump Percentage: 1.0 First Eig Val: -5.2711452827751505e-17 First Gap: 1.696074377520412e-16 Largest Gap: 0.2656787278807848 Number of Clusters:3
start:2 iteration:0
CellsA: 544 CellsB: 543
MutsA: 310 MutsB: 86
Jump Percentage: 0.9999999999999718 First Eig Val: -3.441974838912047e-16 First Gap: 2.947470609296126e-16 Largest Gap: 0.36835299924181253 Number of Clusters:5
start:2 iteration:1
CellsA: 215 CellsB: 872
MutsA: 79 MutsB: 317
Jump Percentage: 0.9999999999349914 First Eig Val: 2.9924423217071233e-16 First Gap: 5.343760099774947e-18 Largest Gap: 0.3333689072611357 Number of Clusters:3
start:2 iteration:2
CellsA: 214 CellsB: 873
MutsA: 80 MutsB: 316
Jump Percentage: 0.9999999998162667 First Eig Val: -3.3516734085794975e-16 First Gap: 7.328828148820798e-16 Largest Gap: 0.3333548869920694 Number of Clusters:3
start:2 iteration:3
CellsA: 215 CellsB: 872
MutsA: 79 MutsB: 317
Jump Percentage: 0.9999999999349914 First Eig Val: 2.9924423217071233e-16 First Gap: 5.343760099774947e-18 Largest Gap: 0.3333689072611357 Number of Clusters:3
start:2 iteration:4
CellsA: 214 CellsB: 873
MutsA: 80 MutsB: 316
Jump Percentage: 0.9999999998162667 First Eig Val: -3.3516734085794975e-16 First Gap: 7.328828148820798e-16 Largest Gap: 0.3333548869920694 Number of Clusters:3
start:2 iteration:5
CellsA: 215 CellsB: 872
MutsA: 79 MutsB: 317
Jump Percentage: 0.9999999999349914 First Eig Val: 2.9924423217071233e-16 First Gap: 5.343760099774947e-18 Largest Gap: 0.3333689072611357 Number of Clusters:3
start:2 iteration:6
CellsA: 214 CellsB: 873
MutsA: 80 MutsB: 316
Jump Percentage: 0.9999999998162667 First Eig Val: -3.3516734085794975e-16 First Gap: 7.328828148820798e-16 Largest Gap: 0.3333548869920694 Number of Clusters:3
start:2 iteration:7
CellsA: 215 CellsB: 872
MutsA: 79 MutsB: 317
Jump Percentage: 0.9999999999349914 First Eig Val: 2.9924423217071233e-16 First Gap: 5.343760099774947e-18 Largest Gap: 0.3333689072611357 Number of Clusters:3
start:2 iteration:8
CellsA: 214 CellsB: 873
MutsA: 80 MutsB: 316
Jump Percentage: 0.9999999998162667 First Eig Val: -3.3516734085794975e-16 First Gap: 7.328828148820798e-16 Largest Gap: 0.3333548869920694 Number of Clusters:3
start:2 iteration:9
CellsA: 215 CellsB: 872
MutsA: 79 MutsB: 317
Sprouted tree:
None
<bound method Phertilizer.sprout_linear of <phertilizer.Phertilizer object at 0x7f7d5ca2e790>> invalid
Number of subproblems remaining: 3
Starting k-clonal tree inference for seed:
Cells: 1866 Muts: 431 Ancestral Muts: 633 
Sprouting seed:
Cells: 1866 Muts: 431 Ancestral Muts: 633 
Sprouting a branching tree from seed ...
(Generator(PCG64) at 0x7F7D5B2A52E0,)
Jump Percentage: 0.9999999999999898 First Eig Val: -3.1784026340466535e-16 First Gap: 5.022434104980046e-16 Largest Gap: 0.35526489210629125 Number of Clusters:2
CellsA: 872 CellsB: 994
MutsA: 301 mutsB: 39
Jump Percentage: 0.9999999999999823 First Eig Val: 3.3755230073576954e-16 First Gap: 2.883249668058787e-16 Largest Gap: 0.333739018997585 Number of Clusters:2
CellsA: 872 CellsB: 994
MutsA: 301 mutsB: 39
Jump Percentage: 0.999999999999982 First Eig Val: 3.2168274322830935e-16 First Gap: 6.601131931110436e-17 Largest Gap: 0.3411807569466834 Number of Clusters:2
CellsA: 994 CellsB: 872
MutsA: 39 mutsB: 301
Sprouted tree:
None
<bound method Phertilizer.sprout_branching of <phertilizer.Phertilizer object at 0x7f7d5ca2e790>> invalid
Sprouting seed:
Cells: 1866 Muts: 431 Ancestral Muts: 633 
Sprouting a linear tree from seed ...
Jump Percentage: 0.9999999999999606 First Eig Val: 2.1815316573203216e-16 First Gap: 2.0362722713679483e-16 Largest Gap: 0.2716065859920659 Number of Clusters:2
start:0 iteration:0
CellsA: 994 CellsB: 872
MutsA: 130 MutsB: 301
Jump Percentage: 0.9999999999999932 First Eig Val: -5.099953733743821e-16 First Gap: 4.167643114263759e-16 Largest Gap: 0.3516274022940721 Number of Clusters:2
Jump Percentage: 0.9999999999999869 First Eig Val: -4.0575158397204653e-17 First Gap: 2.0925764623652056e-16 Largest Gap: 0.25319332802965033 Number of Clusters:2
start:1 iteration:0
CellsA: 994 CellsB: 872
MutsA: 130 MutsB: 301
Jump Percentage: 0.9999999999999932 First Eig Val: -5.099953733743821e-16 First Gap: 4.167643114263759e-16 Largest Gap: 0.3516274022940721 Number of Clusters:2
Jump Percentage: 0.9999999999999841 First Eig Val: -5.142144882453446e-16 First Gap: 1.4791402035558077e-16 Largest Gap: 0.26766850088619004 Number of Clusters:2
start:2 iteration:0
CellsA: 994 CellsB: 872
MutsA: 130 MutsB: 301
Jump Percentage: 0.9999999999999932 First Eig Val: -5.099953733743821e-16 First Gap: 4.167643114263759e-16 Largest Gap: 0.3516274022940721 Number of Clusters:2
Sprouted tree:
None
<bound method Phertilizer.sprout_linear of <phertilizer.Phertilizer object at 0x7f7d5ca2e790>> invalid
Number of subproblems remaining: 1
func:'planting' args:[(<phertilizer.Phertilizer object at 0x7f7d5ca2e790>, deque([])), {}] took: 284.7597 sec
Planting phase complete!

Starting grow phase....
Clonal Tree 1 
[(0, 1)] 
Loss Nodes:0
Node: 0 Cells: 779 Muts: 386 LostMuts: 0
Node: 1 Cells: 1519 Muts: 1019 LostMuts: 0
Total Cells: 2298 Total Muts: 1405
Clonal Tree 0 
[(0, 1), (0, 2)] 
Loss Nodes:0
Node: 0 Cells: 0 Muts: 417 LostMuts: 0
Node: 1 Cells: 432 Muts: 206 LostMuts: 0
Node: 2 Cells: 1087 Muts: 396 LostMuts: 0
Total Cells: 1519 Total Muts: 1019
1405
1405
1405
Clonal Tree 1 
[(0, 1), (1, 2), (1, 3)] 
Loss Nodes:0
Node: 0 Cells: 779 Muts: 386 LostMuts: 0
Node: 1 Cells: 0 Muts: 417 LostMuts: 0
Node: 2 Cells: 432 Muts: 206 LostMuts: 0
Node: 3 Cells: 1087 Muts: 396 LostMuts: 0
Total Cells: 2298 Total Muts: 1405
Clonal Tree 1 
[(0, 1), (1, 2), (1, 3)] 
Loss Nodes:0
Node: 0 Cells: 779 Muts: 386 LostMuts: 0
Node: 1 Cells: 0 Muts: 417 LostMuts: 0
Node: 2 Cells: 432 Muts: 206 LostMuts: 0
Node: 3 Cells: 1087 Muts: 396 LostMuts: 0
Total Cells: 2298 Total Muts: 1405
Clonal Tree 1 
[(0, 1)] 
Loss Nodes:0
Node: 0 Cells: 779 Muts: 386 LostMuts: 0
Node: 1 Cells: 1519 Muts: 1019 LostMuts: 0
Total Cells: 2298 Total Muts: 1405
Clonal Tree 0 
[(0, 1)] 
Loss Nodes:0
Node: 0 Cells: 432 Muts: 599 LostMuts: 0
Node: 1 Cells: 1087 Muts: 420 LostMuts: 0
Total Cells: 1519 Total Muts: 1019
1405
1405
1405
Clonal Tree 1 
[(0, 1), (1, 2)] 
Loss Nodes:0
Node: 0 Cells: 779 Muts: 386 LostMuts: 0
Node: 1 Cells: 432 Muts: 599 LostMuts: 0
Node: 2 Cells: 1087 Muts: 420 LostMuts: 0
Total Cells: 2298 Total Muts: 1405
Clonal Tree 1 
[(0, 1), (1, 2)] 
Loss Nodes:0
Node: 0 Cells: 779 Muts: 386 LostMuts: 0
Node: 1 Cells: 432 Muts: 599 LostMuts: 0
Node: 2 Cells: 1087 Muts: 420 LostMuts: 0
Total Cells: 2298 Total Muts: 1405
func:'grow' args:[(<phertilizer.Phertilizer object at 0x7f7d5ca2e790>,), {}] took: 0.0080 sec
Growing phase complete!

Identifying the maximum likelihood k-clonal tree....
Finding the maximum likelihood tree out of 4 trees....
Clonal Tree 0 
[(0, 1), (0, 2)] 
Loss Nodes:0
Node: 0 Cells: 0 Muts: 633 LostMuts: 0
Node: 1 Cells: 432 Muts: 341 LostMuts: 0
Node: 2 Cells: 1866 Muts: 431 LostMuts: 0
Total Cells: 2298 Total Muts: 1405

Tree: 0 LogLikelihood: 2344322.936513179
Variant LogLikelihood: -26560.67243149337 
RDR LogLikelihood: 2370883.608944672

Clonal Tree 1 
[(0, 1)] 
Loss Nodes:0
Node: 0 Cells: 779 Muts: 386 LostMuts: 0
Node: 1 Cells: 1519 Muts: 1019 LostMuts: 0
Total Cells: 2298 Total Muts: 1405

Tree: 1 LogLikelihood: 2199340.4804484746
Variant LogLikelihood: -24240.3596480679 
RDR LogLikelihood: 2223580.8400965426

Clonal Tree 2 
[(0, 1), (1, 2), (1, 3)] 
Loss Nodes:0
Node: 0 Cells: 779 Muts: 386 LostMuts: 0
Node: 1 Cells: 0 Muts: 417 LostMuts: 0
Node: 2 Cells: 432 Muts: 206 LostMuts: 0
Node: 3 Cells: 1087 Muts: 396 LostMuts: 0
Total Cells: 2298 Total Muts: 1405

Tree: 2 LogLikelihood: 2489962.505442653
Variant LogLikelihood: -20420.432414480892 
RDR LogLikelihood: 2510382.9378571333

Clonal Tree 3 
[(0, 1), (1, 2)] 
Loss Nodes:0
Node: 0 Cells: 779 Muts: 386 LostMuts: 0
Node: 1 Cells: 432 Muts: 599 LostMuts: 0
Node: 2 Cells: 1087 Muts: 420 LostMuts: 0
Total Cells: 2298 Total Muts: 1405

Tree: 3 LogLikelihood: 2487487.3964403477
Variant LogLikelihood: -22895.541416785924 
RDR LogLikelihood: 2510382.9378571333

\Phertilizer Tree....
Clonal Tree 2 
[(0, 1), (1, 2), (1, 3)] 
Loss Nodes:0
Node: 0 Cells: 779 Muts: 386 LostMuts: 0
Node: 1 Cells: 0 Muts: 417 LostMuts: 0
Node: 2 Cells: 432 Muts: 206 LostMuts: 0
Node: 3 Cells: 1087 Muts: 396 LostMuts: 0
Total Cells: 2298 Total Muts: 1405
Saving files.....
Thanks for planting a tree! See you later, friend.
