/scratch/data/leah/phertilizer/src/branching_split.py:108: RuntimeWarning: invalid value encountered in true_divide
  tmb = mut_var_count_by_cell/mut_total_reads_by_cell
/scratch/data/leah/phertilizer/src/branching_split.py:108: RuntimeWarning: invalid value encountered in true_divide
  tmb = mut_var_count_by_cell/mut_total_reads_by_cell
/scratch/data/leah/phertilizer/src/branching_split.py:108: RuntimeWarning: invalid value encountered in true_divide
  tmb = mut_var_count_by_cell/mut_total_reads_by_cell
INFO:root:Mb Count a: 1.7138810198300283 Mb Count b: 8.50070126227209
INFO:root:Mb Count a: 0.0113314447592068 Mb Count b: 14.998129967274428
INFO:root:Mb Count a: 1.7592067988668556 Mb Count b: 8.535296867695184
INFO:root:Mb Count a: 0.0113314447592068 Mb Count b: 14.998129967274428
INFO:root:Mb Count a: 1.6685552407932012 Mb Count b: 8.481065918653577
INFO:root:Mb Count a: 0.0113314447592068 Mb Count b: 14.998129967274428
/scratch/data/leah/phertilizer/src/branching_split.py:108: RuntimeWarning: invalid value encountered in true_divide
  tmb = mut_var_count_by_cell/mut_total_reads_by_cell
/scratch/data/leah/phertilizer/src/branching_split.py:108: RuntimeWarning: invalid value encountered in true_divide
  tmb = mut_var_count_by_cell/mut_total_reads_by_cell
/scratch/data/leah/phertilizer/src/branching_split.py:108: RuntimeWarning: invalid value encountered in true_divide
  tmb = mut_var_count_by_cell/mut_total_reads_by_cell
INFO:root:Mb Count a: 3.4564254062038406 Mb Count b: 7.750341997264022
INFO:root:Mb Count a: 0.047267355982274745 Mb Count b: 8.140218878248975
INFO:root:Mb Count a: 3.2732644017725256 Mb Count b: 7.685362517099863
INFO:root:Mb Count a: 0.047267355982274745 Mb Count b: 8.140218878248975
INFO:root:Mb Count a: 3.1772525849335302 Mb Count b: 7.696306429548564
INFO:root:Mb Count a: 0.047267355982274745 Mb Count b: 8.140218878248975
/scratch/data/leah/phertilizer/src/linear_split.py:107: RuntimeWarning: invalid value encountered in true_divide
  vaf = binary_counts/binary_tcounts
INFO:root:Mb Count a: 2.9738805970149254 Mb Count b: 6.185819070904645
INFO:root:Mb Count a: 0.6763392857142857 Mb Count b: 4.069868995633188
INFO:root:Mb Count a: 0.1871345029239766 Mb Count b: 2.9390243902439024
INFO:root:Mb Count a: 0.10622710622710622 Mb Count b: 2.7786259541984735
INFO:root:Mb Count a: 0.075 Mb Count b: 2.6324786324786325
INFO:root:Mb Count a: 0.07180385288966724 Mb Count b: 2.6132075471698113
INFO:root:Mb Count a: 0.06196213425129088 Mb Count b: 2.625
INFO:root:Mb Count a: 0.05299145299145299 Mb Count b: 2.619565217391304
INFO:root:Mb Count a: 0.05263157894736842 Mb Count b: 2.625
INFO:root:Mb Count a: 0.050761421319796954 Mb Count b: 2.604651162790698
/scratch/data/leah/phertilizer/src/linear_split.py:107: RuntimeWarning: invalid value encountered in true_divide
  vaf = binary_counts/binary_tcounts
INFO:root:Mb Count a: 3.206153846153846 Mb Count b: 6.1875
INFO:root:Mb Count a: 0.48268839103869654 Mb Count b: 3.639784946236559
INFO:root:Mb Count a: 0.10614525139664804 Mb Count b: 2.75
INFO:root:Mb Count a: 0.14685314685314685 Mb Count b: 2.8
INFO:root:Mb Count a: 0.07903780068728522 Mb Count b: 2.6
INFO:root:Mb Count a: 0.07445008460236886 Mb Count b: 2.5697674418604652
INFO:root:Mb Count a: 0.06386554621848739 Mb Count b: 2.5121951219512195
INFO:root:Mb Count a: 0.06365159128978225 Mb Count b: 2.5
INFO:root:Mb Count a: 0.061872909698996656 Mb Count b: 2.4936708860759493
INFO:root:Mb Count a: 0.06176961602671119 Mb Count b: 2.5
/scratch/data/leah/phertilizer/src/linear_split.py:107: RuntimeWarning: invalid value encountered in true_divide
  vaf = binary_counts/binary_tcounts
INFO:root:Mb Count a: 3.466307277628032 Mb Count b: 6.428104575163399
INFO:root:Mb Count a: 0.19914346895074947 Mb Count b: 2.9047619047619047
INFO:root:Mb Count a: 0.1130952380952381 Mb Count b: 2.8554913294797686
INFO:root:Mb Count a: 0.0838095238095238 Mb Count b: 2.7434210526315788
INFO:root:Mb Count a: 0.061567164179104475 Mb Count b: 2.6808510638297873
INFO:root:Mb Count a: 0.11764705882352941 Mb Count b: 2.853448275862069
INFO:root:Mb Count a: 0.06968641114982578 Mb Count b: 2.7572815533980584
INFO:root:Mb Count a: 0.05565217391304348 Mb Count b: 2.7450980392156863
INFO:root:Mb Count a: 0.05719237435008666 Mb Count b: 2.72
INFO:root:Mb Count a: 0.05199306759098787 Mb Count b: 2.69
/scratch/data/leah/phertilizer/src/linear_split.py:107: RuntimeWarning: invalid value encountered in true_divide
  vaf = binary_counts/binary_tcounts
INFO:root:Mb Count a: 3.9279279279279278 Mb Count b: 7.040816326530612
INFO:root:Mb Count a: 0.17753623188405798 Mb Count b: 2.5128205128205128
INFO:root:Mb Count a: 0.08536585365853659 Mb Count b: 2.411764705882353
INFO:root:Mb Count a: 0.05719237435008666 Mb Count b: 2.4285714285714284
INFO:root:Mb Count a: 0.05545927209705372 Mb Count b: 2.4285714285714284
/scratch/data/leah/phertilizer/src/linear_split.py:107: RuntimeWarning: invalid value encountered in true_divide
  vaf = binary_counts/binary_tcounts
INFO:root:Mb Count a: 3.559493670886076 Mb Count b: 6.801020408163265
INFO:root:Mb Count a: 0.15145228215767634 Mb Count b: 2.596330275229358
INFO:root:Mb Count a: 0.0707070707070707 Mb Count b: 2.46875
INFO:root:Mb Count a: 0.06187624750499002 Mb Count b: 2.411111111111111
INFO:root:Mb Count a: 0.061386138613861385 Mb Count b: 2.395348837209302
INFO:root:Mb Count a: 0.055226824457593686 Mb Count b: 2.380952380952381
INFO:root:Mb Count a: 0.04930966469428008 Mb Count b: 2.380952380952381
/scratch/data/leah/phertilizer/src/linear_split.py:107: RuntimeWarning: invalid value encountered in true_divide
  vaf = binary_counts/binary_tcounts
INFO:root:Mb Count a: 3.3051771117166213 Mb Count b: 6.3125
INFO:root:Mb Count a: 0.1343612334801762 Mb Count b: 2.708029197080292
INFO:root:Mb Count a: 0.0 Mb Count b: 2.310810810810811
INFO:root:Mb Count a: 0.0 Mb Count b: 2.366013071895425
INFO:root:Mb Count a: 0.0 Mb Count b: 2.372549019607843
/scratch/data/leah/phertilizer/src/linear_split.py:107: RuntimeWarning: invalid value encountered in true_divide
  vaf = binary_counts/binary_tcounts
INFO:root:Mb Count a: 3.057142857142857 Mb Count b: 6.095419847328245
INFO:root:Mb Count a: 0.165374677002584 Mb Count b: 3.042105263157895
INFO:root:Mb Count a: 0.0 Mb Count b: 2.58
INFO:root:Mb Count a: 0.0575 Mb Count b: 2.853107344632768
INFO:root:Mb Count a: 0.04854368932038835 Mb Count b: 2.8666666666666667
INFO:root:Mb Count a: 0.03855421686746988 Mb Count b: 2.8641975308641974
INFO:root:Mb Count a: 0.033734939759036145 Mb Count b: 2.8518518518518516
/scratch/data/leah/phertilizer/src/linear_split.py:107: RuntimeWarning: invalid value encountered in true_divide
  vaf = binary_counts/binary_tcounts
INFO:root:Mb Count a: 3.365439093484419 Mb Count b: 6.415178571428571
INFO:root:Mb Count a: 0.3755186721991701 Mb Count b: 3.263157894736842
INFO:root:Mb Count a: 0.08531746031746032 Mb Count b: 2.3972602739726026
INFO:root:Mb Count a: 0.06627680311890838 Mb Count b: 2.40625
INFO:root:Mb Count a: 0.12987012987012986 Mb Count b: 2.789473684210526
INFO:root:Mb Count a: 0.09694793536804308 Mb Count b: 2.75
INFO:root:Mb Count a: 0.0674955595026643 Mb Count b: 2.857142857142857
INFO:root:Mb Count a: 0.05338078291814947 Mb Count b: 2.7333333333333334
INFO:root:Mb Count a: 0.05338078291814947 Mb Count b: 2.7333333333333334
/scratch/data/leah/phertilizer/src/linear_split.py:107: RuntimeWarning: invalid value encountered in true_divide
  vaf = binary_counts/binary_tcounts
INFO:root:Mb Count a: 3.6041131105398456 Mb Count b: 6.76063829787234
INFO:root:Mb Count a: 0.18219461697722567 Mb Count b: 2.5531914893617023
INFO:root:Mb Count a: 0.08383233532934131 Mb Count b: 2.4342105263157894
INFO:root:Mb Count a: 0.09864603481624758 Mb Count b: 2.5
INFO:root:Mb Count a: 0.0741444866920152 Mb Count b: 2.4901960784313726
INFO:root:Mb Count a: 0.06741573033707865 Mb Count b: 2.5348837209302326
INFO:root:Mb Count a: 0.07037037037037037 Mb Count b: 2.5675675675675675
INFO:root:Mb Count a: 0.062385321100917435 Mb Count b: 2.5625
INFO:root:Mb Count a: 0.05321100917431193 Mb Count b: 2.5
/scratch/data/leah/phertilizer/src/linear_split.py:107: RuntimeWarning: invalid value encountered in true_divide
  vaf = binary_counts/binary_tcounts
INFO:root:Mb Count a: 3.0821428571428573 Mb Count b: 6.297872340425532
INFO:root:Mb Count a: 0.13677811550151975 Mb Count b: 3.180257510729614
INFO:root:Mb Count a: 0.05014749262536873 Mb Count b: 3.1479820627802693
INFO:root:Mb Count a: 0.029411764705882353 Mb Count b: 3.1486486486486487
INFO:root:Mb Count a: 0.026470588235294117 Mb Count b: 3.135135135135135
/scratch/data/leah/phertilizer/src/linear_split.py:107: RuntimeWarning: invalid value encountered in true_divide
  vaf = binary_counts/binary_tcounts
INFO:root:Mb Count a: 3.175895765472313 Mb Count b: 6.145098039215687
INFO:root:Mb Count a: 0.1683673469387755 Mb Count b: 3.041176470588235
INFO:root:Mb Count a: 0.05853658536585366 Mb Count b: 2.9671052631578947
INFO:root:Mb Count a: 0.0477326968973747 Mb Count b: 2.972027972027972
INFO:root:Mb Count a: 0.030878859857482184 Mb Count b: 2.900709219858156
INFO:root:Mb Count a: 0.026128266033254157 Mb Count b: 2.893617021276596
/scratch/data/leah/phertilizer/src/linear_split.py:107: RuntimeWarning: invalid value encountered in true_divide
  vaf = binary_counts/binary_tcounts
INFO:root:Mb Count a: 3.338935574229692 Mb Count b: 6.614634146341463
INFO:root:Mb Count a: 0.3470225872689938 Mb Count b: 3.3333333333333335
INFO:root:Mb Count a: 0.09411764705882353 Mb Count b: 2.3461538461538463
INFO:root:Mb Count a: 0.0674373795761079 Mb Count b: 2.395348837209302
INFO:root:Mb Count a: 0.05009633911368015 Mb Count b: 2.302325581395349
INFO:root:Mb Count a: 0.04816955684007707 Mb Count b: 2.302325581395349
/scratch/data/leah/phertilizer/src/linear_split.py:107: RuntimeWarning: invalid value encountered in true_divide
  vaf = binary_counts/binary_tcounts
INFO:root:Mb Count a: 3.4138888888888888 Mb Count b: 6.327044025157233
INFO:root:Mb Count a: 0.1288056206088993 Mb Count b: 2.597826086956522
INFO:root:Mb Count a: 0.13129102844638948 Mb Count b: 2.5806451612903225
INFO:root:Mb Count a: 0.05818965517241379 Mb Count b: 2.4727272727272727
INFO:root:Mb Count a: 0.04086021505376344 Mb Count b: 2.462962962962963
INFO:root:Mb Count a: 0.03870967741935484 Mb Count b: 2.462962962962963
/scratch/data/leah/phertilizer/src/linear_split.py:107: RuntimeWarning: invalid value encountered in true_divide
  vaf = binary_counts/binary_tcounts
INFO:root:Mb Count a: 3.430340557275542 Mb Count b: 6.137755102040816
INFO:root:Mb Count a: 0.13076923076923078 Mb Count b: 2.705426356589147
INFO:root:Mb Count a: 0.05223880597014925 Mb Count b: 2.5555555555555554
INFO:root:Mb Count a: 0.03676470588235294 Mb Count b: 2.5855855855855854
INFO:root:Mb Count a: 0.02926829268292683 Mb Count b: 2.596330275229358
INFO:root:Mb Count a: 0.07801418439716312 Mb Count b: 2.6979166666666665
INFO:root:Mb Count a: 0.03747072599531616 Mb Count b: 2.641304347826087
INFO:root:Mb Count a: 0.030373831775700934 Mb Count b: 2.5714285714285716
INFO:root:Mb Count a: 0.030303030303030304 Mb Count b: 2.566666666666667
INFO:root:Mb Count a: 0.030303030303030304 Mb Count b: 2.566666666666667
/scratch/data/leah/phertilizer/src/linear_split.py:107: RuntimeWarning: invalid value encountered in true_divide
  vaf = binary_counts/binary_tcounts
INFO:root:Mb Count a: 3.1838709677419357 Mb Count b: 6.047846889952153
INFO:root:Mb Count a: 0.3076923076923077 Mb Count b: 3.1067961165048543
INFO:root:Mb Count a: 0.11529933481152993 Mb Count b: 2.6911764705882355
INFO:root:Mb Count a: 0.058315334773218146 Mb Count b: 2.4464285714285716
INFO:root:Mb Count a: 0.04068522483940043 Mb Count b: 2.3653846153846154
INFO:root:Mb Count a: 0.034261241970021415 Mb Count b: 2.326923076923077
/scratch/data/leah/phertilizer/src/branching_split.py:108: RuntimeWarning: invalid value encountered in true_divide
  tmb = mut_var_count_by_cell/mut_total_reads_by_cell
/scratch/data/leah/phertilizer/src/branching_split.py:108: RuntimeWarning: invalid value encountered in true_divide
  tmb = mut_var_count_by_cell/mut_total_reads_by_cell
/scratch/data/leah/phertilizer/src/branching_split.py:108: RuntimeWarning: invalid value encountered in true_divide
  tmb = mut_var_count_by_cell/mut_total_reads_by_cell
/scratch/data/leah/phertilizer/src/branching_split.py:108: RuntimeWarning: invalid value encountered in true_divide
  tmb = mut_var_count_by_cell/mut_total_reads_by_cell
/scratch/data/leah/phertilizer/src/branching_split.py:108: RuntimeWarning: invalid value encountered in true_divide
  tmb = mut_var_count_by_cell/mut_total_reads_by_cell
/scratch/data/leah/phertilizer/src/branching_split.py:108: RuntimeWarning: invalid value encountered in true_divide
  tmb = mut_var_count_by_cell/mut_total_reads_by_cell
/scratch/data/leah/phertilizer/src/branching_split.py:108: RuntimeWarning: invalid value encountered in true_divide
  tmb = mut_var_count_by_cell/mut_total_reads_by_cell
/scratch/data/leah/phertilizer/src/branching_split.py:108: RuntimeWarning: invalid value encountered in true_divide
  tmb = mut_var_count_by_cell/mut_total_reads_by_cell
/scratch/data/leah/phertilizer/src/branching_split.py:108: RuntimeWarning: invalid value encountered in true_divide
  tmb = mut_var_count_by_cell/mut_total_reads_by_cell
/scratch/data/leah/phertilizer/src/branching_split.py:108: RuntimeWarning: invalid value encountered in true_divide
  tmb = mut_var_count_by_cell/mut_total_reads_by_cell
/scratch/data/leah/phertilizer/src/branching_split.py:108: RuntimeWarning: invalid value encountered in true_divide
  tmb = mut_var_count_by_cell/mut_total_reads_by_cell
/scratch/data/leah/phertilizer/src/branching_split.py:108: RuntimeWarning: invalid value encountered in true_divide
  tmb = mut_var_count_by_cell/mut_total_reads_by_cell
/scratch/data/leah/phertilizer/src/branching_split.py:108: RuntimeWarning: invalid value encountered in true_divide
  tmb = mut_var_count_by_cell/mut_total_reads_by_cell
/scratch/data/leah/phertilizer/src/branching_split.py:108: RuntimeWarning: invalid value encountered in true_divide
  tmb = mut_var_count_by_cell/mut_total_reads_by_cell
/scratch/data/leah/phertilizer/src/branching_split.py:108: RuntimeWarning: invalid value encountered in true_divide
  tmb = mut_var_count_by_cell/mut_total_reads_by_cell
/scratch/data/leah/phertilizer/src/branching_split.py:108: RuntimeWarning: invalid value encountered in true_divide
  tmb = mut_var_count_by_cell/mut_total_reads_by_cell
/scratch/data/leah/phertilizer/src/branching_split.py:108: RuntimeWarning: invalid value encountered in true_divide
  tmb = mut_var_count_by_cell/mut_total_reads_by_cell
/scratch/data/leah/phertilizer/src/branching_split.py:108: RuntimeWarning: invalid value encountered in true_divide
  tmb = mut_var_count_by_cell/mut_total_reads_by_cell
/scratch/data/leah/phertilizer/src/branching_split.py:108: RuntimeWarning: invalid value encountered in true_divide
  tmb = mut_var_count_by_cell/mut_total_reads_by_cell
/scratch/data/leah/phertilizer/src/branching_split.py:108: RuntimeWarning: invalid value encountered in true_divide
  tmb = mut_var_count_by_cell/mut_total_reads_by_cell
/scratch/data/leah/phertilizer/src/branching_split.py:108: RuntimeWarning: invalid value encountered in true_divide
  tmb = mut_var_count_by_cell/mut_total_reads_by_cell
/scratch/data/leah/phertilizer/src/branching_split.py:108: RuntimeWarning: invalid value encountered in true_divide
  tmb = mut_var_count_by_cell/mut_total_reads_by_cell
/scratch/data/leah/phertilizer/src/branching_split.py:108: RuntimeWarning: invalid value encountered in true_divide
  tmb = mut_var_count_by_cell/mut_total_reads_by_cell
/scratch/data/leah/phertilizer/src/branching_split.py:108: RuntimeWarning: invalid value encountered in true_divide
  tmb = mut_var_count_by_cell/mut_total_reads_by_cell
/scratch/data/leah/phertilizer/src/branching_split.py:108: RuntimeWarning: invalid value encountered in true_divide
  tmb = mut_var_count_by_cell/mut_total_reads_by_cell
/scratch/data/leah/phertilizer/src/branching_split.py:108: RuntimeWarning: invalid value encountered in true_divide
  tmb = mut_var_count_by_cell/mut_total_reads_by_cell
/scratch/data/leah/phertilizer/src/branching_split.py:108: RuntimeWarning: invalid value encountered in true_divide
  tmb = mut_var_count_by_cell/mut_total_reads_by_cell
/scratch/data/leah/phertilizer/src/branching_split.py:108: RuntimeWarning: invalid value encountered in true_divide
  tmb = mut_var_count_by_cell/mut_total_reads_by_cell
/scratch/data/leah/phertilizer/src/branching_split.py:108: RuntimeWarning: invalid value encountered in true_divide
  tmb = mut_var_count_by_cell/mut_total_reads_by_cell
/scratch/data/leah/phertilizer/src/branching_split.py:108: RuntimeWarning: invalid value encountered in true_divide
  tmb = mut_var_count_by_cell/mut_total_reads_by_cell
INFO:root:Mb Count a: 1.618104667609618 Mb Count b: 5.258278145695364
INFO:root:Mb Count a: 0.35584415584415585 Mb Count b: 4.868497109826589
INFO:root:Mb Count a: 0.3063063063063063 Mb Count b: 5.077372262773722
INFO:root:Mb Count a: 0.3062261753494282 Mb Count b: 5.214814814814815
INFO:root:Mb Count a: 0.19241192411924118 Mb Count b: 4.986187845303867
INFO:root:Mb Count a: 0.2134228187919463 Mb Count b: 5.192468619246862
INFO:root:Mb Count a: 0.20833333333333334 Mb Count b: 5.233983286908078
INFO:root:Mb Count a: 0.18417462482946795 Mb Count b: 5.198902606310014
INFO:root:Mb Count a: 0.18417462482946795 Mb Count b: 5.198902606310014
INFO:root:Mb Count a: 1.1704980842911878 Mb Count b: 4.742553191489361
INFO:root:Mb Count a: 0.4318840579710145 Mb Count b: 5.672279792746114
INFO:root:Mb Count a: 0.2807262569832402 Mb Count b: 5.46916890080429
INFO:root:Mb Count a: 0.2830188679245283 Mb Count b: 5.5055555555555555
INFO:root:Mb Count a: 0.15142857142857144 Mb Count b: 5.254593175853018
INFO:root:Mb Count a: 0.25 Mb Count b: 5.528925619834711
INFO:root:Mb Count a: 0.2273972602739726 Mb Count b: 5.48224043715847
INFO:root:Mb Count a: 0.23983739837398374 Mb Count b: 5.511049723756906
INFO:root:Mb Count a: 0.23712737127371275 Mb Count b: 5.504143646408839
INFO:root:Mb Count a: 2.205211726384365 Mb Count b: 5.826247689463956
/scratch/data/leah/phertilizer/src/linear_split.py:251: RuntimeWarning: invalid value encountered in true_divide
  tmb = mb_mut_count/mb_tot_count
INFO:root:Mb Count a: 0.3965702036441586 Mb Count b: 4.359168241965974
/scratch/data/leah/phertilizer/src/linear_split.py:251: RuntimeWarning: invalid value encountered in true_divide
  tmb = mb_mut_count/mb_tot_count
INFO:root:Mb Count a: 0.5323232323232323 Mb Count b: 4.947033898305085
/scratch/data/leah/phertilizer/src/linear_split.py:251: RuntimeWarning: invalid value encountered in true_divide
  tmb = mb_mut_count/mb_tot_count
INFO:root:Mb Count a: 0.4786069651741294 Mb Count b: 4.892778993435448
/scratch/data/leah/phertilizer/src/linear_split.py:251: RuntimeWarning: invalid value encountered in true_divide
  tmb = mb_mut_count/mb_tot_count
INFO:root:Mb Count a: 0.45779543197616684 Mb Count b: 4.839560439560439
/scratch/data/leah/phertilizer/src/linear_split.py:251: RuntimeWarning: invalid value encountered in true_divide
  tmb = mb_mut_count/mb_tot_count
INFO:root:Mb Count a: 0.4573412698412698 Mb Count b: 4.830396475770925
/scratch/data/leah/phertilizer/src/linear_split.py:251: RuntimeWarning: invalid value encountered in true_divide
  tmb = mb_mut_count/mb_tot_count
INFO:root:Mb Count a: 0.45391476709613476 Mb Count b: 4.8322295805739515
/scratch/data/leah/phertilizer/src/linear_split.py:251: RuntimeWarning: invalid value encountered in true_divide
  tmb = mb_mut_count/mb_tot_count
INFO:root:Mb Count a: 0.45391476709613476 Mb Count b: 4.8322295805739515
/scratch/data/leah/phertilizer/src/branching_split.py:108: RuntimeWarning: invalid value encountered in true_divide
  tmb = mut_var_count_by_cell/mut_total_reads_by_cell
/scratch/data/leah/phertilizer/src/branching_split.py:108: RuntimeWarning: invalid value encountered in true_divide
  tmb = mut_var_count_by_cell/mut_total_reads_by_cell
/scratch/data/leah/phertilizer/src/branching_split.py:108: RuntimeWarning: invalid value encountered in true_divide
  tmb = mut_var_count_by_cell/mut_total_reads_by_cell
/scratch/data/leah/phertilizer/src/branching_split.py:108: RuntimeWarning: invalid value encountered in true_divide
  tmb = mut_var_count_by_cell/mut_total_reads_by_cell
/scratch/data/leah/phertilizer/src/branching_split.py:108: RuntimeWarning: invalid value encountered in true_divide
  tmb = mut_var_count_by_cell/mut_total_reads_by_cell
/scratch/data/leah/phertilizer/src/branching_split.py:108: RuntimeWarning: invalid value encountered in true_divide
  tmb = mut_var_count_by_cell/mut_total_reads_by_cell
/scratch/data/leah/phertilizer/src/branching_split.py:108: RuntimeWarning: invalid value encountered in true_divide
  tmb = mut_var_count_by_cell/mut_total_reads_by_cell
/scratch/data/leah/phertilizer/src/branching_split.py:108: RuntimeWarning: invalid value encountered in true_divide
  tmb = mut_var_count_by_cell/mut_total_reads_by_cell
/scratch/data/leah/phertilizer/src/branching_split.py:108: RuntimeWarning: invalid value encountered in true_divide
  tmb = mut_var_count_by_cell/mut_total_reads_by_cell
/scratch/data/leah/phertilizer/src/branching_split.py:108: RuntimeWarning: invalid value encountered in true_divide
  tmb = mut_var_count_by_cell/mut_total_reads_by_cell
/scratch/data/leah/phertilizer/src/branching_split.py:108: RuntimeWarning: invalid value encountered in true_divide
  tmb = mut_var_count_by_cell/mut_total_reads_by_cell
INFO:root:Mb Count a: 1.868421052631579 Mb Count b: 5.4593373493975905
INFO:root:Mb Count a: 0.6268498942917548 Mb Count b: 4.897286821705427
/scratch/data/leah/phertilizer/src/linear_split.py:251: RuntimeWarning: invalid value encountered in true_divide
  tmb = mb_mut_count/mb_tot_count
INFO:root:Mb Count a: 0.3231441048034934 Mb Count b: 4.445054945054945
INFO:root:Mb Count a: 0.32044198895027626 Mb Count b: 4.666068222621185
INFO:root:Mb Count a: 0.3446019629225736 Mb Count b: 4.809174311926606
INFO:root:Mb Count a: 0.34242093784078514 Mb Count b: 4.805504587155963
INFO:root:Mb Count a: 1.7023643949930458 Mb Count b: 5.27321668909825
INFO:root:Mb Count a: 0.30522088353413657 Mb Count b: 4.591608391608392
INFO:root:Mb Count a: 0.2695883134130146 Mb Count b: 4.8885754583921015
INFO:root:Mb Count a: 0.2619047619047619 Mb Count b: 4.963172804532578
INFO:root:Mb Count a: 0.5933940774487472 Mb Count b: 5.464041095890411
INFO:root:Mb Count a: 0.3290548424737456 Mb Count b: 4.938842975206612
INFO:root:Mb Count a: 0.2632850241545894 Mb Count b: 4.799684542586751
INFO:root:Mb Count a: 0.25547445255474455 Mb Count b: 4.90625
INFO:root:Mb Count a: 0.25091352009744217 Mb Count b: 4.9110764430577225
INFO:root:Mb Count a: 0.2524390243902439 Mb Count b: 4.922118380062305
INFO:root:Mb Count a: 1.5541984732824428 Mb Count b: 5.084262701363073
INFO:root:Mb Count a: 0.47924528301886793 Mb Count b: 5.059970014992504
INFO:root:Mb Count a: 0.27002583979328165 Mb Count b: 4.901162790697675
INFO:root:Mb Count a: 0.20767195767195767 Mb Count b: 4.9645892351274785
INFO:root:Mb Count a: 0.1970705725699068 Mb Count b: 5.071729957805907
INFO:root:Mb Count a: 0.19866666666666666 Mb Count b: 5.140449438202247
INFO:root:Mb Count a: 0.19359145527369825 Mb Count b: 5.126227208976157
INFO:root:Mb Count a: 0.19359145527369825 Mb Count b: 5.126227208976157
/scratch/data/leah/phertilizer/src/linear_split.py:107: RuntimeWarning: invalid value encountered in true_divide
  vaf = binary_counts/binary_tcounts
INFO:root:Mb Count a: 2.0411184210526314 Mb Count b: 4.797169811320755
INFO:root:Mb Count a: 0.0 Mb Count b: 1.9558823529411764
INFO:root:Mb Count a: 0.265625 Mb Count b: 3.511111111111111
INFO:root:Mb Count a: 0.11930926216640503 Mb Count b: 3.19672131147541
INFO:root:Mb Count a: 0.11616954474097331 Mb Count b: 3.2076502732240435
/scratch/data/leah/phertilizer/src/linear_split.py:107: RuntimeWarning: invalid value encountered in true_divide
  vaf = binary_counts/binary_tcounts
INFO:root:Mb Count a: 1.6514806378132119 Mb Count b: 4.322834645669292
INFO:root:Mb Count a: 0.3624161073825503 Mb Count b: 3.5625
INFO:root:Mb Count a: 0.2992481203007519 Mb Count b: 3.393548387096774
INFO:root:Mb Count a: 0.18955223880597014 Mb Count b: 3.0866666666666664
INFO:root:Mb Count a: 0.18032786885245902 Mb Count b: 3.053691275167785
INFO:root:Mb Count a: 0.18032786885245902 Mb Count b: 3.046979865771812
INFO:root:Mb Count a: 0.18032786885245902 Mb Count b: 3.046979865771812
/scratch/data/leah/phertilizer/src/linear_split.py:107: RuntimeWarning: invalid value encountered in true_divide
  vaf = binary_counts/binary_tcounts
INFO:root:Mb Count a: 1.12012987012987 Mb Count b: 3.697265625
INFO:root:Mb Count a: 0.6666666666666666 Mb Count b: 4.222602739726027
INFO:root:Mb Count a: 0.5352941176470588 Mb Count b: 4.057142857142857
INFO:root:Mb Count a: 0.19321533923303835 Mb Count b: 3.2253521126760565
INFO:root:Mb Count a: 0.1887905604719764 Mb Count b: 3.2253521126760565
/scratch/data/leah/phertilizer/src/branching_split.py:108: RuntimeWarning: invalid value encountered in true_divide
  tmb = mut_var_count_by_cell/mut_total_reads_by_cell
/scratch/data/leah/phertilizer/src/branching_split.py:108: RuntimeWarning: invalid value encountered in true_divide
  tmb = mut_var_count_by_cell/mut_total_reads_by_cell
/scratch/data/leah/phertilizer/src/branching_split.py:108: RuntimeWarning: invalid value encountered in true_divide
  tmb = mut_var_count_by_cell/mut_total_reads_by_cell
/scratch/data/leah/phertilizer/src/branching_split.py:108: RuntimeWarning: invalid value encountered in true_divide
  tmb = mut_var_count_by_cell/mut_total_reads_by_cell
/scratch/data/leah/phertilizer/src/linear_split.py:251: RuntimeWarning: invalid value encountered in true_divide
  tmb = mb_mut_count/mb_tot_count
INFO:root:Mb Count a: 1.7693079237713139 Mb Count b: 4.305
/scratch/data/leah/phertilizer/src/linear_split.py:251: RuntimeWarning: invalid value encountered in true_divide
  tmb = mb_mut_count/mb_tot_count
INFO:root:Mb Count a: 0.5894819466248038 Mb Count b: 2.113821138211382
/scratch/data/leah/phertilizer/src/linear_split.py:251: RuntimeWarning: invalid value encountered in true_divide
  tmb = mb_mut_count/mb_tot_count
INFO:root:Mb Count a: 0.07986960065199673 Mb Count b: 1.0411764705882354
/scratch/data/leah/phertilizer/src/linear_split.py:251: RuntimeWarning: invalid value encountered in true_divide
  tmb = mb_mut_count/mb_tot_count
INFO:root:Mb Count a: 0.11300813008130081 Mb Count b: 1.341317365269461
/scratch/data/leah/phertilizer/src/linear_split.py:251: RuntimeWarning: invalid value encountered in true_divide
  tmb = mb_mut_count/mb_tot_count
INFO:root:Mb Count a: 0.10966693744922827 Mb Count b: 1.3855421686746987
/scratch/data/leah/phertilizer/src/linear_split.py:251: RuntimeWarning: invalid value encountered in true_divide
  tmb = mb_mut_count/mb_tot_count
INFO:root:Mb Count a: 0.10876623376623376 Mb Count b: 1.412121212121212
/scratch/data/leah/phertilizer/src/linear_split.py:251: RuntimeWarning: invalid value encountered in true_divide
  tmb = mb_mut_count/mb_tot_count
INFO:root:Mb Count a: 0.10749185667752444 Mb Count b: 1.4201183431952662
/scratch/data/leah/phertilizer/src/linear_split.py:251: RuntimeWarning: invalid value encountered in true_divide
  tmb = mb_mut_count/mb_tot_count
INFO:root:Mb Count a: 0.10749185667752444 Mb Count b: 1.4201183431952662
INFO:root:Mb Count a: 0.764 Mb Count b: 3.4325529542920847
/scratch/data/leah/phertilizer/src/linear_split.py:251: RuntimeWarning: invalid value encountered in true_divide
  tmb = mb_mut_count/mb_tot_count
INFO:root:Mb Count a: 1.1422805247225025 Mb Count b: 4.4926108374384235
/scratch/data/leah/phertilizer/src/linear_split.py:251: RuntimeWarning: invalid value encountered in true_divide
  tmb = mb_mut_count/mb_tot_count
INFO:root:Mb Count a: 0.30558276199804113 Mb Count b: 2.875
/scratch/data/leah/phertilizer/src/linear_split.py:251: RuntimeWarning: invalid value encountered in true_divide
  tmb = mb_mut_count/mb_tot_count
INFO:root:Mb Count a: 0.26666666666666666 Mb Count b: 2.889502762430939
/scratch/data/leah/phertilizer/src/linear_split.py:251: RuntimeWarning: invalid value encountered in true_divide
  tmb = mb_mut_count/mb_tot_count
INFO:root:Mb Count a: 0.24493731918997108 Mb Count b: 2.8222222222222224
/scratch/data/leah/phertilizer/src/linear_split.py:251: RuntimeWarning: invalid value encountered in true_divide
  tmb = mb_mut_count/mb_tot_count
INFO:root:Mb Count a: 0.3263825929283772 Mb Count b: 3.122448979591837
/scratch/data/leah/phertilizer/src/linear_split.py:251: RuntimeWarning: invalid value encountered in true_divide
  tmb = mb_mut_count/mb_tot_count
INFO:root:Mb Count a: 0.26750448833034113 Mb Count b: 2.8975265017667846
/scratch/data/leah/phertilizer/src/linear_split.py:251: RuntimeWarning: invalid value encountered in true_divide
  tmb = mb_mut_count/mb_tot_count
INFO:root:Mb Count a: 0.19296577946768062 Mb Count b: 2.5014492753623188
/scratch/data/leah/phertilizer/src/linear_split.py:251: RuntimeWarning: invalid value encountered in true_divide
  tmb = mb_mut_count/mb_tot_count
INFO:root:Mb Count a: 0.2585278276481149 Mb Count b: 2.8692579505300353
/scratch/data/leah/phertilizer/src/linear_split.py:251: RuntimeWarning: invalid value encountered in true_divide
  tmb = mb_mut_count/mb_tot_count
INFO:root:Mb Count a: 0.2416891284815813 Mb Count b: 2.813380281690141
/scratch/data/leah/phertilizer/src/linear_split.py:251: RuntimeWarning: invalid value encountered in true_divide
  tmb = mb_mut_count/mb_tot_count
INFO:root:Mb Count a: 1.7826961770623742 Mb Count b: 4.354838709677419
/scratch/data/leah/phertilizer/src/linear_split.py:251: RuntimeWarning: invalid value encountered in true_divide
  tmb = mb_mut_count/mb_tot_count
INFO:root:Mb Count a: 0.35185185185185186 Mb Count b: 2.543726235741445
/scratch/data/leah/phertilizer/src/linear_split.py:251: RuntimeWarning: invalid value encountered in true_divide
  tmb = mb_mut_count/mb_tot_count
INFO:root:Mb Count a: 0.4846093133385951 Mb Count b: 2.0
/scratch/data/leah/phertilizer/src/linear_split.py:251: RuntimeWarning: invalid value encountered in true_divide
  tmb = mb_mut_count/mb_tot_count
INFO:root:Mb Count a: 0.07425742574257425 Mb Count b: 1.0864864864864865
/scratch/data/leah/phertilizer/src/linear_split.py:251: RuntimeWarning: invalid value encountered in true_divide
  tmb = mb_mut_count/mb_tot_count
INFO:root:Mb Count a: 0.13441295546558704 Mb Count b: 1.4382716049382716
/scratch/data/leah/phertilizer/src/linear_split.py:251: RuntimeWarning: invalid value encountered in true_divide
  tmb = mb_mut_count/mb_tot_count
INFO:root:Mb Count a: 0.12091503267973856 Mb Count b: 1.416184971098266
/scratch/data/leah/phertilizer/src/linear_split.py:251: RuntimeWarning: invalid value encountered in true_divide
  tmb = mb_mut_count/mb_tot_count
INFO:root:Mb Count a: 0.13164349959116925 Mb Count b: 1.4655172413793103
/scratch/data/leah/phertilizer/src/linear_split.py:251: RuntimeWarning: invalid value encountered in true_divide
  tmb = mb_mut_count/mb_tot_count
INFO:root:Mb Count a: 0.1259198691741619 Mb Count b: 1.4597701149425288
/scratch/data/leah/phertilizer/src/linear_split.py:251: RuntimeWarning: invalid value encountered in true_divide
  tmb = mb_mut_count/mb_tot_count
INFO:root:Mb Count a: 0.12438625204582651 Mb Count b: 1.4514285714285715
/scratch/data/leah/phertilizer/src/linear_split.py:251: RuntimeWarning: invalid value encountered in true_divide
  tmb = mb_mut_count/mb_tot_count
INFO:root:Mb Count a: 0.1260229132569558 Mb Count b: 1.4628571428571429
/scratch/data/leah/phertilizer/src/linear_split.py:251: RuntimeWarning: invalid value encountered in true_divide
  tmb = mb_mut_count/mb_tot_count
INFO:root:Mb Count a: 1.00976290097629 Mb Count b: 3.297979797979798
/scratch/data/leah/phertilizer/src/linear_split.py:251: RuntimeWarning: invalid value encountered in true_divide
  tmb = mb_mut_count/mb_tot_count
INFO:root:Mb Count a: 0.19556714471968709 Mb Count b: 2.598265895953757
/scratch/data/leah/phertilizer/src/linear_split.py:251: RuntimeWarning: invalid value encountered in true_divide
  tmb = mb_mut_count/mb_tot_count
INFO:root:Mb Count a: 0.2624544349939247 Mb Count b: 2.913793103448276
/scratch/data/leah/phertilizer/src/linear_split.py:251: RuntimeWarning: invalid value encountered in true_divide
  tmb = mb_mut_count/mb_tot_count
INFO:root:Mb Count a: 0.21084337349397592 Mb Count b: 2.8162544169611308
/scratch/data/leah/phertilizer/src/linear_split.py:251: RuntimeWarning: invalid value encountered in true_divide
  tmb = mb_mut_count/mb_tot_count
INFO:root:Mb Count a: 0.203125 Mb Count b: 2.8362989323843415
/scratch/data/leah/phertilizer/src/linear_split.py:251: RuntimeWarning: invalid value encountered in true_divide
  tmb = mb_mut_count/mb_tot_count
INFO:root:Mb Count a: 0.203125 Mb Count b: 2.8362989323843415
/scratch/data/leah/phertilizer/src/linear_split.py:251: RuntimeWarning: invalid value encountered in true_divide
  tmb = mb_mut_count/mb_tot_count
INFO:root:Mb Count a: 1.1668757841907151 Mb Count b: 3.5221518987341773
/scratch/data/leah/phertilizer/src/linear_split.py:251: RuntimeWarning: invalid value encountered in true_divide
  tmb = mb_mut_count/mb_tot_count
INFO:root:Mb Count a: 0.16666666666666666 Mb Count b: 2.4804804804804803
/scratch/data/leah/phertilizer/src/linear_split.py:251: RuntimeWarning: invalid value encountered in true_divide
  tmb = mb_mut_count/mb_tot_count
INFO:root:Mb Count a: 0.1636828644501279 Mb Count b: 2.7371601208459215
/scratch/data/leah/phertilizer/src/linear_split.py:251: RuntimeWarning: invalid value encountered in true_divide
  tmb = mb_mut_count/mb_tot_count
INFO:root:Mb Count a: 0.1587708066581306 Mb Count b: 2.786144578313253
/scratch/data/leah/phertilizer/src/linear_split.py:251: RuntimeWarning: invalid value encountered in true_divide
  tmb = mb_mut_count/mb_tot_count
INFO:root:Mb Count a: 0.1613316261203585 Mb Count b: 2.8042168674698793
/scratch/data/leah/phertilizer/src/linear_split.py:251: RuntimeWarning: invalid value encountered in true_divide
  tmb = mb_mut_count/mb_tot_count
INFO:root:Mb Count a: 0.6936619718309859 Mb Count b: 2.8788990825688074
/scratch/data/leah/phertilizer/src/linear_split.py:251: RuntimeWarning: invalid value encountered in true_divide
  tmb = mb_mut_count/mb_tot_count
INFO:root:Mb Count a: 0.39820742637644047 Mb Count b: 3.174698795180723
/scratch/data/leah/phertilizer/src/linear_split.py:251: RuntimeWarning: invalid value encountered in true_divide
  tmb = mb_mut_count/mb_tot_count
INFO:root:Mb Count a: 0.14795244385733158 Mb Count b: 2.8342696629213484
/scratch/data/leah/phertilizer/src/linear_split.py:251: RuntimeWarning: invalid value encountered in true_divide
  tmb = mb_mut_count/mb_tot_count
INFO:root:Mb Count a: 0.14566929133858267 Mb Count b: 2.9316239316239314
/scratch/data/leah/phertilizer/src/linear_split.py:251: RuntimeWarning: invalid value encountered in true_divide
  tmb = mb_mut_count/mb_tot_count
INFO:root:Mb Count a: 0.13797634691195795 Mb Count b: 2.9261363636363638
/scratch/data/leah/phertilizer/src/linear_split.py:251: RuntimeWarning: invalid value encountered in true_divide
  tmb = mb_mut_count/mb_tot_count
INFO:root:Mb Count a: 0.13797634691195795 Mb Count b: 2.9261363636363638
/scratch/data/leah/phertilizer/src/linear_split.py:107: RuntimeWarning: invalid value encountered in true_divide
  vaf = binary_counts/binary_tcounts
/scratch/data/leah/phertilizer/src/linear_split.py:251: RuntimeWarning: invalid value encountered in true_divide
  tmb = mb_mut_count/mb_tot_count
INFO:root:Mb Count a: 1.117537313432836 Mb Count b: 3.2933333333333334
/scratch/data/leah/phertilizer/src/linear_split.py:251: RuntimeWarning: invalid value encountered in true_divide
  tmb = mb_mut_count/mb_tot_count
INFO:root:Mb Count a: 0.0 Mb Count b: 1.7056277056277056
/scratch/data/leah/phertilizer/src/linear_split.py:251: RuntimeWarning: invalid value encountered in true_divide
  tmb = mb_mut_count/mb_tot_count
INFO:root:Mb Count a: 0.1611842105263158 Mb Count b: 2.3333333333333335
/scratch/data/leah/phertilizer/src/linear_split.py:251: RuntimeWarning: invalid value encountered in true_divide
  tmb = mb_mut_count/mb_tot_count
INFO:root:Mb Count a: 0.11217948717948718 Mb Count b: 2.1824817518248176
/scratch/data/leah/phertilizer/src/linear_split.py:251: RuntimeWarning: invalid value encountered in true_divide
  tmb = mb_mut_count/mb_tot_count
INFO:root:Mb Count a: 0.0928 Mb Count b: 2.1176470588235294
/scratch/data/leah/phertilizer/src/linear_split.py:251: RuntimeWarning: invalid value encountered in true_divide
  tmb = mb_mut_count/mb_tot_count
INFO:root:Mb Count a: 0.0912 Mb Count b: 2.1176470588235294
/scratch/data/leah/phertilizer/src/linear_split.py:107: RuntimeWarning: invalid value encountered in true_divide
  vaf = binary_counts/binary_tcounts
INFO:root:Mb Count a: 1.1422413793103448 Mb Count b: 3.1616161616161618
INFO:root:Mb Count a: 0.0 Mb Count b: 1.8115942028985508
INFO:root:Mb Count a: 0.27895595432300163 Mb Count b: 2.6013513513513513
/scratch/data/leah/phertilizer/src/linear_split.py:251: RuntimeWarning: invalid value encountered in true_divide
  tmb = mb_mut_count/mb_tot_count
INFO:root:Mb Count a: 0.1827956989247312 Mb Count b: 2.3
INFO:root:Mb Count a: 0.14069591527987896 Mb Count b: 2.3
INFO:root:Mb Count a: 0.12269938650306748 Mb Count b: 2.229357798165138
INFO:root:Mb Count a: 0.12269938650306748 Mb Count b: 2.2477064220183487
/scratch/data/leah/phertilizer/src/linear_split.py:107: RuntimeWarning: invalid value encountered in true_divide
  vaf = binary_counts/binary_tcounts
INFO:root:Mb Count a: 1.2465437788018434 Mb Count b: 3.229357798165138
INFO:root:Mb Count a: 0.0 Mb Count b: 1.951219512195122
INFO:root:Mb Count a: 0.33169129720853857 Mb Count b: 2.7960526315789473
INFO:root:Mb Count a: 0.19601837672281777 Mb Count b: 2.388888888888889
INFO:root:Mb Count a: 0.14909638554216867 Mb Count b: 2.195876288659794
INFO:root:Mb Count a: 0.14520958083832336 Mb Count b: 2.182795698924731
INFO:root:Mb Count a: 0.14200298953662183 Mb Count b: 2.1847826086956523
INFO:root:Mb Count a: 0.14200298953662183 Mb Count b: 2.1847826086956523
/scratch/data/leah/phertilizer/src/linear_split.py:107: RuntimeWarning: invalid value encountered in true_divide
  vaf = binary_counts/binary_tcounts
INFO:root:Mb Count a: 1.0425 Mb Count b: 2.8577777777777778
INFO:root:Mb Count a: 0.2975352112676056 Mb Count b: 2.508771929824561
INFO:root:Mb Count a: 0.12436974789915967 Mb Count b: 2.066666666666667
INFO:root:Mb Count a: 0.09411764705882353 Mb Count b: 1.9333333333333333
INFO:root:Mb Count a: 0.0907563025210084 Mb Count b: 2.0
/scratch/data/leah/phertilizer/src/linear_split.py:107: RuntimeWarning: invalid value encountered in true_divide
  vaf = binary_counts/binary_tcounts
/scratch/data/leah/phertilizer/src/linear_split.py:251: RuntimeWarning: invalid value encountered in true_divide
  tmb = mb_mut_count/mb_tot_count
INFO:root:Mb Count a: 0.7333333333333333 Mb Count b: 2.490322580645161
INFO:root:Mb Count a: 0.0 Mb Count b: 1.9080459770114941
INFO:root:Mb Count a: 0.0 Mb Count b: 1.9776119402985075
INFO:root:Mb Count a: 0.0 Mb Count b: 1.9813432835820894
/scratch/data/leah/phertilizer/src/linear_split.py:107: RuntimeWarning: invalid value encountered in true_divide
  vaf = binary_counts/binary_tcounts
INFO:root:Mb Count a: 1.2407407407407407 Mb Count b: 3.088082901554404
INFO:root:Mb Count a: 0.14814814814814814 Mb Count b: 2.1882352941176473
INFO:root:Mb Count a: 0.1057347670250896 Mb Count b: 2.08955223880597
INFO:root:Mb Count a: 0.14408233276157806 Mb Count b: 2.238095238095238
INFO:root:Mb Count a: 0.1097972972972973 Mb Count b: 2.1515151515151514
INFO:root:Mb Count a: 0.08952702702702703 Mb Count b: 2.1818181818181817
INFO:root:Mb Count a: 0.08952702702702703 Mb Count b: 2.212121212121212
/scratch/data/leah/phertilizer/src/linear_split.py:107: RuntimeWarning: invalid value encountered in true_divide
  vaf = binary_counts/binary_tcounts
INFO:root:Mb Count a: 0.8132911392405063 Mb Count b: 2.5806451612903225
INFO:root:Mb Count a: 0.0 Mb Count b: 1.7796610169491525
INFO:root:Mb Count a: 0.0 Mb Count b: 1.8565400843881856
INFO:root:Mb Count a: 0.0 Mb Count b: 1.8734177215189873
/scratch/data/leah/phertilizer/src/linear_split.py:107: RuntimeWarning: invalid value encountered in true_divide
  vaf = binary_counts/binary_tcounts
INFO:root:Mb Count a: 1.1381909547738693 Mb Count b: 2.918781725888325
INFO:root:Mb Count a: 0.0 Mb Count b: 1.5408805031446542
INFO:root:Mb Count a: 0.09243697478991597 Mb Count b: 1.8319327731092436
INFO:root:Mb Count a: 0.1553030303030303 Mb Count b: 2.1044776119402986
INFO:root:Mb Count a: 0.08955223880597014 Mb Count b: 2.016949152542373
INFO:root:Mb Count a: 0.08785046728971962 Mb Count b: 2.066666666666667
INFO:root:Mb Count a: 0.08785046728971962 Mb Count b: 2.1
/scratch/data/leah/phertilizer/src/linear_split.py:107: RuntimeWarning: invalid value encountered in true_divide
  vaf = binary_counts/binary_tcounts
INFO:root:Mb Count a: 1.111368909512761 Mb Count b: 2.8536585365853657
INFO:root:Mb Count a: 0.0 Mb Count b: 1.5107913669064748
INFO:root:Mb Count a: 0.0 Mb Count b: 1.6950354609929077
INFO:root:Mb Count a: 0.0 Mb Count b: 1.7092198581560283
/scratch/data/leah/phertilizer/src/branching_split.py:108: RuntimeWarning: invalid value encountered in true_divide
  tmb = mut_var_count_by_cell/mut_total_reads_by_cell
/scratch/data/leah/phertilizer/src/branching_split.py:108: RuntimeWarning: invalid value encountered in true_divide
  tmb = mut_var_count_by_cell/mut_total_reads_by_cell
/scratch/data/leah/phertilizer/src/branching_split.py:108: RuntimeWarning: invalid value encountered in true_divide
  tmb = mut_var_count_by_cell/mut_total_reads_by_cell
INFO:root:Mb Count a: 4.011816838995569 Mb Count b: 8.023255813953488
INFO:root:Mb Count a: 0.04283604135893648 Mb Count b: 7.814637482900137
INFO:root:Mb Count a: 3.8744460856720826 Mb Count b: 8.14500683994528
INFO:root:Mb Count a: 0.04283604135893648 Mb Count b: 7.814637482900137
INFO:root:Mb Count a: 3.9246676514032495 Mb Count b: 8.064979480164158
INFO:root:Mb Count a: 0.04283604135893648 Mb Count b: 7.814637482900137
/scratch/data/leah/phertilizer/src/linear_split.py:107: RuntimeWarning: invalid value encountered in true_divide
  vaf = binary_counts/binary_tcounts
INFO:root:Mb Count a: 3.2564935064935066 Mb Count b: 6.631436314363143
INFO:root:Mb Count a: 0.4533333333333333 Mb Count b: 3.5330396475770924
INFO:root:Mb Count a: 0.10547667342799188 Mb Count b: 2.989130434782609
INFO:root:Mb Count a: 0.05588822355289421 Mb Count b: 2.846590909090909
INFO:root:Mb Count a: 0.03614457831325301 Mb Count b: 2.7318435754189943
INFO:root:Mb Count a: 0.03992015968063872 Mb Count b: 2.7670454545454546
INFO:root:Mb Count a: 0.0398406374501992 Mb Count b: 2.7714285714285714
INFO:root:Mb Count a: 0.037848605577689244 Mb Count b: 2.76
/scratch/data/leah/phertilizer/src/linear_split.py:107: RuntimeWarning: invalid value encountered in true_divide
  vaf = binary_counts/binary_tcounts
INFO:root:Mb Count a: 3.1184210526315788 Mb Count b: 6.246648793565684
INFO:root:Mb Count a: 0.44396551724137934 Mb Count b: 3.460093896713615
INFO:root:Mb Count a: 0.17958412098298676 Mb Count b: 3.027027027027027
INFO:root:Mb Count a: 0.1045045045045045 Mb Count b: 2.7704918032786887
INFO:root:Mb Count a: 0.06060606060606061 Mb Count b: 2.5775862068965516
INFO:root:Mb Count a: 0.05309734513274336 Mb Count b: 2.5714285714285716
INFO:root:Mb Count a: 0.050966608084358524 Mb Count b: 2.574074074074074
INFO:root:Mb Count a: 0.04903677758318739 Mb Count b: 2.5943396226415096
INFO:root:Mb Count a: 0.04895104895104895 Mb Count b: 2.580952380952381
INFO:root:Mb Count a: 0.045454545454545456 Mb Count b: 2.5714285714285716
/scratch/data/leah/phertilizer/src/linear_split.py:107: RuntimeWarning: invalid value encountered in true_divide
  vaf = binary_counts/binary_tcounts
INFO:root:Mb Count a: 3.6989528795811517 Mb Count b: 6.823728813559322
INFO:root:Mb Count a: 0.38847583643122674 Mb Count b: 3.3741007194244603
INFO:root:Mb Count a: 0.12048192771084337 Mb Count b: 2.7395833333333335
INFO:root:Mb Count a: 0.08263069139966273 Mb Count b: 2.5833333333333335
INFO:root:Mb Count a: 0.07023411371237458 Mb Count b: 2.5822784810126582
INFO:root:Mb Count a: 0.06942148760330578 Mb Count b: 2.5416666666666665
INFO:root:Mb Count a: 0.060955518945634266 Mb Count b: 2.4285714285714284
INFO:root:Mb Count a: 0.057660626029654036 Mb Count b: 2.4285714285714284
/scratch/data/leah/phertilizer/src/linear_split.py:107: RuntimeWarning: invalid value encountered in true_divide
  vaf = binary_counts/binary_tcounts
INFO:root:Mb Count a: 3.7804878048780486 Mb Count b: 7.050761421319797
INFO:root:Mb Count a: 0.2873134328358209 Mb Count b: 2.859154929577465
INFO:root:Mb Count a: 0.0912280701754386 Mb Count b: 2.4594594594594597
INFO:root:Mb Count a: 0.06401384083044982 Mb Count b: 2.4482758620689653
INFO:root:Mb Count a: 0.056896551724137934 Mb Count b: 2.4814814814814814
INFO:root:Mb Count a: 0.05517241379310345 Mb Count b: 2.4814814814814814
/scratch/data/leah/phertilizer/src/linear_split.py:107: RuntimeWarning: invalid value encountered in true_divide
  vaf = binary_counts/binary_tcounts
INFO:root:Mb Count a: 3.394160583941606 Mb Count b: 6.171171171171171
INFO:root:Mb Count a: 0.0 Mb Count b: 2.7468354430379747
INFO:root:Mb Count a: 0.37209302325581395 Mb Count b: 3.477272727272727
INFO:root:Mb Count a: 0.10377358490566038 Mb Count b: 2.797814207650273
INFO:root:Mb Count a: 0.07223476297968397 Mb Count b: 2.7865853658536586
INFO:root:Mb Count a: 0.057777777777777775 Mb Count b: 2.7197452229299364
INFO:root:Mb Count a: 0.04415011037527594 Mb Count b: 2.7142857142857144
INFO:root:Mb Count a: 0.039735099337748346 Mb Count b: 2.6948051948051948
/scratch/data/leah/phertilizer/src/linear_split.py:107: RuntimeWarning: invalid value encountered in true_divide
  vaf = binary_counts/binary_tcounts
INFO:root:Mb Count a: 3.292063492063492 Mb Count b: 6.414383561643835
INFO:root:Mb Count a: 0.42358078602620086 Mb Count b: 3.436241610738255
INFO:root:Mb Count a: 0.1411530815109344 Mb Count b: 2.8461538461538463
INFO:root:Mb Count a: 0.08155339805825243 Mb Count b: 2.739130434782609
INFO:root:Mb Count a: 0.0671785028790787 Mb Count b: 2.7325581395348837
INFO:root:Mb Count a: 0.05938697318007663 Mb Count b: 2.7529411764705882
INFO:root:Mb Count a: 0.05747126436781609 Mb Count b: 2.7411764705882353
/scratch/data/leah/phertilizer/src/linear_split.py:107: RuntimeWarning: invalid value encountered in true_divide
  vaf = binary_counts/binary_tcounts
INFO:root:Mb Count a: 3.713910761154856 Mb Count b: 7.0
INFO:root:Mb Count a: 0.25656565656565655 Mb Count b: 2.776470588235294
INFO:root:Mb Count a: 0.15 Mb Count b: 2.525
INFO:root:Mb Count a: 0.07622504537205081 Mb Count b: 2.1724137931034484
INFO:root:Mb Count a: 0.07526881720430108 Mb Count b: 2.3636363636363638
INFO:root:Mb Count a: 0.06082289803220036 Mb Count b: 2.2857142857142856
INFO:root:Mb Count a: 0.059033989266547404 Mb Count b: 2.2857142857142856
/scratch/data/leah/phertilizer/src/linear_split.py:107: RuntimeWarning: invalid value encountered in true_divide
  vaf = binary_counts/binary_tcounts
INFO:root:Mb Count a: 3.3684210526315788 Mb Count b: 6.326086956521739
INFO:root:Mb Count a: 0.14520547945205478 Mb Count b: 2.944186046511628
INFO:root:Mb Count a: 0.06648936170212766 Mb Count b: 2.8872549019607843
INFO:root:Mb Count a: 0.049868766404199474 Mb Count b: 2.85929648241206
INFO:root:Mb Count a: 0.04450261780104712 Mb Count b: 2.8484848484848486
INFO:root:Mb Count a: 0.06701030927835051 Mb Count b: 2.8802083333333335
INFO:root:Mb Count a: 0.04871794871794872 Mb Count b: 2.8421052631578947
INFO:root:Mb Count a: 0.04859335038363171 Mb Count b: 2.8465608465608465
INFO:root:Mb Count a: 0.04603580562659847 Mb Count b: 2.8465608465608465
/scratch/data/leah/phertilizer/src/linear_split.py:107: RuntimeWarning: invalid value encountered in true_divide
  vaf = binary_counts/binary_tcounts
INFO:root:Mb Count a: 3.2508474576271187 Mb Count b: 6.017543859649122
INFO:root:Mb Count a: 0.0 Mb Count b: 2.7554744525547443
INFO:root:Mb Count a: 0.0 Mb Count b: 2.7971014492753623
INFO:root:Mb Count a: 0.0 Mb Count b: 2.7971014492753623
/scratch/data/leah/phertilizer/src/linear_split.py:107: RuntimeWarning: invalid value encountered in true_divide
  vaf = binary_counts/binary_tcounts
INFO:root:Mb Count a: 3.3860759493670884 Mb Count b: 6.226337448559671
INFO:root:Mb Count a: 0.19083969465648856 Mb Count b: 2.9457831325301207
INFO:root:Mb Count a: 0.06388206388206388 Mb Count b: 2.763157894736842
INFO:root:Mb Count a: 0.04830917874396135 Mb Count b: 2.7517241379310344
INFO:root:Mb Count a: 0.04316546762589928 Mb Count b: 2.732394366197183
INFO:root:Mb Count a: 0.03827751196172249 Mb Count b: 2.6950354609929077
INFO:root:Mb Count a: 0.04739336492890995 Mb Count b: 2.7372262773722627
INFO:root:Mb Count a: 0.03755868544600939 Mb Count b: 2.744360902255639
INFO:root:Mb Count a: 0.03286384976525822 Mb Count b: 2.7518796992481205
/scratch/data/leah/phertilizer/src/linear_split.py:107: RuntimeWarning: invalid value encountered in true_divide
  vaf = binary_counts/binary_tcounts
INFO:root:Mb Count a: 3.5428571428571427 Mb Count b: 6.488038277511961
INFO:root:Mb Count a: 0.14420803782505912 Mb Count b: 2.926470588235294
INFO:root:Mb Count a: 0.06221198156682028 Mb Count b: 2.712
INFO:root:Mb Count a: 0.07272727272727272 Mb Count b: 2.764705882352941
INFO:root:Mb Count a: 0.05203619909502263 Mb Count b: 2.752136752136752
INFO:root:Mb Count a: 0.04966139954853273 Mb Count b: 2.7586206896551726
INFO:root:Mb Count a: 0.04966139954853273 Mb Count b: 2.75
/scratch/data/leah/phertilizer/src/linear_split.py:107: RuntimeWarning: invalid value encountered in true_divide
  vaf = binary_counts/binary_tcounts
INFO:root:Mb Count a: 2.9700374531835205 Mb Count b: 6.013698630136986
INFO:root:Mb Count a: 0.16923076923076924 Mb Count b: 3.1196581196581197
INFO:root:Mb Count a: 0.0 Mb Count b: 2.8595041322314048
INFO:root:Mb Count a: 0.0 Mb Count b: 2.9338842975206614
/scratch/data/leah/phertilizer/src/branching_split.py:108: RuntimeWarning: invalid value encountered in true_divide
  tmb = mut_var_count_by_cell/mut_total_reads_by_cell
/scratch/data/leah/phertilizer/src/branching_split.py:108: RuntimeWarning: invalid value encountered in true_divide
  tmb = mut_var_count_by_cell/mut_total_reads_by_cell
/scratch/data/leah/phertilizer/src/branching_split.py:108: RuntimeWarning: invalid value encountered in true_divide
  tmb = mut_var_count_by_cell/mut_total_reads_by_cell
/scratch/data/leah/phertilizer/src/branching_split.py:108: RuntimeWarning: invalid value encountered in true_divide
  tmb = mut_var_count_by_cell/mut_total_reads_by_cell
INFO:root:Mb Count a: 0.9484536082474226 Mb Count b: 3.9254445964432283
INFO:root:Mb Count a: 0.0 Mb Count b: 4.331737346101232
INFO:root:Mb Count a: 1.0721649484536082 Mb Count b: 3.9015047879616964
INFO:root:Mb Count a: 0.0 Mb Count b: 4.331737346101232
INFO:root:Mb Count a: 1.0 Mb Count b: 3.950752393980848
INFO:root:Mb Count a: 0.0 Mb Count b: 4.331737346101232
