Input data:
     chr  mutation_id  cell_id base  var  total
0  chr13            0      342    C    0      1
1  chr13            0      490    C    0      1
2  chr13            0      512    C    0      1
3  chr13            0      607    C    0      1
4  chr13            0      669    C    1      1
Phertilizer is running in infinite sites mode...

Starting tilling phase....
func:'till' args:[(<phertilizer.Phertilizer object at 0x7f3aea2d42e0>, 0.0, 0.0, 5, 0.001, 12, False, 1.0, 0.15), {}] took: 26.4135 sec
Tilling phase complete!
Phertilizing a tree with n:4836 cells and m: 1394 SNVs

Starting planting phase....
Starting k-clonal tree inference for seed:
Cells: 4836 Muts: 1394 Ancestral Muts: 0 
Sprouting seed:
Cells: 4836 Muts: 1394 Ancestral Muts: 0 
Sprouting a branching tree from seed ...
(Generator(PCG64) at 0x7F3AD7F0CC80,)
Jump Percentage: 0.9999999999999513 First Eig Val: -4.336283081016739e-17 First Gap: 4.595282921920246e-17 Largest Gap: 0.2989925254046858 Number of Clusters:4
CellsA: 2737 CellsB: 2099
MutsA: 519 mutsB: 388
Jump Percentage: 0.999999999999964 First Eig Val: 3.4597571870723717e-16 First Gap: 1.8135379014512988e-16 Largest Gap: 0.2317374238426506 Number of Clusters:2
Clonal Tree 0 
[(0, 1), (0, 2)] 
Loss Nodes:0
Node: 0 Cells: 0 Muts: 487 LostMuts: 0
Node: 1 Cells: 2737 Muts: 519 LostMuts: 0
Node: 2 Cells: 2099 Muts: 388 LostMuts: 0
Total Cells: 4836 Total Muts: 1394
Jump Percentage: 0.9999999999998912 First Eig Val: -2.329833016095778e-16 First Gap: 1.6239962848014294e-15 Largest Gap: 0.3028533335048923 Number of Clusters:4
CellsA: 2099 CellsB: 2737
MutsA: 388 mutsB: 519
Jump Percentage: 0.999999999999964 First Eig Val: 3.4597571870723717e-16 First Gap: 1.8135379014512988e-16 Largest Gap: 0.2317374238426506 Number of Clusters:2
Clonal Tree 0 
[(0, 1), (0, 2)] 
Loss Nodes:0
Node: 0 Cells: 0 Muts: 487 LostMuts: 0
Node: 1 Cells: 2099 Muts: 388 LostMuts: 0
Node: 2 Cells: 2737 Muts: 519 LostMuts: 0
Total Cells: 4836 Total Muts: 1394
Jump Percentage: 0.999999999999975 First Eig Val: -2.866379325049922e-16 First Gap: 1.0082702907014556e-16 Largest Gap: 0.30406113476156804 Number of Clusters:4
CellsA: 2099 CellsB: 2737
MutsA: 388 mutsB: 519
Jump Percentage: 0.999999999999964 First Eig Val: 3.4597571870723717e-16 First Gap: 1.8135379014512988e-16 Largest Gap: 0.2317374238426506 Number of Clusters:2
Clonal Tree 0 
[(0, 1), (0, 2)] 
Loss Nodes:0
Node: 0 Cells: 0 Muts: 487 LostMuts: 0
Node: 1 Cells: 2099 Muts: 388 LostMuts: 0
Node: 2 Cells: 2737 Muts: 519 LostMuts: 0
Total Cells: 4836 Total Muts: 1394
Finding the maximum likelihood tree out of 3 trees....
Clonal Tree 0 
[(0, 1), (0, 2)] 
Loss Nodes:0
Node: 0 Cells: 0 Muts: 487 LostMuts: 0
Node: 1 Cells: 2737 Muts: 519 LostMuts: 0
Node: 2 Cells: 2099 Muts: 388 LostMuts: 0
Total Cells: 4836 Total Muts: 1394

Tree: 0 LogLikelihood: 2608922.93160659
Variant LogLikelihood: -59520.036184707584 
RDR LogLikelihood: 2668442.9677912975

Clonal Tree 1 
[(0, 1), (0, 2)] 
Loss Nodes:0
Node: 0 Cells: 0 Muts: 487 LostMuts: 0
Node: 1 Cells: 2099 Muts: 388 LostMuts: 0
Node: 2 Cells: 2737 Muts: 519 LostMuts: 0
Total Cells: 4836 Total Muts: 1394

Tree: 1 LogLikelihood: 2608922.93160659
Variant LogLikelihood: -59520.036184707584 
RDR LogLikelihood: 2668442.9677912975

Clonal Tree 2 
[(0, 1), (0, 2)] 
Loss Nodes:0
Node: 0 Cells: 0 Muts: 487 LostMuts: 0
Node: 1 Cells: 2099 Muts: 388 LostMuts: 0
Node: 2 Cells: 2737 Muts: 519 LostMuts: 0
Total Cells: 4836 Total Muts: 1394

Tree: 2 LogLikelihood: 2608922.93160659
Variant LogLikelihood: -59520.036184707584 
RDR LogLikelihood: 2668442.9677912975

Sprouted tree:
Clonal Tree 0 
[(0, 1), (0, 2)] 
Loss Nodes:0
Node: 0 Cells: 0 Muts: 487 LostMuts: 0
Node: 1 Cells: 2737 Muts: 519 LostMuts: 0
Node: 2 Cells: 2099 Muts: 388 LostMuts: 0
Total Cells: 4836 Total Muts: 1394
Cells: 2737 Muts: 519 Ancestral Muts: 487 
Cells: 2099 Muts: 388 Ancestral Muts: 487 
Sprouting seed:
Cells: 4836 Muts: 1394 Ancestral Muts: 0 
Sprouting a linear tree from seed ...
Jump Percentage: 0.9999999999999376 First Eig Val: -7.86244654825694e-16 First Gap: 1.8478443326300328e-15 Largest Gap: 0.23609533637433688 Number of Clusters:2
start:0 iteration:0
CellsA: 2737 CellsB: 2099
MutsA: 775 MutsB: 619
Jump Percentage: 0.9999999999999533 First Eig Val: -9.969289692459906e-16 First Gap: 4.7306234759769e-16 Largest Gap: 0.22800928809034945 Number of Clusters:2
adding tree to internal list:
Clonal Tree 0 
[(0, 1)] 
Loss Nodes:0
Node: 0 Cells: 2737 Muts: 775 LostMuts: 0
Node: 1 Cells: 2099 Muts: 619 LostMuts: 0
Total Cells: 4836 Total Muts: 1394
Jump Percentage: 0.9999999999999292 First Eig Val: 1.2327228818768078e-16 First Gap: 7.093551914841497e-16 Largest Gap: 0.2402865302458405 Number of Clusters:4
start:1 iteration:0
CellsA: 2737 CellsB: 2099
MutsA: 775 MutsB: 619
Jump Percentage: 0.9999999999999533 First Eig Val: -9.969289692459906e-16 First Gap: 4.7306234759769e-16 Largest Gap: 0.22800928809034945 Number of Clusters:2
adding tree to internal list:
Clonal Tree 0 
[(0, 1)] 
Loss Nodes:0
Node: 0 Cells: 2737 Muts: 775 LostMuts: 0
Node: 1 Cells: 2099 Muts: 619 LostMuts: 0
Total Cells: 4836 Total Muts: 1394
Jump Percentage: 0.9999999999999494 First Eig Val: -1.0615990707253545e-15 First Gap: 1.0541685107260987e-15 Largest Gap: 0.24426224787630868 Number of Clusters:4
start:2 iteration:0
CellsA: 2737 CellsB: 2099
MutsA: 775 MutsB: 619
Jump Percentage: 0.9999999999999533 First Eig Val: -9.969289692459906e-16 First Gap: 4.7306234759769e-16 Largest Gap: 0.22800928809034945 Number of Clusters:2
adding tree to internal list:
Clonal Tree 0 
[(0, 1)] 
Loss Nodes:0
Node: 0 Cells: 2737 Muts: 775 LostMuts: 0
Node: 1 Cells: 2099 Muts: 619 LostMuts: 0
Total Cells: 4836 Total Muts: 1394
adding tree to candidate list:
Clonal Tree 0 
[(0, 1)] 
Loss Nodes:0
Node: 0 Cells: 2737 Muts: 775 LostMuts: 0
Node: 1 Cells: 2099 Muts: 619 LostMuts: 0
Total Cells: 4836 Total Muts: 1394
Normalized Likelihood: -0.7188602364500989
Jump Percentage: 0.9999999999999782 First Eig Val: 1.1649881748641967e-16 First Gap: 5.581003038669954e-16 Largest Gap: 0.5311129899343485 Number of Clusters:3
start:0 iteration:0
CellsA: 1453 CellsB: 1284
MutsA: 589 MutsB: 805
Jump Percentage: 0.9999999999999726 First Eig Val: -1.4016188704076672e-16 First Gap: 2.634187543020545e-16 Largest Gap: 0.5665706141423493 Number of Clusters:3
adding tree to internal list:
Clonal Tree 0 
[(0, 1)] 
Loss Nodes:0
Node: 0 Cells: 1453 Muts: 589 LostMuts: 0
Node: 1 Cells: 3383 Muts: 805 LostMuts: 0
Total Cells: 4836 Total Muts: 1394
Jump Percentage: 0.99999999999998 First Eig Val: -4.531440380318732e-16 First Gap: 9.927447507536436e-16 Largest Gap: 0.5555571315885257 Number of Clusters:3
start:1 iteration:0
CellsA: 1453 CellsB: 1284
MutsA: 589 MutsB: 805
Jump Percentage: 0.9999999999999726 First Eig Val: -1.4016188704076672e-16 First Gap: 2.634187543020545e-16 Largest Gap: 0.5665706141423493 Number of Clusters:3
adding tree to internal list:
Clonal Tree 0 
[(0, 1)] 
Loss Nodes:0
Node: 0 Cells: 1453 Muts: 589 LostMuts: 0
Node: 1 Cells: 3383 Muts: 805 LostMuts: 0
Total Cells: 4836 Total Muts: 1394
Jump Percentage: 0.9999999999999856 First Eig Val: -3.2269935114640537e-16 First Gap: 2.315008256122144e-16 Largest Gap: 0.5382001131908739 Number of Clusters:3
start:2 iteration:0
CellsA: 1453 CellsB: 1284
MutsA: 589 MutsB: 805
Jump Percentage: 0.9999999999999726 First Eig Val: -1.4016188704076672e-16 First Gap: 2.634187543020545e-16 Largest Gap: 0.5665706141423493 Number of Clusters:3
adding tree to internal list:
Clonal Tree 0 
[(0, 1)] 
Loss Nodes:0
Node: 0 Cells: 1453 Muts: 589 LostMuts: 0
Node: 1 Cells: 3383 Muts: 805 LostMuts: 0
Total Cells: 4836 Total Muts: 1394
adding tree to candidate list:
Clonal Tree 0 
[(0, 1)] 
Loss Nodes:0
Node: 0 Cells: 1453 Muts: 589 LostMuts: 0
Node: 1 Cells: 3383 Muts: 805 LostMuts: 0
Total Cells: 4836 Total Muts: 1394
Normalized Likelihood: -0.5927688929155706
Using SNV kernel only
Jump Percentage: 0.13045811346465913 First Eig Val: 1.4058947867125028e-15 First Gap: 0.6434169669110639 Largest Gap: 0.6434169669110639 Number of Clusters:1
start:0 iteration:0
CellsA: 747 CellsB: 706
MutsA: 520 MutsB: 874
Using SNV kernel only
Jump Percentage: 0.20066850708907547 First Eig Val: -1.5289228090797404e-15 First Gap: 0.7884092449048977 Largest Gap: 0.7884092449048977 Number of Clusters:1
start:0 iteration:1
CellsA: 1118 CellsB: 335
MutsA: 519 MutsB: 875
Using SNV kernel only
Jump Percentage: 0.2001872728771543 First Eig Val: -1.1668232337804042e-15 First Gap: 0.7873969242574136 Largest Gap: 0.7873969242574136 Number of Clusters:1
start:0 iteration:2
CellsA: 1117 CellsB: 336
MutsA: 519 MutsB: 875
Using SNV kernel only
Jump Percentage: 0.2001872728771543 First Eig Val: -1.1668232337804042e-15 First Gap: 0.7873969242574136 Largest Gap: 0.7873969242574136 Number of Clusters:1
adding tree to internal list:
Clonal Tree 0 
[(0, 1)] 
Loss Nodes:0
Node: 0 Cells: 1117 Muts: 519 LostMuts: 0
Node: 1 Cells: 3719 Muts: 875 LostMuts: 0
Total Cells: 4836 Total Muts: 1394
Using SNV kernel only
Jump Percentage: 0.13236939122003627 First Eig Val: -2.320359783924656e-15 First Gap: 0.6510864468350459 Largest Gap: 0.6510864468350459 Number of Clusters:1
start:1 iteration:0
CellsA: 887 CellsB: 566
MutsA: 548 MutsB: 846
Using SNV kernel only
Jump Percentage: 0.12523062624605832 First Eig Val: -1.7993066487148697e-15 First Gap: 0.809167746465109 Largest Gap: 0.809167746465109 Number of Clusters:1
start:1 iteration:1
CellsA: 1260 CellsB: 193
MutsA: 547 MutsB: 847
Using SNV kernel only
Jump Percentage: 0.12308283431679157 First Eig Val: 1.4938560887579807e-16 First Gap: 0.807835498645194 Largest Gap: 0.807835498645194 Number of Clusters:1
start:1 iteration:2
CellsA: 1259 CellsB: 194
MutsA: 547 MutsB: 847
Using SNV kernel only
Jump Percentage: 0.12308283431679157 First Eig Val: 1.4938560887579807e-16 First Gap: 0.807835498645194 Largest Gap: 0.807835498645194 Number of Clusters:1
adding tree to internal list:
Clonal Tree 0 
[(0, 1)] 
Loss Nodes:0
Node: 0 Cells: 1259 Muts: 547 LostMuts: 0
Node: 1 Cells: 3577 Muts: 847 LostMuts: 0
Total Cells: 4836 Total Muts: 1394
Using SNV kernel only
Jump Percentage: 0.1411450072240386 First Eig Val: 1.314860586719408e-16 First Gap: 0.672346747294947 Largest Gap: 0.672346747294947 Number of Clusters:1
start:2 iteration:0
CellsA: 888 CellsB: 565
MutsA: 556 MutsB: 838
Using SNV kernel only
Jump Percentage: 0.15186875764157526 First Eig Val: 1.4972706728584395e-15 First Gap: 0.8405164536636025 Largest Gap: 0.8405164536636025 Number of Clusters:1
start:2 iteration:1
CellsA: 1280 CellsB: 173
MutsA: 555 MutsB: 839
Using SNV kernel only
Jump Percentage: 0.15306059281617815 First Eig Val: -2.889911732892475e-15 First Gap: 0.8399182243432697 Largest Gap: 0.8399182243432697 Number of Clusters:1
start:2 iteration:2
CellsA: 1279 CellsB: 174
MutsA: 555 MutsB: 839
Using SNV kernel only
Jump Percentage: 0.15306059281617815 First Eig Val: -2.889911732892475e-15 First Gap: 0.8399182243432697 Largest Gap: 0.8399182243432697 Number of Clusters:1
adding tree to internal list:
Clonal Tree 0 
[(0, 1)] 
Loss Nodes:0
Node: 0 Cells: 1279 Muts: 555 LostMuts: 0
Node: 1 Cells: 3557 Muts: 839 LostMuts: 0
Total Cells: 4836 Total Muts: 1394
adding tree to candidate list:
Clonal Tree 2 
[(0, 1)] 
Loss Nodes:0
Node: 0 Cells: 1279 Muts: 555 LostMuts: 0
Node: 1 Cells: 3557 Muts: 839 LostMuts: 0
Total Cells: 4836 Total Muts: 1394
Normalized Likelihood: -0.595058531466847
Using SNV kernel only
Jump Percentage: 0.14293349751805953 First Eig Val: 1.2476200208205606e-16 First Gap: 0.6576860245057725 Largest Gap: 0.6576860245057725 Number of Clusters:1
start:0 iteration:0
CellsA: 972 CellsB: 307
MutsA: 537 MutsB: 857
Using SNV kernel only
Jump Percentage: 0.2359767254609836 First Eig Val: 7.155323712683916e-16 First Gap: 0.8855298095544515 Largest Gap: 0.8855298095544515 Number of Clusters:1
start:0 iteration:1
CellsA: 1220 CellsB: 59
MutsA: 536 MutsB: 858
Using SNV kernel only
Jump Percentage: 0.23113458236055484 First Eig Val: -4.460774975315281e-16 First Gap: 0.8840427993122073 Largest Gap: 0.8840427993122073 Number of Clusters:1
adding tree to internal list:
Clonal Tree 0 
[(0, 1)] 
Loss Nodes:0
Node: 0 Cells: 1220 Muts: 536 LostMuts: 0
Node: 1 Cells: 3616 Muts: 858 LostMuts: 0
Total Cells: 4836 Total Muts: 1394
Using SNV kernel only
Jump Percentage: 0.12928382539146643 First Eig Val: 8.892655463260185e-16 First Gap: 0.6609652914015969 Largest Gap: 0.6609652914015969 Number of Clusters:1
start:1 iteration:0
CellsA: 987 CellsB: 292
MutsA: 545 MutsB: 849
Using SNV kernel only
Jump Percentage: 0.26975126145953277 First Eig Val: -1.027802894626535e-15 First Gap: 0.8710304325029082 Largest Gap: 0.8710304325029082 Number of Clusters:1
start:1 iteration:1
CellsA: 1242 CellsB: 37
MutsA: 543 MutsB: 851
Using SNV kernel only
Jump Percentage: 0.3503162101084208 First Eig Val: -5.427119333797127e-16 First Gap: 0.9162012201900626 Largest Gap: 0.9162012201900626 Number of Clusters:1
start:1 iteration:2
CellsA: 1240 CellsB: 39
MutsA: 543 MutsB: 851
Using SNV kernel only
Jump Percentage: 0.3503162101084208 First Eig Val: -5.427119333797127e-16 First Gap: 0.9162012201900626 Largest Gap: 0.9162012201900626 Number of Clusters:1
adding tree to internal list:
Clonal Tree 0 
[(0, 1)] 
Loss Nodes:0
Node: 0 Cells: 1240 Muts: 543 LostMuts: 0
Node: 1 Cells: 3596 Muts: 851 LostMuts: 0
Total Cells: 4836 Total Muts: 1394
Using SNV kernel only
Jump Percentage: 0.1530759734892172 First Eig Val: 1.9570897761377617e-16 First Gap: 0.668332236313798 Largest Gap: 0.668332236313798 Number of Clusters:1
start:2 iteration:0
CellsA: 985 CellsB: 294
MutsA: 542 MutsB: 852
Using SNV kernel only
Jump Percentage: 0.15379850545964494 First Eig Val: 1.4231815804760362e-15 First Gap: 0.8496104505692831 Largest Gap: 0.8496104505692831 Number of Clusters:1
start:2 iteration:1
CellsA: 1248 CellsB: 31
MutsA: 542 MutsB: 852
Using SNV kernel only
Jump Percentage: 0.15379850545964494 First Eig Val: 1.4231815804760362e-15 First Gap: 0.8496104505692831 Largest Gap: 0.8496104505692831 Number of Clusters:1
adding tree to internal list:
Clonal Tree 0 
[(0, 1)] 
Loss Nodes:0
Node: 0 Cells: 1248 Muts: 542 LostMuts: 0
Node: 1 Cells: 3588 Muts: 852 LostMuts: 0
Total Cells: 4836 Total Muts: 1394
adding tree to candidate list:
Clonal Tree 1 
[(0, 1)] 
Loss Nodes:0
Node: 0 Cells: 1240 Muts: 543 LostMuts: 0
Node: 1 Cells: 3596 Muts: 851 LostMuts: 0
Total Cells: 4836 Total Muts: 1394
Normalized Likelihood: -0.5936859139992261
Using SNV kernel only
Jump Percentage: 0.1473783417593361 First Eig Val: 1.4779801449175718e-16 First Gap: 0.5792655353416424 Largest Gap: 0.5792655353416424 Number of Clusters:1
start:0 iteration:0
CellsA: 255 CellsB: 985
MutsA: 377 MutsB: 1017
Using SNV kernel only
Jump Percentage: 0.19235345305124452 First Eig Val: 1.2884676931704296e-16 First Gap: 0.6210013478446647 Largest Gap: 0.6210013478446647 Number of Clusters:1
start:0 iteration:1
CellsA: 794 CellsB: 446
MutsA: 495 MutsB: 899
Using SNV kernel only
Jump Percentage: 0.15251053073300277 First Eig Val: -1.6733665683407932e-15 First Gap: 0.6711487768991885 Largest Gap: 0.6711487768991885 Number of Clusters:1
start:0 iteration:2
CellsA: 1042 CellsB: 198
MutsA: 495 MutsB: 899
Using SNV kernel only
Jump Percentage: 0.15251053073300277 First Eig Val: -1.6733665683407932e-15 First Gap: 0.6711487768991885 Largest Gap: 0.6711487768991885 Number of Clusters:1
adding tree to internal list:
Clonal Tree 0 
[(0, 1)] 
Loss Nodes:0
Node: 0 Cells: 1042 Muts: 495 LostMuts: 0
Node: 1 Cells: 3794 Muts: 899 LostMuts: 0
Total Cells: 4836 Total Muts: 1394
Using SNV kernel only
Jump Percentage: 0.14568202130851585 First Eig Val: 2.9688615601314045e-16 First Gap: 0.671738045168197 Largest Gap: 0.671738045168197 Number of Clusters:1
start:1 iteration:0
CellsA: 748 CellsB: 492
MutsA: 507 MutsB: 887
Using SNV kernel only
Jump Percentage: 0.20349370129677766 First Eig Val: -5.444371070683885e-17 First Gap: 0.7870120557526485 Largest Gap: 0.7870120557526485 Number of Clusters:1
start:1 iteration:1
CellsA: 1087 CellsB: 153
MutsA: 507 MutsB: 887
Using SNV kernel only
Jump Percentage: 0.20349370129677766 First Eig Val: -5.444371070683885e-17 First Gap: 0.7870120557526485 Largest Gap: 0.7870120557526485 Number of Clusters:1
adding tree to internal list:
Clonal Tree 0 
[(0, 1)] 
Loss Nodes:0
Node: 0 Cells: 1087 Muts: 507 LostMuts: 0
Node: 1 Cells: 3749 Muts: 887 LostMuts: 0
Total Cells: 4836 Total Muts: 1394
Using SNV kernel only
Jump Percentage: 0.1281959856637487 First Eig Val: 6.716428730321944e-16 First Gap: 0.6690442123243325 Largest Gap: 0.6690442123243325 Number of Clusters:1
start:2 iteration:0
CellsA: 922 CellsB: 318
MutsA: 527 MutsB: 867
Using SNV kernel only
Jump Percentage: 0.24136676539648375 First Eig Val: -1.2503168139711415e-16 First Gap: 0.8144413438426379 Largest Gap: 0.8144413438426379 Number of Clusters:1
start:2 iteration:1
CellsA: 1174 CellsB: 66
MutsA: 527 MutsB: 867
Using SNV kernel only
Jump Percentage: 0.24136676539648375 First Eig Val: -1.2503168139711415e-16 First Gap: 0.8144413438426379 Largest Gap: 0.8144413438426379 Number of Clusters:1
adding tree to internal list:
Clonal Tree 0 
[(0, 1)] 
Loss Nodes:0
Node: 0 Cells: 1174 Muts: 527 LostMuts: 0
Node: 1 Cells: 3662 Muts: 867 LostMuts: 0
Total Cells: 4836 Total Muts: 1394
adding tree to candidate list:
Clonal Tree 2 
[(0, 1)] 
Loss Nodes:0
Node: 0 Cells: 1174 Muts: 527 LostMuts: 0
Node: 1 Cells: 3662 Muts: 867 LostMuts: 0
Total Cells: 4836 Total Muts: 1394
Normalized Likelihood: -0.59429447519502
Using SNV kernel only
Jump Percentage: 0.15005144407589557 First Eig Val: -1.2852005876558156e-16 First Gap: 0.6750939438789016 Largest Gap: 0.6750939438789016 Number of Clusters:1
start:0 iteration:0
CellsA: 255 CellsB: 919
MutsA: 397 MutsB: 997
Using SNV kernel only
Jump Percentage: 0.16706166942852252 First Eig Val: -4.0065311466035307e-16 First Gap: 0.6664251741202233 Largest Gap: 0.6664251741202233 Number of Clusters:1
start:0 iteration:1
CellsA: 414 CellsB: 760
MutsA: 338 MutsB: 1056
Using SNV kernel only
Jump Percentage: 0.17820675698835856 First Eig Val: -5.604735829479249e-17 First Gap: 0.6717512898073068 Largest Gap: 0.6717512898073068 Number of Clusters:1
Using SNV kernel only
Jump Percentage: 0.12516642408129855 First Eig Val: -1.0806114933097546e-15 First Gap: 0.6723775094764085 Largest Gap: 0.6723775094764085 Number of Clusters:1
start:1 iteration:0
CellsA: 907 CellsB: 267
MutsA: 515 MutsB: 879
Using SNV kernel only
Jump Percentage: 0.3954288204365014 First Eig Val: 3.066599107822703e-16 First Gap: 0.8585594568527012 Largest Gap: 0.8585594568527012 Number of Clusters:1
start:1 iteration:1
CellsA: 1135 CellsB: 39
MutsA: 515 MutsB: 879
Using SNV kernel only
Jump Percentage: 0.3954288204365014 First Eig Val: 3.066599107822703e-16 First Gap: 0.8585594568527012 Largest Gap: 0.8585594568527012 Number of Clusters:1
adding tree to internal list:
Clonal Tree 0 
[(0, 1)] 
Loss Nodes:0
Node: 0 Cells: 1135 Muts: 515 LostMuts: 0
Node: 1 Cells: 3701 Muts: 879 LostMuts: 0
Total Cells: 4836 Total Muts: 1394
Using SNV kernel only
Jump Percentage: 0.13055721090694175 First Eig Val: -8.071022936553914e-16 First Gap: 0.6710401484564933 Largest Gap: 0.6710401484564933 Number of Clusters:1
start:2 iteration:0
CellsA: 927 CellsB: 247
MutsA: 520 MutsB: 874
Using SNV kernel only
Jump Percentage: 0.7199003715760197 First Eig Val: 6.515607286704155e-16 First Gap: 0.8686282538251744 Largest Gap: 0.8686282538251744 Number of Clusters:1
start:2 iteration:1
CellsA: 1153 CellsB: 21
MutsA: 520 MutsB: 874
Using SNV kernel only
Jump Percentage: 0.7199003715760197 First Eig Val: 6.515607286704155e-16 First Gap: 0.8686282538251744 Largest Gap: 0.8686282538251744 Number of Clusters:1
adding tree to internal list:
Clonal Tree 0 
[(0, 1)] 
Loss Nodes:0
Node: 0 Cells: 1153 Muts: 520 LostMuts: 0
Node: 1 Cells: 3683 Muts: 874 LostMuts: 0
Total Cells: 4836 Total Muts: 1394
adding tree to candidate list:
Clonal Tree 0 
[(0, 1)] 
Loss Nodes:0
Node: 0 Cells: 1135 Muts: 515 LostMuts: 0
Node: 1 Cells: 3701 Muts: 879 LostMuts: 0
Total Cells: 4836 Total Muts: 1394
Normalized Likelihood: -0.5927183136809584
Using SNV kernel only
Jump Percentage: 0.15072194582743098 First Eig Val: 9.511283929542833e-16 First Gap: 0.6754606968600038 Largest Gap: 0.6754606968600038 Number of Clusters:1
start:0 iteration:0
CellsA: 712 CellsB: 423
MutsA: 471 MutsB: 923
Using SNV kernel only
Jump Percentage: 0.10858515826775152 First Eig Val: 2.2108150106683585e-15 First Gap: 0.7499324236690141 Largest Gap: 0.7499324236690141 Number of Clusters:1
start:0 iteration:1
CellsA: 967 CellsB: 168
MutsA: 471 MutsB: 923
Using SNV kernel only
Jump Percentage: 0.10858515826775152 First Eig Val: 2.2108150106683585e-15 First Gap: 0.7499324236690141 Largest Gap: 0.7499324236690141 Number of Clusters:1
adding tree to internal list:
Clonal Tree 0 
[(0, 1)] 
Loss Nodes:0
Node: 0 Cells: 967 Muts: 471 LostMuts: 0
Node: 1 Cells: 3869 Muts: 923 LostMuts: 0
Total Cells: 4836 Total Muts: 1394
Using SNV kernel only
Jump Percentage: 0.12601973051508342 First Eig Val: -1.4844713960713624e-15 First Gap: 0.6774730329259759 Largest Gap: 0.6774730329259759 Number of Clusters:1
start:1 iteration:0
CellsA: 907 CellsB: 228
MutsA: 507 MutsB: 887
Using SNV kernel only
Jump Percentage: 0.6921888611055819 First Eig Val: 1.4325171458376417e-15 First Gap: 0.941846447824702 Largest Gap: 0.941846447824702 Number of Clusters:1
start:1 iteration:1
CellsA: 1110 CellsB: 25
MutsA: 507 MutsB: 887
Using SNV kernel only
Jump Percentage: 0.6921888611055819 First Eig Val: 1.4325171458376417e-15 First Gap: 0.941846447824702 Largest Gap: 0.941846447824702 Number of Clusters:1
adding tree to internal list:
Clonal Tree 0 
[(0, 1)] 
Loss Nodes:0
Node: 0 Cells: 1110 Muts: 507 LostMuts: 0
Node: 1 Cells: 3726 Muts: 887 LostMuts: 0
Total Cells: 4836 Total Muts: 1394
Using SNV kernel only
Jump Percentage: 0.13834156078277232 First Eig Val: 1.099027059028073e-15 First Gap: 0.6815277851948717 Largest Gap: 0.6815277851948717 Number of Clusters:1
start:2 iteration:0
CellsA: 915 CellsB: 220
MutsA: 504 MutsB: 890
Using SNV kernel only
Jump Percentage: 0.6982232229899429 First Eig Val: 1.1307493080536555e-15 First Gap: 0.9054969449394416 Largest Gap: 0.9054969449394416 Number of Clusters:1
start:2 iteration:1
CellsA: 1097 CellsB: 38
MutsA: 504 MutsB: 890
Using SNV kernel only
Jump Percentage: 0.6982232229899429 First Eig Val: 1.1307493080536555e-15 First Gap: 0.9054969449394416 Largest Gap: 0.9054969449394416 Number of Clusters:1
adding tree to internal list:
Clonal Tree 0 
[(0, 1)] 
Loss Nodes:0
Node: 0 Cells: 1097 Muts: 504 LostMuts: 0
Node: 1 Cells: 3739 Muts: 890 LostMuts: 0
Total Cells: 4836 Total Muts: 1394
adding tree to candidate list:
Clonal Tree 1 
[(0, 1)] 
Loss Nodes:0
Node: 0 Cells: 1110 Muts: 507 LostMuts: 0
Node: 1 Cells: 3726 Muts: 887 LostMuts: 0
Total Cells: 4836 Total Muts: 1394
Normalized Likelihood: -0.5915559573191074
Using SNV kernel only
Jump Percentage: 0.14317590486389958 First Eig Val: 5.550722355286811e-16 First Gap: 0.6714043544605881 Largest Gap: 0.6714043544605881 Number of Clusters:1
start:0 iteration:0
CellsA: 240 CellsB: 870
MutsA: 378 MutsB: 1016
Using SNV kernel only
Jump Percentage: 0.2034075576461091 First Eig Val: 1.3824639846740059e-15 First Gap: 0.6228761527474367 Largest Gap: 0.6228761527474367 Number of Clusters:1
start:0 iteration:1
CellsA: 348 CellsB: 762
MutsA: 318 MutsB: 1076
Using SNV kernel only
Jump Percentage: 0.20403236496318114 First Eig Val: 2.644089709399025e-16 First Gap: 0.5726254929010318 Largest Gap: 0.5726254929010318 Number of Clusters:1
Using SNV kernel only
Jump Percentage: 0.17897653604326558 First Eig Val: -6.781130186116605e-17 First Gap: 0.6765025382239471 Largest Gap: 0.6765025382239471 Number of Clusters:1
start:1 iteration:0
CellsA: 605 CellsB: 505
MutsA: 454 MutsB: 940
Using SNV kernel only
Jump Percentage: 0.18522584245104548 First Eig Val: -1.4869327364291235e-15 First Gap: 0.6914779367780539 Largest Gap: 0.6914779367780539 Number of Clusters:1
start:1 iteration:1
CellsA: 871 CellsB: 239
MutsA: 452 MutsB: 942
Using SNV kernel only
Jump Percentage: 0.1854766133173999 First Eig Val: 1.5645298212040909e-15 First Gap: 0.6920056121832943 Largest Gap: 0.6920056121832943 Number of Clusters:1
adding tree to internal list:
Clonal Tree 0 
[(0, 1)] 
Loss Nodes:0
Node: 0 Cells: 871 Muts: 452 LostMuts: 0
Node: 1 Cells: 3965 Muts: 942 LostMuts: 0
Total Cells: 4836 Total Muts: 1394
Using SNV kernel only
Jump Percentage: 0.14483604377920925 First Eig Val: -1.7988732557473784e-16 First Gap: 0.6660280405035627 Largest Gap: 0.6660280405035627 Number of Clusters:1
start:2 iteration:0
CellsA: 255 CellsB: 855
MutsA: 380 MutsB: 1014
Using SNV kernel only
Jump Percentage: 0.2081928205758807 First Eig Val: 5.987847706622218e-16 First Gap: 0.6659450157913533 Largest Gap: 0.6659450157913533 Number of Clusters:1
start:2 iteration:1
CellsA: 387 CellsB: 723
MutsA: 326 MutsB: 1068
Using SNV kernel only
Jump Percentage: 0.20327646097167346 First Eig Val: 5.458891062225117e-16 First Gap: 0.704254977011744 Largest Gap: 0.704254977011744 Number of Clusters:1
start:2 iteration:2
CellsA: 388 CellsB: 722
MutsA: 324 MutsB: 1070
Using SNV kernel only
Jump Percentage: 0.19524106737215777 First Eig Val: 2.4087375215767585e-16 First Gap: 0.7051290753264763 Largest Gap: 0.7051290753264763 Number of Clusters:1
adding tree to candidate list:
Clonal Tree 0 
[(0, 1)] 
Loss Nodes:0
Node: 0 Cells: 871 Muts: 452 LostMuts: 0
Node: 1 Cells: 3965 Muts: 942 LostMuts: 0
Total Cells: 4836 Total Muts: 1394
Normalized Likelihood: -0.6029092799942581
Clonal Tree 0 
[(0, 1)] 
Loss Nodes:0
Node: 0 Cells: 2737 Muts: 775 LostMuts: 0
Node: 1 Cells: 2099 Muts: 619 LostMuts: 0
Total Cells: 4836 Total Muts: 1394
Normalized Likelihood: -0.7188602364500989
Clonal Tree 1 
[(0, 1)] 
Loss Nodes:0
Node: 0 Cells: 1453 Muts: 589 LostMuts: 0
Node: 1 Cells: 3383 Muts: 805 LostMuts: 0
Total Cells: 4836 Total Muts: 1394
Normalized Likelihood: -0.5927688929155706
Clonal Tree 2 
[(0, 1)] 
Loss Nodes:0
Node: 0 Cells: 1279 Muts: 555 LostMuts: 0
Node: 1 Cells: 3557 Muts: 839 LostMuts: 0
Total Cells: 4836 Total Muts: 1394
Normalized Likelihood: -0.595058531466847
Clonal Tree 3 
[(0, 1)] 
Loss Nodes:0
Node: 0 Cells: 1240 Muts: 543 LostMuts: 0
Node: 1 Cells: 3596 Muts: 851 LostMuts: 0
Total Cells: 4836 Total Muts: 1394
Normalized Likelihood: -0.5936859139992261
Clonal Tree 4 
[(0, 1)] 
Loss Nodes:0
Node: 0 Cells: 1174 Muts: 527 LostMuts: 0
Node: 1 Cells: 3662 Muts: 867 LostMuts: 0
Total Cells: 4836 Total Muts: 1394
Normalized Likelihood: -0.59429447519502
Clonal Tree 5 
[(0, 1)] 
Loss Nodes:0
Node: 0 Cells: 1135 Muts: 515 LostMuts: 0
Node: 1 Cells: 3701 Muts: 879 LostMuts: 0
Total Cells: 4836 Total Muts: 1394
Normalized Likelihood: -0.5927183136809584
Clonal Tree 6 
[(0, 1)] 
Loss Nodes:0
Node: 0 Cells: 1110 Muts: 507 LostMuts: 0
Node: 1 Cells: 3726 Muts: 887 LostMuts: 0
Total Cells: 4836 Total Muts: 1394
Normalized Likelihood: -0.5915559573191074
Clonal Tree 7 
[(0, 1)] 
Loss Nodes:0
Node: 0 Cells: 871 Muts: 452 LostMuts: 0
Node: 1 Cells: 3965 Muts: 942 LostMuts: 0
Total Cells: 4836 Total Muts: 1394
Normalized Likelihood: -0.6029092799942581
linear split norm likelihood best tree
Clonal Tree 6 
[(0, 1)] 
Loss Nodes:0
Node: 0 Cells: 1110 Muts: 507 LostMuts: 0
Node: 1 Cells: 3726 Muts: 887 LostMuts: 0
Total Cells: 4836 Total Muts: 1394
Sprouted tree:
Clonal Tree 6 
[(0, 1)] 
Loss Nodes:0
Node: 0 Cells: 1110 Muts: 507 LostMuts: 0
Node: 1 Cells: 3726 Muts: 887 LostMuts: 0
Total Cells: 4836 Total Muts: 1394
Cells: 3726 Muts: 887 Ancestral Muts: 507 
Number of subproblems remaining: 3
Starting k-clonal tree inference for seed:
Cells: 3726 Muts: 887 Ancestral Muts: 507 
Sprouting seed:
Cells: 3726 Muts: 887 Ancestral Muts: 507 
Sprouting a branching tree from seed ...
(Generator(PCG64) at 0x7F3AD7F0CC80,)
Jump Percentage: 0.9999999999999448 First Eig Val: 1.5183186094937088e-16 First Gap: 4.623164656373821e-16 Largest Gap: 0.2595011515184868 Number of Clusters:4
CellsA: 1627 CellsB: 2099
MutsA: 395 mutsB: 309
Jump Percentage: 0.9999999999999934 First Eig Val: -2.8389970798485215e-16 First Gap: 4.972669997753794e-16 Largest Gap: 0.23559009132096956 Number of Clusters:2
Clonal Tree 0 
[(0, 1), (0, 2)] 
Loss Nodes:0
Node: 0 Cells: 0 Muts: 183 LostMuts: 0
Node: 1 Cells: 1627 Muts: 395 LostMuts: 0
Node: 2 Cells: 2099 Muts: 309 LostMuts: 0
Total Cells: 3726 Total Muts: 887
Jump Percentage: 0.9999999999999528 First Eig Val: 1.9694869775031438e-16 First Gap: 1.1806108800962189e-17 Largest Gap: 0.2546263914468014 Number of Clusters:4
CellsA: 1627 CellsB: 2099
MutsA: 395 mutsB: 309
Jump Percentage: 0.9999999999999934 First Eig Val: -2.8389970798485215e-16 First Gap: 4.972669997753794e-16 Largest Gap: 0.23559009132096956 Number of Clusters:2
Clonal Tree 0 
[(0, 1), (0, 2)] 
Loss Nodes:0
Node: 0 Cells: 0 Muts: 183 LostMuts: 0
Node: 1 Cells: 1627 Muts: 395 LostMuts: 0
Node: 2 Cells: 2099 Muts: 309 LostMuts: 0
Total Cells: 3726 Total Muts: 887
Jump Percentage: 0.9999999999999711 First Eig Val: -9.213366135493474e-16 First Gap: 1.2182799305772426e-15 Largest Gap: 0.2651567310747486 Number of Clusters:4
CellsA: 2099 CellsB: 1627
MutsA: 309 mutsB: 395
Jump Percentage: 0.9999999999999934 First Eig Val: -2.8389970798485215e-16 First Gap: 4.972669997753794e-16 Largest Gap: 0.23559009132096956 Number of Clusters:2
Clonal Tree 0 
[(0, 1), (0, 2)] 
Loss Nodes:0
Node: 0 Cells: 0 Muts: 183 LostMuts: 0
Node: 1 Cells: 2099 Muts: 309 LostMuts: 0
Node: 2 Cells: 1627 Muts: 395 LostMuts: 0
Total Cells: 3726 Total Muts: 887
Finding the maximum likelihood tree out of 3 trees....
Clonal Tree 0 
[(0, 1), (0, 2)] 
Loss Nodes:0
Node: 0 Cells: 0 Muts: 183 LostMuts: 0
Node: 1 Cells: 1627 Muts: 395 LostMuts: 0
Node: 2 Cells: 2099 Muts: 309 LostMuts: 0
Total Cells: 3726 Total Muts: 887

Tree: 0 LogLikelihood: 1929309.4247994598
Variant LogLikelihood: -71741.20163671157 
RDR LogLikelihood: 2001050.6264361714

Clonal Tree 1 
[(0, 1), (0, 2)] 
Loss Nodes:0
Node: 0 Cells: 0 Muts: 183 LostMuts: 0
Node: 1 Cells: 1627 Muts: 395 LostMuts: 0
Node: 2 Cells: 2099 Muts: 309 LostMuts: 0
Total Cells: 3726 Total Muts: 887

Tree: 1 LogLikelihood: 1929309.4247994598
Variant LogLikelihood: -71741.20163671157 
RDR LogLikelihood: 2001050.6264361714

Clonal Tree 2 
[(0, 1), (0, 2)] 
Loss Nodes:0
Node: 0 Cells: 0 Muts: 183 LostMuts: 0
Node: 1 Cells: 2099 Muts: 309 LostMuts: 0
Node: 2 Cells: 1627 Muts: 395 LostMuts: 0
Total Cells: 3726 Total Muts: 887

Tree: 2 LogLikelihood: 1929309.4247994598
Variant LogLikelihood: -71741.20163671157 
RDR LogLikelihood: 2001050.6264361714

Sprouted tree:
Clonal Tree 0 
[(0, 1), (0, 2)] 
Loss Nodes:0
Node: 0 Cells: 0 Muts: 183 LostMuts: 0
Node: 1 Cells: 1627 Muts: 395 LostMuts: 0
Node: 2 Cells: 2099 Muts: 309 LostMuts: 0
Total Cells: 3726 Total Muts: 887
Cells: 1627 Muts: 395 Ancestral Muts: 690 
Cells: 2099 Muts: 309 Ancestral Muts: 690 
Sprouting seed:
Cells: 3726 Muts: 887 Ancestral Muts: 507 
Sprouting a linear tree from seed ...
Jump Percentage: 0.9999999999999711 First Eig Val: -5.58252586280316e-16 First Gap: 8.219613142029109e-16 Largest Gap: 0.2435426788551951 Number of Clusters:2
start:0 iteration:0
CellsA: 1627 CellsB: 2099
MutsA: 505 MutsB: 382
Jump Percentage: 0.9999999999999762 First Eig Val: -4.516662077113635e-16 First Gap: 8.062480271383498e-16 Largest Gap: 0.25849234126718673 Number of Clusters:2
adding tree to internal list:
Clonal Tree 0 
[(0, 1)] 
Loss Nodes:0
Node: 0 Cells: 1627 Muts: 505 LostMuts: 0
Node: 1 Cells: 2099 Muts: 382 LostMuts: 0
Total Cells: 3726 Total Muts: 887
Jump Percentage: 0.999999999999971 First Eig Val: -7.689096472477499e-16 First Gap: 4.815578014156621e-16 Largest Gap: 0.25115343269917806 Number of Clusters:2
start:1 iteration:0
CellsA: 2099 CellsB: 1627
MutsA: 489 MutsB: 398
Jump Percentage: 0.999999999999928 First Eig Val: 2.278553936381401e-16 First Gap: 5.672596615115678e-16 Largest Gap: 0.22941023017296366 Number of Clusters:2
adding tree to internal list:
Clonal Tree 0 
[(0, 1)] 
Loss Nodes:0
Node: 0 Cells: 2099 Muts: 489 LostMuts: 0
Node: 1 Cells: 1627 Muts: 398 LostMuts: 0
Total Cells: 3726 Total Muts: 887
Jump Percentage: 0.9999999999999319 First Eig Val: 2.191822752744386e-16 First Gap: 7.290447228965465e-17 Largest Gap: 0.25380845038738625 Number of Clusters:2
start:2 iteration:0
CellsA: 2099 CellsB: 1627
MutsA: 489 MutsB: 398
Jump Percentage: 0.999999999999928 First Eig Val: 2.278553936381401e-16 First Gap: 5.672596615115678e-16 Largest Gap: 0.22941023017296366 Number of Clusters:2
adding tree to internal list:
Clonal Tree 0 
[(0, 1)] 
Loss Nodes:0
Node: 0 Cells: 2099 Muts: 489 LostMuts: 0
Node: 1 Cells: 1627 Muts: 398 LostMuts: 0
Total Cells: 3726 Total Muts: 887
adding tree to candidate list:
Clonal Tree 1 
[(0, 1)] 
Loss Nodes:0
Node: 0 Cells: 2099 Muts: 489 LostMuts: 0
Node: 1 Cells: 1627 Muts: 398 LostMuts: 0
Total Cells: 3726 Total Muts: 887
Normalized Likelihood: -0.5973742113012313
Using SNV kernel only
Jump Percentage: 0.37322540335657 First Eig Val: -1.0560932535625487e-15 First Gap: 0.7662257599597766 Largest Gap: 0.7662257599597766 Number of Clusters:1
start:0 iteration:0
CellsA: 1615 CellsB: 484
MutsA: 436 MutsB: 451
Using SNV kernel only
Jump Percentage: 0.3060281403090901 First Eig Val: 2.7318570045497453e-15 First Gap: 0.7621534194261649 Largest Gap: 0.7621534194261649 Number of Clusters:1
start:0 iteration:1
CellsA: 1595 CellsB: 504
MutsA: 435 MutsB: 452
Using SNV kernel only
Jump Percentage: 0.3013328899921756 First Eig Val: 7.305951690246178e-16 First Gap: 0.760101550750103 Largest Gap: 0.760101550750103 Number of Clusters:1
start:0 iteration:2
CellsA: 1590 CellsB: 509
MutsA: 435 MutsB: 452
Using SNV kernel only
Jump Percentage: 0.3013328899921756 First Eig Val: 7.305951690246178e-16 First Gap: 0.760101550750103 Largest Gap: 0.760101550750103 Number of Clusters:1
adding tree to internal list:
Clonal Tree 0 
[(0, 1)] 
Loss Nodes:0
Node: 0 Cells: 1590 Muts: 435 LostMuts: 0
Node: 1 Cells: 2136 Muts: 452 LostMuts: 0
Total Cells: 3726 Total Muts: 887
Using SNV kernel only
Jump Percentage: 0.1976371829652323 First Eig Val: 2.360536265590143e-15 First Gap: 0.7923266573867406 Largest Gap: 0.7923266573867406 Number of Clusters:1
start:1 iteration:0
CellsA: 1682 CellsB: 417
MutsA: 441 MutsB: 446
Using SNV kernel only
Jump Percentage: 0.19452330162357784 First Eig Val: -2.8966273260298267e-15 First Gap: 0.790830515086521 Largest Gap: 0.790830515086521 Number of Clusters:1
start:1 iteration:1
CellsA: 1676 CellsB: 423
MutsA: 441 MutsB: 446
Using SNV kernel only
Jump Percentage: 0.19452330162357784 First Eig Val: -2.8966273260298267e-15 First Gap: 0.790830515086521 Largest Gap: 0.790830515086521 Number of Clusters:1
adding tree to internal list:
Clonal Tree 0 
[(0, 1)] 
Loss Nodes:0
Node: 0 Cells: 1676 Muts: 441 LostMuts: 0
Node: 1 Cells: 2050 Muts: 446 LostMuts: 0
Total Cells: 3726 Total Muts: 887
Using SNV kernel only
Jump Percentage: 0.14072841126093522 First Eig Val: -1.7342984179898458e-15 First Gap: 0.797558204180912 Largest Gap: 0.797558204180912 Number of Clusters:1
start:2 iteration:0
CellsA: 1686 CellsB: 413
MutsA: 441 MutsB: 446
Using SNV kernel only
Jump Percentage: 0.1326857135628314 First Eig Val: -4.586392982457469e-16 First Gap: 0.7946362267422105 Largest Gap: 0.7946362267422105 Number of Clusters:1
start:2 iteration:1
CellsA: 1680 CellsB: 419
MutsA: 441 MutsB: 446
Using SNV kernel only
Jump Percentage: 0.1326857135628314 First Eig Val: -4.586392982457469e-16 First Gap: 0.7946362267422105 Largest Gap: 0.7946362267422105 Number of Clusters:1
adding tree to internal list:
Clonal Tree 0 
[(0, 1)] 
Loss Nodes:0
Node: 0 Cells: 1680 Muts: 441 LostMuts: 0
Node: 1 Cells: 2046 Muts: 446 LostMuts: 0
Total Cells: 3726 Total Muts: 887
adding tree to candidate list:
Clonal Tree 1 
[(0, 1)] 
Loss Nodes:0
Node: 0 Cells: 1676 Muts: 441 LostMuts: 0
Node: 1 Cells: 2050 Muts: 446 LostMuts: 0
Total Cells: 3726 Total Muts: 887
Normalized Likelihood: -0.5880247079996471
Using SNV kernel only
Jump Percentage: 0.22687760344554128 First Eig Val: -1.0384038089592185e-15 First Gap: 0.5140520295839738 Largest Gap: 0.5140520295839738 Number of Clusters:1
start:0 iteration:0
CellsA: 526 CellsB: 1150
MutsA: 232 MutsB: 655
Using SNV kernel only
Jump Percentage: 0.15889155687733303 First Eig Val: 3.6140058134975285e-16 First Gap: 0.6342201880408149 Largest Gap: 0.6342201880408149 Number of Clusters:1
start:0 iteration:1
CellsA: 574 CellsB: 1102
MutsA: 229 MutsB: 658
Using SNV kernel only
Jump Percentage: 0.16219337416582832 First Eig Val: 4.567818433213677e-16 First Gap: 0.6350723194399907 Largest Gap: 0.6350723194399907 Number of Clusters:1
start:0 iteration:2
CellsA: 573 CellsB: 1103
MutsA: 229 MutsB: 658
Using SNV kernel only
Jump Percentage: 0.16219337416582832 First Eig Val: 4.567818433213677e-16 First Gap: 0.6350723194399907 Largest Gap: 0.6350723194399907 Number of Clusters:1
adding tree to internal list:
Clonal Tree 0 
[(0, 1)] 
Loss Nodes:0
Node: 0 Cells: 573 Muts: 229 LostMuts: 0
Node: 1 Cells: 3153 Muts: 658 LostMuts: 0
Total Cells: 3726 Total Muts: 887
Using SNV kernel only
Jump Percentage: 0.16737951312679522 First Eig Val: -5.4664144760338673e-17 First Gap: 0.5194544780440338 Largest Gap: 0.5194544780440338 Number of Clusters:1
start:1 iteration:0
CellsA: 480 CellsB: 1196
MutsA: 236 MutsB: 651
Using SNV kernel only
Jump Percentage: 0.13533099794644388 First Eig Val: -8.008008970339327e-16 First Gap: 0.6371877489469451 Largest Gap: 0.6371877489469451 Number of Clusters:1
start:1 iteration:1
CellsA: 553 CellsB: 1123
MutsA: 231 MutsB: 656
Using SNV kernel only
Jump Percentage: 0.13732269495327065 First Eig Val: 7.362961325461221e-16 First Gap: 0.6378381791135088 Largest Gap: 0.6378381791135088 Number of Clusters:1
start:1 iteration:2
CellsA: 552 CellsB: 1124
MutsA: 231 MutsB: 656
Using SNV kernel only
Jump Percentage: 0.13732269495327065 First Eig Val: 7.362961325461221e-16 First Gap: 0.6378381791135088 Largest Gap: 0.6378381791135088 Number of Clusters:1
adding tree to internal list:
Clonal Tree 0 
[(0, 1)] 
Loss Nodes:0
Node: 0 Cells: 552 Muts: 231 LostMuts: 0
Node: 1 Cells: 3174 Muts: 656 LostMuts: 0
Total Cells: 3726 Total Muts: 887
Using SNV kernel only
Jump Percentage: 0.18997392124322382 First Eig Val: 1.0030022264515537e-16 First Gap: 0.48381138906218213 Largest Gap: 0.48381138906218213 Number of Clusters:1
start:2 iteration:0
CellsA: 481 CellsB: 1195
MutsA: 227 MutsB: 660
Using SNV kernel only
Jump Percentage: 0.16036055802335705 First Eig Val: 5.363603898957395e-16 First Gap: 0.6355933001391745 Largest Gap: 0.6355933001391745 Number of Clusters:1
start:2 iteration:1
CellsA: 542 CellsB: 1134
MutsA: 221 MutsB: 666
Using SNV kernel only
Jump Percentage: 0.16190778114320156 First Eig Val: -2.2092383111891163e-16 First Gap: 0.6373281598553757 Largest Gap: 0.6373281598553757 Number of Clusters:1
start:2 iteration:2
CellsA: 541 CellsB: 1135
MutsA: 220 MutsB: 667
Using SNV kernel only
Jump Percentage: 0.16015531623931978 First Eig Val: 8.944129445490795e-16 First Gap: 0.636439365771493 Largest Gap: 0.636439365771493 Number of Clusters:1
adding tree to internal list:
Clonal Tree 0 
[(0, 1)] 
Loss Nodes:0
Node: 0 Cells: 541 Muts: 220 LostMuts: 0
Node: 1 Cells: 3185 Muts: 667 LostMuts: 0
Total Cells: 3726 Total Muts: 887
adding tree to candidate list:
Clonal Tree 2 
[(0, 1)] 
Loss Nodes:0
Node: 0 Cells: 541 Muts: 220 LostMuts: 0
Node: 1 Cells: 3185 Muts: 667 LostMuts: 0
Total Cells: 3726 Total Muts: 887
Normalized Likelihood: -0.6165056602079162
Clonal Tree 0 
[(0, 1)] 
Loss Nodes:0
Node: 0 Cells: 2099 Muts: 489 LostMuts: 0
Node: 1 Cells: 1627 Muts: 398 LostMuts: 0
Total Cells: 3726 Total Muts: 887
Normalized Likelihood: -0.5973742113012313
Clonal Tree 1 
[(0, 1)] 
Loss Nodes:0
Node: 0 Cells: 1676 Muts: 441 LostMuts: 0
Node: 1 Cells: 2050 Muts: 446 LostMuts: 0
Total Cells: 3726 Total Muts: 887
Normalized Likelihood: -0.5880247079996471
Clonal Tree 2 
[(0, 1)] 
Loss Nodes:0
Node: 0 Cells: 541 Muts: 220 LostMuts: 0
Node: 1 Cells: 3185 Muts: 667 LostMuts: 0
Total Cells: 3726 Total Muts: 887
Normalized Likelihood: -0.6165056602079162
linear split norm likelihood best tree
Clonal Tree 1 
[(0, 1)] 
Loss Nodes:0
Node: 0 Cells: 1676 Muts: 441 LostMuts: 0
Node: 1 Cells: 2050 Muts: 446 LostMuts: 0
Total Cells: 3726 Total Muts: 887
Sprouted tree:
Clonal Tree 1 
[(0, 1)] 
Loss Nodes:0
Node: 0 Cells: 1676 Muts: 441 LostMuts: 0
Node: 1 Cells: 2050 Muts: 446 LostMuts: 0
Total Cells: 3726 Total Muts: 887
Cells: 2050 Muts: 446 Ancestral Muts: 948 
Number of subproblems remaining: 5
Starting k-clonal tree inference for seed:
Cells: 2050 Muts: 446 Ancestral Muts: 948 
Sprouting seed:
Cells: 2050 Muts: 446 Ancestral Muts: 948 
Sprouting a branching tree from seed ...
(Generator(PCG64) at 0x7F3AD7F0CC80,)
Jump Percentage: 0.9999999999999846 First Eig Val: 1.1163488168327698e-16 First Gap: 1.4908323943150508e-16 Largest Gap: 0.20245360753693337 Number of Clusters:3
CellsA: 423 CellsB: 1627
MutsA: 58 mutsB: 366
Jump Percentage: 0.9999999999999818 First Eig Val: -1.845692876884289e-16 First Gap: 4.489175275679348e-16 Largest Gap: 0.1890166397627072 Number of Clusters:3
Clonal Tree 0 
[(0, 1), (0, 2)] 
Loss Nodes:0
Node: 0 Cells: 0 Muts: 22 LostMuts: 0
Node: 1 Cells: 423 Muts: 58 LostMuts: 0
Node: 2 Cells: 1627 Muts: 366 LostMuts: 0
Total Cells: 2050 Total Muts: 446
Jump Percentage: 0.9999999999999722 First Eig Val: -4.170096659792937e-16 First Gap: 1.5309703576309778e-15 Largest Gap: 0.19896996039305026 Number of Clusters:3
CellsA: 1627 CellsB: 423
MutsA: 366 mutsB: 58
Jump Percentage: 0.9999999999999818 First Eig Val: -1.845692876884289e-16 First Gap: 4.489175275679348e-16 Largest Gap: 0.1890166397627072 Number of Clusters:3
Clonal Tree 0 
[(0, 1), (0, 2)] 
Loss Nodes:0
Node: 0 Cells: 0 Muts: 22 LostMuts: 0
Node: 1 Cells: 1627 Muts: 366 LostMuts: 0
Node: 2 Cells: 423 Muts: 58 LostMuts: 0
Total Cells: 2050 Total Muts: 446
Jump Percentage: 0.9999999999999865 First Eig Val: -2.471898712407046e-16 First Gap: 1.0893114851637452e-16 Largest Gap: 0.1835142308482241 Number of Clusters:3
CellsA: 423 CellsB: 1627
MutsA: 58 mutsB: 366
Jump Percentage: 0.9999999999999818 First Eig Val: -1.845692876884289e-16 First Gap: 4.489175275679348e-16 Largest Gap: 0.1890166397627072 Number of Clusters:3
Clonal Tree 0 
[(0, 1), (0, 2)] 
Loss Nodes:0
Node: 0 Cells: 0 Muts: 22 LostMuts: 0
Node: 1 Cells: 423 Muts: 58 LostMuts: 0
Node: 2 Cells: 1627 Muts: 366 LostMuts: 0
Total Cells: 2050 Total Muts: 446
Finding the maximum likelihood tree out of 3 trees....
Clonal Tree 0 
[(0, 1), (0, 2)] 
Loss Nodes:0
Node: 0 Cells: 0 Muts: 22 LostMuts: 0
Node: 1 Cells: 423 Muts: 58 LostMuts: 0
Node: 2 Cells: 1627 Muts: 366 LostMuts: 0
Total Cells: 2050 Total Muts: 446

Tree: 0 LogLikelihood: 964757.4534525624
Variant LogLikelihood: -50164.119480968424 
RDR LogLikelihood: 1014921.5729335309

Clonal Tree 1 
[(0, 1), (0, 2)] 
Loss Nodes:0
Node: 0 Cells: 0 Muts: 22 LostMuts: 0
Node: 1 Cells: 1627 Muts: 366 LostMuts: 0
Node: 2 Cells: 423 Muts: 58 LostMuts: 0
Total Cells: 2050 Total Muts: 446

Tree: 1 LogLikelihood: 964757.4534525624
Variant LogLikelihood: -50164.119480968424 
RDR LogLikelihood: 1014921.5729335309

Clonal Tree 2 
[(0, 1), (0, 2)] 
Loss Nodes:0
Node: 0 Cells: 0 Muts: 22 LostMuts: 0
Node: 1 Cells: 423 Muts: 58 LostMuts: 0
Node: 2 Cells: 1627 Muts: 366 LostMuts: 0
Total Cells: 2050 Total Muts: 446

Tree: 2 LogLikelihood: 964757.4534525624
Variant LogLikelihood: -50164.119480968424 
RDR LogLikelihood: 1014921.5729335309

Sprouted tree:
Clonal Tree 0 
[(0, 1), (0, 2)] 
Loss Nodes:0
Node: 0 Cells: 0 Muts: 22 LostMuts: 0
Node: 1 Cells: 423 Muts: 58 LostMuts: 0
Node: 2 Cells: 1627 Muts: 366 LostMuts: 0
Total Cells: 2050 Total Muts: 446
Cells: 1627 Muts: 366 Ancestral Muts: 970 
Sprouting seed:
Cells: 2050 Muts: 446 Ancestral Muts: 948 
Sprouting a linear tree from seed ...
Jump Percentage: 0.9999999999999521 First Eig Val: 3.5642851578132263e-16 First Gap: 2.1274572783949683e-16 Largest Gap: 0.20796647337293983 Number of Clusters:3
start:0 iteration:0
CellsA: 423 CellsB: 1627
MutsA: 58 MutsB: 388
Jump Percentage: 0.9999999999999728 First Eig Val: -1.2206087735949105e-15 First Gap: 1.8325092990060905e-15 Largest Gap: 0.24413099422645124 Number of Clusters:4
Jump Percentage: 0.9999999999999544 First Eig Val: -2.828300719515884e-16 First Gap: 8.033909564577219e-18 Largest Gap: 0.1840111699891539 Number of Clusters:3
start:1 iteration:0
CellsA: 423 CellsB: 1627
MutsA: 58 MutsB: 388
Jump Percentage: 0.9999999999999728 First Eig Val: -1.2206087735949105e-15 First Gap: 1.8325092990060905e-15 Largest Gap: 0.24413099422645124 Number of Clusters:4
Jump Percentage: 0.9999999999999633 First Eig Val: -2.0612719543562528e-16 First Gap: 1.4677406181211624e-15 Largest Gap: 0.19896561486718206 Number of Clusters:3
start:2 iteration:0
CellsA: 423 CellsB: 1627
MutsA: 58 MutsB: 388
Jump Percentage: 0.9999999999999728 First Eig Val: -1.2206087735949105e-15 First Gap: 1.8325092990060905e-15 Largest Gap: 0.24413099422645124 Number of Clusters:4
Sprouted tree:
None
<bound method Phertilizer.sprout_linear of <phertilizer.Phertilizer object at 0x7f3aea2d42e0>> invalid
Number of subproblems remaining: 5
Starting k-clonal tree inference for seed:
Cells: 1627 Muts: 366 Ancestral Muts: 970 
Sprouting seed:
Cells: 1627 Muts: 366 Ancestral Muts: 970 
Sprouting a branching tree from seed ...
(Generator(PCG64) at 0x7F3AD7F0CC80,)
Jump Percentage: 0.9999999999999595 First Eig Val: -3.051602017819645e-16 First Gap: 1.9974881913057565e-16 Largest Gap: 0.2455870023886473 Number of Clusters:3
CellsA: 343 CellsB: 1284
MutsA: 28 mutsB: 335
Jump Percentage: 0.9999999999999692 First Eig Val: -2.427540166516861e-16 First Gap: 2.516671487455396e-16 Largest Gap: 0.25823486858404754 Number of Clusters:3
CellsA: 343 CellsB: 1284
MutsA: 28 mutsB: 335
Jump Percentage: 0.9999999999999868 First Eig Val: -2.7743699785639857e-17 First Gap: 8.864246648381783e-17 Largest Gap: 0.2794579784809944 Number of Clusters:3
CellsA: 1284 CellsB: 343
MutsA: 335 mutsB: 28
Sprouted tree:
None
<bound method Phertilizer.sprout_branching of <phertilizer.Phertilizer object at 0x7f3aea2d42e0>> invalid
Sprouting seed:
Cells: 1627 Muts: 366 Ancestral Muts: 970 
Sprouting a linear tree from seed ...
Jump Percentage: 0.9999999999999879 First Eig Val: -2.5926356243512166e-16 First Gap: 4.2943452064965194e-16 Largest Gap: 0.226795314839479 Number of Clusters:8
start:0 iteration:0
CellsA: 343 CellsB: 1284
MutsA: 45 MutsB: 321
Jump Percentage: 0.9999999999999791 First Eig Val: -1.525411193346197e-16 First Gap: 3.516765566149604e-16 Largest Gap: 0.3489962326624203 Number of Clusters:3
Jump Percentage: 0.9999999999999319 First Eig Val: -3.292559345866514e-16 First Gap: 4.629888930884892e-17 Largest Gap: 0.2527579499031134 Number of Clusters:8
start:1 iteration:0
CellsA: 343 CellsB: 1284
MutsA: 45 MutsB: 321
Jump Percentage: 0.9999999999999791 First Eig Val: -1.525411193346197e-16 First Gap: 3.516765566149604e-16 Largest Gap: 0.3489962326624203 Number of Clusters:3
Jump Percentage: 0.9999999999999671 First Eig Val: -5.635284780787341e-16 First Gap: 7.364252568021464e-16 Largest Gap: 0.20477883776779765 Number of Clusters:3
start:2 iteration:0
CellsA: 343 CellsB: 1284
MutsA: 45 MutsB: 321
Jump Percentage: 0.9999999999999791 First Eig Val: -1.525411193346197e-16 First Gap: 3.516765566149604e-16 Largest Gap: 0.3489962326624203 Number of Clusters:3
Sprouted tree:
None
<bound method Phertilizer.sprout_linear of <phertilizer.Phertilizer object at 0x7f3aea2d42e0>> invalid
Number of subproblems remaining: 4
Starting k-clonal tree inference for seed:
Cells: 2099 Muts: 309 Ancestral Muts: 690 
Sprouting seed:
Cells: 2099 Muts: 309 Ancestral Muts: 690 
Sprouting a branching tree from seed ...
(Generator(PCG64) at 0x7F3AD7F0CC80,)
Max copy distance < 1, using SNV kernel only
Jump Percentage: 0.1381751006078076 First Eig Val: -1.2378244935678552e-15 First Gap: 0.2868855870169141 Largest Gap: 0.2868855870169141 Number of Clusters:1
CellsA: 1398 CellsB: 701
MutsA: 34 mutsB: 5
Sprouted tree:
None
<bound method Phertilizer.sprout_branching of <phertilizer.Phertilizer object at 0x7f3aea2d42e0>> invalid
Sprouting seed:
Cells: 2099 Muts: 309 Ancestral Muts: 690 
Sprouting a linear tree from seed ...
Using SNV kernel only
Jump Percentage: 0.1952587472088597 First Eig Val: -1.024028951912562e-15 First Gap: 0.18360322347144745 Largest Gap: 0.39703394758407906 Number of Clusters:3
start:0 iteration:0
CellsA: 1551 CellsB: 548
MutsA: 299 MutsB: 10
Using SNV kernel only
Terminating cell clustering due to NANs in affinity matrix
Using SNV kernel only
Jump Percentage: 0.19973876142322777 First Eig Val: -1.9797531669585362e-15 First Gap: 0.18510889718252002 Largest Gap: 0.39747058229239207 Number of Clusters:3
start:1 iteration:0
CellsA: 1578 CellsB: 521
MutsA: 300 MutsB: 9
Using SNV kernel only
Terminating cell clustering due to NANs in affinity matrix
Using SNV kernel only
Jump Percentage: 0.24681419541758243 First Eig Val: 2.6020852139652166e-16 First Gap: 0.18673708875886552 Largest Gap: 0.37399377960287117 Number of Clusters:3
start:2 iteration:0
CellsA: 1580 CellsB: 519
MutsA: 300 MutsB: 9
Using SNV kernel only
Terminating cell clustering due to NANs in affinity matrix
Sprouted tree:
None
<bound method Phertilizer.sprout_linear of <phertilizer.Phertilizer object at 0x7f3aea2d42e0>> invalid
Number of subproblems remaining: 3
Starting k-clonal tree inference for seed:
Cells: 1627 Muts: 395 Ancestral Muts: 690 
Sprouting seed:
Cells: 1627 Muts: 395 Ancestral Muts: 690 
Sprouting a branching tree from seed ...
(Generator(PCG64) at 0x7F3AD7F0CC80,)
Jump Percentage: 0.9999999999999748 First Eig Val: -3.8839525330853576e-16 First Gap: 9.982080765772267e-16 Largest Gap: 0.3063787655794173 Number of Clusters:3
CellsA: 343 CellsB: 1284
MutsA: 35 mutsB: 357
Jump Percentage: 0.9999999999999748 First Eig Val: -1.942041032597628e-16 First Gap: 3.137459319140091e-16 Largest Gap: 0.25788119599236026 Number of Clusters:3
CellsA: 343 CellsB: 1284
MutsA: 35 mutsB: 357
Jump Percentage: 0.9999999999999795 First Eig Val: -5.5487796899451365e-17 First Gap: 2.2084372356125085e-16 Largest Gap: 0.22356024059376198 Number of Clusters:3
CellsA: 1284 CellsB: 343
MutsA: 357 mutsB: 35
Sprouted tree:
None
<bound method Phertilizer.sprout_branching of <phertilizer.Phertilizer object at 0x7f3aea2d42e0>> invalid
Sprouting seed:
Cells: 1627 Muts: 395 Ancestral Muts: 690 
Sprouting a linear tree from seed ...
Jump Percentage: 0.9999999999999658 First Eig Val: -1.9917660749670075e-16 First Gap: 5.369893811880013e-16 Largest Gap: 0.24658637549250015 Number of Clusters:3
start:0 iteration:0
CellsA: 343 CellsB: 1284
MutsA: 48 MutsB: 347
Jump Percentage: 0.9999999999999774 First Eig Val: -1.1100796497257564e-16 First Gap: 2.0475736093934951e-16 Largest Gap: 0.3978474203163023 Number of Clusters:3
Jump Percentage: 0.9999999999999748 First Eig Val: -6.347900223533405e-18 First Gap: 3.2959363956363285e-16 Largest Gap: 0.26557323589150983 Number of Clusters:3
start:1 iteration:0
CellsA: 343 CellsB: 1284
MutsA: 48 MutsB: 347
Jump Percentage: 0.9999999999999774 First Eig Val: -1.1100796497257564e-16 First Gap: 2.0475736093934951e-16 Largest Gap: 0.3978474203163023 Number of Clusters:3
Jump Percentage: 0.9999999999999787 First Eig Val: -5.683569437410465e-16 First Gap: 4.597925522078183e-16 Largest Gap: 0.22880698128816948 Number of Clusters:3
start:2 iteration:0
CellsA: 343 CellsB: 1284
MutsA: 48 MutsB: 347
Jump Percentage: 0.9999999999999774 First Eig Val: -1.1100796497257564e-16 First Gap: 2.0475736093934951e-16 Largest Gap: 0.3978474203163023 Number of Clusters:3
Sprouted tree:
None
<bound method Phertilizer.sprout_linear of <phertilizer.Phertilizer object at 0x7f3aea2d42e0>> invalid
Number of subproblems remaining: 2
Starting k-clonal tree inference for seed:
Cells: 2099 Muts: 388 Ancestral Muts: 487 
Sprouting seed:
Cells: 2099 Muts: 388 Ancestral Muts: 487 
Sprouting a branching tree from seed ...
(Generator(PCG64) at 0x7F3AD7F0CC80,)
Max copy distance < 1, using SNV kernel only
Jump Percentage: 0.08584321147407174 First Eig Val: -1.397089422445563e-16 First Gap: 0.35582581330399854 Largest Gap: 0.35582581330399854 Number of Clusters:1
CellsA: 1339 CellsB: 760
MutsA: 15 mutsB: 27
Max copy distance < 1, using SNV kernel only
Jump Percentage: 0.09710484020769258 First Eig Val: -4.967958243347027e-17 First Gap: 0.3856274434114675 Largest Gap: 0.3856274434114675 Number of Clusters:1
CellsA: 939 CellsB: 1160
MutsA: 14 mutsB: 69
Max copy distance < 1, using SNV kernel only
Jump Percentage: 0.13236167683589525 First Eig Val: -6.690137300334255e-16 First Gap: 0.3387170547583474 Largest Gap: 0.3387170547583474 Number of Clusters:1
CellsA: 1279 CellsB: 820
MutsA: 19 mutsB: 27
Sprouted tree:
None
<bound method Phertilizer.sprout_branching of <phertilizer.Phertilizer object at 0x7f3aea2d42e0>> invalid
Sprouting seed:
Cells: 2099 Muts: 388 Ancestral Muts: 487 
Sprouting a linear tree from seed ...
Using SNV kernel only
Jump Percentage: 0.20815904663295587 First Eig Val: -9.248244531301374e-17 First Gap: 0.25199677489124517 Largest Gap: 0.3326663121278159 Number of Clusters:3
start:0 iteration:0
CellsA: 1733 CellsB: 366
MutsA: 363 MutsB: 25
Using SNV kernel only
Terminating cell clustering due to NANs in affinity matrix
Using SNV kernel only
Jump Percentage: 0.20294232481406974 First Eig Val: -1.6101757514125391e-15 First Gap: 0.23764209184484517 Largest Gap: 0.3356104270504817 Number of Clusters:3
start:1 iteration:0
CellsA: 1728 CellsB: 371
MutsA: 361 MutsB: 27
Using SNV kernel only
Terminating cell clustering due to NANs in affinity matrix
Using SNV kernel only
Jump Percentage: 0.2804296746226288 First Eig Val: 2.0038292314512932e-15 First Gap: 0.25679434633127896 Largest Gap: 0.32509950341342525 Number of Clusters:3
start:2 iteration:0
CellsA: 1759 CellsB: 340
MutsA: 360 MutsB: 28
Using SNV kernel only
Terminating cell clustering due to NANs in affinity matrix
Sprouted tree:
None
<bound method Phertilizer.sprout_linear of <phertilizer.Phertilizer object at 0x7f3aea2d42e0>> invalid
Number of subproblems remaining: 1
Starting k-clonal tree inference for seed:
Cells: 2737 Muts: 519 Ancestral Muts: 487 
Sprouting seed:
Cells: 2737 Muts: 519 Ancestral Muts: 487 
Sprouting a branching tree from seed ...
(Generator(PCG64) at 0x7F3AD7F0CC80,)
Jump Percentage: 0.9999999999999835 First Eig Val: 1.9397396659695084e-16 First Gap: 3.4206384082707725e-16 Largest Gap: 0.3250548892829048 Number of Clusters:3
CellsA: 1284 CellsB: 1453
MutsA: 349 mutsB: 168
Jump Percentage: 0.9999999999999837 First Eig Val: -1.1111294200564336e-16 First Gap: 6.944801977207075e-16 Largest Gap: 0.2560147670073823 Number of Clusters:4
Clonal Tree 0 
[(0, 1), (0, 2)] 
Loss Nodes:0
Node: 0 Cells: 0 Muts: 2 LostMuts: 0
Node: 1 Cells: 1284 Muts: 349 LostMuts: 0
Node: 2 Cells: 1453 Muts: 168 LostMuts: 0
Total Cells: 2737 Total Muts: 519
Jump Percentage: 0.9999999999999738 First Eig Val: -1.4552870047286897e-16 First Gap: 5.3428524675335885e-16 Largest Gap: 0.3096360184650929 Number of Clusters:3
CellsA: 1284 CellsB: 1453
MutsA: 349 mutsB: 168
Jump Percentage: 0.9999999999999837 First Eig Val: -1.1111294200564336e-16 First Gap: 6.944801977207075e-16 Largest Gap: 0.2560147670073823 Number of Clusters:4
Clonal Tree 0 
[(0, 1), (0, 2)] 
Loss Nodes:0
Node: 0 Cells: 0 Muts: 2 LostMuts: 0
Node: 1 Cells: 1284 Muts: 349 LostMuts: 0
Node: 2 Cells: 1453 Muts: 168 LostMuts: 0
Total Cells: 2737 Total Muts: 519
Jump Percentage: 0.9999999999999818 First Eig Val: 2.0316125238291754e-16 First Gap: 2.4254166401695377e-16 Largest Gap: 0.28139884951527994 Number of Clusters:3
CellsA: 1453 CellsB: 1284
MutsA: 168 mutsB: 349
Jump Percentage: 0.9999999999999837 First Eig Val: -1.1111294200564336e-16 First Gap: 6.944801977207075e-16 Largest Gap: 0.2560147670073823 Number of Clusters:4
Clonal Tree 0 
[(0, 1), (0, 2)] 
Loss Nodes:0
Node: 0 Cells: 0 Muts: 2 LostMuts: 0
Node: 1 Cells: 1453 Muts: 168 LostMuts: 0
Node: 2 Cells: 1284 Muts: 349 LostMuts: 0
Total Cells: 2737 Total Muts: 519
Finding the maximum likelihood tree out of 3 trees....
Clonal Tree 0 
[(0, 1), (0, 2)] 
Loss Nodes:0
Node: 0 Cells: 0 Muts: 2 LostMuts: 0
Node: 1 Cells: 1284 Muts: 349 LostMuts: 0
Node: 2 Cells: 1453 Muts: 168 LostMuts: 0
Total Cells: 2737 Total Muts: 519

Tree: 0 LogLikelihood: 1525836.183047406
Variant LogLikelihood: -50743.315165542575 
RDR LogLikelihood: 1576579.4982129484

Clonal Tree 1 
[(0, 1), (0, 2)] 
Loss Nodes:0
Node: 0 Cells: 0 Muts: 2 LostMuts: 0
Node: 1 Cells: 1284 Muts: 349 LostMuts: 0
Node: 2 Cells: 1453 Muts: 168 LostMuts: 0
Total Cells: 2737 Total Muts: 519

Tree: 1 LogLikelihood: 1525836.183047406
Variant LogLikelihood: -50743.315165542575 
RDR LogLikelihood: 1576579.4982129484

Clonal Tree 2 
[(0, 1), (0, 2)] 
Loss Nodes:0
Node: 0 Cells: 0 Muts: 2 LostMuts: 0
Node: 1 Cells: 1453 Muts: 168 LostMuts: 0
Node: 2 Cells: 1284 Muts: 349 LostMuts: 0
Total Cells: 2737 Total Muts: 519

Tree: 2 LogLikelihood: 1525836.183047406
Variant LogLikelihood: -50743.315165542575 
RDR LogLikelihood: 1576579.4982129484

Sprouted tree:
Clonal Tree 0 
[(0, 1), (0, 2)] 
Loss Nodes:0
Node: 0 Cells: 0 Muts: 2 LostMuts: 0
Node: 1 Cells: 1284 Muts: 349 LostMuts: 0
Node: 2 Cells: 1453 Muts: 168 LostMuts: 0
Total Cells: 2737 Total Muts: 519
Cells: 1284 Muts: 349 Ancestral Muts: 489 
Cells: 1453 Muts: 168 Ancestral Muts: 489 
Sprouting seed:
Cells: 2737 Muts: 519 Ancestral Muts: 487 
Sprouting a linear tree from seed ...
Jump Percentage: 0.9999999999999573 First Eig Val: -1.2802074274246752e-15 First Gap: 9.636380189925814e-16 Largest Gap: 0.2952941515091485 Number of Clusters:3
start:0 iteration:0
CellsA: 1453 CellsB: 1284
MutsA: 168 MutsB: 351
Jump Percentage: 0.9999999999999627 First Eig Val: -7.560511447112313e-16 First Gap: 5.797041218082434e-16 Largest Gap: 0.35160750023632037 Number of Clusters:3
adding tree to internal list:
Clonal Tree 0 
[(0, 1)] 
Loss Nodes:0
Node: 0 Cells: 1453 Muts: 168 LostMuts: 0
Node: 1 Cells: 1284 Muts: 351 LostMuts: 0
Total Cells: 2737 Total Muts: 519
Jump Percentage: 0.9999999999999526 First Eig Val: -3.778640826337903e-16 First Gap: 3.8622910461145675e-16 Largest Gap: 0.27289229649965024 Number of Clusters:3
start:1 iteration:0
CellsA: 1453 CellsB: 1284
MutsA: 168 MutsB: 351
Jump Percentage: 0.9999999999999627 First Eig Val: -7.560511447112313e-16 First Gap: 5.797041218082434e-16 Largest Gap: 0.35160750023632037 Number of Clusters:3
adding tree to internal list:
Clonal Tree 0 
[(0, 1)] 
Loss Nodes:0
Node: 0 Cells: 1453 Muts: 168 LostMuts: 0
Node: 1 Cells: 1284 Muts: 351 LostMuts: 0
Total Cells: 2737 Total Muts: 519
Jump Percentage: 0.9999999999999605 First Eig Val: 2.873573914574646e-17 First Gap: 3.4618669243535666e-16 Largest Gap: 0.25941701702335246 Number of Clusters:3
start:2 iteration:0
CellsA: 1453 CellsB: 1284
MutsA: 168 MutsB: 351
Jump Percentage: 0.9999999999999627 First Eig Val: -7.560511447112313e-16 First Gap: 5.797041218082434e-16 Largest Gap: 0.35160750023632037 Number of Clusters:3
adding tree to internal list:
Clonal Tree 0 
[(0, 1)] 
Loss Nodes:0
Node: 0 Cells: 1453 Muts: 168 LostMuts: 0
Node: 1 Cells: 1284 Muts: 351 LostMuts: 0
Total Cells: 2737 Total Muts: 519
adding tree to candidate list:
Clonal Tree 0 
[(0, 1)] 
Loss Nodes:0
Node: 0 Cells: 1453 Muts: 168 LostMuts: 0
Node: 1 Cells: 1284 Muts: 351 LostMuts: 0
Total Cells: 2737 Total Muts: 519
Normalized Likelihood: -0.44161926153202224
Using SNV kernel only
Jump Percentage: 0.5914022613002631 First Eig Val: 1.7607308773325224e-15 First Gap: 0.46954696451503913 Largest Gap: 0.46954696451503913 Number of Clusters:1
start:0 iteration:0
CellsA: 1402 CellsB: 51
MutsA: 170 MutsB: 349
Using SNV kernel only
Jump Percentage: 0.9517250060514424 First Eig Val: 7.827939685345363e-16 First Gap: 0.9301473211210504 Largest Gap: 0.9301473211210504 Number of Clusters:1
start:0 iteration:1
CellsA: 1450 CellsB: 3
MutsA: 168 MutsB: 351
Using SNV kernel only
Jump Percentage: 0.9377189012170674 First Eig Val: 5.091562479790659e-15 First Gap: 0.8995421854473215 Largest Gap: 0.8995421854473215 Number of Clusters:1
start:0 iteration:2
CellsA: 1445 CellsB: 8
MutsA: 168 MutsB: 351
Using SNV kernel only
Jump Percentage: 0.9377189012170674 First Eig Val: 5.091562479790659e-15 First Gap: 0.8995421854473215 Largest Gap: 0.8995421854473215 Number of Clusters:1
adding tree to internal list:
Clonal Tree 0 
[(0, 1)] 
Loss Nodes:0
Node: 0 Cells: 1445 Muts: 168 LostMuts: 0
Node: 1 Cells: 1292 Muts: 351 LostMuts: 0
Total Cells: 2737 Total Muts: 519
Using SNV kernel only
Jump Percentage: 0.6014585685667402 First Eig Val: 6.137076405142931e-16 First Gap: 0.4305321275360756 Largest Gap: 0.4305321275360756 Number of Clusters:1
start:1 iteration:0
CellsA: 1387 CellsB: 66
MutsA: 170 MutsB: 349
Using SNV kernel only
Jump Percentage: 0.9517250060514424 First Eig Val: 7.827939685345363e-16 First Gap: 0.9301473211210504 Largest Gap: 0.9301473211210504 Number of Clusters:1
start:1 iteration:1
CellsA: 1450 CellsB: 3
MutsA: 168 MutsB: 351
Using SNV kernel only
Jump Percentage: 0.9377189012170674 First Eig Val: 5.091562479790659e-15 First Gap: 0.8995421854473215 Largest Gap: 0.8995421854473215 Number of Clusters:1
start:1 iteration:2
CellsA: 1445 CellsB: 8
MutsA: 168 MutsB: 351
Using SNV kernel only
Jump Percentage: 0.9377189012170674 First Eig Val: 5.091562479790659e-15 First Gap: 0.8995421854473215 Largest Gap: 0.8995421854473215 Number of Clusters:1
adding tree to internal list:
Clonal Tree 0 
[(0, 1)] 
Loss Nodes:0
Node: 0 Cells: 1445 Muts: 168 LostMuts: 0
Node: 1 Cells: 1292 Muts: 351 LostMuts: 0
Total Cells: 2737 Total Muts: 519
Using SNV kernel only
Jump Percentage: 0.4732931672249157 First Eig Val: -1.6167625973511407e-16 First Gap: 0.43491607651573944 Largest Gap: 0.43491607651573944 Number of Clusters:1
start:2 iteration:0
CellsA: 1386 CellsB: 67
MutsA: 167 MutsB: 352
Using SNV kernel only
Jump Percentage: 0.5730189127320577 First Eig Val: 2.7601744175671704e-15 First Gap: 0.9456736141366835 Largest Gap: 0.9456736141366835 Number of Clusters:1
start:2 iteration:1
CellsA: 1441 CellsB: 12
MutsA: 167 MutsB: 352
Using SNV kernel only
Jump Percentage: 0.5730189127320577 First Eig Val: 2.7601744175671704e-15 First Gap: 0.9456736141366835 Largest Gap: 0.9456736141366835 Number of Clusters:1
adding tree to internal list:
Clonal Tree 0 
[(0, 1)] 
Loss Nodes:0
Node: 0 Cells: 1441 Muts: 167 LostMuts: 0
Node: 1 Cells: 1296 Muts: 352 LostMuts: 0
Total Cells: 2737 Total Muts: 519
adding tree to candidate list:
Clonal Tree 2 
[(0, 1)] 
Loss Nodes:0
Node: 0 Cells: 1441 Muts: 167 LostMuts: 0
Node: 1 Cells: 1296 Muts: 352 LostMuts: 0
Total Cells: 2737 Total Muts: 519
Normalized Likelihood: -0.43606992868825606
Using SNV kernel only
Jump Percentage: 0.5335797545960651 First Eig Val: 8.243563433178099e-16 First Gap: 0.4278752288748675 Largest Gap: 0.4278752288748675 Number of Clusters:1
start:0 iteration:0
CellsA: 1375 CellsB: 66
MutsA: 167 MutsB: 352
Using SNV kernel only
Terminating cell clustering due to NANs in affinity matrix
Using SNV kernel only
Jump Percentage: 0.5762923752418146 First Eig Val: 3.943623380481499e-16 First Gap: 0.39817460793064946 Largest Gap: 0.39817460793064946 Number of Clusters:1
start:1 iteration:0
CellsA: 1364 CellsB: 77
MutsA: 167 MutsB: 352
Using SNV kernel only
Terminating cell clustering due to NANs in affinity matrix
Using SNV kernel only
Jump Percentage: 0.5130440476713415 First Eig Val: 2.1767177913685817e-16 First Gap: 0.4313167892268702 Largest Gap: 0.4313167892268702 Number of Clusters:1
start:2 iteration:0
CellsA: 1376 CellsB: 65
MutsA: 167 MutsB: 352
Using SNV kernel only
Terminating cell clustering due to NANs in affinity matrix
Clonal Tree 0 
[(0, 1)] 
Loss Nodes:0
Node: 0 Cells: 1453 Muts: 168 LostMuts: 0
Node: 1 Cells: 1284 Muts: 351 LostMuts: 0
Total Cells: 2737 Total Muts: 519
Normalized Likelihood: -0.44161926153202224
Clonal Tree 1 
[(0, 1)] 
Loss Nodes:0
Node: 0 Cells: 1441 Muts: 167 LostMuts: 0
Node: 1 Cells: 1296 Muts: 352 LostMuts: 0
Total Cells: 2737 Total Muts: 519
Normalized Likelihood: -0.43606992868825606
linear split norm likelihood best tree
Clonal Tree 1 
[(0, 1)] 
Loss Nodes:0
Node: 0 Cells: 1441 Muts: 167 LostMuts: 0
Node: 1 Cells: 1296 Muts: 352 LostMuts: 0
Total Cells: 2737 Total Muts: 519
Sprouted tree:
Clonal Tree 1 
[(0, 1)] 
Loss Nodes:0
Node: 0 Cells: 1441 Muts: 167 LostMuts: 0
Node: 1 Cells: 1296 Muts: 352 LostMuts: 0
Total Cells: 2737 Total Muts: 519
Cells: 1296 Muts: 352 Ancestral Muts: 654 
Number of subproblems remaining: 3
Starting k-clonal tree inference for seed:
Cells: 1296 Muts: 352 Ancestral Muts: 654 
Sprouting seed:
Cells: 1296 Muts: 352 Ancestral Muts: 654 
Sprouting a branching tree from seed ...
(Generator(PCG64) at 0x7F3AD7F0CC80,)
Jump Percentage: 0.9999999999998079 First Eig Val: -2.4753988258442133e-16 First Gap: 3.643438420856834e-16 Largest Gap: 0.16042459701416464 Number of Clusters:3
CellsA: 12 CellsB: 1284
MutsA: 23 mutsB: 327
Jump Percentage: 0.9999999999998627 First Eig Val: -3.1897872056733663e-16 First Gap: 3.5874314987269985e-16 Largest Gap: 0.2346076320335787 Number of Clusters:3
CellsA: 12 CellsB: 1284
MutsA: 23 mutsB: 327
Sprouted tree:
None
<bound method Phertilizer.sprout_branching of <phertilizer.Phertilizer object at 0x7f3aea2d42e0>> invalid
Sprouting seed:
Cells: 1296 Muts: 352 Ancestral Muts: 654 
Sprouting a linear tree from seed ...
Jump Percentage: 0.9999999999997976 First Eig Val: -7.69503408604734e-16 First Gap: 8.157819572283922e-16 Largest Gap: 0.3136943901995025 Number of Clusters:8
start:0 iteration:0
CellsA: 12 CellsB: 1284
MutsA: 315 MutsB: 37
Terminating cell clustering due to NANs in affinity matrix
Jump Percentage: 0.9999999999998487 First Eig Val: -4.54431498870624e-16 First Gap: 4.0934476970940745e-16 Largest Gap: 0.2622448235229088 Number of Clusters:3
start:1 iteration:0
CellsA: 1284 CellsB: 12
MutsA: 326 MutsB: 26
Terminating cell clustering due to NANs in affinity matrix
Jump Percentage: 0.9999999999999963 First Eig Val: -1.8533554247397395e-17 First Gap: 7.11184668526023e-17 Largest Gap: 0.2545806849395334 Number of Clusters:3
start:2 iteration:0
CellsA: 1284 CellsB: 12
MutsA: 326 MutsB: 26
Terminating cell clustering due to NANs in affinity matrix
Sprouted tree:
None
<bound method Phertilizer.sprout_linear of <phertilizer.Phertilizer object at 0x7f3aea2d42e0>> invalid
Number of subproblems remaining: 2
Starting k-clonal tree inference for seed:
Cells: 1284 Muts: 349 Ancestral Muts: 489 
Sprouting seed:
Cells: 1284 Muts: 349 Ancestral Muts: 489 
Sprouting a branching tree from seed ...
(Generator(PCG64) at 0x7F3AD7F0CC80,)
Jump Percentage: 0.999999999999989 First Eig Val: 1.821491093515091e-16 First Gap: 9.354470431737878e-16 Largest Gap: 0.2510403173013613 Number of Clusters:2
CellsA: 678 CellsB: 606
MutsA: 149 mutsB: 198
Jump Percentage: 0.9999999999999917 First Eig Val: 2.235690062127753e-16 First Gap: 3.7097272480985503e-16 Largest Gap: 0.31731256292836335 Number of Clusters:2
Clonal Tree 0 
[(0, 1), (0, 2)] 
Loss Nodes:0
Node: 0 Cells: 0 Muts: 2 LostMuts: 0
Node: 1 Cells: 678 Muts: 149 LostMuts: 0
Node: 2 Cells: 606 Muts: 198 LostMuts: 0
Total Cells: 1284 Total Muts: 349
Jump Percentage: 0.9999999999999785 First Eig Val: 3.2170533444323233e-16 First Gap: 1.0663870595631229e-16 Largest Gap: 0.2569071726624126 Number of Clusters:2
CellsA: 606 CellsB: 678
MutsA: 198 mutsB: 149
Jump Percentage: 0.9999999999999917 First Eig Val: 2.235690062127753e-16 First Gap: 3.7097272480985503e-16 Largest Gap: 0.31731256292836335 Number of Clusters:2
Clonal Tree 0 
[(0, 1), (0, 2)] 
Loss Nodes:0
Node: 0 Cells: 0 Muts: 2 LostMuts: 0
Node: 1 Cells: 606 Muts: 198 LostMuts: 0
Node: 2 Cells: 678 Muts: 149 LostMuts: 0
Total Cells: 1284 Total Muts: 349
Jump Percentage: 0.9999999999999897 First Eig Val: -1.1569616879965434e-16 First Gap: 3.432743923254062e-17 Largest Gap: 0.33580507553000427 Number of Clusters:2
CellsA: 606 CellsB: 678
MutsA: 198 mutsB: 149
Jump Percentage: 0.9999999999999917 First Eig Val: 2.235690062127753e-16 First Gap: 3.7097272480985503e-16 Largest Gap: 0.31731256292836335 Number of Clusters:2
Clonal Tree 0 
[(0, 1), (0, 2)] 
Loss Nodes:0
Node: 0 Cells: 0 Muts: 2 LostMuts: 0
Node: 1 Cells: 606 Muts: 198 LostMuts: 0
Node: 2 Cells: 678 Muts: 149 LostMuts: 0
Total Cells: 1284 Total Muts: 349
Finding the maximum likelihood tree out of 3 trees....
Clonal Tree 0 
[(0, 1), (0, 2)] 
Loss Nodes:0
Node: 0 Cells: 0 Muts: 2 LostMuts: 0
Node: 1 Cells: 678 Muts: 149 LostMuts: 0
Node: 2 Cells: 606 Muts: 198 LostMuts: 0
Total Cells: 1284 Total Muts: 349

Tree: 0 LogLikelihood: 803775.7423938629
Variant LogLikelihood: -23241.97629700865 
RDR LogLikelihood: 827017.7186908715

Clonal Tree 1 
[(0, 1), (0, 2)] 
Loss Nodes:0
Node: 0 Cells: 0 Muts: 2 LostMuts: 0
Node: 1 Cells: 606 Muts: 198 LostMuts: 0
Node: 2 Cells: 678 Muts: 149 LostMuts: 0
Total Cells: 1284 Total Muts: 349

Tree: 1 LogLikelihood: 803775.7423938629
Variant LogLikelihood: -23241.97629700865 
RDR LogLikelihood: 827017.7186908715

Clonal Tree 2 
[(0, 1), (0, 2)] 
Loss Nodes:0
Node: 0 Cells: 0 Muts: 2 LostMuts: 0
Node: 1 Cells: 606 Muts: 198 LostMuts: 0
Node: 2 Cells: 678 Muts: 149 LostMuts: 0
Total Cells: 1284 Total Muts: 349

Tree: 2 LogLikelihood: 803775.7423938629
Variant LogLikelihood: -23241.97629700865 
RDR LogLikelihood: 827017.7186908715

Sprouted tree:
Clonal Tree 0 
[(0, 1), (0, 2)] 
Loss Nodes:0
Node: 0 Cells: 0 Muts: 2 LostMuts: 0
Node: 1 Cells: 678 Muts: 149 LostMuts: 0
Node: 2 Cells: 606 Muts: 198 LostMuts: 0
Total Cells: 1284 Total Muts: 349
Cells: 678 Muts: 149 Ancestral Muts: 491 
Cells: 606 Muts: 198 Ancestral Muts: 491 
Sprouting seed:
Cells: 1284 Muts: 349 Ancestral Muts: 489 
Sprouting a linear tree from seed ...
Jump Percentage: 0.99999999999999 First Eig Val: -1.0270854225440306e-15 First Gap: 1.0545105149324305e-15 Largest Gap: 0.2842370585021621 Number of Clusters:6
start:0 iteration:0
CellsA: 678 CellsB: 606
MutsA: 151 MutsB: 198
Jump Percentage: 0.9999999999999889 First Eig Val: -1.6838652410087877e-16 First Gap: 5.525458558530763e-16 Largest Gap: 0.29819060567699135 Number of Clusters:4
adding tree to internal list:
Clonal Tree 0 
[(0, 1)] 
Loss Nodes:0
Node: 0 Cells: 678 Muts: 151 LostMuts: 0
Node: 1 Cells: 606 Muts: 198 LostMuts: 0
Total Cells: 1284 Total Muts: 349
Jump Percentage: 0.9999999999999827 First Eig Val: -3.6869883049626157e-16 First Gap: 4.731911167104439e-16 Largest Gap: 0.2969500040718898 Number of Clusters:6
start:1 iteration:0
CellsA: 678 CellsB: 606
MutsA: 151 MutsB: 198
Jump Percentage: 0.9999999999999889 First Eig Val: -1.6838652410087877e-16 First Gap: 5.525458558530763e-16 Largest Gap: 0.29819060567699135 Number of Clusters:4
adding tree to internal list:
Clonal Tree 0 
[(0, 1)] 
Loss Nodes:0
Node: 0 Cells: 678 Muts: 151 LostMuts: 0
Node: 1 Cells: 606 Muts: 198 LostMuts: 0
Total Cells: 1284 Total Muts: 349
Jump Percentage: 0.9999999999999916 First Eig Val: -1.2359192540670981e-16 First Gap: 8.474750106251595e-16 Largest Gap: 0.32535085940771924 Number of Clusters:6
start:2 iteration:0
CellsA: 678 CellsB: 606
MutsA: 151 MutsB: 198
Jump Percentage: 0.9999999999999889 First Eig Val: -1.6838652410087877e-16 First Gap: 5.525458558530763e-16 Largest Gap: 0.29819060567699135 Number of Clusters:4
adding tree to internal list:
Clonal Tree 0 
[(0, 1)] 
Loss Nodes:0
Node: 0 Cells: 678 Muts: 151 LostMuts: 0
Node: 1 Cells: 606 Muts: 198 LostMuts: 0
Total Cells: 1284 Total Muts: 349
adding tree to candidate list:
Clonal Tree 0 
[(0, 1)] 
Loss Nodes:0
Node: 0 Cells: 678 Muts: 151 LostMuts: 0
Node: 1 Cells: 606 Muts: 198 LostMuts: 0
Total Cells: 1284 Total Muts: 349
Normalized Likelihood: -0.5373354900989432
Clonal Tree 0 
[(0, 1)] 
Loss Nodes:0
Node: 0 Cells: 678 Muts: 151 LostMuts: 0
Node: 1 Cells: 606 Muts: 198 LostMuts: 0
Total Cells: 1284 Total Muts: 349
Normalized Likelihood: -0.5373354900989432
linear split norm likelihood best tree
Clonal Tree 0 
[(0, 1)] 
Loss Nodes:0
Node: 0 Cells: 678 Muts: 151 LostMuts: 0
Node: 1 Cells: 606 Muts: 198 LostMuts: 0
Total Cells: 1284 Total Muts: 349
Sprouted tree:
Clonal Tree 0 
[(0, 1)] 
Loss Nodes:0
Node: 0 Cells: 678 Muts: 151 LostMuts: 0
Node: 1 Cells: 606 Muts: 198 LostMuts: 0
Total Cells: 1284 Total Muts: 349
Cells: 606 Muts: 198 Ancestral Muts: 640 
Number of subproblems remaining: 3
func:'planting' args:[(<phertilizer.Phertilizer object at 0x7f3aea2d42e0>, deque([])), {}] took: 1918.3486 sec
Planting phase complete!

Starting grow phase....
Clonal Tree 0 
[(0, 1), (0, 2)] 
Loss Nodes:0
Node: 0 Cells: 0 Muts: 487 LostMuts: 0
Node: 1 Cells: 2737 Muts: 519 LostMuts: 0
Node: 2 Cells: 2099 Muts: 388 LostMuts: 0
Total Cells: 4836 Total Muts: 1394
Clonal Tree 0 
[(0, 1), (0, 2)] 
Loss Nodes:0
Node: 0 Cells: 0 Muts: 2 LostMuts: 0
Node: 1 Cells: 1284 Muts: 349 LostMuts: 0
Node: 2 Cells: 1453 Muts: 168 LostMuts: 0
Total Cells: 2737 Total Muts: 519
1394
1394
1394
Clonal Tree 0 
[(0, 2), (0, 3), (3, 4), (3, 5)] 
Loss Nodes:0
Node: 0 Cells: 0 Muts: 487 LostMuts: 0
Node: 2 Cells: 2099 Muts: 388 LostMuts: 0
Node: 3 Cells: 0 Muts: 2 LostMuts: 0
Node: 4 Cells: 1284 Muts: 349 LostMuts: 0
Node: 5 Cells: 1453 Muts: 168 LostMuts: 0
Total Cells: 4836 Total Muts: 1394
Clonal Tree 0 
[(0, 2), (0, 3), (3, 4), (3, 5)] 
Loss Nodes:0
Node: 0 Cells: 0 Muts: 487 LostMuts: 0
Node: 2 Cells: 2099 Muts: 388 LostMuts: 0
Node: 3 Cells: 0 Muts: 2 LostMuts: 0
Node: 4 Cells: 1284 Muts: 349 LostMuts: 0
Node: 5 Cells: 1453 Muts: 168 LostMuts: 0
Total Cells: 4836 Total Muts: 1394
Clonal Tree 0 
[(0, 1), (0, 2)] 
Loss Nodes:0
Node: 0 Cells: 0 Muts: 487 LostMuts: 0
Node: 1 Cells: 2737 Muts: 519 LostMuts: 0
Node: 2 Cells: 2099 Muts: 388 LostMuts: 0
Total Cells: 4836 Total Muts: 1394
Clonal Tree 1 
[(0, 1)] 
Loss Nodes:0
Node: 0 Cells: 1441 Muts: 167 LostMuts: 0
Node: 1 Cells: 1296 Muts: 352 LostMuts: 0
Total Cells: 2737 Total Muts: 519
1394
1394
1394
Clonal Tree 0 
[(0, 2), (0, 3), (3, 4)] 
Loss Nodes:0
Node: 0 Cells: 0 Muts: 487 LostMuts: 0
Node: 2 Cells: 2099 Muts: 388 LostMuts: 0
Node: 3 Cells: 1441 Muts: 167 LostMuts: 0
Node: 4 Cells: 1296 Muts: 352 LostMuts: 0
Total Cells: 4836 Total Muts: 1394
Clonal Tree 0 
[(0, 2), (0, 3), (3, 4)] 
Loss Nodes:0
Node: 0 Cells: 0 Muts: 487 LostMuts: 0
Node: 2 Cells: 2099 Muts: 388 LostMuts: 0
Node: 3 Cells: 1441 Muts: 167 LostMuts: 0
Node: 4 Cells: 1296 Muts: 352 LostMuts: 0
Total Cells: 4836 Total Muts: 1394
Clonal Tree 1 
[(0, 2), (0, 3), (3, 4), (3, 5)] 
Loss Nodes:0
Node: 0 Cells: 0 Muts: 487 LostMuts: 0
Node: 2 Cells: 2099 Muts: 388 LostMuts: 0
Node: 3 Cells: 0 Muts: 2 LostMuts: 0
Node: 4 Cells: 1284 Muts: 349 LostMuts: 0
Node: 5 Cells: 1453 Muts: 168 LostMuts: 0
Total Cells: 4836 Total Muts: 1394
Clonal Tree 0 
[(0, 1), (0, 2)] 
Loss Nodes:0
Node: 0 Cells: 0 Muts: 2 LostMuts: 0
Node: 1 Cells: 678 Muts: 149 LostMuts: 0
Node: 2 Cells: 606 Muts: 198 LostMuts: 0
Total Cells: 1284 Total Muts: 349
1394
1394
1394
Clonal Tree 1 
[(0, 2), (0, 3), (3, 5), (3, 6), (6, 7), (6, 8)] 
Loss Nodes:0
Node: 0 Cells: 0 Muts: 487 LostMuts: 0
Node: 2 Cells: 2099 Muts: 388 LostMuts: 0
Node: 3 Cells: 0 Muts: 2 LostMuts: 0
Node: 5 Cells: 1453 Muts: 168 LostMuts: 0
Node: 6 Cells: 0 Muts: 2 LostMuts: 0
Node: 7 Cells: 678 Muts: 149 LostMuts: 0
Node: 8 Cells: 606 Muts: 198 LostMuts: 0
Total Cells: 4836 Total Muts: 1394
Clonal Tree 1 
[(0, 2), (0, 3), (3, 5), (3, 6), (6, 7), (6, 8)] 
Loss Nodes:0
Node: 0 Cells: 0 Muts: 487 LostMuts: 0
Node: 2 Cells: 2099 Muts: 388 LostMuts: 0
Node: 3 Cells: 0 Muts: 2 LostMuts: 0
Node: 5 Cells: 1453 Muts: 168 LostMuts: 0
Node: 6 Cells: 0 Muts: 2 LostMuts: 0
Node: 7 Cells: 678 Muts: 149 LostMuts: 0
Node: 8 Cells: 606 Muts: 198 LostMuts: 0
Total Cells: 4836 Total Muts: 1394
Clonal Tree 1 
[(0, 2), (0, 3), (3, 4), (3, 5)] 
Loss Nodes:0
Node: 0 Cells: 0 Muts: 487 LostMuts: 0
Node: 2 Cells: 2099 Muts: 388 LostMuts: 0
Node: 3 Cells: 0 Muts: 2 LostMuts: 0
Node: 4 Cells: 1284 Muts: 349 LostMuts: 0
Node: 5 Cells: 1453 Muts: 168 LostMuts: 0
Total Cells: 4836 Total Muts: 1394
Clonal Tree 0 
[(0, 1)] 
Loss Nodes:0
Node: 0 Cells: 678 Muts: 151 LostMuts: 0
Node: 1 Cells: 606 Muts: 198 LostMuts: 0
Total Cells: 1284 Total Muts: 349
1394
1394
1394
Clonal Tree 1 
[(0, 2), (0, 3), (3, 5), (3, 6), (6, 7)] 
Loss Nodes:0
Node: 0 Cells: 0 Muts: 487 LostMuts: 0
Node: 2 Cells: 2099 Muts: 388 LostMuts: 0
Node: 3 Cells: 0 Muts: 2 LostMuts: 0
Node: 5 Cells: 1453 Muts: 168 LostMuts: 0
Node: 6 Cells: 678 Muts: 151 LostMuts: 0
Node: 7 Cells: 606 Muts: 198 LostMuts: 0
Total Cells: 4836 Total Muts: 1394
Clonal Tree 1 
[(0, 2), (0, 3), (3, 5), (3, 6), (6, 7)] 
Loss Nodes:0
Node: 0 Cells: 0 Muts: 487 LostMuts: 0
Node: 2 Cells: 2099 Muts: 388 LostMuts: 0
Node: 3 Cells: 0 Muts: 2 LostMuts: 0
Node: 5 Cells: 1453 Muts: 168 LostMuts: 0
Node: 6 Cells: 678 Muts: 151 LostMuts: 0
Node: 7 Cells: 606 Muts: 198 LostMuts: 0
Total Cells: 4836 Total Muts: 1394
Clonal Tree 5 
[(0, 1)] 
Loss Nodes:0
Node: 0 Cells: 1110 Muts: 507 LostMuts: 0
Node: 1 Cells: 3726 Muts: 887 LostMuts: 0
Total Cells: 4836 Total Muts: 1394
Clonal Tree 0 
[(0, 1), (0, 2)] 
Loss Nodes:0
Node: 0 Cells: 0 Muts: 183 LostMuts: 0
Node: 1 Cells: 1627 Muts: 395 LostMuts: 0
Node: 2 Cells: 2099 Muts: 309 LostMuts: 0
Total Cells: 3726 Total Muts: 887
1394
1394
1394
Clonal Tree 5 
[(0, 1), (1, 2), (1, 3)] 
Loss Nodes:0
Node: 0 Cells: 1110 Muts: 507 LostMuts: 0
Node: 1 Cells: 0 Muts: 183 LostMuts: 0
Node: 2 Cells: 1627 Muts: 395 LostMuts: 0
Node: 3 Cells: 2099 Muts: 309 LostMuts: 0
Total Cells: 4836 Total Muts: 1394
Clonal Tree 5 
[(0, 1), (1, 2), (1, 3)] 
Loss Nodes:0
Node: 0 Cells: 1110 Muts: 507 LostMuts: 0
Node: 1 Cells: 0 Muts: 183 LostMuts: 0
Node: 2 Cells: 1627 Muts: 395 LostMuts: 0
Node: 3 Cells: 2099 Muts: 309 LostMuts: 0
Total Cells: 4836 Total Muts: 1394
Clonal Tree 5 
[(0, 1)] 
Loss Nodes:0
Node: 0 Cells: 1110 Muts: 507 LostMuts: 0
Node: 1 Cells: 3726 Muts: 887 LostMuts: 0
Total Cells: 4836 Total Muts: 1394
Clonal Tree 1 
[(0, 1)] 
Loss Nodes:0
Node: 0 Cells: 1676 Muts: 441 LostMuts: 0
Node: 1 Cells: 2050 Muts: 446 LostMuts: 0
Total Cells: 3726 Total Muts: 887
1394
1394
1394
Clonal Tree 5 
[(0, 1), (1, 2)] 
Loss Nodes:0
Node: 0 Cells: 1110 Muts: 507 LostMuts: 0
Node: 1 Cells: 1676 Muts: 441 LostMuts: 0
Node: 2 Cells: 2050 Muts: 446 LostMuts: 0
Total Cells: 4836 Total Muts: 1394
Clonal Tree 5 
[(0, 1), (1, 2)] 
Loss Nodes:0
Node: 0 Cells: 1110 Muts: 507 LostMuts: 0
Node: 1 Cells: 1676 Muts: 441 LostMuts: 0
Node: 2 Cells: 2050 Muts: 446 LostMuts: 0
Total Cells: 4836 Total Muts: 1394
Clonal Tree 7 
[(0, 1), (1, 2)] 
Loss Nodes:0
Node: 0 Cells: 1110 Muts: 507 LostMuts: 0
Node: 1 Cells: 1676 Muts: 441 LostMuts: 0
Node: 2 Cells: 2050 Muts: 446 LostMuts: 0
Total Cells: 4836 Total Muts: 1394
Clonal Tree 0 
[(0, 1), (0, 2)] 
Loss Nodes:0
Node: 0 Cells: 0 Muts: 22 LostMuts: 0
Node: 1 Cells: 423 Muts: 58 LostMuts: 0
Node: 2 Cells: 1627 Muts: 366 LostMuts: 0
Total Cells: 2050 Total Muts: 446
1394
1394
1394
Clonal Tree 7 
[(0, 1), (1, 2), (2, 3), (2, 4)] 
Loss Nodes:0
Node: 0 Cells: 1110 Muts: 507 LostMuts: 0
Node: 1 Cells: 1676 Muts: 441 LostMuts: 0
Node: 2 Cells: 0 Muts: 22 LostMuts: 0
Node: 3 Cells: 423 Muts: 58 LostMuts: 0
Node: 4 Cells: 1627 Muts: 366 LostMuts: 0
Total Cells: 4836 Total Muts: 1394
Clonal Tree 7 
[(0, 1), (1, 2), (2, 3), (2, 4)] 
Loss Nodes:0
Node: 0 Cells: 1110 Muts: 507 LostMuts: 0
Node: 1 Cells: 1676 Muts: 441 LostMuts: 0
Node: 2 Cells: 0 Muts: 22 LostMuts: 0
Node: 3 Cells: 423 Muts: 58 LostMuts: 0
Node: 4 Cells: 1627 Muts: 366 LostMuts: 0
Total Cells: 4836 Total Muts: 1394
func:'grow' args:[(<phertilizer.Phertilizer object at 0x7f3aea2d42e0>,), {}] took: 0.0283 sec
Growing phase complete!

Identifying the maximum likelihood k-clonal tree....
Finding the maximum likelihood tree out of 9 trees....
Clonal Tree 0 
[(0, 1), (0, 2)] 
Loss Nodes:0
Node: 0 Cells: 0 Muts: 487 LostMuts: 0
Node: 1 Cells: 2737 Muts: 519 LostMuts: 0
Node: 2 Cells: 2099 Muts: 388 LostMuts: 0
Total Cells: 4836 Total Muts: 1394

Tree: 0 LogLikelihood: 2608922.93160659
Variant LogLikelihood: -59520.036184707584 
RDR LogLikelihood: 2668442.9677912975

Clonal Tree 1 
[(0, 2), (0, 3), (3, 4), (3, 5)] 
Loss Nodes:0
Node: 0 Cells: 0 Muts: 487 LostMuts: 0
Node: 2 Cells: 2099 Muts: 388 LostMuts: 0
Node: 3 Cells: 0 Muts: 2 LostMuts: 0
Node: 4 Cells: 1284 Muts: 349 LostMuts: 0
Node: 5 Cells: 1453 Muts: 168 LostMuts: 0
Total Cells: 4836 Total Muts: 1394

Tree: 1 LogLikelihood: 2768773.503225911
Variant LogLikelihood: -42821.19148035523 
RDR LogLikelihood: 2811594.6947062663

Clonal Tree 2 
[(0, 2), (0, 3), (3, 4)] 
Loss Nodes:0
Node: 0 Cells: 0 Muts: 487 LostMuts: 0
Node: 2 Cells: 2099 Muts: 388 LostMuts: 0
Node: 3 Cells: 1441 Muts: 167 LostMuts: 0
Node: 4 Cells: 1296 Muts: 352 LostMuts: 0
Total Cells: 4836 Total Muts: 1394

Tree: 2 LogLikelihood: 2758368.4595432924
Variant LogLikelihood: -45914.91824791822 
RDR LogLikelihood: 2804283.3777912105

Clonal Tree 3 
[(0, 2), (0, 3), (3, 5), (3, 6), (6, 7), (6, 8)] 
Loss Nodes:0
Node: 0 Cells: 0 Muts: 487 LostMuts: 0
Node: 2 Cells: 2099 Muts: 388 LostMuts: 0
Node: 3 Cells: 0 Muts: 2 LostMuts: 0
Node: 5 Cells: 1453 Muts: 168 LostMuts: 0
Node: 6 Cells: 0 Muts: 2 LostMuts: 0
Node: 7 Cells: 678 Muts: 149 LostMuts: 0
Node: 8 Cells: 606 Muts: 198 LostMuts: 0
Total Cells: 4836 Total Muts: 1394

Tree: 3 LogLikelihood: 2810061.5698079434
Variant LogLikelihood: -39568.61024715174 
RDR LogLikelihood: 2849630.1800550953

Clonal Tree 4 
[(0, 2), (0, 3), (3, 5), (3, 6), (6, 7)] 
Loss Nodes:0
Node: 0 Cells: 0 Muts: 487 LostMuts: 0
Node: 2 Cells: 2099 Muts: 388 LostMuts: 0
Node: 3 Cells: 0 Muts: 2 LostMuts: 0
Node: 5 Cells: 1453 Muts: 168 LostMuts: 0
Node: 6 Cells: 678 Muts: 151 LostMuts: 0
Node: 7 Cells: 606 Muts: 198 LostMuts: 0
Total Cells: 4836 Total Muts: 1394

Tree: 4 LogLikelihood: 2808756.4184201034
Variant LogLikelihood: -40873.76163499197 
RDR LogLikelihood: 2849630.1800550953

Clonal Tree 5 
[(0, 1)] 
Loss Nodes:0
Node: 0 Cells: 1110 Muts: 507 LostMuts: 0
Node: 1 Cells: 3726 Muts: 887 LostMuts: 0
Total Cells: 4836 Total Muts: 1394

Tree: 5 LogLikelihood: 2179732.362784954
Variant LogLikelihood: -69418.97559816348 
RDR LogLikelihood: 2249151.3383831177

Clonal Tree 6 
[(0, 1), (1, 2), (1, 3)] 
Loss Nodes:0
Node: 0 Cells: 1110 Muts: 507 LostMuts: 0
Node: 1 Cells: 0 Muts: 183 LostMuts: 0
Node: 2 Cells: 1627 Muts: 395 LostMuts: 0
Node: 3 Cells: 2099 Muts: 309 LostMuts: 0
Total Cells: 4836 Total Muts: 1394

Tree: 6 LogLikelihood: 2553481.3891032636
Variant LogLikelihood: -49239.44100207341 
RDR LogLikelihood: 2602720.830105337

Clonal Tree 7 
[(0, 1), (1, 2)] 
Loss Nodes:0
Node: 0 Cells: 1110 Muts: 507 LostMuts: 0
Node: 1 Cells: 1676 Muts: 441 LostMuts: 0
Node: 2 Cells: 2050 Muts: 446 LostMuts: 0
Total Cells: 4836 Total Muts: 1394

Tree: 7 LogLikelihood: 2424530.765349111
Variant LogLikelihood: -62796.45625033466 
RDR LogLikelihood: 2487327.2215994457

Clonal Tree 8 
[(0, 1), (1, 2), (2, 3), (2, 4)] 
Loss Nodes:0
Node: 0 Cells: 1110 Muts: 507 LostMuts: 0
Node: 1 Cells: 1676 Muts: 441 LostMuts: 0
Node: 2 Cells: 0 Muts: 22 LostMuts: 0
Node: 3 Cells: 423 Muts: 58 LostMuts: 0
Node: 4 Cells: 1627 Muts: 366 LostMuts: 0
Total Cells: 4836 Total Muts: 1394

Tree: 8 LogLikelihood: 2548162.7434175666
Variant LogLikelihood: -54558.086687770556 
RDR LogLikelihood: 2602720.830105337

\Phertilizer Tree....
Clonal Tree 3 
[(0, 2), (0, 3), (3, 5), (3, 6), (6, 7), (6, 8)] 
Loss Nodes:0
Node: 0 Cells: 0 Muts: 487 LostMuts: 0
Node: 2 Cells: 2099 Muts: 388 LostMuts: 0
Node: 3 Cells: 0 Muts: 2 LostMuts: 0
Node: 5 Cells: 1453 Muts: 168 LostMuts: 0
Node: 6 Cells: 0 Muts: 2 LostMuts: 0
Node: 7 Cells: 678 Muts: 149 LostMuts: 0
Node: 8 Cells: 606 Muts: 198 LostMuts: 0
Total Cells: 4836 Total Muts: 1394
Saving files.....
Thanks for planting a tree! See you later, friend.
