/scratch/data/leah/phertilizer/src/branching_split.py:108: RuntimeWarning: invalid value encountered in true_divide
  tmb = mut_var_count_by_cell/mut_total_reads_by_cell
/scratch/data/leah/phertilizer/src/branching_split.py:108: RuntimeWarning: invalid value encountered in true_divide
  tmb = mut_var_count_by_cell/mut_total_reads_by_cell
/scratch/data/leah/phertilizer/src/branching_split.py:108: RuntimeWarning: invalid value encountered in true_divide
  tmb = mut_var_count_by_cell/mut_total_reads_by_cell
INFO:root:Mb Count a: 2.939097744360902 Mb Count b: 11.275456919060053
INFO:root:Mb Count a: 0.10563909774436091 Mb Count b: 11.782854656222803
INFO:root:Mb Count a: 2.911278195488722 Mb Count b: 11.200174064403829
INFO:root:Mb Count a: 0.10563909774436091 Mb Count b: 11.782854656222803
INFO:root:Mb Count a: 3.031578947368421 Mb Count b: 11.3059181897302
INFO:root:Mb Count a: 0.10563909774436091 Mb Count b: 11.782854656222803
INFO:root:Mb Count a: 2.4089673913043477 Mb Count b: 5.570686070686071
INFO:root:Mb Count a: 0.02717391304347826 Mb Count b: 6.308212058212058
INFO:root:Mb Count a: 2.457880434782609 Mb Count b: 5.516112266112266
INFO:root:Mb Count a: 0.02717391304347826 Mb Count b: 6.308212058212058
INFO:root:Mb Count a: 2.3301630434782608 Mb Count b: 5.4329521829521825
INFO:root:Mb Count a: 0.02717391304347826 Mb Count b: 6.308212058212058
/scratch/data/leah/phertilizer/src/branching_split.py:108: RuntimeWarning: invalid value encountered in true_divide
  tmb = mut_var_count_by_cell/mut_total_reads_by_cell
/scratch/data/leah/phertilizer/src/branching_split.py:108: RuntimeWarning: invalid value encountered in true_divide
  tmb = mut_var_count_by_cell/mut_total_reads_by_cell
/scratch/data/leah/phertilizer/src/branching_split.py:108: RuntimeWarning: invalid value encountered in true_divide
  tmb = mut_var_count_by_cell/mut_total_reads_by_cell
INFO:root:Mb Count a: 1.9797297297297298 Mb Count b: 8.548738033072237
INFO:root:Mb Count a: 0.0550935550935551 Mb Count b: 11.404699738903394
INFO:root:Mb Count a: 2.0925155925155927 Mb Count b: 8.611836379460401
INFO:root:Mb Count a: 0.0550935550935551 Mb Count b: 11.404699738903394
INFO:root:Mb Count a: 2.054054054054054 Mb Count b: 8.576588337684944
INFO:root:Mb Count a: 0.0550935550935551 Mb Count b: 11.404699738903394
INFO:root:Mb Count a: 1.9042904290429044 Mb Count b: 3.679059180576631
INFO:root:Mb Count a: 0.0033003300330033004 Mb Count b: 4.026555386949924
INFO:root:Mb Count a: 1.7904290429042904 Mb Count b: 3.7040971168437027
INFO:root:Mb Count a: 0.0033003300330033004 Mb Count b: 4.026555386949924
INFO:root:Mb Count a: 1.7607260726072607 Mb Count b: 3.5622154779969653
INFO:root:Mb Count a: 0.0033003300330033004 Mb Count b: 4.026555386949924
/scratch/data/leah/phertilizer/src/branching_split.py:108: RuntimeWarning: invalid value encountered in true_divide
  tmb = mut_var_count_by_cell/mut_total_reads_by_cell
/scratch/data/leah/phertilizer/src/branching_split.py:108: RuntimeWarning: invalid value encountered in true_divide
  tmb = mut_var_count_by_cell/mut_total_reads_by_cell
/scratch/data/leah/phertilizer/src/branching_split.py:108: RuntimeWarning: invalid value encountered in true_divide
  tmb = mut_var_count_by_cell/mut_total_reads_by_cell
INFO:root:Mb Count a: 3.165154264972777 Mb Count b: 6.683110367892977
INFO:root:Mb Count a: 0.08166969147005444 Mb Count b: 5.775083612040134
INFO:root:Mb Count a: 3.180580762250454 Mb Count b: 6.632107023411371
INFO:root:Mb Count a: 0.08166969147005444 Mb Count b: 5.775083612040134
INFO:root:Mb Count a: 3.082577132486388 Mb Count b: 6.681438127090301
INFO:root:Mb Count a: 0.08166969147005444 Mb Count b: 5.775083612040134
INFO:root:Mb Count a: 0.0 Mb Count b: 1.6544428772919606
INFO:root:Mb Count a: 0.4707646176911544 Mb Count b: 2.9218390804597703
INFO:root:Mb Count a: 0.24129353233830847 Mb Count b: 2.4328859060402683
INFO:root:Mb Count a: 0.1651270207852194 Mb Count b: 2.1652542372881354
INFO:root:Mb Count a: 0.0 Mb Count b: 1.6666666666666667
INFO:root:Mb Count a: 0.18892508143322476 Mb Count b: 2.248618784530387
INFO:root:Mb Count a: 0.16352201257861634 Mb Count b: 2.189189189189189
INFO:root:Mb Count a: 0.1353305785123967 Mb Count b: 2.126865671641791
INFO:root:Mb Count a: 0.12551440329218108 Mb Count b: 2.1
INFO:root:Mb Count a: 0.12012320328542095 Mb Count b: 2.0859375
INFO:root:Mb Count a: 0.0 Mb Count b: 1.649789029535865
INFO:root:Mb Count a: 0.3853989813242784 Mb Count b: 2.7914230019493176
INFO:root:Mb Count a: 0.0 Mb Count b: 2.017699115044248
INFO:root:Mb Count a: 0.0 Mb Count b: 2.1311188811188813
INFO:root:Mb Count a: 0.0 Mb Count b: 2.142857142857143
INFO:root:Mb Count a: 0.0 Mb Count b: 2.142857142857143
INFO:root:Mb Count a: 0.0 Mb Count b: 1.6868279569892473
INFO:root:Mb Count a: 0.4757785467128028 Mb Count b: 3.0877862595419847
INFO:root:Mb Count a: 0.0 Mb Count b: 2.1740674955595027
INFO:root:Mb Count a: 0.0 Mb Count b: 2.2754385964912283
INFO:root:Mb Count a: 0.0 Mb Count b: 2.306479859894921
INFO:root:Mb Count a: 0.0 Mb Count b: 2.3181818181818183
INFO:root:Mb Count a: 0.0 Mb Count b: 2.3181818181818183
/scratch/data/leah/phertilizer/src/branching_split.py:108: RuntimeWarning: invalid value encountered in true_divide
  tmb = mut_var_count_by_cell/mut_total_reads_by_cell
/scratch/data/leah/phertilizer/src/branching_split.py:108: RuntimeWarning: invalid value encountered in true_divide
  tmb = mut_var_count_by_cell/mut_total_reads_by_cell
/scratch/data/leah/phertilizer/src/branching_split.py:108: RuntimeWarning: invalid value encountered in true_divide
  tmb = mut_var_count_by_cell/mut_total_reads_by_cell
/scratch/data/leah/phertilizer/src/branching_split.py:108: RuntimeWarning: invalid value encountered in true_divide
  tmb = mut_var_count_by_cell/mut_total_reads_by_cell
/scratch/data/leah/phertilizer/src/linear_split.py:251: RuntimeWarning: invalid value encountered in true_divide
  tmb = mb_mut_count/mb_tot_count
INFO:root:Mb Count a: 2.196341463414634 Mb Count b: 4.031914893617022
/scratch/data/leah/phertilizer/src/linear_split.py:251: RuntimeWarning: invalid value encountered in true_divide
  tmb = mb_mut_count/mb_tot_count
INFO:root:Mb Count a: 0.3336448598130841 Mb Count b: 1.2301587301587302
/scratch/data/leah/phertilizer/src/linear_split.py:251: RuntimeWarning: invalid value encountered in true_divide
  tmb = mb_mut_count/mb_tot_count
INFO:root:Mb Count a: 0.06424581005586592 Mb Count b: 0.9262295081967213
/scratch/data/leah/phertilizer/src/linear_split.py:251: RuntimeWarning: invalid value encountered in true_divide
  tmb = mb_mut_count/mb_tot_count
INFO:root:Mb Count a: 0.07342007434944238 Mb Count b: 0.9583333333333334
/scratch/data/leah/phertilizer/src/linear_split.py:251: RuntimeWarning: invalid value encountered in true_divide
  tmb = mb_mut_count/mb_tot_count
INFO:root:Mb Count a: 0.0700280112044818 Mb Count b: 0.928
/scratch/data/leah/phertilizer/src/linear_split.py:251: RuntimeWarning: invalid value encountered in true_divide
  tmb = mb_mut_count/mb_tot_count
INFO:root:Mb Count a: 0.0700280112044818 Mb Count b: 0.928
/scratch/data/leah/phertilizer/src/linear_split.py:251: RuntimeWarning: invalid value encountered in true_divide
  tmb = mb_mut_count/mb_tot_count
INFO:root:Mb Count a: 1.9910371318822022 Mb Count b: 3.9373493975903613
/scratch/data/leah/phertilizer/src/linear_split.py:251: RuntimeWarning: invalid value encountered in true_divide
  tmb = mb_mut_count/mb_tot_count
INFO:root:Mb Count a: 0.33613445378151263 Mb Count b: 1.296
/scratch/data/leah/phertilizer/src/linear_split.py:251: RuntimeWarning: invalid value encountered in true_divide
  tmb = mb_mut_count/mb_tot_count
INFO:root:Mb Count a: 0.07442748091603053 Mb Count b: 0.7297297297297297
/scratch/data/leah/phertilizer/src/linear_split.py:251: RuntimeWarning: invalid value encountered in true_divide
  tmb = mb_mut_count/mb_tot_count
INFO:root:Mb Count a: 0.07799442896935933 Mb Count b: 0.8907563025210085
/scratch/data/leah/phertilizer/src/linear_split.py:251: RuntimeWarning: invalid value encountered in true_divide
  tmb = mb_mut_count/mb_tot_count
INFO:root:Mb Count a: 0.07799442896935933 Mb Count b: 0.8907563025210085
INFO:root:Mb Count a: 2.11139896373057 Mb Count b: 3.9080188679245285
/scratch/data/leah/phertilizer/src/linear_split.py:251: RuntimeWarning: invalid value encountered in true_divide
  tmb = mb_mut_count/mb_tot_count
INFO:root:Mb Count a: 0.32679738562091504 Mb Count b: 1.464
/scratch/data/leah/phertilizer/src/linear_split.py:251: RuntimeWarning: invalid value encountered in true_divide
  tmb = mb_mut_count/mb_tot_count
INFO:root:Mb Count a: 0.07799442896935933 Mb Count b: 0.8487394957983193
/scratch/data/leah/phertilizer/src/linear_split.py:251: RuntimeWarning: invalid value encountered in true_divide
  tmb = mb_mut_count/mb_tot_count
INFO:root:Mb Count a: 0.08110599078341015 Mb Count b: 0.9369369369369369
/scratch/data/leah/phertilizer/src/linear_split.py:251: RuntimeWarning: invalid value encountered in true_divide
  tmb = mb_mut_count/mb_tot_count
INFO:root:Mb Count a: 0.0822550831792976 Mb Count b: 0.9122807017543859
/scratch/data/leah/phertilizer/src/linear_split.py:251: RuntimeWarning: invalid value encountered in true_divide
  tmb = mb_mut_count/mb_tot_count
INFO:root:Mb Count a: 0.0822550831792976 Mb Count b: 0.9122807017543859
INFO:root:Mb Count a: 1.0372492836676217 Mb Count b: 3.301939058171745
/scratch/data/leah/phertilizer/src/linear_split.py:251: RuntimeWarning: invalid value encountered in true_divide
  tmb = mb_mut_count/mb_tot_count
INFO:root:Mb Count a: 0.0 Mb Count b: 2.230769230769231
/scratch/data/leah/phertilizer/src/linear_split.py:251: RuntimeWarning: invalid value encountered in true_divide
  tmb = mb_mut_count/mb_tot_count
INFO:root:Mb Count a: 0.0 Mb Count b: 2.3737517831669046
/scratch/data/leah/phertilizer/src/linear_split.py:251: RuntimeWarning: invalid value encountered in true_divide
  tmb = mb_mut_count/mb_tot_count
INFO:root:Mb Count a: 0.0 Mb Count b: 2.3823109843081314
INFO:root:Mb Count a: 1.0259365994236311 Mb Count b: 3.342541436464088
/scratch/data/leah/phertilizer/src/linear_split.py:251: RuntimeWarning: invalid value encountered in true_divide
  tmb = mb_mut_count/mb_tot_count
INFO:root:Mb Count a: 0.0 Mb Count b: 2.141399416909621
/scratch/data/leah/phertilizer/src/linear_split.py:251: RuntimeWarning: invalid value encountered in true_divide
  tmb = mb_mut_count/mb_tot_count
INFO:root:Mb Count a: 0.0 Mb Count b: 2.3352685050798256
/scratch/data/leah/phertilizer/src/linear_split.py:251: RuntimeWarning: invalid value encountered in true_divide
  tmb = mb_mut_count/mb_tot_count
INFO:root:Mb Count a: 0.0 Mb Count b: 2.381712626995646
/scratch/data/leah/phertilizer/src/linear_split.py:251: RuntimeWarning: invalid value encountered in true_divide
  tmb = mb_mut_count/mb_tot_count
INFO:root:Mb Count a: 0.0 Mb Count b: 2.381712626995646
/scratch/data/leah/phertilizer/src/linear_split.py:251: RuntimeWarning: invalid value encountered in true_divide
  tmb = mb_mut_count/mb_tot_count
INFO:root:Mb Count a: 2.0272108843537415 Mb Count b: 3.9791666666666665
/scratch/data/leah/phertilizer/src/linear_split.py:251: RuntimeWarning: invalid value encountered in true_divide
  tmb = mb_mut_count/mb_tot_count
INFO:root:Mb Count a: 0.3339920948616601 Mb Count b: 1.271186440677966
/scratch/data/leah/phertilizer/src/linear_split.py:251: RuntimeWarning: invalid value encountered in true_divide
  tmb = mb_mut_count/mb_tot_count
INFO:root:Mb Count a: 0.09205426356589147 Mb Count b: 0.8974358974358975
/scratch/data/leah/phertilizer/src/linear_split.py:251: RuntimeWarning: invalid value encountered in true_divide
  tmb = mb_mut_count/mb_tot_count
INFO:root:Mb Count a: 0.09874152952565343 Mb Count b: 0.9473684210526315
/scratch/data/leah/phertilizer/src/linear_split.py:251: RuntimeWarning: invalid value encountered in true_divide
  tmb = mb_mut_count/mb_tot_count
INFO:root:Mb Count a: 0.09874152952565343 Mb Count b: 0.9473684210526315
INFO:root:Mb Count a: 0.899641577060932 Mb Count b: 3.0875331564986737
/scratch/data/leah/phertilizer/src/linear_split.py:251: RuntimeWarning: invalid value encountered in true_divide
  tmb = mb_mut_count/mb_tot_count
INFO:root:Mb Count a: 0.0 Mb Count b: 2.376358695652174
/scratch/data/leah/phertilizer/src/linear_split.py:251: RuntimeWarning: invalid value encountered in true_divide
  tmb = mb_mut_count/mb_tot_count
INFO:root:Mb Count a: 0.0 Mb Count b: 2.490437158469945
/scratch/data/leah/phertilizer/src/linear_split.py:251: RuntimeWarning: invalid value encountered in true_divide
  tmb = mb_mut_count/mb_tot_count
INFO:root:Mb Count a: 0.0 Mb Count b: 2.4884038199181444
/scratch/data/leah/phertilizer/src/linear_split.py:251: RuntimeWarning: invalid value encountered in true_divide
  tmb = mb_mut_count/mb_tot_count
INFO:root:Mb Count a: 0.0 Mb Count b: 2.4843110504774897
INFO:root:Mb Count a: 1.0932944606413995 Mb Count b: 3.2884057971014493
/scratch/data/leah/phertilizer/src/linear_split.py:251: RuntimeWarning: invalid value encountered in true_divide
  tmb = mb_mut_count/mb_tot_count
INFO:root:Mb Count a: 0.0 Mb Count b: 2.149851632047478
/scratch/data/leah/phertilizer/src/linear_split.py:251: RuntimeWarning: invalid value encountered in true_divide
  tmb = mb_mut_count/mb_tot_count
INFO:root:Mb Count a: 0.0 Mb Count b: 2.373900293255132
/scratch/data/leah/phertilizer/src/linear_split.py:251: RuntimeWarning: invalid value encountered in true_divide
  tmb = mb_mut_count/mb_tot_count
INFO:root:Mb Count a: 0.0 Mb Count b: 2.4120234604105573
INFO:root:Mb Count a: 1.9890560875512995 Mb Count b: 3.837748344370861
/scratch/data/leah/phertilizer/src/linear_split.py:251: RuntimeWarning: invalid value encountered in true_divide
  tmb = mb_mut_count/mb_tot_count
INFO:root:Mb Count a: 0.31891348088531185 Mb Count b: 1.1282051282051282
/scratch/data/leah/phertilizer/src/linear_split.py:251: RuntimeWarning: invalid value encountered in true_divide
  tmb = mb_mut_count/mb_tot_count
INFO:root:Mb Count a: 0.05168776371308017 Mb Count b: 0.8
/scratch/data/leah/phertilizer/src/linear_split.py:251: RuntimeWarning: invalid value encountered in true_divide
  tmb = mb_mut_count/mb_tot_count
INFO:root:Mb Count a: 0.059748427672955975 Mb Count b: 1.0632911392405062
/scratch/data/leah/phertilizer/src/linear_split.py:251: RuntimeWarning: invalid value encountered in true_divide
  tmb = mb_mut_count/mb_tot_count
INFO:root:Mb Count a: 0.059748427672955975 Mb Count b: 1.0632911392405062
