Input data:
    chr  mutation_id  cell_id base  var  total
0  chr4            0      121    C    0      1
1  chr4            0      175    C    0      1
2  chr4            0      186    C    0      1
3  chr4            0      376    C    0      1
4  chr4            0      619    C    0      1
Phertilizer is running in infinite sites mode...

Starting tilling phase....
func:'till' args:[(<phertilizer.Phertilizer object at 0x7f9a3222dbe0>, 0.0, 0.0, 5, 0.001, 15, False, 1.0, 0.15), {}] took: 28.2109 sec
Tilling phase complete!
Phertilizing a tree with n:4959 cells and m: 4733 SNVs

Starting planting phase....
Starting k-clonal tree inference for seed:
Cells: 4959 Muts: 4733 Ancestral Muts: 0 
Sprouting seed:
Cells: 4959 Muts: 4733 Ancestral Muts: 0 
Sprouting a branching tree from seed ...
(Generator(PCG64) at 0x7F9A30A022E0,)
Jump Percentage: 0.9999999999999712 First Eig Val: -3.8581187158655894e-16 First Gap: 4.372465161773098e-16 Largest Gap: 0.7238858001336665 Number of Clusters:3
CellsA: 710 CellsB: 4249
MutsA: 1218 mutsB: 906
Jump Percentage: 0.9999999999999033 First Eig Val: -1.5059404439818268e-15 First Gap: 1.8027580954390296e-15 Largest Gap: 0.6046725969665204 Number of Clusters:3
Clonal Tree 0 
[(0, 1), (0, 2)] 
Loss Nodes:0
Node: 0 Cells: 0 Muts: 2609 LostMuts: 0
Node: 1 Cells: 710 Muts: 1218 LostMuts: 0
Node: 2 Cells: 4249 Muts: 906 LostMuts: 0
Total Cells: 4959 Total Muts: 4733
Jump Percentage: 0.9999999999999059 First Eig Val: 2.1999111046789076e-17 First Gap: 1.195864501426009e-16 Largest Gap: 0.7165548833262427 Number of Clusters:3
CellsA: 710 CellsB: 4249
MutsA: 1218 mutsB: 906
Jump Percentage: 0.9999999999999033 First Eig Val: -1.5059404439818268e-15 First Gap: 1.8027580954390296e-15 Largest Gap: 0.6046725969665204 Number of Clusters:3
Clonal Tree 0 
[(0, 1), (0, 2)] 
Loss Nodes:0
Node: 0 Cells: 0 Muts: 2609 LostMuts: 0
Node: 1 Cells: 710 Muts: 1218 LostMuts: 0
Node: 2 Cells: 4249 Muts: 906 LostMuts: 0
Total Cells: 4959 Total Muts: 4733
Jump Percentage: 0.9999999999999704 First Eig Val: 1.0485169479710387e-16 First Gap: 7.114190654619946e-16 Largest Gap: 0.7249878621382078 Number of Clusters:3
CellsA: 4249 CellsB: 710
MutsA: 906 mutsB: 1218
Jump Percentage: 0.9999999999999033 First Eig Val: -1.5059404439818268e-15 First Gap: 1.8027580954390296e-15 Largest Gap: 0.6046725969665204 Number of Clusters:3
Clonal Tree 0 
[(0, 1), (0, 2)] 
Loss Nodes:0
Node: 0 Cells: 0 Muts: 2609 LostMuts: 0
Node: 1 Cells: 4249 Muts: 906 LostMuts: 0
Node: 2 Cells: 710 Muts: 1218 LostMuts: 0
Total Cells: 4959 Total Muts: 4733
Finding the maximum likelihood tree out of 3 trees....
Clonal Tree 0 
[(0, 1), (0, 2)] 
Loss Nodes:0
Node: 0 Cells: 0 Muts: 2609 LostMuts: 0
Node: 1 Cells: 710 Muts: 1218 LostMuts: 0
Node: 2 Cells: 4249 Muts: 906 LostMuts: 0
Total Cells: 4959 Total Muts: 4733

Tree: 0 LogLikelihood: 4114605.1450646287
Variant LogLikelihood: -198438.04277222068 
RDR LogLikelihood: 4313043.187836849

Clonal Tree 1 
[(0, 1), (0, 2)] 
Loss Nodes:0
Node: 0 Cells: 0 Muts: 2609 LostMuts: 0
Node: 1 Cells: 710 Muts: 1218 LostMuts: 0
Node: 2 Cells: 4249 Muts: 906 LostMuts: 0
Total Cells: 4959 Total Muts: 4733

Tree: 1 LogLikelihood: 4114605.1450646287
Variant LogLikelihood: -198438.04277222068 
RDR LogLikelihood: 4313043.187836849

Clonal Tree 2 
[(0, 1), (0, 2)] 
Loss Nodes:0
Node: 0 Cells: 0 Muts: 2609 LostMuts: 0
Node: 1 Cells: 4249 Muts: 906 LostMuts: 0
Node: 2 Cells: 710 Muts: 1218 LostMuts: 0
Total Cells: 4959 Total Muts: 4733

Tree: 2 LogLikelihood: 4114605.1450646287
Variant LogLikelihood: -198438.04277222068 
RDR LogLikelihood: 4313043.187836849

Sprouted tree:
Clonal Tree 0 
[(0, 1), (0, 2)] 
Loss Nodes:0
Node: 0 Cells: 0 Muts: 2609 LostMuts: 0
Node: 1 Cells: 710 Muts: 1218 LostMuts: 0
Node: 2 Cells: 4249 Muts: 906 LostMuts: 0
Total Cells: 4959 Total Muts: 4733
Cells: 710 Muts: 1218 Ancestral Muts: 2609 
Cells: 4249 Muts: 906 Ancestral Muts: 2609 
Sprouting seed:
Cells: 4959 Muts: 4733 Ancestral Muts: 0 
Sprouting a linear tree from seed ...
Jump Percentage: 0.9999999999999619 First Eig Val: -4.039467541585915e-18 First Gap: 1.0092977608367438e-15 Largest Gap: 0.636229953965583 Number of Clusters:3
start:0 iteration:0
CellsA: 4249 CellsB: 710
MutsA: 3346 MutsB: 1387
Jump Percentage: 0.999999999999988 First Eig Val: -5.612275738156639e-17 First Gap: 6.35894419520249e-16 Largest Gap: 0.5169879761888461 Number of Clusters:3
adding tree to internal list:
Clonal Tree 0 
[(0, 1)] 
Loss Nodes:0
Node: 0 Cells: 4249 Muts: 3346 LostMuts: 0
Node: 1 Cells: 710 Muts: 1387 LostMuts: 0
Total Cells: 4959 Total Muts: 4733
Jump Percentage: 0.9999999999999659 First Eig Val: 3.051564329584241e-16 First Gap: 1.7990411927471915e-15 Largest Gap: 0.6421302581996281 Number of Clusters:3
start:1 iteration:0
CellsA: 4249 CellsB: 710
MutsA: 3346 MutsB: 1387
Jump Percentage: 0.999999999999988 First Eig Val: -5.612275738156639e-17 First Gap: 6.35894419520249e-16 Largest Gap: 0.5169879761888461 Number of Clusters:3
adding tree to internal list:
Clonal Tree 0 
[(0, 1)] 
Loss Nodes:0
Node: 0 Cells: 4249 Muts: 3346 LostMuts: 0
Node: 1 Cells: 710 Muts: 1387 LostMuts: 0
Total Cells: 4959 Total Muts: 4733
Jump Percentage: 0.9999999999999831 First Eig Val: 1.241179138578388e-16 First Gap: 4.581994593210667e-16 Largest Gap: 0.6332163895092427 Number of Clusters:3
start:2 iteration:0
CellsA: 4249 CellsB: 710
MutsA: 3346 MutsB: 1387
Jump Percentage: 0.999999999999988 First Eig Val: -5.612275738156639e-17 First Gap: 6.35894419520249e-16 Largest Gap: 0.5169879761888461 Number of Clusters:3
adding tree to internal list:
Clonal Tree 0 
[(0, 1)] 
Loss Nodes:0
Node: 0 Cells: 4249 Muts: 3346 LostMuts: 0
Node: 1 Cells: 710 Muts: 1387 LostMuts: 0
Total Cells: 4959 Total Muts: 4733
adding tree to candidate list:
Clonal Tree 0 
[(0, 1)] 
Loss Nodes:0
Node: 0 Cells: 4249 Muts: 3346 LostMuts: 0
Node: 1 Cells: 710 Muts: 1387 LostMuts: 0
Total Cells: 4959 Total Muts: 4733
Normalized Likelihood: -0.7460533907288782
Jump Percentage: 0.9999999999999764 First Eig Val: 2.6887086772991653e-16 First Gap: 1.2845539471353592e-16 Largest Gap: 0.645013225533619 Number of Clusters:2
start:0 iteration:0
CellsA: 2303 CellsB: 1946
MutsA: 1684 MutsB: 3049
Jump Percentage: 0.9999999999999949 First Eig Val: -1.5555552461255444e-16 First Gap: 6.317949220692469e-17 Largest Gap: 0.6607224882346914 Number of Clusters:2
adding tree to internal list:
Clonal Tree 0 
[(0, 1)] 
Loss Nodes:0
Node: 0 Cells: 2303 Muts: 1684 LostMuts: 0
Node: 1 Cells: 2656 Muts: 3049 LostMuts: 0
Total Cells: 4959 Total Muts: 4733
Jump Percentage: 0.9999999999999786 First Eig Val: 4.7134199642644096e-17 First Gap: 2.488200624218294e-16 Largest Gap: 0.6461543457455616 Number of Clusters:2
start:1 iteration:0
CellsA: 2303 CellsB: 1946
MutsA: 1684 MutsB: 3049
Jump Percentage: 0.9999999999999949 First Eig Val: -1.5555552461255444e-16 First Gap: 6.317949220692469e-17 Largest Gap: 0.6607224882346914 Number of Clusters:2
adding tree to internal list:
Clonal Tree 0 
[(0, 1)] 
Loss Nodes:0
Node: 0 Cells: 2303 Muts: 1684 LostMuts: 0
Node: 1 Cells: 2656 Muts: 3049 LostMuts: 0
Total Cells: 4959 Total Muts: 4733
Jump Percentage: 0.9999999999999448 First Eig Val: 4.0272594063191607e-16 First Gap: 6.434890861541683e-16 Largest Gap: 0.6898575145081054 Number of Clusters:2
start:2 iteration:0
CellsA: 2303 CellsB: 1946
MutsA: 1684 MutsB: 3049
Jump Percentage: 0.9999999999999949 First Eig Val: -1.5555552461255444e-16 First Gap: 6.317949220692469e-17 Largest Gap: 0.6607224882346914 Number of Clusters:2
adding tree to internal list:
Clonal Tree 0 
[(0, 1)] 
Loss Nodes:0
Node: 0 Cells: 2303 Muts: 1684 LostMuts: 0
Node: 1 Cells: 2656 Muts: 3049 LostMuts: 0
Total Cells: 4959 Total Muts: 4733
adding tree to candidate list:
Clonal Tree 0 
[(0, 1)] 
Loss Nodes:0
Node: 0 Cells: 2303 Muts: 1684 LostMuts: 0
Node: 1 Cells: 2656 Muts: 3049 LostMuts: 0
Total Cells: 4959 Total Muts: 4733
Normalized Likelihood: -0.4819314947830733
Using SNV kernel only
Jump Percentage: 0.02546604377189047 First Eig Val: -8.148328049447366e-16 First Gap: 0.7073392289714479 Largest Gap: 0.7073392289714479 Number of Clusters:1
start:0 iteration:0
CellsA: 1237 CellsB: 1066
MutsA: 1317 MutsB: 3416
Using SNV kernel only
Jump Percentage: 0.06151697475086374 First Eig Val: -1.5694855363501028e-17 First Gap: 0.6263047328714683 Largest Gap: 0.6263047328714683 Number of Clusters:1
start:0 iteration:1
CellsA: 1869 CellsB: 434
MutsA: 1431 MutsB: 3302
Using SNV kernel only
Jump Percentage: 0.037923881008508326 First Eig Val: 1.2869854926417578e-15 First Gap: 0.6438655945362655 Largest Gap: 0.6438655945362655 Number of Clusters:1
start:0 iteration:2
CellsA: 1953 CellsB: 350
MutsA: 1466 MutsB: 3267
Using SNV kernel only
Jump Percentage: 0.03145237064670154 First Eig Val: 2.73834368672118e-15 First Gap: 0.6335511130699822 Largest Gap: 0.6335511130699822 Number of Clusters:1
start:0 iteration:3
CellsA: 1890 CellsB: 413
MutsA: 1461 MutsB: 3272
Using SNV kernel only
Jump Percentage: 0.03256421369272735 First Eig Val: -2.5799246018861852e-15 First Gap: 0.630399218459369 Largest Gap: 0.630399218459369 Number of Clusters:1
start:0 iteration:4
CellsA: 2162 CellsB: 141
MutsA: 1537 MutsB: 3196
Using SNV kernel only
Jump Percentage: 0.032062322442415886 First Eig Val: -3.1501048962324918e-15 First Gap: 0.6932924309775716 Largest Gap: 0.6932924309775716 Number of Clusters:1
start:0 iteration:5
CellsA: 2127 CellsB: 176
MutsA: 1540 MutsB: 3193
Using SNV kernel only
Jump Percentage: 0.03198941636319954 First Eig Val: 7.126837317784911e-17 First Gap: 0.6934386662687371 Largest Gap: 0.6934386662687371 Number of Clusters:1
Using SNV kernel only
Jump Percentage: 0.02549682126150498 First Eig Val: -6.04171127590574e-17 First Gap: 0.667960700945268 Largest Gap: 0.667960700945268 Number of Clusters:1
start:1 iteration:0
CellsA: 1347 CellsB: 956
MutsA: 1336 MutsB: 3397
Using SNV kernel only
Jump Percentage: 0.06873786863613357 First Eig Val: 2.323784226821451e-15 First Gap: 0.6486500914811031 Largest Gap: 0.6486500914811031 Number of Clusters:1
start:1 iteration:1
CellsA: 1653 CellsB: 650
MutsA: 1342 MutsB: 3391
Using SNV kernel only
Jump Percentage: 0.05274687823726198 First Eig Val: -2.3885349730451144e-15 First Gap: 0.632539161699296 Largest Gap: 0.632539161699296 Number of Clusters:1
start:1 iteration:2
CellsA: 1878 CellsB: 425
MutsA: 1434 MutsB: 3299
Using SNV kernel only
Jump Percentage: 0.03432959702671358 First Eig Val: -4.011996531918824e-15 First Gap: 0.621148288223134 Largest Gap: 0.621148288223134 Number of Clusters:1
start:1 iteration:3
CellsA: 1862 CellsB: 441
MutsA: 1445 MutsB: 3288
Using SNV kernel only
Jump Percentage: 0.03438206963799602 First Eig Val: -2.1517117220863e-15 First Gap: 0.622383908799514 Largest Gap: 0.622383908799514 Number of Clusters:1
start:1 iteration:4
CellsA: 1969 CellsB: 334
MutsA: 1468 MutsB: 3265
Using SNV kernel only
Jump Percentage: 0.034502992340510054 First Eig Val: 1.8805525618904733e-15 First Gap: 0.6443971404765892 Largest Gap: 0.6443971404765892 Number of Clusters:1
start:1 iteration:5
CellsA: 2027 CellsB: 276
MutsA: 1486 MutsB: 3247
Using SNV kernel only
Jump Percentage: 0.030779142839468535 First Eig Val: -1.6723125087052525e-15 First Gap: 0.6432665698943666 Largest Gap: 0.6432665698943666 Number of Clusters:1
start:1 iteration:6
CellsA: 2024 CellsB: 279
MutsA: 1487 MutsB: 3246
Using SNV kernel only
Jump Percentage: 0.03071643191921945 First Eig Val: -1.5032688545035447e-15 First Gap: 0.6452960342547966 Largest Gap: 0.6452960342547966 Number of Clusters:1
start:1 iteration:7
CellsA: 2160 CellsB: 143
MutsA: 1540 MutsB: 3193
Using SNV kernel only
Jump Percentage: 0.03147573424664169 First Eig Val: 1.2282986043041643e-15 First Gap: 0.6970069929991657 Largest Gap: 0.6970069929991657 Number of Clusters:1
start:1 iteration:8
CellsA: 2086 CellsB: 217
MutsA: 1532 MutsB: 3201
Using SNV kernel only
Jump Percentage: 0.02967840070150283 First Eig Val: 2.118169456504085e-15 First Gap: 0.6870433420219147 Largest Gap: 0.6870433420219147 Number of Clusters:1
start:1 iteration:9
CellsA: 2120 CellsB: 183
MutsA: 1532 MutsB: 3201
Using SNV kernel only
Jump Percentage: 0.024544032206703637 First Eig Val: -4.764628310457304e-16 First Gap: 0.6423307333857722 Largest Gap: 0.6423307333857722 Number of Clusters:1
start:2 iteration:0
CellsA: 1344 CellsB: 959
MutsA: 1366 MutsB: 3367
Using SNV kernel only
Jump Percentage: 0.057960573393048595 First Eig Val: 2.993587423263097e-16 First Gap: 0.6328960573298267 Largest Gap: 0.6328960573298267 Number of Clusters:1
start:2 iteration:1
CellsA: 1658 CellsB: 645
MutsA: 1360 MutsB: 3373
Using SNV kernel only
Jump Percentage: 0.05363538125847339 First Eig Val: -2.7021683537056506e-15 First Gap: 0.6261930630928526 Largest Gap: 0.6261930630928526 Number of Clusters:1
start:2 iteration:2
CellsA: 1889 CellsB: 414
MutsA: 1436 MutsB: 3297
Using SNV kernel only
Jump Percentage: 0.04447191288686894 First Eig Val: 1.8847345682549664e-15 First Gap: 0.6330469365765985 Largest Gap: 0.6330469365765985 Number of Clusters:1
start:2 iteration:3
CellsA: 1825 CellsB: 478
MutsA: 1434 MutsB: 3299
Using SNV kernel only
Jump Percentage: 0.03414488164632785 First Eig Val: -3.77378929196498e-15 First Gap: 0.6144954491837133 Largest Gap: 0.6144954491837133 Number of Clusters:1
start:2 iteration:4
CellsA: 1821 CellsB: 482
MutsA: 1436 MutsB: 3297
Using SNV kernel only
Jump Percentage: 0.03395467549807926 First Eig Val: 1.6220904184963055e-15 First Gap: 0.6149634227035362 Largest Gap: 0.6149634227035362 Number of Clusters:1
start:2 iteration:5
CellsA: 1901 CellsB: 402
MutsA: 1449 MutsB: 3284
Using SNV kernel only
Jump Percentage: 0.03219504632331122 First Eig Val: -1.2703753554627868e-15 First Gap: 0.620885295300874 Largest Gap: 0.620885295300874 Number of Clusters:1
start:2 iteration:6
CellsA: 1871 CellsB: 432
MutsA: 1453 MutsB: 3280
Using SNV kernel only
Jump Percentage: 0.032808341708775585 First Eig Val: -3.367314488643887e-15 First Gap: 0.6235413109011766 Largest Gap: 0.6235413109011766 Number of Clusters:1
start:2 iteration:7
CellsA: 1864 CellsB: 439
MutsA: 1454 MutsB: 3279
Using SNV kernel only
Jump Percentage: 0.032652892735289894 First Eig Val: 3.0453662901585515e-15 First Gap: 0.6246853831952186 Largest Gap: 0.6246853831952186 Number of Clusters:1
start:2 iteration:8
CellsA: 1866 CellsB: 437
MutsA: 1454 MutsB: 3279
Using SNV kernel only
Jump Percentage: 0.032652892735289894 First Eig Val: 3.0453662901585515e-15 First Gap: 0.6246853831952186 Largest Gap: 0.6246853831952186 Number of Clusters:1
Clonal Tree 0 
[(0, 1)] 
Loss Nodes:0
Node: 0 Cells: 4249 Muts: 3346 LostMuts: 0
Node: 1 Cells: 710 Muts: 1387 LostMuts: 0
Total Cells: 4959 Total Muts: 4733
Normalized Likelihood: -0.7460533907288782
Clonal Tree 1 
[(0, 1)] 
Loss Nodes:0
Node: 0 Cells: 2303 Muts: 1684 LostMuts: 0
Node: 1 Cells: 2656 Muts: 3049 LostMuts: 0
Total Cells: 4959 Total Muts: 4733
Normalized Likelihood: -0.4819314947830733
linear split norm likelihood best tree
Clonal Tree 1 
[(0, 1)] 
Loss Nodes:0
Node: 0 Cells: 2303 Muts: 1684 LostMuts: 0
Node: 1 Cells: 2656 Muts: 3049 LostMuts: 0
Total Cells: 4959 Total Muts: 4733
Sprouted tree:
Clonal Tree 1 
[(0, 1)] 
Loss Nodes:0
Node: 0 Cells: 2303 Muts: 1684 LostMuts: 0
Node: 1 Cells: 2656 Muts: 3049 LostMuts: 0
Total Cells: 4959 Total Muts: 4733
Cells: 2656 Muts: 3049 Ancestral Muts: 1684 
Number of subproblems remaining: 3
Starting k-clonal tree inference for seed:
Cells: 2656 Muts: 3049 Ancestral Muts: 1684 
Sprouting seed:
Cells: 2656 Muts: 3049 Ancestral Muts: 1684 
Sprouting a branching tree from seed ...
(Generator(PCG64) at 0x7F9A30A022E0,)
Jump Percentage: 0.9999999999999886 First Eig Val: 1.5619716621778743e-16 First Gap: 3.125515410406619e-18 Largest Gap: 0.7240501039285712 Number of Clusters:2
CellsA: 710 CellsB: 1946
MutsA: 561 mutsB: 1159
Jump Percentage: 0.9999999999999629 First Eig Val: 1.3442011965248888e-16 First Gap: 2.2503525744640225e-17 Largest Gap: 0.6036766517713023 Number of Clusters:2
Clonal Tree 0 
[(0, 1), (0, 2)] 
Loss Nodes:0
Node: 0 Cells: 0 Muts: 1329 LostMuts: 0
Node: 1 Cells: 710 Muts: 561 LostMuts: 0
Node: 2 Cells: 1946 Muts: 1159 LostMuts: 0
Total Cells: 2656 Total Muts: 3049
Jump Percentage: 0.9999999999999662 First Eig Val: -2.1602709651109941e-16 First Gap: 2.3491312267954655e-16 Largest Gap: 0.691265537687711 Number of Clusters:2
CellsA: 1946 CellsB: 710
MutsA: 1159 mutsB: 561
Jump Percentage: 0.9999999999999629 First Eig Val: 1.3442011965248888e-16 First Gap: 2.2503525744640225e-17 Largest Gap: 0.6036766517713023 Number of Clusters:2
Clonal Tree 0 
[(0, 1), (0, 2)] 
Loss Nodes:0
Node: 0 Cells: 0 Muts: 1329 LostMuts: 0
Node: 1 Cells: 1946 Muts: 1159 LostMuts: 0
Node: 2 Cells: 710 Muts: 561 LostMuts: 0
Total Cells: 2656 Total Muts: 3049
Jump Percentage: 0.9999999999999536 First Eig Val: 5.635282496195103e-17 First Gap: 5.368627631381783e-16 Largest Gap: 0.7336076958638001 Number of Clusters:2
CellsA: 1946 CellsB: 710
MutsA: 1159 mutsB: 561
Jump Percentage: 0.9999999999999629 First Eig Val: 1.3442011965248888e-16 First Gap: 2.2503525744640225e-17 Largest Gap: 0.6036766517713023 Number of Clusters:2
Clonal Tree 0 
[(0, 1), (0, 2)] 
Loss Nodes:0
Node: 0 Cells: 0 Muts: 1329 LostMuts: 0
Node: 1 Cells: 1946 Muts: 1159 LostMuts: 0
Node: 2 Cells: 710 Muts: 561 LostMuts: 0
Total Cells: 2656 Total Muts: 3049
Finding the maximum likelihood tree out of 3 trees....
Clonal Tree 0 
[(0, 1), (0, 2)] 
Loss Nodes:0
Node: 0 Cells: 0 Muts: 1329 LostMuts: 0
Node: 1 Cells: 710 Muts: 561 LostMuts: 0
Node: 2 Cells: 1946 Muts: 1159 LostMuts: 0
Total Cells: 2656 Total Muts: 3049

Tree: 0 LogLikelihood: 2318248.9840898924
Variant LogLikelihood: -202345.15446807494 
RDR LogLikelihood: 2520594.138557967

Clonal Tree 1 
[(0, 1), (0, 2)] 
Loss Nodes:0
Node: 0 Cells: 0 Muts: 1329 LostMuts: 0
Node: 1 Cells: 1946 Muts: 1159 LostMuts: 0
Node: 2 Cells: 710 Muts: 561 LostMuts: 0
Total Cells: 2656 Total Muts: 3049

Tree: 1 LogLikelihood: 2318248.9840898924
Variant LogLikelihood: -202345.15446807494 
RDR LogLikelihood: 2520594.138557967

Clonal Tree 2 
[(0, 1), (0, 2)] 
Loss Nodes:0
Node: 0 Cells: 0 Muts: 1329 LostMuts: 0
Node: 1 Cells: 1946 Muts: 1159 LostMuts: 0
Node: 2 Cells: 710 Muts: 561 LostMuts: 0
Total Cells: 2656 Total Muts: 3049

Tree: 2 LogLikelihood: 2318248.9840898924
Variant LogLikelihood: -202345.15446807494 
RDR LogLikelihood: 2520594.138557967

Sprouted tree:
Clonal Tree 0 
[(0, 1), (0, 2)] 
Loss Nodes:0
Node: 0 Cells: 0 Muts: 1329 LostMuts: 0
Node: 1 Cells: 710 Muts: 561 LostMuts: 0
Node: 2 Cells: 1946 Muts: 1159 LostMuts: 0
Total Cells: 2656 Total Muts: 3049
Cells: 710 Muts: 561 Ancestral Muts: 3013 
Cells: 1946 Muts: 1159 Ancestral Muts: 3013 
Sprouting seed:
Cells: 2656 Muts: 3049 Ancestral Muts: 1684 
Sprouting a linear tree from seed ...
Jump Percentage: 0.999999999999926 First Eig Val: -2.2573615931315774e-16 First Gap: 1.1521666827181904e-15 Largest Gap: 0.6333956935367765 Number of Clusters:2
start:0 iteration:0
CellsA: 1946 CellsB: 710
MutsA: 2326 MutsB: 723
Jump Percentage: 0.999999999999992 First Eig Val: -2.15233240739654e-16 First Gap: 7.711045043747546e-17 Largest Gap: 0.6448539640866672 Number of Clusters:2
adding tree to internal list:
Clonal Tree 0 
[(0, 1)] 
Loss Nodes:0
Node: 0 Cells: 1946 Muts: 2326 LostMuts: 0
Node: 1 Cells: 710 Muts: 723 LostMuts: 0
Total Cells: 2656 Total Muts: 3049
Jump Percentage: 0.999999999999994 First Eig Val: -1.5242116968496685e-16 First Gap: 5.791641706206142e-17 Largest Gap: 0.5954841189882423 Number of Clusters:2
start:1 iteration:0
CellsA: 710 CellsB: 1946
MutsA: 1823 MutsB: 1226
Jump Percentage: 0.999999999999991 First Eig Val: -1.5143987179957627e-15 First Gap: 1.6368632449957283e-15 Largest Gap: 0.46652978107093285 Number of Clusters:2
adding tree to internal list:
Clonal Tree 0 
[(0, 1)] 
Loss Nodes:0
Node: 0 Cells: 710 Muts: 1823 LostMuts: 0
Node: 1 Cells: 1946 Muts: 1226 LostMuts: 0
Total Cells: 2656 Total Muts: 3049
Jump Percentage: 0.9999999999999944 First Eig Val: -9.4799205399317e-16 First Gap: 6.812897116456619e-16 Largest Gap: 0.5929960641031962 Number of Clusters:2
start:2 iteration:0
CellsA: 710 CellsB: 1946
MutsA: 1823 MutsB: 1226
Jump Percentage: 0.999999999999991 First Eig Val: -1.5143987179957627e-15 First Gap: 1.6368632449957283e-15 Largest Gap: 0.46652978107093285 Number of Clusters:2
adding tree to internal list:
Clonal Tree 0 
[(0, 1)] 
Loss Nodes:0
Node: 0 Cells: 710 Muts: 1823 LostMuts: 0
Node: 1 Cells: 1946 Muts: 1226 LostMuts: 0
Total Cells: 2656 Total Muts: 3049
adding tree to candidate list:
Clonal Tree 1 
[(0, 1)] 
Loss Nodes:0
Node: 0 Cells: 710 Muts: 1823 LostMuts: 0
Node: 1 Cells: 1946 Muts: 1226 LostMuts: 0
Total Cells: 2656 Total Muts: 3049
Normalized Likelihood: -0.7044704589250472
Clonal Tree 0 
[(0, 1)] 
Loss Nodes:0
Node: 0 Cells: 710 Muts: 1823 LostMuts: 0
Node: 1 Cells: 1946 Muts: 1226 LostMuts: 0
Total Cells: 2656 Total Muts: 3049
Normalized Likelihood: -0.7044704589250472
linear split norm likelihood best tree
Clonal Tree 0 
[(0, 1)] 
Loss Nodes:0
Node: 0 Cells: 710 Muts: 1823 LostMuts: 0
Node: 1 Cells: 1946 Muts: 1226 LostMuts: 0
Total Cells: 2656 Total Muts: 3049
Sprouted tree:
Clonal Tree 0 
[(0, 1)] 
Loss Nodes:0
Node: 0 Cells: 710 Muts: 1823 LostMuts: 0
Node: 1 Cells: 1946 Muts: 1226 LostMuts: 0
Total Cells: 2656 Total Muts: 3049
Cells: 1946 Muts: 1226 Ancestral Muts: 3507 
Number of subproblems remaining: 5
Starting k-clonal tree inference for seed:
Cells: 1946 Muts: 1226 Ancestral Muts: 3507 
Sprouting seed:
Cells: 1946 Muts: 1226 Ancestral Muts: 3507 
Sprouting a branching tree from seed ...
(Generator(PCG64) at 0x7F9A30A022E0,)
Max copy distance < 1, using SNV kernel only
Jump Percentage: 0.07264996527930619 First Eig Val: -1.2198586671997944e-15 First Gap: 0.49952234376358035 Largest Gap: 0.49952234376358035 Number of Clusters:1
CellsA: 867 CellsB: 1079
MutsA: 14 mutsB: 969
Max copy distance < 1, using SNV kernel only
Jump Percentage: 0.07210558571321228 First Eig Val: 1.2051780728696511e-16 First Gap: 0.48739479244558737 Largest Gap: 0.48739479244558737 Number of Clusters:1
CellsA: 904 CellsB: 1042
MutsA: 19 mutsB: 941
Max copy distance < 1, using SNV kernel only
Jump Percentage: 0.07154154008990372 First Eig Val: -2.6610105044215125e-16 First Gap: 0.5052962700233132 Largest Gap: 0.5052962700233132 Number of Clusters:1
CellsA: 776 CellsB: 1170
MutsA: 768 mutsB: 23
Sprouted tree:
None
<bound method Phertilizer.sprout_branching of <phertilizer.Phertilizer object at 0x7f9a3222dbe0>> invalid
Sprouting seed:
Cells: 1946 Muts: 1226 Ancestral Muts: 3507 
Sprouting a linear tree from seed ...
Using SNV kernel only
Jump Percentage: 0.07020360372115658 First Eig Val: -1.5973704727821634e-15 First Gap: 0.47875472375391026 Largest Gap: 0.47875472375391026 Number of Clusters:1
start:0 iteration:0
CellsA: 1131 CellsB: 815
MutsA: 447 MutsB: 779
Using SNV kernel only
Jump Percentage: 0.054586364447846154 First Eig Val: 7.3931206206848e-16 First Gap: 0.45560262101299887 Largest Gap: 0.45560262101299887 Number of Clusters:1
start:0 iteration:1
CellsA: 1310 CellsB: 636
MutsA: 505 MutsB: 721
Using SNV kernel only
Jump Percentage: 0.0577752953427284 First Eig Val: 9.891918296424899e-16 First Gap: 0.43595996541875814 Largest Gap: 0.43595996541875814 Number of Clusters:1
start:0 iteration:2
CellsA: 1271 CellsB: 675
MutsA: 506 MutsB: 720
Using SNV kernel only
Jump Percentage: 0.05859214791714886 First Eig Val: -4.994459555968349e-16 First Gap: 0.4319743030634765 Largest Gap: 0.4319743030634765 Number of Clusters:1
start:0 iteration:3
CellsA: 1273 CellsB: 673
MutsA: 504 MutsB: 722
Using SNV kernel only
Jump Percentage: 0.05865964378929716 First Eig Val: -1.3725954093620317e-15 First Gap: 0.4315586172128583 Largest Gap: 0.4315586172128583 Number of Clusters:1
Using SNV kernel only
Jump Percentage: 0.07809088510635903 First Eig Val: 1.0286210572016671e-15 First Gap: 0.4694353940701008 Largest Gap: 0.4694353940701008 Number of Clusters:1
start:1 iteration:0
CellsA: 1581 CellsB: 365
MutsA: 708 MutsB: 518
Using SNV kernel only
Jump Percentage: 0.0750812899114593 First Eig Val: -2.0732911156762124e-15 First Gap: 0.4659835639529794 Largest Gap: 0.4659835639529794 Number of Clusters:1
start:1 iteration:1
CellsA: 1573 CellsB: 373
MutsA: 677 MutsB: 549
Using SNV kernel only
Jump Percentage: 0.06904610496079011 First Eig Val: -1.4871105139914941e-15 First Gap: 0.44376685288099266 Largest Gap: 0.44376685288099266 Number of Clusters:1
start:1 iteration:2
CellsA: 1545 CellsB: 401
MutsA: 657 MutsB: 569
Using SNV kernel only
Jump Percentage: 0.07009274878887325 First Eig Val: -2.6763092620796027e-16 First Gap: 0.43596487723324595 Largest Gap: 0.43596487723324595 Number of Clusters:1
start:1 iteration:3
CellsA: 1622 CellsB: 324
MutsA: 680 MutsB: 546
Using SNV kernel only
Jump Percentage: 0.07051754062994037 First Eig Val: -2.6606014393944e-16 First Gap: 0.44059643156002043 Largest Gap: 0.44059643156002043 Number of Clusters:1
start:1 iteration:4
CellsA: 1565 CellsB: 381
MutsA: 669 MutsB: 557
Using SNV kernel only
Jump Percentage: 0.07108985391593411 First Eig Val: 8.651426911180572e-16 First Gap: 0.4353578389353411 Largest Gap: 0.4353578389353411 Number of Clusters:1
start:1 iteration:5
CellsA: 1565 CellsB: 381
MutsA: 668 MutsB: 558
Using SNV kernel only
Jump Percentage: 0.07118350609343688 First Eig Val: 2.0126648394063125e-15 First Gap: 0.43424817490470685 Largest Gap: 0.43424817490470685 Number of Clusters:1
start:1 iteration:6
CellsA: 1566 CellsB: 380
MutsA: 668 MutsB: 558
Using SNV kernel only
Jump Percentage: 0.07118350609343688 First Eig Val: 2.0126648394063125e-15 First Gap: 0.43424817490470685 Largest Gap: 0.43424817490470685 Number of Clusters:1
Using SNV kernel only
Jump Percentage: 0.08006763953040878 First Eig Val: -5.472662944284273e-16 First Gap: 0.475928158057077 Largest Gap: 0.475928158057077 Number of Clusters:1
start:2 iteration:0
CellsA: 1145 CellsB: 801
MutsA: 445 MutsB: 781
Using SNV kernel only
Jump Percentage: 0.05550613713172114 First Eig Val: 6.937065460241623e-16 First Gap: 0.44987712555226633 Largest Gap: 0.44987712555226633 Number of Clusters:1
start:2 iteration:1
CellsA: 1194 CellsB: 752
MutsA: 450 MutsB: 776
Using SNV kernel only
Jump Percentage: 0.05519917482619436 First Eig Val: 1.6199199430238925e-15 First Gap: 0.43887990632865675 Largest Gap: 0.43887990632865675 Number of Clusters:1
start:2 iteration:2
CellsA: 1484 CellsB: 462
MutsA: 601 MutsB: 625
Using SNV kernel only
Jump Percentage: 0.07002991775187534 First Eig Val: -1.5589746278123014e-16 First Gap: 0.42889072649241844 Largest Gap: 0.42889072649241844 Number of Clusters:1
start:2 iteration:3
CellsA: 1402 CellsB: 544
MutsA: 577 MutsB: 649
Using SNV kernel only
Jump Percentage: 0.05846701464923603 First Eig Val: -2.1048863979053365e-15 First Gap: 0.4247285911456764 Largest Gap: 0.4247285911456764 Number of Clusters:1
start:2 iteration:4
CellsA: 1390 CellsB: 556
MutsA: 574 MutsB: 652
Using SNV kernel only
Jump Percentage: 0.05792914640282078 First Eig Val: 3.6669070476041226e-16 First Gap: 0.4237550887584678 Largest Gap: 0.4237550887584678 Number of Clusters:1
start:2 iteration:5
CellsA: 1389 CellsB: 557
MutsA: 573 MutsB: 653
Using SNV kernel only
Jump Percentage: 0.05786440700157284 First Eig Val: 1.5216575272537703e-15 First Gap: 0.42354199134768783 Largest Gap: 0.42354199134768783 Number of Clusters:1
start:2 iteration:6
CellsA: 1388 CellsB: 558
MutsA: 573 MutsB: 653
Using SNV kernel only
Jump Percentage: 0.05786440700157284 First Eig Val: 1.5216575272537703e-15 First Gap: 0.42354199134768783 Largest Gap: 0.42354199134768783 Number of Clusters:1
Sprouted tree:
None
<bound method Phertilizer.sprout_linear of <phertilizer.Phertilizer object at 0x7f9a3222dbe0>> invalid
Number of subproblems remaining: 4
Starting k-clonal tree inference for seed:
Cells: 1946 Muts: 1159 Ancestral Muts: 3013 
Sprouting seed:
Cells: 1946 Muts: 1159 Ancestral Muts: 3013 
Sprouting a branching tree from seed ...
(Generator(PCG64) at 0x7F9A30A022E0,)
Max copy distance < 1, using SNV kernel only
Jump Percentage: 0.07162149420864841 First Eig Val: 1.907283108814673e-16 First Gap: 0.4798868259634462 Largest Gap: 0.4798868259634462 Number of Clusters:1
CellsA: 764 CellsB: 1182
MutsA: 693 mutsB: 26
Max copy distance < 1, using SNV kernel only
Jump Percentage: 0.06494375978578641 First Eig Val: 6.075836331838558e-17 First Gap: 0.48442184321324644 Largest Gap: 0.48442184321324644 Number of Clusters:1
CellsA: 768 CellsB: 1178
MutsA: 5 mutsB: 947
Max copy distance < 1, using SNV kernel only
Jump Percentage: 0.06693338072710021 First Eig Val: -2.449052315637338e-16 First Gap: 0.4750266238055723 Largest Gap: 0.4750266238055723 Number of Clusters:1
CellsA: 939 CellsB: 1007
MutsA: 11 mutsB: 847
Sprouted tree:
None
<bound method Phertilizer.sprout_branching of <phertilizer.Phertilizer object at 0x7f9a3222dbe0>> invalid
Sprouting seed:
Cells: 1946 Muts: 1159 Ancestral Muts: 3013 
Sprouting a linear tree from seed ...
Using SNV kernel only
Jump Percentage: 0.08487632268528024 First Eig Val: 7.500285523285516e-16 First Gap: 0.4438794705710069 Largest Gap: 0.4438794705710069 Number of Clusters:1
start:0 iteration:0
CellsA: 1533 CellsB: 413
MutsA: 664 MutsB: 495
Using SNV kernel only
Jump Percentage: 0.0806722180150118 First Eig Val: 9.979804939626288e-16 First Gap: 0.4306284064513671 Largest Gap: 0.4306284064513671 Number of Clusters:1
start:0 iteration:1
CellsA: 1526 CellsB: 420
MutsA: 635 MutsB: 524
Using SNV kernel only
Jump Percentage: 0.07197319719295235 First Eig Val: 1.8453656915877792e-15 First Gap: 0.4102851272418049 Largest Gap: 0.4102851272418049 Number of Clusters:1
start:0 iteration:2
CellsA: 1669 CellsB: 277
MutsA: 701 MutsB: 458
Using SNV kernel only
Jump Percentage: 0.09275298945201875 First Eig Val: 3.047836511956356e-15 First Gap: 0.4068261178653761 Largest Gap: 0.4068261178653761 Number of Clusters:1
start:0 iteration:3
CellsA: 1670 CellsB: 276
MutsA: 707 MutsB: 452
Using SNV kernel only
Jump Percentage: 0.09635039445221939 First Eig Val: -6.635815498658138e-16 First Gap: 0.4083642797625469 Largest Gap: 0.4083642797625469 Number of Clusters:1
start:0 iteration:4
CellsA: 1670 CellsB: 276
MutsA: 709 MutsB: 450
Using SNV kernel only
Jump Percentage: 0.09954831227710448 First Eig Val: -1.1250148798716951e-16 First Gap: 0.40871651277340704 Largest Gap: 0.40871651277340704 Number of Clusters:1
start:0 iteration:5
CellsA: 1671 CellsB: 275
MutsA: 709 MutsB: 450
Using SNV kernel only
Jump Percentage: 0.09906410794452954 First Eig Val: 1.0634044378870766e-15 First Gap: 0.40772331225817404 Largest Gap: 0.40772331225817404 Number of Clusters:1
start:0 iteration:6
CellsA: 1669 CellsB: 277
MutsA: 708 MutsB: 451
Using SNV kernel only
Jump Percentage: 0.09595642633194193 First Eig Val: -2.491690275062005e-15 First Gap: 0.40690528107700136 Largest Gap: 0.40690528107700136 Number of Clusters:1
start:0 iteration:7
CellsA: 1617 CellsB: 329
MutsA: 701 MutsB: 458
Using SNV kernel only
Jump Percentage: 0.09367529077964097 First Eig Val: -1.5039166962433083e-15 First Gap: 0.4005289032723124 Largest Gap: 0.4005289032723124 Number of Clusters:1
start:0 iteration:8
CellsA: 1657 CellsB: 289
MutsA: 701 MutsB: 458
Using SNV kernel only
Jump Percentage: 0.09367529077964097 First Eig Val: -1.5039166962433083e-15 First Gap: 0.4005289032723124 Largest Gap: 0.4005289032723124 Number of Clusters:1
adding tree to internal list:
Clonal Tree 0 
[(0, 1)] 
Loss Nodes:0
Node: 0 Cells: 1657 Muts: 701 LostMuts: 0
Node: 1 Cells: 289 Muts: 458 LostMuts: 0
Total Cells: 1946 Total Muts: 1159
Using SNV kernel only
Jump Percentage: 0.0718870111425709 First Eig Val: -1.0561201629365653e-15 First Gap: 0.44925483648456727 Largest Gap: 0.44925483648456727 Number of Clusters:1
start:1 iteration:0
CellsA: 1549 CellsB: 397
MutsA: 667 MutsB: 492
Using SNV kernel only
Jump Percentage: 0.08746408274815749 First Eig Val: 6.792225332628344e-16 First Gap: 0.4284779806209978 Largest Gap: 0.4284779806209978 Number of Clusters:1
start:1 iteration:1
CellsA: 1693 CellsB: 253
MutsA: 729 MutsB: 430
Using SNV kernel only
Jump Percentage: 0.10017321417642766 First Eig Val: 1.6701462244104795e-15 First Gap: 0.4268670550616396 Largest Gap: 0.4268670550616396 Number of Clusters:1
start:1 iteration:2
CellsA: 1703 CellsB: 243
MutsA: 742 MutsB: 417
Using SNV kernel only
Jump Percentage: 0.12145071237387134 First Eig Val: 2.0338094203754882e-15 First Gap: 0.42761468998626906 Largest Gap: 0.42761468998626906 Number of Clusters:1
start:1 iteration:3
CellsA: 1704 CellsB: 242
MutsA: 745 MutsB: 414
Using SNV kernel only
Jump Percentage: 0.12864676680889847 First Eig Val: 1.741474472641334e-15 First Gap: 0.42517749321019566 Largest Gap: 0.42517749321019566 Number of Clusters:1
start:1 iteration:4
CellsA: 1703 CellsB: 243
MutsA: 746 MutsB: 413
Using SNV kernel only
Jump Percentage: 0.12918152623497592 First Eig Val: -2.893173272556479e-16 First Gap: 0.4256961364265465 Largest Gap: 0.4256961364265465 Number of Clusters:1
start:1 iteration:5
CellsA: 1643 CellsB: 303
MutsA: 727 MutsB: 432
Using SNV kernel only
Jump Percentage: 0.12081907384686975 First Eig Val: 1.6195315684449802e-16 First Gap: 0.4159074023467413 Largest Gap: 0.4159074023467413 Number of Clusters:1
start:1 iteration:6
CellsA: 1685 CellsB: 261
MutsA: 730 MutsB: 429
Using SNV kernel only
Jump Percentage: 0.12097813702369166 First Eig Val: 9.560778418744013e-16 First Gap: 0.41582986624077894 Largest Gap: 0.41582986624077894 Number of Clusters:1
start:1 iteration:7
CellsA: 1684 CellsB: 262
MutsA: 730 MutsB: 429
Using SNV kernel only
Jump Percentage: 0.12097813702369166 First Eig Val: 9.560778418744013e-16 First Gap: 0.41582986624077894 Largest Gap: 0.41582986624077894 Number of Clusters:1
adding tree to internal list:
Clonal Tree 0 
[(0, 1)] 
Loss Nodes:0
Node: 0 Cells: 1684 Muts: 730 LostMuts: 0
Node: 1 Cells: 262 Muts: 429 LostMuts: 0
Total Cells: 1946 Total Muts: 1159
Using SNV kernel only
Jump Percentage: 0.07413402213715946 First Eig Val: -9.988719080804713e-16 First Gap: 0.4465400059640091 Largest Gap: 0.4465400059640091 Number of Clusters:1
start:2 iteration:0
CellsA: 1542 CellsB: 404
MutsA: 669 MutsB: 490
Using SNV kernel only
Jump Percentage: 0.09068706173807173 First Eig Val: 7.700642366810944e-16 First Gap: 0.4190188694513245 Largest Gap: 0.4190188694513245 Number of Clusters:1
start:2 iteration:1
CellsA: 1690 CellsB: 256
MutsA: 722 MutsB: 437
Using SNV kernel only
Jump Percentage: 0.12324554679178748 First Eig Val: -1.4791368878056796e-16 First Gap: 0.4246598998163597 Largest Gap: 0.4246598998163597 Number of Clusters:1
start:2 iteration:2
CellsA: 1697 CellsB: 249
MutsA: 728 MutsB: 431
Using SNV kernel only
Jump Percentage: 0.12295853167034715 First Eig Val: 1.3016432756692485e-15 First Gap: 0.424155083259646 Largest Gap: 0.424155083259646 Number of Clusters:1
start:2 iteration:3
CellsA: 1504 CellsB: 442
MutsA: 649 MutsB: 510
Using SNV kernel only
Jump Percentage: 0.07378653678379267 First Eig Val: -1.4635056142054577e-15 First Gap: 0.40455039243901847 Largest Gap: 0.40455039243901847 Number of Clusters:1
start:2 iteration:4
CellsA: 1520 CellsB: 426
MutsA: 635 MutsB: 524
Using SNV kernel only
Jump Percentage: 0.0765770889825164 First Eig Val: -2.44338338482856e-16 First Gap: 0.4024208970508035 Largest Gap: 0.4024208970508035 Number of Clusters:1
start:2 iteration:5
CellsA: 1513 CellsB: 433
MutsA: 632 MutsB: 527
Using SNV kernel only
Jump Percentage: 0.07742788334233507 First Eig Val: 1.979165285270423e-15 First Gap: 0.40204346582165423 Largest Gap: 0.40204346582165423 Number of Clusters:1
adding tree to internal list:
Clonal Tree 0 
[(0, 1)] 
Loss Nodes:0
Node: 0 Cells: 1513 Muts: 632 LostMuts: 0
Node: 1 Cells: 433 Muts: 527 LostMuts: 0
Total Cells: 1946 Total Muts: 1159
adding tree to candidate list:
Clonal Tree 2 
[(0, 1)] 
Loss Nodes:0
Node: 0 Cells: 1513 Muts: 632 LostMuts: 0
Node: 1 Cells: 433 Muts: 527 LostMuts: 0
Total Cells: 1946 Total Muts: 1159
Normalized Likelihood: -0.6196504542205407
Using SNV kernel only
Jump Percentage: 0.11478160221618794 First Eig Val: -1.0175101068663887e-15 First Gap: 0.55017374789661 Largest Gap: 0.55017374789661 Number of Clusters:1
start:0 iteration:0
CellsA: 1256 CellsB: 257
MutsA: 494 MutsB: 665
Using SNV kernel only
Jump Percentage: 0.07313612055206069 First Eig Val: -1.2549221856279533e-15 First Gap: 0.595769438821037 Largest Gap: 0.595769438821037 Number of Clusters:1
start:0 iteration:1
CellsA: 1294 CellsB: 219
MutsA: 502 MutsB: 657
Using SNV kernel only
Jump Percentage: 0.06957488016486751 First Eig Val: 1.0787106354616874e-15 First Gap: 0.60163716241134 Largest Gap: 0.60163716241134 Number of Clusters:1
start:0 iteration:2
CellsA: 1378 CellsB: 135
MutsA: 534 MutsB: 625
Using SNV kernel only
Jump Percentage: 0.08712410169358618 First Eig Val: 1.186455132952196e-15 First Gap: 0.7317665776867464 Largest Gap: 0.7317665776867464 Number of Clusters:1
start:0 iteration:3
CellsA: 1394 CellsB: 119
MutsA: 543 MutsB: 616
Using SNV kernel only
Jump Percentage: 0.08389736450468405 First Eig Val: -2.937130975828925e-15 First Gap: 0.7393005541040799 Largest Gap: 0.7393005541040799 Number of Clusters:1
start:0 iteration:4
CellsA: 1399 CellsB: 114
MutsA: 546 MutsB: 613
Using SNV kernel only
Jump Percentage: 0.08128035669784837 First Eig Val: -1.1827333321515183e-15 First Gap: 0.7407469733631744 Largest Gap: 0.7407469733631744 Number of Clusters:1
start:0 iteration:5
CellsA: 1399 CellsB: 114
MutsA: 548 MutsB: 611
Using SNV kernel only
Jump Percentage: 0.08255309165198055 First Eig Val: -1.665713569833758e-16 First Gap: 0.7413030997520884 Largest Gap: 0.7413030997520884 Number of Clusters:1
start:0 iteration:6
CellsA: 1398 CellsB: 115
MutsA: 548 MutsB: 611
Using SNV kernel only
Jump Percentage: 0.08255309165198055 First Eig Val: -1.665713569833758e-16 First Gap: 0.7413030997520884 Largest Gap: 0.7413030997520884 Number of Clusters:1
adding tree to internal list:
Clonal Tree 0 
[(0, 1)] 
Loss Nodes:0
Node: 0 Cells: 1398 Muts: 548 LostMuts: 0
Node: 1 Cells: 548 Muts: 611 LostMuts: 0
Total Cells: 1946 Total Muts: 1159
Using SNV kernel only
Jump Percentage: 0.09032145571320167 First Eig Val: 2.1140853215617538e-16 First Gap: 0.5575632470615955 Largest Gap: 0.5575632470615955 Number of Clusters:1
start:1 iteration:0
CellsA: 974 CellsB: 539
MutsA: 370 MutsB: 789
Using SNV kernel only
Jump Percentage: 0.08725364333612272 First Eig Val: -2.419396973908455e-16 First Gap: 0.5234606524697089 Largest Gap: 0.5234606524697089 Number of Clusters:1
start:1 iteration:1
CellsA: 1180 CellsB: 333
MutsA: 439 MutsB: 720
Using SNV kernel only
Jump Percentage: 0.08519466259473352 First Eig Val: -7.010252898980598e-16 First Gap: 0.5490357939862982 Largest Gap: 0.5490357939862982 Number of Clusters:1
start:1 iteration:2
CellsA: 1327 CellsB: 186
MutsA: 513 MutsB: 646
Using SNV kernel only
Jump Percentage: 0.08307979026011508 First Eig Val: 1.376415091243916e-15 First Gap: 0.5739158829420515 Largest Gap: 0.5739158829420515 Number of Clusters:1
start:1 iteration:3
CellsA: 1307 CellsB: 206
MutsA: 509 MutsB: 650
Using SNV kernel only
Jump Percentage: 0.0754499733346152 First Eig Val: -9.758284091755267e-17 First Gap: 0.5664697985423975 Largest Gap: 0.5664697985423975 Number of Clusters:1
start:1 iteration:4
CellsA: 1307 CellsB: 206
MutsA: 510 MutsB: 649
Using SNV kernel only
Jump Percentage: 0.07562513210230647 First Eig Val: 1.854640488517098e-15 First Gap: 0.5666429165309036 Largest Gap: 0.5666429165309036 Number of Clusters:1
adding tree to internal list:
Clonal Tree 0 
[(0, 1)] 
Loss Nodes:0
Node: 0 Cells: 1307 Muts: 510 LostMuts: 0
Node: 1 Cells: 639 Muts: 649 LostMuts: 0
Total Cells: 1946 Total Muts: 1159
Using SNV kernel only
Jump Percentage: 0.11466154717401297 First Eig Val: 5.178650203971426e-17 First Gap: 0.6863190689064662 Largest Gap: 0.6863190689064662 Number of Clusters:1
start:2 iteration:0
CellsA: 968 CellsB: 545
MutsA: 364 MutsB: 795
Using SNV kernel only
Jump Percentage: 0.07774741690327401 First Eig Val: -9.36538922646185e-16 First Gap: 0.5358890979829539 Largest Gap: 0.5358890979829539 Number of Clusters:1
start:2 iteration:1
CellsA: 1173 CellsB: 340
MutsA: 434 MutsB: 725
Using SNV kernel only
Jump Percentage: 0.06230026610113662 First Eig Val: -8.937489332349125e-17 First Gap: 0.5751944627798142 Largest Gap: 0.5751944627798142 Number of Clusters:1
start:2 iteration:2
CellsA: 1221 CellsB: 292
MutsA: 460 MutsB: 699
Using SNV kernel only
Jump Percentage: 0.06334233262011874 First Eig Val: 1.4064000150869886e-15 First Gap: 0.5862501252659964 Largest Gap: 0.5862501252659964 Number of Clusters:1
start:2 iteration:3
CellsA: 1233 CellsB: 280
MutsA: 469 MutsB: 690
Using SNV kernel only
Jump Percentage: 0.06324750955031622 First Eig Val: -2.4411346786546256e-15 First Gap: 0.5918341623881876 Largest Gap: 0.5918341623881876 Number of Clusters:1
start:2 iteration:4
CellsA: 1240 CellsB: 273
MutsA: 472 MutsB: 687
Using SNV kernel only
Jump Percentage: 0.0637772561949123 First Eig Val: 1.217776693625117e-15 First Gap: 0.5934399457830404 Largest Gap: 0.5934399457830404 Number of Clusters:1
start:2 iteration:5
CellsA: 1241 CellsB: 272
MutsA: 473 MutsB: 686
Using SNV kernel only
Jump Percentage: 0.0639722293988669 First Eig Val: 1.2842388387991645e-15 First Gap: 0.5941712766118857 Largest Gap: 0.5941712766118857 Number of Clusters:1
start:2 iteration:6
CellsA: 1242 CellsB: 271
MutsA: 473 MutsB: 686
Using SNV kernel only
Jump Percentage: 0.0639722293988669 First Eig Val: 1.2842388387991645e-15 First Gap: 0.5941712766118857 Largest Gap: 0.5941712766118857 Number of Clusters:1
adding tree to candidate list:
Clonal Tree 1 
[(0, 1)] 
Loss Nodes:0
Node: 0 Cells: 1307 Muts: 510 LostMuts: 0
Node: 1 Cells: 639 Muts: 649 LostMuts: 0
Total Cells: 1946 Total Muts: 1159
Normalized Likelihood: -0.5298402163809233
Using SNV kernel only
Jump Percentage: 0.11872332640863953 First Eig Val: -2.381182507318887e-15 First Gap: 0.68238097759673 Largest Gap: 0.68238097759673 Number of Clusters:1
start:0 iteration:0
CellsA: 1128 CellsB: 179
MutsA: 431 MutsB: 728
Using SNV kernel only
Jump Percentage: 0.14998001232805805 First Eig Val: 9.947718875988932e-16 First Gap: 0.6322812445768677 Largest Gap: 0.6322812445768677 Number of Clusters:1
start:0 iteration:1
CellsA: 992 CellsB: 315
MutsA: 385 MutsB: 774
Using SNV kernel only
Jump Percentage: 0.11871321291934245 First Eig Val: 1.0132681720820796e-15 First Gap: 0.5604551873073123 Largest Gap: 0.5604551873073123 Number of Clusters:1
start:0 iteration:2
CellsA: 1127 CellsB: 180
MutsA: 397 MutsB: 762
Using SNV kernel only
Jump Percentage: 0.09833870326920038 First Eig Val: -8.515506799144222e-16 First Gap: 0.6065496572244562 Largest Gap: 0.6065496572244562 Number of Clusters:1
start:0 iteration:3
CellsA: 1186 CellsB: 121
MutsA: 424 MutsB: 735
Using SNV kernel only
Jump Percentage: 0.09339229021421976 First Eig Val: -1.85618248666958e-15 First Gap: 0.6383338790322594 Largest Gap: 0.6383338790322594 Number of Clusters:1
start:0 iteration:4
CellsA: 1167 CellsB: 140
MutsA: 429 MutsB: 730
Using SNV kernel only
Jump Percentage: 0.09017173208573737 First Eig Val: 1.5198741541295277e-15 First Gap: 0.6435579947022253 Largest Gap: 0.6435579947022253 Number of Clusters:1
start:0 iteration:5
CellsA: 1206 CellsB: 101
MutsA: 439 MutsB: 720
Using SNV kernel only
Jump Percentage: 0.08711697472523211 First Eig Val: -1.5190563183195692e-15 First Gap: 0.6118212270347995 Largest Gap: 0.6118212270347995 Number of Clusters:1
start:0 iteration:6
CellsA: 1212 CellsB: 95
MutsA: 444 MutsB: 715
Using SNV kernel only
Jump Percentage: 0.08785924491958573 First Eig Val: -2.325010589305158e-16 First Gap: 0.6166119225902342 Largest Gap: 0.6166119225902342 Number of Clusters:1
start:0 iteration:7
CellsA: 1213 CellsB: 94
MutsA: 443 MutsB: 716
Using SNV kernel only
Jump Percentage: 0.08612568036922433 First Eig Val: 2.6467222681072506e-16 First Gap: 0.6165658584654014 Largest Gap: 0.6165658584654014 Number of Clusters:1
Using SNV kernel only
Jump Percentage: 0.1479923224712533 First Eig Val: 1.638954782788485e-15 First Gap: 0.7515267226721948 Largest Gap: 0.7515267226721948 Number of Clusters:1
start:1 iteration:0
CellsA: 1128 CellsB: 179
MutsA: 443 MutsB: 716
Using SNV kernel only
Jump Percentage: 0.11877905353632105 First Eig Val: -9.88222408029132e-16 First Gap: 0.5965699033990474 Largest Gap: 0.5965699033990474 Number of Clusters:1
start:1 iteration:1
CellsA: 1003 CellsB: 304
MutsA: 401 MutsB: 758
Using SNV kernel only
Jump Percentage: 0.09772350064411096 First Eig Val: -1.8857403118164348e-15 First Gap: 0.5541628254233734 Largest Gap: 0.5541628254233734 Number of Clusters:1
start:1 iteration:2
CellsA: 961 CellsB: 346
MutsA: 382 MutsB: 777
Using SNV kernel only
Jump Percentage: 0.08987692963043016 First Eig Val: 1.252162585503268e-16 First Gap: 0.5324388520901696 Largest Gap: 0.5324388520901696 Number of Clusters:1
start:1 iteration:3
CellsA: 941 CellsB: 366
MutsA: 372 MutsB: 787
Using SNV kernel only
Jump Percentage: 0.087889956635668 First Eig Val: 3.0058557192886587e-16 First Gap: 0.5224360075644238 Largest Gap: 0.5224360075644238 Number of Clusters:1
start:1 iteration:4
CellsA: 1100 CellsB: 207
MutsA: 380 MutsB: 779
Using SNV kernel only
Jump Percentage: 0.08550072854882622 First Eig Val: -9.715960687593805e-16 First Gap: 0.5756126815894772 Largest Gap: 0.5756126815894772 Number of Clusters:1
start:1 iteration:5
CellsA: 945 CellsB: 362
MutsA: 361 MutsB: 798
Using SNV kernel only
Jump Percentage: 0.07837503825141044 First Eig Val: -4.0518459263667136e-16 First Gap: 0.5547300396111241 Largest Gap: 0.5547300396111241 Number of Clusters:1
start:1 iteration:6
CellsA: 1086 CellsB: 221
MutsA: 370 MutsB: 789
Using SNV kernel only
Jump Percentage: 0.07629163225220775 First Eig Val: 1.0076576690101633e-15 First Gap: 0.5593492293015128 Largest Gap: 0.5593492293015128 Number of Clusters:1
start:1 iteration:7
CellsA: 1087 CellsB: 220
MutsA: 370 MutsB: 789
Using SNV kernel only
Jump Percentage: 0.07629163225220775 First Eig Val: 1.0076576690101633e-15 First Gap: 0.5593492293015128 Largest Gap: 0.5593492293015128 Number of Clusters:1
Using SNV kernel only
Jump Percentage: 0.1389626843590886 First Eig Val: -1.4208565534293778e-16 First Gap: 0.7016103317456962 Largest Gap: 0.7016103317456962 Number of Clusters:1
start:2 iteration:0
CellsA: 1143 CellsB: 164
MutsA: 464 MutsB: 695
Using SNV kernel only
Jump Percentage: 0.13240124370286882 First Eig Val: 1.0480951150939773e-16 First Gap: 0.5900515910065437 Largest Gap: 0.5900515910065437 Number of Clusters:1
start:2 iteration:1
CellsA: 1024 CellsB: 283
MutsA: 417 MutsB: 742
Using SNV kernel only
Jump Percentage: 0.09565267571777844 First Eig Val: -1.5889290769244796e-15 First Gap: 0.5534286751155013 Largest Gap: 0.5534286751155013 Number of Clusters:1
start:2 iteration:2
CellsA: 1167 CellsB: 140
MutsA: 433 MutsB: 726
Using SNV kernel only
Jump Percentage: 0.10950256447996186 First Eig Val: 1.645820652271249e-16 First Gap: 0.6212109797198595 Largest Gap: 0.6212109797198595 Number of Clusters:1
start:2 iteration:3
CellsA: 1179 CellsB: 128
MutsA: 435 MutsB: 724
Using SNV kernel only
Jump Percentage: 0.09234038190501144 First Eig Val: 1.698843845690802e-15 First Gap: 0.5773363624534792 Largest Gap: 0.5773363624534792 Number of Clusters:1
Clonal Tree 0 
[(0, 1)] 
Loss Nodes:0
Node: 0 Cells: 1513 Muts: 632 LostMuts: 0
Node: 1 Cells: 433 Muts: 527 LostMuts: 0
Total Cells: 1946 Total Muts: 1159
Normalized Likelihood: -0.6196504542205407
Clonal Tree 1 
[(0, 1)] 
Loss Nodes:0
Node: 0 Cells: 1307 Muts: 510 LostMuts: 0
Node: 1 Cells: 639 Muts: 649 LostMuts: 0
Total Cells: 1946 Total Muts: 1159
Normalized Likelihood: -0.5298402163809233
linear split norm likelihood best tree
Clonal Tree 1 
[(0, 1)] 
Loss Nodes:0
Node: 0 Cells: 1307 Muts: 510 LostMuts: 0
Node: 1 Cells: 639 Muts: 649 LostMuts: 0
Total Cells: 1946 Total Muts: 1159
Sprouted tree:
Clonal Tree 1 
[(0, 1)] 
Loss Nodes:0
Node: 0 Cells: 1307 Muts: 510 LostMuts: 0
Node: 1 Cells: 639 Muts: 649 LostMuts: 0
Total Cells: 1946 Total Muts: 1159
Cells: 639 Muts: 649 Ancestral Muts: 3523 
Number of subproblems remaining: 4
func:'planting' args:[(<phertilizer.Phertilizer object at 0x7f9a3222dbe0>, deque([])), {}] took: 1758.7984 sec
Planting phase complete!

Starting grow phase....
Clonal Tree 1 
[(0, 1)] 
Loss Nodes:0
Node: 0 Cells: 2303 Muts: 1684 LostMuts: 0
Node: 1 Cells: 2656 Muts: 3049 LostMuts: 0
Total Cells: 4959 Total Muts: 4733
Clonal Tree 0 
[(0, 1), (0, 2)] 
Loss Nodes:0
Node: 0 Cells: 0 Muts: 1329 LostMuts: 0
Node: 1 Cells: 710 Muts: 561 LostMuts: 0
Node: 2 Cells: 1946 Muts: 1159 LostMuts: 0
Total Cells: 2656 Total Muts: 3049
4733
4733
4733
Clonal Tree 1 
[(0, 1), (1, 2), (1, 3)] 
Loss Nodes:0
Node: 0 Cells: 2303 Muts: 1684 LostMuts: 0
Node: 1 Cells: 0 Muts: 1329 LostMuts: 0
Node: 2 Cells: 710 Muts: 561 LostMuts: 0
Node: 3 Cells: 1946 Muts: 1159 LostMuts: 0
Total Cells: 4959 Total Muts: 4733
Clonal Tree 1 
[(0, 1), (1, 2), (1, 3)] 
Loss Nodes:0
Node: 0 Cells: 2303 Muts: 1684 LostMuts: 0
Node: 1 Cells: 0 Muts: 1329 LostMuts: 0
Node: 2 Cells: 710 Muts: 561 LostMuts: 0
Node: 3 Cells: 1946 Muts: 1159 LostMuts: 0
Total Cells: 4959 Total Muts: 4733
Clonal Tree 1 
[(0, 1)] 
Loss Nodes:0
Node: 0 Cells: 2303 Muts: 1684 LostMuts: 0
Node: 1 Cells: 2656 Muts: 3049 LostMuts: 0
Total Cells: 4959 Total Muts: 4733
Clonal Tree 0 
[(0, 1)] 
Loss Nodes:0
Node: 0 Cells: 710 Muts: 1823 LostMuts: 0
Node: 1 Cells: 1946 Muts: 1226 LostMuts: 0
Total Cells: 2656 Total Muts: 3049
4733
4733
4733
Clonal Tree 1 
[(0, 1), (1, 2)] 
Loss Nodes:0
Node: 0 Cells: 2303 Muts: 1684 LostMuts: 0
Node: 1 Cells: 710 Muts: 1823 LostMuts: 0
Node: 2 Cells: 1946 Muts: 1226 LostMuts: 0
Total Cells: 4959 Total Muts: 4733
Clonal Tree 1 
[(0, 1), (1, 2)] 
Loss Nodes:0
Node: 0 Cells: 2303 Muts: 1684 LostMuts: 0
Node: 1 Cells: 710 Muts: 1823 LostMuts: 0
Node: 2 Cells: 1946 Muts: 1226 LostMuts: 0
Total Cells: 4959 Total Muts: 4733
Clonal Tree 2 
[(0, 1), (1, 2), (1, 3)] 
Loss Nodes:0
Node: 0 Cells: 2303 Muts: 1684 LostMuts: 0
Node: 1 Cells: 0 Muts: 1329 LostMuts: 0
Node: 2 Cells: 710 Muts: 561 LostMuts: 0
Node: 3 Cells: 1946 Muts: 1159 LostMuts: 0
Total Cells: 4959 Total Muts: 4733
Clonal Tree 1 
[(0, 1)] 
Loss Nodes:0
Node: 0 Cells: 1307 Muts: 510 LostMuts: 0
Node: 1 Cells: 639 Muts: 649 LostMuts: 0
Total Cells: 1946 Total Muts: 1159
4733
4733
4733
Clonal Tree 2 
[(0, 1), (1, 2), (1, 3), (3, 4)] 
Loss Nodes:0
Node: 0 Cells: 2303 Muts: 1684 LostMuts: 0
Node: 1 Cells: 0 Muts: 1329 LostMuts: 0
Node: 2 Cells: 710 Muts: 561 LostMuts: 0
Node: 3 Cells: 1307 Muts: 510 LostMuts: 0
Node: 4 Cells: 639 Muts: 649 LostMuts: 0
Total Cells: 4959 Total Muts: 4733
Clonal Tree 2 
[(0, 1), (1, 2), (1, 3), (3, 4)] 
Loss Nodes:0
Node: 0 Cells: 2303 Muts: 1684 LostMuts: 0
Node: 1 Cells: 0 Muts: 1329 LostMuts: 0
Node: 2 Cells: 710 Muts: 561 LostMuts: 0
Node: 3 Cells: 1307 Muts: 510 LostMuts: 0
Node: 4 Cells: 639 Muts: 649 LostMuts: 0
Total Cells: 4959 Total Muts: 4733
func:'grow' args:[(<phertilizer.Phertilizer object at 0x7f9a3222dbe0>,), {}] took: 0.0150 sec
Growing phase complete!

Identifying the maximum likelihood k-clonal tree....
Finding the maximum likelihood tree out of 5 trees....
Clonal Tree 0 
[(0, 1), (0, 2)] 
Loss Nodes:0
Node: 0 Cells: 0 Muts: 2609 LostMuts: 0
Node: 1 Cells: 710 Muts: 1218 LostMuts: 0
Node: 2 Cells: 4249 Muts: 906 LostMuts: 0
Total Cells: 4959 Total Muts: 4733

Tree: 0 LogLikelihood: 4114605.1450646287
Variant LogLikelihood: -198438.04277222068 
RDR LogLikelihood: 4313043.187836849

Clonal Tree 1 
[(0, 1)] 
Loss Nodes:0
Node: 0 Cells: 2303 Muts: 1684 LostMuts: 0
Node: 1 Cells: 2656 Muts: 3049 LostMuts: 0
Total Cells: 4959 Total Muts: 4733

Tree: 1 LogLikelihood: 4809170.121752491
Variant LogLikelihood: -174476.207539525 
RDR LogLikelihood: 4983646.329292016

Clonal Tree 2 
[(0, 1), (1, 2), (1, 3)] 
Loss Nodes:0
Node: 0 Cells: 2303 Muts: 1684 LostMuts: 0
Node: 1 Cells: 0 Muts: 1329 LostMuts: 0
Node: 2 Cells: 710 Muts: 561 LostMuts: 0
Node: 3 Cells: 1946 Muts: 1159 LostMuts: 0
Total Cells: 4959 Total Muts: 4733

Tree: 2 LogLikelihood: 5098613.111144457
Variant LogLikelihood: -153106.60163649006 
RDR LogLikelihood: 5251719.712780947

Clonal Tree 3 
[(0, 1), (1, 2)] 
Loss Nodes:0
Node: 0 Cells: 2303 Muts: 1684 LostMuts: 0
Node: 1 Cells: 710 Muts: 1823 LostMuts: 0
Node: 2 Cells: 1946 Muts: 1226 LostMuts: 0
Total Cells: 4959 Total Muts: 4733

Tree: 3 LogLikelihood: 5085311.002749352
Variant LogLikelihood: -166408.71003159546 
RDR LogLikelihood: 5251719.712780947

Clonal Tree 4 
[(0, 1), (1, 2), (1, 3), (3, 4)] 
Loss Nodes:0
Node: 0 Cells: 2303 Muts: 1684 LostMuts: 0
Node: 1 Cells: 0 Muts: 1329 LostMuts: 0
Node: 2 Cells: 710 Muts: 561 LostMuts: 0
Node: 3 Cells: 1307 Muts: 510 LostMuts: 0
Node: 4 Cells: 639 Muts: 649 LostMuts: 0
Total Cells: 4959 Total Muts: 4733

Tree: 4 LogLikelihood: 5108380.2443508925
Variant LogLikelihood: -143339.4684300549 
RDR LogLikelihood: 5251719.712780947

\Phertilizer Tree....
Clonal Tree 4 
[(0, 1), (1, 2), (1, 3), (3, 4)] 
Loss Nodes:0
Node: 0 Cells: 2303 Muts: 1684 LostMuts: 0
Node: 1 Cells: 0 Muts: 1329 LostMuts: 0
Node: 2 Cells: 710 Muts: 561 LostMuts: 0
Node: 3 Cells: 1307 Muts: 510 LostMuts: 0
Node: 4 Cells: 639 Muts: 649 LostMuts: 0
Total Cells: 4959 Total Muts: 4733
Saving files.....
Thanks for planting a tree! See you later, friend.
