/scratch/data/leah/phertilizer/src/branching_split.py:108: RuntimeWarning: invalid value encountered in true_divide
  tmb = mut_var_count_by_cell/mut_total_reads_by_cell
/scratch/data/leah/phertilizer/src/branching_split.py:108: RuntimeWarning: invalid value encountered in true_divide
  tmb = mut_var_count_by_cell/mut_total_reads_by_cell
/scratch/data/leah/phertilizer/src/branching_split.py:108: RuntimeWarning: invalid value encountered in true_divide
  tmb = mut_var_count_by_cell/mut_total_reads_by_cell
/scratch/data/leah/phertilizer/src/branching_split.py:108: RuntimeWarning: invalid value encountered in true_divide
  tmb = mut_var_count_by_cell/mut_total_reads_by_cell
/scratch/data/leah/phertilizer/src/branching_split.py:108: RuntimeWarning: invalid value encountered in true_divide
  tmb = mut_var_count_by_cell/mut_total_reads_by_cell
/scratch/data/leah/phertilizer/src/branching_split.py:108: RuntimeWarning: invalid value encountered in true_divide
  tmb = mut_var_count_by_cell/mut_total_reads_by_cell
/scratch/data/leah/phertilizer/src/branching_split.py:108: RuntimeWarning: invalid value encountered in true_divide
  tmb = mut_var_count_by_cell/mut_total_reads_by_cell
/scratch/data/leah/phertilizer/src/branching_split.py:108: RuntimeWarning: invalid value encountered in true_divide
  tmb = mut_var_count_by_cell/mut_total_reads_by_cell
/scratch/data/leah/phertilizer/src/branching_split.py:108: RuntimeWarning: invalid value encountered in true_divide
  tmb = mut_var_count_by_cell/mut_total_reads_by_cell
/scratch/data/leah/phertilizer/src/branching_split.py:108: RuntimeWarning: invalid value encountered in true_divide
  tmb = mut_var_count_by_cell/mut_total_reads_by_cell
/scratch/data/leah/phertilizer/src/branching_split.py:108: RuntimeWarning: invalid value encountered in true_divide
  tmb = mut_var_count_by_cell/mut_total_reads_by_cell
/scratch/data/leah/phertilizer/src/branching_split.py:108: RuntimeWarning: invalid value encountered in true_divide
  tmb = mut_var_count_by_cell/mut_total_reads_by_cell
/scratch/data/leah/phertilizer/src/branching_split.py:108: RuntimeWarning: invalid value encountered in true_divide
  tmb = mut_var_count_by_cell/mut_total_reads_by_cell
/scratch/data/leah/phertilizer/src/branching_split.py:108: RuntimeWarning: invalid value encountered in true_divide
  tmb = mut_var_count_by_cell/mut_total_reads_by_cell
/scratch/data/leah/phertilizer/src/branching_split.py:108: RuntimeWarning: invalid value encountered in true_divide
  tmb = mut_var_count_by_cell/mut_total_reads_by_cell
/scratch/data/leah/phertilizer/src/branching_split.py:108: RuntimeWarning: invalid value encountered in true_divide
  tmb = mut_var_count_by_cell/mut_total_reads_by_cell
/scratch/data/leah/phertilizer/src/branching_split.py:108: RuntimeWarning: invalid value encountered in true_divide
  tmb = mut_var_count_by_cell/mut_total_reads_by_cell
/scratch/data/leah/phertilizer/src/branching_split.py:108: RuntimeWarning: invalid value encountered in true_divide
  tmb = mut_var_count_by_cell/mut_total_reads_by_cell
/scratch/data/leah/phertilizer/src/branching_split.py:108: RuntimeWarning: invalid value encountered in true_divide
  tmb = mut_var_count_by_cell/mut_total_reads_by_cell
/scratch/data/leah/phertilizer/src/branching_split.py:108: RuntimeWarning: invalid value encountered in true_divide
  tmb = mut_var_count_by_cell/mut_total_reads_by_cell
/scratch/data/leah/phertilizer/src/branching_split.py:108: RuntimeWarning: invalid value encountered in true_divide
  tmb = mut_var_count_by_cell/mut_total_reads_by_cell
/scratch/data/leah/phertilizer/src/branching_split.py:108: RuntimeWarning: invalid value encountered in true_divide
  tmb = mut_var_count_by_cell/mut_total_reads_by_cell
/scratch/data/leah/phertilizer/src/branching_split.py:108: RuntimeWarning: invalid value encountered in true_divide
  tmb = mut_var_count_by_cell/mut_total_reads_by_cell
/scratch/data/leah/phertilizer/src/branching_split.py:108: RuntimeWarning: invalid value encountered in true_divide
  tmb = mut_var_count_by_cell/mut_total_reads_by_cell
/scratch/data/leah/phertilizer/src/branching_split.py:108: RuntimeWarning: invalid value encountered in true_divide
  tmb = mut_var_count_by_cell/mut_total_reads_by_cell
/scratch/data/leah/phertilizer/src/branching_split.py:108: RuntimeWarning: invalid value encountered in true_divide
  tmb = mut_var_count_by_cell/mut_total_reads_by_cell
/scratch/data/leah/phertilizer/src/branching_split.py:108: RuntimeWarning: invalid value encountered in true_divide
  tmb = mut_var_count_by_cell/mut_total_reads_by_cell
/scratch/data/leah/phertilizer/src/branching_split.py:108: RuntimeWarning: invalid value encountered in true_divide
  tmb = mut_var_count_by_cell/mut_total_reads_by_cell
/scratch/data/leah/phertilizer/src/branching_split.py:108: RuntimeWarning: invalid value encountered in true_divide
  tmb = mut_var_count_by_cell/mut_total_reads_by_cell
INFO:root:Mb Count a: 0.7926757235676314 Mb Count b: 2.2840314136125652
INFO:root:Mb Count a: 0.9155060352831941 Mb Count b: 2.8613861386138613
INFO:root:Mb Count a: 0.40460720614294154 Mb Count b: 2.107329842931937
INFO:root:Mb Count a: 0.9155060352831941 Mb Count b: 2.8613861386138613
INFO:root:Mb Count a: 0.40460720614294154 Mb Count b: 2.107329842931937
INFO:root:Mb Count a: 0.9155060352831941 Mb Count b: 2.8613861386138613
INFO:root:Mb Count a: 0.40460720614294154 Mb Count b: 2.107329842931937
INFO:root:Mb Count a: 0.9155060352831941 Mb Count b: 2.8613861386138613
INFO:root:Mb Count a: 0.40460720614294154 Mb Count b: 2.107329842931937
INFO:root:Mb Count a: 0.9155060352831941 Mb Count b: 2.8613861386138613
INFO:root:Mb Count a: 1.1188486536675952 Mb Count b: 2.3333333333333335
INFO:root:Mb Count a: 0.40460720614294154 Mb Count b: 2.107329842931937
INFO:root:Mb Count a: 0.9155060352831941 Mb Count b: 2.8613861386138613
INFO:root:Mb Count a: 0.40460720614294154 Mb Count b: 2.107329842931937
INFO:root:Mb Count a: 0.9155060352831941 Mb Count b: 2.8613861386138613
INFO:root:Mb Count a: 0.40460720614294154 Mb Count b: 2.107329842931937
INFO:root:Mb Count a: 0.9155060352831941 Mb Count b: 2.8613861386138613
INFO:root:Mb Count a: 0.40460720614294154 Mb Count b: 2.107329842931937
INFO:root:Mb Count a: 0.9155060352831941 Mb Count b: 2.8613861386138613
INFO:root:Mb Count a: 0.40460720614294154 Mb Count b: 2.107329842931937
INFO:root:Mb Count a: 0.7625516834022446 Mb Count b: 2.25130890052356
INFO:root:Mb Count a: 0.9155060352831941 Mb Count b: 2.8613861386138613
INFO:root:Mb Count a: 0.40460720614294154 Mb Count b: 2.107329842931937
INFO:root:Mb Count a: 0.9155060352831941 Mb Count b: 2.8613861386138613
INFO:root:Mb Count a: 0.40460720614294154 Mb Count b: 2.107329842931937
INFO:root:Mb Count a: 0.9155060352831941 Mb Count b: 2.8613861386138613
INFO:root:Mb Count a: 0.40460720614294154 Mb Count b: 2.107329842931937
INFO:root:Mb Count a: 0.9155060352831941 Mb Count b: 2.8613861386138613
INFO:root:Mb Count a: 0.40460720614294154 Mb Count b: 2.107329842931937
INFO:root:Mb Count a: 0.9155060352831941 Mb Count b: 2.8613861386138613
INFO:root:Mb Count a: 0.0 Mb Count b: 1.146341463414634
INFO:root:Mb Count a: 0.16418875242404654 Mb Count b: 3.5616438356164384
INFO:root:Mb Count a: 0.14546640574037834 Mb Count b: 3.84375
INFO:root:Mb Count a: 0.19473007712082263 Mb Count b: 4.204379562043796
INFO:root:Mb Count a: 0.1928020565552699 Mb Count b: 4.218978102189781
INFO:root:Mb Count a: 0.0 Mb Count b: 1.2432432432432432
INFO:root:Mb Count a: 0.12319790301441677 Mb Count b: 3.3832335329341316
INFO:root:Mb Count a: 0.1073558648111332 Mb Count b: 3.7010869565217392
INFO:root:Mb Count a: 0.07128309572301425 Mb Count b: 3.55
INFO:root:Mb Count a: 0.09865771812080537 Mb Count b: 3.7586206896551726
INFO:root:Mb Count a: 0.09865771812080537 Mb Count b: 3.7586206896551726
INFO:root:Mb Count a: 0.0 Mb Count b: 1.1818181818181819
INFO:root:Mb Count a: 0.19615384615384615 Mb Count b: 3.736842105263158
INFO:root:Mb Count a: 0.21805467260012715 Mb Count b: 4.225
INFO:root:Mb Count a: 0.2153748411689962 Mb Count b: 4.2521008403361344
INFO:root:Mb Count a: 0.21333333333333335 Mb Count b: 4.237288135593221
INFO:root:Mb Count a: 0.21142857142857144 Mb Count b: 4.228813559322034
/scratch/data/leah/phertilizer/src/branching_split.py:108: RuntimeWarning: invalid value encountered in true_divide
  tmb = mut_var_count_by_cell/mut_total_reads_by_cell
/scratch/data/leah/phertilizer/src/branching_split.py:108: RuntimeWarning: invalid value encountered in true_divide
  tmb = mut_var_count_by_cell/mut_total_reads_by_cell
/scratch/data/leah/phertilizer/src/branching_split.py:108: RuntimeWarning: invalid value encountered in true_divide
  tmb = mut_var_count_by_cell/mut_total_reads_by_cell
/scratch/data/leah/phertilizer/src/branching_split.py:108: RuntimeWarning: invalid value encountered in true_divide
  tmb = mut_var_count_by_cell/mut_total_reads_by_cell
/scratch/data/leah/phertilizer/src/branching_split.py:108: RuntimeWarning: invalid value encountered in true_divide
  tmb = mut_var_count_by_cell/mut_total_reads_by_cell
/scratch/data/leah/phertilizer/src/branching_split.py:108: RuntimeWarning: invalid value encountered in true_divide
  tmb = mut_var_count_by_cell/mut_total_reads_by_cell
INFO:root:Mb Count a: 0.8004338394793926 Mb Count b: 0.9867986798679867
/scratch/data/leah/phertilizer/src/linear_split.py:251: RuntimeWarning: invalid value encountered in true_divide
  tmb = mb_mut_count/mb_tot_count
INFO:root:Mb Count a: 0.01735357917570499 Mb Count b: 2.742574257425743
INFO:root:Mb Count a: 0.8047722342733189 Mb Count b: 1.0198019801980198
/scratch/data/leah/phertilizer/src/linear_split.py:251: RuntimeWarning: invalid value encountered in true_divide
  tmb = mb_mut_count/mb_tot_count
INFO:root:Mb Count a: 0.01735357917570499 Mb Count b: 2.742574257425743
/scratch/data/leah/phertilizer/src/linear_split.py:251: RuntimeWarning: invalid value encountered in true_divide
  tmb = mb_mut_count/mb_tot_count
INFO:root:Mb Count a: 0.7960954446854663 Mb Count b: 1.0528052805280528
/scratch/data/leah/phertilizer/src/linear_split.py:251: RuntimeWarning: invalid value encountered in true_divide
  tmb = mb_mut_count/mb_tot_count
INFO:root:Mb Count a: 0.01735357917570499 Mb Count b: 2.742574257425743
/scratch/data/leah/phertilizer/src/branching_split.py:108: RuntimeWarning: invalid value encountered in true_divide
  tmb = mut_var_count_by_cell/mut_total_reads_by_cell
/scratch/data/leah/phertilizer/src/branching_split.py:108: RuntimeWarning: invalid value encountered in true_divide
  tmb = mut_var_count_by_cell/mut_total_reads_by_cell
/scratch/data/leah/phertilizer/src/branching_split.py:108: RuntimeWarning: invalid value encountered in true_divide
  tmb = mut_var_count_by_cell/mut_total_reads_by_cell
/scratch/data/leah/phertilizer/src/branching_split.py:108: RuntimeWarning: invalid value encountered in true_divide
  tmb = mut_var_count_by_cell/mut_total_reads_by_cell
/scratch/data/leah/phertilizer/src/branching_split.py:108: RuntimeWarning: invalid value encountered in true_divide
  tmb = mut_var_count_by_cell/mut_total_reads_by_cell
/scratch/data/leah/phertilizer/src/branching_split.py:108: RuntimeWarning: invalid value encountered in true_divide
  tmb = mut_var_count_by_cell/mut_total_reads_by_cell
/scratch/data/leah/phertilizer/src/linear_split.py:251: RuntimeWarning: invalid value encountered in true_divide
  tmb = mb_mut_count/mb_tot_count
INFO:root:Mb Count a: 1.0607375271149675 Mb Count b: 1.108910891089109
/scratch/data/leah/phertilizer/src/linear_split.py:251: RuntimeWarning: invalid value encountered in true_divide
  tmb = mb_mut_count/mb_tot_count
INFO:root:Mb Count a: 0.015184381778741865 Mb Count b: 2.7392739273927393
/scratch/data/leah/phertilizer/src/linear_split.py:251: RuntimeWarning: invalid value encountered in true_divide
  tmb = mb_mut_count/mb_tot_count
INFO:root:Mb Count a: 1.0650759219088937 Mb Count b: 1.221122112211221
/scratch/data/leah/phertilizer/src/linear_split.py:251: RuntimeWarning: invalid value encountered in true_divide
  tmb = mb_mut_count/mb_tot_count
INFO:root:Mb Count a: 0.015184381778741865 Mb Count b: 2.7392739273927393
/scratch/data/leah/phertilizer/src/linear_split.py:251: RuntimeWarning: invalid value encountered in true_divide
  tmb = mb_mut_count/mb_tot_count
INFO:root:Mb Count a: 1.0629067245119306 Mb Count b: 1.1947194719471947
/scratch/data/leah/phertilizer/src/linear_split.py:251: RuntimeWarning: invalid value encountered in true_divide
  tmb = mb_mut_count/mb_tot_count
INFO:root:Mb Count a: 0.015184381778741865 Mb Count b: 2.7392739273927393
