Input data:
    chr  mutation_id  cell_id base  var  total
0  chr9            0      293    C    0      1
1  chr9            0      342    C    0      1
2  chr9            0      352    C    0      1
3  chr9            0      660    C    0      1
4  chr9            0      664    C    0      1
Phertilizer is running in infinite sites mode...

Starting tilling phase....
func:'till' args:[(<phertilizer.Phertilizer object at 0x7fbaf40ea2e0>, 0.0, 0.0, 5, 0.001, 12, False, 1.0, 0.15), {}] took: 8.7636 sec
Tilling phase complete!
Phertilizing a tree with n:2457 cells and m: 2126 SNVs

Starting planting phase....
Starting k-clonal tree inference for seed:
Cells: 2457 Muts: 2126 Ancestral Muts: 0 
Sprouting seed:
Cells: 2457 Muts: 2126 Ancestral Muts: 0 
Sprouting a branching tree from seed ...
(Generator(PCG64) at 0x7FBAE1B9D2E0,)
Jump Percentage: 0.9945539542011922 First Eig Val: -3.8923428164765476e-16 First Gap: 5.892726702679296e-17 Largest Gap: 0.7669328994189257 Number of Clusters:3
CellsA: 2154 CellsB: 303
MutsA: 527 mutsB: 1045
Jump Percentage: 0.9999999999999809 First Eig Val: -4.27030262752171e-16 First Gap: 3.9044164961588335e-16 Largest Gap: 0.6180270854053443 Number of Clusters:3
CellsA: 1693 CellsB: 764
MutsA: 356 mutsB: 1085
Jump Percentage: 0.9999954975759734 First Eig Val: -3.4830125363678035e-16 First Gap: 5.572066458015068e-16 Largest Gap: 0.5090232251707134 Number of Clusters:3
CellsA: 1996 CellsB: 461
MutsA: 451 mutsB: 1045
Jump Percentage: 0.9999999999999468 First Eig Val: 5.840829595674947e-17 First Gap: 5.2760599509693004e-17 Largest Gap: 0.6251531415532323 Number of Clusters:3
CellsA: 1693 CellsB: 764
MutsA: 356 mutsB: 1085
Jump Percentage: 0.9999954975759734 First Eig Val: -3.4830125363678035e-16 First Gap: 5.572066458015068e-16 Largest Gap: 0.5090232251707134 Number of Clusters:3
CellsA: 1996 CellsB: 461
MutsA: 451 mutsB: 1045
Jump Percentage: 0.9999999999999468 First Eig Val: 5.840829595674947e-17 First Gap: 5.2760599509693004e-17 Largest Gap: 0.6251531415532323 Number of Clusters:3
CellsA: 1693 CellsB: 764
MutsA: 356 mutsB: 1085
Jump Percentage: 0.9999954975759734 First Eig Val: -3.4830125363678035e-16 First Gap: 5.572066458015068e-16 Largest Gap: 0.5090232251707134 Number of Clusters:3
CellsA: 1996 CellsB: 461
MutsA: 451 mutsB: 1045
Jump Percentage: 0.9999999999999468 First Eig Val: 5.840829595674947e-17 First Gap: 5.2760599509693004e-17 Largest Gap: 0.6251531415532323 Number of Clusters:3
CellsA: 1693 CellsB: 764
MutsA: 356 mutsB: 1085
Jump Percentage: 0.9999954975759734 First Eig Val: -3.4830125363678035e-16 First Gap: 5.572066458015068e-16 Largest Gap: 0.5090232251707134 Number of Clusters:3
CellsA: 1996 CellsB: 461
MutsA: 451 mutsB: 1045
Jump Percentage: 0.9999999999999468 First Eig Val: 5.840829595674947e-17 First Gap: 5.2760599509693004e-17 Largest Gap: 0.6251531415532323 Number of Clusters:3
CellsA: 1693 CellsB: 764
MutsA: 356 mutsB: 1085
Clonal Tree 0 
[(0, 1), (0, 2)] 
Loss Nodes:0
Node: 0 Cells: 0 Muts: 685 LostMuts: 0
Node: 1 Cells: 1693 Muts: 356 LostMuts: 0
Node: 2 Cells: 764 Muts: 1085 LostMuts: 0
Total Cells: 2457 Total Muts: 2126
Jump Percentage: 0.9999293842838491 First Eig Val: -2.4424532272997958e-17 First Gap: 2.0246313681180523e-16 Largest Gap: 0.7707782314249341 Number of Clusters:3
CellsA: 2154 CellsB: 303
MutsA: 527 mutsB: 1045
Jump Percentage: 0.9999999999999809 First Eig Val: -4.27030262752171e-16 First Gap: 3.9044164961588335e-16 Largest Gap: 0.6180270854053443 Number of Clusters:3
CellsA: 1693 CellsB: 764
MutsA: 356 mutsB: 1085
Jump Percentage: 0.9999954975759734 First Eig Val: -3.4830125363678035e-16 First Gap: 5.572066458015068e-16 Largest Gap: 0.5090232251707134 Number of Clusters:3
CellsA: 1996 CellsB: 461
MutsA: 451 mutsB: 1045
Jump Percentage: 0.9999999999999468 First Eig Val: 5.840829595674947e-17 First Gap: 5.2760599509693004e-17 Largest Gap: 0.6251531415532323 Number of Clusters:3
CellsA: 1693 CellsB: 764
MutsA: 356 mutsB: 1085
Jump Percentage: 0.9999954975759734 First Eig Val: -3.4830125363678035e-16 First Gap: 5.572066458015068e-16 Largest Gap: 0.5090232251707134 Number of Clusters:3
CellsA: 1996 CellsB: 461
MutsA: 451 mutsB: 1045
Jump Percentage: 0.9999999999999468 First Eig Val: 5.840829595674947e-17 First Gap: 5.2760599509693004e-17 Largest Gap: 0.6251531415532323 Number of Clusters:3
CellsA: 1693 CellsB: 764
MutsA: 356 mutsB: 1085
Jump Percentage: 0.9999954975759734 First Eig Val: -3.4830125363678035e-16 First Gap: 5.572066458015068e-16 Largest Gap: 0.5090232251707134 Number of Clusters:3
CellsA: 1996 CellsB: 461
MutsA: 451 mutsB: 1045
Jump Percentage: 0.9999999999999468 First Eig Val: 5.840829595674947e-17 First Gap: 5.2760599509693004e-17 Largest Gap: 0.6251531415532323 Number of Clusters:3
CellsA: 1693 CellsB: 764
MutsA: 356 mutsB: 1085
Jump Percentage: 0.9999954975759734 First Eig Val: -3.4830125363678035e-16 First Gap: 5.572066458015068e-16 Largest Gap: 0.5090232251707134 Number of Clusters:3
CellsA: 1996 CellsB: 461
MutsA: 451 mutsB: 1045
Jump Percentage: 0.9999999999999468 First Eig Val: 5.840829595674947e-17 First Gap: 5.2760599509693004e-17 Largest Gap: 0.6251531415532323 Number of Clusters:3
CellsA: 1693 CellsB: 764
MutsA: 356 mutsB: 1085
Clonal Tree 0 
[(0, 1), (0, 2)] 
Loss Nodes:0
Node: 0 Cells: 0 Muts: 685 LostMuts: 0
Node: 1 Cells: 1693 Muts: 356 LostMuts: 0
Node: 2 Cells: 764 Muts: 1085 LostMuts: 0
Total Cells: 2457 Total Muts: 2126
Jump Percentage: 0.9999999999999806 First Eig Val: -1.5763625424990625e-16 First Gap: 1.926473477758422e-17 Largest Gap: 0.7543224967421168 Number of Clusters:3
CellsA: 764 CellsB: 1693
MutsA: 1085 mutsB: 356
Jump Percentage: 0.9999954975759734 First Eig Val: -3.4830125363678035e-16 First Gap: 5.572066458015068e-16 Largest Gap: 0.5090232251707134 Number of Clusters:3
CellsA: 461 CellsB: 1996
MutsA: 1045 mutsB: 451
Jump Percentage: 0.9999999999999468 First Eig Val: 5.840829595674947e-17 First Gap: 5.2760599509693004e-17 Largest Gap: 0.6251531415532323 Number of Clusters:3
CellsA: 764 CellsB: 1693
MutsA: 1085 mutsB: 356
Jump Percentage: 0.9999954975759734 First Eig Val: -3.4830125363678035e-16 First Gap: 5.572066458015068e-16 Largest Gap: 0.5090232251707134 Number of Clusters:3
CellsA: 461 CellsB: 1996
MutsA: 1045 mutsB: 451
Jump Percentage: 0.9999999999999468 First Eig Val: 5.840829595674947e-17 First Gap: 5.2760599509693004e-17 Largest Gap: 0.6251531415532323 Number of Clusters:3
CellsA: 764 CellsB: 1693
MutsA: 1085 mutsB: 356
Jump Percentage: 0.9999954975759734 First Eig Val: -3.4830125363678035e-16 First Gap: 5.572066458015068e-16 Largest Gap: 0.5090232251707134 Number of Clusters:3
CellsA: 461 CellsB: 1996
MutsA: 1045 mutsB: 451
Jump Percentage: 0.9999999999999468 First Eig Val: 5.840829595674947e-17 First Gap: 5.2760599509693004e-17 Largest Gap: 0.6251531415532323 Number of Clusters:3
CellsA: 764 CellsB: 1693
MutsA: 1085 mutsB: 356
Jump Percentage: 0.9999954975759734 First Eig Val: -3.4830125363678035e-16 First Gap: 5.572066458015068e-16 Largest Gap: 0.5090232251707134 Number of Clusters:3
CellsA: 461 CellsB: 1996
MutsA: 1045 mutsB: 451
Jump Percentage: 0.9999999999999468 First Eig Val: 5.840829595674947e-17 First Gap: 5.2760599509693004e-17 Largest Gap: 0.6251531415532323 Number of Clusters:3
CellsA: 764 CellsB: 1693
MutsA: 1085 mutsB: 356
Jump Percentage: 0.9999954975759734 First Eig Val: -3.4830125363678035e-16 First Gap: 5.572066458015068e-16 Largest Gap: 0.5090232251707134 Number of Clusters:3
CellsA: 461 CellsB: 1996
MutsA: 1045 mutsB: 451
Clonal Tree 0 
[(0, 1), (0, 2)] 
Loss Nodes:0
Node: 0 Cells: 0 Muts: 630 LostMuts: 0
Node: 1 Cells: 461 Muts: 1045 LostMuts: 0
Node: 2 Cells: 1996 Muts: 451 LostMuts: 0
Total Cells: 2457 Total Muts: 2126
Finding the maximum likelihood tree out of 3 trees....
Clonal Tree 0 
[(0, 1), (0, 2)] 
Loss Nodes:0
Node: 0 Cells: 0 Muts: 685 LostMuts: 0
Node: 1 Cells: 1693 Muts: 356 LostMuts: 0
Node: 2 Cells: 764 Muts: 1085 LostMuts: 0
Total Cells: 2457 Total Muts: 2126

Tree: 0 LogLikelihood: 1875632.7568381883
Variant LogLikelihood: -35841.269024415174 
RDR LogLikelihood: 1911474.0258626034

Clonal Tree 1 
[(0, 1), (0, 2)] 
Loss Nodes:0
Node: 0 Cells: 0 Muts: 685 LostMuts: 0
Node: 1 Cells: 1693 Muts: 356 LostMuts: 0
Node: 2 Cells: 764 Muts: 1085 LostMuts: 0
Total Cells: 2457 Total Muts: 2126

Tree: 1 LogLikelihood: 1875632.7568381883
Variant LogLikelihood: -35841.269024415174 
RDR LogLikelihood: 1911474.0258626034

Clonal Tree 2 
[(0, 1), (0, 2)] 
Loss Nodes:0
Node: 0 Cells: 0 Muts: 630 LostMuts: 0
Node: 1 Cells: 461 Muts: 1045 LostMuts: 0
Node: 2 Cells: 1996 Muts: 451 LostMuts: 0
Total Cells: 2457 Total Muts: 2126

Tree: 2 LogLikelihood: 1787876.7345708688
Variant LogLikelihood: -38851.78822149366 
RDR LogLikelihood: 1826728.5227923626

Sprouted tree:
Clonal Tree 0 
[(0, 1), (0, 2)] 
Loss Nodes:0
Node: 0 Cells: 0 Muts: 685 LostMuts: 0
Node: 1 Cells: 1693 Muts: 356 LostMuts: 0
Node: 2 Cells: 764 Muts: 1085 LostMuts: 0
Total Cells: 2457 Total Muts: 2126
Cells: 1693 Muts: 356 Ancestral Muts: 685 
Cells: 764 Muts: 1085 Ancestral Muts: 685 
Sprouting seed:
Cells: 2457 Muts: 2126 Ancestral Muts: 0 
Sprouting a linear tree from seed ...
Jump Percentage: 0.6676587991624842 First Eig Val: 6.923702675918251e-17 First Gap: 9.226302369842397e-17 Largest Gap: 0.748291533066268 Number of Clusters:3
start:0 iteration:0
CellsA: 1693 CellsB: 764
MutsA: 873 MutsB: 1253
Jump Percentage: 0.8454957263135602 First Eig Val: 1.7805041469932426e-16 First Gap: 1.646214651912415e-16 Largest Gap: 0.6133889098374834 Number of Clusters:3
start:0 iteration:1
CellsA: 2154 CellsB: 303
MutsA: 963 MutsB: 1163
Jump Percentage: 0.9999999999998896 First Eig Val: -1.1978792239615407e-15 First Gap: 1.3821618449772972e-15 Largest Gap: 0.5983063648283292 Number of Clusters:3
start:0 iteration:2
CellsA: 1693 CellsB: 764
MutsA: 873 MutsB: 1253
Jump Percentage: 0.8454957263135602 First Eig Val: 1.7805041469932426e-16 First Gap: 1.646214651912415e-16 Largest Gap: 0.6133889098374834 Number of Clusters:3
start:0 iteration:3
CellsA: 2154 CellsB: 303
MutsA: 963 MutsB: 1163
Jump Percentage: 0.9999999999998896 First Eig Val: -1.1978792239615407e-15 First Gap: 1.3821618449772972e-15 Largest Gap: 0.5983063648283292 Number of Clusters:3
start:0 iteration:4
CellsA: 1693 CellsB: 764
MutsA: 873 MutsB: 1253
Jump Percentage: 0.8454957263135602 First Eig Val: 1.7805041469932426e-16 First Gap: 1.646214651912415e-16 Largest Gap: 0.6133889098374834 Number of Clusters:3
start:0 iteration:5
CellsA: 2154 CellsB: 303
MutsA: 963 MutsB: 1163
Jump Percentage: 0.9999999999998896 First Eig Val: -1.1978792239615407e-15 First Gap: 1.3821618449772972e-15 Largest Gap: 0.5983063648283292 Number of Clusters:3
start:0 iteration:6
CellsA: 1693 CellsB: 764
MutsA: 873 MutsB: 1253
Jump Percentage: 0.8454957263135602 First Eig Val: 1.7805041469932426e-16 First Gap: 1.646214651912415e-16 Largest Gap: 0.6133889098374834 Number of Clusters:3
start:0 iteration:7
CellsA: 2154 CellsB: 303
MutsA: 963 MutsB: 1163
Jump Percentage: 0.9999999999998896 First Eig Val: -1.1978792239615407e-15 First Gap: 1.3821618449772972e-15 Largest Gap: 0.5983063648283292 Number of Clusters:3
start:0 iteration:8
CellsA: 1693 CellsB: 764
MutsA: 873 MutsB: 1253
Jump Percentage: 0.8454957263135602 First Eig Val: 1.7805041469932426e-16 First Gap: 1.646214651912415e-16 Largest Gap: 0.6133889098374834 Number of Clusters:3
start:0 iteration:9
CellsA: 2154 CellsB: 303
MutsA: 963 MutsB: 1163
adding tree to internal list:
Clonal Tree 0 
[(0, 1)] 
Loss Nodes:0
Node: 0 Cells: 2154 Muts: 963 LostMuts: 0
Node: 1 Cells: 303 Muts: 1163 LostMuts: 0
Total Cells: 2457 Total Muts: 2126
Jump Percentage: 0.9987368862509729 First Eig Val: -2.4562287058753203e-16 First Gap: 1.0569171593005708e-15 Largest Gap: 0.6471437783708113 Number of Clusters:3
start:1 iteration:0
CellsA: 2154 CellsB: 303
MutsA: 963 MutsB: 1163
Jump Percentage: 0.9999999999998896 First Eig Val: -1.1978792239615407e-15 First Gap: 1.3821618449772972e-15 Largest Gap: 0.5983063648283292 Number of Clusters:3
start:1 iteration:1
CellsA: 1693 CellsB: 764
MutsA: 873 MutsB: 1253
Jump Percentage: 0.8454957263135602 First Eig Val: 1.7805041469932426e-16 First Gap: 1.646214651912415e-16 Largest Gap: 0.6133889098374834 Number of Clusters:3
start:1 iteration:2
CellsA: 2154 CellsB: 303
MutsA: 963 MutsB: 1163
Jump Percentage: 0.9999999999998896 First Eig Val: -1.1978792239615407e-15 First Gap: 1.3821618449772972e-15 Largest Gap: 0.5983063648283292 Number of Clusters:3
start:1 iteration:3
CellsA: 1693 CellsB: 764
MutsA: 873 MutsB: 1253
Jump Percentage: 0.8454957263135602 First Eig Val: 1.7805041469932426e-16 First Gap: 1.646214651912415e-16 Largest Gap: 0.6133889098374834 Number of Clusters:3
start:1 iteration:4
CellsA: 2154 CellsB: 303
MutsA: 963 MutsB: 1163
Jump Percentage: 0.9999999999998896 First Eig Val: -1.1978792239615407e-15 First Gap: 1.3821618449772972e-15 Largest Gap: 0.5983063648283292 Number of Clusters:3
start:1 iteration:5
CellsA: 1693 CellsB: 764
MutsA: 873 MutsB: 1253
Jump Percentage: 0.8454957263135602 First Eig Val: 1.7805041469932426e-16 First Gap: 1.646214651912415e-16 Largest Gap: 0.6133889098374834 Number of Clusters:3
start:1 iteration:6
CellsA: 2154 CellsB: 303
MutsA: 963 MutsB: 1163
Jump Percentage: 0.9999999999998896 First Eig Val: -1.1978792239615407e-15 First Gap: 1.3821618449772972e-15 Largest Gap: 0.5983063648283292 Number of Clusters:3
start:1 iteration:7
CellsA: 1693 CellsB: 764
MutsA: 873 MutsB: 1253
Jump Percentage: 0.8454957263135602 First Eig Val: 1.7805041469932426e-16 First Gap: 1.646214651912415e-16 Largest Gap: 0.6133889098374834 Number of Clusters:3
start:1 iteration:8
CellsA: 2154 CellsB: 303
MutsA: 963 MutsB: 1163
Jump Percentage: 0.9999999999998896 First Eig Val: -1.1978792239615407e-15 First Gap: 1.3821618449772972e-15 Largest Gap: 0.5983063648283292 Number of Clusters:3
start:1 iteration:9
CellsA: 1693 CellsB: 764
MutsA: 873 MutsB: 1253
adding tree to internal list:
Clonal Tree 0 
[(0, 1)] 
Loss Nodes:0
Node: 0 Cells: 1693 Muts: 873 LostMuts: 0
Node: 1 Cells: 764 Muts: 1253 LostMuts: 0
Total Cells: 2457 Total Muts: 2126
Jump Percentage: 0.999996188875629 First Eig Val: 8.566126224180264e-20 First Gap: 1.467668888937087e-16 Largest Gap: 0.6239854943071553 Number of Clusters:3
start:2 iteration:0
CellsA: 1693 CellsB: 764
MutsA: 873 MutsB: 1253
Jump Percentage: 0.8454957263135602 First Eig Val: 1.7805041469932426e-16 First Gap: 1.646214651912415e-16 Largest Gap: 0.6133889098374834 Number of Clusters:3
start:2 iteration:1
CellsA: 2154 CellsB: 303
MutsA: 963 MutsB: 1163
Jump Percentage: 0.9999999999998896 First Eig Val: -1.1978792239615407e-15 First Gap: 1.3821618449772972e-15 Largest Gap: 0.5983063648283292 Number of Clusters:3
start:2 iteration:2
CellsA: 1693 CellsB: 764
MutsA: 873 MutsB: 1253
Jump Percentage: 0.8454957263135602 First Eig Val: 1.7805041469932426e-16 First Gap: 1.646214651912415e-16 Largest Gap: 0.6133889098374834 Number of Clusters:3
start:2 iteration:3
CellsA: 2154 CellsB: 303
MutsA: 963 MutsB: 1163
Jump Percentage: 0.9999999999998896 First Eig Val: -1.1978792239615407e-15 First Gap: 1.3821618449772972e-15 Largest Gap: 0.5983063648283292 Number of Clusters:3
start:2 iteration:4
CellsA: 1693 CellsB: 764
MutsA: 873 MutsB: 1253
Jump Percentage: 0.8454957263135602 First Eig Val: 1.7805041469932426e-16 First Gap: 1.646214651912415e-16 Largest Gap: 0.6133889098374834 Number of Clusters:3
start:2 iteration:5
CellsA: 2154 CellsB: 303
MutsA: 963 MutsB: 1163
Jump Percentage: 0.9999999999998896 First Eig Val: -1.1978792239615407e-15 First Gap: 1.3821618449772972e-15 Largest Gap: 0.5983063648283292 Number of Clusters:3
start:2 iteration:6
CellsA: 1693 CellsB: 764
MutsA: 873 MutsB: 1253
Jump Percentage: 0.8454957263135602 First Eig Val: 1.7805041469932426e-16 First Gap: 1.646214651912415e-16 Largest Gap: 0.6133889098374834 Number of Clusters:3
start:2 iteration:7
CellsA: 2154 CellsB: 303
MutsA: 963 MutsB: 1163
Jump Percentage: 0.9999999999998896 First Eig Val: -1.1978792239615407e-15 First Gap: 1.3821618449772972e-15 Largest Gap: 0.5983063648283292 Number of Clusters:3
start:2 iteration:8
CellsA: 1693 CellsB: 764
MutsA: 873 MutsB: 1253
Jump Percentage: 0.8454957263135602 First Eig Val: 1.7805041469932426e-16 First Gap: 1.646214651912415e-16 Largest Gap: 0.6133889098374834 Number of Clusters:3
start:2 iteration:9
CellsA: 2154 CellsB: 303
MutsA: 963 MutsB: 1163
adding tree to internal list:
Clonal Tree 0 
[(0, 1)] 
Loss Nodes:0
Node: 0 Cells: 2154 Muts: 963 LostMuts: 0
Node: 1 Cells: 303 Muts: 1163 LostMuts: 0
Total Cells: 2457 Total Muts: 2126
adding tree to candidate list:
Clonal Tree 1 
[(0, 1)] 
Loss Nodes:0
Node: 0 Cells: 1693 Muts: 873 LostMuts: 0
Node: 1 Cells: 764 Muts: 1253 LostMuts: 0
Total Cells: 2457 Total Muts: 2126
Normalized Likelihood: -0.497109228627212
Using SNV kernel only
Jump Percentage: 0.12803401224807162 First Eig Val: 2.0354449455392185e-15 First Gap: 0.8298632611628686 Largest Gap: 0.8298632611628686 Number of Clusters:1
start:0 iteration:0
CellsA: 1529 CellsB: 164
MutsA: 782 MutsB: 1344
Using SNV kernel only
Jump Percentage: 0.057305686507829266 First Eig Val: 3.814214293222545e-15 First Gap: 0.7516993618204318 Largest Gap: 0.7516993618204318 Number of Clusters:1
start:0 iteration:1
CellsA: 1547 CellsB: 146
MutsA: 762 MutsB: 1364
Using SNV kernel only
Jump Percentage: 0.04979033961860533 First Eig Val: 3.3691522654478662e-15 First Gap: 0.7270728521057088 Largest Gap: 0.7270728521057088 Number of Clusters:1
start:0 iteration:2
CellsA: 1533 CellsB: 160
MutsA: 751 MutsB: 1375
Using SNV kernel only
Jump Percentage: 0.05285821009022817 First Eig Val: 7.518403962458528e-16 First Gap: 0.7164228250250917 Largest Gap: 0.7164228250250917 Number of Clusters:1
start:0 iteration:3
CellsA: 1556 CellsB: 137
MutsA: 751 MutsB: 1375
Using SNV kernel only
Jump Percentage: 0.053359352203471766 First Eig Val: -3.081751378304243e-15 First Gap: 0.7181311123233184 Largest Gap: 0.7181311123233184 Number of Clusters:1
Using SNV kernel only
Jump Percentage: 0.17297876236083723 First Eig Val: 8.022040553615476e-16 First Gap: 0.8425982018587628 Largest Gap: 0.8425982018587628 Number of Clusters:1
start:1 iteration:0
CellsA: 1545 CellsB: 148
MutsA: 784 MutsB: 1342
Using SNV kernel only
Jump Percentage: 0.0466220474734319 First Eig Val: -4.473653384880191e-15 First Gap: 0.7356576147701477 Largest Gap: 0.7356576147701477 Number of Clusters:1
start:1 iteration:1
CellsA: 1526 CellsB: 167
MutsA: 760 MutsB: 1366
Using SNV kernel only
Jump Percentage: 0.05123729222114551 First Eig Val: -1.1720461051653465e-15 First Gap: 0.7284096131186734 Largest Gap: 0.7284096131186734 Number of Clusters:1
start:1 iteration:2
CellsA: 1509 CellsB: 184
MutsA: 749 MutsB: 1377
Using SNV kernel only
Jump Percentage: 0.044817282955729565 First Eig Val: -8.698914482652292e-16 First Gap: 0.718582469115055 Largest Gap: 0.718582469115055 Number of Clusters:1
start:1 iteration:3
CellsA: 1473 CellsB: 220
MutsA: 743 MutsB: 1383
Using SNV kernel only
Jump Percentage: 0.04079493861751192 First Eig Val: -2.324257709527975e-16 First Gap: 0.7128585800346854 Largest Gap: 0.7128585800346854 Number of Clusters:1
start:1 iteration:4
CellsA: 1490 CellsB: 203
MutsA: 743 MutsB: 1383
Using SNV kernel only
Jump Percentage: 0.04079493861751192 First Eig Val: -2.324257709527975e-16 First Gap: 0.7128585800346854 Largest Gap: 0.7128585800346854 Number of Clusters:1
Using SNV kernel only
Jump Percentage: 0.13971121618089402 First Eig Val: 2.0711825207967767e-16 First Gap: 0.8172766122384576 Largest Gap: 0.8172766122384576 Number of Clusters:1
start:2 iteration:0
CellsA: 1528 CellsB: 165
MutsA: 779 MutsB: 1347
Using SNV kernel only
Jump Percentage: 0.05000379415520675 First Eig Val: 4.04570335602787e-15 First Gap: 0.7459381364900741 Largest Gap: 0.7459381364900741 Number of Clusters:1
start:2 iteration:1
CellsA: 1560 CellsB: 133
MutsA: 757 MutsB: 1369
Using SNV kernel only
Jump Percentage: 0.04667991871228215 First Eig Val: 3.482545251860598e-15 First Gap: 0.725742843799014 Largest Gap: 0.725742843799014 Number of Clusters:1
start:2 iteration:2
CellsA: 1573 CellsB: 120
MutsA: 759 MutsB: 1367
Using SNV kernel only
Jump Percentage: 0.047056289594137726 First Eig Val: 3.845416754873003e-15 First Gap: 0.7278936387831951 Largest Gap: 0.7278936387831951 Number of Clusters:1
start:2 iteration:3
CellsA: 1574 CellsB: 119
MutsA: 761 MutsB: 1365
Using SNV kernel only
Jump Percentage: 0.04631318247140966 First Eig Val: -2.0199432697011697e-15 First Gap: 0.7296162696003863 Largest Gap: 0.7296162696003863 Number of Clusters:1
start:2 iteration:4
CellsA: 1575 CellsB: 118
MutsA: 762 MutsB: 1364
Using SNV kernel only
Jump Percentage: 0.04574870916386933 First Eig Val: -3.2204617459127952e-15 First Gap: 0.7301795451337812 Largest Gap: 0.7301795451337812 Number of Clusters:1
Clonal Tree 0 
[(0, 1)] 
Loss Nodes:0
Node: 0 Cells: 1693 Muts: 873 LostMuts: 0
Node: 1 Cells: 764 Muts: 1253 LostMuts: 0
Total Cells: 2457 Total Muts: 2126
Normalized Likelihood: -0.497109228627212
linear split norm likelihood best tree
Clonal Tree 0 
[(0, 1)] 
Loss Nodes:0
Node: 0 Cells: 1693 Muts: 873 LostMuts: 0
Node: 1 Cells: 764 Muts: 1253 LostMuts: 0
Total Cells: 2457 Total Muts: 2126
Sprouted tree:
Clonal Tree 0 
[(0, 1)] 
Loss Nodes:0
Node: 0 Cells: 1693 Muts: 873 LostMuts: 0
Node: 1 Cells: 764 Muts: 1253 LostMuts: 0
Total Cells: 2457 Total Muts: 2126
Cells: 764 Muts: 1253 Ancestral Muts: 873 
Number of subproblems remaining: 3
Starting k-clonal tree inference for seed:
Cells: 764 Muts: 1253 Ancestral Muts: 873 
Sprouting seed:
Cells: 764 Muts: 1253 Ancestral Muts: 873 
Sprouting a branching tree from seed ...
(Generator(PCG64) at 0x7FBAE1B9D2E0,)
Jump Percentage: 0.9999999999999905 First Eig Val: -9.975735939151592e-16 First Gap: 1.3075228837472132e-15 Largest Gap: 0.6654459336879456 Number of Clusters:2
CellsA: 461 CellsB: 303
MutsA: 648 mutsB: 598
Jump Percentage: 0.999999999999988 First Eig Val: 8.604540658213379e-17 First Gap: 1.0923709213690762e-16 Largest Gap: 0.671945366793371 Number of Clusters:2
Clonal Tree 0 
[(0, 1), (0, 2)] 
Loss Nodes:0
Node: 0 Cells: 0 Muts: 7 LostMuts: 0
Node: 1 Cells: 461 Muts: 648 LostMuts: 0
Node: 2 Cells: 303 Muts: 598 LostMuts: 0
Total Cells: 764 Total Muts: 1253
Jump Percentage: 0.9999999999999952 First Eig Val: -5.341490848261307e-16 First Gap: 6.990738539738967e-16 Largest Gap: 0.6983431711784536 Number of Clusters:2
CellsA: 461 CellsB: 303
MutsA: 648 mutsB: 598
Jump Percentage: 0.999999999999988 First Eig Val: 8.604540658213379e-17 First Gap: 1.0923709213690762e-16 Largest Gap: 0.671945366793371 Number of Clusters:2
Clonal Tree 0 
[(0, 1), (0, 2)] 
Loss Nodes:0
Node: 0 Cells: 0 Muts: 7 LostMuts: 0
Node: 1 Cells: 461 Muts: 648 LostMuts: 0
Node: 2 Cells: 303 Muts: 598 LostMuts: 0
Total Cells: 764 Total Muts: 1253
Jump Percentage: 0.9999999999999861 First Eig Val: -7.107133201975329e-16 First Gap: 5.929906980169016e-16 Largest Gap: 0.6847856166767196 Number of Clusters:2
CellsA: 303 CellsB: 461
MutsA: 640 mutsB: 606
Jump Percentage: 0.9999999999999872 First Eig Val: -3.1525158244027234e-16 First Gap: 8.211303050474663e-16 Largest Gap: 0.6810312750503351 Number of Clusters:2
Clonal Tree 0 
[(0, 1), (0, 2)] 
Loss Nodes:0
Node: 0 Cells: 0 Muts: 7 LostMuts: 0
Node: 1 Cells: 303 Muts: 640 LostMuts: 0
Node: 2 Cells: 461 Muts: 606 LostMuts: 0
Total Cells: 764 Total Muts: 1253
Finding the maximum likelihood tree out of 3 trees....
Clonal Tree 0 
[(0, 1), (0, 2)] 
Loss Nodes:0
Node: 0 Cells: 0 Muts: 7 LostMuts: 0
Node: 1 Cells: 461 Muts: 648 LostMuts: 0
Node: 2 Cells: 303 Muts: 598 LostMuts: 0
Total Cells: 764 Total Muts: 1253

Tree: 0 LogLikelihood: 338356.02103173005
Variant LogLikelihood: -24873.34108242667 
RDR LogLikelihood: 363229.3621141567

Clonal Tree 1 
[(0, 1), (0, 2)] 
Loss Nodes:0
Node: 0 Cells: 0 Muts: 7 LostMuts: 0
Node: 1 Cells: 461 Muts: 648 LostMuts: 0
Node: 2 Cells: 303 Muts: 598 LostMuts: 0
Total Cells: 764 Total Muts: 1253

Tree: 1 LogLikelihood: 338356.02103173005
Variant LogLikelihood: -24873.34108242667 
RDR LogLikelihood: 363229.3621141567

Clonal Tree 2 
[(0, 1), (0, 2)] 
Loss Nodes:0
Node: 0 Cells: 0 Muts: 7 LostMuts: 0
Node: 1 Cells: 303 Muts: 640 LostMuts: 0
Node: 2 Cells: 461 Muts: 606 LostMuts: 0
Total Cells: 764 Total Muts: 1253

Tree: 2 LogLikelihood: 338364.91198932036
Variant LogLikelihood: -24864.450124836374 
RDR LogLikelihood: 363229.3621141567

Sprouted tree:
Clonal Tree 2 
[(0, 1), (0, 2)] 
Loss Nodes:0
Node: 0 Cells: 0 Muts: 7 LostMuts: 0
Node: 1 Cells: 303 Muts: 640 LostMuts: 0
Node: 2 Cells: 461 Muts: 606 LostMuts: 0
Total Cells: 764 Total Muts: 1253
Cells: 303 Muts: 640 Ancestral Muts: 880 
Cells: 461 Muts: 606 Ancestral Muts: 880 
Sprouting seed:
Cells: 764 Muts: 1253 Ancestral Muts: 873 
Sprouting a linear tree from seed ...
Jump Percentage: 0.9999999999999889 First Eig Val: -1.2848470352469024e-16 First Gap: 3.4809904549001643e-16 Largest Gap: 0.6791580117580265 Number of Clusters:2
start:0 iteration:0
CellsA: 461 CellsB: 303
MutsA: 557 MutsB: 696
Jump Percentage: 0.9999999999999922 First Eig Val: -1.629580872730884e-16 First Gap: 7.213176410215767e-16 Largest Gap: 0.6121818004565376 Number of Clusters:2
adding tree to internal list:
Clonal Tree 0 
[(0, 1)] 
Loss Nodes:0
Node: 0 Cells: 461 Muts: 557 LostMuts: 0
Node: 1 Cells: 303 Muts: 696 LostMuts: 0
Total Cells: 764 Total Muts: 1253
Jump Percentage: 0.9999999999999816 First Eig Val: -1.555124888383998e-17 First Gap: 9.066472172032642e-16 Largest Gap: 0.6037716923754289 Number of Clusters:2
start:1 iteration:0
CellsA: 461 CellsB: 303
MutsA: 557 MutsB: 696
Jump Percentage: 0.9999999999999922 First Eig Val: -1.629580872730884e-16 First Gap: 7.213176410215767e-16 Largest Gap: 0.6121818004565376 Number of Clusters:2
adding tree to internal list:
Clonal Tree 0 
[(0, 1)] 
Loss Nodes:0
Node: 0 Cells: 461 Muts: 557 LostMuts: 0
Node: 1 Cells: 303 Muts: 696 LostMuts: 0
Total Cells: 764 Total Muts: 1253
Jump Percentage: 0.9999999999999932 First Eig Val: -3.7408274464322223e-16 First Gap: 1.83436370026924e-16 Largest Gap: 0.5833868361982015 Number of Clusters:2
start:2 iteration:0
CellsA: 461 CellsB: 303
MutsA: 557 MutsB: 696
Jump Percentage: 0.9999999999999922 First Eig Val: -1.629580872730884e-16 First Gap: 7.213176410215767e-16 Largest Gap: 0.6121818004565376 Number of Clusters:2
adding tree to internal list:
Clonal Tree 0 
[(0, 1)] 
Loss Nodes:0
Node: 0 Cells: 461 Muts: 557 LostMuts: 0
Node: 1 Cells: 303 Muts: 696 LostMuts: 0
Total Cells: 764 Total Muts: 1253
adding tree to candidate list:
Clonal Tree 0 
[(0, 1)] 
Loss Nodes:0
Node: 0 Cells: 461 Muts: 557 LostMuts: 0
Node: 1 Cells: 303 Muts: 696 LostMuts: 0
Total Cells: 764 Total Muts: 1253
Normalized Likelihood: -0.5139273584432634
Clonal Tree 0 
[(0, 1)] 
Loss Nodes:0
Node: 0 Cells: 461 Muts: 557 LostMuts: 0
Node: 1 Cells: 303 Muts: 696 LostMuts: 0
Total Cells: 764 Total Muts: 1253
Normalized Likelihood: -0.5139273584432634
linear split norm likelihood best tree
Clonal Tree 0 
[(0, 1)] 
Loss Nodes:0
Node: 0 Cells: 461 Muts: 557 LostMuts: 0
Node: 1 Cells: 303 Muts: 696 LostMuts: 0
Total Cells: 764 Total Muts: 1253
Sprouted tree:
Clonal Tree 0 
[(0, 1)] 
Loss Nodes:0
Node: 0 Cells: 461 Muts: 557 LostMuts: 0
Node: 1 Cells: 303 Muts: 696 LostMuts: 0
Total Cells: 764 Total Muts: 1253
Cells: 303 Muts: 696 Ancestral Muts: 1430 
Number of subproblems remaining: 5
Starting k-clonal tree inference for seed:
Cells: 764 Muts: 1085 Ancestral Muts: 685 
Sprouting seed:
Cells: 764 Muts: 1085 Ancestral Muts: 685 
Sprouting a branching tree from seed ...
(Generator(PCG64) at 0x7FBAE1B9D2E0,)
Jump Percentage: 0.9999999999999917 First Eig Val: 1.4473343944205238e-17 First Gap: 3.795704078477092e-16 Largest Gap: 0.6624878066425613 Number of Clusters:2
CellsA: 303 CellsB: 461
MutsA: 511 mutsB: 567
Jump Percentage: 0.9999999999999944 First Eig Val: -7.511645808995558e-16 First Gap: 8.290410864118617e-16 Largest Gap: 0.634254946865194 Number of Clusters:2
Clonal Tree 0 
[(0, 1), (0, 2)] 
Loss Nodes:0
Node: 0 Cells: 0 Muts: 7 LostMuts: 0
Node: 1 Cells: 303 Muts: 511 LostMuts: 0
Node: 2 Cells: 461 Muts: 567 LostMuts: 0
Total Cells: 764 Total Muts: 1085
Jump Percentage: 0.9999999999999722 First Eig Val: -1.0122522000972946e-15 First Gap: 1.289487063513342e-15 Largest Gap: 0.6441791164411409 Number of Clusters:2
CellsA: 461 CellsB: 303
MutsA: 585 mutsB: 493
Jump Percentage: 0.999999999999981 First Eig Val: -1.7949958375644305e-16 First Gap: 7.759662507795306e-16 Largest Gap: 0.6317356688099601 Number of Clusters:2
Clonal Tree 0 
[(0, 1), (0, 2)] 
Loss Nodes:0
Node: 0 Cells: 0 Muts: 7 LostMuts: 0
Node: 1 Cells: 461 Muts: 585 LostMuts: 0
Node: 2 Cells: 303 Muts: 493 LostMuts: 0
Total Cells: 764 Total Muts: 1085
Jump Percentage: 0.9999999999999931 First Eig Val: -7.0803446506908575e-16 First Gap: 5.882354003690714e-16 Largest Gap: 0.6294064307403013 Number of Clusters:2
CellsA: 303 CellsB: 461
MutsA: 511 mutsB: 567
Jump Percentage: 0.9999999999999944 First Eig Val: -7.511645808995558e-16 First Gap: 8.290410864118617e-16 Largest Gap: 0.634254946865194 Number of Clusters:2
Clonal Tree 0 
[(0, 1), (0, 2)] 
Loss Nodes:0
Node: 0 Cells: 0 Muts: 7 LostMuts: 0
Node: 1 Cells: 303 Muts: 511 LostMuts: 0
Node: 2 Cells: 461 Muts: 567 LostMuts: 0
Total Cells: 764 Total Muts: 1085
Finding the maximum likelihood tree out of 3 trees....
Clonal Tree 0 
[(0, 1), (0, 2)] 
Loss Nodes:0
Node: 0 Cells: 0 Muts: 7 LostMuts: 0
Node: 1 Cells: 303 Muts: 511 LostMuts: 0
Node: 2 Cells: 461 Muts: 567 LostMuts: 0
Total Cells: 764 Total Muts: 1085

Tree: 0 LogLikelihood: 339141.0900154728
Variant LogLikelihood: -24088.272098683956 
RDR LogLikelihood: 363229.3621141567

Clonal Tree 1 
[(0, 1), (0, 2)] 
Loss Nodes:0
Node: 0 Cells: 0 Muts: 7 LostMuts: 0
Node: 1 Cells: 461 Muts: 585 LostMuts: 0
Node: 2 Cells: 303 Muts: 493 LostMuts: 0
Total Cells: 764 Total Muts: 1085

Tree: 1 LogLikelihood: 339139.87761216506
Variant LogLikelihood: -24089.48450199173 
RDR LogLikelihood: 363229.3621141567

Clonal Tree 2 
[(0, 1), (0, 2)] 
Loss Nodes:0
Node: 0 Cells: 0 Muts: 7 LostMuts: 0
Node: 1 Cells: 303 Muts: 511 LostMuts: 0
Node: 2 Cells: 461 Muts: 567 LostMuts: 0
Total Cells: 764 Total Muts: 1085

Tree: 2 LogLikelihood: 339141.0900154728
Variant LogLikelihood: -24088.272098683956 
RDR LogLikelihood: 363229.3621141567

Sprouted tree:
Clonal Tree 0 
[(0, 1), (0, 2)] 
Loss Nodes:0
Node: 0 Cells: 0 Muts: 7 LostMuts: 0
Node: 1 Cells: 303 Muts: 511 LostMuts: 0
Node: 2 Cells: 461 Muts: 567 LostMuts: 0
Total Cells: 764 Total Muts: 1085
Cells: 303 Muts: 511 Ancestral Muts: 692 
Cells: 461 Muts: 567 Ancestral Muts: 692 
Sprouting seed:
Cells: 764 Muts: 1085 Ancestral Muts: 685 
Sprouting a linear tree from seed ...
Jump Percentage: 0.9999999999999878 First Eig Val: -4.4131381746423824e-16 First Gap: 1.0156633847944735e-15 Largest Gap: 0.593575335015607 Number of Clusters:2
start:0 iteration:0
CellsA: 461 CellsB: 303
MutsA: 557 MutsB: 528
Jump Percentage: 0.9999999999999938 First Eig Val: 7.586369261597408e-17 First Gap: 5.612979233821339e-16 Largest Gap: 0.530298027880182 Number of Clusters:2
adding tree to internal list:
Clonal Tree 0 
[(0, 1)] 
Loss Nodes:0
Node: 0 Cells: 461 Muts: 557 LostMuts: 0
Node: 1 Cells: 303 Muts: 528 LostMuts: 0
Total Cells: 764 Total Muts: 1085
Jump Percentage: 0.9999999999999892 First Eig Val: -4.535228976198969e-16 First Gap: 2.971097176883349e-16 Largest Gap: 0.5858492029792923 Number of Clusters:2
start:1 iteration:0
CellsA: 461 CellsB: 303
MutsA: 557 MutsB: 528
Jump Percentage: 0.9999999999999938 First Eig Val: 7.586369261597408e-17 First Gap: 5.612979233821339e-16 Largest Gap: 0.530298027880182 Number of Clusters:2
adding tree to internal list:
Clonal Tree 0 
[(0, 1)] 
Loss Nodes:0
Node: 0 Cells: 461 Muts: 557 LostMuts: 0
Node: 1 Cells: 303 Muts: 528 LostMuts: 0
Total Cells: 764 Total Muts: 1085
Jump Percentage: 0.9999999999999925 First Eig Val: -1.8698505018052913e-16 First Gap: 4.525585021825411e-16 Largest Gap: 0.5863637948466719 Number of Clusters:2
start:2 iteration:0
CellsA: 461 CellsB: 303
MutsA: 557 MutsB: 528
Jump Percentage: 0.9999999999999938 First Eig Val: 7.586369261597408e-17 First Gap: 5.612979233821339e-16 Largest Gap: 0.530298027880182 Number of Clusters:2
adding tree to internal list:
Clonal Tree 0 
[(0, 1)] 
Loss Nodes:0
Node: 0 Cells: 461 Muts: 557 LostMuts: 0
Node: 1 Cells: 303 Muts: 528 LostMuts: 0
Total Cells: 764 Total Muts: 1085
adding tree to candidate list:
Clonal Tree 0 
[(0, 1)] 
Loss Nodes:0
Node: 0 Cells: 461 Muts: 557 LostMuts: 0
Node: 1 Cells: 303 Muts: 528 LostMuts: 0
Total Cells: 764 Total Muts: 1085
Normalized Likelihood: -0.5763211152433493
Clonal Tree 0 
[(0, 1)] 
Loss Nodes:0
Node: 0 Cells: 461 Muts: 557 LostMuts: 0
Node: 1 Cells: 303 Muts: 528 LostMuts: 0
Total Cells: 764 Total Muts: 1085
Normalized Likelihood: -0.5763211152433493
linear split norm likelihood best tree
Clonal Tree 0 
[(0, 1)] 
Loss Nodes:0
Node: 0 Cells: 461 Muts: 557 LostMuts: 0
Node: 1 Cells: 303 Muts: 528 LostMuts: 0
Total Cells: 764 Total Muts: 1085
Sprouted tree:
Clonal Tree 0 
[(0, 1)] 
Loss Nodes:0
Node: 0 Cells: 461 Muts: 557 LostMuts: 0
Node: 1 Cells: 303 Muts: 528 LostMuts: 0
Total Cells: 764 Total Muts: 1085
Cells: 303 Muts: 528 Ancestral Muts: 1242 
Number of subproblems remaining: 4
func:'planting' args:[(<phertilizer.Phertilizer object at 0x7fbaf40ea2e0>, deque([])), {}] took: 608.3962 sec
Planting phase complete!

Starting grow phase....
Clonal Tree 0 
[(0, 1), (0, 2)] 
Loss Nodes:0
Node: 0 Cells: 0 Muts: 685 LostMuts: 0
Node: 1 Cells: 1693 Muts: 356 LostMuts: 0
Node: 2 Cells: 764 Muts: 1085 LostMuts: 0
Total Cells: 2457 Total Muts: 2126
Clonal Tree 0 
[(0, 1), (0, 2)] 
Loss Nodes:0
Node: 0 Cells: 0 Muts: 7 LostMuts: 0
Node: 1 Cells: 303 Muts: 511 LostMuts: 0
Node: 2 Cells: 461 Muts: 567 LostMuts: 0
Total Cells: 764 Total Muts: 1085
2126
2126
2126
Clonal Tree 0 
[(0, 1), (0, 2), (2, 3), (2, 4)] 
Loss Nodes:0
Node: 0 Cells: 0 Muts: 685 LostMuts: 0
Node: 1 Cells: 1693 Muts: 356 LostMuts: 0
Node: 2 Cells: 0 Muts: 7 LostMuts: 0
Node: 3 Cells: 303 Muts: 511 LostMuts: 0
Node: 4 Cells: 461 Muts: 567 LostMuts: 0
Total Cells: 2457 Total Muts: 2126
Clonal Tree 0 
[(0, 1), (0, 2), (2, 3), (2, 4)] 
Loss Nodes:0
Node: 0 Cells: 0 Muts: 685 LostMuts: 0
Node: 1 Cells: 1693 Muts: 356 LostMuts: 0
Node: 2 Cells: 0 Muts: 7 LostMuts: 0
Node: 3 Cells: 303 Muts: 511 LostMuts: 0
Node: 4 Cells: 461 Muts: 567 LostMuts: 0
Total Cells: 2457 Total Muts: 2126
Clonal Tree 0 
[(0, 1), (0, 2)] 
Loss Nodes:0
Node: 0 Cells: 0 Muts: 685 LostMuts: 0
Node: 1 Cells: 1693 Muts: 356 LostMuts: 0
Node: 2 Cells: 764 Muts: 1085 LostMuts: 0
Total Cells: 2457 Total Muts: 2126
Clonal Tree 0 
[(0, 1)] 
Loss Nodes:0
Node: 0 Cells: 461 Muts: 557 LostMuts: 0
Node: 1 Cells: 303 Muts: 528 LostMuts: 0
Total Cells: 764 Total Muts: 1085
2126
2126
2126
Clonal Tree 0 
[(0, 1), (0, 2), (2, 3)] 
Loss Nodes:0
Node: 0 Cells: 0 Muts: 685 LostMuts: 0
Node: 1 Cells: 1693 Muts: 356 LostMuts: 0
Node: 2 Cells: 461 Muts: 557 LostMuts: 0
Node: 3 Cells: 303 Muts: 528 LostMuts: 0
Total Cells: 2457 Total Muts: 2126
Clonal Tree 0 
[(0, 1), (0, 2), (2, 3)] 
Loss Nodes:0
Node: 0 Cells: 0 Muts: 685 LostMuts: 0
Node: 1 Cells: 1693 Muts: 356 LostMuts: 0
Node: 2 Cells: 461 Muts: 557 LostMuts: 0
Node: 3 Cells: 303 Muts: 528 LostMuts: 0
Total Cells: 2457 Total Muts: 2126
Clonal Tree 3 
[(0, 1)] 
Loss Nodes:0
Node: 0 Cells: 1693 Muts: 873 LostMuts: 0
Node: 1 Cells: 764 Muts: 1253 LostMuts: 0
Total Cells: 2457 Total Muts: 2126
Clonal Tree 2 
[(0, 1), (0, 2)] 
Loss Nodes:0
Node: 0 Cells: 0 Muts: 7 LostMuts: 0
Node: 1 Cells: 303 Muts: 640 LostMuts: 0
Node: 2 Cells: 461 Muts: 606 LostMuts: 0
Total Cells: 764 Total Muts: 1253
2126
2126
2126
Clonal Tree 3 
[(0, 1), (1, 2), (1, 3)] 
Loss Nodes:0
Node: 0 Cells: 1693 Muts: 873 LostMuts: 0
Node: 1 Cells: 0 Muts: 7 LostMuts: 0
Node: 2 Cells: 303 Muts: 640 LostMuts: 0
Node: 3 Cells: 461 Muts: 606 LostMuts: 0
Total Cells: 2457 Total Muts: 2126
Clonal Tree 3 
[(0, 1), (1, 2), (1, 3)] 
Loss Nodes:0
Node: 0 Cells: 1693 Muts: 873 LostMuts: 0
Node: 1 Cells: 0 Muts: 7 LostMuts: 0
Node: 2 Cells: 303 Muts: 640 LostMuts: 0
Node: 3 Cells: 461 Muts: 606 LostMuts: 0
Total Cells: 2457 Total Muts: 2126
Clonal Tree 3 
[(0, 1)] 
Loss Nodes:0
Node: 0 Cells: 1693 Muts: 873 LostMuts: 0
Node: 1 Cells: 764 Muts: 1253 LostMuts: 0
Total Cells: 2457 Total Muts: 2126
Clonal Tree 0 
[(0, 1)] 
Loss Nodes:0
Node: 0 Cells: 461 Muts: 557 LostMuts: 0
Node: 1 Cells: 303 Muts: 696 LostMuts: 0
Total Cells: 764 Total Muts: 1253
2126
2126
2126
Clonal Tree 3 
[(0, 1), (1, 2)] 
Loss Nodes:0
Node: 0 Cells: 1693 Muts: 873 LostMuts: 0
Node: 1 Cells: 461 Muts: 557 LostMuts: 0
Node: 2 Cells: 303 Muts: 696 LostMuts: 0
Total Cells: 2457 Total Muts: 2126
Clonal Tree 3 
[(0, 1), (1, 2)] 
Loss Nodes:0
Node: 0 Cells: 1693 Muts: 873 LostMuts: 0
Node: 1 Cells: 461 Muts: 557 LostMuts: 0
Node: 2 Cells: 303 Muts: 696 LostMuts: 0
Total Cells: 2457 Total Muts: 2126
func:'grow' args:[(<phertilizer.Phertilizer object at 0x7fbaf40ea2e0>,), {}] took: 0.0187 sec
Growing phase complete!

Identifying the maximum likelihood k-clonal tree....
Finding the maximum likelihood tree out of 6 trees....
Clonal Tree 0 
[(0, 1), (0, 2)] 
Loss Nodes:0
Node: 0 Cells: 0 Muts: 685 LostMuts: 0
Node: 1 Cells: 1693 Muts: 356 LostMuts: 0
Node: 2 Cells: 764 Muts: 1085 LostMuts: 0
Total Cells: 2457 Total Muts: 2126

Tree: 0 LogLikelihood: 1875632.7568381883
Variant LogLikelihood: -35841.269024415174 
RDR LogLikelihood: 1911474.0258626034

Clonal Tree 1 
[(0, 1), (0, 2), (2, 3), (2, 4)] 
Loss Nodes:0
Node: 0 Cells: 0 Muts: 685 LostMuts: 0
Node: 1 Cells: 1693 Muts: 356 LostMuts: 0
Node: 2 Cells: 0 Muts: 7 LostMuts: 0
Node: 3 Cells: 303 Muts: 511 LostMuts: 0
Node: 4 Cells: 461 Muts: 567 LostMuts: 0
Total Cells: 2457 Total Muts: 2126

Tree: 1 LogLikelihood: 2096881.864479044
Variant LogLikelihood: -27266.62288819172 
RDR LogLikelihood: 2124148.487367236

Clonal Tree 2 
[(0, 1), (0, 2), (2, 3)] 
Loss Nodes:0
Node: 0 Cells: 0 Muts: 685 LostMuts: 0
Node: 1 Cells: 1693 Muts: 356 LostMuts: 0
Node: 2 Cells: 461 Muts: 557 LostMuts: 0
Node: 3 Cells: 303 Muts: 528 LostMuts: 0
Total Cells: 2457 Total Muts: 2126

Tree: 2 LogLikelihood: 2094271.412126829
Variant LogLikelihood: -29877.07524040698 
RDR LogLikelihood: 2124148.487367236

Clonal Tree 3 
[(0, 1)] 
Loss Nodes:0
Node: 0 Cells: 1693 Muts: 873 LostMuts: 0
Node: 1 Cells: 764 Muts: 1253 LostMuts: 0
Total Cells: 2457 Total Muts: 2126

Tree: 3 LogLikelihood: 1871732.3999747946
Variant LogLikelihood: -39741.625887808936 
RDR LogLikelihood: 1911474.0258626034

Clonal Tree 4 
[(0, 1), (1, 2), (1, 3)] 
Loss Nodes:0
Node: 0 Cells: 1693 Muts: 873 LostMuts: 0
Node: 1 Cells: 0 Muts: 7 LostMuts: 0
Node: 2 Cells: 303 Muts: 640 LostMuts: 0
Node: 3 Cells: 461 Muts: 606 LostMuts: 0
Total Cells: 2457 Total Muts: 2126

Tree: 4 LogLikelihood: 2095542.0217293939
Variant LogLikelihood: -28606.46563784193 
RDR LogLikelihood: 2124148.487367236

Clonal Tree 5 
[(0, 1), (1, 2)] 
Loss Nodes:0
Node: 0 Cells: 1693 Muts: 873 LostMuts: 0
Node: 1 Cells: 461 Muts: 557 LostMuts: 0
Node: 2 Cells: 303 Muts: 696 LostMuts: 0
Total Cells: 2457 Total Muts: 2126

Tree: 5 LogLikelihood: 2092803.9636581203
Variant LogLikelihood: -31344.523709115594 
RDR LogLikelihood: 2124148.487367236

\Phertilizer Tree....
Clonal Tree 1 
[(0, 1), (0, 2), (2, 3), (2, 4)] 
Loss Nodes:0
Node: 0 Cells: 0 Muts: 685 LostMuts: 0
Node: 1 Cells: 1693 Muts: 356 LostMuts: 0
Node: 2 Cells: 0 Muts: 7 LostMuts: 0
Node: 3 Cells: 303 Muts: 511 LostMuts: 0
Node: 4 Cells: 461 Muts: 567 LostMuts: 0
Total Cells: 2457 Total Muts: 2126
Saving files.....
Thanks for planting a tree! See you later, friend.
