Input data:
     chr  mutation_id  cell_id base  var  total
0  chr12            0       81    C    0      1
1  chr12            0       87    C    1      1
2  chr12            0      182    C    1      1
3  chr12            0      209    C    0      1
4  chr12            0      262    C    1      1
Phertilizer is running in infinite sites mode...

Starting tilling phase....
func:'till' args:[(<phertilizer.Phertilizer object at 0x7fd257207790>, 0.0, 0.0, 5, 0.001, 15, False, 1.0, 0.15), {}] took: 26.0175 sec
Tilling phase complete!
Phertilizing a tree with n:4757 cells and m: 1382 SNVs

Starting planting phase....
Starting k-clonal tree inference for seed:
Cells: 4757 Muts: 1382 Ancestral Muts: 0 
Sprouting seed:
Cells: 4757 Muts: 1382 Ancestral Muts: 0 
Sprouting a branching tree from seed ...
(Generator(PCG64) at 0x7FD2559C6120,)
Jump Percentage: 0.9999999999997544 First Eig Val: 1.7824091880517566e-16 First Gap: 9.861258629273911e-16 Largest Gap: 0.5170405493314413 Number of Clusters:3
CellsA: 4263 CellsB: 494
MutsA: 560 mutsB: 537
Jump Percentage: 0.9999999999996374 First Eig Val: 1.3183442165407862e-16 First Gap: 1.475764923976413e-15 Largest Gap: 0.4556426392649898 Number of Clusters:3
Clonal Tree 0 
[(0, 1), (0, 2)] 
Loss Nodes:0
Node: 0 Cells: 0 Muts: 285 LostMuts: 0
Node: 1 Cells: 4263 Muts: 560 LostMuts: 0
Node: 2 Cells: 494 Muts: 537 LostMuts: 0
Total Cells: 4757 Total Muts: 1382
Jump Percentage: 0.9999999999998754 First Eig Val: -3.5914711699755625e-16 First Gap: 8.574168534004232e-16 Largest Gap: 0.5117731232736265 Number of Clusters:3
CellsA: 494 CellsB: 4263
MutsA: 537 mutsB: 560
Jump Percentage: 0.9999999999996374 First Eig Val: 1.3183442165407862e-16 First Gap: 1.475764923976413e-15 Largest Gap: 0.4556426392649898 Number of Clusters:3
Clonal Tree 0 
[(0, 1), (0, 2)] 
Loss Nodes:0
Node: 0 Cells: 0 Muts: 285 LostMuts: 0
Node: 1 Cells: 494 Muts: 537 LostMuts: 0
Node: 2 Cells: 4263 Muts: 560 LostMuts: 0
Total Cells: 4757 Total Muts: 1382
Jump Percentage: 0.9999999999998611 First Eig Val: -8.832734358103492e-16 First Gap: 1.2540492111104464e-15 Largest Gap: 0.5127286111348499 Number of Clusters:3
CellsA: 4263 CellsB: 494
MutsA: 560 mutsB: 537
Jump Percentage: 0.9999999999996374 First Eig Val: 1.3183442165407862e-16 First Gap: 1.475764923976413e-15 Largest Gap: 0.4556426392649898 Number of Clusters:3
Clonal Tree 0 
[(0, 1), (0, 2)] 
Loss Nodes:0
Node: 0 Cells: 0 Muts: 285 LostMuts: 0
Node: 1 Cells: 4263 Muts: 560 LostMuts: 0
Node: 2 Cells: 494 Muts: 537 LostMuts: 0
Total Cells: 4757 Total Muts: 1382
Finding the maximum likelihood tree out of 3 trees....
Clonal Tree 0 
[(0, 1), (0, 2)] 
Loss Nodes:0
Node: 0 Cells: 0 Muts: 285 LostMuts: 0
Node: 1 Cells: 4263 Muts: 560 LostMuts: 0
Node: 2 Cells: 494 Muts: 537 LostMuts: 0
Total Cells: 4757 Total Muts: 1382

Tree: 0 LogLikelihood: 4843557.706552164
Variant LogLikelihood: -46768.820231533704 
RDR LogLikelihood: 4890326.526783697

Clonal Tree 1 
[(0, 1), (0, 2)] 
Loss Nodes:0
Node: 0 Cells: 0 Muts: 285 LostMuts: 0
Node: 1 Cells: 494 Muts: 537 LostMuts: 0
Node: 2 Cells: 4263 Muts: 560 LostMuts: 0
Total Cells: 4757 Total Muts: 1382

Tree: 1 LogLikelihood: 4843557.706552164
Variant LogLikelihood: -46768.820231533704 
RDR LogLikelihood: 4890326.526783697

Clonal Tree 2 
[(0, 1), (0, 2)] 
Loss Nodes:0
Node: 0 Cells: 0 Muts: 285 LostMuts: 0
Node: 1 Cells: 4263 Muts: 560 LostMuts: 0
Node: 2 Cells: 494 Muts: 537 LostMuts: 0
Total Cells: 4757 Total Muts: 1382

Tree: 2 LogLikelihood: 4843557.706552164
Variant LogLikelihood: -46768.820231533704 
RDR LogLikelihood: 4890326.526783697

Sprouted tree:
Clonal Tree 0 
[(0, 1), (0, 2)] 
Loss Nodes:0
Node: 0 Cells: 0 Muts: 285 LostMuts: 0
Node: 1 Cells: 4263 Muts: 560 LostMuts: 0
Node: 2 Cells: 494 Muts: 537 LostMuts: 0
Total Cells: 4757 Total Muts: 1382
Cells: 4263 Muts: 560 Ancestral Muts: 285 
Cells: 494 Muts: 537 Ancestral Muts: 285 
Sprouting seed:
Cells: 4757 Muts: 1382 Ancestral Muts: 0 
Sprouting a linear tree from seed ...
Jump Percentage: 0.9999999999999879 First Eig Val: -1.305347328553783e-16 First Gap: 4.987207401451331e-16 Largest Gap: 0.5200526736856869 Number of Clusters:3
start:0 iteration:0
CellsA: 4263 CellsB: 494
MutsA: 799 MutsB: 583
Jump Percentage: 0.9999999999998928 First Eig Val: -2.4979570409477986e-16 First Gap: 2.0707890400218296e-16 Largest Gap: 0.5097998390287785 Number of Clusters:3
adding tree to internal list:
Clonal Tree 0 
[(0, 1)] 
Loss Nodes:0
Node: 0 Cells: 4263 Muts: 799 LostMuts: 0
Node: 1 Cells: 494 Muts: 583 LostMuts: 0
Total Cells: 4757 Total Muts: 1382
Jump Percentage: 0.9999999999999447 First Eig Val: -1.5284704542846328e-15 First Gap: 1.6208421968758165e-15 Largest Gap: 0.5184328244530991 Number of Clusters:3
start:1 iteration:0
CellsA: 4263 CellsB: 494
MutsA: 799 MutsB: 583
Jump Percentage: 0.9999999999998928 First Eig Val: -2.4979570409477986e-16 First Gap: 2.0707890400218296e-16 Largest Gap: 0.5097998390287785 Number of Clusters:3
adding tree to internal list:
Clonal Tree 0 
[(0, 1)] 
Loss Nodes:0
Node: 0 Cells: 4263 Muts: 799 LostMuts: 0
Node: 1 Cells: 494 Muts: 583 LostMuts: 0
Total Cells: 4757 Total Muts: 1382
Jump Percentage: 0.9999999999998287 First Eig Val: -2.7754919727245183e-16 First Gap: 6.617813672465023e-16 Largest Gap: 0.5184456598998216 Number of Clusters:3
start:2 iteration:0
CellsA: 4263 CellsB: 494
MutsA: 799 MutsB: 583
Jump Percentage: 0.9999999999998928 First Eig Val: -2.4979570409477986e-16 First Gap: 2.0707890400218296e-16 Largest Gap: 0.5097998390287785 Number of Clusters:3
adding tree to internal list:
Clonal Tree 0 
[(0, 1)] 
Loss Nodes:0
Node: 0 Cells: 4263 Muts: 799 LostMuts: 0
Node: 1 Cells: 494 Muts: 583 LostMuts: 0
Total Cells: 4757 Total Muts: 1382
adding tree to candidate list:
Clonal Tree 0 
[(0, 1)] 
Loss Nodes:0
Node: 0 Cells: 4263 Muts: 799 LostMuts: 0
Node: 1 Cells: 494 Muts: 583 LostMuts: 0
Total Cells: 4757 Total Muts: 1382
Normalized Likelihood: -0.6639153616011658
Jump Percentage: 0.9999999999997295 First Eig Val: -4.260593990553273e-16 First Gap: 3.9514991366618998e-16 Largest Gap: 0.4859946631913976 Number of Clusters:3
start:0 iteration:0
CellsA: 3085 CellsB: 1178
MutsA: 663 MutsB: 719
Jump Percentage: 0.9999999999998695 First Eig Val: -1.4701222945643188e-16 First Gap: 8.50382752220116e-16 Largest Gap: 0.49249157161620427 Number of Clusters:3
adding tree to internal list:
Clonal Tree 0 
[(0, 1)] 
Loss Nodes:0
Node: 0 Cells: 3085 Muts: 663 LostMuts: 0
Node: 1 Cells: 1672 Muts: 719 LostMuts: 0
Total Cells: 4757 Total Muts: 1382
Jump Percentage: 0.9999999999999889 First Eig Val: 8.168170845829954e-16 First Gap: 3.2919442721798314e-16 Largest Gap: 0.5040661432782233 Number of Clusters:3
start:1 iteration:0
CellsA: 3085 CellsB: 1178
MutsA: 663 MutsB: 719
Jump Percentage: 0.9999999999998695 First Eig Val: -1.4701222945643188e-16 First Gap: 8.50382752220116e-16 Largest Gap: 0.49249157161620427 Number of Clusters:3
adding tree to internal list:
Clonal Tree 0 
[(0, 1)] 
Loss Nodes:0
Node: 0 Cells: 3085 Muts: 663 LostMuts: 0
Node: 1 Cells: 1672 Muts: 719 LostMuts: 0
Total Cells: 4757 Total Muts: 1382
Jump Percentage: 0.9999999999999776 First Eig Val: -3.878473159001934e-16 First Gap: 9.364743446052414e-16 Largest Gap: 0.5019312755174004 Number of Clusters:3
start:2 iteration:0
CellsA: 3085 CellsB: 1178
MutsA: 663 MutsB: 719
Jump Percentage: 0.9999999999998695 First Eig Val: -1.4701222945643188e-16 First Gap: 8.50382752220116e-16 Largest Gap: 0.49249157161620427 Number of Clusters:3
adding tree to internal list:
Clonal Tree 0 
[(0, 1)] 
Loss Nodes:0
Node: 0 Cells: 3085 Muts: 663 LostMuts: 0
Node: 1 Cells: 1672 Muts: 719 LostMuts: 0
Total Cells: 4757 Total Muts: 1382
adding tree to candidate list:
Clonal Tree 0 
[(0, 1)] 
Loss Nodes:0
Node: 0 Cells: 3085 Muts: 663 LostMuts: 0
Node: 1 Cells: 1672 Muts: 719 LostMuts: 0
Total Cells: 4757 Total Muts: 1382
Normalized Likelihood: -0.5311145432882529
Jump Percentage: 0.9999999999999566 First Eig Val: 3.7993854560407367e-16 First Gap: 5.84866302851351e-16 Largest Gap: 0.6317640908672734 Number of Clusters:2
start:0 iteration:0
CellsA: 2400 CellsB: 685
MutsA: 612 MutsB: 770
Jump Percentage: 0.999999999999963 First Eig Val: -8.178055815495308e-16 First Gap: 1.751460611759715e-15 Largest Gap: 0.6930966384219743 Number of Clusters:2
adding tree to internal list:
Clonal Tree 0 
[(0, 1)] 
Loss Nodes:0
Node: 0 Cells: 2400 Muts: 612 LostMuts: 0
Node: 1 Cells: 2357 Muts: 770 LostMuts: 0
Total Cells: 4757 Total Muts: 1382
Jump Percentage: 0.9999999999999725 First Eig Val: 5.978666691090242e-16 First Gap: 4.840284081473489e-17 Largest Gap: 0.6609694118044387 Number of Clusters:2
start:1 iteration:0
CellsA: 2400 CellsB: 685
MutsA: 612 MutsB: 770
Jump Percentage: 0.999999999999963 First Eig Val: -8.178055815495308e-16 First Gap: 1.751460611759715e-15 Largest Gap: 0.6930966384219743 Number of Clusters:2
adding tree to internal list:
Clonal Tree 0 
[(0, 1)] 
Loss Nodes:0
Node: 0 Cells: 2400 Muts: 612 LostMuts: 0
Node: 1 Cells: 2357 Muts: 770 LostMuts: 0
Total Cells: 4757 Total Muts: 1382
Jump Percentage: 0.9999999999999504 First Eig Val: -6.110660342472047e-16 First Gap: 1.2370197176375901e-15 Largest Gap: 0.7076002343032995 Number of Clusters:2
start:2 iteration:0
CellsA: 2400 CellsB: 685
MutsA: 612 MutsB: 770
Jump Percentage: 0.999999999999963 First Eig Val: -8.178055815495308e-16 First Gap: 1.751460611759715e-15 Largest Gap: 0.6930966384219743 Number of Clusters:2
adding tree to internal list:
Clonal Tree 0 
[(0, 1)] 
Loss Nodes:0
Node: 0 Cells: 2400 Muts: 612 LostMuts: 0
Node: 1 Cells: 2357 Muts: 770 LostMuts: 0
Total Cells: 4757 Total Muts: 1382
adding tree to candidate list:
Clonal Tree 0 
[(0, 1)] 
Loss Nodes:0
Node: 0 Cells: 2400 Muts: 612 LostMuts: 0
Node: 1 Cells: 2357 Muts: 770 LostMuts: 0
Total Cells: 4757 Total Muts: 1382
Normalized Likelihood: -0.5017165508930796
Using SNV kernel only
Jump Percentage: 0.14335639547989826 First Eig Val: 1.4416488283996046e-15 First Gap: 0.6414242029279272 Largest Gap: 0.6414242029279272 Number of Clusters:1
start:0 iteration:0
CellsA: 1785 CellsB: 615
MutsA: 598 MutsB: 784
Using SNV kernel only
Jump Percentage: 0.2815611675405042 First Eig Val: -1.1803496265598784e-15 First Gap: 0.8953518651791234 Largest Gap: 0.8953518651791234 Number of Clusters:1
start:0 iteration:1
CellsA: 2310 CellsB: 90
MutsA: 597 MutsB: 785
Using SNV kernel only
Jump Percentage: 0.26898239280083525 First Eig Val: -1.5933263290215355e-15 First Gap: 0.8916272039279057 Largest Gap: 0.8916272039279057 Number of Clusters:1
start:0 iteration:2
CellsA: 2370 CellsB: 30
MutsA: 608 MutsB: 774
Using SNV kernel only
Jump Percentage: 0.6912037785810986 First Eig Val: 2.2507311207581486e-15 First Gap: 0.9492962428858072 Largest Gap: 0.9492962428858072 Number of Clusters:1
start:0 iteration:3
CellsA: 2373 CellsB: 27
MutsA: 608 MutsB: 774
Using SNV kernel only
Jump Percentage: 0.6912037785810986 First Eig Val: 2.2507311207581486e-15 First Gap: 0.9492962428858072 Largest Gap: 0.9492962428858072 Number of Clusters:1
adding tree to internal list:
Clonal Tree 0 
[(0, 1)] 
Loss Nodes:0
Node: 0 Cells: 2373 Muts: 608 LostMuts: 0
Node: 1 Cells: 2384 Muts: 774 LostMuts: 0
Total Cells: 4757 Total Muts: 1382
Using SNV kernel only
Jump Percentage: 0.10352900429341617 First Eig Val: -5.589603730594675e-16 First Gap: 0.6618536055677753 Largest Gap: 0.6618536055677753 Number of Clusters:1
start:1 iteration:0
CellsA: 1452 CellsB: 948
MutsA: 563 MutsB: 819
Using SNV kernel only
Jump Percentage: 0.24841354232691248 First Eig Val: 2.446885004049901e-15 First Gap: 0.7953270189048877 Largest Gap: 0.7953270189048877 Number of Clusters:1
start:1 iteration:1
CellsA: 2041 CellsB: 359
MutsA: 563 MutsB: 819
Using SNV kernel only
Jump Percentage: 0.24841354232691248 First Eig Val: 2.446885004049901e-15 First Gap: 0.7953270189048877 Largest Gap: 0.7953270189048877 Number of Clusters:1
adding tree to internal list:
Clonal Tree 0 
[(0, 1)] 
Loss Nodes:0
Node: 0 Cells: 2041 Muts: 563 LostMuts: 0
Node: 1 Cells: 2716 Muts: 819 LostMuts: 0
Total Cells: 4757 Total Muts: 1382
Using SNV kernel only
Jump Percentage: 0.10702002864043476 First Eig Val: 3.552108707035065e-16 First Gap: 0.6558138891981089 Largest Gap: 0.6558138891981089 Number of Clusters:1
start:2 iteration:0
CellsA: 1737 CellsB: 663
MutsA: 587 MutsB: 795
Using SNV kernel only
Jump Percentage: 0.11507498766213971 First Eig Val: -4.0580690053913715e-15 First Gap: 0.8825054831209211 Largest Gap: 0.8825054831209211 Number of Clusters:1
start:2 iteration:1
CellsA: 2235 CellsB: 165
MutsA: 587 MutsB: 795
Using SNV kernel only
Jump Percentage: 0.11507498766213971 First Eig Val: -4.0580690053913715e-15 First Gap: 0.8825054831209211 Largest Gap: 0.8825054831209211 Number of Clusters:1
adding tree to internal list:
Clonal Tree 0 
[(0, 1)] 
Loss Nodes:0
Node: 0 Cells: 2235 Muts: 587 LostMuts: 0
Node: 1 Cells: 2522 Muts: 795 LostMuts: 0
Total Cells: 4757 Total Muts: 1382
adding tree to candidate list:
Clonal Tree 2 
[(0, 1)] 
Loss Nodes:0
Node: 0 Cells: 2235 Muts: 587 LostMuts: 0
Node: 1 Cells: 2522 Muts: 795 LostMuts: 0
Total Cells: 4757 Total Muts: 1382
Normalized Likelihood: -0.4978651421020534
Using SNV kernel only
Jump Percentage: 0.11588921095014514 First Eig Val: 2.0824570626996956e-16 First Gap: 0.6468504487808944 Largest Gap: 0.6468504487808944 Number of Clusters:1
start:0 iteration:0
CellsA: 1339 CellsB: 896
MutsA: 547 MutsB: 835
Using SNV kernel only
Jump Percentage: 0.13138187654713746 First Eig Val: -1.5578182219942901e-15 First Gap: 0.8306673317512012 Largest Gap: 0.8306673317512012 Number of Clusters:1
start:0 iteration:1
CellsA: 1917 CellsB: 318
MutsA: 546 MutsB: 836
Using SNV kernel only
Jump Percentage: 0.1284002113502428 First Eig Val: -4.00179284122468e-15 First Gap: 0.8294017007750881 Largest Gap: 0.8294017007750881 Number of Clusters:1
start:0 iteration:2
CellsA: 1915 CellsB: 320
MutsA: 546 MutsB: 836
Using SNV kernel only
Jump Percentage: 0.1284002113502428 First Eig Val: -4.00179284122468e-15 First Gap: 0.8294017007750881 Largest Gap: 0.8294017007750881 Number of Clusters:1
adding tree to internal list:
Clonal Tree 0 
[(0, 1)] 
Loss Nodes:0
Node: 0 Cells: 1915 Muts: 546 LostMuts: 0
Node: 1 Cells: 2842 Muts: 836 LostMuts: 0
Total Cells: 4757 Total Muts: 1382
Using SNV kernel only
Jump Percentage: 0.1254161383072789 First Eig Val: 2.1122610863509621e-16 First Gap: 0.6459684798938385 Largest Gap: 0.6459684798938385 Number of Clusters:1
start:1 iteration:0
CellsA: 1667 CellsB: 568
MutsA: 580 MutsB: 802
Using SNV kernel only
Jump Percentage: 0.28870049225410255 First Eig Val: 1.3262398139834143e-15 First Gap: 0.9381764591767437 Largest Gap: 0.9381764591767437 Number of Clusters:1
start:1 iteration:1
CellsA: 2216 CellsB: 19
MutsA: 584 MutsB: 798
Using SNV kernel only
Jump Percentage: 0.41863670937541314 First Eig Val: 3.0357276210231176e-15 First Gap: 0.9547134221319367 Largest Gap: 0.9547134221319367 Number of Clusters:1
start:1 iteration:2
CellsA: 2217 CellsB: 18
MutsA: 584 MutsB: 798
Using SNV kernel only
Jump Percentage: 0.41863670937541314 First Eig Val: 3.0357276210231176e-15 First Gap: 0.9547134221319367 Largest Gap: 0.9547134221319367 Number of Clusters:1
adding tree to internal list:
Clonal Tree 0 
[(0, 1)] 
Loss Nodes:0
Node: 0 Cells: 2217 Muts: 584 LostMuts: 0
Node: 1 Cells: 2540 Muts: 798 LostMuts: 0
Total Cells: 4757 Total Muts: 1382
Using SNV kernel only
Jump Percentage: 0.1202531424684268 First Eig Val: 3.5234549915513457e-16 First Gap: 0.6582060207726613 Largest Gap: 0.6582060207726613 Number of Clusters:1
start:2 iteration:0
CellsA: 1686 CellsB: 549
MutsA: 575 MutsB: 807
Using SNV kernel only
Jump Percentage: 0.1835662208502488 First Eig Val: 3.935752842496637e-15 First Gap: 0.9001297053602766 Largest Gap: 0.9001297053602766 Number of Clusters:1
start:2 iteration:1
CellsA: 2211 CellsB: 24
MutsA: 586 MutsB: 796
Using SNV kernel only
Jump Percentage: 0.7037400657983975 First Eig Val: 2.7926524269987614e-15 First Gap: 0.9714561558329252 Largest Gap: 0.9714561558329252 Number of Clusters:1
start:2 iteration:2
CellsA: 2231 CellsB: 4
MutsA: 586 MutsB: 796
Using SNV kernel only
Jump Percentage: 0.7037400657983975 First Eig Val: 2.7926524269987614e-15 First Gap: 0.9714561558329252 Largest Gap: 0.9714561558329252 Number of Clusters:1
adding tree to candidate list:
Clonal Tree 1 
[(0, 1)] 
Loss Nodes:0
Node: 0 Cells: 2217 Muts: 584 LostMuts: 0
Node: 1 Cells: 2540 Muts: 798 LostMuts: 0
Total Cells: 4757 Total Muts: 1382
Normalized Likelihood: -0.49715074963895417
Using SNV kernel only
Jump Percentage: 0.11138144403123966 First Eig Val: 1.2083803093918598e-17 First Gap: 0.6428798286199525 Largest Gap: 0.6428798286199525 Number of Clusters:1
start:0 iteration:0
CellsA: 1664 CellsB: 553
MutsA: 571 MutsB: 811
Using SNV kernel only
Jump Percentage: 0.33047072521114373 First Eig Val: 1.8734626665396938e-15 First Gap: 0.9398378116239319 Largest Gap: 0.9398378116239319 Number of Clusters:1
start:0 iteration:1
CellsA: 2138 CellsB: 79
MutsA: 571 MutsB: 811
Using SNV kernel only
Jump Percentage: 0.33047072521114373 First Eig Val: 1.8734626665396938e-15 First Gap: 0.9398378116239319 Largest Gap: 0.9398378116239319 Number of Clusters:1
adding tree to internal list:
Clonal Tree 0 
[(0, 1)] 
Loss Nodes:0
Node: 0 Cells: 2138 Muts: 571 LostMuts: 0
Node: 1 Cells: 2619 Muts: 811 LostMuts: 0
Total Cells: 4757 Total Muts: 1382
Using SNV kernel only
Jump Percentage: 0.13372362716508784 First Eig Val: -1.712390287266251e-15 First Gap: 0.64536456344511 Largest Gap: 0.64536456344511 Number of Clusters:1
start:1 iteration:0
CellsA: 1676 CellsB: 541
MutsA: 570 MutsB: 812
Using SNV kernel only
Jump Percentage: 0.4679761794553497 First Eig Val: -3.4425518473185935e-15 First Gap: 0.895965066158673 Largest Gap: 0.895965066158673 Number of Clusters:1
start:1 iteration:1
CellsA: 2131 CellsB: 86
MutsA: 570 MutsB: 812
Using SNV kernel only
Jump Percentage: 0.4679761794553497 First Eig Val: -3.4425518473185935e-15 First Gap: 0.895965066158673 Largest Gap: 0.895965066158673 Number of Clusters:1
adding tree to internal list:
Clonal Tree 0 
[(0, 1)] 
Loss Nodes:0
Node: 0 Cells: 2131 Muts: 570 LostMuts: 0
Node: 1 Cells: 2626 Muts: 812 LostMuts: 0
Total Cells: 4757 Total Muts: 1382
Using SNV kernel only
Jump Percentage: 0.1296494412417609 First Eig Val: -2.6020349719291863e-15 First Gap: 0.6618694501701468 Largest Gap: 0.6618694501701468 Number of Clusters:1
start:2 iteration:0
CellsA: 1085 CellsB: 1132
MutsA: 503 MutsB: 879
Using SNV kernel only
Jump Percentage: 0.1618192639518644 First Eig Val: -2.8413988771839916e-15 First Gap: 0.6948836816232935 Largest Gap: 0.6948836816232935 Number of Clusters:1
start:2 iteration:1
CellsA: 1636 CellsB: 581
MutsA: 501 MutsB: 881
Using SNV kernel only
Jump Percentage: 0.16004410605853506 First Eig Val: -2.8144206368885346e-15 First Gap: 0.6925941723461916 Largest Gap: 0.6925941723461916 Number of Clusters:1
start:2 iteration:2
CellsA: 1631 CellsB: 586
MutsA: 501 MutsB: 881
Using SNV kernel only
Jump Percentage: 0.16004410605853506 First Eig Val: -2.8144206368885346e-15 First Gap: 0.6925941723461916 Largest Gap: 0.6925941723461916 Number of Clusters:1
adding tree to internal list:
Clonal Tree 0 
[(0, 1)] 
Loss Nodes:0
Node: 0 Cells: 1631 Muts: 501 LostMuts: 0
Node: 1 Cells: 3126 Muts: 881 LostMuts: 0
Total Cells: 4757 Total Muts: 1382
adding tree to candidate list:
Clonal Tree 0 
[(0, 1)] 
Loss Nodes:0
Node: 0 Cells: 2138 Muts: 571 LostMuts: 0
Node: 1 Cells: 2619 Muts: 811 LostMuts: 0
Total Cells: 4757 Total Muts: 1382
Normalized Likelihood: -0.4958281265722286
Using SNV kernel only
Jump Percentage: 0.1189621424524193 First Eig Val: -1.9800997374746935e-17 First Gap: 0.6561729914672078 Largest Gap: 0.6561729914672078 Number of Clusters:1
start:0 iteration:0
CellsA: 1650 CellsB: 488
MutsA: 562 MutsB: 820
Using SNV kernel only
Jump Percentage: 0.453572398443287 First Eig Val: -1.0839394470269173e-15 First Gap: 0.9511095513786346 Largest Gap: 0.9511095513786346 Number of Clusters:1
start:0 iteration:1
CellsA: 2087 CellsB: 51
MutsA: 562 MutsB: 820
Using SNV kernel only
Jump Percentage: 0.453572398443287 First Eig Val: -1.0839394470269173e-15 First Gap: 0.9511095513786346 Largest Gap: 0.9511095513786346 Number of Clusters:1
adding tree to internal list:
Clonal Tree 0 
[(0, 1)] 
Loss Nodes:0
Node: 0 Cells: 2087 Muts: 562 LostMuts: 0
Node: 1 Cells: 2670 Muts: 820 LostMuts: 0
Total Cells: 4757 Total Muts: 1382
Using SNV kernel only
Jump Percentage: 0.14853180347590417 First Eig Val: -9.769588409814079e-17 First Gap: 0.6384942614989294 Largest Gap: 0.6384942614989294 Number of Clusters:1
start:1 iteration:0
CellsA: 1352 CellsB: 786
MutsA: 543 MutsB: 839
Using SNV kernel only
Jump Percentage: 0.12724827003119055 First Eig Val: 2.4468880190277587e-15 First Gap: 0.8426692898165083 Largest Gap: 0.8426692898165083 Number of Clusters:1
start:1 iteration:1
CellsA: 1949 CellsB: 189
MutsA: 543 MutsB: 839
Using SNV kernel only
Jump Percentage: 0.12724827003119055 First Eig Val: 2.4468880190277587e-15 First Gap: 0.8426692898165083 Largest Gap: 0.8426692898165083 Number of Clusters:1
adding tree to internal list:
Clonal Tree 0 
[(0, 1)] 
Loss Nodes:0
Node: 0 Cells: 1949 Muts: 543 LostMuts: 0
Node: 1 Cells: 2808 Muts: 839 LostMuts: 0
Total Cells: 4757 Total Muts: 1382
Using SNV kernel only
Jump Percentage: 0.1513501776398238 First Eig Val: 9.885644146658648e-16 First Gap: 0.6441085477262576 Largest Gap: 0.6441085477262576 Number of Clusters:1
start:2 iteration:0
CellsA: 1613 CellsB: 525
MutsA: 557 MutsB: 825
Using SNV kernel only
Jump Percentage: 0.47390194555218423 First Eig Val: 2.0440303795298477e-15 First Gap: 0.8944897081335488 Largest Gap: 0.8944897081335488 Number of Clusters:1
start:2 iteration:1
CellsA: 2053 CellsB: 85
MutsA: 557 MutsB: 825
Using SNV kernel only
Jump Percentage: 0.47390194555218423 First Eig Val: 2.0440303795298477e-15 First Gap: 0.8944897081335488 Largest Gap: 0.8944897081335488 Number of Clusters:1
adding tree to internal list:
Clonal Tree 0 
[(0, 1)] 
Loss Nodes:0
Node: 0 Cells: 2053 Muts: 557 LostMuts: 0
Node: 1 Cells: 2704 Muts: 825 LostMuts: 0
Total Cells: 4757 Total Muts: 1382
adding tree to candidate list:
Clonal Tree 2 
[(0, 1)] 
Loss Nodes:0
Node: 0 Cells: 2053 Muts: 557 LostMuts: 0
Node: 1 Cells: 2704 Muts: 825 LostMuts: 0
Total Cells: 4757 Total Muts: 1382
Normalized Likelihood: -0.4946720439482636
Using SNV kernel only
Jump Percentage: 0.1293946041817774 First Eig Val: -5.040542008704804e-16 First Gap: 0.6453132935753348 Largest Gap: 0.6453132935753348 Number of Clusters:1
start:0 iteration:0
CellsA: 544 CellsB: 1509
MutsA: 309 MutsB: 1073
Using SNV kernel only
Jump Percentage: 0.15762170804778142 First Eig Val: 4.3877983582053187e-17 First Gap: 0.6490986786906963 Largest Gap: 0.6490986786906963 Number of Clusters:1
start:0 iteration:1
CellsA: 621 CellsB: 1432
MutsA: 306 MutsB: 1076
Using SNV kernel only
Jump Percentage: 0.15506064571128514 First Eig Val: -3.2033714520160654e-16 First Gap: 0.6462644529842764 Largest Gap: 0.6462644529842764 Number of Clusters:1
start:0 iteration:2
CellsA: 1163 CellsB: 890
MutsA: 476 MutsB: 906
Using SNV kernel only
Jump Percentage: 0.16386663088240916 First Eig Val: -4.716101666003264e-15 First Gap: 0.694148288281088 Largest Gap: 0.694148288281088 Number of Clusters:1
start:0 iteration:3
CellsA: 1536 CellsB: 517
MutsA: 475 MutsB: 907
Using SNV kernel only
Jump Percentage: 0.16353299158569473 First Eig Val: -2.0299961766102644e-16 First Gap: 0.6937657880978624 Largest Gap: 0.6937657880978624 Number of Clusters:1
start:0 iteration:4
CellsA: 1534 CellsB: 519
MutsA: 475 MutsB: 907
Using SNV kernel only
Jump Percentage: 0.16353299158569473 First Eig Val: -2.0299961766102644e-16 First Gap: 0.6937657880978624 Largest Gap: 0.6937657880978624 Number of Clusters:1
adding tree to internal list:
Clonal Tree 0 
[(0, 1)] 
Loss Nodes:0
Node: 0 Cells: 1534 Muts: 475 LostMuts: 0
Node: 1 Cells: 3223 Muts: 907 LostMuts: 0
Total Cells: 4757 Total Muts: 1382
Using SNV kernel only
Jump Percentage: 0.1423898162821456 First Eig Val: -3.1782494675386375e-16 First Gap: 0.6514266926675527 Largest Gap: 0.6514266926675527 Number of Clusters:1
start:1 iteration:0
CellsA: 498 CellsB: 1555
MutsA: 309 MutsB: 1073
Using SNV kernel only
Jump Percentage: 0.1590775937408793 First Eig Val: -4.650849629097203e-16 First Gap: 0.6338861719632897 Largest Gap: 0.6338861719632897 Number of Clusters:1
start:1 iteration:1
CellsA: 1174 CellsB: 879
MutsA: 485 MutsB: 897
Using SNV kernel only
Jump Percentage: 0.13817335231162128 First Eig Val: -2.9060182812185035e-15 First Gap: 0.7075337308492228 Largest Gap: 0.7075337308492228 Number of Clusters:1
start:1 iteration:2
CellsA: 1561 CellsB: 492
MutsA: 485 MutsB: 897
Using SNV kernel only
Jump Percentage: 0.13817335231162128 First Eig Val: -2.9060182812185035e-15 First Gap: 0.7075337308492228 Largest Gap: 0.7075337308492228 Number of Clusters:1
adding tree to internal list:
Clonal Tree 0 
[(0, 1)] 
Loss Nodes:0
Node: 0 Cells: 1561 Muts: 485 LostMuts: 0
Node: 1 Cells: 3196 Muts: 897 LostMuts: 0
Total Cells: 4757 Total Muts: 1382
Using SNV kernel only
Jump Percentage: 0.14141178790567394 First Eig Val: -1.0448861000290112e-16 First Gap: 0.6374654007814157 Largest Gap: 0.6374654007814157 Number of Clusters:1
start:2 iteration:0
CellsA: 470 CellsB: 1583
MutsA: 288 MutsB: 1094
Using SNV kernel only
Jump Percentage: 0.15458538440390873 First Eig Val: -6.974912384298145e-16 First Gap: 0.6175769222000751 Largest Gap: 0.6175769222000751 Number of Clusters:1
start:2 iteration:1
CellsA: 1094 CellsB: 959
MutsA: 460 MutsB: 922
Using SNV kernel only
Jump Percentage: 0.16600731059799315 First Eig Val: 6.572764960617474e-16 First Gap: 0.6478899806479014 Largest Gap: 0.6478899806479014 Number of Clusters:1
start:2 iteration:2
CellsA: 1406 CellsB: 647
MutsA: 459 MutsB: 923
Using SNV kernel only
Jump Percentage: 0.16393928471337352 First Eig Val: 2.3109541419229197e-15 First Gap: 0.646109836382956 Largest Gap: 0.646109836382956 Number of Clusters:1
start:2 iteration:3
CellsA: 1404 CellsB: 649
MutsA: 459 MutsB: 923
Using SNV kernel only
Jump Percentage: 0.16393928471337352 First Eig Val: 2.3109541419229197e-15 First Gap: 0.646109836382956 Largest Gap: 0.646109836382956 Number of Clusters:1
adding tree to internal list:
Clonal Tree 0 
[(0, 1)] 
Loss Nodes:0
Node: 0 Cells: 1404 Muts: 459 LostMuts: 0
Node: 1 Cells: 3353 Muts: 923 LostMuts: 0
Total Cells: 4757 Total Muts: 1382
adding tree to candidate list:
Clonal Tree 0 
[(0, 1)] 
Loss Nodes:0
Node: 0 Cells: 1534 Muts: 475 LostMuts: 0
Node: 1 Cells: 3223 Muts: 907 LostMuts: 0
Total Cells: 4757 Total Muts: 1382
Normalized Likelihood: -0.4981764718252033
Using SNV kernel only
Jump Percentage: 0.14096806190425595 First Eig Val: 1.0144402563727936e-15 First Gap: 0.6619803700138883 Largest Gap: 0.6619803700138883 Number of Clusters:1
start:0 iteration:0
CellsA: 391 CellsB: 1143
MutsA: 283 MutsB: 1099
Using SNV kernel only
Jump Percentage: 0.16498131856588238 First Eig Val: 5.554321190342067e-17 First Gap: 0.6094281371059943 Largest Gap: 0.6094281371059943 Number of Clusters:1
start:0 iteration:1
CellsA: 1047 CellsB: 487
MutsA: 432 MutsB: 950
Using SNV kernel only
Jump Percentage: 0.12691343106649913 First Eig Val: -7.354497524890362e-16 First Gap: 0.7370878273806406 Largest Gap: 0.7370878273806406 Number of Clusters:1
start:0 iteration:2
CellsA: 1319 CellsB: 215
MutsA: 432 MutsB: 950
Using SNV kernel only
Jump Percentage: 0.12691343106649913 First Eig Val: -7.354497524890362e-16 First Gap: 0.7370878273806406 Largest Gap: 0.7370878273806406 Number of Clusters:1
adding tree to internal list:
Clonal Tree 0 
[(0, 1)] 
Loss Nodes:0
Node: 0 Cells: 1319 Muts: 432 LostMuts: 0
Node: 1 Cells: 3438 Muts: 950 LostMuts: 0
Total Cells: 4757 Total Muts: 1382
Using SNV kernel only
Jump Percentage: 0.14943579749523417 First Eig Val: -1.0388090025827512e-16 First Gap: 0.6786357629958233 Largest Gap: 0.6786357629958233 Number of Clusters:1
start:1 iteration:0
CellsA: 1027 CellsB: 507
MutsA: 452 MutsB: 930
Using SNV kernel only
Jump Percentage: 0.1592442147961218 First Eig Val: 4.693768314037325e-16 First Gap: 0.8171734944193519 Largest Gap: 0.8171734944193519 Number of Clusters:1
start:1 iteration:1
CellsA: 1403 CellsB: 131
MutsA: 452 MutsB: 930
Using SNV kernel only
Jump Percentage: 0.1592442147961218 First Eig Val: 4.693768314037325e-16 First Gap: 0.8171734944193519 Largest Gap: 0.8171734944193519 Number of Clusters:1
adding tree to internal list:
Clonal Tree 0 
[(0, 1)] 
Loss Nodes:0
Node: 0 Cells: 1403 Muts: 452 LostMuts: 0
Node: 1 Cells: 3354 Muts: 930 LostMuts: 0
Total Cells: 4757 Total Muts: 1382
Using SNV kernel only
Jump Percentage: 0.16727761179867603 First Eig Val: -3.2150459985826857e-16 First Gap: 0.6600004557120585 Largest Gap: 0.6600004557120585 Number of Clusters:1
start:2 iteration:0
CellsA: 397 CellsB: 1137
MutsA: 276 MutsB: 1106
Using SNV kernel only
Jump Percentage: 0.18378846755511472 First Eig Val: -4.481029607507978e-16 First Gap: 0.6229218060231032 Largest Gap: 0.6229218060231032 Number of Clusters:1
start:2 iteration:1
CellsA: 507 CellsB: 1027
MutsA: 264 MutsB: 1118
Using SNV kernel only
Jump Percentage: 0.18711336434793766 First Eig Val: -2.2251490531215065e-15 First Gap: 0.627101425342176 Largest Gap: 0.627101425342176 Number of Clusters:1
adding tree to internal list:
Clonal Tree 0 
[(0, 1)] 
Loss Nodes:0
Node: 0 Cells: 507 Muts: 264 LostMuts: 0
Node: 1 Cells: 4250 Muts: 1118 LostMuts: 0
Total Cells: 4757 Total Muts: 1382
adding tree to candidate list:
Clonal Tree 0 
[(0, 1)] 
Loss Nodes:0
Node: 0 Cells: 1319 Muts: 432 LostMuts: 0
Node: 1 Cells: 3438 Muts: 950 LostMuts: 0
Total Cells: 4757 Total Muts: 1382
Normalized Likelihood: -0.49945577013569886
Using SNV kernel only
Jump Percentage: 0.1865292783219368 First Eig Val: -7.652963657897845e-16 First Gap: 0.5924824168315247 Largest Gap: 0.5924824168315247 Number of Clusters:1
start:0 iteration:0
CellsA: 368 CellsB: 951
MutsA: 264 MutsB: 1118
Using SNV kernel only
Jump Percentage: 0.21758835115289715 First Eig Val: -7.241935097131442e-16 First Gap: 0.6836219925869356 Largest Gap: 0.6836219925869356 Number of Clusters:1
start:0 iteration:1
CellsA: 460 CellsB: 859
MutsA: 253 MutsB: 1129
Using SNV kernel only
Jump Percentage: 0.21867927208607593 First Eig Val: -8.61342192351112e-16 First Gap: 0.6865084177965549 Largest Gap: 0.6865084177965549 Number of Clusters:1
start:0 iteration:2
CellsA: 459 CellsB: 860
MutsA: 253 MutsB: 1129
Using SNV kernel only
Jump Percentage: 0.21867927208607593 First Eig Val: -8.61342192351112e-16 First Gap: 0.6865084177965549 Largest Gap: 0.6865084177965549 Number of Clusters:1
Using SNV kernel only
Jump Percentage: 0.16020769782410338 First Eig Val: 2.1425911000716095e-16 First Gap: 0.6678249752712879 Largest Gap: 0.6678249752712879 Number of Clusters:1
start:1 iteration:0
CellsA: 337 CellsB: 982
MutsA: 260 MutsB: 1122
Using SNV kernel only
Jump Percentage: 0.19489645269085806 First Eig Val: -1.1883782686645688e-15 First Gap: 0.6882690860965912 Largest Gap: 0.6882690860965912 Number of Clusters:1
start:1 iteration:1
CellsA: 423 CellsB: 896
MutsA: 240 MutsB: 1142
Using SNV kernel only
Jump Percentage: 0.19667996871908502 First Eig Val: 1.2138230892440055e-15 First Gap: 0.6922536336743607 Largest Gap: 0.6922536336743607 Number of Clusters:1
Using SNV kernel only
Jump Percentage: 0.16056294982804034 First Eig Val: 8.105981188389799e-16 First Gap: 0.6455951259237714 Largest Gap: 0.6455951259237714 Number of Clusters:1
start:2 iteration:0
CellsA: 397 CellsB: 922
MutsA: 273 MutsB: 1109
Using SNV kernel only
Jump Percentage: 0.1912980404319255 First Eig Val: -6.326647603577034e-16 First Gap: 0.6483881388065009 Largest Gap: 0.6483881388065009 Number of Clusters:1
start:2 iteration:1
CellsA: 490 CellsB: 829
MutsA: 252 MutsB: 1130
Using SNV kernel only
Jump Percentage: 0.19605578560573134 First Eig Val: -9.195834418520322e-16 First Gap: 0.65071172385651 Largest Gap: 0.65071172385651 Number of Clusters:1
start:2 iteration:2
CellsA: 489 CellsB: 830
MutsA: 253 MutsB: 1129
Using SNV kernel only
Jump Percentage: 0.1971549293947976 First Eig Val: -7.071248495288659e-16 First Gap: 0.6527446205140586 Largest Gap: 0.6527446205140586 Number of Clusters:1
adding tree to internal list:
Clonal Tree 0 
[(0, 1)] 
Loss Nodes:0
Node: 0 Cells: 489 Muts: 253 LostMuts: 0
Node: 1 Cells: 4268 Muts: 1129 LostMuts: 0
Total Cells: 4757 Total Muts: 1382
adding tree to candidate list:
Clonal Tree 0 
[(0, 1)] 
Loss Nodes:0
Node: 0 Cells: 489 Muts: 253 LostMuts: 0
Node: 1 Cells: 4268 Muts: 1129 LostMuts: 0
Total Cells: 4757 Total Muts: 1382
Normalized Likelihood: -0.5566131042817294
Clonal Tree 0 
[(0, 1)] 
Loss Nodes:0
Node: 0 Cells: 4263 Muts: 799 LostMuts: 0
Node: 1 Cells: 494 Muts: 583 LostMuts: 0
Total Cells: 4757 Total Muts: 1382
Normalized Likelihood: -0.6639153616011658
Clonal Tree 1 
[(0, 1)] 
Loss Nodes:0
Node: 0 Cells: 3085 Muts: 663 LostMuts: 0
Node: 1 Cells: 1672 Muts: 719 LostMuts: 0
Total Cells: 4757 Total Muts: 1382
Normalized Likelihood: -0.5311145432882529
Clonal Tree 2 
[(0, 1)] 
Loss Nodes:0
Node: 0 Cells: 2400 Muts: 612 LostMuts: 0
Node: 1 Cells: 2357 Muts: 770 LostMuts: 0
Total Cells: 4757 Total Muts: 1382
Normalized Likelihood: -0.5017165508930796
Clonal Tree 3 
[(0, 1)] 
Loss Nodes:0
Node: 0 Cells: 2235 Muts: 587 LostMuts: 0
Node: 1 Cells: 2522 Muts: 795 LostMuts: 0
Total Cells: 4757 Total Muts: 1382
Normalized Likelihood: -0.4978651421020534
Clonal Tree 4 
[(0, 1)] 
Loss Nodes:0
Node: 0 Cells: 2217 Muts: 584 LostMuts: 0
Node: 1 Cells: 2540 Muts: 798 LostMuts: 0
Total Cells: 4757 Total Muts: 1382
Normalized Likelihood: -0.49715074963895417
Clonal Tree 5 
[(0, 1)] 
Loss Nodes:0
Node: 0 Cells: 2138 Muts: 571 LostMuts: 0
Node: 1 Cells: 2619 Muts: 811 LostMuts: 0
Total Cells: 4757 Total Muts: 1382
Normalized Likelihood: -0.4958281265722286
Clonal Tree 6 
[(0, 1)] 
Loss Nodes:0
Node: 0 Cells: 2053 Muts: 557 LostMuts: 0
Node: 1 Cells: 2704 Muts: 825 LostMuts: 0
Total Cells: 4757 Total Muts: 1382
Normalized Likelihood: -0.4946720439482636
Clonal Tree 7 
[(0, 1)] 
Loss Nodes:0
Node: 0 Cells: 1534 Muts: 475 LostMuts: 0
Node: 1 Cells: 3223 Muts: 907 LostMuts: 0
Total Cells: 4757 Total Muts: 1382
Normalized Likelihood: -0.4981764718252033
Clonal Tree 8 
[(0, 1)] 
Loss Nodes:0
Node: 0 Cells: 1319 Muts: 432 LostMuts: 0
Node: 1 Cells: 3438 Muts: 950 LostMuts: 0
Total Cells: 4757 Total Muts: 1382
Normalized Likelihood: -0.49945577013569886
Clonal Tree 9 
[(0, 1)] 
Loss Nodes:0
Node: 0 Cells: 489 Muts: 253 LostMuts: 0
Node: 1 Cells: 4268 Muts: 1129 LostMuts: 0
Total Cells: 4757 Total Muts: 1382
Normalized Likelihood: -0.5566131042817294
linear split norm likelihood best tree
Clonal Tree 6 
[(0, 1)] 
Loss Nodes:0
Node: 0 Cells: 2053 Muts: 557 LostMuts: 0
Node: 1 Cells: 2704 Muts: 825 LostMuts: 0
Total Cells: 4757 Total Muts: 1382
Sprouted tree:
Clonal Tree 6 
[(0, 1)] 
Loss Nodes:0
Node: 0 Cells: 2053 Muts: 557 LostMuts: 0
Node: 1 Cells: 2704 Muts: 825 LostMuts: 0
Total Cells: 4757 Total Muts: 1382
Cells: 2704 Muts: 825 Ancestral Muts: 557 
Number of subproblems remaining: 3
Starting k-clonal tree inference for seed:
Cells: 2704 Muts: 825 Ancestral Muts: 557 
Sprouting seed:
Cells: 2704 Muts: 825 Ancestral Muts: 557 
Sprouting a branching tree from seed ...
(Generator(PCG64) at 0x7FD2559C6120,)
Jump Percentage: 0.9999999999999839 First Eig Val: -2.6672265337081777e-16 First Gap: 7.939773380914384e-16 Largest Gap: 0.47755076528540075 Number of Clusters:3
CellsA: 494 CellsB: 2210
MutsA: 320 mutsB: 404
Jump Percentage: 0.9999999999999734 First Eig Val: -4.337039965345025e-16 First Gap: 6.152815155102143e-16 Largest Gap: 0.4323068451485004 Number of Clusters:3
Clonal Tree 0 
[(0, 1), (0, 2)] 
Loss Nodes:0
Node: 0 Cells: 0 Muts: 101 LostMuts: 0
Node: 1 Cells: 494 Muts: 320 LostMuts: 0
Node: 2 Cells: 2210 Muts: 404 LostMuts: 0
Total Cells: 2704 Total Muts: 825
Jump Percentage: 0.9999999999999893 First Eig Val: -5.366531611108037e-16 First Gap: 1.5217873827984834e-15 Largest Gap: 0.47629541695229477 Number of Clusters:3
CellsA: 2210 CellsB: 494
MutsA: 404 mutsB: 320
Jump Percentage: 0.9999999999999734 First Eig Val: -4.337039965345025e-16 First Gap: 6.152815155102143e-16 Largest Gap: 0.4323068451485004 Number of Clusters:3
Clonal Tree 0 
[(0, 1), (0, 2)] 
Loss Nodes:0
Node: 0 Cells: 0 Muts: 101 LostMuts: 0
Node: 1 Cells: 2210 Muts: 404 LostMuts: 0
Node: 2 Cells: 494 Muts: 320 LostMuts: 0
Total Cells: 2704 Total Muts: 825
Jump Percentage: 0.9999999999999739 First Eig Val: 5.923502260103393e-16 First Gap: 3.511581690624616e-16 Largest Gap: 0.47596669954158444 Number of Clusters:3
CellsA: 494 CellsB: 2210
MutsA: 320 mutsB: 404
Jump Percentage: 0.9999999999999734 First Eig Val: -4.337039965345025e-16 First Gap: 6.152815155102143e-16 Largest Gap: 0.4323068451485004 Number of Clusters:3
Clonal Tree 0 
[(0, 1), (0, 2)] 
Loss Nodes:0
Node: 0 Cells: 0 Muts: 101 LostMuts: 0
Node: 1 Cells: 494 Muts: 320 LostMuts: 0
Node: 2 Cells: 2210 Muts: 404 LostMuts: 0
Total Cells: 2704 Total Muts: 825
Finding the maximum likelihood tree out of 3 trees....
Clonal Tree 0 
[(0, 1), (0, 2)] 
Loss Nodes:0
Node: 0 Cells: 0 Muts: 101 LostMuts: 0
Node: 1 Cells: 494 Muts: 320 LostMuts: 0
Node: 2 Cells: 2210 Muts: 404 LostMuts: 0
Total Cells: 2704 Total Muts: 825

Tree: 0 LogLikelihood: 2263352.470675154
Variant LogLikelihood: -56580.21559900305 
RDR LogLikelihood: 2319932.6862741574

Clonal Tree 1 
[(0, 1), (0, 2)] 
Loss Nodes:0
Node: 0 Cells: 0 Muts: 101 LostMuts: 0
Node: 1 Cells: 2210 Muts: 404 LostMuts: 0
Node: 2 Cells: 494 Muts: 320 LostMuts: 0
Total Cells: 2704 Total Muts: 825

Tree: 1 LogLikelihood: 2263352.470675154
Variant LogLikelihood: -56580.21559900305 
RDR LogLikelihood: 2319932.6862741574

Clonal Tree 2 
[(0, 1), (0, 2)] 
Loss Nodes:0
Node: 0 Cells: 0 Muts: 101 LostMuts: 0
Node: 1 Cells: 494 Muts: 320 LostMuts: 0
Node: 2 Cells: 2210 Muts: 404 LostMuts: 0
Total Cells: 2704 Total Muts: 825

Tree: 2 LogLikelihood: 2263352.470675154
Variant LogLikelihood: -56580.21559900305 
RDR LogLikelihood: 2319932.6862741574

Sprouted tree:
Clonal Tree 0 
[(0, 1), (0, 2)] 
Loss Nodes:0
Node: 0 Cells: 0 Muts: 101 LostMuts: 0
Node: 1 Cells: 494 Muts: 320 LostMuts: 0
Node: 2 Cells: 2210 Muts: 404 LostMuts: 0
Total Cells: 2704 Total Muts: 825
Cells: 494 Muts: 320 Ancestral Muts: 658 
Cells: 2210 Muts: 404 Ancestral Muts: 658 
Sprouting seed:
Cells: 2704 Muts: 825 Ancestral Muts: 557 
Sprouting a linear tree from seed ...
Jump Percentage: 0.9999999999999286 First Eig Val: -3.538976006454311e-16 First Gap: 5.565245768755762e-16 Largest Gap: 0.40885956195394707 Number of Clusters:3
start:0 iteration:0
CellsA: 2210 CellsB: 494
MutsA: 494 MutsB: 331
Jump Percentage: 0.9999999999998966 First Eig Val: -6.138057935775227e-16 First Gap: 9.884237000761358e-16 Largest Gap: 0.3118120662844602 Number of Clusters:3
adding tree to internal list:
Clonal Tree 0 
[(0, 1)] 
Loss Nodes:0
Node: 0 Cells: 2210 Muts: 494 LostMuts: 0
Node: 1 Cells: 494 Muts: 331 LostMuts: 0
Total Cells: 2704 Total Muts: 825
Jump Percentage: 0.9999999999999478 First Eig Val: -7.968529330993409e-16 First Gap: 8.788722722477606e-16 Largest Gap: 0.41220819983279156 Number of Clusters:3
start:1 iteration:0
CellsA: 2210 CellsB: 494
MutsA: 494 MutsB: 331
Jump Percentage: 0.9999999999998966 First Eig Val: -6.138057935775227e-16 First Gap: 9.884237000761358e-16 Largest Gap: 0.3118120662844602 Number of Clusters:3
adding tree to internal list:
Clonal Tree 0 
[(0, 1)] 
Loss Nodes:0
Node: 0 Cells: 2210 Muts: 494 LostMuts: 0
Node: 1 Cells: 494 Muts: 331 LostMuts: 0
Total Cells: 2704 Total Muts: 825
Jump Percentage: 0.9999999999999557 First Eig Val: -8.773205189928455e-16 First Gap: 1.0054884394839489e-15 Largest Gap: 0.3959012124397857 Number of Clusters:3
start:2 iteration:0
CellsA: 2210 CellsB: 494
MutsA: 494 MutsB: 331
Jump Percentage: 0.9999999999998966 First Eig Val: -6.138057935775227e-16 First Gap: 9.884237000761358e-16 Largest Gap: 0.3118120662844602 Number of Clusters:3
adding tree to internal list:
Clonal Tree 0 
[(0, 1)] 
Loss Nodes:0
Node: 0 Cells: 2210 Muts: 494 LostMuts: 0
Node: 1 Cells: 494 Muts: 331 LostMuts: 0
Total Cells: 2704 Total Muts: 825
adding tree to candidate list:
Clonal Tree 0 
[(0, 1)] 
Loss Nodes:0
Node: 0 Cells: 2210 Muts: 494 LostMuts: 0
Node: 1 Cells: 494 Muts: 331 LostMuts: 0
Total Cells: 2704 Total Muts: 825
Normalized Likelihood: -0.6613202027466721
Jump Percentage: 0.999999999999988 First Eig Val: -9.368682766390588e-16 First Gap: 1.2050461139717934e-15 Largest Gap: 0.46342206628018645 Number of Clusters:3
start:0 iteration:0
CellsA: 1032 CellsB: 1178
MutsA: 214 MutsB: 611
Jump Percentage: 0.9999999999999671 First Eig Val: -1.0167195215663819e-16 First Gap: 3.806571752956472e-16 Largest Gap: 0.3889226515119551 Number of Clusters:3
adding tree to internal list:
Clonal Tree 0 
[(0, 1)] 
Loss Nodes:0
Node: 0 Cells: 1032 Muts: 214 LostMuts: 0
Node: 1 Cells: 1672 Muts: 611 LostMuts: 0
Total Cells: 2704 Total Muts: 825
Jump Percentage: 0.9999999999999846 First Eig Val: -5.917491759454437e-17 First Gap: 5.715552884404348e-16 Largest Gap: 0.44513509707494414 Number of Clusters:3
start:1 iteration:0
CellsA: 1032 CellsB: 1178
MutsA: 214 MutsB: 611
Jump Percentage: 0.9999999999999671 First Eig Val: -1.0167195215663819e-16 First Gap: 3.806571752956472e-16 Largest Gap: 0.3889226515119551 Number of Clusters:3
adding tree to internal list:
Clonal Tree 0 
[(0, 1)] 
Loss Nodes:0
Node: 0 Cells: 1032 Muts: 214 LostMuts: 0
Node: 1 Cells: 1672 Muts: 611 LostMuts: 0
Total Cells: 2704 Total Muts: 825
Jump Percentage: 0.9999999999999911 First Eig Val: -2.6171600222967563e-16 First Gap: 2.4423478907046927e-16 Largest Gap: 0.4645847423786632 Number of Clusters:3
start:2 iteration:0
CellsA: 1032 CellsB: 1178
MutsA: 214 MutsB: 611
Jump Percentage: 0.9999999999999671 First Eig Val: -1.0167195215663819e-16 First Gap: 3.806571752956472e-16 Largest Gap: 0.3889226515119551 Number of Clusters:3
adding tree to internal list:
Clonal Tree 0 
[(0, 1)] 
Loss Nodes:0
Node: 0 Cells: 1032 Muts: 214 LostMuts: 0
Node: 1 Cells: 1672 Muts: 611 LostMuts: 0
Total Cells: 2704 Total Muts: 825
adding tree to candidate list:
Clonal Tree 0 
[(0, 1)] 
Loss Nodes:0
Node: 0 Cells: 1032 Muts: 214 LostMuts: 0
Node: 1 Cells: 1672 Muts: 611 LostMuts: 0
Total Cells: 2704 Total Muts: 825
Normalized Likelihood: -0.4587069434848917
Jump Percentage: 0.9999999999999958 First Eig Val: -1.7928295724225443e-16 First Gap: 6.609495984939785e-17 Largest Gap: 0.6011604322446128 Number of Clusters:2
start:0 iteration:0
CellsA: 347 CellsB: 685
MutsA: 92 MutsB: 733
Jump Percentage: 0.9999999999999948 First Eig Val: -7.942548610793543e-16 First Gap: 1.0226719314773972e-15 Largest Gap: 0.6863720179546202 Number of Clusters:2
Jump Percentage: 0.9999999999999902 First Eig Val: -3.6568757716771204e-16 First Gap: 4.2531917076831545e-16 Largest Gap: 0.5983152424055049 Number of Clusters:2
start:1 iteration:0
CellsA: 685 CellsB: 347
MutsA: 177 MutsB: 648
Jump Percentage: 0.9999999999999957 First Eig Val: -3.2554461546184233e-16 First Gap: 6.40281967044919e-16 Largest Gap: 0.5656790178276658 Number of Clusters:2
adding tree to internal list:
Clonal Tree 0 
[(0, 1)] 
Loss Nodes:0
Node: 0 Cells: 685 Muts: 177 LostMuts: 0
Node: 1 Cells: 2019 Muts: 648 LostMuts: 0
Total Cells: 2704 Total Muts: 825
Jump Percentage: 0.9999999999999895 First Eig Val: 1.4061495299006243e-16 First Gap: 3.7076672851540894e-16 Largest Gap: 0.5820573202216995 Number of Clusters:2
start:2 iteration:0
CellsA: 685 CellsB: 347
MutsA: 177 MutsB: 648
Jump Percentage: 0.9999999999999957 First Eig Val: -3.2554461546184233e-16 First Gap: 6.40281967044919e-16 Largest Gap: 0.5656790178276658 Number of Clusters:2
adding tree to internal list:
Clonal Tree 0 
[(0, 1)] 
Loss Nodes:0
Node: 0 Cells: 685 Muts: 177 LostMuts: 0
Node: 1 Cells: 2019 Muts: 648 LostMuts: 0
Total Cells: 2704 Total Muts: 825
adding tree to candidate list:
Clonal Tree 0 
[(0, 1)] 
Loss Nodes:0
Node: 0 Cells: 685 Muts: 177 LostMuts: 0
Node: 1 Cells: 2019 Muts: 648 LostMuts: 0
Total Cells: 2704 Total Muts: 825
Normalized Likelihood: -0.4819211003070768
Clonal Tree 0 
[(0, 1)] 
Loss Nodes:0
Node: 0 Cells: 2210 Muts: 494 LostMuts: 0
Node: 1 Cells: 494 Muts: 331 LostMuts: 0
Total Cells: 2704 Total Muts: 825
Normalized Likelihood: -0.6613202027466721
Clonal Tree 1 
[(0, 1)] 
Loss Nodes:0
Node: 0 Cells: 1032 Muts: 214 LostMuts: 0
Node: 1 Cells: 1672 Muts: 611 LostMuts: 0
Total Cells: 2704 Total Muts: 825
Normalized Likelihood: -0.4587069434848917
Clonal Tree 2 
[(0, 1)] 
Loss Nodes:0
Node: 0 Cells: 685 Muts: 177 LostMuts: 0
Node: 1 Cells: 2019 Muts: 648 LostMuts: 0
Total Cells: 2704 Total Muts: 825
Normalized Likelihood: -0.4819211003070768
linear split norm likelihood best tree
Clonal Tree 1 
[(0, 1)] 
Loss Nodes:0
Node: 0 Cells: 1032 Muts: 214 LostMuts: 0
Node: 1 Cells: 1672 Muts: 611 LostMuts: 0
Total Cells: 2704 Total Muts: 825
Sprouted tree:
Clonal Tree 1 
[(0, 1)] 
Loss Nodes:0
Node: 0 Cells: 1032 Muts: 214 LostMuts: 0
Node: 1 Cells: 1672 Muts: 611 LostMuts: 0
Total Cells: 2704 Total Muts: 825
Cells: 1672 Muts: 611 Ancestral Muts: 771 
Number of subproblems remaining: 5
Starting k-clonal tree inference for seed:
Cells: 1672 Muts: 611 Ancestral Muts: 771 
Sprouting seed:
Cells: 1672 Muts: 611 Ancestral Muts: 771 
Sprouting a branching tree from seed ...
(Generator(PCG64) at 0x7FD2559C6120,)
Jump Percentage: 0.9999999999999907 First Eig Val: -7.597508008800488e-17 First Gap: 2.564328347568901e-16 Largest Gap: 0.4911465857224195 Number of Clusters:2
CellsA: 494 CellsB: 1178
MutsA: 260 mutsB: 350
Jump Percentage: 0.9999999999999913 First Eig Val: -1.575414340247452e-16 First Gap: 3.223377474948495e-16 Largest Gap: 0.5049860979680552 Number of Clusters:2
Clonal Tree 0 
[(0, 1), (0, 2)] 
Loss Nodes:0
Node: 0 Cells: 0 Muts: 1 LostMuts: 0
Node: 1 Cells: 494 Muts: 260 LostMuts: 0
Node: 2 Cells: 1178 Muts: 350 LostMuts: 0
Total Cells: 1672 Total Muts: 611
Jump Percentage: 0.9999999999999756 First Eig Val: -5.257210526241219e-16 First Gap: 8.107453345784529e-17 Largest Gap: 0.4500061840493413 Number of Clusters:2
CellsA: 494 CellsB: 1178
MutsA: 260 mutsB: 350
Jump Percentage: 0.9999999999999913 First Eig Val: -1.575414340247452e-16 First Gap: 3.223377474948495e-16 Largest Gap: 0.5049860979680552 Number of Clusters:2
Clonal Tree 0 
[(0, 1), (0, 2)] 
Loss Nodes:0
Node: 0 Cells: 0 Muts: 1 LostMuts: 0
Node: 1 Cells: 494 Muts: 260 LostMuts: 0
Node: 2 Cells: 1178 Muts: 350 LostMuts: 0
Total Cells: 1672 Total Muts: 611
Jump Percentage: 0.9999999999999835 First Eig Val: -5.157281454909851e-16 First Gap: 6.11951766602473e-16 Largest Gap: 0.4817391853622518 Number of Clusters:2
CellsA: 1178 CellsB: 494
MutsA: 350 mutsB: 260
Jump Percentage: 0.9999999999999913 First Eig Val: -1.575414340247452e-16 First Gap: 3.223377474948495e-16 Largest Gap: 0.5049860979680552 Number of Clusters:2
Clonal Tree 0 
[(0, 1), (0, 2)] 
Loss Nodes:0
Node: 0 Cells: 0 Muts: 1 LostMuts: 0
Node: 1 Cells: 1178 Muts: 350 LostMuts: 0
Node: 2 Cells: 494 Muts: 260 LostMuts: 0
Total Cells: 1672 Total Muts: 611
Finding the maximum likelihood tree out of 3 trees....
Clonal Tree 0 
[(0, 1), (0, 2)] 
Loss Nodes:0
Node: 0 Cells: 0 Muts: 1 LostMuts: 0
Node: 1 Cells: 494 Muts: 260 LostMuts: 0
Node: 2 Cells: 1178 Muts: 350 LostMuts: 0
Total Cells: 1672 Total Muts: 611

Tree: 0 LogLikelihood: 1433252.6692073839
Variant LogLikelihood: -35115.74539872621 
RDR LogLikelihood: 1468368.4146061102

Clonal Tree 1 
[(0, 1), (0, 2)] 
Loss Nodes:0
Node: 0 Cells: 0 Muts: 1 LostMuts: 0
Node: 1 Cells: 494 Muts: 260 LostMuts: 0
Node: 2 Cells: 1178 Muts: 350 LostMuts: 0
Total Cells: 1672 Total Muts: 611

Tree: 1 LogLikelihood: 1433252.6692073839
Variant LogLikelihood: -35115.74539872621 
RDR LogLikelihood: 1468368.4146061102

Clonal Tree 2 
[(0, 1), (0, 2)] 
Loss Nodes:0
Node: 0 Cells: 0 Muts: 1 LostMuts: 0
Node: 1 Cells: 1178 Muts: 350 LostMuts: 0
Node: 2 Cells: 494 Muts: 260 LostMuts: 0
Total Cells: 1672 Total Muts: 611

Tree: 2 LogLikelihood: 1433252.6692073839
Variant LogLikelihood: -35115.74539872621 
RDR LogLikelihood: 1468368.4146061102

Sprouted tree:
Clonal Tree 0 
[(0, 1), (0, 2)] 
Loss Nodes:0
Node: 0 Cells: 0 Muts: 1 LostMuts: 0
Node: 1 Cells: 494 Muts: 260 LostMuts: 0
Node: 2 Cells: 1178 Muts: 350 LostMuts: 0
Total Cells: 1672 Total Muts: 611
Cells: 494 Muts: 260 Ancestral Muts: 772 
Cells: 1178 Muts: 350 Ancestral Muts: 772 
Sprouting seed:
Cells: 1672 Muts: 611 Ancestral Muts: 771 
Sprouting a linear tree from seed ...
Jump Percentage: 0.9999999999999467 First Eig Val: -1.932869990170202e-16 First Gap: 4.0239578397861575e-16 Largest Gap: 0.41520376171552653 Number of Clusters:2
start:0 iteration:0
CellsA: 1178 CellsB: 494
MutsA: 351 MutsB: 260
Jump Percentage: 0.9999999999999762 First Eig Val: 1.4915626355457874e-16 First Gap: 1.7054712103755737e-16 Largest Gap: 0.3579407026236597 Number of Clusters:2
adding tree to internal list:
Clonal Tree 0 
[(0, 1)] 
Loss Nodes:0
Node: 0 Cells: 1178 Muts: 351 LostMuts: 0
Node: 1 Cells: 494 Muts: 260 LostMuts: 0
Total Cells: 1672 Total Muts: 611
Jump Percentage: 0.9999999999999823 First Eig Val: -1.459855513080762e-16 First Gap: 9.591598386505065e-16 Largest Gap: 0.405516334172038 Number of Clusters:2
start:1 iteration:0
CellsA: 1178 CellsB: 494
MutsA: 351 MutsB: 260
Jump Percentage: 0.9999999999999762 First Eig Val: 1.4915626355457874e-16 First Gap: 1.7054712103755737e-16 Largest Gap: 0.3579407026236597 Number of Clusters:2
adding tree to internal list:
Clonal Tree 0 
[(0, 1)] 
Loss Nodes:0
Node: 0 Cells: 1178 Muts: 351 LostMuts: 0
Node: 1 Cells: 494 Muts: 260 LostMuts: 0
Total Cells: 1672 Total Muts: 611
Jump Percentage: 0.9999999999999829 First Eig Val: 3.0815749152164817e-16 First Gap: 4.25806449044808e-17 Largest Gap: 0.425865712532908 Number of Clusters:2
start:2 iteration:0
CellsA: 1178 CellsB: 494
MutsA: 351 MutsB: 260
Jump Percentage: 0.9999999999999762 First Eig Val: 1.4915626355457874e-16 First Gap: 1.7054712103755737e-16 Largest Gap: 0.3579407026236597 Number of Clusters:2
adding tree to internal list:
Clonal Tree 0 
[(0, 1)] 
Loss Nodes:0
Node: 0 Cells: 1178 Muts: 351 LostMuts: 0
Node: 1 Cells: 494 Muts: 260 LostMuts: 0
Total Cells: 1672 Total Muts: 611
adding tree to candidate list:
Clonal Tree 0 
[(0, 1)] 
Loss Nodes:0
Node: 0 Cells: 1178 Muts: 351 LostMuts: 0
Node: 1 Cells: 494 Muts: 260 LostMuts: 0
Total Cells: 1672 Total Muts: 611
Normalized Likelihood: -0.5570660101282754
Using SNV kernel only
Jump Percentage: 0.5457518664137831 First Eig Val: 2.0735418444723833e-16 First Gap: 0.693766834771773 Largest Gap: 0.693766834771773 Number of Clusters:1
start:0 iteration:0
CellsA: 1115 CellsB: 63
MutsA: 350 MutsB: 261
Using SNV kernel only
Jump Percentage: 0.9136480263235052 First Eig Val: 2.111806106154499e-15 First Gap: 0.9149907892491534 Largest Gap: 0.9149907892491534 Number of Clusters:1
start:0 iteration:1
CellsA: 1175 CellsB: 3
MutsA: 350 MutsB: 261
Using SNV kernel only
Jump Percentage: 0.9136480263235052 First Eig Val: 2.111806106154499e-15 First Gap: 0.9149907892491534 Largest Gap: 0.9149907892491534 Number of Clusters:1
Using SNV kernel only
Jump Percentage: 0.7043482273330527 First Eig Val: -2.018786554801516e-15 First Gap: 0.6998683162886139 Largest Gap: 0.6998683162886139 Number of Clusters:1
start:1 iteration:0
CellsA: 1167 CellsB: 11
MutsA: 351 MutsB: 260
Using SNV kernel only
Terminating cell clustering due to NANs in affinity matrix
Using SNV kernel only
Jump Percentage: 0.7906007725838089 First Eig Val: -2.5338324710049555e-15 First Gap: 0.6740125021951022 Largest Gap: 0.6740125021951022 Number of Clusters:1
start:2 iteration:0
CellsA: 1164 CellsB: 14
MutsA: 351 MutsB: 260
Using SNV kernel only
Terminating cell clustering due to NANs in affinity matrix
Clonal Tree 0 
[(0, 1)] 
Loss Nodes:0
Node: 0 Cells: 1178 Muts: 351 LostMuts: 0
Node: 1 Cells: 494 Muts: 260 LostMuts: 0
Total Cells: 1672 Total Muts: 611
Normalized Likelihood: -0.5570660101282754
linear split norm likelihood best tree
Clonal Tree 0 
[(0, 1)] 
Loss Nodes:0
Node: 0 Cells: 1178 Muts: 351 LostMuts: 0
Node: 1 Cells: 494 Muts: 260 LostMuts: 0
Total Cells: 1672 Total Muts: 611
Sprouted tree:
Clonal Tree 0 
[(0, 1)] 
Loss Nodes:0
Node: 0 Cells: 1178 Muts: 351 LostMuts: 0
Node: 1 Cells: 494 Muts: 260 LostMuts: 0
Total Cells: 1672 Total Muts: 611
Cells: 494 Muts: 260 Ancestral Muts: 1122 
Number of subproblems remaining: 7
Starting k-clonal tree inference for seed:
Cells: 1178 Muts: 350 Ancestral Muts: 772 
Sprouting seed:
Cells: 1178 Muts: 350 Ancestral Muts: 772 
Sprouting a branching tree from seed ...
(Generator(PCG64) at 0x7FD2559C6120,)
Sprouted tree:
None
<bound method Phertilizer.sprout_branching of <phertilizer.Phertilizer object at 0x7fd257207790>> invalid
Sprouting seed:
Cells: 1178 Muts: 350 Ancestral Muts: 772 
Sprouting a linear tree from seed ...
Using SNV kernel only
Jump Percentage: 0.2123498863331075 First Eig Val: -2.656295322589492e-16 First Gap: 0.18824488489511593 Largest Gap: 0.3722811498648545 Number of Clusters:3
start:0 iteration:0
CellsA: 366 CellsB: 812
MutsA: 173 MutsB: 177
Using SNV kernel only
Jump Percentage: 0.1954029963097631 First Eig Val: 1.5211356479971654e-16 First Gap: 0.16578268523018402 Largest Gap: 0.3561015310343993 Number of Clusters:3
start:0 iteration:1
CellsA: 402 CellsB: 776
MutsA: 173 MutsB: 177
Using SNV kernel only
Jump Percentage: 0.1954029963097631 First Eig Val: 1.5211356479971654e-16 First Gap: 0.16578268523018402 Largest Gap: 0.3561015310343993 Number of Clusters:3
Using SNV kernel only
Jump Percentage: 0.19359331021775023 First Eig Val: 9.575673587391995e-16 First Gap: 0.17230184693811576 Largest Gap: 0.39785750305611933 Number of Clusters:3
start:1 iteration:0
CellsA: 382 CellsB: 796
MutsA: 169 MutsB: 181
Using SNV kernel only
Jump Percentage: 0.15401709674380876 First Eig Val: -9.020562075079417e-17 First Gap: 0.16639860358711714 Largest Gap: 0.36370489539573136 Number of Clusters:3
start:1 iteration:1
CellsA: 407 CellsB: 771
MutsA: 168 MutsB: 182
Using SNV kernel only
Jump Percentage: 0.15441444624577488 First Eig Val: -3.157196726277796e-16 First Gap: 0.1664017663692052 Largest Gap: 0.36273233571647284 Number of Clusters:3
start:1 iteration:2
CellsA: 406 CellsB: 772
MutsA: 168 MutsB: 182
Using SNV kernel only
Jump Percentage: 0.15338737191439883 First Eig Val: 7.59808882477843e-16 First Gap: 0.16675408929344362 Largest Gap: 0.3622419557354125 Number of Clusters:3
start:1 iteration:3
CellsA: 407 CellsB: 771
MutsA: 168 MutsB: 182
Using SNV kernel only
Jump Percentage: 0.15338737191439883 First Eig Val: 7.59808882477843e-16 First Gap: 0.16675408929344362 Largest Gap: 0.3622419557354125 Number of Clusters:3
Using SNV kernel only
Jump Percentage: 0.15669517375933315 First Eig Val: 7.177282856582496e-16 First Gap: 0.18609144700758284 Largest Gap: 0.33592273314443455 Number of Clusters:3
start:2 iteration:0
CellsA: 827 CellsB: 351
MutsA: 330 MutsB: 20
Using SNV kernel only
Terminating cell clustering due to NANs in affinity matrix
Sprouted tree:
None
<bound method Phertilizer.sprout_linear of <phertilizer.Phertilizer object at 0x7fd257207790>> invalid
Number of subproblems remaining: 5
Starting k-clonal tree inference for seed:
Cells: 2210 Muts: 404 Ancestral Muts: 658 
Sprouting seed:
Cells: 2210 Muts: 404 Ancestral Muts: 658 
Sprouting a branching tree from seed ...
(Generator(PCG64) at 0x7FD2559C6120,)
Jump Percentage: 0.9999999999999556 First Eig Val: -3.5015599453782645e-16 First Gap: 4.3690343566980467e-16 Largest Gap: 0.18692070647960732 Number of Clusters:2
CellsA: 1178 CellsB: 1032
MutsA: 346 mutsB: 11
Jump Percentage: 0.99999999999997 First Eig Val: -3.2022223917261546e-16 First Gap: 3.0764780734677677e-16 Largest Gap: 0.18749506840154787 Number of Clusters:2
CellsA: 1178 CellsB: 1032
MutsA: 346 mutsB: 11
Jump Percentage: 0.9999999999999724 First Eig Val: -6.54696226904062e-16 First Gap: 6.193958676472509e-16 Largest Gap: 0.191471785229423 Number of Clusters:2
CellsA: 1178 CellsB: 1032
MutsA: 346 mutsB: 11
Sprouted tree:
None
<bound method Phertilizer.sprout_branching of <phertilizer.Phertilizer object at 0x7fd257207790>> invalid
Sprouting seed:
Cells: 2210 Muts: 404 Ancestral Muts: 658 
Sprouting a linear tree from seed ...
Jump Percentage: 0.999999999999984 First Eig Val: -6.606868772080756e-17 First Gap: 2.5926399962854257e-16 Largest Gap: 0.1955624605548445 Number of Clusters:2
start:0 iteration:0
CellsA: 1032 CellsB: 1178
MutsA: 58 MutsB: 346
Jump Percentage: 0.9999999999999706 First Eig Val: -1.1782774397834336e-15 First Gap: 1.923616355533385e-15 Largest Gap: 0.19677450900899418 Number of Clusters:5
Jump Percentage: 0.999999999999979 First Eig Val: -1.8818491632391288e-16 First Gap: 5.2709201099984854e-17 Largest Gap: 0.2369499389392878 Number of Clusters:4
start:1 iteration:0
CellsA: 1032 CellsB: 1178
MutsA: 58 MutsB: 346
Jump Percentage: 0.9999999999999706 First Eig Val: -1.1782774397834336e-15 First Gap: 1.923616355533385e-15 Largest Gap: 0.19677450900899418 Number of Clusters:5
Jump Percentage: 0.9999999999999885 First Eig Val: -5.710392500160858e-16 First Gap: 1.0225485118699047e-15 Largest Gap: 0.20233962791782079 Number of Clusters:7
start:2 iteration:0
CellsA: 1032 CellsB: 1178
MutsA: 58 MutsB: 346
Jump Percentage: 0.9999999999999706 First Eig Val: -1.1782774397834336e-15 First Gap: 1.923616355533385e-15 Largest Gap: 0.19677450900899418 Number of Clusters:5
Sprouted tree:
None
<bound method Phertilizer.sprout_linear of <phertilizer.Phertilizer object at 0x7fd257207790>> invalid
Number of subproblems remaining: 3
Starting k-clonal tree inference for seed:
Cells: 4263 Muts: 560 Ancestral Muts: 285 
Sprouting seed:
Cells: 4263 Muts: 560 Ancestral Muts: 285 
Sprouting a branching tree from seed ...
(Generator(PCG64) at 0x7FD2559C6120,)
Jump Percentage: 0.9999999999999024 First Eig Val: 1.046284401595929e-16 First Gap: 8.99716058259301e-16 Largest Gap: 0.35109489660513554 Number of Clusters:3
CellsA: 3085 CellsB: 1178
MutsA: 13 mutsB: 215
Jump Percentage: 0.9999999999999893 First Eig Val: -5.450224026599457e-16 First Gap: 6.571805794977591e-17 Largest Gap: 0.36897637099494096 Number of Clusters:3
CellsA: 1178 CellsB: 3085
MutsA: 215 mutsB: 13
Jump Percentage: 0.9999999999999569 First Eig Val: -5.513414771168452e-17 First Gap: 1.2816253762495816e-16 Largest Gap: 0.3432523451804915 Number of Clusters:3
CellsA: 3085 CellsB: 1178
MutsA: 13 mutsB: 215
Sprouted tree:
None
<bound method Phertilizer.sprout_branching of <phertilizer.Phertilizer object at 0x7fd257207790>> invalid
Sprouting seed:
Cells: 4263 Muts: 560 Ancestral Muts: 285 
Sprouting a linear tree from seed ...
Jump Percentage: 0.9999999999999646 First Eig Val: -1.3429811914668434e-15 First Gap: 1.1093990503766604e-15 Largest Gap: 0.21814288141079752 Number of Clusters:3
start:0 iteration:0
CellsA: 3085 CellsB: 1178
MutsA: 345 MutsB: 215
Jump Percentage: 0.9999999999999778 First Eig Val: -4.345978603958076e-16 First Gap: 4.1578516033963354e-16 Largest Gap: 0.31877126184702126 Number of Clusters:5
adding tree to internal list:
Clonal Tree 0 
[(0, 1)] 
Loss Nodes:0
Node: 0 Cells: 3085 Muts: 345 LostMuts: 0
Node: 1 Cells: 1178 Muts: 215 LostMuts: 0
Total Cells: 4263 Total Muts: 560
Jump Percentage: 0.999999999999971 First Eig Val: -2.0727212152581718e-16 First Gap: 3.2938304841744216e-16 Largest Gap: 0.2055334257818876 Number of Clusters:3
start:1 iteration:0
CellsA: 3085 CellsB: 1178
MutsA: 345 MutsB: 215
Jump Percentage: 0.9999999999999778 First Eig Val: -4.345978603958076e-16 First Gap: 4.1578516033963354e-16 Largest Gap: 0.31877126184702126 Number of Clusters:5
adding tree to internal list:
Clonal Tree 0 
[(0, 1)] 
Loss Nodes:0
Node: 0 Cells: 3085 Muts: 345 LostMuts: 0
Node: 1 Cells: 1178 Muts: 215 LostMuts: 0
Total Cells: 4263 Total Muts: 560
Jump Percentage: 0.9999999999999554 First Eig Val: 3.2882276440906344e-16 First Gap: 2.4268169447743376e-16 Largest Gap: 0.2158121679391103 Number of Clusters:7
start:2 iteration:0
CellsA: 3085 CellsB: 1178
MutsA: 345 MutsB: 215
Jump Percentage: 0.9999999999999778 First Eig Val: -4.345978603958076e-16 First Gap: 4.1578516033963354e-16 Largest Gap: 0.31877126184702126 Number of Clusters:5
adding tree to internal list:
Clonal Tree 0 
[(0, 1)] 
Loss Nodes:0
Node: 0 Cells: 3085 Muts: 345 LostMuts: 0
Node: 1 Cells: 1178 Muts: 215 LostMuts: 0
Total Cells: 4263 Total Muts: 560
adding tree to candidate list:
Clonal Tree 0 
[(0, 1)] 
Loss Nodes:0
Node: 0 Cells: 3085 Muts: 345 LostMuts: 0
Node: 1 Cells: 1178 Muts: 215 LostMuts: 0
Total Cells: 4263 Total Muts: 560
Normalized Likelihood: -0.5812121815127924
Jump Percentage: 0.9999999999999782 First Eig Val: -1.2314453229113623e-15 First Gap: 1.209102910372158e-15 Largest Gap: 0.5387018768825362 Number of Clusters:2
start:0 iteration:0
CellsA: 685 CellsB: 2400
MutsA: 110 MutsB: 450
Jump Percentage: 0.9999999999999714 First Eig Val: -1.8195220639098077e-15 First Gap: 1.6250708681935326e-15 Largest Gap: 0.47823585098487875 Number of Clusters:2
Jump Percentage: 0.9999999999999761 First Eig Val: 1.475960580377616e-17 First Gap: 3.3548865376666567e-16 Largest Gap: 0.5494239504064141 Number of Clusters:2
start:1 iteration:0
CellsA: 685 CellsB: 2400
MutsA: 110 MutsB: 450
Jump Percentage: 0.9999999999999714 First Eig Val: -1.8195220639098077e-15 First Gap: 1.6250708681935326e-15 Largest Gap: 0.47823585098487875 Number of Clusters:2
Jump Percentage: 0.9999999999999768 First Eig Val: -3.485249755066235e-16 First Gap: 9.02891927531597e-16 Largest Gap: 0.5383810986774995 Number of Clusters:2
start:2 iteration:0
CellsA: 685 CellsB: 2400
MutsA: 110 MutsB: 450
Jump Percentage: 0.9999999999999714 First Eig Val: -1.8195220639098077e-15 First Gap: 1.6250708681935326e-15 Largest Gap: 0.47823585098487875 Number of Clusters:2
Clonal Tree 0 
[(0, 1)] 
Loss Nodes:0
Node: 0 Cells: 3085 Muts: 345 LostMuts: 0
Node: 1 Cells: 1178 Muts: 215 LostMuts: 0
Total Cells: 4263 Total Muts: 560
Normalized Likelihood: -0.5812121815127924
linear split norm likelihood best tree
Clonal Tree 0 
[(0, 1)] 
Loss Nodes:0
Node: 0 Cells: 3085 Muts: 345 LostMuts: 0
Node: 1 Cells: 1178 Muts: 215 LostMuts: 0
Total Cells: 4263 Total Muts: 560
Sprouted tree:
Clonal Tree 0 
[(0, 1)] 
Loss Nodes:0
Node: 0 Cells: 3085 Muts: 345 LostMuts: 0
Node: 1 Cells: 1178 Muts: 215 LostMuts: 0
Total Cells: 4263 Total Muts: 560
Cells: 1178 Muts: 215 Ancestral Muts: 630 
Number of subproblems remaining: 1
func:'planting' args:[(<phertilizer.Phertilizer object at 0x7fd257207790>, deque([])), {}] took: 2355.8785 sec
Planting phase complete!

Starting grow phase....
Clonal Tree 0 
[(0, 1), (0, 2)] 
Loss Nodes:0
Node: 0 Cells: 0 Muts: 285 LostMuts: 0
Node: 1 Cells: 4263 Muts: 560 LostMuts: 0
Node: 2 Cells: 494 Muts: 537 LostMuts: 0
Total Cells: 4757 Total Muts: 1382
Clonal Tree 0 
[(0, 1)] 
Loss Nodes:0
Node: 0 Cells: 3085 Muts: 345 LostMuts: 0
Node: 1 Cells: 1178 Muts: 215 LostMuts: 0
Total Cells: 4263 Total Muts: 560
1382
1382
1382
Clonal Tree 0 
[(0, 2), (0, 3), (3, 4)] 
Loss Nodes:0
Node: 0 Cells: 0 Muts: 285 LostMuts: 0
Node: 2 Cells: 494 Muts: 537 LostMuts: 0
Node: 3 Cells: 3085 Muts: 345 LostMuts: 0
Node: 4 Cells: 1178 Muts: 215 LostMuts: 0
Total Cells: 4757 Total Muts: 1382
Clonal Tree 0 
[(0, 2), (0, 3), (3, 4)] 
Loss Nodes:0
Node: 0 Cells: 0 Muts: 285 LostMuts: 0
Node: 2 Cells: 494 Muts: 537 LostMuts: 0
Node: 3 Cells: 3085 Muts: 345 LostMuts: 0
Node: 4 Cells: 1178 Muts: 215 LostMuts: 0
Total Cells: 4757 Total Muts: 1382
Clonal Tree 2 
[(0, 1)] 
Loss Nodes:0
Node: 0 Cells: 2053 Muts: 557 LostMuts: 0
Node: 1 Cells: 2704 Muts: 825 LostMuts: 0
Total Cells: 4757 Total Muts: 1382
Clonal Tree 0 
[(0, 1), (0, 2)] 
Loss Nodes:0
Node: 0 Cells: 0 Muts: 101 LostMuts: 0
Node: 1 Cells: 494 Muts: 320 LostMuts: 0
Node: 2 Cells: 2210 Muts: 404 LostMuts: 0
Total Cells: 2704 Total Muts: 825
1382
1382
1382
Clonal Tree 2 
[(0, 1), (1, 2), (1, 3)] 
Loss Nodes:0
Node: 0 Cells: 2053 Muts: 557 LostMuts: 0
Node: 1 Cells: 0 Muts: 101 LostMuts: 0
Node: 2 Cells: 494 Muts: 320 LostMuts: 0
Node: 3 Cells: 2210 Muts: 404 LostMuts: 0
Total Cells: 4757 Total Muts: 1382
Clonal Tree 2 
[(0, 1), (1, 2), (1, 3)] 
Loss Nodes:0
Node: 0 Cells: 2053 Muts: 557 LostMuts: 0
Node: 1 Cells: 0 Muts: 101 LostMuts: 0
Node: 2 Cells: 494 Muts: 320 LostMuts: 0
Node: 3 Cells: 2210 Muts: 404 LostMuts: 0
Total Cells: 4757 Total Muts: 1382
Clonal Tree 2 
[(0, 1)] 
Loss Nodes:0
Node: 0 Cells: 2053 Muts: 557 LostMuts: 0
Node: 1 Cells: 2704 Muts: 825 LostMuts: 0
Total Cells: 4757 Total Muts: 1382
Clonal Tree 1 
[(0, 1)] 
Loss Nodes:0
Node: 0 Cells: 1032 Muts: 214 LostMuts: 0
Node: 1 Cells: 1672 Muts: 611 LostMuts: 0
Total Cells: 2704 Total Muts: 825
1382
1382
1382
Clonal Tree 2 
[(0, 1), (1, 2)] 
Loss Nodes:0
Node: 0 Cells: 2053 Muts: 557 LostMuts: 0
Node: 1 Cells: 1032 Muts: 214 LostMuts: 0
Node: 2 Cells: 1672 Muts: 611 LostMuts: 0
Total Cells: 4757 Total Muts: 1382
Clonal Tree 2 
[(0, 1), (1, 2)] 
Loss Nodes:0
Node: 0 Cells: 2053 Muts: 557 LostMuts: 0
Node: 1 Cells: 1032 Muts: 214 LostMuts: 0
Node: 2 Cells: 1672 Muts: 611 LostMuts: 0
Total Cells: 4757 Total Muts: 1382
Clonal Tree 4 
[(0, 1), (1, 2)] 
Loss Nodes:0
Node: 0 Cells: 2053 Muts: 557 LostMuts: 0
Node: 1 Cells: 1032 Muts: 214 LostMuts: 0
Node: 2 Cells: 1672 Muts: 611 LostMuts: 0
Total Cells: 4757 Total Muts: 1382
Clonal Tree 0 
[(0, 1), (0, 2)] 
Loss Nodes:0
Node: 0 Cells: 0 Muts: 1 LostMuts: 0
Node: 1 Cells: 494 Muts: 260 LostMuts: 0
Node: 2 Cells: 1178 Muts: 350 LostMuts: 0
Total Cells: 1672 Total Muts: 611
1382
1382
1382
Clonal Tree 4 
[(0, 1), (1, 2), (2, 3), (2, 4)] 
Loss Nodes:0
Node: 0 Cells: 2053 Muts: 557 LostMuts: 0
Node: 1 Cells: 1032 Muts: 214 LostMuts: 0
Node: 2 Cells: 0 Muts: 1 LostMuts: 0
Node: 3 Cells: 494 Muts: 260 LostMuts: 0
Node: 4 Cells: 1178 Muts: 350 LostMuts: 0
Total Cells: 4757 Total Muts: 1382
Clonal Tree 4 
[(0, 1), (1, 2), (2, 3), (2, 4)] 
Loss Nodes:0
Node: 0 Cells: 2053 Muts: 557 LostMuts: 0
Node: 1 Cells: 1032 Muts: 214 LostMuts: 0
Node: 2 Cells: 0 Muts: 1 LostMuts: 0
Node: 3 Cells: 494 Muts: 260 LostMuts: 0
Node: 4 Cells: 1178 Muts: 350 LostMuts: 0
Total Cells: 4757 Total Muts: 1382
Clonal Tree 4 
[(0, 1), (1, 2)] 
Loss Nodes:0
Node: 0 Cells: 2053 Muts: 557 LostMuts: 0
Node: 1 Cells: 1032 Muts: 214 LostMuts: 0
Node: 2 Cells: 1672 Muts: 611 LostMuts: 0
Total Cells: 4757 Total Muts: 1382
Clonal Tree 0 
[(0, 1)] 
Loss Nodes:0
Node: 0 Cells: 1178 Muts: 351 LostMuts: 0
Node: 1 Cells: 494 Muts: 260 LostMuts: 0
Total Cells: 1672 Total Muts: 611
1382
1382
1382
Clonal Tree 4 
[(0, 1), (1, 2), (2, 3)] 
Loss Nodes:0
Node: 0 Cells: 2053 Muts: 557 LostMuts: 0
Node: 1 Cells: 1032 Muts: 214 LostMuts: 0
Node: 2 Cells: 1178 Muts: 351 LostMuts: 0
Node: 3 Cells: 494 Muts: 260 LostMuts: 0
Total Cells: 4757 Total Muts: 1382
Clonal Tree 4 
[(0, 1), (1, 2), (2, 3)] 
Loss Nodes:0
Node: 0 Cells: 2053 Muts: 557 LostMuts: 0
Node: 1 Cells: 1032 Muts: 214 LostMuts: 0
Node: 2 Cells: 1178 Muts: 351 LostMuts: 0
Node: 3 Cells: 494 Muts: 260 LostMuts: 0
Total Cells: 4757 Total Muts: 1382
func:'grow' args:[(<phertilizer.Phertilizer object at 0x7fd257207790>,), {}] took: 0.0217 sec
Growing phase complete!

Identifying the maximum likelihood k-clonal tree....
Finding the maximum likelihood tree out of 7 trees....
Clonal Tree 0 
[(0, 1), (0, 2)] 
Loss Nodes:0
Node: 0 Cells: 0 Muts: 285 LostMuts: 0
Node: 1 Cells: 4263 Muts: 560 LostMuts: 0
Node: 2 Cells: 494 Muts: 537 LostMuts: 0
Total Cells: 4757 Total Muts: 1382

Tree: 0 LogLikelihood: 4843557.706552164
Variant LogLikelihood: -46768.820231533704 
RDR LogLikelihood: 4890326.526783697

Clonal Tree 1 
[(0, 2), (0, 3), (3, 4)] 
Loss Nodes:0
Node: 0 Cells: 0 Muts: 285 LostMuts: 0
Node: 2 Cells: 494 Muts: 537 LostMuts: 0
Node: 3 Cells: 3085 Muts: 345 LostMuts: 0
Node: 4 Cells: 1178 Muts: 215 LostMuts: 0
Total Cells: 4757 Total Muts: 1382

Tree: 1 LogLikelihood: 5479101.171217216
Variant LogLikelihood: -39199.77910261819 
RDR LogLikelihood: 5518300.950319834

Clonal Tree 2 
[(0, 1)] 
Loss Nodes:0
Node: 0 Cells: 2053 Muts: 557 LostMuts: 0
Node: 1 Cells: 2704 Muts: 825 LostMuts: 0
Total Cells: 4757 Total Muts: 1382

Tree: 2 LogLikelihood: 4999481.94970903
Variant LogLikelihood: -49741.44049721134 
RDR LogLikelihood: 5049223.390206241

Clonal Tree 3 
[(0, 1), (1, 2), (1, 3)] 
Loss Nodes:0
Node: 0 Cells: 2053 Muts: 557 LostMuts: 0
Node: 1 Cells: 0 Muts: 101 LostMuts: 0
Node: 2 Cells: 494 Muts: 320 LostMuts: 0
Node: 3 Cells: 2210 Muts: 404 LostMuts: 0
Total Cells: 4757 Total Muts: 1382

Tree: 3 LogLikelihood: 5366299.0986508485
Variant LogLikelihood: -40511.81597526872 
RDR LogLikelihood: 5406810.914626118

Clonal Tree 4 
[(0, 1), (1, 2)] 
Loss Nodes:0
Node: 0 Cells: 2053 Muts: 557 LostMuts: 0
Node: 1 Cells: 1032 Muts: 214 LostMuts: 0
Node: 2 Cells: 1672 Muts: 611 LostMuts: 0
Total Cells: 4757 Total Muts: 1382

Tree: 4 LogLikelihood: 5231388.4801832065
Variant LogLikelihood: -41827.266787404886 
RDR LogLikelihood: 5273215.746970611

Clonal Tree 5 
[(0, 1), (1, 2), (2, 3), (2, 4)] 
Loss Nodes:0
Node: 0 Cells: 2053 Muts: 557 LostMuts: 0
Node: 1 Cells: 1032 Muts: 214 LostMuts: 0
Node: 2 Cells: 0 Muts: 1 LostMuts: 0
Node: 3 Cells: 494 Muts: 260 LostMuts: 0
Node: 4 Cells: 1178 Muts: 350 LostMuts: 0
Total Cells: 4757 Total Muts: 1382

Tree: 5 LogLikelihood: 5824738.206412811
Variant LogLikelihood: -37481.310624791164 
RDR LogLikelihood: 5862219.517037602

Clonal Tree 6 
[(0, 1), (1, 2), (2, 3)] 
Loss Nodes:0
Node: 0 Cells: 2053 Muts: 557 LostMuts: 0
Node: 1 Cells: 1032 Muts: 214 LostMuts: 0
Node: 2 Cells: 1178 Muts: 351 LostMuts: 0
Node: 3 Cells: 494 Muts: 260 LostMuts: 0
Total Cells: 4757 Total Muts: 1382

Tree: 6 LogLikelihood: 5822347.608318972
Variant LogLikelihood: -39871.90871863024 
RDR LogLikelihood: 5862219.517037602

\Phertilizer Tree....
Clonal Tree 5 
[(0, 1), (1, 2), (2, 3), (2, 4)] 
Loss Nodes:0
Node: 0 Cells: 2053 Muts: 557 LostMuts: 0
Node: 1 Cells: 1032 Muts: 214 LostMuts: 0
Node: 2 Cells: 0 Muts: 1 LostMuts: 0
Node: 3 Cells: 494 Muts: 260 LostMuts: 0
Node: 4 Cells: 1178 Muts: 350 LostMuts: 0
Total Cells: 4757 Total Muts: 1382
Saving files.....
Thanks for planting a tree! See you later, friend.
