/scratch/data/leah/phertilizer/src/branching_split.py:108: RuntimeWarning: invalid value encountered in true_divide
  tmb = mut_var_count_by_cell/mut_total_reads_by_cell
/scratch/data/leah/phertilizer/src/branching_split.py:108: RuntimeWarning: invalid value encountered in true_divide
  tmb = mut_var_count_by_cell/mut_total_reads_by_cell
/scratch/data/leah/phertilizer/src/branching_split.py:108: RuntimeWarning: invalid value encountered in true_divide
  tmb = mut_var_count_by_cell/mut_total_reads_by_cell
INFO:root:Mb Count a: 3.3632075471698113 Mb Count b: 8.064846416382252
INFO:root:Mb Count a: 1.1058700209643606 Mb Count b: 8.150170648464163
INFO:root:Mb Count a: 3.311844863731656 Mb Count b: 8.156996587030717
INFO:root:Mb Count a: 1.1058700209643606 Mb Count b: 8.150170648464163
INFO:root:Mb Count a: 3.300314465408805 Mb Count b: 8.017064846416382
INFO:root:Mb Count a: 1.1058700209643606 Mb Count b: 8.150170648464163
INFO:root:Mb Count a: 1.4892672094744634 Mb Count b: 3.9461400359066428
INFO:root:Mb Count a: 0.17986676535899335 Mb Count b: 5.3249551166965885
INFO:root:Mb Count a: 1.389341228719467 Mb Count b: 4.0359066427289045
INFO:root:Mb Count a: 0.17986676535899335 Mb Count b: 5.3249551166965885
INFO:root:Mb Count a: 1.4219096965210956 Mb Count b: 4.066427289048474
INFO:root:Mb Count a: 0.17986676535899335 Mb Count b: 5.3249551166965885
INFO:root:Mb Count a: 4.225921521997622 Mb Count b: 5.550980392156863
INFO:root:Mb Count a: 0.04994054696789536 Mb Count b: 3.1784313725490194
INFO:root:Mb Count a: 4.393579072532699 Mb Count b: 5.7
INFO:root:Mb Count a: 0.04994054696789536 Mb Count b: 3.1784313725490194
INFO:root:Mb Count a: 4.429250891795482 Mb Count b: 5.7745098039215685
INFO:root:Mb Count a: 0.04994054696789536 Mb Count b: 3.1784313725490194
/scratch/data/leah/phertilizer/src/linear_split.py:107: RuntimeWarning: invalid value encountered in true_divide
  vaf = binary_counts/binary_tcounts
INFO:root:Mb Count a: 3.5667189952904237 Mb Count b: 6.514705882352941
INFO:root:Mb Count a: 0.0 Mb Count b: 1.32
INFO:root:Mb Count a: 0.0 Mb Count b: 1.48125
INFO:root:Mb Count a: 0.0 Mb Count b: 1.5093167701863355
INFO:root:Mb Count a: 0.0 Mb Count b: 1.5217391304347827
/scratch/data/leah/phertilizer/src/linear_split.py:107: RuntimeWarning: invalid value encountered in true_divide
  vaf = binary_counts/binary_tcounts
INFO:root:Mb Count a: 2.913793103448276 Mb Count b: 5.641909814323608
INFO:root:Mb Count a: 0.0 Mb Count b: 1.9400630914826498
INFO:root:Mb Count a: 0.4324693042291951 Mb Count b: 3.3518518518518516
INFO:root:Mb Count a: 0.11475409836065574 Mb Count b: 2.375
INFO:root:Mb Count a: 0.07133917396745933 Mb Count b: 2.142857142857143
INFO:root:Mb Count a: 0.0 Mb Count b: 1.4946236559139785
INFO:root:Mb Count a: 0.0 Mb Count b: 1.5894736842105264
INFO:root:Mb Count a: 0.0 Mb Count b: 1.5894736842105264
/scratch/data/leah/phertilizer/src/linear_split.py:107: RuntimeWarning: invalid value encountered in true_divide
  vaf = binary_counts/binary_tcounts
INFO:root:Mb Count a: 3.4057971014492754 Mb Count b: 6.377272727272727
INFO:root:Mb Count a: 0.0 Mb Count b: 1.4034090909090908
INFO:root:Mb Count a: 0.17223650385604114 Mb Count b: 2.5555555555555554
INFO:root:Mb Count a: 0.08668341708542714 Mb Count b: 2.511111111111111
INFO:root:Mb Count a: 0.07338308457711443 Mb Count b: 2.4864864864864864
INFO:root:Mb Count a: 0.06575682382133995 Mb Count b: 2.4571428571428573
INFO:root:Mb Count a: 0.06435643564356436 Mb Count b: 2.4545454545454546
INFO:root:Mb Count a: 0.06064356435643564 Mb Count b: 2.4242424242424243
/scratch/data/leah/phertilizer/src/linear_split.py:107: RuntimeWarning: invalid value encountered in true_divide
  vaf = binary_counts/binary_tcounts
INFO:root:Mb Count a: 2.7302798982188294 Mb Count b: 5.469879518072289
INFO:root:Mb Count a: 0.2549019607843137 Mb Count b: 2.7408906882591095
INFO:root:Mb Count a: 0.21253822629969418 Mb Count b: 2.512987012987013
INFO:root:Mb Count a: 0.1311706629055007 Mb Count b: 2.2525252525252526
INFO:root:Mb Count a: 0.13642384105960265 Mb Count b: 2.2641509433962264
INFO:root:Mb Count a: 0.08645161290322581 Mb Count b: 2.1818181818181817
INFO:root:Mb Count a: 0.08439897698209718 Mb Count b: 2.1923076923076925
INFO:root:Mb Count a: 0.07672634271099744 Mb Count b: 2.1923076923076925
/scratch/data/leah/phertilizer/src/linear_split.py:107: RuntimeWarning: invalid value encountered in true_divide
  vaf = binary_counts/binary_tcounts
INFO:root:Mb Count a: 2.874031007751938 Mb Count b: 5.589041095890411
INFO:root:Mb Count a: 0.2112676056338028 Mb Count b: 2.479591836734694
INFO:root:Mb Count a: 0.1049136786188579 Mb Count b: 2.036363636363636
INFO:root:Mb Count a: 0.07329842931937172 Mb Count b: 1.9318181818181819
INFO:root:Mb Count a: 0.07392996108949416 Mb Count b: 1.8918918918918919
INFO:root:Mb Count a: 0.07335907335907337 Mb Count b: 1.8064516129032258
INFO:root:Mb Count a: 0.06282051282051282 Mb Count b: 1.8214285714285714
INFO:root:Mb Count a: 0.06282051282051282 Mb Count b: 1.8214285714285714
/scratch/data/leah/phertilizer/src/linear_split.py:107: RuntimeWarning: invalid value encountered in true_divide
  vaf = binary_counts/binary_tcounts
INFO:root:Mb Count a: 3.303703703703704 Mb Count b: 6.17910447761194
INFO:root:Mb Count a: 0.0 Mb Count b: 1.4641350210970465
INFO:root:Mb Count a: 0.0 Mb Count b: 1.5555555555555556
INFO:root:Mb Count a: 0.0 Mb Count b: 1.5925925925925926
/scratch/data/leah/phertilizer/src/linear_split.py:107: RuntimeWarning: invalid value encountered in true_divide
  vaf = binary_counts/binary_tcounts
INFO:root:Mb Count a: 2.5768115942028986 Mb Count b: 5.432494279176201
INFO:root:Mb Count a: 0.21428571428571427 Mb Count b: 2.953125
INFO:root:Mb Count a: 0.34991423670668953 Mb Count b: 3.0351758793969847
INFO:root:Mb Count a: 0.21810089020771514 Mb Count b: 2.611111111111111
INFO:root:Mb Count a: 0.10875706214689265 Mb Count b: 2.364864864864865
INFO:root:Mb Count a: 0.09766162310866575 Mb Count b: 2.2545454545454544
INFO:root:Mb Count a: 0.08783783783783784 Mb Count b: 2.2142857142857144
INFO:root:Mb Count a: 0.07908847184986595 Mb Count b: 2.1666666666666665
INFO:root:Mb Count a: 0.07476635514018691 Mb Count b: 2.1818181818181817
INFO:root:Mb Count a: 0.07733333333333334 Mb Count b: 2.15625
/scratch/data/leah/phertilizer/src/linear_split.py:107: RuntimeWarning: invalid value encountered in true_divide
  vaf = binary_counts/binary_tcounts
INFO:root:Mb Count a: 3.061946902654867 Mb Count b: 6.072727272727272
INFO:root:Mb Count a: 0.0 Mb Count b: 1.9119718309859155
INFO:root:Mb Count a: 0.0 Mb Count b: 2.006779661016949
INFO:root:Mb Count a: 0.0 Mb Count b: 2.0372881355932204
/scratch/data/leah/phertilizer/src/linear_split.py:107: RuntimeWarning: invalid value encountered in true_divide
  vaf = binary_counts/binary_tcounts
INFO:root:Mb Count a: 2.559077809798271 Mb Count b: 5.314942528735632
INFO:root:Mb Count a: 0.2624254473161034 Mb Count b: 2.867383512544803
INFO:root:Mb Count a: 0.1381118881118881 Mb Count b: 2.657142857142857
INFO:root:Mb Count a: 0.09484193011647254 Mb Count b: 2.4419889502762433
INFO:root:Mb Count a: 0.10618066561014262 Mb Count b: 2.4900662251655628
INFO:root:Mb Count a: 0.08850931677018634 Mb Count b: 2.5144927536231885
INFO:root:Mb Count a: 0.07858243451463791 Mb Count b: 2.406015037593985
INFO:root:Mb Count a: 0.07492354740061162 Mb Count b: 2.390625
INFO:root:Mb Count a: 0.0730593607305936 Mb Count b: 2.352
INFO:root:Mb Count a: 0.06838905775075987 Mb Count b: 2.3225806451612905
/scratch/data/leah/phertilizer/src/linear_split.py:107: RuntimeWarning: invalid value encountered in true_divide
  vaf = binary_counts/binary_tcounts
INFO:root:Mb Count a: 2.417293233082707 Mb Count b: 5.276859504132231
INFO:root:Mb Count a: 0.22135416666666666 Mb Count b: 3.2295081967213113
INFO:root:Mb Count a: 0.10023866348448687 Mb Count b: 3.084592145015106
INFO:root:Mb Count a: 0.07077625570776255 Mb Count b: 3.0288461538461537
INFO:root:Mb Count a: 0.049217002237136466 Mb Count b: 2.943894389438944
INFO:root:Mb Count a: 0.04185022026431718 Mb Count b: 2.939189189189189
INFO:root:Mb Count a: 0.0 Mb Count b: 2.825806451612903
INFO:root:Mb Count a: 0.0 Mb Count b: 2.870967741935484
/scratch/data/leah/phertilizer/src/linear_split.py:107: RuntimeWarning: invalid value encountered in true_divide
  vaf = binary_counts/binary_tcounts
INFO:root:Mb Count a: 2.1340579710144927 Mb Count b: 5.120253164556962
INFO:root:Mb Count a: 0.0 Mb Count b: 2.9802631578947367
INFO:root:Mb Count a: 0.0 Mb Count b: 3.0393873085339167
INFO:root:Mb Count a: 0.0 Mb Count b: 3.0590809628008753
/scratch/data/leah/phertilizer/src/linear_split.py:107: RuntimeWarning: invalid value encountered in true_divide
  vaf = binary_counts/binary_tcounts
INFO:root:Mb Count a: 2.711484593837535 Mb Count b: 5.582697201017812
INFO:root:Mb Count a: 0.24497991967871485 Mb Count b: 2.9761904761904763
INFO:root:Mb Count a: 0.32682926829268294 Mb Count b: 3.140740740740741
INFO:root:Mb Count a: 0.18405797101449275 Mb Count b: 2.6
INFO:root:Mb Count a: 0.11772853185595568 Mb Count b: 2.4285714285714284
INFO:root:Mb Count a: 0.0 Mb Count b: 1.2025316455696202
INFO:root:Mb Count a: 0.0 Mb Count b: 1.3414634146341464
INFO:root:Mb Count a: 0.0 Mb Count b: 1.3414634146341464
/scratch/data/leah/phertilizer/src/linear_split.py:107: RuntimeWarning: invalid value encountered in true_divide
  vaf = binary_counts/binary_tcounts
INFO:root:Mb Count a: 3.128146453089245 Mb Count b: 5.848484848484849
INFO:root:Mb Count a: 0.0 Mb Count b: 1.6214689265536724
INFO:root:Mb Count a: 0.14659685863874344 Mb Count b: 2.357894736842105
INFO:root:Mb Count a: 0.04950495049504951 Mb Count b: 2.1451612903225805
INFO:root:Mb Count a: 0.038523274478330656 Mb Count b: 2.0444444444444443
INFO:root:Mb Count a: 0.017488076311605722 Mb Count b: 1.8974358974358974
INFO:root:Mb Count a: 0.014218009478672985 Mb Count b: 1.8
INFO:root:Mb Count a: 0.0141287284144427 Mb Count b: 1.7741935483870968
INFO:root:Mb Count a: 0.0125 Mb Count b: 1.75
INFO:root:Mb Count a: 0.009345794392523364 Mb Count b: 1.7307692307692308
/scratch/data/leah/phertilizer/src/linear_split.py:107: RuntimeWarning: invalid value encountered in true_divide
  vaf = binary_counts/binary_tcounts
INFO:root:Mb Count a: 2.9954337899543377 Mb Count b: 5.804347826086956
INFO:root:Mb Count a: 0.1717687074829932 Mb Count b: 2.45
INFO:root:Mb Count a: 0.05591054313099041 Mb Count b: 2.1904761904761907
INFO:root:Mb Count a: 0.023622047244094488 Mb Count b: 2.0
INFO:root:Mb Count a: 0.0171606864274571 Mb Count b: 1.962962962962963
INFO:root:Mb Count a: 0.012422360248447204 Mb Count b: 1.9166666666666667
INFO:root:Mb Count a: 0.013910355486862442 Mb Count b: 1.9047619047619047
INFO:root:Mb Count a: 0.00927357032457496 Mb Count b: 1.8571428571428572
/scratch/data/leah/phertilizer/src/linear_split.py:107: RuntimeWarning: invalid value encountered in true_divide
  vaf = binary_counts/binary_tcounts
INFO:root:Mb Count a: 2.4808917197452227 Mb Count b: 5.38135593220339
INFO:root:Mb Count a: 0.19811320754716982 Mb Count b: 2.9549180327868854
INFO:root:Mb Count a: 0.2529182879377432 Mb Count b: 2.9805194805194803
INFO:root:Mb Count a: 0.07857142857142857 Mb Count b: 2.509259259259259
INFO:root:Mb Count a: 0.03819444444444445 Mb Count b: 2.282608695652174
INFO:root:Mb Count a: 0.02413793103448276 Mb Count b: 2.2386363636363638
INFO:root:Mb Count a: 0.020654044750430294 Mb Count b: 2.2298850574712645
INFO:root:Mb Count a: 0.0189328743545611 Mb Count b: 2.218390804597701
/scratch/data/leah/phertilizer/src/linear_split.py:107: RuntimeWarning: invalid value encountered in true_divide
  vaf = binary_counts/binary_tcounts
INFO:root:Mb Count a: 3.1064935064935066 Mb Count b: 5.706106870229007
INFO:root:Mb Count a: 0.17269076305220885 Mb Count b: 2.4630872483221475
INFO:root:Mb Count a: 0.09191176470588236 Mb Count b: 2.2524271844660193
INFO:root:Mb Count a: 0.048214285714285716 Mb Count b: 2.103448275862069
INFO:root:Mb Count a: 0.03866432337434095 Mb Count b: 2.1153846153846154
INFO:root:Mb Count a: 0.031413612565445025 Mb Count b: 2.0405405405405403
INFO:root:Mb Count a: 0.027777777777777776 Mb Count b: 2.056338028169014
INFO:root:Mb Count a: 0.029310344827586206 Mb Count b: 2.074626865671642
INFO:root:Mb Count a: 0.025817555938037865 Mb Count b: 2.0757575757575757
INFO:root:Mb Count a: 0.0274442538593482 Mb Count b: 2.078125
/scratch/data/leah/phertilizer/src/linear_split.py:107: RuntimeWarning: invalid value encountered in true_divide
  vaf = binary_counts/binary_tcounts
INFO:root:Mb Count a: 2.1830357142857144 Mb Count b: 5.004728132387707
INFO:root:Mb Count a: 0.3633720930232558 Mb Count b: 3.257425742574257
INFO:root:Mb Count a: 0.10236220472440945 Mb Count b: 3.075187969924812
INFO:root:Mb Count a: 0.0 Mb Count b: 2.7859778597785976
INFO:root:Mb Count a: 0.0 Mb Count b: 2.797794117647059
INFO:root:Mb Count a: 0.0 Mb Count b: 2.8088235294117645
/scratch/data/leah/phertilizer/src/linear_split.py:107: RuntimeWarning: invalid value encountered in true_divide
  vaf = binary_counts/binary_tcounts
INFO:root:Mb Count a: 3.002439024390244 Mb Count b: 5.915611814345992
INFO:root:Mb Count a: 0.1583011583011583 Mb Count b: 2.2248062015503876
INFO:root:Mb Count a: 0.12178387650085763 Mb Count b: 2.15625
INFO:root:Mb Count a: 0.07003257328990228 Mb Count b: 2.0606060606060606
INFO:root:Mb Count a: 0.03980891719745223 Mb Count b: 2.1052631578947367
INFO:root:Mb Count a: 0.020569620253164556 Mb Count b: 2.1333333333333333
INFO:root:Mb Count a: 0.02050473186119874 Mb Count b: 2.1538461538461537
INFO:root:Mb Count a: 0.017350157728706624 Mb Count b: 2.1538461538461537
/scratch/data/leah/phertilizer/src/linear_split.py:107: RuntimeWarning: invalid value encountered in true_divide
  vaf = binary_counts/binary_tcounts
INFO:root:Mb Count a: 2.477966101694915 Mb Count b: 5.294985250737463
INFO:root:Mb Count a: 0.5748987854251012 Mb Count b: 3.5214285714285714
INFO:root:Mb Count a: 0.10951526032315978 Mb Count b: 2.3376623376623376
INFO:root:Mb Count a: 0.03993055555555555 Mb Count b: 2.2586206896551726
INFO:root:Mb Count a: 0.022413793103448276 Mb Count b: 2.1666666666666665
INFO:root:Mb Count a: 0.023972602739726026 Mb Count b: 2.14
INFO:root:Mb Count a: 0.020477815699658702 Mb Count b: 2.0833333333333335
INFO:root:Mb Count a: 0.017064846416382253 Mb Count b: 2.0833333333333335
/scratch/data/leah/phertilizer/src/linear_split.py:107: RuntimeWarning: invalid value encountered in true_divide
  vaf = binary_counts/binary_tcounts
INFO:root:Mb Count a: 3.135321100917431 Mb Count b: 5.97979797979798
INFO:root:Mb Count a: 0.0 Mb Count b: 1.6358381502890174
INFO:root:Mb Count a: 0.0 Mb Count b: 1.7415730337078652
INFO:root:Mb Count a: 0.15485074626865672 Mb Count b: 2.326530612244898
INFO:root:Mb Count a: 0.08 Mb Count b: 2.2711864406779663
INFO:root:Mb Count a: 0.07475083056478406 Mb Count b: 2.28125
INFO:root:Mb Count a: 0.04730831973898858 Mb Count b: 2.2857142857142856
INFO:root:Mb Count a: 0.029173419773095625 Mb Count b: 2.2941176470588234
INFO:root:Mb Count a: 0.024271844660194174 Mb Count b: 2.3125
INFO:root:Mb Count a: 0.022653721682847898 Mb Count b: 2.3125
/scratch/data/leah/phertilizer/src/linear_split.py:107: RuntimeWarning: invalid value encountered in true_divide
  vaf = binary_counts/binary_tcounts
INFO:root:Mb Count a: 2.63003663003663 Mb Count b: 5.437673130193906
INFO:root:Mb Count a: 0.20498614958448755 Mb Count b: 3.010989010989011
INFO:root:Mb Count a: 0.09898477157360407 Mb Count b: 2.925
INFO:root:Mb Count a: 0.07655502392344497 Mb Count b: 2.8333333333333335
INFO:root:Mb Count a: 0.03747072599531616 Mb Count b: 2.676328502415459
INFO:root:Mb Count a: 0.041189931350114416 Mb Count b: 2.6903553299492384
INFO:root:Mb Count a: 0.025 Mb Count b: 2.6443298969072164
INFO:root:Mb Count a: 0.024830699774266364 Mb Count b: 2.6282722513089007
INFO:root:Mb Count a: 0.020224719101123594 Mb Count b: 2.64021164021164
INFO:root:Mb Count a: 0.015730337078651686 Mb Count b: 2.64021164021164
/scratch/data/leah/phertilizer/src/linear_split.py:107: RuntimeWarning: invalid value encountered in true_divide
  vaf = binary_counts/binary_tcounts
INFO:root:Mb Count a: 3.1049107142857144 Mb Count b: 5.882352941176471
INFO:root:Mb Count a: 0.14136125654450263 Mb Count b: 2.422222222222222
INFO:root:Mb Count a: 0.05227655986509275 Mb Count b: 2.16
INFO:root:Mb Count a: 0.03966942148760331 Mb Count b: 2.1538461538461537
INFO:root:Mb Count a: 0.0 Mb Count b: 1.3214285714285714
INFO:root:Mb Count a: 0.0 Mb Count b: 1.4642857142857142
/scratch/data/leah/phertilizer/src/linear_split.py:107: RuntimeWarning: invalid value encountered in true_divide
  vaf = binary_counts/binary_tcounts
INFO:root:Mb Count a: 2.3038461538461537 Mb Count b: 4.983240223463687
INFO:root:Mb Count a: 0.2520775623268698 Mb Count b: 3.066147859922179
INFO:root:Mb Count a: 0.11166253101736973 Mb Count b: 2.8930232558139535
INFO:root:Mb Count a: 0.07476635514018691 Mb Count b: 2.8210526315789473
INFO:root:Mb Count a: 0.03695150115473441 Mb Count b: 2.675675675675676
INFO:root:Mb Count a: 0.032036613272311214 Mb Count b: 2.6685082872928176
INFO:root:Mb Count a: 0.027210884353741496 Mb Count b: 2.6553672316384183
INFO:root:Mb Count a: 0.024830699774266364 Mb Count b: 2.662857142857143
INFO:root:Mb Count a: 0.02466367713004484 Mb Count b: 2.6627906976744184
INFO:root:Mb Count a: 0.020134228187919462 Mb Count b: 2.6432748538011697
/scratch/data/leah/phertilizer/src/linear_split.py:107: RuntimeWarning: invalid value encountered in true_divide
  vaf = binary_counts/binary_tcounts
INFO:root:Mb Count a: 2.6955128205128207 Mb Count b: 5.480392156862745
INFO:root:Mb Count a: 0.0 Mb Count b: 2.4169611307420493
INFO:root:Mb Count a: 0.15404040404040403 Mb Count b: 2.9414414414414414
INFO:root:Mb Count a: 0.06775700934579439 Mb Count b: 2.731578947368421
INFO:root:Mb Count a: 0.03189066059225513 Mb Count b: 2.6815642458100557
INFO:root:Mb Count a: 0.024774774774774775 Mb Count b: 2.660919540229885
INFO:root:Mb Count a: 0.013513513513513514 Mb Count b: 2.6379310344827585
/scratch/data/leah/phertilizer/src/linear_split.py:107: RuntimeWarning: invalid value encountered in true_divide
  vaf = binary_counts/binary_tcounts
INFO:root:Mb Count a: 2.4653465346534653 Mb Count b: 5.118466898954704
INFO:root:Mb Count a: 0.4021978021978022 Mb Count b: 3.214814814814815
INFO:root:Mb Count a: 0.16541353383458646 Mb Count b: 2.7241379310344827
INFO:root:Mb Count a: 0.0880281690140845 Mb Count b: 2.5454545454545454
INFO:root:Mb Count a: 0.02413793103448276 Mb Count b: 2.7
INFO:root:Mb Count a: 0.0 Mb Count b: 1.9230769230769231
INFO:root:Mb Count a: 0.0 Mb Count b: 2.0
/scratch/data/leah/phertilizer/src/linear_split.py:107: RuntimeWarning: invalid value encountered in true_divide
  vaf = binary_counts/binary_tcounts
INFO:root:Mb Count a: 2.3993174061433447 Mb Count b: 5.215488215488215
INFO:root:Mb Count a: 0.18933333333333333 Mb Count b: 3.027906976744186
INFO:root:Mb Count a: 0.0773067331670823 Mb Count b: 2.9682539682539684
INFO:root:Mb Count a: 0.04390243902439024 Mb Count b: 2.861111111111111
INFO:root:Mb Count a: 0.021897810218978103 Mb Count b: 2.793296089385475
INFO:root:Mb Count a: 0.019417475728155338 Mb Count b: 2.792134831460674
INFO:root:Mb Count a: 0.01937046004842615 Mb Count b: 2.7966101694915255
INFO:root:Mb Count a: 0.01932367149758454 Mb Count b: 2.7954545454545454
INFO:root:Mb Count a: 0.016908212560386472 Mb Count b: 2.778409090909091
INFO:root:Mb Count a: 0.012077294685990338 Mb Count b: 2.7556818181818183
/scratch/data/leah/phertilizer/src/linear_split.py:107: RuntimeWarning: invalid value encountered in true_divide
  vaf = binary_counts/binary_tcounts
INFO:root:Mb Count a: 3.076167076167076 Mb Count b: 5.85792349726776
INFO:root:Mb Count a: 0.244122965641953 Mb Count b: 2.918918918918919
INFO:root:Mb Count a: 0.04827586206896552 Mb Count b: 2.4
INFO:root:Mb Count a: 0.0 Mb Count b: 1.3333333333333333
INFO:root:Mb Count a: 0.0 Mb Count b: 1.3333333333333333
/scratch/data/leah/phertilizer/src/linear_split.py:107: RuntimeWarning: invalid value encountered in true_divide
  vaf = binary_counts/binary_tcounts
INFO:root:Mb Count a: 3.1037735849056602 Mb Count b: 6.0519480519480515
INFO:root:Mb Count a: 0.2 Mb Count b: 2.652173913043478
INFO:root:Mb Count a: 0.0 Mb Count b: 1.263157894736842
INFO:root:Mb Count a: 0.0 Mb Count b: 1.368421052631579
/scratch/data/leah/phertilizer/src/linear_split.py:107: RuntimeWarning: invalid value encountered in true_divide
  vaf = binary_counts/binary_tcounts
INFO:root:Mb Count a: 3.1635944700460827 Mb Count b: 5.986111111111111
INFO:root:Mb Count a: 0.1261595547309833 Mb Count b: 2.41025641025641
INFO:root:Mb Count a: 0.03590664272890485 Mb Count b: 2.1904761904761907
INFO:root:Mb Count a: 0.0106951871657754 Mb Count b: 2.176470588235294
INFO:root:Mb Count a: 0.007104795737122558 Mb Count b: 2.1333333333333333
INFO:root:Mb Count a: 0.007079646017699115 Mb Count b: 2.1538461538461537
INFO:root:Mb Count a: 0.0035335689045936395 Mb Count b: 2.1666666666666665
INFO:root:Mb Count a: 0.0035335689045936395 Mb Count b: 2.1666666666666665
/scratch/data/leah/phertilizer/src/linear_split.py:107: RuntimeWarning: invalid value encountered in true_divide
  vaf = binary_counts/binary_tcounts
INFO:root:Mb Count a: 2.4156378600823047 Mb Count b: 5.307462686567164
INFO:root:Mb Count a: 0.46174142480211083 Mb Count b: 3.5025125628140703
INFO:root:Mb Count a: 0.09026128266033254 Mb Count b: 2.6878980891719744
INFO:root:Mb Count a: 0.0 Mb Count b: 2.464968152866242
INFO:root:Mb Count a: 0.0 Mb Count b: 2.4904458598726116
/scratch/data/leah/phertilizer/src/linear_split.py:107: RuntimeWarning: invalid value encountered in true_divide
  vaf = binary_counts/binary_tcounts
INFO:root:Mb Count a: 3.1333333333333333 Mb Count b: 5.958904109589041
INFO:root:Mb Count a: 0.0 Mb Count b: 1.6
INFO:root:Mb Count a: 0.0 Mb Count b: 1.6635514018691588
INFO:root:Mb Count a: 0.0 Mb Count b: 1.6635514018691588
/scratch/data/leah/phertilizer/src/linear_split.py:107: RuntimeWarning: invalid value encountered in true_divide
  vaf = binary_counts/binary_tcounts
INFO:root:Mb Count a: 2.3423423423423424 Mb Count b: 5.075581395348837
INFO:root:Mb Count a: 0.5692307692307692 Mb Count b: 3.6931818181818183
INFO:root:Mb Count a: 0.10022779043280182 Mb Count b: 2.84251968503937
INFO:root:Mb Count a: 0.037444933920704845 Mb Count b: 2.6339285714285716
INFO:root:Mb Count a: 0.021645021645021644 Mb Count b: 2.6346153846153846
INFO:root:Mb Count a: 0.012903225806451613 Mb Count b: 2.5841584158415842
INFO:root:Mb Count a: 0.01284796573875803 Mb Count b: 2.595959595959596
INFO:root:Mb Count a: 0.016985138004246284 Mb Count b: 2.610526315789474
INFO:root:Mb Count a: 0.016842105263157894 Mb Count b: 2.6153846153846154
INFO:root:Mb Count a: 0.11683168316831684 Mb Count b: 2.918032786885246
/scratch/data/leah/phertilizer/src/linear_split.py:107: RuntimeWarning: invalid value encountered in true_divide
  vaf = binary_counts/binary_tcounts
INFO:root:Mb Count a: 2.3663793103448274 Mb Count b: 5.347305389221557
INFO:root:Mb Count a: 0.0 Mb Count b: 2.701863354037267
INFO:root:Mb Count a: 0.18181818181818182 Mb Count b: 3.159851301115242
INFO:root:Mb Count a: 0.056962025316455694 Mb Count b: 3.044
INFO:root:Mb Count a: 0.0 Mb Count b: 2.9800796812749004
INFO:root:Mb Count a: 0.0 Mb Count b: 2.99601593625498
INFO:root:Mb Count a: 1.8256794751640113 Mb Count b: 3.885665529010239
INFO:root:Mb Count a: 0.7928772258669166 Mb Count b: 6.6194539249146755
INFO:root:Mb Count a: 1.8191190253045924 Mb Count b: 3.9812286689419794
INFO:root:Mb Count a: 0.7928772258669166 Mb Count b: 6.6194539249146755
INFO:root:Mb Count a: 1.8041237113402062 Mb Count b: 3.8225255972696246
INFO:root:Mb Count a: 0.7928772258669166 Mb Count b: 6.6194539249146755
INFO:root:Mb Count a: 0.8072590738423029 Mb Count b: 0.8507462686567164
INFO:root:Mb Count a: 0.392991239048811 Mb Count b: 3.376865671641791
INFO:root:Mb Count a: 0.7872340425531915 Mb Count b: 0.8694029850746269
INFO:root:Mb Count a: 0.392991239048811 Mb Count b: 3.376865671641791
INFO:root:Mb Count a: 0.7446808510638298 Mb Count b: 0.9701492537313433
INFO:root:Mb Count a: 0.392991239048811 Mb Count b: 3.376865671641791
/scratch/data/leah/phertilizer/src/linear_split.py:107: RuntimeWarning: invalid value encountered in true_divide
  vaf = binary_counts/binary_tcounts
INFO:root:Mb Count a: 1.464705882352941 Mb Count b: 4.730103806228374
INFO:root:Mb Count a: 0.023529411764705882 Mb Count b: 6.176470588235294
/scratch/data/leah/phertilizer/src/linear_split.py:107: RuntimeWarning: invalid value encountered in true_divide
  vaf = binary_counts/binary_tcounts
INFO:root:Mb Count a: 1.492156862745098 Mb Count b: 4.56401384083045
INFO:root:Mb Count a: 0.023529411764705882 Mb Count b: 6.176470588235294
/scratch/data/leah/phertilizer/src/linear_split.py:107: RuntimeWarning: invalid value encountered in true_divide
  vaf = binary_counts/binary_tcounts
INFO:root:Mb Count a: 1.4764705882352942 Mb Count b: 4.442906574394463
INFO:root:Mb Count a: 0.023529411764705882 Mb Count b: 6.176470588235294
/scratch/data/leah/phertilizer/src/linear_split.py:107: RuntimeWarning: invalid value encountered in true_divide
  vaf = binary_counts/binary_tcounts
INFO:root:Mb Count a: 0.869942196531792 Mb Count b: 2.908536585365854
INFO:root:Mb Count a: 0.0 Mb Count b: 1.3839285714285714
INFO:root:Mb Count a: 0.0 Mb Count b: 1.4553571428571428
/scratch/data/leah/phertilizer/src/linear_split.py:107: RuntimeWarning: invalid value encountered in true_divide
  vaf = binary_counts/binary_tcounts
INFO:root:Mb Count a: 1.105263157894737 Mb Count b: 3.146153846153846
INFO:root:Mb Count a: 0.11801242236024845 Mb Count b: 2.2222222222222223
INFO:root:Mb Count a: 0.04048582995951417 Mb Count b: 2.125
INFO:root:Mb Count a: 0.028169014084507043 Mb Count b: 2.076923076923077
INFO:root:Mb Count a: 0.0 Mb Count b: 1.5416666666666667
INFO:root:Mb Count a: 0.0 Mb Count b: 1.625
/scratch/data/leah/phertilizer/src/linear_split.py:107: RuntimeWarning: invalid value encountered in true_divide
  vaf = binary_counts/binary_tcounts
INFO:root:Mb Count a: 0.9887005649717514 Mb Count b: 2.980769230769231
INFO:root:Mb Count a: 0.22653061224489796 Mb Count b: 2.6
INFO:root:Mb Count a: 0.0 Mb Count b: 1.4230769230769231
INFO:root:Mb Count a: 0.0 Mb Count b: 1.4615384615384615
INFO:root:Mb Count a: 1.8843283582089552 Mb Count b: 2.743047830923248
INFO:root:Mb Count a: 0.0037313432835820895 Mb Count b: 6.913236929922136
INFO:root:Mb Count a: 1.9477611940298507 Mb Count b: 2.6017797552836486
INFO:root:Mb Count a: 0.0037313432835820895 Mb Count b: 6.913236929922136
INFO:root:Mb Count a: 1.8955223880597014 Mb Count b: 2.7130144605116797
INFO:root:Mb Count a: 0.0037313432835820895 Mb Count b: 6.913236929922136
/scratch/data/leah/phertilizer/src/branching_split.py:108: RuntimeWarning: invalid value encountered in true_divide
  tmb = mut_var_count_by_cell/mut_total_reads_by_cell
/scratch/data/leah/phertilizer/src/branching_split.py:108: RuntimeWarning: invalid value encountered in true_divide
  tmb = mut_var_count_by_cell/mut_total_reads_by_cell
/scratch/data/leah/phertilizer/src/branching_split.py:108: RuntimeWarning: invalid value encountered in true_divide
  tmb = mut_var_count_by_cell/mut_total_reads_by_cell
/scratch/data/leah/phertilizer/src/branching_split.py:108: RuntimeWarning: invalid value encountered in true_divide
  tmb = mut_var_count_by_cell/mut_total_reads_by_cell
/scratch/data/leah/phertilizer/src/branching_split.py:108: RuntimeWarning: invalid value encountered in true_divide
  tmb = mut_var_count_by_cell/mut_total_reads_by_cell
/scratch/data/leah/phertilizer/src/branching_split.py:108: RuntimeWarning: invalid value encountered in true_divide
  tmb = mut_var_count_by_cell/mut_total_reads_by_cell
/scratch/data/leah/phertilizer/src/branching_split.py:108: RuntimeWarning: invalid value encountered in true_divide
  tmb = mut_var_count_by_cell/mut_total_reads_by_cell
/scratch/data/leah/phertilizer/src/branching_split.py:108: RuntimeWarning: invalid value encountered in true_divide
  tmb = mut_var_count_by_cell/mut_total_reads_by_cell
/scratch/data/leah/phertilizer/src/branching_split.py:108: RuntimeWarning: invalid value encountered in true_divide
  tmb = mut_var_count_by_cell/mut_total_reads_by_cell
/scratch/data/leah/phertilizer/src/branching_split.py:108: RuntimeWarning: invalid value encountered in true_divide
  tmb = mut_var_count_by_cell/mut_total_reads_by_cell
/scratch/data/leah/phertilizer/src/branching_split.py:108: RuntimeWarning: invalid value encountered in true_divide
  tmb = mut_var_count_by_cell/mut_total_reads_by_cell
/scratch/data/leah/phertilizer/src/branching_split.py:108: RuntimeWarning: invalid value encountered in true_divide
  tmb = mut_var_count_by_cell/mut_total_reads_by_cell
/scratch/data/leah/phertilizer/src/branching_split.py:108: RuntimeWarning: invalid value encountered in true_divide
  tmb = mut_var_count_by_cell/mut_total_reads_by_cell
/scratch/data/leah/phertilizer/src/branching_split.py:108: RuntimeWarning: invalid value encountered in true_divide
  tmb = mut_var_count_by_cell/mut_total_reads_by_cell
/scratch/data/leah/phertilizer/src/branching_split.py:108: RuntimeWarning: invalid value encountered in true_divide
  tmb = mut_var_count_by_cell/mut_total_reads_by_cell
/scratch/data/leah/phertilizer/src/branching_split.py:108: RuntimeWarning: invalid value encountered in true_divide
  tmb = mut_var_count_by_cell/mut_total_reads_by_cell
/scratch/data/leah/phertilizer/src/branching_split.py:108: RuntimeWarning: invalid value encountered in true_divide
  tmb = mut_var_count_by_cell/mut_total_reads_by_cell
/scratch/data/leah/phertilizer/src/branching_split.py:108: RuntimeWarning: invalid value encountered in true_divide
  tmb = mut_var_count_by_cell/mut_total_reads_by_cell
/scratch/data/leah/phertilizer/src/branching_split.py:108: RuntimeWarning: invalid value encountered in true_divide
  tmb = mut_var_count_by_cell/mut_total_reads_by_cell
/scratch/data/leah/phertilizer/src/branching_split.py:108: RuntimeWarning: invalid value encountered in true_divide
  tmb = mut_var_count_by_cell/mut_total_reads_by_cell
/scratch/data/leah/phertilizer/src/branching_split.py:108: RuntimeWarning: invalid value encountered in true_divide
  tmb = mut_var_count_by_cell/mut_total_reads_by_cell
/scratch/data/leah/phertilizer/src/branching_split.py:108: RuntimeWarning: invalid value encountered in true_divide
  tmb = mut_var_count_by_cell/mut_total_reads_by_cell
/scratch/data/leah/phertilizer/src/branching_split.py:108: RuntimeWarning: invalid value encountered in true_divide
  tmb = mut_var_count_by_cell/mut_total_reads_by_cell
/scratch/data/leah/phertilizer/src/branching_split.py:108: RuntimeWarning: invalid value encountered in true_divide
  tmb = mut_var_count_by_cell/mut_total_reads_by_cell
/scratch/data/leah/phertilizer/src/branching_split.py:108: RuntimeWarning: invalid value encountered in true_divide
  tmb = mut_var_count_by_cell/mut_total_reads_by_cell
/scratch/data/leah/phertilizer/src/branching_split.py:108: RuntimeWarning: invalid value encountered in true_divide
  tmb = mut_var_count_by_cell/mut_total_reads_by_cell
/scratch/data/leah/phertilizer/src/branching_split.py:108: RuntimeWarning: invalid value encountered in true_divide
  tmb = mut_var_count_by_cell/mut_total_reads_by_cell
/scratch/data/leah/phertilizer/src/branching_split.py:108: RuntimeWarning: invalid value encountered in true_divide
  tmb = mut_var_count_by_cell/mut_total_reads_by_cell
/scratch/data/leah/phertilizer/src/branching_split.py:108: RuntimeWarning: invalid value encountered in true_divide
  tmb = mut_var_count_by_cell/mut_total_reads_by_cell
/scratch/data/leah/phertilizer/src/branching_split.py:108: RuntimeWarning: invalid value encountered in true_divide
  tmb = mut_var_count_by_cell/mut_total_reads_by_cell
INFO:root:Mb Count a: 2.7240618101545255 Mb Count b: 2.789237668161435
/scratch/data/leah/phertilizer/src/linear_split.py:251: RuntimeWarning: invalid value encountered in true_divide
  tmb = mb_mut_count/mb_tot_count
INFO:root:Mb Count a: 1.0316455696202531 Mb Count b: 1.0588235294117647
/scratch/data/leah/phertilizer/src/linear_split.py:251: RuntimeWarning: invalid value encountered in true_divide
  tmb = mb_mut_count/mb_tot_count
INFO:root:Mb Count a: 0.8122270742358079 Mb Count b: 0.9387755102040817
/scratch/data/leah/phertilizer/src/linear_split.py:251: RuntimeWarning: invalid value encountered in true_divide
  tmb = mb_mut_count/mb_tot_count
INFO:root:Mb Count a: 0.9417040358744395 Mb Count b: 0.9977924944812362
/scratch/data/leah/phertilizer/src/linear_split.py:251: RuntimeWarning: invalid value encountered in true_divide
  tmb = mb_mut_count/mb_tot_count
INFO:root:Mb Count a: 0.9238683127572016 Mb Count b: 0.9757869249394673
/scratch/data/leah/phertilizer/src/linear_split.py:251: RuntimeWarning: invalid value encountered in true_divide
  tmb = mb_mut_count/mb_tot_count
INFO:root:Mb Count a: 0.8850325379609545 Mb Count b: 0.8949771689497716
/scratch/data/leah/phertilizer/src/linear_split.py:251: RuntimeWarning: invalid value encountered in true_divide
  tmb = mb_mut_count/mb_tot_count
INFO:root:Mb Count a: 0.8655097613882863 Mb Count b: 1.1050228310502284
/scratch/data/leah/phertilizer/src/linear_split.py:251: RuntimeWarning: invalid value encountered in true_divide
  tmb = mb_mut_count/mb_tot_count
INFO:root:Mb Count a: 0.9761388286334056 Mb Count b: 0.9931506849315068
/scratch/data/leah/phertilizer/src/linear_split.py:251: RuntimeWarning: invalid value encountered in true_divide
  tmb = mb_mut_count/mb_tot_count
INFO:root:Mb Count a: 0.9603729603729604 Mb Count b: 0.9872340425531915
/scratch/data/leah/phertilizer/src/linear_split.py:251: RuntimeWarning: invalid value encountered in true_divide
  tmb = mb_mut_count/mb_tot_count
INFO:root:Mb Count a: 0.9684684684684685 Mb Count b: 0.9868131868131869
INFO:root:Mb Count a: 2.814645308924485 Mb Count b: 2.8636363636363638
/scratch/data/leah/phertilizer/src/linear_split.py:251: RuntimeWarning: invalid value encountered in true_divide
  tmb = mb_mut_count/mb_tot_count
INFO:root:Mb Count a: 0.9361233480176211 Mb Count b: 0.9640449438202248
/scratch/data/leah/phertilizer/src/linear_split.py:251: RuntimeWarning: invalid value encountered in true_divide
  tmb = mb_mut_count/mb_tot_count
INFO:root:Mb Count a: 0.946067415730337 Mb Count b: 0.947136563876652
/scratch/data/leah/phertilizer/src/linear_split.py:251: RuntimeWarning: invalid value encountered in true_divide
  tmb = mb_mut_count/mb_tot_count
INFO:root:Mb Count a: 0.8735632183908046 Mb Count b: 0.9094827586206896
/scratch/data/leah/phertilizer/src/linear_split.py:251: RuntimeWarning: invalid value encountered in true_divide
  tmb = mb_mut_count/mb_tot_count
INFO:root:Mb Count a: 0.9521739130434783 Mb Count b: 1.0660592255125285
/scratch/data/leah/phertilizer/src/linear_split.py:251: RuntimeWarning: invalid value encountered in true_divide
  tmb = mb_mut_count/mb_tot_count
INFO:root:Mb Count a: 0.8950819672131147 Mb Count b: 1.0622837370242215
/scratch/data/leah/phertilizer/src/linear_split.py:251: RuntimeWarning: invalid value encountered in true_divide
  tmb = mb_mut_count/mb_tot_count
INFO:root:Mb Count a: 0.9129464285714286 Mb Count b: 1.0753880266075388
/scratch/data/leah/phertilizer/src/linear_split.py:251: RuntimeWarning: invalid value encountered in true_divide
  tmb = mb_mut_count/mb_tot_count
INFO:root:Mb Count a: 0.9751693002257337 Mb Count b: 1.030701754385965
/scratch/data/leah/phertilizer/src/linear_split.py:251: RuntimeWarning: invalid value encountered in true_divide
  tmb = mb_mut_count/mb_tot_count
INFO:root:Mb Count a: 0.11764705882352941 Mb Count b: 1.0124716553287982
/scratch/data/leah/phertilizer/src/linear_split.py:251: RuntimeWarning: invalid value encountered in true_divide
  tmb = mb_mut_count/mb_tot_count
INFO:root:Mb Count a: 0.9912280701754386 Mb Count b: 1.002257336343115
INFO:root:Mb Count a: 0.8235294117647058 Mb Count b: 2.8514739229024944
/scratch/data/leah/phertilizer/src/linear_split.py:251: RuntimeWarning: invalid value encountered in true_divide
  tmb = mb_mut_count/mb_tot_count
INFO:root:Mb Count a: 0.9912280701754386 Mb Count b: 1.002257336343115
/scratch/data/leah/phertilizer/src/linear_split.py:251: RuntimeWarning: invalid value encountered in true_divide
  tmb = mb_mut_count/mb_tot_count
INFO:root:Mb Count a: 0.8555555555555555 Mb Count b: 0.8775055679287305
/scratch/data/leah/phertilizer/src/linear_split.py:251: RuntimeWarning: invalid value encountered in true_divide
  tmb = mb_mut_count/mb_tot_count
INFO:root:Mb Count a: 0.9592668024439919 Mb Count b: 0.9803921568627451
/scratch/data/leah/phertilizer/src/linear_split.py:251: RuntimeWarning: invalid value encountered in true_divide
  tmb = mb_mut_count/mb_tot_count
INFO:root:Mb Count a: 0.11764705882352941 Mb Count b: 0.8888888888888888
/scratch/data/leah/phertilizer/src/linear_split.py:251: RuntimeWarning: invalid value encountered in true_divide
  tmb = mb_mut_count/mb_tot_count
INFO:root:Mb Count a: 0.9912280701754386 Mb Count b: 1.002257336343115
/scratch/data/leah/phertilizer/src/linear_split.py:251: RuntimeWarning: invalid value encountered in true_divide
  tmb = mb_mut_count/mb_tot_count
INFO:root:Mb Count a: 0.8555555555555555 Mb Count b: 0.8775055679287305
/scratch/data/leah/phertilizer/src/linear_split.py:251: RuntimeWarning: invalid value encountered in true_divide
  tmb = mb_mut_count/mb_tot_count
INFO:root:Mb Count a: 0.9592668024439919 Mb Count b: 0.9803921568627451
/scratch/data/leah/phertilizer/src/linear_split.py:251: RuntimeWarning: invalid value encountered in true_divide
  tmb = mb_mut_count/mb_tot_count
INFO:root:Mb Count a: 0.11764705882352941 Mb Count b: 0.8888888888888888
/scratch/data/leah/phertilizer/src/linear_split.py:251: RuntimeWarning: invalid value encountered in true_divide
  tmb = mb_mut_count/mb_tot_count
INFO:root:Mb Count a: 0.9912280701754386 Mb Count b: 1.002257336343115
/scratch/data/leah/phertilizer/src/branching_split.py:108: RuntimeWarning: invalid value encountered in true_divide
  tmb = mut_var_count_by_cell/mut_total_reads_by_cell
/scratch/data/leah/phertilizer/src/branching_split.py:108: RuntimeWarning: invalid value encountered in true_divide
  tmb = mut_var_count_by_cell/mut_total_reads_by_cell
/scratch/data/leah/phertilizer/src/branching_split.py:108: RuntimeWarning: invalid value encountered in true_divide
  tmb = mut_var_count_by_cell/mut_total_reads_by_cell
/scratch/data/leah/phertilizer/src/branching_split.py:108: RuntimeWarning: invalid value encountered in true_divide
  tmb = mut_var_count_by_cell/mut_total_reads_by_cell
/scratch/data/leah/phertilizer/src/branching_split.py:108: RuntimeWarning: invalid value encountered in true_divide
  tmb = mut_var_count_by_cell/mut_total_reads_by_cell
/scratch/data/leah/phertilizer/src/branching_split.py:108: RuntimeWarning: invalid value encountered in true_divide
  tmb = mut_var_count_by_cell/mut_total_reads_by_cell
/scratch/data/leah/phertilizer/src/branching_split.py:108: RuntimeWarning: invalid value encountered in true_divide
  tmb = mut_var_count_by_cell/mut_total_reads_by_cell
/scratch/data/leah/phertilizer/src/branching_split.py:108: RuntimeWarning: invalid value encountered in true_divide
  tmb = mut_var_count_by_cell/mut_total_reads_by_cell
/scratch/data/leah/phertilizer/src/branching_split.py:108: RuntimeWarning: invalid value encountered in true_divide
  tmb = mut_var_count_by_cell/mut_total_reads_by_cell
/scratch/data/leah/phertilizer/src/branching_split.py:108: RuntimeWarning: invalid value encountered in true_divide
  tmb = mut_var_count_by_cell/mut_total_reads_by_cell
/scratch/data/leah/phertilizer/src/branching_split.py:108: RuntimeWarning: invalid value encountered in true_divide
  tmb = mut_var_count_by_cell/mut_total_reads_by_cell
/scratch/data/leah/phertilizer/src/branching_split.py:108: RuntimeWarning: invalid value encountered in true_divide
  tmb = mut_var_count_by_cell/mut_total_reads_by_cell
/scratch/data/leah/phertilizer/src/branching_split.py:108: RuntimeWarning: invalid value encountered in true_divide
  tmb = mut_var_count_by_cell/mut_total_reads_by_cell
/scratch/data/leah/phertilizer/src/branching_split.py:108: RuntimeWarning: invalid value encountered in true_divide
  tmb = mut_var_count_by_cell/mut_total_reads_by_cell
/scratch/data/leah/phertilizer/src/branching_split.py:108: RuntimeWarning: invalid value encountered in true_divide
  tmb = mut_var_count_by_cell/mut_total_reads_by_cell
/scratch/data/leah/phertilizer/src/branching_split.py:108: RuntimeWarning: invalid value encountered in true_divide
  tmb = mut_var_count_by_cell/mut_total_reads_by_cell
/scratch/data/leah/phertilizer/src/branching_split.py:108: RuntimeWarning: invalid value encountered in true_divide
  tmb = mut_var_count_by_cell/mut_total_reads_by_cell
/scratch/data/leah/phertilizer/src/branching_split.py:108: RuntimeWarning: invalid value encountered in true_divide
  tmb = mut_var_count_by_cell/mut_total_reads_by_cell
/scratch/data/leah/phertilizer/src/branching_split.py:108: RuntimeWarning: invalid value encountered in true_divide
  tmb = mut_var_count_by_cell/mut_total_reads_by_cell
/scratch/data/leah/phertilizer/src/branching_split.py:108: RuntimeWarning: invalid value encountered in true_divide
  tmb = mut_var_count_by_cell/mut_total_reads_by_cell
/scratch/data/leah/phertilizer/src/branching_split.py:108: RuntimeWarning: invalid value encountered in true_divide
  tmb = mut_var_count_by_cell/mut_total_reads_by_cell
/scratch/data/leah/phertilizer/src/branching_split.py:108: RuntimeWarning: invalid value encountered in true_divide
  tmb = mut_var_count_by_cell/mut_total_reads_by_cell
/scratch/data/leah/phertilizer/src/branching_split.py:108: RuntimeWarning: invalid value encountered in true_divide
  tmb = mut_var_count_by_cell/mut_total_reads_by_cell
/scratch/data/leah/phertilizer/src/branching_split.py:108: RuntimeWarning: invalid value encountered in true_divide
  tmb = mut_var_count_by_cell/mut_total_reads_by_cell
/scratch/data/leah/phertilizer/src/branching_split.py:108: RuntimeWarning: invalid value encountered in true_divide
  tmb = mut_var_count_by_cell/mut_total_reads_by_cell
/scratch/data/leah/phertilizer/src/branching_split.py:108: RuntimeWarning: invalid value encountered in true_divide
  tmb = mut_var_count_by_cell/mut_total_reads_by_cell
/scratch/data/leah/phertilizer/src/branching_split.py:108: RuntimeWarning: invalid value encountered in true_divide
  tmb = mut_var_count_by_cell/mut_total_reads_by_cell
/scratch/data/leah/phertilizer/src/branching_split.py:108: RuntimeWarning: invalid value encountered in true_divide
  tmb = mut_var_count_by_cell/mut_total_reads_by_cell
/scratch/data/leah/phertilizer/src/branching_split.py:108: RuntimeWarning: invalid value encountered in true_divide
  tmb = mut_var_count_by_cell/mut_total_reads_by_cell
INFO:root:Mb Count a: 2.93640350877193 Mb Count b: 3.036117381489842
/scratch/data/leah/phertilizer/src/linear_split.py:251: RuntimeWarning: invalid value encountered in true_divide
  tmb = mb_mut_count/mb_tot_count
INFO:root:Mb Count a: 0.7665198237885462 Mb Count b: 0.7932584269662921
/scratch/data/leah/phertilizer/src/linear_split.py:251: RuntimeWarning: invalid value encountered in true_divide
  tmb = mb_mut_count/mb_tot_count
INFO:root:Mb Count a: 0.9029345372460497 Mb Count b: 0.9780701754385965
/scratch/data/leah/phertilizer/src/linear_split.py:251: RuntimeWarning: invalid value encountered in true_divide
  tmb = mb_mut_count/mb_tot_count
INFO:root:Mb Count a: 0.8238993710691824 Mb Count b: 0.9004739336492891
/scratch/data/leah/phertilizer/src/linear_split.py:251: RuntimeWarning: invalid value encountered in true_divide
  tmb = mb_mut_count/mb_tot_count
INFO:root:Mb Count a: 0.7032786885245902 Mb Count b: 0.9342560553633218
/scratch/data/leah/phertilizer/src/linear_split.py:251: RuntimeWarning: invalid value encountered in true_divide
  tmb = mb_mut_count/mb_tot_count
INFO:root:Mb Count a: 0.0 Mb Count b: 0.8752834467120182
/scratch/data/leah/phertilizer/src/linear_split.py:251: RuntimeWarning: invalid value encountered in true_divide
  tmb = mb_mut_count/mb_tot_count
INFO:root:Mb Count a: 0.0 Mb Count b: 1.0328798185941044
INFO:root:Mb Count a: 3.0580357142857144 Mb Count b: 3.108647450110865
/scratch/data/leah/phertilizer/src/linear_split.py:251: RuntimeWarning: invalid value encountered in true_divide
  tmb = mb_mut_count/mb_tot_count
INFO:root:Mb Count a: 0.058823529411764705 Mb Count b: 0.8707482993197279
/scratch/data/leah/phertilizer/src/linear_split.py:251: RuntimeWarning: invalid value encountered in true_divide
  tmb = mb_mut_count/mb_tot_count
INFO:root:Mb Count a: 0.0 Mb Count b: 1.0328798185941044
INFO:root:Mb Count a: 2.922566371681416 Mb Count b: 2.9485458612975393
/scratch/data/leah/phertilizer/src/linear_split.py:251: RuntimeWarning: invalid value encountered in true_divide
  tmb = mb_mut_count/mb_tot_count
INFO:root:Mb Count a: 0.8526077097505669 Mb Count b: 0.8973799126637555
/scratch/data/leah/phertilizer/src/linear_split.py:251: RuntimeWarning: invalid value encountered in true_divide
  tmb = mb_mut_count/mb_tot_count
INFO:root:Mb Count a: 0.8041958041958042 Mb Count b: 0.8361702127659575
/scratch/data/leah/phertilizer/src/linear_split.py:251: RuntimeWarning: invalid value encountered in true_divide
  tmb = mb_mut_count/mb_tot_count
INFO:root:Mb Count a: 0.8277404921700223 Mb Count b: 0.8451327433628318
/scratch/data/leah/phertilizer/src/linear_split.py:251: RuntimeWarning: invalid value encountered in true_divide
  tmb = mb_mut_count/mb_tot_count
INFO:root:Mb Count a: 0.879746835443038 Mb Count b: 0.9247058823529412
/scratch/data/leah/phertilizer/src/linear_split.py:251: RuntimeWarning: invalid value encountered in true_divide
  tmb = mb_mut_count/mb_tot_count
INFO:root:Mb Count a: 0.7721238938053098 Mb Count b: 0.7807606263982103
/scratch/data/leah/phertilizer/src/linear_split.py:251: RuntimeWarning: invalid value encountered in true_divide
  tmb = mb_mut_count/mb_tot_count
INFO:root:Mb Count a: 0.7603833865814696 Mb Count b: 0.8430034129692833
INFO:root:Mb Count a: 3.162583518930958 Mb Count b: 3.168888888888889
/scratch/data/leah/phertilizer/src/linear_split.py:251: RuntimeWarning: invalid value encountered in true_divide
  tmb = mb_mut_count/mb_tot_count
INFO:root:Mb Count a: 0.23529411764705882 Mb Count b: 0.8253968253968254
/scratch/data/leah/phertilizer/src/linear_split.py:251: RuntimeWarning: invalid value encountered in true_divide
  tmb = mb_mut_count/mb_tot_count
INFO:root:Mb Count a: 0.0 Mb Count b: 1.0328798185941044
/scratch/data/leah/phertilizer/src/branching_split.py:108: RuntimeWarning: invalid value encountered in true_divide
  tmb = mut_var_count_by_cell/mut_total_reads_by_cell
/scratch/data/leah/phertilizer/src/branching_split.py:108: RuntimeWarning: invalid value encountered in true_divide
  tmb = mut_var_count_by_cell/mut_total_reads_by_cell
/scratch/data/leah/phertilizer/src/branching_split.py:108: RuntimeWarning: invalid value encountered in true_divide
  tmb = mut_var_count_by_cell/mut_total_reads_by_cell
/scratch/data/leah/phertilizer/src/branching_split.py:108: RuntimeWarning: invalid value encountered in true_divide
  tmb = mut_var_count_by_cell/mut_total_reads_by_cell
/scratch/data/leah/phertilizer/src/branching_split.py:108: RuntimeWarning: invalid value encountered in true_divide
  tmb = mut_var_count_by_cell/mut_total_reads_by_cell
/scratch/data/leah/phertilizer/src/branching_split.py:108: RuntimeWarning: invalid value encountered in true_divide
  tmb = mut_var_count_by_cell/mut_total_reads_by_cell
/scratch/data/leah/phertilizer/src/branching_split.py:108: RuntimeWarning: invalid value encountered in true_divide
  tmb = mut_var_count_by_cell/mut_total_reads_by_cell
/scratch/data/leah/phertilizer/src/branching_split.py:108: RuntimeWarning: invalid value encountered in true_divide
  tmb = mut_var_count_by_cell/mut_total_reads_by_cell
/scratch/data/leah/phertilizer/src/branching_split.py:108: RuntimeWarning: invalid value encountered in true_divide
  tmb = mut_var_count_by_cell/mut_total_reads_by_cell
/scratch/data/leah/phertilizer/src/branching_split.py:108: RuntimeWarning: invalid value encountered in true_divide
  tmb = mut_var_count_by_cell/mut_total_reads_by_cell
/scratch/data/leah/phertilizer/src/branching_split.py:108: RuntimeWarning: invalid value encountered in true_divide
  tmb = mut_var_count_by_cell/mut_total_reads_by_cell
/scratch/data/leah/phertilizer/src/branching_split.py:108: RuntimeWarning: invalid value encountered in true_divide
  tmb = mut_var_count_by_cell/mut_total_reads_by_cell
/scratch/data/leah/phertilizer/src/branching_split.py:108: RuntimeWarning: invalid value encountered in true_divide
  tmb = mut_var_count_by_cell/mut_total_reads_by_cell
/scratch/data/leah/phertilizer/src/branching_split.py:108: RuntimeWarning: invalid value encountered in true_divide
  tmb = mut_var_count_by_cell/mut_total_reads_by_cell
/scratch/data/leah/phertilizer/src/branching_split.py:108: RuntimeWarning: invalid value encountered in true_divide
  tmb = mut_var_count_by_cell/mut_total_reads_by_cell
/scratch/data/leah/phertilizer/src/branching_split.py:108: RuntimeWarning: invalid value encountered in true_divide
  tmb = mut_var_count_by_cell/mut_total_reads_by_cell
/scratch/data/leah/phertilizer/src/branching_split.py:108: RuntimeWarning: invalid value encountered in true_divide
  tmb = mut_var_count_by_cell/mut_total_reads_by_cell
/scratch/data/leah/phertilizer/src/branching_split.py:108: RuntimeWarning: invalid value encountered in true_divide
  tmb = mut_var_count_by_cell/mut_total_reads_by_cell
/scratch/data/leah/phertilizer/src/branching_split.py:108: RuntimeWarning: invalid value encountered in true_divide
  tmb = mut_var_count_by_cell/mut_total_reads_by_cell
/scratch/data/leah/phertilizer/src/branching_split.py:108: RuntimeWarning: invalid value encountered in true_divide
  tmb = mut_var_count_by_cell/mut_total_reads_by_cell
/scratch/data/leah/phertilizer/src/branching_split.py:108: RuntimeWarning: invalid value encountered in true_divide
  tmb = mut_var_count_by_cell/mut_total_reads_by_cell
/scratch/data/leah/phertilizer/src/branching_split.py:108: RuntimeWarning: invalid value encountered in true_divide
  tmb = mut_var_count_by_cell/mut_total_reads_by_cell
/scratch/data/leah/phertilizer/src/branching_split.py:108: RuntimeWarning: invalid value encountered in true_divide
  tmb = mut_var_count_by_cell/mut_total_reads_by_cell
/scratch/data/leah/phertilizer/src/branching_split.py:108: RuntimeWarning: invalid value encountered in true_divide
  tmb = mut_var_count_by_cell/mut_total_reads_by_cell
/scratch/data/leah/phertilizer/src/branching_split.py:108: RuntimeWarning: invalid value encountered in true_divide
  tmb = mut_var_count_by_cell/mut_total_reads_by_cell
/scratch/data/leah/phertilizer/src/linear_split.py:107: RuntimeWarning: invalid value encountered in true_divide
  vaf = binary_counts/binary_tcounts
INFO:root:Mb Count a: 2.391812865497076 Mb Count b: 4.545081967213115
/scratch/data/leah/phertilizer/src/linear_split.py:251: RuntimeWarning: invalid value encountered in true_divide
  tmb = mb_mut_count/mb_tot_count
INFO:root:Mb Count a: 0.1590909090909091 Mb Count b: 2.094736842105263
/scratch/data/leah/phertilizer/src/linear_split.py:251: RuntimeWarning: invalid value encountered in true_divide
  tmb = mb_mut_count/mb_tot_count
INFO:root:Mb Count a: 0.31453362255965295 Mb Count b: 2.328
/scratch/data/leah/phertilizer/src/linear_split.py:251: RuntimeWarning: invalid value encountered in true_divide
  tmb = mb_mut_count/mb_tot_count
INFO:root:Mb Count a: 0.436036036036036 Mb Count b: 1.8387096774193548
/scratch/data/leah/phertilizer/src/linear_split.py:251: RuntimeWarning: invalid value encountered in true_divide
  tmb = mb_mut_count/mb_tot_count
INFO:root:Mb Count a: 0.13513513513513514 Mb Count b: 1.2903225806451613
/scratch/data/leah/phertilizer/src/linear_split.py:251: RuntimeWarning: invalid value encountered in true_divide
  tmb = mb_mut_count/mb_tot_count
INFO:root:Mb Count a: 0.13129496402877697 Mb Count b: 1.4333333333333333
/scratch/data/leah/phertilizer/src/linear_split.py:251: RuntimeWarning: invalid value encountered in true_divide
  tmb = mb_mut_count/mb_tot_count
INFO:root:Mb Count a: 0.13129496402877697 Mb Count b: 1.4333333333333333
/scratch/data/leah/phertilizer/src/linear_split.py:107: RuntimeWarning: invalid value encountered in true_divide
  vaf = binary_counts/binary_tcounts
INFO:root:Mb Count a: 2.340175953079179 Mb Count b: 4.6204081632653065
/scratch/data/leah/phertilizer/src/linear_split.py:251: RuntimeWarning: invalid value encountered in true_divide
  tmb = mb_mut_count/mb_tot_count
INFO:root:Mb Count a: 0.44175824175824174 Mb Count b: 2.6717557251908395
/scratch/data/leah/phertilizer/src/linear_split.py:251: RuntimeWarning: invalid value encountered in true_divide
  tmb = mb_mut_count/mb_tot_count
INFO:root:Mb Count a: 0.1791044776119403 Mb Count b: 2.094017094017094
/scratch/data/leah/phertilizer/src/linear_split.py:251: RuntimeWarning: invalid value encountered in true_divide
  tmb = mb_mut_count/mb_tot_count
INFO:root:Mb Count a: 0.14495798319327732 Mb Count b: 2.0636363636363635
/scratch/data/leah/phertilizer/src/linear_split.py:251: RuntimeWarning: invalid value encountered in true_divide
  tmb = mb_mut_count/mb_tot_count
INFO:root:Mb Count a: 0.1336116910229645 Mb Count b: 2.0841121495327104
/scratch/data/leah/phertilizer/src/linear_split.py:251: RuntimeWarning: invalid value encountered in true_divide
  tmb = mb_mut_count/mb_tot_count
INFO:root:Mb Count a: 0.1336116910229645 Mb Count b: 2.0841121495327104
/scratch/data/leah/phertilizer/src/linear_split.py:107: RuntimeWarning: invalid value encountered in true_divide
  vaf = binary_counts/binary_tcounts
/scratch/data/leah/phertilizer/src/linear_split.py:251: RuntimeWarning: invalid value encountered in true_divide
  tmb = mb_mut_count/mb_tot_count
INFO:root:Mb Count a: 2.564179104477612 Mb Count b: 4.573705179282869
/scratch/data/leah/phertilizer/src/linear_split.py:251: RuntimeWarning: invalid value encountered in true_divide
  tmb = mb_mut_count/mb_tot_count
INFO:root:Mb Count a: 0.3972602739726027 Mb Count b: 2.425675675675676
/scratch/data/leah/phertilizer/src/linear_split.py:251: RuntimeWarning: invalid value encountered in true_divide
  tmb = mb_mut_count/mb_tot_count
INFO:root:Mb Count a: 0.19868995633187772 Mb Count b: 2.0234375
/scratch/data/leah/phertilizer/src/linear_split.py:251: RuntimeWarning: invalid value encountered in true_divide
  tmb = mb_mut_count/mb_tot_count
INFO:root:Mb Count a: 0.4747292418772563 Mb Count b: 1.71875
/scratch/data/leah/phertilizer/src/linear_split.py:251: RuntimeWarning: invalid value encountered in true_divide
  tmb = mb_mut_count/mb_tot_count
INFO:root:Mb Count a: 0.1449016100178891 Mb Count b: 1.3333333333333333
/scratch/data/leah/phertilizer/src/linear_split.py:251: RuntimeWarning: invalid value encountered in true_divide
  tmb = mb_mut_count/mb_tot_count
INFO:root:Mb Count a: 0.14768683274021352 Mb Count b: 1.5
/scratch/data/leah/phertilizer/src/linear_split.py:251: RuntimeWarning: invalid value encountered in true_divide
  tmb = mb_mut_count/mb_tot_count
INFO:root:Mb Count a: 0.13345195729537365 Mb Count b: 1.4583333333333333
/scratch/data/leah/phertilizer/src/branching_split.py:108: RuntimeWarning: invalid value encountered in true_divide
  tmb = mut_var_count_by_cell/mut_total_reads_by_cell
/scratch/data/leah/phertilizer/src/branching_split.py:108: RuntimeWarning: invalid value encountered in true_divide
  tmb = mut_var_count_by_cell/mut_total_reads_by_cell
/scratch/data/leah/phertilizer/src/branching_split.py:108: RuntimeWarning: invalid value encountered in true_divide
  tmb = mut_var_count_by_cell/mut_total_reads_by_cell
/scratch/data/leah/phertilizer/src/branching_split.py:108: RuntimeWarning: invalid value encountered in true_divide
  tmb = mut_var_count_by_cell/mut_total_reads_by_cell
/scratch/data/leah/phertilizer/src/branching_split.py:108: RuntimeWarning: invalid value encountered in true_divide
  tmb = mut_var_count_by_cell/mut_total_reads_by_cell
/scratch/data/leah/phertilizer/src/branching_split.py:108: RuntimeWarning: invalid value encountered in true_divide
  tmb = mut_var_count_by_cell/mut_total_reads_by_cell
/scratch/data/leah/phertilizer/src/branching_split.py:108: RuntimeWarning: invalid value encountered in true_divide
  tmb = mut_var_count_by_cell/mut_total_reads_by_cell
/scratch/data/leah/phertilizer/src/branching_split.py:108: RuntimeWarning: invalid value encountered in true_divide
  tmb = mut_var_count_by_cell/mut_total_reads_by_cell
/scratch/data/leah/phertilizer/src/branching_split.py:108: RuntimeWarning: invalid value encountered in true_divide
  tmb = mut_var_count_by_cell/mut_total_reads_by_cell
/scratch/data/leah/phertilizer/src/linear_split.py:107: RuntimeWarning: invalid value encountered in true_divide
  vaf = binary_counts/binary_tcounts
INFO:root:Mb Count a: 2.5650224215246635 Mb Count b: 5.214876033057851
INFO:root:Mb Count a: 0.39 Mb Count b: 3.3181818181818183
INFO:root:Mb Count a: 0.5128205128205128 Mb Count b: 3.6479591836734695
INFO:root:Mb Count a: 0.17892156862745098 Mb Count b: 3.061797752808989
INFO:root:Mb Count a: 0.17026378896882494 Mb Count b: 3.076923076923077
INFO:root:Mb Count a: 0.11764705882352941 Mb Count b: 2.9101123595505616
INFO:root:Mb Count a: 0.11519607843137254 Mb Count b: 2.938202247191011
INFO:root:Mb Count a: 0.11519607843137254 Mb Count b: 2.960674157303371
/scratch/data/leah/phertilizer/src/linear_split.py:107: RuntimeWarning: invalid value encountered in true_divide
  vaf = binary_counts/binary_tcounts
INFO:root:Mb Count a: 2.5121107266435985 Mb Count b: 5.185185185185185
INFO:root:Mb Count a: 0.45408163265306123 Mb Count b: 3.422680412371134
INFO:root:Mb Count a: 0.16585365853658537 Mb Count b: 2.875
INFO:root:Mb Count a: 0.24379232505643342 Mb Count b: 3.055944055944056
INFO:root:Mb Count a: 0.15555555555555556 Mb Count b: 2.8088235294117645
INFO:root:Mb Count a: 0.19913419913419914 Mb Count b: 2.9193548387096775
INFO:root:Mb Count a: 0.16810344827586207 Mb Count b: 2.8688524590163933
INFO:root:Mb Count a: 0.16594827586206898 Mb Count b: 2.860655737704918
/scratch/data/leah/phertilizer/src/linear_split.py:107: RuntimeWarning: invalid value encountered in true_divide
  vaf = binary_counts/binary_tcounts
INFO:root:Mb Count a: 2.792307692307692 Mb Count b: 5.358895705521473
INFO:root:Mb Count a: 0.5309278350515464 Mb Count b: 3.313131313131313
INFO:root:Mb Count a: 0.35344827586206895 Mb Count b: 3.221311475409836
INFO:root:Mb Count a: 0.1511879049676026 Mb Count b: 2.682926829268293
INFO:root:Mb Count a: 0.14038876889848811 Mb Count b: 2.707317073170732
INFO:root:Mb Count a: 0.21074380165289255 Mb Count b: 2.892156862745098
INFO:root:Mb Count a: 0.13569937369519833 Mb Count b: 2.514018691588785
INFO:root:Mb Count a: 0.13569937369519833 Mb Count b: 2.5233644859813085
