Input data:
    chr  mutation_id  cell_id base  var  total
0  chr8            0      351    C    0      1
1  chr8            0      591    C    0      1
2  chr8            0      651    C    1      1
3  chr8            0      711    C    0      1
4  chr8            0      823    C    0      1
Phertilizer is running in infinite sites mode...

Starting tilling phase....
func:'till' args:[(<phertilizer.Phertilizer object at 0x7f2642c9b340>, 0.0, 0.0, 5, 0.001, 13, False, 1.0, 0.15), {}] took: 37.2137 sec
Tilling phase complete!
Phertilizing a tree with n:4835 cells and m: 1468 SNVs

Starting planting phase....
Starting k-clonal tree inference for seed:
Cells: 4835 Muts: 1468 Ancestral Muts: 0 
Sprouting seed:
Cells: 4835 Muts: 1468 Ancestral Muts: 0 
Sprouting a branching tree from seed ...
(Generator(PCG64) at 0x7F26308D23C0,)
Jump Percentage: 0.9999999999999489 First Eig Val: 7.59732505991773e-16 First Gap: 5.169609751587213e-16 Largest Gap: 0.4801966171086713 Number of Clusters:3
CellsA: 3112 CellsB: 1723
MutsA: 806 mutsB: 334
Jump Percentage: 0.9999999999999739 First Eig Val: 3.3305555143705307e-16 First Gap: 2.6361476996067527e-16 Largest Gap: 0.32392639879599994 Number of Clusters:3
Clonal Tree 0 
[(0, 1), (0, 2)] 
Loss Nodes:0
Node: 0 Cells: 0 Muts: 328 LostMuts: 0
Node: 1 Cells: 3112 Muts: 806 LostMuts: 0
Node: 2 Cells: 1723 Muts: 334 LostMuts: 0
Total Cells: 4835 Total Muts: 1468
Jump Percentage: 0.9999999999999597 First Eig Val: -1.6351345674405292e-16 First Gap: 2.6558556130851593e-16 Largest Gap: 0.46506481803280897 Number of Clusters:3
CellsA: 3112 CellsB: 1723
MutsA: 806 mutsB: 334
Jump Percentage: 0.9999999999999739 First Eig Val: 3.3305555143705307e-16 First Gap: 2.6361476996067527e-16 Largest Gap: 0.32392639879599994 Number of Clusters:3
Clonal Tree 0 
[(0, 1), (0, 2)] 
Loss Nodes:0
Node: 0 Cells: 0 Muts: 328 LostMuts: 0
Node: 1 Cells: 3112 Muts: 806 LostMuts: 0
Node: 2 Cells: 1723 Muts: 334 LostMuts: 0
Total Cells: 4835 Total Muts: 1468
Jump Percentage: 0.9999999999999393 First Eig Val: -1.957942300711588e-16 First Gap: 9.243423246381005e-16 Largest Gap: 0.4773684570549195 Number of Clusters:3
CellsA: 3112 CellsB: 1723
MutsA: 806 mutsB: 334
Jump Percentage: 0.9999999999999739 First Eig Val: 3.3305555143705307e-16 First Gap: 2.6361476996067527e-16 Largest Gap: 0.32392639879599994 Number of Clusters:3
Clonal Tree 0 
[(0, 1), (0, 2)] 
Loss Nodes:0
Node: 0 Cells: 0 Muts: 328 LostMuts: 0
Node: 1 Cells: 3112 Muts: 806 LostMuts: 0
Node: 2 Cells: 1723 Muts: 334 LostMuts: 0
Total Cells: 4835 Total Muts: 1468
Finding the maximum likelihood tree out of 3 trees....
Clonal Tree 0 
[(0, 1), (0, 2)] 
Loss Nodes:0
Node: 0 Cells: 0 Muts: 328 LostMuts: 0
Node: 1 Cells: 3112 Muts: 806 LostMuts: 0
Node: 2 Cells: 1723 Muts: 334 LostMuts: 0
Total Cells: 4835 Total Muts: 1468

Tree: 0 LogLikelihood: 1594488.588295023
Variant LogLikelihood: -52381.33231917115 
RDR LogLikelihood: 1646869.9206141941

Clonal Tree 1 
[(0, 1), (0, 2)] 
Loss Nodes:0
Node: 0 Cells: 0 Muts: 328 LostMuts: 0
Node: 1 Cells: 3112 Muts: 806 LostMuts: 0
Node: 2 Cells: 1723 Muts: 334 LostMuts: 0
Total Cells: 4835 Total Muts: 1468

Tree: 1 LogLikelihood: 1594488.588295023
Variant LogLikelihood: -52381.33231917115 
RDR LogLikelihood: 1646869.9206141941

Clonal Tree 2 
[(0, 1), (0, 2)] 
Loss Nodes:0
Node: 0 Cells: 0 Muts: 328 LostMuts: 0
Node: 1 Cells: 3112 Muts: 806 LostMuts: 0
Node: 2 Cells: 1723 Muts: 334 LostMuts: 0
Total Cells: 4835 Total Muts: 1468

Tree: 2 LogLikelihood: 1594488.588295023
Variant LogLikelihood: -52381.33231917115 
RDR LogLikelihood: 1646869.9206141941

Sprouted tree:
Clonal Tree 0 
[(0, 1), (0, 2)] 
Loss Nodes:0
Node: 0 Cells: 0 Muts: 328 LostMuts: 0
Node: 1 Cells: 3112 Muts: 806 LostMuts: 0
Node: 2 Cells: 1723 Muts: 334 LostMuts: 0
Total Cells: 4835 Total Muts: 1468
Cells: 3112 Muts: 806 Ancestral Muts: 328 
Cells: 1723 Muts: 334 Ancestral Muts: 328 
Sprouting seed:
Cells: 4835 Muts: 1468 Ancestral Muts: 0 
Sprouting a linear tree from seed ...
Jump Percentage: 0.999999999999944 First Eig Val: 6.695847098432783e-16 First Gap: 8.541243591700254e-16 Largest Gap: 0.47448931440285114 Number of Clusters:3
start:0 iteration:0
CellsA: 1723 CellsB: 3112
MutsA: 616 MutsB: 852
Jump Percentage: 0.9999999999999223 First Eig Val: -8.993302721385307e-17 First Gap: 7.246140896730403e-16 Largest Gap: 0.5201913337731676 Number of Clusters:3
adding tree to internal list:
Clonal Tree 0 
[(0, 1)] 
Loss Nodes:0
Node: 0 Cells: 1723 Muts: 616 LostMuts: 0
Node: 1 Cells: 3112 Muts: 852 LostMuts: 0
Total Cells: 4835 Total Muts: 1468
Jump Percentage: 0.999999999999977 First Eig Val: -3.1918909652361826e-16 First Gap: 5.082739417468486e-16 Largest Gap: 0.45814431445565146 Number of Clusters:3
start:1 iteration:0
CellsA: 1723 CellsB: 3112
MutsA: 616 MutsB: 852
Jump Percentage: 0.9999999999999223 First Eig Val: -8.993302721385307e-17 First Gap: 7.246140896730403e-16 Largest Gap: 0.5201913337731676 Number of Clusters:3
adding tree to internal list:
Clonal Tree 0 
[(0, 1)] 
Loss Nodes:0
Node: 0 Cells: 1723 Muts: 616 LostMuts: 0
Node: 1 Cells: 3112 Muts: 852 LostMuts: 0
Total Cells: 4835 Total Muts: 1468
Jump Percentage: 0.9999999999999832 First Eig Val: -7.376705553622457e-16 First Gap: 5.0769398079474e-16 Largest Gap: 0.4806517330979506 Number of Clusters:3
start:2 iteration:0
CellsA: 1723 CellsB: 3112
MutsA: 616 MutsB: 852
Jump Percentage: 0.9999999999999223 First Eig Val: -8.993302721385307e-17 First Gap: 7.246140896730403e-16 Largest Gap: 0.5201913337731676 Number of Clusters:3
adding tree to internal list:
Clonal Tree 0 
[(0, 1)] 
Loss Nodes:0
Node: 0 Cells: 1723 Muts: 616 LostMuts: 0
Node: 1 Cells: 3112 Muts: 852 LostMuts: 0
Total Cells: 4835 Total Muts: 1468
adding tree to candidate list:
Clonal Tree 0 
[(0, 1)] 
Loss Nodes:0
Node: 0 Cells: 1723 Muts: 616 LostMuts: 0
Node: 1 Cells: 3112 Muts: 852 LostMuts: 0
Total Cells: 4835 Total Muts: 1468
Normalized Likelihood: -0.5711302195699771
Using SNV kernel only
Jump Percentage: 0.13632928767400207 First Eig Val: -7.448470459136673e-17 First Gap: 0.655568323750676 Largest Gap: 0.655568323750676 Number of Clusters:1
start:0 iteration:0
CellsA: 1027 CellsB: 696
MutsA: 572 MutsB: 896
Using SNV kernel only
Jump Percentage: 0.13112085785676225 First Eig Val: 1.8438362153575077e-15 First Gap: 0.7663050678928275 Largest Gap: 0.7663050678928275 Number of Clusters:1
start:0 iteration:1
CellsA: 1472 CellsB: 251
MutsA: 572 MutsB: 896
Using SNV kernel only
Jump Percentage: 0.13112085785676225 First Eig Val: 1.8438362153575077e-15 First Gap: 0.7663050678928275 Largest Gap: 0.7663050678928275 Number of Clusters:1
adding tree to internal list:
Clonal Tree 0 
[(0, 1)] 
Loss Nodes:0
Node: 0 Cells: 1472 Muts: 572 LostMuts: 0
Node: 1 Cells: 3363 Muts: 896 LostMuts: 0
Total Cells: 4835 Total Muts: 1468
Using SNV kernel only
Jump Percentage: 0.13354297269657037 First Eig Val: -1.7188155595053544e-16 First Gap: 0.6682327410017687 Largest Gap: 0.6682327410017687 Number of Clusters:1
start:1 iteration:0
CellsA: 970 CellsB: 753
MutsA: 583 MutsB: 885
Using SNV kernel only
Jump Percentage: 0.14243621383372426 First Eig Val: -3.068980029339331e-16 First Gap: 0.7641122903189805 Largest Gap: 0.7641122903189805 Number of Clusters:1
start:1 iteration:1
CellsA: 1513 CellsB: 210
MutsA: 581 MutsB: 887
Using SNV kernel only
Jump Percentage: 0.13204229867401 First Eig Val: -1.853013784544616e-15 First Gap: 0.7599281193703252 Largest Gap: 0.7599281193703252 Number of Clusters:1
start:1 iteration:2
CellsA: 1510 CellsB: 213
MutsA: 581 MutsB: 887
Using SNV kernel only
Jump Percentage: 0.13204229867401 First Eig Val: -1.853013784544616e-15 First Gap: 0.7599281193703252 Largest Gap: 0.7599281193703252 Number of Clusters:1
adding tree to internal list:
Clonal Tree 0 
[(0, 1)] 
Loss Nodes:0
Node: 0 Cells: 1510 Muts: 581 LostMuts: 0
Node: 1 Cells: 3325 Muts: 887 LostMuts: 0
Total Cells: 4835 Total Muts: 1468
Using SNV kernel only
Jump Percentage: 0.1322384843863196 First Eig Val: -5.009630398446788e-16 First Gap: 0.6743691454289261 Largest Gap: 0.6743691454289261 Number of Clusters:1
start:2 iteration:0
CellsA: 798 CellsB: 925
MutsA: 532 MutsB: 936
Using SNV kernel only
Jump Percentage: 0.2071116580483724 First Eig Val: -2.9364422532655773e-15 First Gap: 0.6941451437515082 Largest Gap: 0.6941451437515082 Number of Clusters:1
start:2 iteration:1
CellsA: 1206 CellsB: 517
MutsA: 530 MutsB: 938
Using SNV kernel only
Jump Percentage: 0.20636082596399594 First Eig Val: 3.555792038637e-15 First Gap: 0.6933889442577847 Largest Gap: 0.6933889442577847 Number of Clusters:1
start:2 iteration:2
CellsA: 1204 CellsB: 519
MutsA: 530 MutsB: 938
Using SNV kernel only
Jump Percentage: 0.20636082596399594 First Eig Val: 3.555792038637e-15 First Gap: 0.6933889442577847 Largest Gap: 0.6933889442577847 Number of Clusters:1
adding tree to internal list:
Clonal Tree 0 
[(0, 1)] 
Loss Nodes:0
Node: 0 Cells: 1204 Muts: 530 LostMuts: 0
Node: 1 Cells: 3631 Muts: 938 LostMuts: 0
Total Cells: 4835 Total Muts: 1468
adding tree to candidate list:
Clonal Tree 1 
[(0, 1)] 
Loss Nodes:0
Node: 0 Cells: 1510 Muts: 581 LostMuts: 0
Node: 1 Cells: 3325 Muts: 887 LostMuts: 0
Total Cells: 4835 Total Muts: 1468
Normalized Likelihood: -0.575841312079034
Using SNV kernel only
Jump Percentage: 0.10603897422523126 First Eig Val: 7.629244626486753e-16 First Gap: 0.6636283816147381 Largest Gap: 0.6636283816147381 Number of Clusters:1
start:0 iteration:0
CellsA: 711 CellsB: 799
MutsA: 509 MutsB: 959
Using SNV kernel only
Jump Percentage: 0.15709435136322053 First Eig Val: -1.1168386234668014e-16 First Gap: 0.7175344900478355 Largest Gap: 0.7175344900478355 Number of Clusters:1
start:0 iteration:1
CellsA: 1096 CellsB: 414
MutsA: 504 MutsB: 964
Using SNV kernel only
Jump Percentage: 0.14269587826431435 First Eig Val: -2.0990086550258798e-17 First Gap: 0.7133997009788929 Largest Gap: 0.7133997009788929 Number of Clusters:1
start:0 iteration:2
CellsA: 1092 CellsB: 418
MutsA: 504 MutsB: 964
Using SNV kernel only
Jump Percentage: 0.14269587826431435 First Eig Val: -2.0990086550258798e-17 First Gap: 0.7133997009788929 Largest Gap: 0.7133997009788929 Number of Clusters:1
adding tree to internal list:
Clonal Tree 0 
[(0, 1)] 
Loss Nodes:0
Node: 0 Cells: 1092 Muts: 504 LostMuts: 0
Node: 1 Cells: 3743 Muts: 964 LostMuts: 0
Total Cells: 4835 Total Muts: 1468
Using SNV kernel only
Jump Percentage: 0.12055270968192018 First Eig Val: 2.7486010686893536e-16 First Gap: 0.6847313707773831 Largest Gap: 0.6847313707773831 Number of Clusters:1
start:1 iteration:0
CellsA: 712 CellsB: 798
MutsA: 504 MutsB: 964
Using SNV kernel only
Jump Percentage: 0.11272321811565784 First Eig Val: -1.8264637352389016e-16 First Gap: 0.657940023319676 Largest Gap: 0.657940023319676 Number of Clusters:1
start:1 iteration:1
CellsA: 1112 CellsB: 398
MutsA: 503 MutsB: 965
Using SNV kernel only
Jump Percentage: 0.11328604072946251 First Eig Val: -2.564990477571365e-15 First Gap: 0.6582179253965426 Largest Gap: 0.6582179253965426 Number of Clusters:1
adding tree to internal list:
Clonal Tree 0 
[(0, 1)] 
Loss Nodes:0
Node: 0 Cells: 1112 Muts: 503 LostMuts: 0
Node: 1 Cells: 3723 Muts: 965 LostMuts: 0
Total Cells: 4835 Total Muts: 1468
Using SNV kernel only
Jump Percentage: 0.1272196867702631 First Eig Val: 7.807458294894604e-16 First Gap: 0.6688793548876965 Largest Gap: 0.6688793548876965 Number of Clusters:1
start:2 iteration:0
CellsA: 733 CellsB: 777
MutsA: 512 MutsB: 956
Using SNV kernel only
Jump Percentage: 0.1505785574049638 First Eig Val: 1.9359723763920545e-15 First Gap: 0.6917670960053188 Largest Gap: 0.6917670960053188 Number of Clusters:1
start:2 iteration:1
CellsA: 1124 CellsB: 386
MutsA: 506 MutsB: 962
Using SNV kernel only
Jump Percentage: 0.14280016478915616 First Eig Val: 2.9907853954936694e-15 First Gap: 0.689776398182734 Largest Gap: 0.689776398182734 Number of Clusters:1
start:2 iteration:2
CellsA: 1120 CellsB: 390
MutsA: 506 MutsB: 962
Using SNV kernel only
Jump Percentage: 0.14280016478915616 First Eig Val: 2.9907853954936694e-15 First Gap: 0.689776398182734 Largest Gap: 0.689776398182734 Number of Clusters:1
adding tree to internal list:
Clonal Tree 0 
[(0, 1)] 
Loss Nodes:0
Node: 0 Cells: 1120 Muts: 506 LostMuts: 0
Node: 1 Cells: 3715 Muts: 962 LostMuts: 0
Total Cells: 4835 Total Muts: 1468
adding tree to candidate list:
Clonal Tree 1 
[(0, 1)] 
Loss Nodes:0
Node: 0 Cells: 1112 Muts: 503 LostMuts: 0
Node: 1 Cells: 3723 Muts: 965 LostMuts: 0
Total Cells: 4835 Total Muts: 1468
Normalized Likelihood: -0.591662962185562
Using SNV kernel only
Jump Percentage: 0.1543262412721701 First Eig Val: -9.291979362300418e-17 First Gap: 0.6250634919754222 Largest Gap: 0.6250634919754222 Number of Clusters:1
start:0 iteration:0
CellsA: 743 CellsB: 369
MutsA: 481 MutsB: 987
Using SNV kernel only
Jump Percentage: 0.11469166105883101 First Eig Val: 1.0679925820592986e-16 First Gap: 0.8226468701212329 Largest Gap: 0.8226468701212329 Number of Clusters:1
start:0 iteration:1
CellsA: 1018 CellsB: 94
MutsA: 480 MutsB: 988
Using SNV kernel only
Jump Percentage: 0.11469166105883101 First Eig Val: 1.0679925820592986e-16 First Gap: 0.8226468701212329 Largest Gap: 0.8226468701212329 Number of Clusters:1
adding tree to internal list:
Clonal Tree 0 
[(0, 1)] 
Loss Nodes:0
Node: 0 Cells: 1018 Muts: 480 LostMuts: 0
Node: 1 Cells: 3817 Muts: 988 LostMuts: 0
Total Cells: 4835 Total Muts: 1468
Using SNV kernel only
Jump Percentage: 0.1602732608520736 First Eig Val: -2.6871608712575016e-16 First Gap: 0.6008030445528123 Largest Gap: 0.6008030445528123 Number of Clusters:1
start:1 iteration:0
CellsA: 611 CellsB: 501
MutsA: 446 MutsB: 1022
Using SNV kernel only
Jump Percentage: 0.1499378872771487 First Eig Val: -2.2779211314920373e-15 First Gap: 0.7196440580410134 Largest Gap: 0.7196440580410134 Number of Clusters:1
start:1 iteration:1
CellsA: 862 CellsB: 250
MutsA: 443 MutsB: 1025
Using SNV kernel only
Jump Percentage: 0.15096766494796413 First Eig Val: 1.9681396440476427e-15 First Gap: 0.7201449025168021 Largest Gap: 0.7201449025168021 Number of Clusters:1
adding tree to internal list:
Clonal Tree 0 
[(0, 1)] 
Loss Nodes:0
Node: 0 Cells: 862 Muts: 443 LostMuts: 0
Node: 1 Cells: 3973 Muts: 1025 LostMuts: 0
Total Cells: 4835 Total Muts: 1468
Using SNV kernel only
Jump Percentage: 0.16148432000741456 First Eig Val: -2.91912919730648e-16 First Gap: 0.6191887319629817 Largest Gap: 0.6191887319629817 Number of Clusters:1
start:2 iteration:0
CellsA: 646 CellsB: 466
MutsA: 459 MutsB: 1009
Using SNV kernel only
Jump Percentage: 0.1481871118815136 First Eig Val: -5.160393283661505e-16 First Gap: 0.7747079040799606 Largest Gap: 0.7747079040799606 Number of Clusters:1
start:2 iteration:1
CellsA: 930 CellsB: 182
MutsA: 457 MutsB: 1011
Using SNV kernel only
Jump Percentage: 0.1480201556854323 First Eig Val: -4.0124555997539077e-16 First Gap: 0.7749064467458586 Largest Gap: 0.7749064467458586 Number of Clusters:1
adding tree to internal list:
Clonal Tree 0 
[(0, 1)] 
Loss Nodes:0
Node: 0 Cells: 930 Muts: 457 LostMuts: 0
Node: 1 Cells: 3905 Muts: 1011 LostMuts: 0
Total Cells: 4835 Total Muts: 1468
adding tree to candidate list:
Clonal Tree 0 
[(0, 1)] 
Loss Nodes:0
Node: 0 Cells: 1018 Muts: 480 LostMuts: 0
Node: 1 Cells: 3817 Muts: 988 LostMuts: 0
Total Cells: 4835 Total Muts: 1468
Normalized Likelihood: -0.5953454207384752
Using SNV kernel only
Jump Percentage: 0.1314880287461418 First Eig Val: 3.999229411696549e-17 First Gap: 0.6890527908205291 Largest Gap: 0.6890527908205291 Number of Clusters:1
start:0 iteration:0
CellsA: 690 CellsB: 328
MutsA: 454 MutsB: 1014
Using SNV kernel only
Jump Percentage: 0.13401971398741827 First Eig Val: -1.0810695832362694e-15 First Gap: 0.7502452012451439 Largest Gap: 0.7502452012451439 Number of Clusters:1
start:0 iteration:1
CellsA: 920 CellsB: 98
MutsA: 452 MutsB: 1016
Using SNV kernel only
Jump Percentage: 0.13401971398741827 First Eig Val: -1.0810695832362694e-15 First Gap: 0.7502452012451439 Largest Gap: 0.7502452012451439 Number of Clusters:1
adding tree to internal list:
Clonal Tree 0 
[(0, 1)] 
Loss Nodes:0
Node: 0 Cells: 920 Muts: 452 LostMuts: 0
Node: 1 Cells: 3915 Muts: 1016 LostMuts: 0
Total Cells: 4835 Total Muts: 1468
Using SNV kernel only
Jump Percentage: 0.1502166613428029 First Eig Val: -8.680594913122091e-16 First Gap: 0.6221331114271482 Largest Gap: 0.6221331114271482 Number of Clusters:1
start:1 iteration:0
CellsA: 588 CellsB: 430
MutsA: 433 MutsB: 1035
Using SNV kernel only
Jump Percentage: 0.1843568081895627 First Eig Val: 1.0274231910265258e-15 First Gap: 0.754821815295588 Largest Gap: 0.754821815295588 Number of Clusters:1
start:1 iteration:1
CellsA: 833 CellsB: 185
MutsA: 427 MutsB: 1041
Using SNV kernel only
Jump Percentage: 0.1817115388977448 First Eig Val: 1.7709216953353391e-15 First Gap: 0.7517429047502695 Largest Gap: 0.7517429047502695 Number of Clusters:1
start:1 iteration:2
CellsA: 832 CellsB: 186
MutsA: 427 MutsB: 1041
Using SNV kernel only
Jump Percentage: 0.1817115388977448 First Eig Val: 1.7709216953353391e-15 First Gap: 0.7517429047502695 Largest Gap: 0.7517429047502695 Number of Clusters:1
adding tree to internal list:
Clonal Tree 0 
[(0, 1)] 
Loss Nodes:0
Node: 0 Cells: 832 Muts: 427 LostMuts: 0
Node: 1 Cells: 4003 Muts: 1041 LostMuts: 0
Total Cells: 4835 Total Muts: 1468
Using SNV kernel only
Jump Percentage: 0.13711718599232614 First Eig Val: -2.600602080124591e-16 First Gap: 0.688790935174767 Largest Gap: 0.688790935174767 Number of Clusters:1
start:2 iteration:0
CellsA: 566 CellsB: 452
MutsA: 428 MutsB: 1040
Using SNV kernel only
Jump Percentage: 0.1701062301951242 First Eig Val: 2.016372200614934e-15 First Gap: 0.7427723836173193 Largest Gap: 0.7427723836173193 Number of Clusters:1
start:2 iteration:1
CellsA: 823 CellsB: 195
MutsA: 423 MutsB: 1045
Using SNV kernel only
Jump Percentage: 0.16018771928914682 First Eig Val: -3.191073145745373e-16 First Gap: 0.7406478516504749 Largest Gap: 0.7406478516504749 Number of Clusters:1
start:2 iteration:2
CellsA: 821 CellsB: 197
MutsA: 423 MutsB: 1045
Using SNV kernel only
Jump Percentage: 0.16018771928914682 First Eig Val: -3.191073145745373e-16 First Gap: 0.7406478516504749 Largest Gap: 0.7406478516504749 Number of Clusters:1
adding tree to internal list:
Clonal Tree 0 
[(0, 1)] 
Loss Nodes:0
Node: 0 Cells: 821 Muts: 423 LostMuts: 0
Node: 1 Cells: 4014 Muts: 1045 LostMuts: 0
Total Cells: 4835 Total Muts: 1468
adding tree to candidate list:
Clonal Tree 0 
[(0, 1)] 
Loss Nodes:0
Node: 0 Cells: 920 Muts: 452 LostMuts: 0
Node: 1 Cells: 3915 Muts: 1016 LostMuts: 0
Total Cells: 4835 Total Muts: 1468
Normalized Likelihood: -0.5996971066250351
Clonal Tree 0 
[(0, 1)] 
Loss Nodes:0
Node: 0 Cells: 1723 Muts: 616 LostMuts: 0
Node: 1 Cells: 3112 Muts: 852 LostMuts: 0
Total Cells: 4835 Total Muts: 1468
Normalized Likelihood: -0.5711302195699771
Clonal Tree 1 
[(0, 1)] 
Loss Nodes:0
Node: 0 Cells: 1510 Muts: 581 LostMuts: 0
Node: 1 Cells: 3325 Muts: 887 LostMuts: 0
Total Cells: 4835 Total Muts: 1468
Normalized Likelihood: -0.575841312079034
Clonal Tree 2 
[(0, 1)] 
Loss Nodes:0
Node: 0 Cells: 1112 Muts: 503 LostMuts: 0
Node: 1 Cells: 3723 Muts: 965 LostMuts: 0
Total Cells: 4835 Total Muts: 1468
Normalized Likelihood: -0.591662962185562
Clonal Tree 3 
[(0, 1)] 
Loss Nodes:0
Node: 0 Cells: 1018 Muts: 480 LostMuts: 0
Node: 1 Cells: 3817 Muts: 988 LostMuts: 0
Total Cells: 4835 Total Muts: 1468
Normalized Likelihood: -0.5953454207384752
Clonal Tree 4 
[(0, 1)] 
Loss Nodes:0
Node: 0 Cells: 920 Muts: 452 LostMuts: 0
Node: 1 Cells: 3915 Muts: 1016 LostMuts: 0
Total Cells: 4835 Total Muts: 1468
Normalized Likelihood: -0.5996971066250351
linear split norm likelihood best tree
Clonal Tree 0 
[(0, 1)] 
Loss Nodes:0
Node: 0 Cells: 1723 Muts: 616 LostMuts: 0
Node: 1 Cells: 3112 Muts: 852 LostMuts: 0
Total Cells: 4835 Total Muts: 1468
Sprouted tree:
Clonal Tree 0 
[(0, 1)] 
Loss Nodes:0
Node: 0 Cells: 1723 Muts: 616 LostMuts: 0
Node: 1 Cells: 3112 Muts: 852 LostMuts: 0
Total Cells: 4835 Total Muts: 1468
Cells: 3112 Muts: 852 Ancestral Muts: 616 
Number of subproblems remaining: 3
Starting k-clonal tree inference for seed:
Cells: 3112 Muts: 852 Ancestral Muts: 616 
Sprouting seed:
Cells: 3112 Muts: 852 Ancestral Muts: 616 
Sprouting a branching tree from seed ...
(Generator(PCG64) at 0x7F26308D23C0,)
Jump Percentage: 0.9999999999999598 First Eig Val: -4.616710370617358e-16 First Gap: 6.073593952879201e-16 Largest Gap: 0.5875249827229857 Number of Clusters:2
CellsA: 981 CellsB: 2131
MutsA: 473 mutsB: 11
Jump Percentage: 0.9999999999999759 First Eig Val: 5.80456134776558e-16 First Gap: 1.3980958737001246e-16 Largest Gap: 0.5893089706505974 Number of Clusters:2
CellsA: 2131 CellsB: 981
MutsA: 11 mutsB: 473
Jump Percentage: 0.9999999999999308 First Eig Val: -8.972444821560095e-17 First Gap: 8.309106887660283e-16 Largest Gap: 0.5800127787263427 Number of Clusters:2
CellsA: 981 CellsB: 2131
MutsA: 473 mutsB: 11
Sprouted tree:
None
<bound method Phertilizer.sprout_branching of <phertilizer.Phertilizer object at 0x7f2642c9b340>> invalid
Sprouting seed:
Cells: 3112 Muts: 852 Ancestral Muts: 616 
Sprouting a linear tree from seed ...
Jump Percentage: 0.9999999999999674 First Eig Val: -4.500444604352269e-16 First Gap: 7.955503342893381e-16 Largest Gap: 0.544695348569322 Number of Clusters:2
start:0 iteration:0
CellsA: 2131 CellsB: 981
MutsA: 379 MutsB: 473
Jump Percentage: 0.999999999999968 First Eig Val: 8.116088346772711e-16 First Gap: 7.869317353548991e-17 Largest Gap: 0.5813993223529563 Number of Clusters:2
adding tree to internal list:
Clonal Tree 0 
[(0, 1)] 
Loss Nodes:0
Node: 0 Cells: 2131 Muts: 379 LostMuts: 0
Node: 1 Cells: 981 Muts: 473 LostMuts: 0
Total Cells: 3112 Total Muts: 852
Jump Percentage: 0.9999999999999736 First Eig Val: 4.560593900232705e-16 First Gap: 7.128161838674733e-16 Largest Gap: 0.5451943680059966 Number of Clusters:2
start:1 iteration:0
CellsA: 2131 CellsB: 981
MutsA: 379 MutsB: 473
Jump Percentage: 0.999999999999968 First Eig Val: 8.116088346772711e-16 First Gap: 7.869317353548991e-17 Largest Gap: 0.5813993223529563 Number of Clusters:2
adding tree to internal list:
Clonal Tree 0 
[(0, 1)] 
Loss Nodes:0
Node: 0 Cells: 2131 Muts: 379 LostMuts: 0
Node: 1 Cells: 981 Muts: 473 LostMuts: 0
Total Cells: 3112 Total Muts: 852
Jump Percentage: 0.9999999999999777 First Eig Val: -4.102441564820879e-16 First Gap: 1.7938569141529967e-16 Largest Gap: 0.5415892046720636 Number of Clusters:2
start:2 iteration:0
CellsA: 2131 CellsB: 981
MutsA: 379 MutsB: 473
Jump Percentage: 0.999999999999968 First Eig Val: 8.116088346772711e-16 First Gap: 7.869317353548991e-17 Largest Gap: 0.5813993223529563 Number of Clusters:2
adding tree to internal list:
Clonal Tree 0 
[(0, 1)] 
Loss Nodes:0
Node: 0 Cells: 2131 Muts: 379 LostMuts: 0
Node: 1 Cells: 981 Muts: 473 LostMuts: 0
Total Cells: 3112 Total Muts: 852
adding tree to candidate list:
Clonal Tree 0 
[(0, 1)] 
Loss Nodes:0
Node: 0 Cells: 2131 Muts: 379 LostMuts: 0
Node: 1 Cells: 981 Muts: 473 LostMuts: 0
Total Cells: 3112 Total Muts: 852
Normalized Likelihood: -0.5253052121839634
Using SNV kernel only
Jump Percentage: 0.6175528177103586 First Eig Val: 9.951428684393494e-16 First Gap: 0.8463114436380913 Largest Gap: 0.8463114436380913 Number of Clusters:1
start:0 iteration:0
CellsA: 1842 CellsB: 289
MutsA: 312 MutsB: 540
Using SNV kernel only
Jump Percentage: 0.22076339184435276 First Eig Val: 1.630653853073506e-15 First Gap: 0.7875218519574367 Largest Gap: 0.7875218519574367 Number of Clusters:1
start:0 iteration:1
CellsA: 1951 CellsB: 180
MutsA: 305 MutsB: 547
Using SNV kernel only
Jump Percentage: 0.21482942035591143 First Eig Val: -1.4530484516231747e-15 First Gap: 0.7943456947634369 Largest Gap: 0.7943456947634369 Number of Clusters:1
start:0 iteration:2
CellsA: 2018 CellsB: 113
MutsA: 314 MutsB: 538
Using SNV kernel only
Jump Percentage: 0.23170799615885598 First Eig Val: -3.5998253586400274e-16 First Gap: 0.8038110138727604 Largest Gap: 0.8038110138727604 Number of Clusters:1
start:0 iteration:3
CellsA: 2020 CellsB: 111
MutsA: 314 MutsB: 538
Using SNV kernel only
Jump Percentage: 0.23170799615885598 First Eig Val: -3.5998253586400274e-16 First Gap: 0.8038110138727604 Largest Gap: 0.8038110138727604 Number of Clusters:1
adding tree to internal list:
Clonal Tree 0 
[(0, 1)] 
Loss Nodes:0
Node: 0 Cells: 2020 Muts: 314 LostMuts: 0
Node: 1 Cells: 1092 Muts: 538 LostMuts: 0
Total Cells: 3112 Total Muts: 852
Using SNV kernel only
Jump Percentage: 0.35702778291423215 First Eig Val: -2.415111021137451e-15 First Gap: 0.8694479581675697 Largest Gap: 0.8694479581675697 Number of Clusters:1
start:1 iteration:0
CellsA: 1875 CellsB: 256
MutsA: 306 MutsB: 546
Using SNV kernel only
Jump Percentage: 0.285650500241671 First Eig Val: -2.4307259158296587e-15 First Gap: 0.7904423898332592 Largest Gap: 0.7904423898332592 Number of Clusters:1
start:1 iteration:1
CellsA: 1693 CellsB: 438
MutsA: 255 MutsB: 597
Using SNV kernel only
Jump Percentage: 0.1867101161368843 First Eig Val: 4.980942280961847e-16 First Gap: 0.7470462579148827 Largest Gap: 0.7470462579148827 Number of Clusters:1
start:1 iteration:2
CellsA: 1892 CellsB: 239
MutsA: 265 MutsB: 587
Using SNV kernel only
Jump Percentage: 0.18424833760449816 First Eig Val: -1.1101952602782435e-15 First Gap: 0.755333265076058 Largest Gap: 0.755333265076058 Number of Clusters:1
start:1 iteration:3
CellsA: 1906 CellsB: 225
MutsA: 264 MutsB: 588
Using SNV kernel only
Jump Percentage: 0.18375297305568447 First Eig Val: -1.096631764762241e-15 First Gap: 0.7550225797644229 Largest Gap: 0.7550225797644229 Number of Clusters:1
start:1 iteration:4
CellsA: 1905 CellsB: 226
MutsA: 263 MutsB: 589
Using SNV kernel only
Jump Percentage: 0.18309342193844874 First Eig Val: -1.1131559677596357e-15 First Gap: 0.7545333044683793 Largest Gap: 0.7545333044683793 Number of Clusters:1
start:1 iteration:5
CellsA: 1906 CellsB: 225
MutsA: 263 MutsB: 589
Using SNV kernel only
Jump Percentage: 0.18309342193844874 First Eig Val: -1.1131559677596357e-15 First Gap: 0.7545333044683793 Largest Gap: 0.7545333044683793 Number of Clusters:1
adding tree to internal list:
Clonal Tree 0 
[(0, 1)] 
Loss Nodes:0
Node: 0 Cells: 1906 Muts: 263 LostMuts: 0
Node: 1 Cells: 1206 Muts: 589 LostMuts: 0
Total Cells: 3112 Total Muts: 852
Using SNV kernel only
Jump Percentage: 0.5058981197699065 First Eig Val: -2.430309696367051e-16 First Gap: 0.867076894170237 Largest Gap: 0.867076894170237 Number of Clusters:1
start:2 iteration:0
CellsA: 1897 CellsB: 234
MutsA: 308 MutsB: 544
Using SNV kernel only
Jump Percentage: 0.26781966355248704 First Eig Val: 1.5285362512161786e-15 First Gap: 0.7939243351244543 Largest Gap: 0.7939243351244543 Number of Clusters:1
start:2 iteration:1
CellsA: 1888 CellsB: 243
MutsA: 286 MutsB: 566
Using SNV kernel only
Jump Percentage: 0.22979812836010485 First Eig Val: -1.3452724423259832e-16 First Gap: 0.7735912749911699 Largest Gap: 0.7735912749911699 Number of Clusters:1
start:2 iteration:2
CellsA: 1999 CellsB: 132
MutsA: 302 MutsB: 550
Using SNV kernel only
Jump Percentage: 0.25250672063599783 First Eig Val: -2.1828407988141327e-15 First Gap: 0.7861807330773155 Largest Gap: 0.7861807330773155 Number of Clusters:1
start:2 iteration:3
CellsA: 2004 CellsB: 127
MutsA: 302 MutsB: 550
Using SNV kernel only
Jump Percentage: 0.25250672063599783 First Eig Val: -2.1828407988141327e-15 First Gap: 0.7861807330773155 Largest Gap: 0.7861807330773155 Number of Clusters:1
adding tree to internal list:
Clonal Tree 0 
[(0, 1)] 
Loss Nodes:0
Node: 0 Cells: 2004 Muts: 302 LostMuts: 0
Node: 1 Cells: 1108 Muts: 550 LostMuts: 0
Total Cells: 3112 Total Muts: 852
adding tree to candidate list:
Clonal Tree 1 
[(0, 1)] 
Loss Nodes:0
Node: 0 Cells: 1906 Muts: 263 LostMuts: 0
Node: 1 Cells: 1206 Muts: 589 LostMuts: 0
Total Cells: 3112 Total Muts: 852
Normalized Likelihood: -0.41469208984744
Using SNV kernel only
Jump Percentage: 0.6761769901466622 First Eig Val: -1.2679007112235186e-15 First Gap: 0.8909967624000702 Largest Gap: 0.8909967624000702 Number of Clusters:1
start:0 iteration:0
CellsA: 1888 CellsB: 18
MutsA: 263 MutsB: 589
Using SNV kernel only
Jump Percentage: 0.1517864412538526 First Eig Val: -1.7610763650317868e-15 First Gap: 0.4425229377983897 Largest Gap: 0.4425229377983897 Number of Clusters:1
start:0 iteration:1
CellsA: 1755 CellsB: 151
MutsA: 256 MutsB: 596
Using SNV kernel only
Jump Percentage: 0.1396069873570135 First Eig Val: -4.713295500873114e-16 First Gap: 0.7250450988444185 Largest Gap: 0.7250450988444185 Number of Clusters:1
start:0 iteration:2
CellsA: 1748 CellsB: 158
MutsA: 256 MutsB: 596
Using SNV kernel only
Jump Percentage: 0.1396069873570135 First Eig Val: -4.713295500873114e-16 First Gap: 0.7250450988444185 Largest Gap: 0.7250450988444185 Number of Clusters:1
adding tree to internal list:
Clonal Tree 0 
[(0, 1)] 
Loss Nodes:0
Node: 0 Cells: 1748 Muts: 256 LostMuts: 0
Node: 1 Cells: 1364 Muts: 596 LostMuts: 0
Total Cells: 3112 Total Muts: 852
Using SNV kernel only
Jump Percentage: 0.5985755902771562 First Eig Val: 1.5542356345045924e-15 First Gap: 0.9622506119675269 Largest Gap: 0.9622506119675269 Number of Clusters:1
start:1 iteration:0
CellsA: 1889 CellsB: 17
MutsA: 262 MutsB: 590
Using SNV kernel only
Jump Percentage: 0.150130676952164 First Eig Val: -2.239245945514628e-16 First Gap: 0.46455923244279496 Largest Gap: 0.46455923244279496 Number of Clusters:1
start:1 iteration:1
CellsA: 1755 CellsB: 151
MutsA: 256 MutsB: 596
Using SNV kernel only
Jump Percentage: 0.1396069873570135 First Eig Val: -4.713295500873114e-16 First Gap: 0.7250450988444185 Largest Gap: 0.7250450988444185 Number of Clusters:1
start:1 iteration:2
CellsA: 1748 CellsB: 158
MutsA: 256 MutsB: 596
Using SNV kernel only
Jump Percentage: 0.1396069873570135 First Eig Val: -4.713295500873114e-16 First Gap: 0.7250450988444185 Largest Gap: 0.7250450988444185 Number of Clusters:1
adding tree to internal list:
Clonal Tree 0 
[(0, 1)] 
Loss Nodes:0
Node: 0 Cells: 1748 Muts: 256 LostMuts: 0
Node: 1 Cells: 1364 Muts: 596 LostMuts: 0
Total Cells: 3112 Total Muts: 852
Using SNV kernel only
Jump Percentage: 0.5738622310905499 First Eig Val: 5.166799130792551e-15 First Gap: 0.9608346940074098 Largest Gap: 0.9608346940074098 Number of Clusters:1
start:2 iteration:0
CellsA: 1888 CellsB: 18
MutsA: 262 MutsB: 590
Using SNV kernel only
Jump Percentage: 0.15123397814867068 First Eig Val: -1.9717165183549866e-15 First Gap: 0.4386898083100366 Largest Gap: 0.4386898083100366 Number of Clusters:1
start:2 iteration:1
CellsA: 1753 CellsB: 153
MutsA: 255 MutsB: 597
Using SNV kernel only
Jump Percentage: 0.13959468892542626 First Eig Val: -1.5148791202651914e-15 First Gap: 0.7228244105351697 Largest Gap: 0.7228244105351697 Number of Clusters:1
start:2 iteration:2
CellsA: 1661 CellsB: 245
MutsA: 245 MutsB: 607
Using SNV kernel only
Jump Percentage: 0.124736400088454 First Eig Val: 7.371818868368954e-16 First Gap: 0.6982264091752246 Largest Gap: 0.6982264091752246 Number of Clusters:1
start:2 iteration:3
CellsA: 1644 CellsB: 262
MutsA: 245 MutsB: 607
Using SNV kernel only
Jump Percentage: 0.124736400088454 First Eig Val: 7.371818868368954e-16 First Gap: 0.6982264091752246 Largest Gap: 0.6982264091752246 Number of Clusters:1
adding tree to internal list:
Clonal Tree 0 
[(0, 1)] 
Loss Nodes:0
Node: 0 Cells: 1644 Muts: 245 LostMuts: 0
Node: 1 Cells: 1468 Muts: 607 LostMuts: 0
Total Cells: 3112 Total Muts: 852
adding tree to candidate list:
Clonal Tree 2 
[(0, 1)] 
Loss Nodes:0
Node: 0 Cells: 1644 Muts: 245 LostMuts: 0
Node: 1 Cells: 1468 Muts: 607 LostMuts: 0
Total Cells: 3112 Total Muts: 852
Normalized Likelihood: -0.3399053802257598
Using SNV kernel only
Jump Percentage: 0.17900007110504002 First Eig Val: -1.2573850432131405e-15 First Gap: 0.6119819509021461 Largest Gap: 0.6119819509021461 Number of Clusters:1
start:0 iteration:0
CellsA: 866 CellsB: 778
MutsA: 114 MutsB: 738
Using SNV kernel only
Jump Percentage: 0.17256015827380777 First Eig Val: -2.0076877745400492e-15 First Gap: 0.6374099937716633 Largest Gap: 0.6374099937716633 Number of Clusters:1
start:0 iteration:1
CellsA: 869 CellsB: 775
MutsA: 115 MutsB: 737
Using SNV kernel only
Jump Percentage: 0.17059077128193145 First Eig Val: -2.646921599573644e-15 First Gap: 0.6375067926385078 Largest Gap: 0.6375067926385078 Number of Clusters:1
start:0 iteration:2
CellsA: 874 CellsB: 770
MutsA: 114 MutsB: 738
Using SNV kernel only
Jump Percentage: 0.17080781594239242 First Eig Val: -1.4647431047671267e-16 First Gap: 0.6373413337598657 Largest Gap: 0.6373413337598657 Number of Clusters:1
start:0 iteration:3
CellsA: 873 CellsB: 771
MutsA: 114 MutsB: 738
Using SNV kernel only
Jump Percentage: 0.17080781594239242 First Eig Val: -1.4647431047671267e-16 First Gap: 0.6373413337598657 Largest Gap: 0.6373413337598657 Number of Clusters:1
Using SNV kernel only
Jump Percentage: 0.3597603831737367 First Eig Val: 1.3545963955012103e-16 First Gap: 0.6221827513752723 Largest Gap: 0.6221827513752723 Number of Clusters:1
start:1 iteration:0
CellsA: 886 CellsB: 758
MutsA: 116 MutsB: 736
Using SNV kernel only
Jump Percentage: 0.18209211106801304 First Eig Val: -7.976615989867342e-16 First Gap: 0.7503991722919496 Largest Gap: 0.7503991722919496 Number of Clusters:1
start:1 iteration:1
CellsA: 895 CellsB: 749
MutsA: 116 MutsB: 736
Using SNV kernel only
Jump Percentage: 0.18209211106801304 First Eig Val: -7.976615989867342e-16 First Gap: 0.7503991722919496 Largest Gap: 0.7503991722919496 Number of Clusters:1
Using SNV kernel only
Jump Percentage: 0.35094104949535554 First Eig Val: 2.26146381976033e-15 First Gap: 0.622437725744193 Largest Gap: 0.622437725744193 Number of Clusters:1
start:2 iteration:0
CellsA: 910 CellsB: 734
MutsA: 129 MutsB: 723
Using SNV kernel only
Jump Percentage: 0.1531231753483789 First Eig Val: -1.023256451268975e-15 First Gap: 0.6488584451942978 Largest Gap: 0.6488584451942978 Number of Clusters:1
start:2 iteration:1
CellsA: 911 CellsB: 733
MutsA: 129 MutsB: 723
Using SNV kernel only
Jump Percentage: 0.1531231753483789 First Eig Val: -1.023256451268975e-15 First Gap: 0.6488584451942978 Largest Gap: 0.6488584451942978 Number of Clusters:1
Clonal Tree 0 
[(0, 1)] 
Loss Nodes:0
Node: 0 Cells: 2131 Muts: 379 LostMuts: 0
Node: 1 Cells: 981 Muts: 473 LostMuts: 0
Total Cells: 3112 Total Muts: 852
Normalized Likelihood: -0.5253052121839634
Clonal Tree 1 
[(0, 1)] 
Loss Nodes:0
Node: 0 Cells: 1906 Muts: 263 LostMuts: 0
Node: 1 Cells: 1206 Muts: 589 LostMuts: 0
Total Cells: 3112 Total Muts: 852
Normalized Likelihood: -0.41469208984744
Clonal Tree 2 
[(0, 1)] 
Loss Nodes:0
Node: 0 Cells: 1644 Muts: 245 LostMuts: 0
Node: 1 Cells: 1468 Muts: 607 LostMuts: 0
Total Cells: 3112 Total Muts: 852
Normalized Likelihood: -0.3399053802257598
linear split norm likelihood best tree
Clonal Tree 2 
[(0, 1)] 
Loss Nodes:0
Node: 0 Cells: 1644 Muts: 245 LostMuts: 0
Node: 1 Cells: 1468 Muts: 607 LostMuts: 0
Total Cells: 3112 Total Muts: 852
Sprouted tree:
Clonal Tree 2 
[(0, 1)] 
Loss Nodes:0
Node: 0 Cells: 1644 Muts: 245 LostMuts: 0
Node: 1 Cells: 1468 Muts: 607 LostMuts: 0
Total Cells: 3112 Total Muts: 852
Cells: 1468 Muts: 607 Ancestral Muts: 861 
Number of subproblems remaining: 3
Starting k-clonal tree inference for seed:
Cells: 1468 Muts: 607 Ancestral Muts: 861 
Sprouting seed:
Cells: 1468 Muts: 607 Ancestral Muts: 861 
Sprouting a branching tree from seed ...
(Generator(PCG64) at 0x7F26308D23C0,)
Jump Percentage: 0.9999999999999928 First Eig Val: -4.507873308192421e-16 First Gap: 2.3803594513391955e-16 Largest Gap: 0.5086845097753386 Number of Clusters:2
CellsA: 981 CellsB: 487
MutsA: 341 mutsB: 10
Jump Percentage: 0.9999999999999829 First Eig Val: -2.7728952597509125e-16 First Gap: 1.4343217851524406e-16 Largest Gap: 0.5103802745476017 Number of Clusters:2
CellsA: 487 CellsB: 981
MutsA: 10 mutsB: 341
Jump Percentage: 0.9999999999999938 First Eig Val: -5.851537662472267e-16 First Gap: 5.773798003231288e-16 Largest Gap: 0.501557188386127 Number of Clusters:2
CellsA: 487 CellsB: 981
MutsA: 10 mutsB: 341
Sprouted tree:
None
<bound method Phertilizer.sprout_branching of <phertilizer.Phertilizer object at 0x7f2642c9b340>> invalid
Sprouting seed:
Cells: 1468 Muts: 607 Ancestral Muts: 861 
Sprouting a linear tree from seed ...
Jump Percentage: 0.9999999999999911 First Eig Val: 1.9762122327523802e-20 First Gap: 9.320176895183759e-17 Largest Gap: 0.42841259682239724 Number of Clusters:2
start:0 iteration:0
CellsA: 487 CellsB: 981
MutsA: 268 MutsB: 339
Jump Percentage: 0.9999999999999806 First Eig Val: 2.4069621603948284e-16 First Gap: 3.27154055680512e-16 Largest Gap: 0.4531241964795266 Number of Clusters:2
adding tree to internal list:
Clonal Tree 0 
[(0, 1)] 
Loss Nodes:0
Node: 0 Cells: 487 Muts: 268 LostMuts: 0
Node: 1 Cells: 981 Muts: 339 LostMuts: 0
Total Cells: 1468 Total Muts: 607
Jump Percentage: 0.9999999999999925 First Eig Val: 1.4456432911308818e-16 First Gap: 2.8701935073809612e-16 Largest Gap: 0.43635200026224275 Number of Clusters:2
start:1 iteration:0
CellsA: 487 CellsB: 981
MutsA: 268 MutsB: 339
Jump Percentage: 0.9999999999999806 First Eig Val: 2.4069621603948284e-16 First Gap: 3.27154055680512e-16 Largest Gap: 0.4531241964795266 Number of Clusters:2
adding tree to internal list:
Clonal Tree 0 
[(0, 1)] 
Loss Nodes:0
Node: 0 Cells: 487 Muts: 268 LostMuts: 0
Node: 1 Cells: 981 Muts: 339 LostMuts: 0
Total Cells: 1468 Total Muts: 607
Jump Percentage: 0.9999999999999853 First Eig Val: -6.685397862156871e-17 First Gap: 5.154363621129631e-17 Largest Gap: 0.4462585117435419 Number of Clusters:2
start:2 iteration:0
CellsA: 487 CellsB: 981
MutsA: 268 MutsB: 339
Jump Percentage: 0.9999999999999806 First Eig Val: 2.4069621603948284e-16 First Gap: 3.27154055680512e-16 Largest Gap: 0.4531241964795266 Number of Clusters:2
adding tree to internal list:
Clonal Tree 0 
[(0, 1)] 
Loss Nodes:0
Node: 0 Cells: 487 Muts: 268 LostMuts: 0
Node: 1 Cells: 981 Muts: 339 LostMuts: 0
Total Cells: 1468 Total Muts: 607
adding tree to candidate list:
Clonal Tree 0 
[(0, 1)] 
Loss Nodes:0
Node: 0 Cells: 487 Muts: 268 LostMuts: 0
Node: 1 Cells: 981 Muts: 339 LostMuts: 0
Total Cells: 1468 Total Muts: 607
Normalized Likelihood: -0.5798133048304583
Clonal Tree 0 
[(0, 1)] 
Loss Nodes:0
Node: 0 Cells: 487 Muts: 268 LostMuts: 0
Node: 1 Cells: 981 Muts: 339 LostMuts: 0
Total Cells: 1468 Total Muts: 607
Normalized Likelihood: -0.5798133048304583
linear split norm likelihood best tree
Clonal Tree 0 
[(0, 1)] 
Loss Nodes:0
Node: 0 Cells: 487 Muts: 268 LostMuts: 0
Node: 1 Cells: 981 Muts: 339 LostMuts: 0
Total Cells: 1468 Total Muts: 607
Sprouted tree:
Clonal Tree 0 
[(0, 1)] 
Loss Nodes:0
Node: 0 Cells: 487 Muts: 268 LostMuts: 0
Node: 1 Cells: 981 Muts: 339 LostMuts: 0
Total Cells: 1468 Total Muts: 607
Cells: 981 Muts: 339 Ancestral Muts: 1129 
Number of subproblems remaining: 3
Starting k-clonal tree inference for seed:
Cells: 981 Muts: 339 Ancestral Muts: 1129 
Sprouting seed:
Cells: 981 Muts: 339 Ancestral Muts: 1129 
Sprouting a branching tree from seed ...
(Generator(PCG64) at 0x7F26308D23C0,)
Max copy distance < 1, using SNV kernel only
Jump Percentage: 0.1348021888802915 First Eig Val: 2.352704556411264e-16 First Gap: 0.3444538553015816 Largest Gap: 0.3444538553015816 Number of Clusters:1
CellsA: 571 CellsB: 410
MutsA: 55 mutsB: 32
Max copy distance < 1, using SNV kernel only
Jump Percentage: 0.1399228037102595 First Eig Val: 4.3550056648708812e-16 First Gap: 0.3356696550844036 Largest Gap: 0.3356696550844036 Number of Clusters:1
CellsA: 293 CellsB: 688
MutsA: 15 mutsB: 82
Max copy distance < 1, using SNV kernel only
Jump Percentage: 0.12634758060219 First Eig Val: -2.0636272442377087e-16 First Gap: 0.33445882930650733 Largest Gap: 0.33445882930650733 Number of Clusters:1
CellsA: 309 CellsB: 672
MutsA: 25 mutsB: 77
Sprouted tree:
None
<bound method Phertilizer.sprout_branching of <phertilizer.Phertilizer object at 0x7f2642c9b340>> invalid
Sprouting seed:
Cells: 981 Muts: 339 Ancestral Muts: 1129 
Sprouting a linear tree from seed ...
Using SNV kernel only
Jump Percentage: 0.24266663548507098 First Eig Val: -1.688915934189298e-16 First Gap: 0.2518637805849885 Largest Gap: 0.32137972988467917 Number of Clusters:3
start:0 iteration:0
CellsA: 317 CellsB: 664
MutsA: 151 MutsB: 188
Using SNV kernel only
Jump Percentage: 0.19922416306816068 First Eig Val: 1.2692483343821988e-15 First Gap: 0.27708656107864876 Largest Gap: 0.3040060980593024 Number of Clusters:3
start:0 iteration:1
CellsA: 338 CellsB: 643
MutsA: 150 MutsB: 189
Using SNV kernel only
Jump Percentage: 0.1973353049377009 First Eig Val: 3.4776137867914664e-16 First Gap: 0.2776493483850972 Largest Gap: 0.2996132246300705 Number of Clusters:3
Using SNV kernel only
Jump Percentage: 0.21685727140477196 First Eig Val: -9.222088153890164e-16 First Gap: 0.25478253143779134 Largest Gap: 0.3236802792511842 Number of Clusters:3
start:1 iteration:0
CellsA: 362 CellsB: 619
MutsA: 164 MutsB: 175
Using SNV kernel only
Jump Percentage: 0.21696367139748773 First Eig Val: 1.0359856689960026e-15 First Gap: 0.25018377961720323 Largest Gap: 0.3189696654553905 Number of Clusters:3
start:1 iteration:1
CellsA: 386 CellsB: 595
MutsA: 163 MutsB: 176
Using SNV kernel only
Jump Percentage: 0.21728814093552962 First Eig Val: 1.1714326694184088e-15 First Gap: 0.24796336384752032 Largest Gap: 0.32212764983373826 Number of Clusters:3
start:1 iteration:2
CellsA: 387 CellsB: 594
MutsA: 163 MutsB: 176
Using SNV kernel only
Jump Percentage: 0.21728814093552962 First Eig Val: 1.1714326694184088e-15 First Gap: 0.24796336384752032 Largest Gap: 0.32212764983373826 Number of Clusters:3
Using SNV kernel only
Jump Percentage: 0.24085836745459485 First Eig Val: 3.51823604971547e-17 First Gap: 0.26234200708891126 Largest Gap: 0.3512005078457162 Number of Clusters:3
start:2 iteration:0
CellsA: 824 CellsB: 157
MutsA: 325 MutsB: 14
Using SNV kernel only
Terminating cell clustering due to NANs in affinity matrix
Sprouted tree:
None
<bound method Phertilizer.sprout_linear of <phertilizer.Phertilizer object at 0x7f2642c9b340>> invalid
Number of subproblems remaining: 2
Starting k-clonal tree inference for seed:
Cells: 1723 Muts: 334 Ancestral Muts: 328 
Sprouting seed:
Cells: 1723 Muts: 334 Ancestral Muts: 328 
Sprouting a branching tree from seed ...
(Generator(PCG64) at 0x7F26308D23C0,)
Max copy distance < 1, using SNV kernel only
Jump Percentage: 0.16142841144772385 First Eig Val: 1.432233043109878e-15 First Gap: 0.3307902058880787 Largest Gap: 0.3307902058880787 Number of Clusters:1
CellsA: 786 CellsB: 937
MutsA: 49 mutsB: 28
Sprouted tree:
None
<bound method Phertilizer.sprout_branching of <phertilizer.Phertilizer object at 0x7f2642c9b340>> invalid
Sprouting seed:
Cells: 1723 Muts: 334 Ancestral Muts: 328 
Sprouting a linear tree from seed ...
Using SNV kernel only
Jump Percentage: 0.2139117228806322 First Eig Val: -1.3449731237590053e-15 First Gap: 0.2165084168368724 Largest Gap: 0.37077964813189423 Number of Clusters:3
start:0 iteration:0
CellsA: 1431 CellsB: 292
MutsA: 281 MutsB: 53
Using SNV kernel only
Terminating cell clustering due to NANs in affinity matrix
Using SNV kernel only
Jump Percentage: 0.2910247322812239 First Eig Val: 8.109425674376913e-16 First Gap: 0.1968435763959497 Largest Gap: 0.3564423875700603 Number of Clusters:3
start:1 iteration:0
CellsA: 1390 CellsB: 333
MutsA: 281 MutsB: 53
Using SNV kernel only
Terminating cell clustering due to NANs in affinity matrix
Using SNV kernel only
Jump Percentage: 0.4136038535522355 First Eig Val: -1.3357777340836138e-15 First Gap: 0.21533815730601447 Largest Gap: 0.36198395992640275 Number of Clusters:3
start:2 iteration:0
CellsA: 1441 CellsB: 282
MutsA: 280 MutsB: 54
Using SNV kernel only
Terminating cell clustering due to NANs in affinity matrix
Sprouted tree:
None
<bound method Phertilizer.sprout_linear of <phertilizer.Phertilizer object at 0x7f2642c9b340>> invalid
Number of subproblems remaining: 1
Starting k-clonal tree inference for seed:
Cells: 3112 Muts: 806 Ancestral Muts: 328 
Sprouting seed:
Cells: 3112 Muts: 806 Ancestral Muts: 328 
Sprouting a branching tree from seed ...
(Generator(PCG64) at 0x7F26308D23C0,)
Jump Percentage: 0.9999999999999523 First Eig Val: 1.4345041751952358e-17 First Gap: 8.5861110072418305e-16 Largest Gap: 0.5668212506145974 Number of Clusters:2
CellsA: 2131 CellsB: 981
MutsA: 11 mutsB: 427
Jump Percentage: 0.9999999999999776 First Eig Val: -8.583684612011626e-17 First Gap: 1.0672133272064509e-15 Largest Gap: 0.5564540087412987 Number of Clusters:2
CellsA: 2131 CellsB: 981
MutsA: 11 mutsB: 427
Jump Percentage: 0.9999999999999449 First Eig Val: -4.0448043884476353e-16 First Gap: 8.573440805921639e-16 Largest Gap: 0.577075214401058 Number of Clusters:2
CellsA: 981 CellsB: 2131
MutsA: 427 mutsB: 11
Sprouted tree:
None
<bound method Phertilizer.sprout_branching of <phertilizer.Phertilizer object at 0x7f2642c9b340>> invalid
Sprouting seed:
Cells: 3112 Muts: 806 Ancestral Muts: 328 
Sprouting a linear tree from seed ...
Jump Percentage: 0.9999999999999662 First Eig Val: -1.0661376597729415e-16 First Gap: 4.97142835040259e-16 Largest Gap: 0.517743818492011 Number of Clusters:2
start:0 iteration:0
CellsA: 2131 CellsB: 981
MutsA: 379 MutsB: 427
Jump Percentage: 0.999999999999954 First Eig Val: -7.835280194175922e-16 First Gap: 2.6356599446077383e-16 Largest Gap: 0.5214167905311671 Number of Clusters:2
adding tree to internal list:
Clonal Tree 0 
[(0, 1)] 
Loss Nodes:0
Node: 0 Cells: 2131 Muts: 379 LostMuts: 0
Node: 1 Cells: 981 Muts: 427 LostMuts: 0
Total Cells: 3112 Total Muts: 806
Jump Percentage: 0.9999999999999754 First Eig Val: -4.1449952937867843e-16 First Gap: 1.497566405818684e-15 Largest Gap: 0.5092373866909473 Number of Clusters:2
start:1 iteration:0
CellsA: 2131 CellsB: 981
MutsA: 379 MutsB: 427
Jump Percentage: 0.999999999999954 First Eig Val: -7.835280194175922e-16 First Gap: 2.6356599446077383e-16 Largest Gap: 0.5214167905311671 Number of Clusters:2
adding tree to internal list:
Clonal Tree 0 
[(0, 1)] 
Loss Nodes:0
Node: 0 Cells: 2131 Muts: 379 LostMuts: 0
Node: 1 Cells: 981 Muts: 427 LostMuts: 0
Total Cells: 3112 Total Muts: 806
Jump Percentage: 0.9999999999999322 First Eig Val: -5.49659673918829e-16 First Gap: 8.440374698505682e-16 Largest Gap: 0.4834135288210676 Number of Clusters:2
start:2 iteration:0
CellsA: 2131 CellsB: 981
MutsA: 379 MutsB: 427
Jump Percentage: 0.999999999999954 First Eig Val: -7.835280194175922e-16 First Gap: 2.6356599446077383e-16 Largest Gap: 0.5214167905311671 Number of Clusters:2
adding tree to internal list:
Clonal Tree 0 
[(0, 1)] 
Loss Nodes:0
Node: 0 Cells: 2131 Muts: 379 LostMuts: 0
Node: 1 Cells: 981 Muts: 427 LostMuts: 0
Total Cells: 3112 Total Muts: 806
adding tree to candidate list:
Clonal Tree 0 
[(0, 1)] 
Loss Nodes:0
Node: 0 Cells: 2131 Muts: 379 LostMuts: 0
Node: 1 Cells: 981 Muts: 427 LostMuts: 0
Total Cells: 3112 Total Muts: 806
Normalized Likelihood: -0.5606642736176616
Using SNV kernel only
Jump Percentage: 0.3572573488288507 First Eig Val: 1.996191947142714e-15 First Gap: 0.8157547553680635 Largest Gap: 0.8157547553680635 Number of Clusters:1
start:0 iteration:0
CellsA: 1813 CellsB: 318
MutsA: 292 MutsB: 514
Using SNV kernel only
Jump Percentage: 0.2415363306504166 First Eig Val: -7.246618073876033e-16 First Gap: 0.7488279040886212 Largest Gap: 0.7488279040886212 Number of Clusters:1
start:0 iteration:1
CellsA: 1653 CellsB: 478
MutsA: 243 MutsB: 563
Using SNV kernel only
Jump Percentage: 0.20411119224252086 First Eig Val: -3.183474319715311e-16 First Gap: 0.7066320067023129 Largest Gap: 0.7066320067023129 Number of Clusters:1
start:0 iteration:2
CellsA: 1828 CellsB: 303
MutsA: 251 MutsB: 555
Using SNV kernel only
Jump Percentage: 0.2155282105384342 First Eig Val: -2.0455644669531222e-15 First Gap: 0.7126350914538176 Largest Gap: 0.7126350914538176 Number of Clusters:1
start:0 iteration:3
CellsA: 1941 CellsB: 190
MutsA: 268 MutsB: 538
Using SNV kernel only
Jump Percentage: 0.23829014079515384 First Eig Val: 1.976692708313559e-15 First Gap: 0.7268156977729743 Largest Gap: 0.7268156977729743 Number of Clusters:1
start:0 iteration:4
CellsA: 1992 CellsB: 139
MutsA: 290 MutsB: 516
Using SNV kernel only
Jump Percentage: 0.29449516759351113 First Eig Val: -2.4143865650605683e-15 First Gap: 0.7454402358085617 Largest Gap: 0.7454402358085617 Number of Clusters:1
start:0 iteration:5
CellsA: 1914 CellsB: 217
MutsA: 288 MutsB: 518
Using SNV kernel only
Jump Percentage: 0.29176046353053436 First Eig Val: -2.3177912077276798e-15 First Gap: 0.7437711867385046 Largest Gap: 0.7437711867385046 Number of Clusters:1
start:0 iteration:6
CellsA: 1913 CellsB: 218
MutsA: 288 MutsB: 518
Using SNV kernel only
Jump Percentage: 0.29176046353053436 First Eig Val: -2.3177912077276798e-15 First Gap: 0.7437711867385046 Largest Gap: 0.7437711867385046 Number of Clusters:1
adding tree to internal list:
Clonal Tree 0 
[(0, 1)] 
Loss Nodes:0
Node: 0 Cells: 1913 Muts: 288 LostMuts: 0
Node: 1 Cells: 1199 Muts: 518 LostMuts: 0
Total Cells: 3112 Total Muts: 806
Using SNV kernel only
Jump Percentage: 0.5104032800248816 First Eig Val: -4.158138686794039e-16 First Gap: 0.8006150690112239 Largest Gap: 0.8006150690112239 Number of Clusters:1
start:1 iteration:0
CellsA: 1955 CellsB: 176
MutsA: 322 MutsB: 484
Using SNV kernel only
Jump Percentage: 0.27972610749159843 First Eig Val: 4.3688722813211004e-16 First Gap: 0.7757496688668658 Largest Gap: 0.7757496688668658 Number of Clusters:1
start:1 iteration:1
CellsA: 2005 CellsB: 126
MutsA: 320 MutsB: 486
Using SNV kernel only
Jump Percentage: 0.28120531108698565 First Eig Val: 5.789219942402933e-16 First Gap: 0.7766932334376674 Largest Gap: 0.7766932334376674 Number of Clusters:1
start:1 iteration:2
CellsA: 1767 CellsB: 364
MutsA: 268 MutsB: 538
Using SNV kernel only
Jump Percentage: 0.19331077521806436 First Eig Val: -3.65758043197231e-15 First Gap: 0.7250386713790299 Largest Gap: 0.7250386713790299 Number of Clusters:1
start:1 iteration:3
CellsA: 1870 CellsB: 261
MutsA: 264 MutsB: 542
Using SNV kernel only
Jump Percentage: 0.2200375203335817 First Eig Val: -2.405820694966464e-15 First Gap: 0.7218617375869362 Largest Gap: 0.7218617375869362 Number of Clusters:1
start:1 iteration:4
CellsA: 1943 CellsB: 188
MutsA: 276 MutsB: 530
Using SNV kernel only
Jump Percentage: 0.23090600201488662 First Eig Val: 3.423440802837777e-15 First Gap: 0.7281736594702483 Largest Gap: 0.7281736594702483 Number of Clusters:1
start:1 iteration:5
CellsA: 1891 CellsB: 240
MutsA: 275 MutsB: 531
Using SNV kernel only
Jump Percentage: 0.23071336068540452 First Eig Val: 8.25463715862739e-16 First Gap: 0.7279978705453867 Largest Gap: 0.7279978705453867 Number of Clusters:1
start:1 iteration:6
CellsA: 1889 CellsB: 242
MutsA: 275 MutsB: 531
Using SNV kernel only
Jump Percentage: 0.23071336068540452 First Eig Val: 8.25463715862739e-16 First Gap: 0.7279978705453867 Largest Gap: 0.7279978705453867 Number of Clusters:1
adding tree to internal list:
Clonal Tree 0 
[(0, 1)] 
Loss Nodes:0
Node: 0 Cells: 1889 Muts: 275 LostMuts: 0
Node: 1 Cells: 1223 Muts: 531 LostMuts: 0
Total Cells: 3112 Total Muts: 806
Using SNV kernel only
Jump Percentage: 0.5466148358635302 First Eig Val: -3.0074608695130263e-15 First Gap: 0.8320799686677938 Largest Gap: 0.8320799686677938 Number of Clusters:1
start:2 iteration:0
CellsA: 1858 CellsB: 273
MutsA: 286 MutsB: 520
Using SNV kernel only
Jump Percentage: 0.24957215140292943 First Eig Val: 5.233067572185963e-16 First Gap: 0.7520172901264708 Largest Gap: 0.7520172901264708 Number of Clusters:1
start:2 iteration:1
CellsA: 1693 CellsB: 438
MutsA: 252 MutsB: 554
Using SNV kernel only
Jump Percentage: 0.19922725905887137 First Eig Val: 2.307208546692184e-15 First Gap: 0.7209422557730902 Largest Gap: 0.7209422557730902 Number of Clusters:1
start:2 iteration:2
CellsA: 1851 CellsB: 280
MutsA: 258 MutsB: 548
Using SNV kernel only
Jump Percentage: 0.21985916621297583 First Eig Val: -1.456493838120104e-15 First Gap: 0.7216305684529026 Largest Gap: 0.7216305684529026 Number of Clusters:1
start:2 iteration:3
CellsA: 1949 CellsB: 182
MutsA: 278 MutsB: 528
Using SNV kernel only
Jump Percentage: 0.24870445270751032 First Eig Val: 2.951769417813394e-15 First Gap: 0.7387347185106665 Largest Gap: 0.7387347185106665 Number of Clusters:1
start:2 iteration:4
CellsA: 1999 CellsB: 132
MutsA: 291 MutsB: 515
Using SNV kernel only
Jump Percentage: 0.27050767659277847 First Eig Val: 3.6692567065395654e-16 First Gap: 0.7517939812793295 Largest Gap: 0.7517939812793295 Number of Clusters:1
start:2 iteration:5
CellsA: 1976 CellsB: 155
MutsA: 292 MutsB: 514
Using SNV kernel only
Jump Percentage: 0.30592132187614235 First Eig Val: 1.3320042677036657e-15 First Gap: 0.7503015784921773 Largest Gap: 0.7503015784921773 Number of Clusters:1
start:2 iteration:6
CellsA: 1924 CellsB: 207
MutsA: 291 MutsB: 515
Using SNV kernel only
Jump Percentage: 0.305419423242083 First Eig Val: 2.6444565603927176e-15 First Gap: 0.7502688043435697 Largest Gap: 0.7502688043435697 Number of Clusters:1
start:2 iteration:7
CellsA: 1925 CellsB: 206
MutsA: 291 MutsB: 515
Using SNV kernel only
Jump Percentage: 0.305419423242083 First Eig Val: 2.6444565603927176e-15 First Gap: 0.7502688043435697 Largest Gap: 0.7502688043435697 Number of Clusters:1
adding tree to internal list:
Clonal Tree 0 
[(0, 1)] 
Loss Nodes:0
Node: 0 Cells: 1925 Muts: 291 LostMuts: 0
Node: 1 Cells: 1187 Muts: 515 LostMuts: 0
Total Cells: 3112 Total Muts: 806
adding tree to candidate list:
Clonal Tree 1 
[(0, 1)] 
Loss Nodes:0
Node: 0 Cells: 1889 Muts: 275 LostMuts: 0
Node: 1 Cells: 1223 Muts: 531 LostMuts: 0
Total Cells: 3112 Total Muts: 806
Normalized Likelihood: -0.4442960492896873
Using SNV kernel only
Jump Percentage: 0.5802602666571155 First Eig Val: -1.5402781399708638e-15 First Gap: 0.9038681082909099 Largest Gap: 0.9038681082909099 Number of Clusters:1
start:0 iteration:0
CellsA: 1869 CellsB: 20
MutsA: 274 MutsB: 532
Using SNV kernel only
Jump Percentage: 0.18277663675676697 First Eig Val: -2.235122744959046e-15 First Gap: 0.656839736648013 Largest Gap: 0.656839736648013 Number of Clusters:1
start:0 iteration:1
CellsA: 1698 CellsB: 191
MutsA: 253 MutsB: 553
Using SNV kernel only
Jump Percentage: 0.23164181279896448 First Eig Val: -3.599159417209718e-15 First Gap: 0.8773767419157529 Largest Gap: 0.8773767419157529 Number of Clusters:1
start:0 iteration:2
CellsA: 1659 CellsB: 230
MutsA: 244 MutsB: 562
Using SNV kernel only
Jump Percentage: 0.19939105419369962 First Eig Val: -3.2244912816960595e-15 First Gap: 0.8689732559937364 Largest Gap: 0.8689732559937364 Number of Clusters:1
start:0 iteration:3
CellsA: 1643 CellsB: 246
MutsA: 244 MutsB: 562
Using SNV kernel only
Jump Percentage: 0.19939105419369962 First Eig Val: -3.2244912816960595e-15 First Gap: 0.8689732559937364 Largest Gap: 0.8689732559937364 Number of Clusters:1
adding tree to internal list:
Clonal Tree 0 
[(0, 1)] 
Loss Nodes:0
Node: 0 Cells: 1643 Muts: 244 LostMuts: 0
Node: 1 Cells: 1469 Muts: 562 LostMuts: 0
Total Cells: 3112 Total Muts: 806
Using SNV kernel only
Jump Percentage: 0.5976677448126317 First Eig Val: 1.7215090590431013e-15 First Gap: 0.9058042791999501 Largest Gap: 0.9058042791999501 Number of Clusters:1
start:1 iteration:0
CellsA: 1870 CellsB: 19
MutsA: 272 MutsB: 534
Using SNV kernel only
Jump Percentage: 0.19569935170920957 First Eig Val: -8.443200793082557e-16 First Gap: 0.6947646669952496 Largest Gap: 0.6947646669952496 Number of Clusters:1
start:1 iteration:1
CellsA: 1691 CellsB: 198
MutsA: 249 MutsB: 557
Using SNV kernel only
Jump Percentage: 0.2035758951287025 First Eig Val: 3.479091925113027e-15 First Gap: 0.8720711444114091 Largest Gap: 0.8720711444114091 Number of Clusters:1
start:1 iteration:2
CellsA: 1651 CellsB: 238
MutsA: 243 MutsB: 563
Using SNV kernel only
Jump Percentage: 0.19859381059688533 First Eig Val: -4.5772182330074014e-15 First Gap: 0.8671823685573401 Largest Gap: 0.8671823685573401 Number of Clusters:1
start:1 iteration:3
CellsA: 1641 CellsB: 248
MutsA: 243 MutsB: 563
Using SNV kernel only
Jump Percentage: 0.19859381059688533 First Eig Val: -4.5772182330074014e-15 First Gap: 0.8671823685573401 Largest Gap: 0.8671823685573401 Number of Clusters:1
adding tree to internal list:
Clonal Tree 0 
[(0, 1)] 
Loss Nodes:0
Node: 0 Cells: 1641 Muts: 243 LostMuts: 0
Node: 1 Cells: 1471 Muts: 563 LostMuts: 0
Total Cells: 3112 Total Muts: 806
Using SNV kernel only
Jump Percentage: 0.4566645094328106 First Eig Val: -1.8968443171392644e-15 First Gap: 0.917083558319381 Largest Gap: 0.917083558319381 Number of Clusters:1
start:2 iteration:0
CellsA: 1870 CellsB: 19
MutsA: 274 MutsB: 532
Using SNV kernel only
Jump Percentage: 0.19959769263086152 First Eig Val: -5.144245493890158e-17 First Gap: 0.5811468200297519 Largest Gap: 0.5811468200297519 Number of Clusters:1
start:2 iteration:1
CellsA: 1696 CellsB: 193
MutsA: 251 MutsB: 555
Using SNV kernel only
Jump Percentage: 0.2284652601583154 First Eig Val: -6.745404632539412e-16 First Gap: 0.8746190348142093 Largest Gap: 0.8746190348142093 Number of Clusters:1
start:2 iteration:2
CellsA: 1655 CellsB: 234
MutsA: 243 MutsB: 563
Using SNV kernel only
Jump Percentage: 0.19859381059688533 First Eig Val: -4.5772182330074014e-15 First Gap: 0.8671823685573401 Largest Gap: 0.8671823685573401 Number of Clusters:1
start:2 iteration:3
CellsA: 1641 CellsB: 248
MutsA: 243 MutsB: 563
Using SNV kernel only
Jump Percentage: 0.19859381059688533 First Eig Val: -4.5772182330074014e-15 First Gap: 0.8671823685573401 Largest Gap: 0.8671823685573401 Number of Clusters:1
adding tree to internal list:
Clonal Tree 0 
[(0, 1)] 
Loss Nodes:0
Node: 0 Cells: 1641 Muts: 243 LostMuts: 0
Node: 1 Cells: 1471 Muts: 563 LostMuts: 0
Total Cells: 3112 Total Muts: 806
adding tree to candidate list:
Clonal Tree 1 
[(0, 1)] 
Loss Nodes:0
Node: 0 Cells: 1641 Muts: 243 LostMuts: 0
Node: 1 Cells: 1471 Muts: 563 LostMuts: 0
Total Cells: 3112 Total Muts: 806
Normalized Likelihood: -0.36464787633720275
Using SNV kernel only
Jump Percentage: 0.2643650666998859 First Eig Val: -8.642337845712681e-16 First Gap: 0.582583804319113 Largest Gap: 0.582583804319113 Number of Clusters:1
start:0 iteration:0
CellsA: 899 CellsB: 742
MutsA: 124 MutsB: 682
Using SNV kernel only
Jump Percentage: 0.18486606396436897 First Eig Val: -2.8594925524971014e-17 First Gap: 0.7272069980235066 Largest Gap: 0.7272069980235066 Number of Clusters:1
start:0 iteration:1
CellsA: 906 CellsB: 735
MutsA: 124 MutsB: 682
Using SNV kernel only
Jump Percentage: 0.18486606396436897 First Eig Val: -2.8594925524971014e-17 First Gap: 0.7272069980235066 Largest Gap: 0.7272069980235066 Number of Clusters:1
Using SNV kernel only
Jump Percentage: 0.208103758472165 First Eig Val: 1.6691865550924426e-16 First Gap: 0.5849147526724192 Largest Gap: 0.5849147526724192 Number of Clusters:1
start:1 iteration:0
CellsA: 941 CellsB: 700
MutsA: 129 MutsB: 677
Using SNV kernel only
Jump Percentage: 0.20047770795295505 First Eig Val: -9.645634301018938e-16 First Gap: 0.7374660158203874 Largest Gap: 0.7374660158203874 Number of Clusters:1
start:1 iteration:1
CellsA: 944 CellsB: 697
MutsA: 129 MutsB: 677
Using SNV kernel only
Jump Percentage: 0.20047770795295505 First Eig Val: -9.645634301018938e-16 First Gap: 0.7374660158203874 Largest Gap: 0.7374660158203874 Number of Clusters:1
Using SNV kernel only
Jump Percentage: 0.2694684734345093 First Eig Val: -2.229718528337841e-15 First Gap: 0.5930727457165321 Largest Gap: 0.5930727457165321 Number of Clusters:1
start:2 iteration:0
CellsA: 914 CellsB: 727
MutsA: 119 MutsB: 687
Using SNV kernel only
Jump Percentage: 0.15634524304972042 First Eig Val: -1.0643799307717244e-16 First Gap: 0.6543158506164959 Largest Gap: 0.6543158506164959 Number of Clusters:1
start:2 iteration:1
CellsA: 923 CellsB: 718
MutsA: 117 MutsB: 689
Using SNV kernel only
Jump Percentage: 0.15663537632475563 First Eig Val: -4.3189832631586025e-16 First Gap: 0.6537187326226283 Largest Gap: 0.6537187326226283 Number of Clusters:1
start:2 iteration:2
CellsA: 921 CellsB: 720
MutsA: 117 MutsB: 689
Using SNV kernel only
Jump Percentage: 0.15663537632475563 First Eig Val: -4.3189832631586025e-16 First Gap: 0.6537187326226283 Largest Gap: 0.6537187326226283 Number of Clusters:1
Clonal Tree 0 
[(0, 1)] 
Loss Nodes:0
Node: 0 Cells: 2131 Muts: 379 LostMuts: 0
Node: 1 Cells: 981 Muts: 427 LostMuts: 0
Total Cells: 3112 Total Muts: 806
Normalized Likelihood: -0.5606642736176616
Clonal Tree 1 
[(0, 1)] 
Loss Nodes:0
Node: 0 Cells: 1889 Muts: 275 LostMuts: 0
Node: 1 Cells: 1223 Muts: 531 LostMuts: 0
Total Cells: 3112 Total Muts: 806
Normalized Likelihood: -0.4442960492896873
Clonal Tree 2 
[(0, 1)] 
Loss Nodes:0
Node: 0 Cells: 1641 Muts: 243 LostMuts: 0
Node: 1 Cells: 1471 Muts: 563 LostMuts: 0
Total Cells: 3112 Total Muts: 806
Normalized Likelihood: -0.36464787633720275
linear split norm likelihood best tree
Clonal Tree 2 
[(0, 1)] 
Loss Nodes:0
Node: 0 Cells: 1641 Muts: 243 LostMuts: 0
Node: 1 Cells: 1471 Muts: 563 LostMuts: 0
Total Cells: 3112 Total Muts: 806
Sprouted tree:
Clonal Tree 2 
[(0, 1)] 
Loss Nodes:0
Node: 0 Cells: 1641 Muts: 243 LostMuts: 0
Node: 1 Cells: 1471 Muts: 563 LostMuts: 0
Total Cells: 3112 Total Muts: 806
Cells: 1471 Muts: 563 Ancestral Muts: 571 
Number of subproblems remaining: 1
Starting k-clonal tree inference for seed:
Cells: 1471 Muts: 563 Ancestral Muts: 571 
Sprouting seed:
Cells: 1471 Muts: 563 Ancestral Muts: 571 
Sprouting a branching tree from seed ...
(Generator(PCG64) at 0x7F26308D23C0,)
Jump Percentage: 0.9999999999999538 First Eig Val: -2.1528550807624042e-16 First Gap: 4.029954213185497e-16 Largest Gap: 0.46843062688035886 Number of Clusters:2
CellsA: 981 CellsB: 490
MutsA: 300 mutsB: 6
Jump Percentage: 0.9999999999999772 First Eig Val: -7.538485731154076e-17 First Gap: 1.0554219726170783e-16 Largest Gap: 0.4789166230042392 Number of Clusters:2
CellsA: 981 CellsB: 490
MutsA: 300 mutsB: 6
Jump Percentage: 0.9999999999999755 First Eig Val: -8.843126649073651e-16 First Gap: 7.150028539739683e-16 Largest Gap: 0.4306496206447638 Number of Clusters:2
CellsA: 490 CellsB: 981
MutsA: 6 mutsB: 300
Sprouted tree:
None
<bound method Phertilizer.sprout_branching of <phertilizer.Phertilizer object at 0x7f2642c9b340>> invalid
Sprouting seed:
Cells: 1471 Muts: 563 Ancestral Muts: 571 
Sprouting a linear tree from seed ...
Jump Percentage: 0.9999999999999857 First Eig Val: -4.716640941941489e-16 First Gap: 1.7941729735860197e-16 Largest Gap: 0.38833066718129655 Number of Clusters:2
start:0 iteration:0
CellsA: 490 CellsB: 981
MutsA: 265 MutsB: 298
Jump Percentage: 0.9999999999999714 First Eig Val: -6.749459898554078e-16 First Gap: 1.238364149486684e-15 Largest Gap: 0.38603584405543756 Number of Clusters:2
adding tree to internal list:
Clonal Tree 0 
[(0, 1)] 
Loss Nodes:0
Node: 0 Cells: 490 Muts: 265 LostMuts: 0
Node: 1 Cells: 981 Muts: 298 LostMuts: 0
Total Cells: 1471 Total Muts: 563
Jump Percentage: 0.9999999999999896 First Eig Val: -3.5338401719097873e-16 First Gap: 1.0918162473957725e-15 Largest Gap: 0.3949495250868735 Number of Clusters:2
start:1 iteration:0
CellsA: 490 CellsB: 981
MutsA: 265 MutsB: 298
Jump Percentage: 0.9999999999999714 First Eig Val: -6.749459898554078e-16 First Gap: 1.238364149486684e-15 Largest Gap: 0.38603584405543756 Number of Clusters:2
adding tree to internal list:
Clonal Tree 0 
[(0, 1)] 
Loss Nodes:0
Node: 0 Cells: 490 Muts: 265 LostMuts: 0
Node: 1 Cells: 981 Muts: 298 LostMuts: 0
Total Cells: 1471 Total Muts: 563
Jump Percentage: 0.9999999999999668 First Eig Val: -9.177307446636373e-16 First Gap: 9.150531624935483e-16 Largest Gap: 0.3880386041428392 Number of Clusters:2
start:2 iteration:0
CellsA: 490 CellsB: 981
MutsA: 265 MutsB: 298
Jump Percentage: 0.9999999999999714 First Eig Val: -6.749459898554078e-16 First Gap: 1.238364149486684e-15 Largest Gap: 0.38603584405543756 Number of Clusters:2
adding tree to internal list:
Clonal Tree 0 
[(0, 1)] 
Loss Nodes:0
Node: 0 Cells: 490 Muts: 265 LostMuts: 0
Node: 1 Cells: 981 Muts: 298 LostMuts: 0
Total Cells: 1471 Total Muts: 563
adding tree to candidate list:
Clonal Tree 0 
[(0, 1)] 
Loss Nodes:0
Node: 0 Cells: 490 Muts: 265 LostMuts: 0
Node: 1 Cells: 981 Muts: 298 LostMuts: 0
Total Cells: 1471 Total Muts: 563
Normalized Likelihood: -0.5989437278263853
Clonal Tree 0 
[(0, 1)] 
Loss Nodes:0
Node: 0 Cells: 490 Muts: 265 LostMuts: 0
Node: 1 Cells: 981 Muts: 298 LostMuts: 0
Total Cells: 1471 Total Muts: 563
Normalized Likelihood: -0.5989437278263853
linear split norm likelihood best tree
Clonal Tree 0 
[(0, 1)] 
Loss Nodes:0
Node: 0 Cells: 490 Muts: 265 LostMuts: 0
Node: 1 Cells: 981 Muts: 298 LostMuts: 0
Total Cells: 1471 Total Muts: 563
Sprouted tree:
Clonal Tree 0 
[(0, 1)] 
Loss Nodes:0
Node: 0 Cells: 490 Muts: 265 LostMuts: 0
Node: 1 Cells: 981 Muts: 298 LostMuts: 0
Total Cells: 1471 Total Muts: 563
Cells: 981 Muts: 298 Ancestral Muts: 836 
Number of subproblems remaining: 1
Starting k-clonal tree inference for seed:
Cells: 981 Muts: 298 Ancestral Muts: 836 
Sprouting seed:
Cells: 981 Muts: 298 Ancestral Muts: 836 
Sprouting a branching tree from seed ...
(Generator(PCG64) at 0x7F26308D23C0,)
Sprouted tree:
None
<bound method Phertilizer.sprout_branching of <phertilizer.Phertilizer object at 0x7f2642c9b340>> invalid
Sprouting seed:
Cells: 981 Muts: 298 Ancestral Muts: 836 
Sprouting a linear tree from seed ...
Using SNV kernel only
Jump Percentage: 0.23319475072492796 First Eig Val: 1.093959992037876e-15 First Gap: 0.18973920576310274 Largest Gap: 0.3570501528652266 Number of Clusters:3
start:0 iteration:0
CellsA: 737 CellsB: 244
MutsA: 280 MutsB: 18
Using SNV kernel only
Terminating cell clustering due to NANs in affinity matrix
Using SNV kernel only
Jump Percentage: 0.23353251135207273 First Eig Val: 1.5278577014665762e-15 First Gap: 0.19503350625228458 Largest Gap: 0.4005770991686508 Number of Clusters:3
start:1 iteration:0
CellsA: 343 CellsB: 638
MutsA: 144 MutsB: 154
Using SNV kernel only
Jump Percentage: 0.23887605743599588 First Eig Val: 4.787836793695998e-16 First Gap: 0.18767668083391606 Largest Gap: 0.37557231896518356 Number of Clusters:3
start:1 iteration:1
CellsA: 381 CellsB: 600
MutsA: 142 MutsB: 156
Using SNV kernel only
Jump Percentage: 0.2382736131047854 First Eig Val: -1.0408340855860864e-16 First Gap: 0.18871305912030445 Largest Gap: 0.3728601582842998 Number of Clusters:3
start:1 iteration:2
CellsA: 380 CellsB: 601
MutsA: 142 MutsB: 156
Using SNV kernel only
Jump Percentage: 0.2382736131047854 First Eig Val: -1.0408340855860864e-16 First Gap: 0.18871305912030445 Largest Gap: 0.3728601582842998 Number of Clusters:3
Using SNV kernel only
Jump Percentage: 0.2333965870360958 First Eig Val: -1.694797730975033e-15 First Gap: 0.18356266401232704 Largest Gap: 0.40757257913432354 Number of Clusters:3
start:2 iteration:0
CellsA: 726 CellsB: 255
MutsA: 279 MutsB: 19
Using SNV kernel only
Terminating cell clustering due to NANs in affinity matrix
Sprouted tree:
None
<bound method Phertilizer.sprout_linear of <phertilizer.Phertilizer object at 0x7f2642c9b340>> invalid
Number of subproblems remaining: 0
func:'planting' args:[(<phertilizer.Phertilizer object at 0x7f2642c9b340>, deque([])), {}] took: 1764.9136 sec
Planting phase complete!

Starting grow phase....
Clonal Tree 0 
[(0, 1), (0, 2)] 
Loss Nodes:0
Node: 0 Cells: 0 Muts: 328 LostMuts: 0
Node: 1 Cells: 3112 Muts: 806 LostMuts: 0
Node: 2 Cells: 1723 Muts: 334 LostMuts: 0
Total Cells: 4835 Total Muts: 1468
Clonal Tree 2 
[(0, 1)] 
Loss Nodes:0
Node: 0 Cells: 1641 Muts: 243 LostMuts: 0
Node: 1 Cells: 1471 Muts: 563 LostMuts: 0
Total Cells: 3112 Total Muts: 806
1468
1468
1468
Clonal Tree 0 
[(0, 2), (0, 3), (3, 4)] 
Loss Nodes:0
Node: 0 Cells: 0 Muts: 328 LostMuts: 0
Node: 2 Cells: 1723 Muts: 334 LostMuts: 0
Node: 3 Cells: 1641 Muts: 243 LostMuts: 0
Node: 4 Cells: 1471 Muts: 563 LostMuts: 0
Total Cells: 4835 Total Muts: 1468
Clonal Tree 0 
[(0, 2), (0, 3), (3, 4)] 
Loss Nodes:0
Node: 0 Cells: 0 Muts: 328 LostMuts: 0
Node: 2 Cells: 1723 Muts: 334 LostMuts: 0
Node: 3 Cells: 1641 Muts: 243 LostMuts: 0
Node: 4 Cells: 1471 Muts: 563 LostMuts: 0
Total Cells: 4835 Total Muts: 1468
Clonal Tree 1 
[(0, 2), (0, 3), (3, 4)] 
Loss Nodes:0
Node: 0 Cells: 0 Muts: 328 LostMuts: 0
Node: 2 Cells: 1723 Muts: 334 LostMuts: 0
Node: 3 Cells: 1641 Muts: 243 LostMuts: 0
Node: 4 Cells: 1471 Muts: 563 LostMuts: 0
Total Cells: 4835 Total Muts: 1468
Clonal Tree 0 
[(0, 1)] 
Loss Nodes:0
Node: 0 Cells: 490 Muts: 265 LostMuts: 0
Node: 1 Cells: 981 Muts: 298 LostMuts: 0
Total Cells: 1471 Total Muts: 563
1468
1468
1468
Clonal Tree 1 
[(0, 2), (0, 3), (3, 4), (4, 5)] 
Loss Nodes:0
Node: 0 Cells: 0 Muts: 328 LostMuts: 0
Node: 2 Cells: 1723 Muts: 334 LostMuts: 0
Node: 3 Cells: 1641 Muts: 243 LostMuts: 0
Node: 4 Cells: 490 Muts: 265 LostMuts: 0
Node: 5 Cells: 981 Muts: 298 LostMuts: 0
Total Cells: 4835 Total Muts: 1468
Clonal Tree 1 
[(0, 2), (0, 3), (3, 4), (4, 5)] 
Loss Nodes:0
Node: 0 Cells: 0 Muts: 328 LostMuts: 0
Node: 2 Cells: 1723 Muts: 334 LostMuts: 0
Node: 3 Cells: 1641 Muts: 243 LostMuts: 0
Node: 4 Cells: 490 Muts: 265 LostMuts: 0
Node: 5 Cells: 981 Muts: 298 LostMuts: 0
Total Cells: 4835 Total Muts: 1468
Clonal Tree 3 
[(0, 1)] 
Loss Nodes:0
Node: 0 Cells: 1723 Muts: 616 LostMuts: 0
Node: 1 Cells: 3112 Muts: 852 LostMuts: 0
Total Cells: 4835 Total Muts: 1468
Clonal Tree 2 
[(0, 1)] 
Loss Nodes:0
Node: 0 Cells: 1644 Muts: 245 LostMuts: 0
Node: 1 Cells: 1468 Muts: 607 LostMuts: 0
Total Cells: 3112 Total Muts: 852
1468
1468
1468
Clonal Tree 3 
[(0, 1), (1, 2)] 
Loss Nodes:0
Node: 0 Cells: 1723 Muts: 616 LostMuts: 0
Node: 1 Cells: 1644 Muts: 245 LostMuts: 0
Node: 2 Cells: 1468 Muts: 607 LostMuts: 0
Total Cells: 4835 Total Muts: 1468
Clonal Tree 3 
[(0, 1), (1, 2)] 
Loss Nodes:0
Node: 0 Cells: 1723 Muts: 616 LostMuts: 0
Node: 1 Cells: 1644 Muts: 245 LostMuts: 0
Node: 2 Cells: 1468 Muts: 607 LostMuts: 0
Total Cells: 4835 Total Muts: 1468
Clonal Tree 4 
[(0, 1), (1, 2)] 
Loss Nodes:0
Node: 0 Cells: 1723 Muts: 616 LostMuts: 0
Node: 1 Cells: 1644 Muts: 245 LostMuts: 0
Node: 2 Cells: 1468 Muts: 607 LostMuts: 0
Total Cells: 4835 Total Muts: 1468
Clonal Tree 0 
[(0, 1)] 
Loss Nodes:0
Node: 0 Cells: 487 Muts: 268 LostMuts: 0
Node: 1 Cells: 981 Muts: 339 LostMuts: 0
Total Cells: 1468 Total Muts: 607
1468
1468
1468
Clonal Tree 4 
[(0, 1), (1, 2), (2, 3)] 
Loss Nodes:0
Node: 0 Cells: 1723 Muts: 616 LostMuts: 0
Node: 1 Cells: 1644 Muts: 245 LostMuts: 0
Node: 2 Cells: 487 Muts: 268 LostMuts: 0
Node: 3 Cells: 981 Muts: 339 LostMuts: 0
Total Cells: 4835 Total Muts: 1468
Clonal Tree 4 
[(0, 1), (1, 2), (2, 3)] 
Loss Nodes:0
Node: 0 Cells: 1723 Muts: 616 LostMuts: 0
Node: 1 Cells: 1644 Muts: 245 LostMuts: 0
Node: 2 Cells: 487 Muts: 268 LostMuts: 0
Node: 3 Cells: 981 Muts: 339 LostMuts: 0
Total Cells: 4835 Total Muts: 1468
func:'grow' args:[(<phertilizer.Phertilizer object at 0x7f2642c9b340>,), {}] took: 0.0181 sec
Growing phase complete!

Identifying the maximum likelihood k-clonal tree....
Finding the maximum likelihood tree out of 6 trees....
Clonal Tree 0 
[(0, 1), (0, 2)] 
Loss Nodes:0
Node: 0 Cells: 0 Muts: 328 LostMuts: 0
Node: 1 Cells: 3112 Muts: 806 LostMuts: 0
Node: 2 Cells: 1723 Muts: 334 LostMuts: 0
Total Cells: 4835 Total Muts: 1468

Tree: 0 LogLikelihood: 1594488.588295023
Variant LogLikelihood: -52381.33231917115 
RDR LogLikelihood: 1646869.9206141941

Clonal Tree 1 
[(0, 2), (0, 3), (3, 4)] 
Loss Nodes:0
Node: 0 Cells: 0 Muts: 328 LostMuts: 0
Node: 2 Cells: 1723 Muts: 334 LostMuts: 0
Node: 3 Cells: 1641 Muts: 243 LostMuts: 0
Node: 4 Cells: 1471 Muts: 563 LostMuts: 0
Total Cells: 4835 Total Muts: 1468

Tree: 1 LogLikelihood: 2227887.520735281
Variant LogLikelihood: -41522.17698650542 
RDR LogLikelihood: 2269409.6977217863

Clonal Tree 2 
[(0, 2), (0, 3), (3, 4), (4, 5)] 
Loss Nodes:0
Node: 0 Cells: 0 Muts: 328 LostMuts: 0
Node: 2 Cells: 1723 Muts: 334 LostMuts: 0
Node: 3 Cells: 1641 Muts: 243 LostMuts: 0
Node: 4 Cells: 490 Muts: 265 LostMuts: 0
Node: 5 Cells: 981 Muts: 298 LostMuts: 0
Total Cells: 4835 Total Muts: 1468

Tree: 2 LogLikelihood: 2364672.2480018605
Variant LogLikelihood: -37380.47877021352 
RDR LogLikelihood: 2402052.7267720737

Clonal Tree 3 
[(0, 1)] 
Loss Nodes:0
Node: 0 Cells: 1723 Muts: 616 LostMuts: 0
Node: 1 Cells: 3112 Muts: 852 LostMuts: 0
Total Cells: 4835 Total Muts: 1468

Tree: 3 LogLikelihood: 1579621.7468824186
Variant LogLikelihood: -67248.1737317756 
RDR LogLikelihood: 1646869.9206141941

Clonal Tree 4 
[(0, 1), (1, 2)] 
Loss Nodes:0
Node: 0 Cells: 1723 Muts: 616 LostMuts: 0
Node: 1 Cells: 1644 Muts: 245 LostMuts: 0
Node: 2 Cells: 1468 Muts: 607 LostMuts: 0
Total Cells: 4835 Total Muts: 1468

Tree: 4 LogLikelihood: 2212883.086564579
Variant LogLikelihood: -56735.502728083535 
RDR LogLikelihood: 2269618.589292662

Clonal Tree 5 
[(0, 1), (1, 2), (2, 3)] 
Loss Nodes:0
Node: 0 Cells: 1723 Muts: 616 LostMuts: 0
Node: 1 Cells: 1644 Muts: 245 LostMuts: 0
Node: 2 Cells: 487 Muts: 268 LostMuts: 0
Node: 3 Cells: 981 Muts: 339 LostMuts: 0
Total Cells: 4835 Total Muts: 1468

Tree: 5 LogLikelihood: 2350781.5551831014
Variant LogLikelihood: -51271.171588971956 
RDR LogLikelihood: 2402052.726772073

\Phertilizer Tree....
Clonal Tree 2 
[(0, 2), (0, 3), (3, 4), (4, 5)] 
Loss Nodes:0
Node: 0 Cells: 0 Muts: 328 LostMuts: 0
Node: 2 Cells: 1723 Muts: 334 LostMuts: 0
Node: 3 Cells: 1641 Muts: 243 LostMuts: 0
Node: 4 Cells: 490 Muts: 265 LostMuts: 0
Node: 5 Cells: 981 Muts: 298 LostMuts: 0
Total Cells: 4835 Total Muts: 1468
Saving files.....
Thanks for planting a tree! See you later, friend.
