/scratch/data/leah/phertilizer/src/branching_split.py:108: RuntimeWarning: invalid value encountered in true_divide
  tmb = mut_var_count_by_cell/mut_total_reads_by_cell
/scratch/data/leah/phertilizer/src/branching_split.py:108: RuntimeWarning: invalid value encountered in true_divide
  tmb = mut_var_count_by_cell/mut_total_reads_by_cell
/scratch/data/leah/phertilizer/src/branching_split.py:108: RuntimeWarning: invalid value encountered in true_divide
  tmb = mut_var_count_by_cell/mut_total_reads_by_cell
/scratch/data/leah/phertilizer/src/branching_split.py:108: RuntimeWarning: invalid value encountered in true_divide
  tmb = mut_var_count_by_cell/mut_total_reads_by_cell
/scratch/data/leah/phertilizer/src/branching_split.py:108: RuntimeWarning: invalid value encountered in true_divide
  tmb = mut_var_count_by_cell/mut_total_reads_by_cell
INFO:root:Mb Count a: 1.5893416927899686 Mb Count b: 2.0615384615384613
INFO:root:Mb Count a: 0.04597701149425287 Mb Count b: 3.0421404682274247
INFO:root:Mb Count a: 1.6091954022988506 Mb Count b: 2.0334448160535117
INFO:root:Mb Count a: 0.04597701149425287 Mb Count b: 3.0421404682274247
INFO:root:Mb Count a: 1.7889237199582027 Mb Count b: 1.979933110367893
INFO:root:Mb Count a: 0.04597701149425287 Mb Count b: 3.0421404682274247
INFO:root:Mb Count a: 1.283116883116883 Mb Count b: 3.458041958041958
INFO:root:Mb Count a: 0.32111436950146627 Mb Count b: 2.429090909090909
INFO:root:Mb Count a: 0.0 Mb Count b: 1.539568345323741
INFO:root:Mb Count a: 0.14376590330788805 Mb Count b: 1.912280701754386
INFO:root:Mb Count a: 0.0 Mb Count b: 1.3769633507853403
INFO:root:Mb Count a: 0.0 Mb Count b: 1.4041450777202074
INFO:root:Mb Count a: 0.0 Mb Count b: 1.4041450777202074
INFO:root:Mb Count a: 1.636200716845878 Mb Count b: 3.837092731829574
INFO:root:Mb Count a: 0.0 Mb Count b: 1.3868613138686132
INFO:root:Mb Count a: 0.0 Mb Count b: 1.4397163120567376
INFO:root:Mb Count a: 0.0 Mb Count b: 1.450354609929078
INFO:root:Mb Count a: 1.8241042345276872 Mb Count b: 4.040816326530612
INFO:root:Mb Count a: 0.0 Mb Count b: 1.2534562211981566
INFO:root:Mb Count a: 0.0 Mb Count b: 1.2954545454545454
INFO:root:Mb Count a: 0.0 Mb Count b: 1.3045454545454545
INFO:root:Mb Count a: 1.4857142857142858 Mb Count b: 3.5356200527704487
INFO:root:Mb Count a: 0.0 Mb Count b: 1.6512455516014235
INFO:root:Mb Count a: 0.0 Mb Count b: 1.7304964539007093
INFO:root:Mb Count a: 0.0 Mb Count b: 1.7375886524822695
INFO:root:Mb Count a: 1.754201680672269 Mb Count b: 3.8472222222222223
INFO:root:Mb Count a: 0.0 Mb Count b: 1.3957219251336899
INFO:root:Mb Count a: 0.0 Mb Count b: 1.4497354497354498
INFO:root:Mb Count a: 0.0 Mb Count b: 1.4550264550264551
INFO:root:Mb Count a: 2.025089605734767 Mb Count b: 4.08252427184466
INFO:root:Mb Count a: 0.0 Mb Count b: 1.202247191011236
INFO:root:Mb Count a: 0.0 Mb Count b: 1.2444444444444445
INFO:root:Mb Count a: 0.0 Mb Count b: 1.2444444444444445
/scratch/data/leah/phertilizer/src/linear_split.py:107: RuntimeWarning: invalid value encountered in true_divide
  vaf = binary_counts/binary_tcounts
INFO:root:Mb Count a: 1.4388059701492537 Mb Count b: 3.6371681415929205
INFO:root:Mb Count a: 0.2513562386980108 Mb Count b: 2.487603305785124
INFO:root:Mb Count a: 0.1294851794071763 Mb Count b: 2.4545454545454546
INFO:root:Mb Count a: 0.0 Mb Count b: 1.4333333333333333
INFO:root:Mb Count a: 0.03313253012048193 Mb Count b: 2.3
INFO:root:Mb Count a: 0.0 Mb Count b: 1.3529411764705883
INFO:root:Mb Count a: 0.0 Mb Count b: 1.3529411764705883
/scratch/data/leah/phertilizer/src/linear_split.py:107: RuntimeWarning: invalid value encountered in true_divide
  vaf = binary_counts/binary_tcounts
INFO:root:Mb Count a: 1.40625 Mb Count b: 3.5068965517241377
INFO:root:Mb Count a: 0.0 Mb Count b: 1.6591928251121075
INFO:root:Mb Count a: 0.0 Mb Count b: 1.6666666666666667
INFO:root:Mb Count a: 0.0 Mb Count b: 1.6710526315789473
/scratch/data/leah/phertilizer/src/linear_split.py:107: RuntimeWarning: invalid value encountered in true_divide
  vaf = binary_counts/binary_tcounts
INFO:root:Mb Count a: 1.7760180995475112 Mb Count b: 3.711206896551724
INFO:root:Mb Count a: 0.18808777429467086 Mb Count b: 2.4722222222222223
INFO:root:Mb Count a: 0.02865761689291101 Mb Count b: 1.7272727272727273
INFO:root:Mb Count a: 0.0 Mb Count b: 1.4615384615384615
INFO:root:Mb Count a: 0.0 Mb Count b: 1.4615384615384615
/scratch/data/leah/phertilizer/src/linear_split.py:107: RuntimeWarning: invalid value encountered in true_divide
  vaf = binary_counts/binary_tcounts
INFO:root:Mb Count a: 1.6470588235294117 Mb Count b: 3.8219178082191783
INFO:root:Mb Count a: 0.0 Mb Count b: 1.4929577464788732
INFO:root:Mb Count a: 0.0 Mb Count b: 1.5208333333333333
INFO:root:Mb Count a: 0.14165261382799327 Mb Count b: 2.0
INFO:root:Mb Count a: 0.053712480252764615 Mb Count b: 1.8214285714285714
INFO:root:Mb Count a: 0.027906976744186046 Mb Count b: 1.75
INFO:root:Mb Count a: 0.012364760432766615 Mb Count b: 1.5714285714285714
INFO:root:Mb Count a: 0.0 Mb Count b: 1.368421052631579
INFO:root:Mb Count a: 0.0 Mb Count b: 1.368421052631579
/scratch/data/leah/phertilizer/src/linear_split.py:107: RuntimeWarning: invalid value encountered in true_divide
  vaf = binary_counts/binary_tcounts
INFO:root:Mb Count a: 1.6444444444444444 Mb Count b: 3.7535545023696684
INFO:root:Mb Count a: 0.0 Mb Count b: 1.3503649635036497
INFO:root:Mb Count a: 0.12583892617449666 Mb Count b: 1.8307692307692307
INFO:root:Mb Count a: 0.0 Mb Count b: 1.2698412698412698
INFO:root:Mb Count a: 0.0 Mb Count b: 1.2698412698412698
/scratch/data/leah/phertilizer/src/linear_split.py:107: RuntimeWarning: invalid value encountered in true_divide
  vaf = binary_counts/binary_tcounts
INFO:root:Mb Count a: 1.604215456674473 Mb Count b: 3.5854700854700856
INFO:root:Mb Count a: 0.0 Mb Count b: 1.5679012345679013
INFO:root:Mb Count a: 0.0 Mb Count b: 1.5914634146341464
INFO:root:Mb Count a: 0.0 Mb Count b: 1.603658536585366
/scratch/data/leah/phertilizer/src/linear_split.py:107: RuntimeWarning: invalid value encountered in true_divide
  vaf = binary_counts/binary_tcounts
INFO:root:Mb Count a: 1.660933660933661 Mb Count b: 3.7617021276595746
INFO:root:Mb Count a: 0.0 Mb Count b: 1.3928571428571428
INFO:root:Mb Count a: 0.0 Mb Count b: 1.3928571428571428
/scratch/data/leah/phertilizer/src/linear_split.py:107: RuntimeWarning: invalid value encountered in true_divide
  vaf = binary_counts/binary_tcounts
INFO:root:Mb Count a: 1.269090909090909 Mb Count b: 3.2861035422343323
INFO:root:Mb Count a: 0.28227571115973743 Mb Count b: 2.443243243243243
INFO:root:Mb Count a: 0.11481481481481481 Mb Count b: 2.1666666666666665
INFO:root:Mb Count a: 0.10906040268456375 Mb Count b: 2.108695652173913
INFO:root:Mb Count a: 0.03215434083601286 Mb Count b: 1.8
INFO:root:Mb Count a: 0.01901743264659271 Mb Count b: 2.0
INFO:root:Mb Count a: 0.0 Mb Count b: 1.4666666666666666
INFO:root:Mb Count a: 0.0 Mb Count b: 1.4666666666666666
/scratch/data/leah/phertilizer/src/linear_split.py:107: RuntimeWarning: invalid value encountered in true_divide
  vaf = binary_counts/binary_tcounts
INFO:root:Mb Count a: 1.2833333333333334 Mb Count b: 3.3947368421052633
INFO:root:Mb Count a: 0.0 Mb Count b: 1.8387096774193548
INFO:root:Mb Count a: 0.0 Mb Count b: 1.8602150537634408
/scratch/data/leah/phertilizer/src/linear_split.py:107: RuntimeWarning: invalid value encountered in true_divide
  vaf = binary_counts/binary_tcounts
INFO:root:Mb Count a: 1.0441767068273093 Mb Count b: 3.2037037037037037
INFO:root:Mb Count a: 0.40086206896551724 Mb Count b: 2.7300613496932513
INFO:root:Mb Count a: 0.15608919382504288 Mb Count b: 2.4545454545454546
INFO:root:Mb Count a: 0.040783034257748776 Mb Count b: 1.9285714285714286
INFO:root:Mb Count a: 0.0 Mb Count b: 1.4615384615384615
INFO:root:Mb Count a: 0.0 Mb Count b: 1.4615384615384615
/scratch/data/leah/phertilizer/src/linear_split.py:107: RuntimeWarning: invalid value encountered in true_divide
  vaf = binary_counts/binary_tcounts
INFO:root:Mb Count a: 0.974025974025974 Mb Count b: 3.0782828282828283
INFO:root:Mb Count a: 0.0 Mb Count b: 1.938953488372093
INFO:root:Mb Count a: 0.0 Mb Count b: 2.03768115942029
INFO:root:Mb Count a: 0.0 Mb Count b: 2.046376811594203
/scratch/data/leah/phertilizer/src/linear_split.py:107: RuntimeWarning: invalid value encountered in true_divide
  vaf = binary_counts/binary_tcounts
INFO:root:Mb Count a: 1.3287671232876712 Mb Count b: 3.3940298507462687
INFO:root:Mb Count a: 0.20134228187919462 Mb Count b: 2.3055555555555554
INFO:root:Mb Count a: 0.0 Mb Count b: 1.8461538461538463
INFO:root:Mb Count a: 0.0 Mb Count b: 1.8294117647058823
INFO:root:Mb Count a: 0.0 Mb Count b: 1.8294117647058823
/scratch/data/leah/phertilizer/src/linear_split.py:107: RuntimeWarning: invalid value encountered in true_divide
  vaf = binary_counts/binary_tcounts
INFO:root:Mb Count a: 1.3081967213114754 Mb Count b: 3.3398058252427183
INFO:root:Mb Count a: 0.23043478260869565 Mb Count b: 2.3376623376623376
INFO:root:Mb Count a: 0.0 Mb Count b: 1.6312056737588652
INFO:root:Mb Count a: 0.0 Mb Count b: 1.6433566433566433
INFO:root:Mb Count a: 0.0 Mb Count b: 1.6433566433566433
/scratch/data/leah/phertilizer/src/linear_split.py:107: RuntimeWarning: invalid value encountered in true_divide
  vaf = binary_counts/binary_tcounts
INFO:root:Mb Count a: 1.2967914438502675 Mb Count b: 3.35
INFO:root:Mb Count a: 0.0 Mb Count b: 1.6041666666666667
INFO:root:Mb Count a: 0.0 Mb Count b: 1.638743455497382
INFO:root:Mb Count a: 0.0 Mb Count b: 1.638743455497382
/scratch/data/leah/phertilizer/src/linear_split.py:107: RuntimeWarning: invalid value encountered in true_divide
  vaf = binary_counts/binary_tcounts
INFO:root:Mb Count a: 1.5446224256292906 Mb Count b: 3.5762711864406778
INFO:root:Mb Count a: 0.11504424778761062 Mb Count b: 2.020408163265306
INFO:root:Mb Count a: 0.030508474576271188 Mb Count b: 1.5
INFO:root:Mb Count a: 0.003355704697986577 Mb Count b: 1.4444444444444444
INFO:root:Mb Count a: 0.0016722408026755853 Mb Count b: 1.4375
INFO:root:Mb Count a: 0.0 Mb Count b: 1.4375
/scratch/data/leah/phertilizer/src/linear_split.py:107: RuntimeWarning: invalid value encountered in true_divide
  vaf = binary_counts/binary_tcounts
INFO:root:Mb Count a: 1.505966587112172 Mb Count b: 3.5754189944134076
INFO:root:Mb Count a: 0.0 Mb Count b: 1.3620689655172413
INFO:root:Mb Count a: 0.0 Mb Count b: 1.4102564102564104
INFO:root:Mb Count a: 0.0 Mb Count b: 1.4102564102564104
/scratch/data/leah/phertilizer/src/linear_split.py:107: RuntimeWarning: invalid value encountered in true_divide
  vaf = binary_counts/binary_tcounts
INFO:root:Mb Count a: 1.5594594594594595 Mb Count b: 3.706140350877193
INFO:root:Mb Count a: 0.21787709497206703 Mb Count b: 2.4918032786885247
INFO:root:Mb Count a: 0.05317324185248713 Mb Count b: 1.7333333333333334
INFO:root:Mb Count a: 0.0 Mb Count b: 1.0769230769230769
INFO:root:Mb Count a: 0.0 Mb Count b: 1.0769230769230769
/scratch/data/leah/phertilizer/src/linear_split.py:107: RuntimeWarning: invalid value encountered in true_divide
  vaf = binary_counts/binary_tcounts
INFO:root:Mb Count a: 1.646153846153846 Mb Count b: 3.701923076923077
INFO:root:Mb Count a: 0.0 Mb Count b: 1.4736842105263157
INFO:root:Mb Count a: 0.0 Mb Count b: 1.5037593984962405
INFO:root:Mb Count a: 0.0 Mb Count b: 1.518796992481203
/scratch/data/leah/phertilizer/src/linear_split.py:107: RuntimeWarning: invalid value encountered in true_divide
  vaf = binary_counts/binary_tcounts
INFO:root:Mb Count a: 1.2741433021806854 Mb Count b: 3.2765151515151514
INFO:root:Mb Count a: 0.0 Mb Count b: 1.6358974358974359
INFO:root:Mb Count a: 0.0 Mb Count b: 1.7282051282051283
/scratch/data/leah/phertilizer/src/linear_split.py:107: RuntimeWarning: invalid value encountered in true_divide
  vaf = binary_counts/binary_tcounts
INFO:root:Mb Count a: 1.279874213836478 Mb Count b: 3.3333333333333335
INFO:root:Mb Count a: 0.31411530815109345 Mb Count b: 2.4634146341463414
INFO:root:Mb Count a: 0.020872865275142316 Mb Count b: 1.396551724137931
INFO:root:Mb Count a: 0.06878306878306878 Mb Count b: 2.111111111111111
INFO:root:Mb Count a: 0.0 Mb Count b: 1.35
INFO:root:Mb Count a: 0.0 Mb Count b: 1.35
/scratch/data/leah/phertilizer/src/linear_split.py:107: RuntimeWarning: invalid value encountered in true_divide
  vaf = binary_counts/binary_tcounts
INFO:root:Mb Count a: 1.0661157024793388 Mb Count b: 3.2157434402332363
INFO:root:Mb Count a: 0.0 Mb Count b: 1.9109589041095891
INFO:root:Mb Count a: 0.0 Mb Count b: 2.003401360544218
INFO:root:Mb Count a: 0.0 Mb Count b: 2.003401360544218
/scratch/data/leah/phertilizer/src/linear_split.py:107: RuntimeWarning: invalid value encountered in true_divide
  vaf = binary_counts/binary_tcounts
INFO:root:Mb Count a: 1.0 Mb Count b: 3.0153374233128836
INFO:root:Mb Count a: 0.0 Mb Count b: 1.837037037037037
INFO:root:Mb Count a: 0.0 Mb Count b: 1.9040590405904059
INFO:root:Mb Count a: 0.0 Mb Count b: 1.9040590405904059
/scratch/data/leah/phertilizer/src/linear_split.py:107: RuntimeWarning: invalid value encountered in true_divide
  vaf = binary_counts/binary_tcounts
INFO:root:Mb Count a: 1.436923076923077 Mb Count b: 3.404166666666667
INFO:root:Mb Count a: 0.0 Mb Count b: 1.4277777777777778
INFO:root:Mb Count a: 0.0 Mb Count b: 1.4555555555555555
/scratch/data/leah/phertilizer/src/linear_split.py:107: RuntimeWarning: invalid value encountered in true_divide
  vaf = binary_counts/binary_tcounts
INFO:root:Mb Count a: 1.013215859030837 Mb Count b: 2.937869822485207
INFO:root:Mb Count a: 0.25203252032520324 Mb Count b: 2.3622448979591835
INFO:root:Mb Count a: 0.2025862068965517 Mb Count b: 2.4356435643564356
INFO:root:Mb Count a: 0.11787072243346007 Mb Count b: 2.3846153846153846
INFO:root:Mb Count a: 0.0 Mb Count b: 1.3421052631578947
INFO:root:Mb Count a: 0.0 Mb Count b: 1.3421052631578947
/scratch/data/leah/phertilizer/src/linear_split.py:107: RuntimeWarning: invalid value encountered in true_divide
  vaf = binary_counts/binary_tcounts
INFO:root:Mb Count a: 0.7979274611398963 Mb Count b: 2.913173652694611
INFO:root:Mb Count a: 0.3264094955489614 Mb Count b: 2.473684210526316
INFO:root:Mb Count a: 0.14423076923076922 Mb Count b: 2.2162162162162162
INFO:root:Mb Count a: 0.0 Mb Count b: 1.7358490566037736
INFO:root:Mb Count a: 0.0 Mb Count b: 1.7358490566037736
/scratch/data/leah/phertilizer/src/linear_split.py:107: RuntimeWarning: invalid value encountered in true_divide
  vaf = binary_counts/binary_tcounts
INFO:root:Mb Count a: 0.9955555555555555 Mb Count b: 2.9006622516556293
INFO:root:Mb Count a: 0.0 Mb Count b: 1.763265306122449
INFO:root:Mb Count a: 0.287598944591029 Mb Count b: 2.324324324324324
INFO:root:Mb Count a: 0.0 Mb Count b: 1.697674418604651
INFO:root:Mb Count a: 0.09750566893424037 Mb Count b: 2.046511627906977
INFO:root:Mb Count a: 0.07337526205450734 Mb Count b: 2.06
INFO:root:Mb Count a: 0.038 Mb Count b: 1.962962962962963
INFO:root:Mb Count a: 0.017716535433070866 Mb Count b: 2.0
INFO:root:Mb Count a: 0.00784313725490196 Mb Count b: 1.9411764705882353
INFO:root:Mb Count a: 0.0078125 Mb Count b: 1.9333333333333333
/scratch/data/leah/phertilizer/src/linear_split.py:107: RuntimeWarning: invalid value encountered in true_divide
  vaf = binary_counts/binary_tcounts
INFO:root:Mb Count a: 1.2734375 Mb Count b: 3.1549815498154983
INFO:root:Mb Count a: 0.0 Mb Count b: 1.727699530516432
INFO:root:Mb Count a: 0.290167865707434 Mb Count b: 2.4363636363636365
INFO:root:Mb Count a: 0.10669456066945607 Mb Count b: 2.306122448979592
INFO:root:Mb Count a: 0.0 Mb Count b: 1.6744186046511629
INFO:root:Mb Count a: 0.0 Mb Count b: 1.6744186046511629
/scratch/data/leah/phertilizer/src/linear_split.py:107: RuntimeWarning: invalid value encountered in true_divide
  vaf = binary_counts/binary_tcounts
INFO:root:Mb Count a: 1.1770833333333333 Mb Count b: 3.1294642857142856
INFO:root:Mb Count a: 0.0 Mb Count b: 1.727810650887574
INFO:root:Mb Count a: 0.22037914691943128 Mb Count b: 2.422222222222222
INFO:root:Mb Count a: 0.10126582278481013 Mb Count b: 2.026315789473684
INFO:root:Mb Count a: 0.0 Mb Count b: 1.28125
INFO:root:Mb Count a: 0.0 Mb Count b: 1.28125
/scratch/data/leah/phertilizer/src/linear_split.py:107: RuntimeWarning: invalid value encountered in true_divide
  vaf = binary_counts/binary_tcounts
INFO:root:Mb Count a: 1.4006734006734007 Mb Count b: 3.316279069767442
INFO:root:Mb Count a: 0.0 Mb Count b: 1.5263157894736843
INFO:root:Mb Count a: 0.18160919540229886 Mb Count b: 2.207792207792208
INFO:root:Mb Count a: 0.0899581589958159 Mb Count b: 1.9705882352941178
INFO:root:Mb Count a: 0.02636916835699797 Mb Count b: 1.8421052631578947
INFO:root:Mb Count a: 0.0 Mb Count b: 1.1578947368421053
INFO:root:Mb Count a: 0.0 Mb Count b: 1.1578947368421053
/scratch/data/leah/phertilizer/src/linear_split.py:107: RuntimeWarning: invalid value encountered in true_divide
  vaf = binary_counts/binary_tcounts
INFO:root:Mb Count a: 1.3097014925373134 Mb Count b: 3.2991803278688523
INFO:root:Mb Count a: 0.0 Mb Count b: 1.6443298969072164
INFO:root:Mb Count a: 0.0 Mb Count b: 1.694300518134715
INFO:root:Mb Count a: 0.0 Mb Count b: 1.694300518134715
/scratch/data/leah/phertilizer/src/linear_split.py:107: RuntimeWarning: invalid value encountered in true_divide
  vaf = binary_counts/binary_tcounts
INFO:root:Mb Count a: 1.2389705882352942 Mb Count b: 3.257918552036199
INFO:root:Mb Count a: 0.0 Mb Count b: 1.722543352601156
INFO:root:Mb Count a: 0.0 Mb Count b: 1.7861271676300579
/scratch/data/leah/phertilizer/src/linear_split.py:107: RuntimeWarning: invalid value encountered in true_divide
  vaf = binary_counts/binary_tcounts
INFO:root:Mb Count a: 1.5645645645645645 Mb Count b: 3.51875
INFO:root:Mb Count a: 0.0 Mb Count b: 1.411764705882353
INFO:root:Mb Count a: 0.0 Mb Count b: 1.411764705882353
/scratch/data/leah/phertilizer/src/linear_split.py:107: RuntimeWarning: invalid value encountered in true_divide
  vaf = binary_counts/binary_tcounts
INFO:root:Mb Count a: 0.7393939393939394 Mb Count b: 2.722560975609756
INFO:root:Mb Count a: 0.0 Mb Count b: 1.8404669260700388
INFO:root:Mb Count a: 0.3123123123123123 Mb Count b: 2.53125
INFO:root:Mb Count a: 0.2222222222222222 Mb Count b: 2.557142857142857
INFO:root:Mb Count a: 0.08565310492505353 Mb Count b: 2.3076923076923075
INFO:root:Mb Count a: 0.024896265560165973 Mb Count b: 2.0
INFO:root:Mb Count a: 0.0 Mb Count b: 1.7
INFO:root:Mb Count a: 0.0 Mb Count b: 1.7
/scratch/data/leah/phertilizer/src/branching_split.py:108: RuntimeWarning: invalid value encountered in true_divide
  tmb = mut_var_count_by_cell/mut_total_reads_by_cell
/scratch/data/leah/phertilizer/src/branching_split.py:108: RuntimeWarning: invalid value encountered in true_divide
  tmb = mut_var_count_by_cell/mut_total_reads_by_cell
/scratch/data/leah/phertilizer/src/branching_split.py:108: RuntimeWarning: invalid value encountered in true_divide
  tmb = mut_var_count_by_cell/mut_total_reads_by_cell
/scratch/data/leah/phertilizer/src/branching_split.py:108: RuntimeWarning: invalid value encountered in true_divide
  tmb = mut_var_count_by_cell/mut_total_reads_by_cell
/scratch/data/leah/phertilizer/src/branching_split.py:108: RuntimeWarning: invalid value encountered in true_divide
  tmb = mut_var_count_by_cell/mut_total_reads_by_cell
/scratch/data/leah/phertilizer/src/branching_split.py:108: RuntimeWarning: invalid value encountered in true_divide
  tmb = mut_var_count_by_cell/mut_total_reads_by_cell
/scratch/data/leah/phertilizer/src/linear_split.py:251: RuntimeWarning: invalid value encountered in true_divide
  tmb = mb_mut_count/mb_tot_count
INFO:root:Mb Count a: 0.030690537084398978 Mb Count b: 1.519927536231884
INFO:root:Mb Count a: 0.0025575447570332483 Mb Count b: 3.9067028985507246
/scratch/data/leah/phertilizer/src/linear_split.py:251: RuntimeWarning: invalid value encountered in true_divide
  tmb = mb_mut_count/mb_tot_count
INFO:root:Mb Count a: 0.020460358056265986 Mb Count b: 1.5407608695652173
INFO:root:Mb Count a: 0.0025575447570332483 Mb Count b: 3.9067028985507246
/scratch/data/leah/phertilizer/src/linear_split.py:251: RuntimeWarning: invalid value encountered in true_divide
  tmb = mb_mut_count/mb_tot_count
INFO:root:Mb Count a: 0.028132992327365727 Mb Count b: 1.6467391304347827
INFO:root:Mb Count a: 0.0025575447570332483 Mb Count b: 3.9067028985507246
/scratch/data/leah/phertilizer/src/branching_split.py:108: RuntimeWarning: invalid value encountered in true_divide
  tmb = mut_var_count_by_cell/mut_total_reads_by_cell
/scratch/data/leah/phertilizer/src/branching_split.py:108: RuntimeWarning: invalid value encountered in true_divide
  tmb = mut_var_count_by_cell/mut_total_reads_by_cell
/scratch/data/leah/phertilizer/src/branching_split.py:108: RuntimeWarning: invalid value encountered in true_divide
  tmb = mut_var_count_by_cell/mut_total_reads_by_cell
/scratch/data/leah/phertilizer/src/branching_split.py:108: RuntimeWarning: invalid value encountered in true_divide
  tmb = mut_var_count_by_cell/mut_total_reads_by_cell
/scratch/data/leah/phertilizer/src/branching_split.py:108: RuntimeWarning: invalid value encountered in true_divide
  tmb = mut_var_count_by_cell/mut_total_reads_by_cell
/scratch/data/leah/phertilizer/src/branching_split.py:108: RuntimeWarning: invalid value encountered in true_divide
  tmb = mut_var_count_by_cell/mut_total_reads_by_cell
/scratch/data/leah/phertilizer/src/linear_split.py:251: RuntimeWarning: invalid value encountered in true_divide
  tmb = mb_mut_count/mb_tot_count
INFO:root:Mb Count a: 1.1516203703703705 Mb Count b: 3.3291666666666666
/scratch/data/leah/phertilizer/src/linear_split.py:251: RuntimeWarning: invalid value encountered in true_divide
  tmb = mb_mut_count/mb_tot_count
INFO:root:Mb Count a: 0.1400462962962963 Mb Count b: 3.175
/scratch/data/leah/phertilizer/src/linear_split.py:251: RuntimeWarning: invalid value encountered in true_divide
  tmb = mb_mut_count/mb_tot_count
INFO:root:Mb Count a: 1.2314814814814814 Mb Count b: 3.0791666666666666
/scratch/data/leah/phertilizer/src/linear_split.py:251: RuntimeWarning: invalid value encountered in true_divide
  tmb = mb_mut_count/mb_tot_count
INFO:root:Mb Count a: 0.1400462962962963 Mb Count b: 3.175
/scratch/data/leah/phertilizer/src/linear_split.py:251: RuntimeWarning: invalid value encountered in true_divide
  tmb = mb_mut_count/mb_tot_count
INFO:root:Mb Count a: 1.1377314814814814 Mb Count b: 3.183333333333333
/scratch/data/leah/phertilizer/src/linear_split.py:251: RuntimeWarning: invalid value encountered in true_divide
  tmb = mb_mut_count/mb_tot_count
INFO:root:Mb Count a: 0.1400462962962963 Mb Count b: 3.175
/scratch/data/leah/phertilizer/src/linear_split.py:251: RuntimeWarning: invalid value encountered in true_divide
  tmb = mb_mut_count/mb_tot_count
INFO:root:Mb Count a: 0.0 Mb Count b: 1.5074257425742574
/scratch/data/leah/phertilizer/src/linear_split.py:251: RuntimeWarning: invalid value encountered in true_divide
  tmb = mb_mut_count/mb_tot_count
INFO:root:Mb Count a: 0.4977307110438729 Mb Count b: 3.039408866995074
/scratch/data/leah/phertilizer/src/linear_split.py:251: RuntimeWarning: invalid value encountered in true_divide
  tmb = mb_mut_count/mb_tot_count
INFO:root:Mb Count a: 0.2975871313672922 Mb Count b: 2.76271186440678
/scratch/data/leah/phertilizer/src/linear_split.py:251: RuntimeWarning: invalid value encountered in true_divide
  tmb = mb_mut_count/mb_tot_count
INFO:root:Mb Count a: 0.17885117493472585 Mb Count b: 2.6122448979591835
/scratch/data/leah/phertilizer/src/linear_split.py:251: RuntimeWarning: invalid value encountered in true_divide
  tmb = mb_mut_count/mb_tot_count
INFO:root:Mb Count a: 0.16384915474642392 Mb Count b: 2.5052631578947366
/scratch/data/leah/phertilizer/src/linear_split.py:251: RuntimeWarning: invalid value encountered in true_divide
  tmb = mb_mut_count/mb_tot_count
INFO:root:Mb Count a: 0.14304635761589404 Mb Count b: 2.3486238532110093
/scratch/data/leah/phertilizer/src/linear_split.py:251: RuntimeWarning: invalid value encountered in true_divide
  tmb = mb_mut_count/mb_tot_count
INFO:root:Mb Count a: 0.14172185430463577 Mb Count b: 2.3486238532110093
/scratch/data/leah/phertilizer/src/linear_split.py:251: RuntimeWarning: invalid value encountered in true_divide
  tmb = mb_mut_count/mb_tot_count
INFO:root:Mb Count a: 0.0 Mb Count b: 1.6081424936386768
/scratch/data/leah/phertilizer/src/linear_split.py:251: RuntimeWarning: invalid value encountered in true_divide
  tmb = mb_mut_count/mb_tot_count
INFO:root:Mb Count a: 0.3 Mb Count b: 2.609848484848485
/scratch/data/leah/phertilizer/src/linear_split.py:251: RuntimeWarning: invalid value encountered in true_divide
  tmb = mb_mut_count/mb_tot_count
INFO:root:Mb Count a: 0.0 Mb Count b: 2.0612903225806454
/scratch/data/leah/phertilizer/src/linear_split.py:251: RuntimeWarning: invalid value encountered in true_divide
  tmb = mb_mut_count/mb_tot_count
INFO:root:Mb Count a: 0.336231884057971 Mb Count b: 2.9367816091954024
/scratch/data/leah/phertilizer/src/linear_split.py:251: RuntimeWarning: invalid value encountered in true_divide
  tmb = mb_mut_count/mb_tot_count
INFO:root:Mb Count a: 0.17588652482269504 Mb Count b: 2.6855345911949686
/scratch/data/leah/phertilizer/src/linear_split.py:251: RuntimeWarning: invalid value encountered in true_divide
  tmb = mb_mut_count/mb_tot_count
INFO:root:Mb Count a: 0.1619718309859155 Mb Count b: 2.655844155844156
/scratch/data/leah/phertilizer/src/linear_split.py:251: RuntimeWarning: invalid value encountered in true_divide
  tmb = mb_mut_count/mb_tot_count
INFO:root:Mb Count a: 0.14788732394366197 Mb Count b: 2.6103896103896105
/scratch/data/leah/phertilizer/src/linear_split.py:251: RuntimeWarning: invalid value encountered in true_divide
  tmb = mb_mut_count/mb_tot_count
INFO:root:Mb Count a: 0.14507042253521127 Mb Count b: 2.6103896103896105
/scratch/data/leah/phertilizer/src/linear_split.py:251: RuntimeWarning: invalid value encountered in true_divide
  tmb = mb_mut_count/mb_tot_count
INFO:root:Mb Count a: 0.0 Mb Count b: 1.46
/scratch/data/leah/phertilizer/src/linear_split.py:251: RuntimeWarning: invalid value encountered in true_divide
  tmb = mb_mut_count/mb_tot_count
INFO:root:Mb Count a: 0.5284671532846715 Mb Count b: 3.0446927374301676
/scratch/data/leah/phertilizer/src/linear_split.py:251: RuntimeWarning: invalid value encountered in true_divide
  tmb = mb_mut_count/mb_tot_count
INFO:root:Mb Count a: 0.1878453038674033 Mb Count b: 2.6714285714285713
/scratch/data/leah/phertilizer/src/linear_split.py:251: RuntimeWarning: invalid value encountered in true_divide
  tmb = mb_mut_count/mb_tot_count
INFO:root:Mb Count a: 0.15448275862068966 Mb Count b: 2.58273381294964
/scratch/data/leah/phertilizer/src/linear_split.py:251: RuntimeWarning: invalid value encountered in true_divide
  tmb = mb_mut_count/mb_tot_count
INFO:root:Mb Count a: 0.1505524861878453 Mb Count b: 2.557142857142857
/scratch/data/leah/phertilizer/src/linear_split.py:251: RuntimeWarning: invalid value encountered in true_divide
  tmb = mb_mut_count/mb_tot_count
INFO:root:Mb Count a: 0.1505524861878453 Mb Count b: 2.557142857142857
/scratch/data/leah/phertilizer/src/linear_split.py:107: RuntimeWarning: invalid value encountered in true_divide
  vaf = binary_counts/binary_tcounts
/scratch/data/leah/phertilizer/src/linear_split.py:251: RuntimeWarning: invalid value encountered in true_divide
  tmb = mb_mut_count/mb_tot_count
INFO:root:Mb Count a: 0.523121387283237 Mb Count b: 2.217032967032967
INFO:root:Mb Count a: 0.22633744855967078 Mb Count b: 2.3080357142857144
/scratch/data/leah/phertilizer/src/linear_split.py:251: RuntimeWarning: invalid value encountered in true_divide
  tmb = mb_mut_count/mb_tot_count
INFO:root:Mb Count a: 0.12195121951219512 Mb Count b: 2.1073446327683616
INFO:root:Mb Count a: 0.0 Mb Count b: 1.8604651162790697
INFO:root:Mb Count a: 0.0 Mb Count b: 2.027027027027027
INFO:root:Mb Count a: 0.0 Mb Count b: 2.0405405405405403
/scratch/data/leah/phertilizer/src/linear_split.py:107: RuntimeWarning: invalid value encountered in true_divide
  vaf = binary_counts/binary_tcounts
/scratch/data/leah/phertilizer/src/linear_split.py:251: RuntimeWarning: invalid value encountered in true_divide
  tmb = mb_mut_count/mb_tot_count
INFO:root:Mb Count a: 0.6004319654427646 Mb Count b: 2.0526315789473686
INFO:root:Mb Count a: 0.2145214521452145 Mb Count b: 2.0865384615384617
INFO:root:Mb Count a: 0.0 Mb Count b: 1.5060240963855422
INFO:root:Mb Count a: 0.0 Mb Count b: 1.8222222222222222
INFO:root:Mb Count a: 0.0 Mb Count b: 1.85
/scratch/data/leah/phertilizer/src/linear_split.py:107: RuntimeWarning: invalid value encountered in true_divide
  vaf = binary_counts/binary_tcounts
/scratch/data/leah/phertilizer/src/linear_split.py:251: RuntimeWarning: invalid value encountered in true_divide
  tmb = mb_mut_count/mb_tot_count
INFO:root:Mb Count a: 0.7677419354838709 Mb Count b: 2.3183673469387753
INFO:root:Mb Count a: 0.0 Mb Count b: 1.5584415584415585
INFO:root:Mb Count a: 0.0 Mb Count b: 1.8158995815899581
INFO:root:Mb Count a: 0.0 Mb Count b: 1.8553719008264462
INFO:root:Mb Count a: 0.0 Mb Count b: 1.8828451882845187
INFO:root:Mb Count a: 0.0 Mb Count b: 1.8828451882845187
/scratch/data/leah/phertilizer/src/branching_split.py:108: RuntimeWarning: invalid value encountered in true_divide
  tmb = mut_var_count_by_cell/mut_total_reads_by_cell
/scratch/data/leah/phertilizer/src/branching_split.py:108: RuntimeWarning: invalid value encountered in true_divide
  tmb = mut_var_count_by_cell/mut_total_reads_by_cell
/scratch/data/leah/phertilizer/src/branching_split.py:108: RuntimeWarning: invalid value encountered in true_divide
  tmb = mut_var_count_by_cell/mut_total_reads_by_cell
/scratch/data/leah/phertilizer/src/branching_split.py:108: RuntimeWarning: invalid value encountered in true_divide
  tmb = mut_var_count_by_cell/mut_total_reads_by_cell
/scratch/data/leah/phertilizer/src/branching_split.py:108: RuntimeWarning: invalid value encountered in true_divide
  tmb = mut_var_count_by_cell/mut_total_reads_by_cell
/scratch/data/leah/phertilizer/src/branching_split.py:108: RuntimeWarning: invalid value encountered in true_divide
  tmb = mut_var_count_by_cell/mut_total_reads_by_cell
/scratch/data/leah/phertilizer/src/linear_split.py:251: RuntimeWarning: invalid value encountered in true_divide
  tmb = mb_mut_count/mb_tot_count
INFO:root:Mb Count a: 0.9893617021276596 Mb Count b: 2.25
/scratch/data/leah/phertilizer/src/linear_split.py:251: RuntimeWarning: invalid value encountered in true_divide
  tmb = mb_mut_count/mb_tot_count
INFO:root:Mb Count a: 0.013297872340425532 Mb Count b: 2.3541666666666665
/scratch/data/leah/phertilizer/src/linear_split.py:251: RuntimeWarning: invalid value encountered in true_divide
  tmb = mb_mut_count/mb_tot_count
INFO:root:Mb Count a: 1.0452127659574468 Mb Count b: 2.4166666666666665
/scratch/data/leah/phertilizer/src/linear_split.py:251: RuntimeWarning: invalid value encountered in true_divide
  tmb = mb_mut_count/mb_tot_count
INFO:root:Mb Count a: 0.013297872340425532 Mb Count b: 2.3541666666666665
/scratch/data/leah/phertilizer/src/linear_split.py:251: RuntimeWarning: invalid value encountered in true_divide
  tmb = mb_mut_count/mb_tot_count
INFO:root:Mb Count a: 1.0611702127659575 Mb Count b: 2.2291666666666665
/scratch/data/leah/phertilizer/src/linear_split.py:251: RuntimeWarning: invalid value encountered in true_divide
  tmb = mb_mut_count/mb_tot_count
INFO:root:Mb Count a: 0.013297872340425532 Mb Count b: 2.3541666666666665
/scratch/data/leah/phertilizer/src/branching_split.py:108: RuntimeWarning: invalid value encountered in true_divide
  tmb = mut_var_count_by_cell/mut_total_reads_by_cell
/scratch/data/leah/phertilizer/src/branching_split.py:108: RuntimeWarning: invalid value encountered in true_divide
  tmb = mut_var_count_by_cell/mut_total_reads_by_cell
/scratch/data/leah/phertilizer/src/branching_split.py:108: RuntimeWarning: invalid value encountered in true_divide
  tmb = mut_var_count_by_cell/mut_total_reads_by_cell
/scratch/data/leah/phertilizer/src/branching_split.py:108: RuntimeWarning: invalid value encountered in true_divide
  tmb = mut_var_count_by_cell/mut_total_reads_by_cell
/scratch/data/leah/phertilizer/src/linear_split.py:251: RuntimeWarning: invalid value encountered in true_divide
  tmb = mb_mut_count/mb_tot_count
INFO:root:Mb Count a: 0.8745724059293044 Mb Count b: 1.45
/scratch/data/leah/phertilizer/src/linear_split.py:251: RuntimeWarning: invalid value encountered in true_divide
  tmb = mb_mut_count/mb_tot_count
INFO:root:Mb Count a: 0.026143790849673203 Mb Count b: 0.717948717948718
/scratch/data/leah/phertilizer/src/linear_split.py:251: RuntimeWarning: invalid value encountered in true_divide
  tmb = mb_mut_count/mb_tot_count
INFO:root:Mb Count a: 0.025081788440567066 Mb Count b: 0.725
/scratch/data/leah/phertilizer/src/linear_split.py:251: RuntimeWarning: invalid value encountered in true_divide
  tmb = mb_mut_count/mb_tot_count
INFO:root:Mb Count a: 0.025081788440567066 Mb Count b: 0.725
/scratch/data/leah/phertilizer/src/linear_split.py:251: RuntimeWarning: invalid value encountered in true_divide
  tmb = mb_mut_count/mb_tot_count
INFO:root:Mb Count a: 0.9168591224018475 Mb Count b: 1.3076923076923077
/scratch/data/leah/phertilizer/src/linear_split.py:251: RuntimeWarning: invalid value encountered in true_divide
  tmb = mb_mut_count/mb_tot_count
INFO:root:Mb Count a: 0.021715526601520086 Mb Count b: 0.6666666666666666
/scratch/data/leah/phertilizer/src/linear_split.py:251: RuntimeWarning: invalid value encountered in true_divide
  tmb = mb_mut_count/mb_tot_count
INFO:root:Mb Count a: 0.02386117136659436 Mb Count b: 0.6857142857142857
/scratch/data/leah/phertilizer/src/linear_split.py:251: RuntimeWarning: invalid value encountered in true_divide
  tmb = mb_mut_count/mb_tot_count
INFO:root:Mb Count a: 0.023887079261672096 Mb Count b: 0.6944444444444444
/scratch/data/leah/phertilizer/src/linear_split.py:251: RuntimeWarning: invalid value encountered in true_divide
  tmb = mb_mut_count/mb_tot_count
INFO:root:Mb Count a: 0.023887079261672096 Mb Count b: 0.6944444444444444
/scratch/data/leah/phertilizer/src/linear_split.py:251: RuntimeWarning: invalid value encountered in true_divide
  tmb = mb_mut_count/mb_tot_count
INFO:root:Mb Count a: 0.0 Mb Count b: 1.4873096446700507
/scratch/data/leah/phertilizer/src/linear_split.py:251: RuntimeWarning: invalid value encountered in true_divide
  tmb = mb_mut_count/mb_tot_count
INFO:root:Mb Count a: 0.0 Mb Count b: 1.5402097902097902
/scratch/data/leah/phertilizer/src/linear_split.py:251: RuntimeWarning: invalid value encountered in true_divide
  tmb = mb_mut_count/mb_tot_count
INFO:root:Mb Count a: 0.0 Mb Count b: 1.53859649122807
/scratch/data/leah/phertilizer/src/linear_split.py:251: RuntimeWarning: invalid value encountered in true_divide
  tmb = mb_mut_count/mb_tot_count
INFO:root:Mb Count a: 0.0 Mb Count b: 1.53859649122807
/scratch/data/leah/phertilizer/src/branching_split.py:108: RuntimeWarning: invalid value encountered in true_divide
  tmb = mut_var_count_by_cell/mut_total_reads_by_cell
/scratch/data/leah/phertilizer/src/branching_split.py:108: RuntimeWarning: invalid value encountered in true_divide
  tmb = mut_var_count_by_cell/mut_total_reads_by_cell
/scratch/data/leah/phertilizer/src/branching_split.py:108: RuntimeWarning: invalid value encountered in true_divide
  tmb = mut_var_count_by_cell/mut_total_reads_by_cell
/scratch/data/leah/phertilizer/src/branching_split.py:108: RuntimeWarning: invalid value encountered in true_divide
  tmb = mut_var_count_by_cell/mut_total_reads_by_cell
/scratch/data/leah/phertilizer/src/branching_split.py:108: RuntimeWarning: invalid value encountered in true_divide
  tmb = mut_var_count_by_cell/mut_total_reads_by_cell
/scratch/data/leah/phertilizer/src/branching_split.py:108: RuntimeWarning: invalid value encountered in true_divide
  tmb = mut_var_count_by_cell/mut_total_reads_by_cell
/scratch/data/leah/phertilizer/src/linear_split.py:251: RuntimeWarning: invalid value encountered in true_divide
  tmb = mb_mut_count/mb_tot_count
INFO:root:Mb Count a: 0.028132992327365727 Mb Count b: 1.6268115942028984
INFO:root:Mb Count a: 0.0025575447570332483 Mb Count b: 3.806159420289855
/scratch/data/leah/phertilizer/src/linear_split.py:251: RuntimeWarning: invalid value encountered in true_divide
  tmb = mb_mut_count/mb_tot_count
INFO:root:Mb Count a: 0.03836317135549872 Mb Count b: 1.5697463768115942
INFO:root:Mb Count a: 0.0025575447570332483 Mb Count b: 3.806159420289855
/scratch/data/leah/phertilizer/src/linear_split.py:251: RuntimeWarning: invalid value encountered in true_divide
  tmb = mb_mut_count/mb_tot_count
INFO:root:Mb Count a: 0.023017902813299233 Mb Count b: 1.6059782608695652
INFO:root:Mb Count a: 0.0025575447570332483 Mb Count b: 3.806159420289855
/scratch/data/leah/phertilizer/src/branching_split.py:108: RuntimeWarning: invalid value encountered in true_divide
  tmb = mut_var_count_by_cell/mut_total_reads_by_cell
/scratch/data/leah/phertilizer/src/branching_split.py:108: RuntimeWarning: invalid value encountered in true_divide
  tmb = mut_var_count_by_cell/mut_total_reads_by_cell
/scratch/data/leah/phertilizer/src/branching_split.py:108: RuntimeWarning: invalid value encountered in true_divide
  tmb = mut_var_count_by_cell/mut_total_reads_by_cell
/scratch/data/leah/phertilizer/src/branching_split.py:108: RuntimeWarning: invalid value encountered in true_divide
  tmb = mut_var_count_by_cell/mut_total_reads_by_cell
/scratch/data/leah/phertilizer/src/branching_split.py:108: RuntimeWarning: invalid value encountered in true_divide
  tmb = mut_var_count_by_cell/mut_total_reads_by_cell
/scratch/data/leah/phertilizer/src/branching_split.py:108: RuntimeWarning: invalid value encountered in true_divide
  tmb = mut_var_count_by_cell/mut_total_reads_by_cell
/scratch/data/leah/phertilizer/src/linear_split.py:251: RuntimeWarning: invalid value encountered in true_divide
  tmb = mb_mut_count/mb_tot_count
INFO:root:Mb Count a: 1.1678240740740742 Mb Count b: 3.154166666666667
/scratch/data/leah/phertilizer/src/linear_split.py:251: RuntimeWarning: invalid value encountered in true_divide
  tmb = mb_mut_count/mb_tot_count
INFO:root:Mb Count a: 0.13541666666666666 Mb Count b: 3.05
/scratch/data/leah/phertilizer/src/linear_split.py:251: RuntimeWarning: invalid value encountered in true_divide
  tmb = mb_mut_count/mb_tot_count
INFO:root:Mb Count a: 1.2256944444444444 Mb Count b: 3.125
/scratch/data/leah/phertilizer/src/linear_split.py:251: RuntimeWarning: invalid value encountered in true_divide
  tmb = mb_mut_count/mb_tot_count
INFO:root:Mb Count a: 0.13541666666666666 Mb Count b: 3.05
/scratch/data/leah/phertilizer/src/linear_split.py:251: RuntimeWarning: invalid value encountered in true_divide
  tmb = mb_mut_count/mb_tot_count
INFO:root:Mb Count a: 1.2118055555555556 Mb Count b: 2.9875
/scratch/data/leah/phertilizer/src/linear_split.py:251: RuntimeWarning: invalid value encountered in true_divide
  tmb = mb_mut_count/mb_tot_count
INFO:root:Mb Count a: 0.13541666666666666 Mb Count b: 3.05
/scratch/data/leah/phertilizer/src/linear_split.py:251: RuntimeWarning: invalid value encountered in true_divide
  tmb = mb_mut_count/mb_tot_count
INFO:root:Mb Count a: 0.0 Mb Count b: 1.485981308411215
/scratch/data/leah/phertilizer/src/linear_split.py:251: RuntimeWarning: invalid value encountered in true_divide
  tmb = mb_mut_count/mb_tot_count
INFO:root:Mb Count a: 0.306368330464716 Mb Count b: 2.823321554770318
/scratch/data/leah/phertilizer/src/linear_split.py:251: RuntimeWarning: invalid value encountered in true_divide
  tmb = mb_mut_count/mb_tot_count
INFO:root:Mb Count a: 0.17488076311605724 Mb Count b: 2.6936170212765957
/scratch/data/leah/phertilizer/src/linear_split.py:251: RuntimeWarning: invalid value encountered in true_divide
  tmb = mb_mut_count/mb_tot_count
INFO:root:Mb Count a: 0.11181102362204724 Mb Count b: 2.5458515283842793
/scratch/data/leah/phertilizer/src/linear_split.py:251: RuntimeWarning: invalid value encountered in true_divide
  tmb = mb_mut_count/mb_tot_count
INFO:root:Mb Count a: 0.10725552050473186 Mb Count b: 2.4956521739130433
/scratch/data/leah/phertilizer/src/linear_split.py:251: RuntimeWarning: invalid value encountered in true_divide
  tmb = mb_mut_count/mb_tot_count
INFO:root:Mb Count a: 0.10410094637223975 Mb Count b: 2.491304347826087
/scratch/data/leah/phertilizer/src/linear_split.py:251: RuntimeWarning: invalid value encountered in true_divide
  tmb = mb_mut_count/mb_tot_count
INFO:root:Mb Count a: 0.0 Mb Count b: 1.5045871559633028
/scratch/data/leah/phertilizer/src/linear_split.py:251: RuntimeWarning: invalid value encountered in true_divide
  tmb = mb_mut_count/mb_tot_count
INFO:root:Mb Count a: 0.5580693815987934 Mb Count b: 3.0049751243781095
/scratch/data/leah/phertilizer/src/linear_split.py:251: RuntimeWarning: invalid value encountered in true_divide
  tmb = mb_mut_count/mb_tot_count
INFO:root:Mb Count a: 0.2907608695652174 Mb Count b: 2.765625
/scratch/data/leah/phertilizer/src/linear_split.py:251: RuntimeWarning: invalid value encountered in true_divide
  tmb = mb_mut_count/mb_tot_count
INFO:root:Mb Count a: 0.18725099601593626 Mb Count b: 2.4414414414414414
/scratch/data/leah/phertilizer/src/linear_split.py:251: RuntimeWarning: invalid value encountered in true_divide
  tmb = mb_mut_count/mb_tot_count
INFO:root:Mb Count a: 0.42285041224970554 Mb Count b: 2.066666666666667
/scratch/data/leah/phertilizer/src/linear_split.py:251: RuntimeWarning: invalid value encountered in true_divide
  tmb = mb_mut_count/mb_tot_count
INFO:root:Mb Count a: 0.12910798122065728 Mb Count b: 1.5
/scratch/data/leah/phertilizer/src/linear_split.py:251: RuntimeWarning: invalid value encountered in true_divide
  tmb = mb_mut_count/mb_tot_count
INFO:root:Mb Count a: 0.13028169014084506 Mb Count b: 1.5
/scratch/data/leah/phertilizer/src/linear_split.py:251: RuntimeWarning: invalid value encountered in true_divide
  tmb = mb_mut_count/mb_tot_count
INFO:root:Mb Count a: 0.33499170812603646 Mb Count b: 1.8160919540229885
/scratch/data/leah/phertilizer/src/linear_split.py:251: RuntimeWarning: invalid value encountered in true_divide
  tmb = mb_mut_count/mb_tot_count
INFO:root:Mb Count a: 0.2970027247956403 Mb Count b: 2.669230769230769
/scratch/data/leah/phertilizer/src/linear_split.py:251: RuntimeWarning: invalid value encountered in true_divide
  tmb = mb_mut_count/mb_tot_count
INFO:root:Mb Count a: 0.15279672578444747 Mb Count b: 2.3969465648854964
/scratch/data/leah/phertilizer/src/linear_split.py:251: RuntimeWarning: invalid value encountered in true_divide
  tmb = mb_mut_count/mb_tot_count
INFO:root:Mb Count a: 0.1364256480218281 Mb Count b: 2.351145038167939
/scratch/data/leah/phertilizer/src/linear_split.py:251: RuntimeWarning: invalid value encountered in true_divide
  tmb = mb_mut_count/mb_tot_count
INFO:root:Mb Count a: 0.12722298221614228 Mb Count b: 2.3233082706766917
/scratch/data/leah/phertilizer/src/linear_split.py:251: RuntimeWarning: invalid value encountered in true_divide
  tmb = mb_mut_count/mb_tot_count
INFO:root:Mb Count a: 0.12722298221614228 Mb Count b: 2.3233082706766917
/scratch/data/leah/phertilizer/src/linear_split.py:107: RuntimeWarning: invalid value encountered in true_divide
  vaf = binary_counts/binary_tcounts
/scratch/data/leah/phertilizer/src/linear_split.py:251: RuntimeWarning: invalid value encountered in true_divide
  tmb = mb_mut_count/mb_tot_count
INFO:root:Mb Count a: 0.4709480122324159 Mb Count b: 2.009771986970684
INFO:root:Mb Count a: 0.0 Mb Count b: 1.8725099601593624
INFO:root:Mb Count a: 0.0 Mb Count b: 1.9407114624505928
INFO:root:Mb Count a: 0.0 Mb Count b: 1.9488188976377954
INFO:root:Mb Count a: 0.0 Mb Count b: 1.9488188976377954
/scratch/data/leah/phertilizer/src/linear_split.py:107: RuntimeWarning: invalid value encountered in true_divide
  vaf = binary_counts/binary_tcounts
/scratch/data/leah/phertilizer/src/linear_split.py:251: RuntimeWarning: invalid value encountered in true_divide
  tmb = mb_mut_count/mb_tot_count
INFO:root:Mb Count a: 0.6774941995359629 Mb Count b: 2.2561576354679804
/scratch/data/leah/phertilizer/src/linear_split.py:251: RuntimeWarning: invalid value encountered in true_divide
  tmb = mb_mut_count/mb_tot_count
INFO:root:Mb Count a: 0.0 Mb Count b: 1.6171428571428572
/scratch/data/leah/phertilizer/src/linear_split.py:251: RuntimeWarning: invalid value encountered in true_divide
  tmb = mb_mut_count/mb_tot_count
INFO:root:Mb Count a: 0.0 Mb Count b: 1.8202247191011236
/scratch/data/leah/phertilizer/src/linear_split.py:251: RuntimeWarning: invalid value encountered in true_divide
  tmb = mb_mut_count/mb_tot_count
INFO:root:Mb Count a: 0.0 Mb Count b: 1.8258426966292134
/scratch/data/leah/phertilizer/src/linear_split.py:107: RuntimeWarning: invalid value encountered in true_divide
  vaf = binary_counts/binary_tcounts
/scratch/data/leah/phertilizer/src/linear_split.py:251: RuntimeWarning: invalid value encountered in true_divide
  tmb = mb_mut_count/mb_tot_count
INFO:root:Mb Count a: 0.0 Mb Count b: 1.6056338028169015
INFO:root:Mb Count a: 0.0 Mb Count b: 1.9125683060109289
INFO:root:Mb Count a: 0.3969849246231156 Mb Count b: 2.5042372881355934
INFO:root:Mb Count a: 0.2504816955684008 Mb Count b: 2.5043478260869567
/scratch/data/leah/phertilizer/src/linear_split.py:251: RuntimeWarning: invalid value encountered in true_divide
  tmb = mb_mut_count/mb_tot_count
INFO:root:Mb Count a: 0.10825688073394496 Mb Count b: 2.3146067415730336
/scratch/data/leah/phertilizer/src/linear_split.py:251: RuntimeWarning: invalid value encountered in true_divide
  tmb = mb_mut_count/mb_tot_count
INFO:root:Mb Count a: 0.08152173913043478 Mb Count b: 2.2560975609756095
/scratch/data/leah/phertilizer/src/linear_split.py:251: RuntimeWarning: invalid value encountered in true_divide
  tmb = mb_mut_count/mb_tot_count
INFO:root:Mb Count a: 0.08303249097472924 Mb Count b: 2.2625
/scratch/data/leah/phertilizer/src/linear_split.py:251: RuntimeWarning: invalid value encountered in true_divide
  tmb = mb_mut_count/mb_tot_count
INFO:root:Mb Count a: 0.08303249097472924 Mb Count b: 2.2625
/scratch/data/leah/phertilizer/src/branching_split.py:108: RuntimeWarning: invalid value encountered in true_divide
  tmb = mut_var_count_by_cell/mut_total_reads_by_cell
/scratch/data/leah/phertilizer/src/branching_split.py:108: RuntimeWarning: invalid value encountered in true_divide
  tmb = mut_var_count_by_cell/mut_total_reads_by_cell
/scratch/data/leah/phertilizer/src/branching_split.py:108: RuntimeWarning: invalid value encountered in true_divide
  tmb = mut_var_count_by_cell/mut_total_reads_by_cell
/scratch/data/leah/phertilizer/src/branching_split.py:108: RuntimeWarning: invalid value encountered in true_divide
  tmb = mut_var_count_by_cell/mut_total_reads_by_cell
/scratch/data/leah/phertilizer/src/branching_split.py:108: RuntimeWarning: invalid value encountered in true_divide
  tmb = mut_var_count_by_cell/mut_total_reads_by_cell
/scratch/data/leah/phertilizer/src/branching_split.py:108: RuntimeWarning: invalid value encountered in true_divide
  tmb = mut_var_count_by_cell/mut_total_reads_by_cell
/scratch/data/leah/phertilizer/src/linear_split.py:251: RuntimeWarning: invalid value encountered in true_divide
  tmb = mb_mut_count/mb_tot_count
INFO:root:Mb Count a: 0.9462809917355371 Mb Count b: 2.4791666666666665
/scratch/data/leah/phertilizer/src/linear_split.py:251: RuntimeWarning: invalid value encountered in true_divide
  tmb = mb_mut_count/mb_tot_count
INFO:root:Mb Count a: 0.024793388429752067 Mb Count b: 2.283333333333333
/scratch/data/leah/phertilizer/src/linear_split.py:251: RuntimeWarning: invalid value encountered in true_divide
  tmb = mb_mut_count/mb_tot_count
INFO:root:Mb Count a: 1.0991735537190082 Mb Count b: 2.5083333333333333
/scratch/data/leah/phertilizer/src/linear_split.py:251: RuntimeWarning: invalid value encountered in true_divide
  tmb = mb_mut_count/mb_tot_count
INFO:root:Mb Count a: 0.024793388429752067 Mb Count b: 2.283333333333333
/scratch/data/leah/phertilizer/src/linear_split.py:251: RuntimeWarning: invalid value encountered in true_divide
  tmb = mb_mut_count/mb_tot_count
INFO:root:Mb Count a: 1.109504132231405 Mb Count b: 2.4583333333333335
/scratch/data/leah/phertilizer/src/linear_split.py:251: RuntimeWarning: invalid value encountered in true_divide
  tmb = mb_mut_count/mb_tot_count
INFO:root:Mb Count a: 0.024793388429752067 Mb Count b: 2.283333333333333
