/scratch/data/leah/phertilizer/src/branching_split.py:108: RuntimeWarning: invalid value encountered in true_divide
  tmb = mut_var_count_by_cell/mut_total_reads_by_cell
/scratch/data/leah/phertilizer/src/branching_split.py:108: RuntimeWarning: invalid value encountered in true_divide
  tmb = mut_var_count_by_cell/mut_total_reads_by_cell
/scratch/data/leah/phertilizer/src/branching_split.py:108: RuntimeWarning: invalid value encountered in true_divide
  tmb = mut_var_count_by_cell/mut_total_reads_by_cell
/scratch/data/leah/phertilizer/src/branching_split.py:108: RuntimeWarning: invalid value encountered in true_divide
  tmb = mut_var_count_by_cell/mut_total_reads_by_cell
INFO:root:Mb Count a: 2.1075731497418246 Mb Count b: 4.1419753086419755
INFO:root:Mb Count a: 0.45180722891566266 Mb Count b: 3.462962962962963
INFO:root:Mb Count a: 2.0559380378657486 Mb Count b: 4.203703703703703
INFO:root:Mb Count a: 0.45180722891566266 Mb Count b: 3.462962962962963
INFO:root:Mb Count a: 2.0206540447504304 Mb Count b: 4.154320987654321
INFO:root:Mb Count a: 0.45180722891566266 Mb Count b: 3.462962962962963
INFO:root:Mb Count a: 1.381151832460733 Mb Count b: 3.004830917874396
INFO:root:Mb Count a: 0.36544502617801045 Mb Count b: 2.9903381642512077
INFO:root:Mb Count a: 1.3961783439490445 Mb Count b: 2.220159151193634
INFO:root:Mb Count a: 0.7227822580645161 Mb Count b: 2.123529411764706
INFO:root:Mb Count a: 0.4397905759162304 Mb Count b: 0.8260869565217391
INFO:root:Mb Count a: 0.36544502617801045 Mb Count b: 2.9903381642512077
INFO:root:Mb Count a: 1.2904458598726114 Mb Count b: 2.1909814323607426
INFO:root:Mb Count a: 0.7227822580645161 Mb Count b: 2.123529411764706
INFO:root:Mb Count a: 0.4397905759162304 Mb Count b: 0.8260869565217391
INFO:root:Mb Count a: 0.36544502617801045 Mb Count b: 2.9903381642512077
INFO:root:Mb Count a: 0.9707006369426752 Mb Count b: 1.088235294117647
INFO:root:Mb Count a: 0.18853503184713377 Mb Count b: 2.123529411764706
INFO:root:Mb Count a: 0.9770700636942675 Mb Count b: 1.0470588235294118
INFO:root:Mb Count a: 0.18853503184713377 Mb Count b: 2.123529411764706
INFO:root:Mb Count a: 0.9197452229299363 Mb Count b: 1.0823529411764705
INFO:root:Mb Count a: 0.18853503184713377 Mb Count b: 2.123529411764706
INFO:root:Mb Count a: 0.37714285714285717 Mb Count b: 0.7839080459770115
INFO:root:Mb Count a: 0.011428571428571429 Mb Count b: 2.871264367816092
INFO:root:Mb Count a: 0.3057142857142857 Mb Count b: 0.7839080459770115
INFO:root:Mb Count a: 0.011428571428571429 Mb Count b: 2.871264367816092
INFO:root:Mb Count a: 0.2914285714285714 Mb Count b: 0.735632183908046
INFO:root:Mb Count a: 0.011428571428571429 Mb Count b: 2.871264367816092
/scratch/data/leah/phertilizer/src/linear_split.py:107: RuntimeWarning: invalid value encountered in true_divide
  vaf = binary_counts/binary_tcounts
INFO:root:Mb Count a: 1.6554621848739495 Mb Count b: 3.8839285714285716
INFO:root:Mb Count a: 0.19607843137254902 Mb Count b: 2.75
INFO:root:Mb Count a: 0.1299093655589124 Mb Count b: 3.0
INFO:root:Mb Count a: 0.018018018018018018 Mb Count b: 2.7058823529411766
INFO:root:Mb Count a: 0.012012012012012012 Mb Count b: 2.7058823529411766
/scratch/data/leah/phertilizer/src/linear_split.py:107: RuntimeWarning: invalid value encountered in true_divide
  vaf = binary_counts/binary_tcounts
INFO:root:Mb Count a: 1.3407821229050279 Mb Count b: 3.1637426900584797
INFO:root:Mb Count a: 0.0 Mb Count b: 1.9530201342281879
INFO:root:Mb Count a: 0.447098976109215 Mb Count b: 3.1228070175438596
INFO:root:Mb Count a: 0.18373493975903615 Mb Count b: 3.3333333333333335
INFO:root:Mb Count a: 0.012012012012012012 Mb Count b: 2.5294117647058822
INFO:root:Mb Count a: 0.009009009009009009 Mb Count b: 2.5294117647058822
/scratch/data/leah/phertilizer/src/linear_split.py:107: RuntimeWarning: invalid value encountered in true_divide
  vaf = binary_counts/binary_tcounts
INFO:root:Mb Count a: 1.4532710280373833 Mb Count b: 3.625
INFO:root:Mb Count a: 0.0 Mb Count b: 2.1226415094339623
INFO:root:Mb Count a: 0.0 Mb Count b: 2.1792452830188678
/scratch/data/leah/phertilizer/src/linear_split.py:107: RuntimeWarning: invalid value encountered in true_divide
  vaf = binary_counts/binary_tcounts
INFO:root:Mb Count a: 1.1277777777777778 Mb Count b: 3.241830065359477
INFO:root:Mb Count a: 0.15352697095435686 Mb Count b: 2.380434782608696
INFO:root:Mb Count a: 0.058365758754863814 Mb Count b: 2.3421052631578947
INFO:root:Mb Count a: 0.01937984496124031 Mb Count b: 2.3066666666666666
INFO:root:Mb Count a: 0.0 Mb Count b: 2.240506329113924
INFO:root:Mb Count a: 0.0 Mb Count b: 2.278481012658228
/scratch/data/leah/phertilizer/src/linear_split.py:107: RuntimeWarning: invalid value encountered in true_divide
  vaf = binary_counts/binary_tcounts
INFO:root:Mb Count a: 1.6066350710900474 Mb Count b: 3.4918032786885247
INFO:root:Mb Count a: 0.18705035971223022 Mb Count b: 2.581818181818182
INFO:root:Mb Count a: 0.07432432432432433 Mb Count b: 2.3783783783783785
INFO:root:Mb Count a: 0.033112582781456956 Mb Count b: 2.4193548387096775
INFO:root:Mb Count a: 0.019736842105263157 Mb Count b: 2.413793103448276
INFO:root:Mb Count a: 0.013157894736842105 Mb Count b: 2.3793103448275863
/scratch/data/leah/phertilizer/src/linear_split.py:107: RuntimeWarning: invalid value encountered in true_divide
  vaf = binary_counts/binary_tcounts
INFO:root:Mb Count a: 1.484304932735426 Mb Count b: 3.5090909090909093
INFO:root:Mb Count a: 0.13745704467353953 Mb Count b: 2.619047619047619
INFO:root:Mb Count a: 0.029900332225913623 Mb Count b: 2.5625
INFO:root:Mb Count a: 0.006622516556291391 Mb Count b: 2.5483870967741935
INFO:root:Mb Count a: 0.0033112582781456954 Mb Count b: 2.5806451612903225
/scratch/data/leah/phertilizer/src/linear_split.py:107: RuntimeWarning: invalid value encountered in true_divide
  vaf = binary_counts/binary_tcounts
INFO:root:Mb Count a: 1.4129353233830846 Mb Count b: 3.6407766990291264
INFO:root:Mb Count a: 0.0 Mb Count b: 1.7159090909090908
INFO:root:Mb Count a: 0.1541501976284585 Mb Count b: 2.2745098039215685
INFO:root:Mb Count a: 0.00784313725490196 Mb Count b: 2.1020408163265305
INFO:root:Mb Count a: 0.00784313725490196 Mb Count b: 2.1020408163265305
/scratch/data/leah/phertilizer/src/linear_split.py:107: RuntimeWarning: invalid value encountered in true_divide
  vaf = binary_counts/binary_tcounts
INFO:root:Mb Count a: 1.2422360248447204 Mb Count b: 3.076923076923077
INFO:root:Mb Count a: 0.0 Mb Count b: 1.8125
INFO:root:Mb Count a: 0.292 Mb Count b: 2.814814814814815
INFO:root:Mb Count a: 0.10294117647058823 Mb Count b: 2.6875
INFO:root:Mb Count a: 0.046263345195729534 Mb Count b: 2.739130434782609
INFO:root:Mb Count a: 0.017543859649122806 Mb Count b: 2.8947368421052633
INFO:root:Mb Count a: 0.01048951048951049 Mb Count b: 2.7777777777777777
INFO:root:Mb Count a: 0.006993006993006993 Mb Count b: 2.7777777777777777
/scratch/data/leah/phertilizer/src/linear_split.py:107: RuntimeWarning: invalid value encountered in true_divide
  vaf = binary_counts/binary_tcounts
INFO:root:Mb Count a: 1.2039473684210527 Mb Count b: 3.3684210526315788
INFO:root:Mb Count a: 0.0 Mb Count b: 1.7580645161290323
INFO:root:Mb Count a: 0.0 Mb Count b: 1.9274193548387097
/scratch/data/leah/phertilizer/src/branching_split.py:108: RuntimeWarning: invalid value encountered in true_divide
  tmb = mut_var_count_by_cell/mut_total_reads_by_cell
/scratch/data/leah/phertilizer/src/branching_split.py:108: RuntimeWarning: invalid value encountered in true_divide
  tmb = mut_var_count_by_cell/mut_total_reads_by_cell
/scratch/data/leah/phertilizer/src/branching_split.py:108: RuntimeWarning: invalid value encountered in true_divide
  tmb = mut_var_count_by_cell/mut_total_reads_by_cell
/scratch/data/leah/phertilizer/src/branching_split.py:108: RuntimeWarning: invalid value encountered in true_divide
  tmb = mut_var_count_by_cell/mut_total_reads_by_cell
/scratch/data/leah/phertilizer/src/branching_split.py:108: RuntimeWarning: invalid value encountered in true_divide
  tmb = mut_var_count_by_cell/mut_total_reads_by_cell
/scratch/data/leah/phertilizer/src/branching_split.py:108: RuntimeWarning: invalid value encountered in true_divide
  tmb = mut_var_count_by_cell/mut_total_reads_by_cell
INFO:root:Mb Count a: 1.4058823529411764 Mb Count b: 1.6610671936758894
INFO:root:Mb Count a: 0.011764705882352941 Mb Count b: 3.6314229249011856
INFO:root:Mb Count a: 1.3588235294117648 Mb Count b: 1.5978260869565217
INFO:root:Mb Count a: 0.011764705882352941 Mb Count b: 3.6314229249011856
INFO:root:Mb Count a: 1.423529411764706 Mb Count b: 1.6106719367588933
INFO:root:Mb Count a: 0.011764705882352941 Mb Count b: 3.6314229249011856
/scratch/data/leah/phertilizer/src/branching_split.py:108: RuntimeWarning: invalid value encountered in true_divide
  tmb = mut_var_count_by_cell/mut_total_reads_by_cell
/scratch/data/leah/phertilizer/src/branching_split.py:108: RuntimeWarning: invalid value encountered in true_divide
  tmb = mut_var_count_by_cell/mut_total_reads_by_cell
/scratch/data/leah/phertilizer/src/branching_split.py:108: RuntimeWarning: invalid value encountered in true_divide
  tmb = mut_var_count_by_cell/mut_total_reads_by_cell
/scratch/data/leah/phertilizer/src/branching_split.py:108: RuntimeWarning: invalid value encountered in true_divide
  tmb = mut_var_count_by_cell/mut_total_reads_by_cell
/scratch/data/leah/phertilizer/src/branching_split.py:108: RuntimeWarning: invalid value encountered in true_divide
  tmb = mut_var_count_by_cell/mut_total_reads_by_cell
/scratch/data/leah/phertilizer/src/branching_split.py:108: RuntimeWarning: invalid value encountered in true_divide
  tmb = mut_var_count_by_cell/mut_total_reads_by_cell
/scratch/data/leah/phertilizer/src/linear_split.py:251: RuntimeWarning: invalid value encountered in true_divide
  tmb = mb_mut_count/mb_tot_count
INFO:root:Mb Count a: 1.1133720930232558 Mb Count b: 2.0462962962962963
/scratch/data/leah/phertilizer/src/linear_split.py:251: RuntimeWarning: invalid value encountered in true_divide
  tmb = mb_mut_count/mb_tot_count
INFO:root:Mb Count a: 0.12936046511627908 Mb Count b: 2.2746913580246915
/scratch/data/leah/phertilizer/src/linear_split.py:251: RuntimeWarning: invalid value encountered in true_divide
  tmb = mb_mut_count/mb_tot_count
INFO:root:Mb Count a: 1.058139534883721 Mb Count b: 2.117283950617284
/scratch/data/leah/phertilizer/src/linear_split.py:251: RuntimeWarning: invalid value encountered in true_divide
  tmb = mb_mut_count/mb_tot_count
INFO:root:Mb Count a: 0.12936046511627908 Mb Count b: 2.2746913580246915
/scratch/data/leah/phertilizer/src/linear_split.py:251: RuntimeWarning: invalid value encountered in true_divide
  tmb = mb_mut_count/mb_tot_count
INFO:root:Mb Count a: 1.063953488372093 Mb Count b: 1.9876543209876543
/scratch/data/leah/phertilizer/src/linear_split.py:251: RuntimeWarning: invalid value encountered in true_divide
  tmb = mb_mut_count/mb_tot_count
INFO:root:Mb Count a: 0.12936046511627908 Mb Count b: 2.2746913580246915
/scratch/data/leah/phertilizer/src/linear_split.py:251: RuntimeWarning: invalid value encountered in true_divide
  tmb = mb_mut_count/mb_tot_count
INFO:root:Mb Count a: 0.31185031185031187 Mb Count b: 1.0048309178743962
/scratch/data/leah/phertilizer/src/linear_split.py:251: RuntimeWarning: invalid value encountered in true_divide
  tmb = mb_mut_count/mb_tot_count
INFO:root:Mb Count a: 0.0498960498960499 Mb Count b: 1.8115942028985508
/scratch/data/leah/phertilizer/src/linear_split.py:251: RuntimeWarning: invalid value encountered in true_divide
  tmb = mb_mut_count/mb_tot_count
INFO:root:Mb Count a: 0.32224532224532226 Mb Count b: 0.9855072463768116
/scratch/data/leah/phertilizer/src/linear_split.py:251: RuntimeWarning: invalid value encountered in true_divide
  tmb = mb_mut_count/mb_tot_count
INFO:root:Mb Count a: 0.0498960498960499 Mb Count b: 1.8115942028985508
/scratch/data/leah/phertilizer/src/linear_split.py:251: RuntimeWarning: invalid value encountered in true_divide
  tmb = mb_mut_count/mb_tot_count
INFO:root:Mb Count a: 0.3970893970893971 Mb Count b: 0.9758454106280193
/scratch/data/leah/phertilizer/src/linear_split.py:251: RuntimeWarning: invalid value encountered in true_divide
  tmb = mb_mut_count/mb_tot_count
INFO:root:Mb Count a: 0.0498960498960499 Mb Count b: 1.8115942028985508
/scratch/data/leah/phertilizer/src/linear_split.py:107: RuntimeWarning: invalid value encountered in true_divide
  vaf = binary_counts/binary_tcounts
/scratch/data/leah/phertilizer/src/linear_split.py:251: RuntimeWarning: invalid value encountered in true_divide
  tmb = mb_mut_count/mb_tot_count
INFO:root:Mb Count a: 0.6956521739130435 Mb Count b: 1.2873563218390804
/scratch/data/leah/phertilizer/src/linear_split.py:251: RuntimeWarning: invalid value encountered in true_divide
  tmb = mb_mut_count/mb_tot_count
INFO:root:Mb Count a: 0.0 Mb Count b: 0.664367816091954
/scratch/data/leah/phertilizer/src/linear_split.py:107: RuntimeWarning: invalid value encountered in true_divide
  vaf = binary_counts/binary_tcounts
/scratch/data/leah/phertilizer/src/linear_split.py:251: RuntimeWarning: invalid value encountered in true_divide
  tmb = mb_mut_count/mb_tot_count
INFO:root:Mb Count a: 0.782608695652174 Mb Count b: 1.206896551724138
/scratch/data/leah/phertilizer/src/linear_split.py:251: RuntimeWarning: invalid value encountered in true_divide
  tmb = mb_mut_count/mb_tot_count
INFO:root:Mb Count a: 0.0 Mb Count b: 0.664367816091954
/scratch/data/leah/phertilizer/src/linear_split.py:107: RuntimeWarning: invalid value encountered in true_divide
  vaf = binary_counts/binary_tcounts
/scratch/data/leah/phertilizer/src/linear_split.py:251: RuntimeWarning: invalid value encountered in true_divide
  tmb = mb_mut_count/mb_tot_count
INFO:root:Mb Count a: 0.6739130434782609 Mb Count b: 1.2091954022988505
/scratch/data/leah/phertilizer/src/linear_split.py:251: RuntimeWarning: invalid value encountered in true_divide
  tmb = mb_mut_count/mb_tot_count
INFO:root:Mb Count a: 0.0 Mb Count b: 0.664367816091954
/scratch/data/leah/phertilizer/src/branching_split.py:108: RuntimeWarning: invalid value encountered in true_divide
  tmb = mut_var_count_by_cell/mut_total_reads_by_cell
/scratch/data/leah/phertilizer/src/branching_split.py:108: RuntimeWarning: invalid value encountered in true_divide
  tmb = mut_var_count_by_cell/mut_total_reads_by_cell
/scratch/data/leah/phertilizer/src/branching_split.py:108: RuntimeWarning: invalid value encountered in true_divide
  tmb = mut_var_count_by_cell/mut_total_reads_by_cell
/scratch/data/leah/phertilizer/src/branching_split.py:108: RuntimeWarning: invalid value encountered in true_divide
  tmb = mut_var_count_by_cell/mut_total_reads_by_cell
/scratch/data/leah/phertilizer/src/branching_split.py:108: RuntimeWarning: invalid value encountered in true_divide
  tmb = mut_var_count_by_cell/mut_total_reads_by_cell
/scratch/data/leah/phertilizer/src/branching_split.py:108: RuntimeWarning: invalid value encountered in true_divide
  tmb = mut_var_count_by_cell/mut_total_reads_by_cell
/scratch/data/leah/phertilizer/src/linear_split.py:251: RuntimeWarning: invalid value encountered in true_divide
  tmb = mb_mut_count/mb_tot_count
INFO:root:Mb Count a: 0.8743961352657005 Mb Count b: 1.0740740740740742
/scratch/data/leah/phertilizer/src/linear_split.py:251: RuntimeWarning: invalid value encountered in true_divide
  tmb = mb_mut_count/mb_tot_count
INFO:root:Mb Count a: 0.014492753623188406 Mb Count b: 1.8333333333333333
/scratch/data/leah/phertilizer/src/linear_split.py:251: RuntimeWarning: invalid value encountered in true_divide
  tmb = mb_mut_count/mb_tot_count
INFO:root:Mb Count a: 0.8309178743961353 Mb Count b: 1.0401234567901234
/scratch/data/leah/phertilizer/src/linear_split.py:251: RuntimeWarning: invalid value encountered in true_divide
  tmb = mb_mut_count/mb_tot_count
INFO:root:Mb Count a: 0.014492753623188406 Mb Count b: 1.8333333333333333
/scratch/data/leah/phertilizer/src/linear_split.py:251: RuntimeWarning: invalid value encountered in true_divide
  tmb = mb_mut_count/mb_tot_count
INFO:root:Mb Count a: 0.9420289855072463 Mb Count b: 1.0864197530864197
/scratch/data/leah/phertilizer/src/linear_split.py:251: RuntimeWarning: invalid value encountered in true_divide
  tmb = mb_mut_count/mb_tot_count
INFO:root:Mb Count a: 0.014492753623188406 Mb Count b: 1.8333333333333333
/scratch/data/leah/phertilizer/src/branching_split.py:108: RuntimeWarning: invalid value encountered in true_divide
  tmb = mut_var_count_by_cell/mut_total_reads_by_cell
/scratch/data/leah/phertilizer/src/branching_split.py:108: RuntimeWarning: invalid value encountered in true_divide
  tmb = mut_var_count_by_cell/mut_total_reads_by_cell
/scratch/data/leah/phertilizer/src/branching_split.py:108: RuntimeWarning: invalid value encountered in true_divide
  tmb = mut_var_count_by_cell/mut_total_reads_by_cell
/scratch/data/leah/phertilizer/src/branching_split.py:108: RuntimeWarning: invalid value encountered in true_divide
  tmb = mut_var_count_by_cell/mut_total_reads_by_cell
/scratch/data/leah/phertilizer/src/branching_split.py:108: RuntimeWarning: invalid value encountered in true_divide
  tmb = mut_var_count_by_cell/mut_total_reads_by_cell
/scratch/data/leah/phertilizer/src/branching_split.py:108: RuntimeWarning: invalid value encountered in true_divide
  tmb = mut_var_count_by_cell/mut_total_reads_by_cell
/scratch/data/leah/phertilizer/src/linear_split.py:251: RuntimeWarning: invalid value encountered in true_divide
  tmb = mb_mut_count/mb_tot_count
INFO:root:Mb Count a: 1.3343023255813953 Mb Count b: 2.549382716049383
/scratch/data/leah/phertilizer/src/linear_split.py:251: RuntimeWarning: invalid value encountered in true_divide
  tmb = mb_mut_count/mb_tot_count
INFO:root:Mb Count a: 0.04505813953488372 Mb Count b: 2.3487654320987654
/scratch/data/leah/phertilizer/src/linear_split.py:251: RuntimeWarning: invalid value encountered in true_divide
  tmb = mb_mut_count/mb_tot_count
INFO:root:Mb Count a: 1.379360465116279 Mb Count b: 2.564814814814815
/scratch/data/leah/phertilizer/src/linear_split.py:251: RuntimeWarning: invalid value encountered in true_divide
  tmb = mb_mut_count/mb_tot_count
INFO:root:Mb Count a: 0.04505813953488372 Mb Count b: 2.3487654320987654
/scratch/data/leah/phertilizer/src/linear_split.py:251: RuntimeWarning: invalid value encountered in true_divide
  tmb = mb_mut_count/mb_tot_count
INFO:root:Mb Count a: 1.440406976744186 Mb Count b: 2.567901234567901
/scratch/data/leah/phertilizer/src/linear_split.py:251: RuntimeWarning: invalid value encountered in true_divide
  tmb = mb_mut_count/mb_tot_count
INFO:root:Mb Count a: 0.04505813953488372 Mb Count b: 2.3487654320987654
/scratch/data/leah/phertilizer/src/linear_split.py:107: RuntimeWarning: invalid value encountered in true_divide
  vaf = binary_counts/binary_tcounts
/scratch/data/leah/phertilizer/src/linear_split.py:251: RuntimeWarning: invalid value encountered in true_divide
  tmb = mb_mut_count/mb_tot_count
INFO:root:Mb Count a: 1.4282744282744282 Mb Count b: 2.3285024154589373
/scratch/data/leah/phertilizer/src/linear_split.py:251: RuntimeWarning: invalid value encountered in true_divide
  tmb = mb_mut_count/mb_tot_count
INFO:root:Mb Count a: 0.056133056133056136 Mb Count b: 1.6666666666666667
/scratch/data/leah/phertilizer/src/linear_split.py:107: RuntimeWarning: invalid value encountered in true_divide
  vaf = binary_counts/binary_tcounts
/scratch/data/leah/phertilizer/src/linear_split.py:251: RuntimeWarning: invalid value encountered in true_divide
  tmb = mb_mut_count/mb_tot_count
INFO:root:Mb Count a: 1.4428274428274428 Mb Count b: 2.285024154589372
/scratch/data/leah/phertilizer/src/linear_split.py:251: RuntimeWarning: invalid value encountered in true_divide
  tmb = mb_mut_count/mb_tot_count
INFO:root:Mb Count a: 0.056133056133056136 Mb Count b: 1.6666666666666667
/scratch/data/leah/phertilizer/src/linear_split.py:107: RuntimeWarning: invalid value encountered in true_divide
  vaf = binary_counts/binary_tcounts
/scratch/data/leah/phertilizer/src/linear_split.py:251: RuntimeWarning: invalid value encountered in true_divide
  tmb = mb_mut_count/mb_tot_count
INFO:root:Mb Count a: 1.4137214137214138 Mb Count b: 2.1690821256038646
/scratch/data/leah/phertilizer/src/linear_split.py:251: RuntimeWarning: invalid value encountered in true_divide
  tmb = mb_mut_count/mb_tot_count
INFO:root:Mb Count a: 0.056133056133056136 Mb Count b: 1.6666666666666667
/scratch/data/leah/phertilizer/src/linear_split.py:107: RuntimeWarning: invalid value encountered in true_divide
  vaf = binary_counts/binary_tcounts
/scratch/data/leah/phertilizer/src/linear_split.py:251: RuntimeWarning: invalid value encountered in true_divide
  tmb = mb_mut_count/mb_tot_count
INFO:root:Mb Count a: 1.1521739130434783 Mb Count b: 1.4252873563218391
/scratch/data/leah/phertilizer/src/linear_split.py:251: RuntimeWarning: invalid value encountered in true_divide
  tmb = mb_mut_count/mb_tot_count
INFO:root:Mb Count a: 0.0 Mb Count b: 0.7885057471264367
/scratch/data/leah/phertilizer/src/linear_split.py:107: RuntimeWarning: invalid value encountered in true_divide
  vaf = binary_counts/binary_tcounts
/scratch/data/leah/phertilizer/src/linear_split.py:251: RuntimeWarning: invalid value encountered in true_divide
  tmb = mb_mut_count/mb_tot_count
INFO:root:Mb Count a: 1.0 Mb Count b: 1.4482758620689655
/scratch/data/leah/phertilizer/src/linear_split.py:251: RuntimeWarning: invalid value encountered in true_divide
  tmb = mb_mut_count/mb_tot_count
INFO:root:Mb Count a: 0.0 Mb Count b: 0.7885057471264367
/scratch/data/leah/phertilizer/src/linear_split.py:107: RuntimeWarning: invalid value encountered in true_divide
  vaf = binary_counts/binary_tcounts
/scratch/data/leah/phertilizer/src/linear_split.py:251: RuntimeWarning: invalid value encountered in true_divide
  tmb = mb_mut_count/mb_tot_count
INFO:root:Mb Count a: 0.9347826086956522 Mb Count b: 1.4551724137931035
/scratch/data/leah/phertilizer/src/linear_split.py:251: RuntimeWarning: invalid value encountered in true_divide
  tmb = mb_mut_count/mb_tot_count
INFO:root:Mb Count a: 0.0 Mb Count b: 0.7885057471264367
/scratch/data/leah/phertilizer/src/branching_split.py:108: RuntimeWarning: invalid value encountered in true_divide
  tmb = mut_var_count_by_cell/mut_total_reads_by_cell
/scratch/data/leah/phertilizer/src/branching_split.py:108: RuntimeWarning: invalid value encountered in true_divide
  tmb = mut_var_count_by_cell/mut_total_reads_by_cell
/scratch/data/leah/phertilizer/src/branching_split.py:108: RuntimeWarning: invalid value encountered in true_divide
  tmb = mut_var_count_by_cell/mut_total_reads_by_cell
/scratch/data/leah/phertilizer/src/branching_split.py:108: RuntimeWarning: invalid value encountered in true_divide
  tmb = mut_var_count_by_cell/mut_total_reads_by_cell
/scratch/data/leah/phertilizer/src/branching_split.py:108: RuntimeWarning: invalid value encountered in true_divide
  tmb = mut_var_count_by_cell/mut_total_reads_by_cell
/scratch/data/leah/phertilizer/src/branching_split.py:108: RuntimeWarning: invalid value encountered in true_divide
  tmb = mut_var_count_by_cell/mut_total_reads_by_cell
/scratch/data/leah/phertilizer/src/linear_split.py:251: RuntimeWarning: invalid value encountered in true_divide
  tmb = mb_mut_count/mb_tot_count
INFO:root:Mb Count a: 0.7198067632850241 Mb Count b: 1.3333333333333333
/scratch/data/leah/phertilizer/src/linear_split.py:251: RuntimeWarning: invalid value encountered in true_divide
  tmb = mb_mut_count/mb_tot_count
INFO:root:Mb Count a: 0.004830917874396135 Mb Count b: 1.8796296296296295
/scratch/data/leah/phertilizer/src/linear_split.py:251: RuntimeWarning: invalid value encountered in true_divide
  tmb = mb_mut_count/mb_tot_count
INFO:root:Mb Count a: 0.7391304347826086 Mb Count b: 1.2685185185185186
/scratch/data/leah/phertilizer/src/linear_split.py:251: RuntimeWarning: invalid value encountered in true_divide
  tmb = mb_mut_count/mb_tot_count
INFO:root:Mb Count a: 0.004830917874396135 Mb Count b: 1.8796296296296295
/scratch/data/leah/phertilizer/src/linear_split.py:251: RuntimeWarning: invalid value encountered in true_divide
  tmb = mb_mut_count/mb_tot_count
INFO:root:Mb Count a: 0.8502415458937198 Mb Count b: 1.1481481481481481
/scratch/data/leah/phertilizer/src/linear_split.py:251: RuntimeWarning: invalid value encountered in true_divide
  tmb = mb_mut_count/mb_tot_count
INFO:root:Mb Count a: 0.004830917874396135 Mb Count b: 1.8796296296296295
/scratch/data/leah/phertilizer/src/branching_split.py:108: RuntimeWarning: invalid value encountered in true_divide
  tmb = mut_var_count_by_cell/mut_total_reads_by_cell
/scratch/data/leah/phertilizer/src/branching_split.py:108: RuntimeWarning: invalid value encountered in true_divide
  tmb = mut_var_count_by_cell/mut_total_reads_by_cell
/scratch/data/leah/phertilizer/src/branching_split.py:108: RuntimeWarning: invalid value encountered in true_divide
  tmb = mut_var_count_by_cell/mut_total_reads_by_cell
/scratch/data/leah/phertilizer/src/branching_split.py:108: RuntimeWarning: invalid value encountered in true_divide
  tmb = mut_var_count_by_cell/mut_total_reads_by_cell
/scratch/data/leah/phertilizer/src/branching_split.py:108: RuntimeWarning: invalid value encountered in true_divide
  tmb = mut_var_count_by_cell/mut_total_reads_by_cell
/scratch/data/leah/phertilizer/src/linear_split.py:251: RuntimeWarning: invalid value encountered in true_divide
  tmb = mb_mut_count/mb_tot_count
INFO:root:Mb Count a: 0.37591623036649213 Mb Count b: 1.0531400966183575
/scratch/data/leah/phertilizer/src/linear_split.py:251: RuntimeWarning: invalid value encountered in true_divide
  tmb = mb_mut_count/mb_tot_count
INFO:root:Mb Count a: 0.04331210191082802 Mb Count b: 0.7798408488063661
/scratch/data/leah/phertilizer/src/linear_split.py:251: RuntimeWarning: invalid value encountered in true_divide
  tmb = mb_mut_count/mb_tot_count
INFO:root:Mb Count a: 0.03184713375796178 Mb Count b: 1.3342175066312998
/scratch/data/leah/phertilizer/src/linear_split.py:251: RuntimeWarning: invalid value encountered in true_divide
  tmb = mb_mut_count/mb_tot_count
INFO:root:Mb Count a: 0.4375 Mb Count b: 0.8941176470588236
/scratch/data/leah/phertilizer/src/linear_split.py:251: RuntimeWarning: invalid value encountered in true_divide
  tmb = mb_mut_count/mb_tot_count
INFO:root:Mb Count a: 0.03931451612903226 Mb Count b: 1.4705882352941178
/scratch/data/leah/phertilizer/src/linear_split.py:251: RuntimeWarning: invalid value encountered in true_divide
  tmb = mb_mut_count/mb_tot_count
INFO:root:Mb Count a: 0.46673387096774194 Mb Count b: 0.8764705882352941
/scratch/data/leah/phertilizer/src/linear_split.py:251: RuntimeWarning: invalid value encountered in true_divide
  tmb = mb_mut_count/mb_tot_count
INFO:root:Mb Count a: 0.03931451612903226 Mb Count b: 1.4705882352941178
/scratch/data/leah/phertilizer/src/linear_split.py:251: RuntimeWarning: invalid value encountered in true_divide
  tmb = mb_mut_count/mb_tot_count
INFO:root:Mb Count a: 0.19745222929936307 Mb Count b: 0.7004830917874396
/scratch/data/leah/phertilizer/src/linear_split.py:251: RuntimeWarning: invalid value encountered in true_divide
  tmb = mb_mut_count/mb_tot_count
INFO:root:Mb Count a: 0.03184713375796178 Mb Count b: 1.2173913043478262
/scratch/data/leah/phertilizer/src/linear_split.py:251: RuntimeWarning: invalid value encountered in true_divide
  tmb = mb_mut_count/mb_tot_count
INFO:root:Mb Count a: 0.1732484076433121 Mb Count b: 0.8067632850241546
/scratch/data/leah/phertilizer/src/linear_split.py:251: RuntimeWarning: invalid value encountered in true_divide
  tmb = mb_mut_count/mb_tot_count
INFO:root:Mb Count a: 0.03184713375796178 Mb Count b: 1.2173913043478262
/scratch/data/leah/phertilizer/src/linear_split.py:251: RuntimeWarning: invalid value encountered in true_divide
  tmb = mb_mut_count/mb_tot_count
INFO:root:Mb Count a: 0.19745222929936307 Mb Count b: 0.7246376811594203
/scratch/data/leah/phertilizer/src/linear_split.py:251: RuntimeWarning: invalid value encountered in true_divide
  tmb = mb_mut_count/mb_tot_count
INFO:root:Mb Count a: 0.03184713375796178 Mb Count b: 1.2173913043478262
/scratch/data/leah/phertilizer/src/branching_split.py:108: RuntimeWarning: invalid value encountered in true_divide
  tmb = mut_var_count_by_cell/mut_total_reads_by_cell
/scratch/data/leah/phertilizer/src/branching_split.py:108: RuntimeWarning: invalid value encountered in true_divide
  tmb = mut_var_count_by_cell/mut_total_reads_by_cell
/scratch/data/leah/phertilizer/src/branching_split.py:108: RuntimeWarning: invalid value encountered in true_divide
  tmb = mut_var_count_by_cell/mut_total_reads_by_cell
/scratch/data/leah/phertilizer/src/branching_split.py:108: RuntimeWarning: invalid value encountered in true_divide
  tmb = mut_var_count_by_cell/mut_total_reads_by_cell
/scratch/data/leah/phertilizer/src/branching_split.py:108: RuntimeWarning: invalid value encountered in true_divide
  tmb = mut_var_count_by_cell/mut_total_reads_by_cell
/scratch/data/leah/phertilizer/src/branching_split.py:108: RuntimeWarning: invalid value encountered in true_divide
  tmb = mut_var_count_by_cell/mut_total_reads_by_cell
/scratch/data/leah/phertilizer/src/branching_split.py:108: RuntimeWarning: invalid value encountered in true_divide
  tmb = mut_var_count_by_cell/mut_total_reads_by_cell
/scratch/data/leah/phertilizer/src/branching_split.py:108: RuntimeWarning: invalid value encountered in true_divide
  tmb = mut_var_count_by_cell/mut_total_reads_by_cell
/scratch/data/leah/phertilizer/src/branching_split.py:108: RuntimeWarning: invalid value encountered in true_divide
  tmb = mut_var_count_by_cell/mut_total_reads_by_cell
/scratch/data/leah/phertilizer/src/branching_split.py:108: RuntimeWarning: invalid value encountered in true_divide
  tmb = mut_var_count_by_cell/mut_total_reads_by_cell
/scratch/data/leah/phertilizer/src/branching_split.py:108: RuntimeWarning: invalid value encountered in true_divide
  tmb = mut_var_count_by_cell/mut_total_reads_by_cell
/scratch/data/leah/phertilizer/src/branching_split.py:108: RuntimeWarning: invalid value encountered in true_divide
  tmb = mut_var_count_by_cell/mut_total_reads_by_cell
/scratch/data/leah/phertilizer/src/branching_split.py:108: RuntimeWarning: invalid value encountered in true_divide
  tmb = mut_var_count_by_cell/mut_total_reads_by_cell
/scratch/data/leah/phertilizer/src/branching_split.py:108: RuntimeWarning: invalid value encountered in true_divide
  tmb = mut_var_count_by_cell/mut_total_reads_by_cell
/scratch/data/leah/phertilizer/src/branching_split.py:108: RuntimeWarning: invalid value encountered in true_divide
  tmb = mut_var_count_by_cell/mut_total_reads_by_cell
/scratch/data/leah/phertilizer/src/branching_split.py:108: RuntimeWarning: invalid value encountered in true_divide
  tmb = mut_var_count_by_cell/mut_total_reads_by_cell
/scratch/data/leah/phertilizer/src/branching_split.py:108: RuntimeWarning: invalid value encountered in true_divide
  tmb = mut_var_count_by_cell/mut_total_reads_by_cell
/scratch/data/leah/phertilizer/src/branching_split.py:108: RuntimeWarning: invalid value encountered in true_divide
  tmb = mut_var_count_by_cell/mut_total_reads_by_cell
/scratch/data/leah/phertilizer/src/branching_split.py:108: RuntimeWarning: invalid value encountered in true_divide
  tmb = mut_var_count_by_cell/mut_total_reads_by_cell
/scratch/data/leah/phertilizer/src/linear_split.py:107: RuntimeWarning: invalid value encountered in true_divide
  vaf = binary_counts/binary_tcounts
/scratch/data/leah/phertilizer/src/linear_split.py:251: RuntimeWarning: invalid value encountered in true_divide
  tmb = mb_mut_count/mb_tot_count
INFO:root:Mb Count a: 1.180327868852459 Mb Count b: 2.5390070921985815
/scratch/data/leah/phertilizer/src/linear_split.py:251: RuntimeWarning: invalid value encountered in true_divide
  tmb = mb_mut_count/mb_tot_count
INFO:root:Mb Count a: 0.0 Mb Count b: 1.7777777777777777
/scratch/data/leah/phertilizer/src/linear_split.py:251: RuntimeWarning: invalid value encountered in true_divide
  tmb = mb_mut_count/mb_tot_count
INFO:root:Mb Count a: 0.0 Mb Count b: 1.8034188034188035
/scratch/data/leah/phertilizer/src/linear_split.py:107: RuntimeWarning: invalid value encountered in true_divide
  vaf = binary_counts/binary_tcounts
/scratch/data/leah/phertilizer/src/linear_split.py:251: RuntimeWarning: invalid value encountered in true_divide
  tmb = mb_mut_count/mb_tot_count
INFO:root:Mb Count a: 0.0 Mb Count b: 2.045801526717557
/scratch/data/leah/phertilizer/src/linear_split.py:251: RuntimeWarning: invalid value encountered in true_divide
  tmb = mb_mut_count/mb_tot_count
INFO:root:Mb Count a: 0.0 Mb Count b: 1.3945945945945946
/scratch/data/leah/phertilizer/src/linear_split.py:251: RuntimeWarning: invalid value encountered in true_divide
  tmb = mb_mut_count/mb_tot_count
INFO:root:Mb Count a: 0.0 Mb Count b: 1.9447513812154695
/scratch/data/leah/phertilizer/src/linear_split.py:251: RuntimeWarning: invalid value encountered in true_divide
  tmb = mb_mut_count/mb_tot_count
INFO:root:Mb Count a: 0.0 Mb Count b: 1.9502762430939227
/scratch/data/leah/phertilizer/src/linear_split.py:107: RuntimeWarning: invalid value encountered in true_divide
  vaf = binary_counts/binary_tcounts
/scratch/data/leah/phertilizer/src/linear_split.py:251: RuntimeWarning: invalid value encountered in true_divide
  tmb = mb_mut_count/mb_tot_count
INFO:root:Mb Count a: 1.2 Mb Count b: 2.574626865671642
/scratch/data/leah/phertilizer/src/linear_split.py:251: RuntimeWarning: invalid value encountered in true_divide
  tmb = mb_mut_count/mb_tot_count
INFO:root:Mb Count a: 0.30268199233716475 Mb Count b: 1.873015873015873
/scratch/data/leah/phertilizer/src/linear_split.py:251: RuntimeWarning: invalid value encountered in true_divide
  tmb = mb_mut_count/mb_tot_count
INFO:root:Mb Count a: 0.2692307692307692 Mb Count b: 1.25
/scratch/data/leah/phertilizer/src/linear_split.py:251: RuntimeWarning: invalid value encountered in true_divide
  tmb = mb_mut_count/mb_tot_count
INFO:root:Mb Count a: 0.0 Mb Count b: 1.2777777777777777
/scratch/data/leah/phertilizer/src/linear_split.py:251: RuntimeWarning: invalid value encountered in true_divide
  tmb = mb_mut_count/mb_tot_count
INFO:root:Mb Count a: 0.044585987261146494 Mb Count b: 1.4
/scratch/data/leah/phertilizer/src/linear_split.py:251: RuntimeWarning: invalid value encountered in true_divide
  tmb = mb_mut_count/mb_tot_count
INFO:root:Mb Count a: 0.03184713375796178 Mb Count b: 1.4
