INFO:root:Mb Count a: 2.0939933259176864 Mb Count b: 5.704510108864697
INFO:root:Mb Count a: 0.5244716351501668 Mb Count b: 9.023328149300156
INFO:root:Mb Count a: 2.039488320355951 Mb Count b: 5.707620528771384
INFO:root:Mb Count a: 0.5244716351501668 Mb Count b: 9.023328149300156
INFO:root:Mb Count a: 2.6857406552838023 Mb Count b: 6.087591240875913
INFO:root:Mb Count a: 1.5463320463320462 Mb Count b: 4.479674796747967
INFO:root:Mb Count a: 0.46774193548387094 Mb Count b: 6.716951788491446
INFO:root:Mb Count a: 0.5244716351501668 Mb Count b: 9.023328149300156
INFO:root:Mb Count a: 0.0 Mb Count b: 1.3847736625514404
INFO:root:Mb Count a: 0.4396384764364106 Mb Count b: 4.040160642570281
INFO:root:Mb Count a: 0.2985543683218102 Mb Count b: 4.2898550724637685
INFO:root:Mb Count a: 0.2593984962406015 Mb Count b: 4.301980198019802
INFO:root:Mb Count a: 0.243734335839599 Mb Count b: 4.301980198019802
INFO:root:Mb Count a: 0.24045084533500313 Mb Count b: 4.308457711442786
INFO:root:Mb Count a: 0.2385723231058234 Mb Count b: 4.308457711442786
INFO:root:Mb Count a: 0.0 Mb Count b: 1.320964749536178
INFO:root:Mb Count a: 0.42210020590253944 Mb Count b: 3.7360703812316713
INFO:root:Mb Count a: 0.1822064056939502 Mb Count b: 3.356234096692112
INFO:root:Mb Count a: 0.22640218878248974 Mb Count b: 3.705357142857143
INFO:root:Mb Count a: 0.19180887372013652 Mb Count b: 3.6636636636636637
INFO:root:Mb Count a: 0.1725085910652921 Mb Count b: 3.6064139941690962
INFO:root:Mb Count a: 0.20754716981132076 Mb Count b: 3.7738853503184715
INFO:root:Mb Count a: 0.17510259917920656 Mb Count b: 3.6398809523809526
INFO:root:Mb Count a: 0.20321931589537223 Mb Count b: 3.804560260586319
INFO:root:Mb Count a: 0.20241286863270777 Mb Count b: 3.810457516339869
INFO:root:Mb Count a: 0.0 Mb Count b: 1.3636363636363635
INFO:root:Mb Count a: 0.21097372488408037 Mb Count b: 3.0873015873015874
INFO:root:Mb Count a: 0.4131455399061033 Mb Count b: 3.986970684039088
INFO:root:Mb Count a: 0.24013377926421406 Mb Count b: 3.772277227722772
INFO:root:Mb Count a: 0.22523117569352707 Mb Count b: 3.897887323943662
INFO:root:Mb Count a: 0.2206851119894598 Mb Count b: 3.9214285714285713
INFO:root:Mb Count a: 0.1752021563342318 Mb Count b: 3.6974522292993632
INFO:root:Mb Count a: 0.1706001348617667 Mb Count b: 3.7015873015873018
INFO:root:Mb Count a: 0.16981132075471697 Mb Count b: 3.7038216560509554
INFO:root:Mb Count a: 0.16981132075471697 Mb Count b: 3.7038216560509554
/scratch/data/leah/phertilizer/src/linear_split.py:107: RuntimeWarning: invalid value encountered in true_divide
  vaf = binary_counts/binary_tcounts
INFO:root:Mb Count a: 4.392953929539296 Mb Count b: 4.886861313868613
INFO:root:Mb Count a: 0.02981029810298103 Mb Count b: 6.543795620437956
/scratch/data/leah/phertilizer/src/linear_split.py:107: RuntimeWarning: invalid value encountered in true_divide
  vaf = binary_counts/binary_tcounts
INFO:root:Mb Count a: 4.197831978319783 Mb Count b: 4.930656934306569
INFO:root:Mb Count a: 0.02981029810298103 Mb Count b: 6.543795620437956
/scratch/data/leah/phertilizer/src/linear_split.py:107: RuntimeWarning: invalid value encountered in true_divide
  vaf = binary_counts/binary_tcounts
INFO:root:Mb Count a: 4.100271002710027 Mb Count b: 5.135036496350365
INFO:root:Mb Count a: 0.02981029810298103 Mb Count b: 6.543795620437956
/scratch/data/leah/phertilizer/src/linear_split.py:107: RuntimeWarning: invalid value encountered in true_divide
  vaf = binary_counts/binary_tcounts
INFO:root:Mb Count a: 4.086720867208672 Mb Count b: 4.7153284671532845
INFO:root:Mb Count a: 0.02710027100271003 Mb Count b: 6.54014598540146
/scratch/data/leah/phertilizer/src/linear_split.py:107: RuntimeWarning: invalid value encountered in true_divide
  vaf = binary_counts/binary_tcounts
INFO:root:Mb Count a: 4.151761517615176 Mb Count b: 4.613138686131387
INFO:root:Mb Count a: 0.02710027100271003 Mb Count b: 6.54014598540146
/scratch/data/leah/phertilizer/src/linear_split.py:107: RuntimeWarning: invalid value encountered in true_divide
  vaf = binary_counts/binary_tcounts
INFO:root:Mb Count a: 4.176151761517615 Mb Count b: 4.737226277372263
INFO:root:Mb Count a: 0.02710027100271003 Mb Count b: 6.54014598540146
/scratch/data/leah/phertilizer/src/branching_split.py:108: RuntimeWarning: invalid value encountered in true_divide
  tmb = mut_var_count_by_cell/mut_total_reads_by_cell
/scratch/data/leah/phertilizer/src/branching_split.py:108: RuntimeWarning: invalid value encountered in true_divide
  tmb = mut_var_count_by_cell/mut_total_reads_by_cell
/scratch/data/leah/phertilizer/src/branching_split.py:108: RuntimeWarning: invalid value encountered in true_divide
  tmb = mut_var_count_by_cell/mut_total_reads_by_cell
/scratch/data/leah/phertilizer/src/branching_split.py:108: RuntimeWarning: invalid value encountered in true_divide
  tmb = mut_var_count_by_cell/mut_total_reads_by_cell
/scratch/data/leah/phertilizer/src/linear_split.py:251: RuntimeWarning: invalid value encountered in true_divide
  tmb = mb_mut_count/mb_tot_count
INFO:root:Mb Count a: 0.17395944503735325 Mb Count b: 3.241579558652729
INFO:root:Mb Count a: 0.12741751990898748 Mb Count b: 5.2524483133841136
INFO:root:Mb Count a: 0.15675057208237986 Mb Count b: 5.7435064935064934
INFO:root:Mb Count a: 0.10385064177362893 Mb Count b: 5.71307120085016
INFO:root:Mb Count a: 0.09208972845336481 Mb Count b: 5.725552050473186
INFO:root:Mb Count a: 0.1 Mb Count b: 5.756329113924051
INFO:root:Mb Count a: 0.1 Mb Count b: 5.756329113924051
/scratch/data/leah/phertilizer/src/linear_split.py:251: RuntimeWarning: invalid value encountered in true_divide
  tmb = mb_mut_count/mb_tot_count
INFO:root:Mb Count a: 0.1513157894736842 Mb Count b: 3.2686230248306996
INFO:root:Mb Count a: 0.44421699078812693 Mb Count b: 5.745432399512789
INFO:root:Mb Count a: 0.3677811550151976 Mb Count b: 5.6041923551171395
INFO:root:Mb Count a: 0.3495440729483283 Mb Count b: 5.551171393341554
INFO:root:Mb Count a: 0.3481781376518219 Mb Count b: 5.565432098765432
INFO:root:Mb Count a: 0.3481781376518219 Mb Count b: 5.565432098765432
/scratch/data/leah/phertilizer/src/linear_split.py:251: RuntimeWarning: invalid value encountered in true_divide
  tmb = mb_mut_count/mb_tot_count
INFO:root:Mb Count a: 0.49559859154929575 Mb Count b: 3.6812688821752264
INFO:root:Mb Count a: 0.17917917917917917 Mb Count b: 4.036295369211515
INFO:root:Mb Count a: 0.32841691248770893 Mb Count b: 5.12291933418694
INFO:root:Mb Count a: 0.20062370062370063 Mb Count b: 5.021531100478469
INFO:root:Mb Count a: 0.3065326633165829 Mb Count b: 5.398505603985056
INFO:root:Mb Count a: 0.20981210855949894 Mb Count b: 5.21547619047619
INFO:root:Mb Count a: 0.2365702479338843 Mb Count b: 5.3831325301204815
INFO:root:Mb Count a: 0.19915700737618547 Mb Count b: 5.318021201413427
INFO:root:Mb Count a: 0.2160751565762004 Mb Count b: 5.414285714285715
INFO:root:Mb Count a: 0.2160751565762004 Mb Count b: 5.419047619047619
