Input data:
     chr  mutation_id  cell_id base  var  total
0  chr10            0      261    C    0      1
1  chr10            0      416    C    0      1
2  chr10            0      426    C    1      1
3  chr10            0      526    C    0      1
4  chr10            0      609    C    0      1
Phertilizer is running in infinite sites mode...

Starting tilling phase....
func:'till' args:[(<phertilizer.Phertilizer object at 0x7efed9b79be0>, 0.0, 0.0, 5, 0.001, 12, False, 1.0, 0.15), {}] took: 9.2111 sec
Tilling phase complete!
Phertilizing a tree with n:2441 cells and m: 4391 SNVs

Starting planting phase....
Starting k-clonal tree inference for seed:
Cells: 2441 Muts: 4391 Ancestral Muts: 0 
Sprouting seed:
Cells: 2441 Muts: 4391 Ancestral Muts: 0 
Sprouting a branching tree from seed ...
(Generator(PCG64) at 0x7EFED83183C0,)
Jump Percentage: 0.9999999999999942 First Eig Val: -2.336087494956717e-16 First Gap: 9.734069759490008e-16 Largest Gap: 0.713268152183984 Number of Clusters:3
CellsA: 369 CellsB: 2072
MutsA: 1982 mutsB: 1526
Jump Percentage: 0.9999999999999928 First Eig Val: 8.794865807595241e-16 First Gap: 1.138589578803993e-16 Largest Gap: 0.5223028703666031 Number of Clusters:3
Clonal Tree 0 
[(0, 1), (0, 2)] 
Loss Nodes:0
Node: 0 Cells: 0 Muts: 883 LostMuts: 0
Node: 1 Cells: 369 Muts: 1982 LostMuts: 0
Node: 2 Cells: 2072 Muts: 1526 LostMuts: 0
Total Cells: 2441 Total Muts: 4391
Jump Percentage: 0.9999999999999939 First Eig Val: -4.549674875675735e-16 First Gap: 3.1149331449544294e-16 Largest Gap: 0.697677630599419 Number of Clusters:3
CellsA: 369 CellsB: 2072
MutsA: 1982 mutsB: 1526
Jump Percentage: 0.9999999999999928 First Eig Val: 8.794865807595241e-16 First Gap: 1.138589578803993e-16 Largest Gap: 0.5223028703666031 Number of Clusters:3
Clonal Tree 0 
[(0, 1), (0, 2)] 
Loss Nodes:0
Node: 0 Cells: 0 Muts: 883 LostMuts: 0
Node: 1 Cells: 369 Muts: 1982 LostMuts: 0
Node: 2 Cells: 2072 Muts: 1526 LostMuts: 0
Total Cells: 2441 Total Muts: 4391
Jump Percentage: 0.9999999999999704 First Eig Val: -1.8726236205190228e-16 First Gap: 7.236467039633561e-16 Largest Gap: 0.7175909898690848 Number of Clusters:3
CellsA: 1798 CellsB: 643
MutsA: 1211 mutsB: 2355
Jump Percentage: 0.999999999999875 First Eig Val: -6.146208070504382e-16 First Gap: 7.206151410037563e-16 Largest Gap: 0.41984467930533714 Number of Clusters:3
Clonal Tree 0 
[(0, 1), (0, 2)] 
Loss Nodes:0
Node: 0 Cells: 0 Muts: 825 LostMuts: 0
Node: 1 Cells: 1798 Muts: 1211 LostMuts: 0
Node: 2 Cells: 643 Muts: 2355 LostMuts: 0
Total Cells: 2441 Total Muts: 4391
Finding the maximum likelihood tree out of 3 trees....
Clonal Tree 0 
[(0, 1), (0, 2)] 
Loss Nodes:0
Node: 0 Cells: 0 Muts: 883 LostMuts: 0
Node: 1 Cells: 369 Muts: 1982 LostMuts: 0
Node: 2 Cells: 2072 Muts: 1526 LostMuts: 0
Total Cells: 2441 Total Muts: 4391

Tree: 0 LogLikelihood: 1854539.4370260523
Variant LogLikelihood: -92202.7298930217 
RDR LogLikelihood: 1946742.1669190738

Clonal Tree 1 
[(0, 1), (0, 2)] 
Loss Nodes:0
Node: 0 Cells: 0 Muts: 883 LostMuts: 0
Node: 1 Cells: 369 Muts: 1982 LostMuts: 0
Node: 2 Cells: 2072 Muts: 1526 LostMuts: 0
Total Cells: 2441 Total Muts: 4391

Tree: 1 LogLikelihood: 1854539.4370260523
Variant LogLikelihood: -92202.7298930217 
RDR LogLikelihood: 1946742.1669190738

Clonal Tree 2 
[(0, 1), (0, 2)] 
Loss Nodes:0
Node: 0 Cells: 0 Muts: 825 LostMuts: 0
Node: 1 Cells: 1798 Muts: 1211 LostMuts: 0
Node: 2 Cells: 643 Muts: 2355 LostMuts: 0
Total Cells: 2441 Total Muts: 4391

Tree: 2 LogLikelihood: 2065073.2203397562
Variant LogLikelihood: -65872.19115779529 
RDR LogLikelihood: 2130945.4114975515

Sprouted tree:
Clonal Tree 2 
[(0, 1), (0, 2)] 
Loss Nodes:0
Node: 0 Cells: 0 Muts: 825 LostMuts: 0
Node: 1 Cells: 1798 Muts: 1211 LostMuts: 0
Node: 2 Cells: 643 Muts: 2355 LostMuts: 0
Total Cells: 2441 Total Muts: 4391
Cells: 1798 Muts: 1211 Ancestral Muts: 825 
Cells: 643 Muts: 2355 Ancestral Muts: 825 
Sprouting seed:
Cells: 2441 Muts: 4391 Ancestral Muts: 0 
Sprouting a linear tree from seed ...
Jump Percentage: 0.999999999999772 First Eig Val: -1.232754254725367e-15 First Gap: 8.27797889999922e-16 Largest Gap: 0.6142348530557911 Number of Clusters:3
start:0 iteration:0
CellsA: 1798 CellsB: 643
MutsA: 1945 MutsB: 2446
Jump Percentage: 0.9999999990163709 First Eig Val: -1.92790626907103e-15 First Gap: 1.6944646059977456e-15 Largest Gap: 0.6648002260691702 Number of Clusters:3
adding tree to internal list:
Clonal Tree 0 
[(0, 1)] 
Loss Nodes:0
Node: 0 Cells: 1798 Muts: 1945 LostMuts: 0
Node: 1 Cells: 643 Muts: 2446 LostMuts: 0
Total Cells: 2441 Total Muts: 4391
Jump Percentage: 0.9999999999793239 First Eig Val: 2.829882775481133e-17 First Gap: 1.1880183096823288e-16 Largest Gap: 0.6380740005524852 Number of Clusters:3
start:1 iteration:0
CellsA: 1798 CellsB: 643
MutsA: 1945 MutsB: 2446
Jump Percentage: 0.9999999990163709 First Eig Val: -1.92790626907103e-15 First Gap: 1.6944646059977456e-15 Largest Gap: 0.6648002260691702 Number of Clusters:3
adding tree to internal list:
Clonal Tree 0 
[(0, 1)] 
Loss Nodes:0
Node: 0 Cells: 1798 Muts: 1945 LostMuts: 0
Node: 1 Cells: 643 Muts: 2446 LostMuts: 0
Total Cells: 2441 Total Muts: 4391
Jump Percentage: 0.9999999999999946 First Eig Val: 1.4666290853685715e-16 First Gap: 7.505232281701025e-17 Largest Gap: 0.6523744976350855 Number of Clusters:3
start:2 iteration:0
CellsA: 2167 CellsB: 274
MutsA: 2264 MutsB: 2127
Jump Percentage: 0.9999999999999958 First Eig Val: -5.837918357401462e-16 First Gap: 3.6185816426462886e-16 Largest Gap: 0.651448633514774 Number of Clusters:3
start:2 iteration:1
CellsA: 2072 CellsB: 369
MutsA: 2210 MutsB: 2181
Jump Percentage: 0.9999999999999737 First Eig Val: -1.0812034986467697e-15 First Gap: 9.458545210830588e-16 Largest Gap: 0.6876177358074956 Number of Clusters:3
start:2 iteration:2
CellsA: 1798 CellsB: 643
MutsA: 1945 MutsB: 2446
Jump Percentage: 0.9999999990163709 First Eig Val: -1.92790626907103e-15 First Gap: 1.6944646059977456e-15 Largest Gap: 0.6648002260691702 Number of Clusters:3
adding tree to internal list:
Clonal Tree 0 
[(0, 1)] 
Loss Nodes:0
Node: 0 Cells: 1798 Muts: 1945 LostMuts: 0
Node: 1 Cells: 643 Muts: 2446 LostMuts: 0
Total Cells: 2441 Total Muts: 4391
adding tree to candidate list:
Clonal Tree 0 
[(0, 1)] 
Loss Nodes:0
Node: 0 Cells: 1798 Muts: 1945 LostMuts: 0
Node: 1 Cells: 643 Muts: 2446 LostMuts: 0
Total Cells: 2441 Total Muts: 4391
Normalized Likelihood: -0.5334470154100757
Using SNV kernel only
Jump Percentage: 0.15306230595268325 First Eig Val: 1.1050599013249679e-15 First Gap: 0.63779469222821 Largest Gap: 0.63779469222821 Number of Clusters:1
start:0 iteration:0
CellsA: 1312 CellsB: 486
MutsA: 1744 MutsB: 2647
Using SNV kernel only
Jump Percentage: 0.07044414516501814 First Eig Val: -1.0671846426683571e-17 First Gap: 0.6221055093906281 Largest Gap: 0.6221055093906281 Number of Clusters:1
start:0 iteration:1
CellsA: 1549 CellsB: 249
MutsA: 1822 MutsB: 2569
Using SNV kernel only
Jump Percentage: 0.04566612095493439 First Eig Val: -1.3159610387233002e-15 First Gap: 0.6815590848755431 Largest Gap: 0.6815590848755431 Number of Clusters:1
start:0 iteration:2
CellsA: 1591 CellsB: 207
MutsA: 1845 MutsB: 2546
Using SNV kernel only
Jump Percentage: 0.03866122046271678 First Eig Val: 4.2020092783524373e-16 First Gap: 0.6837573901346339 Largest Gap: 0.6837573901346339 Number of Clusters:1
start:0 iteration:3
CellsA: 1596 CellsB: 202
MutsA: 1854 MutsB: 2537
Using SNV kernel only
Jump Percentage: 0.036542939759384496 First Eig Val: -5.01467791936562e-16 First Gap: 0.6834183319282459 Largest Gap: 0.6834183319282459 Number of Clusters:1
start:0 iteration:4
CellsA: 1596 CellsB: 202
MutsA: 1856 MutsB: 2535
Using SNV kernel only
Jump Percentage: 0.035964216257613604 First Eig Val: -1.1930616282045828e-15 First Gap: 0.6836158923817475 Largest Gap: 0.6836158923817475 Number of Clusters:1
start:0 iteration:5
CellsA: 1597 CellsB: 201
MutsA: 1857 MutsB: 2534
Using SNV kernel only
Jump Percentage: 0.03562010055788792 First Eig Val: 1.5822425440294265e-15 First Gap: 0.6837057987981917 Largest Gap: 0.6837057987981917 Number of Clusters:1
Using SNV kernel only
Jump Percentage: 0.17358846570690664 First Eig Val: 3.2054871937224154e-18 First Gap: 0.6572357465363488 Largest Gap: 0.6572357465363488 Number of Clusters:1
start:1 iteration:0
CellsA: 1259 CellsB: 539
MutsA: 1712 MutsB: 2679
Using SNV kernel only
Jump Percentage: 0.08011514973901127 First Eig Val: -7.379874043389485e-16 First Gap: 0.6311493981020051 Largest Gap: 0.6311493981020051 Number of Clusters:1
start:1 iteration:1
CellsA: 1457 CellsB: 341
MutsA: 1773 MutsB: 2618
Using SNV kernel only
Jump Percentage: 0.05829114698992984 First Eig Val: 2.3364383337797498e-15 First Gap: 0.6616978484639058 Largest Gap: 0.6616978484639058 Number of Clusters:1
start:1 iteration:2
CellsA: 1405 CellsB: 393
MutsA: 1772 MutsB: 2619
Using SNV kernel only
Jump Percentage: 0.05576103434737183 First Eig Val: 2.0227023737486594e-15 First Gap: 0.6545658672108907 Largest Gap: 0.6545658672108907 Number of Clusters:1
start:1 iteration:3
CellsA: 1462 CellsB: 336
MutsA: 1789 MutsB: 2602
Using SNV kernel only
Jump Percentage: 0.048930459986912825 First Eig Val: 2.0426314603429387e-15 First Gap: 0.6595955637574522 Largest Gap: 0.6595955637574522 Number of Clusters:1
start:1 iteration:4
CellsA: 1465 CellsB: 333
MutsA: 1792 MutsB: 2599
Using SNV kernel only
Jump Percentage: 0.048278907915085524 First Eig Val: 1.8834948050727366e-15 First Gap: 0.6591457587654145 Largest Gap: 0.6591457587654145 Number of Clusters:1
start:1 iteration:5
CellsA: 1455 CellsB: 343
MutsA: 1791 MutsB: 2600
Using SNV kernel only
Jump Percentage: 0.048531891626379 First Eig Val: -7.348368119493434e-16 First Gap: 0.6580091845520772 Largest Gap: 0.6580091845520772 Number of Clusters:1
start:1 iteration:6
CellsA: 1484 CellsB: 314
MutsA: 1795 MutsB: 2596
Using SNV kernel only
Jump Percentage: 0.04857740250806845 First Eig Val: -8.534690685051148e-16 First Gap: 0.6578874019856404 Largest Gap: 0.6578874019856404 Number of Clusters:1
start:1 iteration:7
CellsA: 1462 CellsB: 336
MutsA: 1797 MutsB: 2594
Using SNV kernel only
Jump Percentage: 0.04797327232588392 First Eig Val: -5.057454229582324e-16 First Gap: 0.6577098021294396 Largest Gap: 0.6577098021294396 Number of Clusters:1
start:1 iteration:8
CellsA: 1491 CellsB: 307
MutsA: 1798 MutsB: 2593
Using SNV kernel only
Jump Percentage: 0.04758301467532686 First Eig Val: -5.56249818840583e-16 First Gap: 0.6577923265350818 Largest Gap: 0.6577923265350818 Number of Clusters:1
start:1 iteration:9
CellsA: 1492 CellsB: 306
MutsA: 1798 MutsB: 2593
Using SNV kernel only
Jump Percentage: 0.1642533974634829 First Eig Val: -1.5357796590141376e-15 First Gap: 0.7000211730938931 Largest Gap: 0.7000211730938931 Number of Clusters:1
start:2 iteration:0
CellsA: 1281 CellsB: 517
MutsA: 1723 MutsB: 2668
Using SNV kernel only
Jump Percentage: 0.07244552922744206 First Eig Val: -1.0545490587239117e-15 First Gap: 0.6228963534826026 Largest Gap: 0.6228963534826026 Number of Clusters:1
start:2 iteration:1
CellsA: 1294 CellsB: 504
MutsA: 1711 MutsB: 2680
Using SNV kernel only
Jump Percentage: 0.061578204201439564 First Eig Val: 5.092430669466067e-16 First Gap: 0.6137888295479831 Largest Gap: 0.6137888295479831 Number of Clusters:1
start:2 iteration:2
CellsA: 1491 CellsB: 307
MutsA: 1794 MutsB: 2597
Using SNV kernel only
Jump Percentage: 0.04482120107476428 First Eig Val: -1.2384049253442615e-15 First Gap: 0.6366542891538771 Largest Gap: 0.6366542891538771 Number of Clusters:1
start:2 iteration:3
CellsA: 1495 CellsB: 303
MutsA: 1808 MutsB: 2583
Using SNV kernel only
Jump Percentage: 0.04252029221839648 First Eig Val: -7.330732521707992e-16 First Gap: 0.645211294532491 Largest Gap: 0.645211294532491 Number of Clusters:1
start:2 iteration:4
CellsA: 1514 CellsB: 284
MutsA: 1810 MutsB: 2581
Using SNV kernel only
Jump Percentage: 0.04841895230335616 First Eig Val: 1.1701511509354043e-15 First Gap: 0.6786495484670588 Largest Gap: 0.6786495484670588 Number of Clusters:1
start:2 iteration:5
CellsA: 1518 CellsB: 280
MutsA: 1812 MutsB: 2579
Using SNV kernel only
Jump Percentage: 0.04765034595775624 First Eig Val: 1.0758575919966582e-15 First Gap: 0.6785929791880888 Largest Gap: 0.6785929791880888 Number of Clusters:1
start:2 iteration:6
CellsA: 1484 CellsB: 314
MutsA: 1814 MutsB: 2577
Using SNV kernel only
Jump Percentage: 0.047193375512880234 First Eig Val: 1.5941516155322502e-15 First Gap: 0.6772580777824514 Largest Gap: 0.6772580777824514 Number of Clusters:1
start:2 iteration:7
CellsA: 1483 CellsB: 315
MutsA: 1815 MutsB: 2576
Using SNV kernel only
Jump Percentage: 0.04689907977367149 First Eig Val: -1.103859435170108e-15 First Gap: 0.6777355028503399 Largest Gap: 0.6777355028503399 Number of Clusters:1
start:2 iteration:8
CellsA: 1484 CellsB: 314
MutsA: 1815 MutsB: 2576
Using SNV kernel only
Jump Percentage: 0.04689907977367149 First Eig Val: -1.103859435170108e-15 First Gap: 0.6777355028503399 Largest Gap: 0.6777355028503399 Number of Clusters:1
Clonal Tree 0 
[(0, 1)] 
Loss Nodes:0
Node: 0 Cells: 1798 Muts: 1945 LostMuts: 0
Node: 1 Cells: 643 Muts: 2446 LostMuts: 0
Total Cells: 2441 Total Muts: 4391
Normalized Likelihood: -0.5334470154100757
linear split norm likelihood best tree
Clonal Tree 0 
[(0, 1)] 
Loss Nodes:0
Node: 0 Cells: 1798 Muts: 1945 LostMuts: 0
Node: 1 Cells: 643 Muts: 2446 LostMuts: 0
Total Cells: 2441 Total Muts: 4391
Sprouted tree:
Clonal Tree 0 
[(0, 1)] 
Loss Nodes:0
Node: 0 Cells: 1798 Muts: 1945 LostMuts: 0
Node: 1 Cells: 643 Muts: 2446 LostMuts: 0
Total Cells: 2441 Total Muts: 4391
Cells: 643 Muts: 2446 Ancestral Muts: 1945 
Number of subproblems remaining: 3
Starting k-clonal tree inference for seed:
Cells: 643 Muts: 2446 Ancestral Muts: 1945 
Sprouting seed:
Cells: 643 Muts: 2446 Ancestral Muts: 1945 
Sprouting a branching tree from seed ...
(Generator(PCG64) at 0x7EFED83183C0,)
Jump Percentage: 0.9999999999999973 First Eig Val: -1.4011139085692663e-16 First Gap: 3.4722348244885146e-16 Largest Gap: 0.7417006496778121 Number of Clusters:2
CellsA: 369 CellsB: 274
MutsA: 1044 mutsB: 1010
Jump Percentage: 0.9999999999999889 First Eig Val: 1.4224499159064077e-16 First Gap: 3.3103309154368376e-16 Largest Gap: 0.7615578225143647 Number of Clusters:2
Clonal Tree 0 
[(0, 1), (0, 2)] 
Loss Nodes:0
Node: 0 Cells: 0 Muts: 392 LostMuts: 0
Node: 1 Cells: 369 Muts: 1044 LostMuts: 0
Node: 2 Cells: 274 Muts: 1010 LostMuts: 0
Total Cells: 643 Total Muts: 2446
Jump Percentage: 0.9999999999999863 First Eig Val: 5.996069552155734e-17 First Gap: 4.307148207786477e-16 Largest Gap: 0.7255386919320397 Number of Clusters:2
CellsA: 369 CellsB: 274
MutsA: 1044 mutsB: 1010
Jump Percentage: 0.9999999999999889 First Eig Val: 1.4224499159064077e-16 First Gap: 3.3103309154368376e-16 Largest Gap: 0.7615578225143647 Number of Clusters:2
Clonal Tree 0 
[(0, 1), (0, 2)] 
Loss Nodes:0
Node: 0 Cells: 0 Muts: 392 LostMuts: 0
Node: 1 Cells: 369 Muts: 1044 LostMuts: 0
Node: 2 Cells: 274 Muts: 1010 LostMuts: 0
Total Cells: 643 Total Muts: 2446
Jump Percentage: 0.999999999999993 First Eig Val: -5.5616049845386e-17 First Gap: 2.3364603510160374e-16 Largest Gap: 0.7302403109917807 Number of Clusters:2
CellsA: 369 CellsB: 274
MutsA: 1044 mutsB: 1010
Jump Percentage: 0.9999999999999889 First Eig Val: 1.4224499159064077e-16 First Gap: 3.3103309154368376e-16 Largest Gap: 0.7615578225143647 Number of Clusters:2
Clonal Tree 0 
[(0, 1), (0, 2)] 
Loss Nodes:0
Node: 0 Cells: 0 Muts: 392 LostMuts: 0
Node: 1 Cells: 369 Muts: 1044 LostMuts: 0
Node: 2 Cells: 274 Muts: 1010 LostMuts: 0
Total Cells: 643 Total Muts: 2446
Finding the maximum likelihood tree out of 3 trees....
Clonal Tree 0 
[(0, 1), (0, 2)] 
Loss Nodes:0
Node: 0 Cells: 0 Muts: 392 LostMuts: 0
Node: 1 Cells: 369 Muts: 1044 LostMuts: 0
Node: 2 Cells: 274 Muts: 1010 LostMuts: 0
Total Cells: 643 Total Muts: 2446

Tree: 0 LogLikelihood: 246303.16248003914
Variant LogLikelihood: -28532.1246908474 
RDR LogLikelihood: 274835.2871708865

Clonal Tree 1 
[(0, 1), (0, 2)] 
Loss Nodes:0
Node: 0 Cells: 0 Muts: 392 LostMuts: 0
Node: 1 Cells: 369 Muts: 1044 LostMuts: 0
Node: 2 Cells: 274 Muts: 1010 LostMuts: 0
Total Cells: 643 Total Muts: 2446

Tree: 1 LogLikelihood: 246303.16248003914
Variant LogLikelihood: -28532.1246908474 
RDR LogLikelihood: 274835.2871708865

Clonal Tree 2 
[(0, 1), (0, 2)] 
Loss Nodes:0
Node: 0 Cells: 0 Muts: 392 LostMuts: 0
Node: 1 Cells: 369 Muts: 1044 LostMuts: 0
Node: 2 Cells: 274 Muts: 1010 LostMuts: 0
Total Cells: 643 Total Muts: 2446

Tree: 2 LogLikelihood: 246303.16248003914
Variant LogLikelihood: -28532.1246908474 
RDR LogLikelihood: 274835.2871708865

Sprouted tree:
Clonal Tree 0 
[(0, 1), (0, 2)] 
Loss Nodes:0
Node: 0 Cells: 0 Muts: 392 LostMuts: 0
Node: 1 Cells: 369 Muts: 1044 LostMuts: 0
Node: 2 Cells: 274 Muts: 1010 LostMuts: 0
Total Cells: 643 Total Muts: 2446
Cells: 369 Muts: 1044 Ancestral Muts: 2337 
Cells: 274 Muts: 1010 Ancestral Muts: 2337 
Sprouting seed:
Cells: 643 Muts: 2446 Ancestral Muts: 1945 
Sprouting a linear tree from seed ...
Jump Percentage: 0.9999999999999944 First Eig Val: -1.1357124621148713e-16 First Gap: 5.915422301503734e-16 Largest Gap: 0.6424829552063934 Number of Clusters:2
start:0 iteration:0
CellsA: 369 CellsB: 274
MutsA: 1397 MutsB: 1049
Jump Percentage: 0.9999999999999901 First Eig Val: -1.0403868229222804e-16 First Gap: 4.665582514200281e-16 Largest Gap: 0.6439505701115951 Number of Clusters:2
adding tree to internal list:
Clonal Tree 0 
[(0, 1)] 
Loss Nodes:0
Node: 0 Cells: 369 Muts: 1397 LostMuts: 0
Node: 1 Cells: 274 Muts: 1049 LostMuts: 0
Total Cells: 643 Total Muts: 2446
Jump Percentage: 0.9999999999999815 First Eig Val: -4.114203278562535e-17 First Gap: 4.380114614509422e-16 Largest Gap: 0.6162661113269962 Number of Clusters:2
start:1 iteration:0
CellsA: 369 CellsB: 274
MutsA: 1397 MutsB: 1049
Jump Percentage: 0.9999999999999901 First Eig Val: -1.0403868229222804e-16 First Gap: 4.665582514200281e-16 Largest Gap: 0.6439505701115951 Number of Clusters:2
adding tree to internal list:
Clonal Tree 0 
[(0, 1)] 
Loss Nodes:0
Node: 0 Cells: 369 Muts: 1397 LostMuts: 0
Node: 1 Cells: 274 Muts: 1049 LostMuts: 0
Total Cells: 643 Total Muts: 2446
Jump Percentage: 0.9999999999999889 First Eig Val: -3.367799848363351e-16 First Gap: 2.854130709705612e-16 Largest Gap: 0.6260545927222407 Number of Clusters:2
start:2 iteration:0
CellsA: 369 CellsB: 274
MutsA: 1397 MutsB: 1049
Jump Percentage: 0.9999999999999901 First Eig Val: -1.0403868229222804e-16 First Gap: 4.665582514200281e-16 Largest Gap: 0.6439505701115951 Number of Clusters:2
adding tree to internal list:
Clonal Tree 0 
[(0, 1)] 
Loss Nodes:0
Node: 0 Cells: 369 Muts: 1397 LostMuts: 0
Node: 1 Cells: 274 Muts: 1049 LostMuts: 0
Total Cells: 643 Total Muts: 2446
adding tree to candidate list:
Clonal Tree 0 
[(0, 1)] 
Loss Nodes:0
Node: 0 Cells: 369 Muts: 1397 LostMuts: 0
Node: 1 Cells: 274 Muts: 1049 LostMuts: 0
Total Cells: 643 Total Muts: 2446
Normalized Likelihood: -0.594334817105966
Clonal Tree 0 
[(0, 1)] 
Loss Nodes:0
Node: 0 Cells: 369 Muts: 1397 LostMuts: 0
Node: 1 Cells: 274 Muts: 1049 LostMuts: 0
Total Cells: 643 Total Muts: 2446
Normalized Likelihood: -0.594334817105966
linear split norm likelihood best tree
Clonal Tree 0 
[(0, 1)] 
Loss Nodes:0
Node: 0 Cells: 369 Muts: 1397 LostMuts: 0
Node: 1 Cells: 274 Muts: 1049 LostMuts: 0
Total Cells: 643 Total Muts: 2446
Sprouted tree:
Clonal Tree 0 
[(0, 1)] 
Loss Nodes:0
Node: 0 Cells: 369 Muts: 1397 LostMuts: 0
Node: 1 Cells: 274 Muts: 1049 LostMuts: 0
Total Cells: 643 Total Muts: 2446
Cells: 274 Muts: 1049 Ancestral Muts: 3342 
Number of subproblems remaining: 5
Starting k-clonal tree inference for seed:
Cells: 643 Muts: 2355 Ancestral Muts: 825 
Sprouting seed:
Cells: 643 Muts: 2355 Ancestral Muts: 825 
Sprouting a branching tree from seed ...
(Generator(PCG64) at 0x7EFED83183C0,)
Jump Percentage: 0.9999999999999902 First Eig Val: -1.0708166143529797e-16 First Gap: 2.0806535923321152e-16 Largest Gap: 0.71306995946374 Number of Clusters:2
CellsA: 274 CellsB: 369
MutsA: 965 mutsB: 998
Jump Percentage: 0.9999999999999915 First Eig Val: -6.659435652585876e-16 First Gap: 1.1388198744410176e-15 Largest Gap: 0.7745659933134865 Number of Clusters:2
Clonal Tree 0 
[(0, 1), (0, 2)] 
Loss Nodes:0
Node: 0 Cells: 0 Muts: 392 LostMuts: 0
Node: 1 Cells: 274 Muts: 965 LostMuts: 0
Node: 2 Cells: 369 Muts: 998 LostMuts: 0
Total Cells: 643 Total Muts: 2355
Jump Percentage: 0.9999999999999877 First Eig Val: -1.749817717300019e-16 First Gap: 1.630445965726346e-16 Largest Gap: 0.7321378409059796 Number of Clusters:2
CellsA: 369 CellsB: 274
MutsA: 1002 mutsB: 961
Jump Percentage: 0.9999999999999857 First Eig Val: 3.1614921936625603e-17 First Gap: 2.405904231134458e-16 Largest Gap: 0.774156411241499 Number of Clusters:2
Clonal Tree 0 
[(0, 1), (0, 2)] 
Loss Nodes:0
Node: 0 Cells: 0 Muts: 392 LostMuts: 0
Node: 1 Cells: 369 Muts: 1002 LostMuts: 0
Node: 2 Cells: 274 Muts: 961 LostMuts: 0
Total Cells: 643 Total Muts: 2355
Jump Percentage: 0.9999999999999907 First Eig Val: -5.170122585527988e-16 First Gap: 6.857320827254273e-16 Largest Gap: 0.7242397288291008 Number of Clusters:2
CellsA: 274 CellsB: 369
MutsA: 965 mutsB: 998
Jump Percentage: 0.9999999999999915 First Eig Val: -6.659435652585876e-16 First Gap: 1.1388198744410176e-15 Largest Gap: 0.7745659933134865 Number of Clusters:2
Clonal Tree 0 
[(0, 1), (0, 2)] 
Loss Nodes:0
Node: 0 Cells: 0 Muts: 392 LostMuts: 0
Node: 1 Cells: 274 Muts: 965 LostMuts: 0
Node: 2 Cells: 369 Muts: 998 LostMuts: 0
Total Cells: 643 Total Muts: 2355
Finding the maximum likelihood tree out of 3 trees....
Clonal Tree 0 
[(0, 1), (0, 2)] 
Loss Nodes:0
Node: 0 Cells: 0 Muts: 392 LostMuts: 0
Node: 1 Cells: 274 Muts: 965 LostMuts: 0
Node: 2 Cells: 369 Muts: 998 LostMuts: 0
Total Cells: 643 Total Muts: 2355

Tree: 0 LogLikelihood: 246645.6367916261
Variant LogLikelihood: -28189.650379260413 
RDR LogLikelihood: 274835.2871708865

Clonal Tree 1 
[(0, 1), (0, 2)] 
Loss Nodes:0
Node: 0 Cells: 0 Muts: 392 LostMuts: 0
Node: 1 Cells: 369 Muts: 1002 LostMuts: 0
Node: 2 Cells: 274 Muts: 961 LostMuts: 0
Total Cells: 643 Total Muts: 2355

Tree: 1 LogLikelihood: 246645.6367916261
Variant LogLikelihood: -28189.650379260413 
RDR LogLikelihood: 274835.2871708865

Clonal Tree 2 
[(0, 1), (0, 2)] 
Loss Nodes:0
Node: 0 Cells: 0 Muts: 392 LostMuts: 0
Node: 1 Cells: 274 Muts: 965 LostMuts: 0
Node: 2 Cells: 369 Muts: 998 LostMuts: 0
Total Cells: 643 Total Muts: 2355

Tree: 2 LogLikelihood: 246645.6367916261
Variant LogLikelihood: -28189.650379260413 
RDR LogLikelihood: 274835.2871708865

Sprouted tree:
Clonal Tree 0 
[(0, 1), (0, 2)] 
Loss Nodes:0
Node: 0 Cells: 0 Muts: 392 LostMuts: 0
Node: 1 Cells: 274 Muts: 965 LostMuts: 0
Node: 2 Cells: 369 Muts: 998 LostMuts: 0
Total Cells: 643 Total Muts: 2355
Cells: 274 Muts: 965 Ancestral Muts: 1217 
Cells: 369 Muts: 998 Ancestral Muts: 1217 
Sprouting seed:
Cells: 643 Muts: 2355 Ancestral Muts: 825 
Sprouting a linear tree from seed ...
Jump Percentage: 0.9999999999999803 First Eig Val: -1.371336698161352e-16 First Gap: 1.3951773172347664e-15 Largest Gap: 0.6259960243643372 Number of Clusters:2
start:0 iteration:0
CellsA: 369 CellsB: 274
MutsA: 1394 MutsB: 961
Jump Percentage: 0.9999999999999893 First Eig Val: -1.0366745932713721e-16 First Gap: 1.0973244678708802e-16 Largest Gap: 0.6971330097348984 Number of Clusters:2
adding tree to internal list:
Clonal Tree 0 
[(0, 1)] 
Loss Nodes:0
Node: 0 Cells: 369 Muts: 1394 LostMuts: 0
Node: 1 Cells: 274 Muts: 961 LostMuts: 0
Total Cells: 643 Total Muts: 2355
Jump Percentage: 0.9999999999999931 First Eig Val: -2.137519755989182e-16 First Gap: 6.699182367099438e-16 Largest Gap: 0.656410036185649 Number of Clusters:2
start:1 iteration:0
CellsA: 369 CellsB: 274
MutsA: 1394 MutsB: 961
Jump Percentage: 0.9999999999999893 First Eig Val: -1.0366745932713721e-16 First Gap: 1.0973244678708802e-16 Largest Gap: 0.6971330097348984 Number of Clusters:2
adding tree to internal list:
Clonal Tree 0 
[(0, 1)] 
Loss Nodes:0
Node: 0 Cells: 369 Muts: 1394 LostMuts: 0
Node: 1 Cells: 274 Muts: 961 LostMuts: 0
Total Cells: 643 Total Muts: 2355
Jump Percentage: 0.9999999999999971 First Eig Val: -7.040189221250265e-17 First Gap: 1.3291750537411965e-16 Largest Gap: 0.6112474802644915 Number of Clusters:2
start:2 iteration:0
CellsA: 369 CellsB: 274
MutsA: 1394 MutsB: 961
Jump Percentage: 0.9999999999999893 First Eig Val: -1.0366745932713721e-16 First Gap: 1.0973244678708802e-16 Largest Gap: 0.6971330097348984 Number of Clusters:2
adding tree to internal list:
Clonal Tree 0 
[(0, 1)] 
Loss Nodes:0
Node: 0 Cells: 369 Muts: 1394 LostMuts: 0
Node: 1 Cells: 274 Muts: 961 LostMuts: 0
Total Cells: 643 Total Muts: 2355
adding tree to candidate list:
Clonal Tree 0 
[(0, 1)] 
Loss Nodes:0
Node: 0 Cells: 369 Muts: 1394 LostMuts: 0
Node: 1 Cells: 274 Muts: 961 LostMuts: 0
Total Cells: 643 Total Muts: 2355
Normalized Likelihood: -0.6105435992292432
Clonal Tree 0 
[(0, 1)] 
Loss Nodes:0
Node: 0 Cells: 369 Muts: 1394 LostMuts: 0
Node: 1 Cells: 274 Muts: 961 LostMuts: 0
Total Cells: 643 Total Muts: 2355
Normalized Likelihood: -0.6105435992292432
linear split norm likelihood best tree
Clonal Tree 0 
[(0, 1)] 
Loss Nodes:0
Node: 0 Cells: 369 Muts: 1394 LostMuts: 0
Node: 1 Cells: 274 Muts: 961 LostMuts: 0
Total Cells: 643 Total Muts: 2355
Sprouted tree:
Clonal Tree 0 
[(0, 1)] 
Loss Nodes:0
Node: 0 Cells: 369 Muts: 1394 LostMuts: 0
Node: 1 Cells: 274 Muts: 961 LostMuts: 0
Total Cells: 643 Total Muts: 2355
Cells: 274 Muts: 961 Ancestral Muts: 2219 
Number of subproblems remaining: 4
Starting k-clonal tree inference for seed:
Cells: 1798 Muts: 1211 Ancestral Muts: 825 
Sprouting seed:
Cells: 1798 Muts: 1211 Ancestral Muts: 825 
Sprouting a branching tree from seed ...
(Generator(PCG64) at 0x7EFED83183C0,)
Max copy distance < 1, using SNV kernel only
Jump Percentage: 0.06742458865408216 First Eig Val: -1.3394592359791e-15 First Gap: 0.3934478741834058 Largest Gap: 0.3934478741834058 Number of Clusters:1
CellsA: 853 CellsB: 945
MutsA: 964 mutsB: 20
Max copy distance < 1, using SNV kernel only
Jump Percentage: 0.058637582483118185 First Eig Val: 4.6231392101385e-16 First Gap: 0.38267728407542656 Largest Gap: 0.38267728407542656 Number of Clusters:1
CellsA: 769 CellsB: 1029
MutsA: 6 mutsB: 1133
Max copy distance < 1, using SNV kernel only
Jump Percentage: 0.06663394685079928 First Eig Val: 9.677994902608922e-16 First Gap: 0.38758406449263844 Largest Gap: 0.38758406449263844 Number of Clusters:1
CellsA: 1016 CellsB: 782
MutsA: 1127 mutsB: 9
Sprouted tree:
None
<bound method Phertilizer.sprout_branching of <phertilizer.Phertilizer object at 0x7efed9b79be0>> invalid
Sprouting seed:
Cells: 1798 Muts: 1211 Ancestral Muts: 825 
Sprouting a linear tree from seed ...
Using SNV kernel only
Jump Percentage: 0.07816558559298095 First Eig Val: -3.132163733033723e-16 First Gap: 0.3760757324450573 Largest Gap: 0.3760757324450573 Number of Clusters:1
start:0 iteration:0
CellsA: 937 CellsB: 861
MutsA: 238 MutsB: 973
Using SNV kernel only
Jump Percentage: 0.06731783006581052 First Eig Val: 1.2591594942609855e-15 First Gap: 0.34051813652115714 Largest Gap: 0.41097925446979183 Number of Clusters:2
start:0 iteration:1
CellsA: 879 CellsB: 919
MutsA: 160 MutsB: 1051
Using SNV kernel only
Jump Percentage: 0.06681167947231949 First Eig Val: 1.655835557915469e-15 First Gap: 0.29051390730675575 Largest Gap: 0.44195183627871226 Number of Clusters:2
start:0 iteration:2
CellsA: 874 CellsB: 924
MutsA: 157 MutsB: 1054
Using SNV kernel only
Jump Percentage: 0.06729056191262063 First Eig Val: -3.636696876406766e-15 First Gap: 0.2889012121430972 Largest Gap: 0.45015347755968765 Number of Clusters:2
start:0 iteration:3
CellsA: 857 CellsB: 941
MutsA: 148 MutsB: 1063
Using SNV kernel only
Jump Percentage: 0.06795261369698448 First Eig Val: -1.9835972158857743e-15 First Gap: 0.28796063156566853 Largest Gap: 0.45263244993304486 Number of Clusters:2
start:0 iteration:4
CellsA: 847 CellsB: 951
MutsA: 145 MutsB: 1066
Using SNV kernel only
Jump Percentage: 0.06834273748866354 First Eig Val: 1.7743986100684057e-15 First Gap: 0.28815180901831655 Largest Gap: 0.4523659158457864 Number of Clusters:2
start:0 iteration:5
CellsA: 850 CellsB: 948
MutsA: 145 MutsB: 1066
Using SNV kernel only
Jump Percentage: 0.06834273748866354 First Eig Val: 1.7743986100684057e-15 First Gap: 0.28815180901831655 Largest Gap: 0.4523659158457864 Number of Clusters:2
Using SNV kernel only
Jump Percentage: 0.09148186514751298 First Eig Val: 2.0458019499732606e-15 First Gap: 0.3697599387566883 Largest Gap: 0.3697599387566883 Number of Clusters:1
start:1 iteration:0
CellsA: 912 CellsB: 886
MutsA: 213 MutsB: 998
Using SNV kernel only
Jump Percentage: 0.07189386376537517 First Eig Val: -7.069861997591e-16 First Gap: 0.3412564803475609 Largest Gap: 0.42256312106690475 Number of Clusters:2
start:1 iteration:1
CellsA: 977 CellsB: 821
MutsA: 245 MutsB: 966
Using SNV kernel only
Jump Percentage: 0.06585405491310937 First Eig Val: 2.150000404091008e-15 First Gap: 0.3382488899669945 Largest Gap: 0.42890347641229387 Number of Clusters:2
start:1 iteration:2
CellsA: 987 CellsB: 811
MutsA: 254 MutsB: 957
Using SNV kernel only
Jump Percentage: 0.06512361683689352 First Eig Val: -1.872228093549617e-15 First Gap: 0.33766574698427154 Largest Gap: 0.42943760604677006 Number of Clusters:2
start:1 iteration:3
CellsA: 987 CellsB: 811
MutsA: 253 MutsB: 958
Using SNV kernel only
Jump Percentage: 0.06495500902469284 First Eig Val: -2.3214237563969104e-15 First Gap: 0.33715710689063105 Largest Gap: 0.4309709983823756 Number of Clusters:2
start:1 iteration:4
CellsA: 988 CellsB: 810
MutsA: 253 MutsB: 958
Using SNV kernel only
Jump Percentage: 0.06495500902469284 First Eig Val: -2.3214237563969104e-15 First Gap: 0.33715710689063105 Largest Gap: 0.4309709983823756 Number of Clusters:2
Using SNV kernel only
Jump Percentage: 0.0779485402330645 First Eig Val: -2.912642304738313e-15 First Gap: 0.36749057488963693 Largest Gap: 0.36749057488963693 Number of Clusters:1
start:2 iteration:0
CellsA: 1136 CellsB: 662
MutsA: 482 MutsB: 729
Using SNV kernel only
Jump Percentage: 0.06952287305794853 First Eig Val: -1.5812274010249975e-15 First Gap: 0.3558503588379596 Largest Gap: 0.3832737132303436 Number of Clusters:2
start:2 iteration:1
CellsA: 999 CellsB: 799
MutsA: 330 MutsB: 881
Using SNV kernel only
Jump Percentage: 0.0683146409521934 First Eig Val: 9.201800553648632e-16 First Gap: 0.3371673790165329 Largest Gap: 0.4232642293698132 Number of Clusters:2
start:2 iteration:2
CellsA: 1017 CellsB: 781
MutsA: 321 MutsB: 890
Using SNV kernel only
Jump Percentage: 0.06755651482547023 First Eig Val: -1.5830112235381412e-15 First Gap: 0.33673320761144654 Largest Gap: 0.42580928633841203 Number of Clusters:2
start:2 iteration:3
CellsA: 962 CellsB: 836
MutsA: 286 MutsB: 925
Using SNV kernel only
Jump Percentage: 0.0698324701665376 First Eig Val: 7.480439380687366e-16 First Gap: 0.3320364407236489 Largest Gap: 0.4352798717838737 Number of Clusters:2
start:2 iteration:4
CellsA: 995 CellsB: 803
MutsA: 296 MutsB: 915
Using SNV kernel only
Jump Percentage: 0.0686368580977064 First Eig Val: 1.4621334695506523e-15 First Gap: 0.33120214906756035 Largest Gap: 0.43538440790254856 Number of Clusters:2
start:2 iteration:5
CellsA: 958 CellsB: 840
MutsA: 278 MutsB: 933
Using SNV kernel only
Jump Percentage: 0.06535821258307145 First Eig Val: -2.4144308508362067e-15 First Gap: 0.3325035702385443 Largest Gap: 0.435605735081636 Number of Clusters:2
start:2 iteration:6
CellsA: 968 CellsB: 830
MutsA: 277 MutsB: 934
Using SNV kernel only
Jump Percentage: 0.06532859575855879 First Eig Val: 2.911403265522096e-15 First Gap: 0.3324273951295495 Largest Gap: 0.4352630879370715 Number of Clusters:2
start:2 iteration:7
CellsA: 949 CellsB: 849
MutsA: 269 MutsB: 942
Using SNV kernel only
Jump Percentage: 0.0660901799342931 First Eig Val: -1.7230475609653351e-15 First Gap: 0.3322249647469186 Largest Gap: 0.43677050055038935 Number of Clusters:2
start:2 iteration:8
CellsA: 958 CellsB: 840
MutsA: 268 MutsB: 943
Using SNV kernel only
Jump Percentage: 0.06613725325770246 First Eig Val: 5.375365898853519e-17 First Gap: 0.3322988922351338 Largest Gap: 0.43685141073855505 Number of Clusters:2
Sprouted tree:
None
<bound method Phertilizer.sprout_linear of <phertilizer.Phertilizer object at 0x7efed9b79be0>> invalid
Number of subproblems remaining: 0
func:'planting' args:[(<phertilizer.Phertilizer object at 0x7efed9b79be0>, deque([])), {}] took: 351.5684 sec
Planting phase complete!

Starting grow phase....
Clonal Tree 0 
[(0, 1), (0, 2)] 
Loss Nodes:0
Node: 0 Cells: 0 Muts: 825 LostMuts: 0
Node: 1 Cells: 1798 Muts: 1211 LostMuts: 0
Node: 2 Cells: 643 Muts: 2355 LostMuts: 0
Total Cells: 2441 Total Muts: 4391
Clonal Tree 0 
[(0, 1), (0, 2)] 
Loss Nodes:0
Node: 0 Cells: 0 Muts: 392 LostMuts: 0
Node: 1 Cells: 274 Muts: 965 LostMuts: 0
Node: 2 Cells: 369 Muts: 998 LostMuts: 0
Total Cells: 643 Total Muts: 2355
4391
4391
4391
Clonal Tree 0 
[(0, 1), (0, 2), (2, 3), (2, 4)] 
Loss Nodes:0
Node: 0 Cells: 0 Muts: 825 LostMuts: 0
Node: 1 Cells: 1798 Muts: 1211 LostMuts: 0
Node: 2 Cells: 0 Muts: 392 LostMuts: 0
Node: 3 Cells: 274 Muts: 965 LostMuts: 0
Node: 4 Cells: 369 Muts: 998 LostMuts: 0
Total Cells: 2441 Total Muts: 4391
Clonal Tree 0 
[(0, 1), (0, 2), (2, 3), (2, 4)] 
Loss Nodes:0
Node: 0 Cells: 0 Muts: 825 LostMuts: 0
Node: 1 Cells: 1798 Muts: 1211 LostMuts: 0
Node: 2 Cells: 0 Muts: 392 LostMuts: 0
Node: 3 Cells: 274 Muts: 965 LostMuts: 0
Node: 4 Cells: 369 Muts: 998 LostMuts: 0
Total Cells: 2441 Total Muts: 4391
Clonal Tree 0 
[(0, 1), (0, 2)] 
Loss Nodes:0
Node: 0 Cells: 0 Muts: 825 LostMuts: 0
Node: 1 Cells: 1798 Muts: 1211 LostMuts: 0
Node: 2 Cells: 643 Muts: 2355 LostMuts: 0
Total Cells: 2441 Total Muts: 4391
Clonal Tree 0 
[(0, 1)] 
Loss Nodes:0
Node: 0 Cells: 369 Muts: 1394 LostMuts: 0
Node: 1 Cells: 274 Muts: 961 LostMuts: 0
Total Cells: 643 Total Muts: 2355
4391
4391
4391
Clonal Tree 0 
[(0, 1), (0, 2), (2, 3)] 
Loss Nodes:0
Node: 0 Cells: 0 Muts: 825 LostMuts: 0
Node: 1 Cells: 1798 Muts: 1211 LostMuts: 0
Node: 2 Cells: 369 Muts: 1394 LostMuts: 0
Node: 3 Cells: 274 Muts: 961 LostMuts: 0
Total Cells: 2441 Total Muts: 4391
Clonal Tree 0 
[(0, 1), (0, 2), (2, 3)] 
Loss Nodes:0
Node: 0 Cells: 0 Muts: 825 LostMuts: 0
Node: 1 Cells: 1798 Muts: 1211 LostMuts: 0
Node: 2 Cells: 369 Muts: 1394 LostMuts: 0
Node: 3 Cells: 274 Muts: 961 LostMuts: 0
Total Cells: 2441 Total Muts: 4391
Clonal Tree 3 
[(0, 1)] 
Loss Nodes:0
Node: 0 Cells: 1798 Muts: 1945 LostMuts: 0
Node: 1 Cells: 643 Muts: 2446 LostMuts: 0
Total Cells: 2441 Total Muts: 4391
Clonal Tree 0 
[(0, 1), (0, 2)] 
Loss Nodes:0
Node: 0 Cells: 0 Muts: 392 LostMuts: 0
Node: 1 Cells: 369 Muts: 1044 LostMuts: 0
Node: 2 Cells: 274 Muts: 1010 LostMuts: 0
Total Cells: 643 Total Muts: 2446
4391
4391
4391
Clonal Tree 3 
[(0, 1), (1, 2), (1, 3)] 
Loss Nodes:0
Node: 0 Cells: 1798 Muts: 1945 LostMuts: 0
Node: 1 Cells: 0 Muts: 392 LostMuts: 0
Node: 2 Cells: 369 Muts: 1044 LostMuts: 0
Node: 3 Cells: 274 Muts: 1010 LostMuts: 0
Total Cells: 2441 Total Muts: 4391
Clonal Tree 3 
[(0, 1), (1, 2), (1, 3)] 
Loss Nodes:0
Node: 0 Cells: 1798 Muts: 1945 LostMuts: 0
Node: 1 Cells: 0 Muts: 392 LostMuts: 0
Node: 2 Cells: 369 Muts: 1044 LostMuts: 0
Node: 3 Cells: 274 Muts: 1010 LostMuts: 0
Total Cells: 2441 Total Muts: 4391
Clonal Tree 3 
[(0, 1)] 
Loss Nodes:0
Node: 0 Cells: 1798 Muts: 1945 LostMuts: 0
Node: 1 Cells: 643 Muts: 2446 LostMuts: 0
Total Cells: 2441 Total Muts: 4391
Clonal Tree 0 
[(0, 1)] 
Loss Nodes:0
Node: 0 Cells: 369 Muts: 1397 LostMuts: 0
Node: 1 Cells: 274 Muts: 1049 LostMuts: 0
Total Cells: 643 Total Muts: 2446
4391
4391
4391
Clonal Tree 3 
[(0, 1), (1, 2)] 
Loss Nodes:0
Node: 0 Cells: 1798 Muts: 1945 LostMuts: 0
Node: 1 Cells: 369 Muts: 1397 LostMuts: 0
Node: 2 Cells: 274 Muts: 1049 LostMuts: 0
Total Cells: 2441 Total Muts: 4391
Clonal Tree 3 
[(0, 1), (1, 2)] 
Loss Nodes:0
Node: 0 Cells: 1798 Muts: 1945 LostMuts: 0
Node: 1 Cells: 369 Muts: 1397 LostMuts: 0
Node: 2 Cells: 274 Muts: 1049 LostMuts: 0
Total Cells: 2441 Total Muts: 4391
func:'grow' args:[(<phertilizer.Phertilizer object at 0x7efed9b79be0>,), {}] took: 0.0162 sec
Growing phase complete!

Identifying the maximum likelihood k-clonal tree....
Finding the maximum likelihood tree out of 6 trees....
Clonal Tree 0 
[(0, 1), (0, 2)] 
Loss Nodes:0
Node: 0 Cells: 0 Muts: 825 LostMuts: 0
Node: 1 Cells: 1798 Muts: 1211 LostMuts: 0
Node: 2 Cells: 643 Muts: 2355 LostMuts: 0
Total Cells: 2441 Total Muts: 4391

Tree: 0 LogLikelihood: 2065073.2203397562
Variant LogLikelihood: -65872.19115779529 
RDR LogLikelihood: 2130945.4114975515

Clonal Tree 1 
[(0, 1), (0, 2), (2, 3), (2, 4)] 
Loss Nodes:0
Node: 0 Cells: 0 Muts: 825 LostMuts: 0
Node: 1 Cells: 1798 Muts: 1211 LostMuts: 0
Node: 2 Cells: 0 Muts: 392 LostMuts: 0
Node: 3 Cells: 274 Muts: 965 LostMuts: 0
Node: 4 Cells: 369 Muts: 998 LostMuts: 0
Total Cells: 2441 Total Muts: 4391

Tree: 1 LogLikelihood: 2231662.4853368723
Variant LogLikelihood: -54719.0234009329 
RDR LogLikelihood: 2286381.5087378053

Clonal Tree 2 
[(0, 1), (0, 2), (2, 3)] 
Loss Nodes:0
Node: 0 Cells: 0 Muts: 825 LostMuts: 0
Node: 1 Cells: 1798 Muts: 1211 LostMuts: 0
Node: 2 Cells: 369 Muts: 1394 LostMuts: 0
Node: 3 Cells: 274 Muts: 961 LostMuts: 0
Total Cells: 2441 Total Muts: 4391

Tree: 2 LogLikelihood: 2227796.8054600577
Variant LogLikelihood: -58584.70327774725 
RDR LogLikelihood: 2286381.5087378053

Clonal Tree 3 
[(0, 1)] 
Loss Nodes:0
Node: 0 Cells: 1798 Muts: 1945 LostMuts: 0
Node: 1 Cells: 643 Muts: 2446 LostMuts: 0
Total Cells: 2441 Total Muts: 4391

Tree: 3 LogLikelihood: 2051555.0770381852
Variant LogLikelihood: -79390.33445936642 
RDR LogLikelihood: 2130945.4114975515

Clonal Tree 4 
[(0, 1), (1, 2), (1, 3)] 
Loss Nodes:0
Node: 0 Cells: 1798 Muts: 1945 LostMuts: 0
Node: 1 Cells: 0 Muts: 392 LostMuts: 0
Node: 2 Cells: 369 Muts: 1044 LostMuts: 0
Node: 3 Cells: 274 Muts: 1010 LostMuts: 0
Total Cells: 2441 Total Muts: 4391

Tree: 4 LogLikelihood: 2221577.679986935
Variant LogLikelihood: -64803.82875087045 
RDR LogLikelihood: 2286381.5087378053

Clonal Tree 5 
[(0, 1), (1, 2)] 
Loss Nodes:0
Node: 0 Cells: 1798 Muts: 1945 LostMuts: 0
Node: 1 Cells: 369 Muts: 1397 LostMuts: 0
Node: 2 Cells: 274 Muts: 1049 LostMuts: 0
Total Cells: 2441 Total Muts: 4391

Tree: 5 LogLikelihood: 2217614.757382323
Variant LogLikelihood: -68766.75135548187 
RDR LogLikelihood: 2286381.5087378053

\Phertilizer Tree....
Clonal Tree 1 
[(0, 1), (0, 2), (2, 3), (2, 4)] 
Loss Nodes:0
Node: 0 Cells: 0 Muts: 825 LostMuts: 0
Node: 1 Cells: 1798 Muts: 1211 LostMuts: 0
Node: 2 Cells: 0 Muts: 392 LostMuts: 0
Node: 3 Cells: 274 Muts: 965 LostMuts: 0
Node: 4 Cells: 369 Muts: 998 LostMuts: 0
Total Cells: 2441 Total Muts: 4391
Saving files.....
Thanks for planting a tree! See you later, friend.
