/scratch/data/leah/phertilizer/src/branching_split.py:108: RuntimeWarning: invalid value encountered in true_divide
  tmb = mut_var_count_by_cell/mut_total_reads_by_cell
/scratch/data/leah/phertilizer/src/branching_split.py:108: RuntimeWarning: invalid value encountered in true_divide
  tmb = mut_var_count_by_cell/mut_total_reads_by_cell
/scratch/data/leah/phertilizer/src/branching_split.py:108: RuntimeWarning: invalid value encountered in true_divide
  tmb = mut_var_count_by_cell/mut_total_reads_by_cell
/scratch/data/leah/phertilizer/src/branching_split.py:108: RuntimeWarning: invalid value encountered in true_divide
  tmb = mut_var_count_by_cell/mut_total_reads_by_cell
/scratch/data/leah/phertilizer/src/branching_split.py:108: RuntimeWarning: invalid value encountered in true_divide
  tmb = mut_var_count_by_cell/mut_total_reads_by_cell
INFO:root:Mb Count a: 1.4806576402321083 Mb Count b: 1.7149532710280373
INFO:root:Mb Count a: 0.5135396518375241 Mb Count b: 2.9742990654205608
INFO:root:Mb Count a: 1.3965183752417796 Mb Count b: 1.8037383177570094
INFO:root:Mb Count a: 0.5135396518375241 Mb Count b: 2.9742990654205608
INFO:root:Mb Count a: 1.4555125725338491 Mb Count b: 1.7686915887850467
INFO:root:Mb Count a: 0.5135396518375241 Mb Count b: 2.9742990654205608
INFO:root:Mb Count a: 0.8266666666666667 Mb Count b: 1.4154929577464788
INFO:root:Mb Count a: 0.344 Mb Count b: 3.4471830985915495
INFO:root:Mb Count a: 0.796 Mb Count b: 1.2992957746478873
INFO:root:Mb Count a: 0.344 Mb Count b: 3.4471830985915495
INFO:root:Mb Count a: 0.7666666666666667 Mb Count b: 1.408450704225352
INFO:root:Mb Count a: 0.344 Mb Count b: 3.4471830985915495
/scratch/data/leah/phertilizer/src/linear_split.py:107: RuntimeWarning: invalid value encountered in true_divide
  vaf = binary_counts/binary_tcounts
INFO:root:Mb Count a: 1.8156521739130436 Mb Count b: 1.88
INFO:root:Mb Count a: 0.0782608695652174 Mb Count b: 2.737142857142857
/scratch/data/leah/phertilizer/src/linear_split.py:107: RuntimeWarning: invalid value encountered in true_divide
  vaf = binary_counts/binary_tcounts
INFO:root:Mb Count a: 1.6857142857142857 Mb Count b: 1.791304347826087
INFO:root:Mb Count a: 0.005714285714285714 Mb Count b: 2.325217391304348
/scratch/data/leah/phertilizer/src/linear_split.py:107: RuntimeWarning: invalid value encountered in true_divide
  vaf = binary_counts/binary_tcounts
INFO:root:Mb Count a: 1.7234782608695651 Mb Count b: 1.8457142857142856
INFO:root:Mb Count a: 0.0782608695652174 Mb Count b: 2.737142857142857
/scratch/data/leah/phertilizer/src/linear_split.py:107: RuntimeWarning: invalid value encountered in true_divide
  vaf = binary_counts/binary_tcounts
INFO:root:Mb Count a: 0.9971509971509972 Mb Count b: 3.0401785714285716
INFO:root:Mb Count a: 0.2074235807860262 Mb Count b: 2.9743589743589745
INFO:root:Mb Count a: 0.11410788381742738 Mb Count b: 2.860215053763441
INFO:root:Mb Count a: 0.07755102040816327 Mb Count b: 2.8
INFO:root:Mb Count a: 0.15891472868217055 Mb Count b: 3.2542372881355934
INFO:root:Mb Count a: 0.16974169741697417 Mb Count b: 3.5454545454545454
INFO:root:Mb Count a: 0.11818181818181818 Mb Count b: 3.44
INFO:root:Mb Count a: 0.08727272727272728 Mb Count b: 3.32
/scratch/data/leah/phertilizer/src/linear_split.py:107: RuntimeWarning: invalid value encountered in true_divide
  vaf = binary_counts/binary_tcounts
INFO:root:Mb Count a: 1.251231527093596 Mb Count b: 3.502958579881657
INFO:root:Mb Count a: 0.16598360655737704 Mb Count b: 3.103448275862069
INFO:root:Mb Count a: 0.09381237524950099 Mb Count b: 3.0135135135135136
INFO:root:Mb Count a: 0.08514851485148515 Mb Count b: 2.9857142857142858
INFO:root:Mb Count a: 0.07114624505928854 Mb Count b: 2.9565217391304346
INFO:root:Mb Count a: 0.0691699604743083 Mb Count b: 2.9565217391304346
/scratch/data/leah/phertilizer/src/linear_split.py:107: RuntimeWarning: invalid value encountered in true_divide
  vaf = binary_counts/binary_tcounts
INFO:root:Mb Count a: 0.6184738955823293 Mb Count b: 2.7208588957055215
INFO:root:Mb Count a: 0.0 Mb Count b: 2.4599303135888504
INFO:root:Mb Count a: 0.6222707423580786 Mb Count b: 3.8803418803418803
INFO:root:Mb Count a: 0.07773109243697479 Mb Count b: 3.01010101010101
INFO:root:Mb Count a: 0.06079664570230608 Mb Count b: 2.979591836734694
INFO:root:Mb Count a: 0.05660377358490566 Mb Count b: 2.9591836734693877
/scratch/data/leah/phertilizer/src/linear_split.py:107: RuntimeWarning: invalid value encountered in true_divide
  vaf = binary_counts/binary_tcounts
INFO:root:Mb Count a: 1.0181268882175227 Mb Count b: 2.874285714285714
INFO:root:Mb Count a: 0.20185614849187936 Mb Count b: 2.533333333333333
INFO:root:Mb Count a: 0.06349206349206349 Mb Count b: 2.2615384615384615
INFO:root:Mb Count a: 0.07777777777777778 Mb Count b: 2.357142857142857
INFO:root:Mb Count a: 0.059734513274336286 Mb Count b: 2.314814814814815
INFO:root:Mb Count a: 0.05543237250554324 Mb Count b: 2.2545454545454544
INFO:root:Mb Count a: 0.05543237250554324 Mb Count b: 2.2545454545454544
/scratch/data/leah/phertilizer/src/linear_split.py:107: RuntimeWarning: invalid value encountered in true_divide
  vaf = binary_counts/binary_tcounts
INFO:root:Mb Count a: 0.8069620253164557 Mb Count b: 2.5157894736842104
INFO:root:Mb Count a: 0.12953367875647667 Mb Count b: 2.341666666666667
INFO:root:Mb Count a: 0.05472636815920398 Mb Count b: 2.269230769230769
INFO:root:Mb Count a: 0.19101123595505617 Mb Count b: 2.622950819672131
INFO:root:Mb Count a: 0.07641921397379912 Mb Count b: 2.4166666666666665
INFO:root:Mb Count a: 0.06493506493506493 Mb Count b: 2.4318181818181817
INFO:root:Mb Count a: 0.06695464362850972 Mb Count b: 2.4651162790697674
INFO:root:Mb Count a: 0.06479481641468683 Mb Count b: 2.441860465116279
/scratch/data/leah/phertilizer/src/linear_split.py:107: RuntimeWarning: invalid value encountered in true_divide
  vaf = binary_counts/binary_tcounts
INFO:root:Mb Count a: 0.7937062937062938 Mb Count b: 2.790909090909091
INFO:root:Mb Count a: 0.13008130081300814 Mb Count b: 2.5182481751824817
INFO:root:Mb Count a: 0.23448275862068965 Mb Count b: 3.0
INFO:root:Mb Count a: 0.11688311688311688 Mb Count b: 2.9545454545454546
INFO:root:Mb Count a: 0.05591397849462366 Mb Count b: 2.682926829268293
INFO:root:Mb Count a: 0.1022964509394572 Mb Count b: 3.0
INFO:root:Mb Count a: 0.08024691358024691 Mb Count b: 3.0
INFO:root:Mb Count a: 0.07346938775510205 Mb Count b: 2.875
INFO:root:Mb Count a: 0.06924643584521385 Mb Count b: 2.8
INFO:root:Mb Count a: 0.06720977596741344 Mb Count b: 2.8
/scratch/data/leah/phertilizer/src/linear_split.py:107: RuntimeWarning: invalid value encountered in true_divide
  vaf = binary_counts/binary_tcounts
INFO:root:Mb Count a: 0.6612903225806451 Mb Count b: 2.438423645320197
INFO:root:Mb Count a: 0.0 Mb Count b: 1.8475609756097562
INFO:root:Mb Count a: 0.1749271137026239 Mb Count b: 2.3333333333333335
INFO:root:Mb Count a: 0.06406685236768803 Mb Count b: 2.152173913043478
INFO:root:Mb Count a: 0.038356164383561646 Mb Count b: 2.1627906976744184
INFO:root:Mb Count a: 0.029891304347826088 Mb Count b: 2.180722891566265
INFO:root:Mb Count a: 0.02717391304347826 Mb Count b: 2.180722891566265
/scratch/data/leah/phertilizer/src/linear_split.py:107: RuntimeWarning: invalid value encountered in true_divide
  vaf = binary_counts/binary_tcounts
INFO:root:Mb Count a: 0.85 Mb Count b: 2.4786729857819907
INFO:root:Mb Count a: 0.26358695652173914 Mb Count b: 2.6144578313253013
INFO:root:Mb Count a: 0.12623762376237624 Mb Count b: 2.5531914893617023
INFO:root:Mb Count a: 0.06506024096385542 Mb Count b: 2.361111111111111
INFO:root:Mb Count a: 0.05714285714285714 Mb Count b: 2.3870967741935485
INFO:root:Mb Count a: 0.04275534441805225 Mb Count b: 2.4
INFO:root:Mb Count a: 0.04275534441805225 Mb Count b: 2.4
/scratch/data/leah/phertilizer/src/linear_split.py:107: RuntimeWarning: invalid value encountered in true_divide
  vaf = binary_counts/binary_tcounts
INFO:root:Mb Count a: 0.9800664451827242 Mb Count b: 2.84
INFO:root:Mb Count a: 0.28365384615384615 Mb Count b: 2.8285714285714287
INFO:root:Mb Count a: 0.08027522935779817 Mb Count b: 2.2666666666666666
INFO:root:Mb Count a: 0.0 Mb Count b: 1.393939393939394
INFO:root:Mb Count a: 0.0 Mb Count b: 1.9393939393939394
/scratch/data/leah/phertilizer/src/linear_split.py:107: RuntimeWarning: invalid value encountered in true_divide
  vaf = binary_counts/binary_tcounts
INFO:root:Mb Count a: 0.7208480565371025 Mb Count b: 2.528985507246377
INFO:root:Mb Count a: 0.0 Mb Count b: 1.7567567567567568
INFO:root:Mb Count a: 0.0 Mb Count b: 1.7876106194690264
INFO:root:Mb Count a: 0.0 Mb Count b: 1.7964601769911503
/scratch/data/leah/phertilizer/src/linear_split.py:107: RuntimeWarning: invalid value encountered in true_divide
  vaf = binary_counts/binary_tcounts
INFO:root:Mb Count a: 0.8403041825095057 Mb Count b: 2.5
INFO:root:Mb Count a: 0.20810810810810812 Mb Count b: 2.392156862745098
INFO:root:Mb Count a: 0.06923076923076923 Mb Count b: 1.935483870967742
INFO:root:Mb Count a: 0.04271356783919598 Mb Count b: 2.0
INFO:root:Mb Count a: 0.034912718204488775 Mb Count b: 2.0
INFO:root:Mb Count a: 0.029925187032418952 Mb Count b: 2.0
/scratch/data/leah/phertilizer/src/linear_split.py:107: RuntimeWarning: invalid value encountered in true_divide
  vaf = binary_counts/binary_tcounts
INFO:root:Mb Count a: 0.6696428571428571 Mb Count b: 2.451776649746193
INFO:root:Mb Count a: 0.0 Mb Count b: 1.6687898089171975
INFO:root:Mb Count a: 0.0 Mb Count b: 1.7278481012658229
INFO:root:Mb Count a: 0.0 Mb Count b: 1.7278481012658229
/scratch/data/leah/phertilizer/src/linear_split.py:107: RuntimeWarning: invalid value encountered in true_divide
  vaf = binary_counts/binary_tcounts
INFO:root:Mb Count a: 0.5903614457831325 Mb Count b: 2.025531914893617
INFO:root:Mb Count a: 0.0 Mb Count b: 1.6047904191616766
INFO:root:Mb Count a: 0.0 Mb Count b: 1.698224852071006
INFO:root:Mb Count a: 0.0 Mb Count b: 1.7159763313609468
/scratch/data/leah/phertilizer/src/linear_split.py:107: RuntimeWarning: invalid value encountered in true_divide
  vaf = binary_counts/binary_tcounts
INFO:root:Mb Count a: 0.7136363636363636 Mb Count b: 2.287292817679558
INFO:root:Mb Count a: 0.0 Mb Count b: 1.7112676056338028
INFO:root:Mb Count a: 0.0 Mb Count b: 1.7464788732394365
/scratch/data/leah/phertilizer/src/linear_split.py:107: RuntimeWarning: invalid value encountered in true_divide
  vaf = binary_counts/binary_tcounts
INFO:root:Mb Count a: 0.8801498127340824 Mb Count b: 2.656716417910448
INFO:root:Mb Count a: 0.0 Mb Count b: 1.568421052631579
INFO:root:Mb Count a: 0.19559228650137742 Mb Count b: 2.289473684210526
INFO:root:Mb Count a: 0.09974424552429667 Mb Count b: 2.6
INFO:root:Mb Count a: 0.0 Mb Count b: 1.4
INFO:root:Mb Count a: 0.0 Mb Count b: 1.95
/scratch/data/leah/phertilizer/src/linear_split.py:107: RuntimeWarning: invalid value encountered in true_divide
  vaf = binary_counts/binary_tcounts
INFO:root:Mb Count a: 0.6816143497757847 Mb Count b: 2.329113924050633
INFO:root:Mb Count a: 0.0 Mb Count b: 1.4830508474576272
INFO:root:Mb Count a: 0.18633540372670807 Mb Count b: 2.0847457627118646
INFO:root:Mb Count a: 0.10893854748603352 Mb Count b: 2.1739130434782608
INFO:root:Mb Count a: 0.02197802197802198 Mb Count b: 2.1176470588235294
INFO:root:Mb Count a: 0.005449591280653951 Mb Count b: 2.2142857142857144
INFO:root:Mb Count a: 0.0 Mb Count b: 2.2142857142857144
/scratch/data/leah/phertilizer/src/linear_split.py:107: RuntimeWarning: invalid value encountered in true_divide
  vaf = binary_counts/binary_tcounts
INFO:root:Mb Count a: 0.8536585365853658 Mb Count b: 2.585185185185185
INFO:root:Mb Count a: 0.12951807228915663 Mb Count b: 2.204081632653061
INFO:root:Mb Count a: 0.0670391061452514 Mb Count b: 2.5217391304347827
INFO:root:Mb Count a: 0.02717391304347826 Mb Count b: 2.6923076923076925
INFO:root:Mb Count a: 0.008086253369272238 Mb Count b: 2.8
INFO:root:Mb Count a: 0.0 Mb Count b: 2.7
/scratch/data/leah/phertilizer/src/linear_split.py:107: RuntimeWarning: invalid value encountered in true_divide
  vaf = binary_counts/binary_tcounts
INFO:root:Mb Count a: 1.0101694915254238 Mb Count b: 2.627906976744186
INFO:root:Mb Count a: 0.0 Mb Count b: 1.4098360655737705
INFO:root:Mb Count a: 0.0 Mb Count b: 1.4262295081967213
/scratch/data/leah/phertilizer/src/linear_split.py:107: RuntimeWarning: invalid value encountered in true_divide
  vaf = binary_counts/binary_tcounts
INFO:root:Mb Count a: 0.6264367816091954 Mb Count b: 2.1624365482233503
INFO:root:Mb Count a: 0.0 Mb Count b: 1.5611510791366907
INFO:root:Mb Count a: 0.0 Mb Count b: 1.6330935251798562
/scratch/data/leah/phertilizer/src/linear_split.py:107: RuntimeWarning: invalid value encountered in true_divide
  vaf = binary_counts/binary_tcounts
INFO:root:Mb Count a: 0.7436823104693141 Mb Count b: 2.5531914893617023
INFO:root:Mb Count a: 0.0 Mb Count b: 1.378787878787879
INFO:root:Mb Count a: 0.0 Mb Count b: 1.378787878787879
/scratch/data/leah/phertilizer/src/linear_split.py:107: RuntimeWarning: invalid value encountered in true_divide
  vaf = binary_counts/binary_tcounts
INFO:root:Mb Count a: 0.6040609137055838 Mb Count b: 2.1551724137931036
INFO:root:Mb Count a: 0.20198675496688742 Mb Count b: 2.0144927536231885
INFO:root:Mb Count a: 0.20498614958448755 Mb Count b: 2.6
INFO:root:Mb Count a: 0.0 Mb Count b: 1.4285714285714286
INFO:root:Mb Count a: 0.0 Mb Count b: 1.4285714285714286
/scratch/data/leah/phertilizer/src/linear_split.py:107: RuntimeWarning: invalid value encountered in true_divide
  vaf = binary_counts/binary_tcounts
INFO:root:Mb Count a: 0.8765957446808511 Mb Count b: 2.511627906976744
INFO:root:Mb Count a: 0.0 Mb Count b: 1.5
INFO:root:Mb Count a: 0.0 Mb Count b: 1.5108695652173914
/scratch/data/leah/phertilizer/src/linear_split.py:107: RuntimeWarning: invalid value encountered in true_divide
  vaf = binary_counts/binary_tcounts
INFO:root:Mb Count a: 0.6698113207547169 Mb Count b: 2.210526315789474
INFO:root:Mb Count a: 0.0 Mb Count b: 1.5714285714285714
INFO:root:Mb Count a: 0.0 Mb Count b: 1.6428571428571428
/scratch/data/leah/phertilizer/src/linear_split.py:107: RuntimeWarning: invalid value encountered in true_divide
  vaf = binary_counts/binary_tcounts
INFO:root:Mb Count a: 0.8142292490118577 Mb Count b: 2.5585585585585586
INFO:root:Mb Count a: 0.0 Mb Count b: 1.3289473684210527
INFO:root:Mb Count a: 0.0 Mb Count b: 1.368421052631579
/scratch/data/leah/phertilizer/src/branching_split.py:108: RuntimeWarning: invalid value encountered in true_divide
  tmb = mut_var_count_by_cell/mut_total_reads_by_cell
/scratch/data/leah/phertilizer/src/branching_split.py:108: RuntimeWarning: invalid value encountered in true_divide
  tmb = mut_var_count_by_cell/mut_total_reads_by_cell
/scratch/data/leah/phertilizer/src/branching_split.py:108: RuntimeWarning: invalid value encountered in true_divide
  tmb = mut_var_count_by_cell/mut_total_reads_by_cell
/scratch/data/leah/phertilizer/src/branching_split.py:108: RuntimeWarning: invalid value encountered in true_divide
  tmb = mut_var_count_by_cell/mut_total_reads_by_cell
/scratch/data/leah/phertilizer/src/branching_split.py:108: RuntimeWarning: invalid value encountered in true_divide
  tmb = mut_var_count_by_cell/mut_total_reads_by_cell
/scratch/data/leah/phertilizer/src/branching_split.py:108: RuntimeWarning: invalid value encountered in true_divide
  tmb = mut_var_count_by_cell/mut_total_reads_by_cell
/scratch/data/leah/phertilizer/src/linear_split.py:251: RuntimeWarning: invalid value encountered in true_divide
  tmb = mb_mut_count/mb_tot_count
INFO:root:Mb Count a: 1.1705607476635513 Mb Count b: 1.5343283582089553
INFO:root:Mb Count a: 0.07476635514018691 Mb Count b: 3.1044776119402986
INFO:root:Mb Count a: 1.1822429906542056 Mb Count b: 1.491044776119403
INFO:root:Mb Count a: 0.07476635514018691 Mb Count b: 3.1044776119402986
INFO:root:Mb Count a: 1.1658878504672898 Mb Count b: 1.4537313432835821
INFO:root:Mb Count a: 0.07476635514018691 Mb Count b: 3.1044776119402986
/scratch/data/leah/phertilizer/src/linear_split.py:107: RuntimeWarning: invalid value encountered in true_divide
  vaf = binary_counts/binary_tcounts
INFO:root:Mb Count a: 0.7801724137931034 Mb Count b: 2.63265306122449
INFO:root:Mb Count a: 0.14705882352941177 Mb Count b: 2.30327868852459
INFO:root:Mb Count a: 0.14912280701754385 Mb Count b: 2.5697674418604652
INFO:root:Mb Count a: 0.046242774566473986 Mb Count b: 2.451219512195122
INFO:root:Mb Count a: 0.026392961876832845 Mb Count b: 2.3563218390804597
INFO:root:Mb Count a: 0.02932551319648094 Mb Count b: 2.3908045977011496
/scratch/data/leah/phertilizer/src/linear_split.py:107: RuntimeWarning: invalid value encountered in true_divide
  vaf = binary_counts/binary_tcounts
INFO:root:Mb Count a: 1.044280442804428 Mb Count b: 2.9872611464968153
INFO:root:Mb Count a: 0.16809116809116809 Mb Count b: 2.4415584415584415
INFO:root:Mb Count a: 0.047752808988764044 Mb Count b: 2.2222222222222223
INFO:root:Mb Count a: 0.03651685393258427 Mb Count b: 2.236111111111111
/scratch/data/leah/phertilizer/src/linear_split.py:107: RuntimeWarning: invalid value encountered in true_divide
  vaf = binary_counts/binary_tcounts
INFO:root:Mb Count a: 0.9710144927536232 Mb Count b: 2.8684210526315788
INFO:root:Mb Count a: 0.3645320197044335 Mb Count b: 3.5
INFO:root:Mb Count a: 0.09352517985611511 Mb Count b: 3.0
INFO:root:Mb Count a: 0.05275779376498801 Mb Count b: 2.909090909090909
/scratch/data/leah/phertilizer/src/linear_split.py:107: RuntimeWarning: invalid value encountered in true_divide
  vaf = binary_counts/binary_tcounts
/scratch/data/leah/phertilizer/src/linear_split.py:251: RuntimeWarning: invalid value encountered in true_divide
  tmb = mb_mut_count/mb_tot_count
INFO:root:Mb Count a: 0.0 Mb Count b: 1.8517110266159695
INFO:root:Mb Count a: 0.0 Mb Count b: 1.4736842105263157
INFO:root:Mb Count a: 0.28773584905660377 Mb Count b: 2.0387596899224807
INFO:root:Mb Count a: 0.132 Mb Count b: 2.120879120879121
INFO:root:Mb Count a: 0.06015037593984962 Mb Count b: 2.026666666666667
INFO:root:Mb Count a: 0.007575757575757576 Mb Count b: 1.896103896103896
INFO:root:Mb Count a: 0.007575757575757576 Mb Count b: 1.9090909090909092
/scratch/data/leah/phertilizer/src/linear_split.py:107: RuntimeWarning: invalid value encountered in true_divide
  vaf = binary_counts/binary_tcounts
INFO:root:Mb Count a: 0.7405660377358491 Mb Count b: 2.503875968992248
INFO:root:Mb Count a: 0.0 Mb Count b: 1.5700934579439252
INFO:root:Mb Count a: 0.18214285714285713 Mb Count b: 2.0327868852459017
INFO:root:Mb Count a: 0.09900990099009901 Mb Count b: 2.026315789473684
INFO:root:Mb Count a: 0.045307443365695796 Mb Count b: 2.0
INFO:root:Mb Count a: 0.09597523219814241 Mb Count b: 2.2222222222222223
INFO:root:Mb Count a: 0.04573170731707317 Mb Count b: 2.3076923076923075
INFO:root:Mb Count a: 0.03353658536585366 Mb Count b: 2.3076923076923075
/scratch/data/leah/phertilizer/src/linear_split.py:107: RuntimeWarning: invalid value encountered in true_divide
  vaf = binary_counts/binary_tcounts
INFO:root:Mb Count a: 0.0 Mb Count b: 1.7591836734693878
INFO:root:Mb Count a: 0.0 Mb Count b: 1.5245901639344261
INFO:root:Mb Count a: 0.0 Mb Count b: 1.7704918032786885
/scratch/data/leah/phertilizer/src/linear_split.py:107: RuntimeWarning: invalid value encountered in true_divide
  vaf = binary_counts/binary_tcounts
INFO:root:Mb Count a: 1.109375 Mb Count b: 2.8194444444444446
INFO:root:Mb Count a: 0.0 Mb Count b: 1.3269230769230769
INFO:root:Mb Count a: 0.0 Mb Count b: 1.3148148148148149
INFO:root:Mb Count a: 0.0 Mb Count b: 1.3888888888888888
/scratch/data/leah/phertilizer/src/linear_split.py:107: RuntimeWarning: invalid value encountered in true_divide
  vaf = binary_counts/binary_tcounts
INFO:root:Mb Count a: 0.5454545454545454 Mb Count b: 2.2565789473684212
INFO:root:Mb Count a: 0.0 Mb Count b: 1.608695652173913
INFO:root:Mb Count a: 0.23018867924528302 Mb Count b: 2.142857142857143
INFO:root:Mb Count a: 0.060498220640569395 Mb Count b: 1.9574468085106382
INFO:root:Mb Count a: 0.04529616724738676 Mb Count b: 1.975609756097561
INFO:root:Mb Count a: 0.04436860068259386 Mb Count b: 2.0285714285714285
INFO:root:Mb Count a: 0.030612244897959183 Mb Count b: 2.0
INFO:root:Mb Count a: 0.030612244897959183 Mb Count b: 2.0
/scratch/data/leah/phertilizer/src/linear_split.py:107: RuntimeWarning: invalid value encountered in true_divide
  vaf = binary_counts/binary_tcounts
INFO:root:Mb Count a: 0.0 Mb Count b: 1.7639484978540771
INFO:root:Mb Count a: 0.0 Mb Count b: 1.493421052631579
INFO:root:Mb Count a: 0.0 Mb Count b: 1.7960526315789473
/scratch/data/leah/phertilizer/src/linear_split.py:107: RuntimeWarning: invalid value encountered in true_divide
  vaf = binary_counts/binary_tcounts
INFO:root:Mb Count a: 0.75 Mb Count b: 2.3333333333333335
INFO:root:Mb Count a: 0.13026819923371646 Mb Count b: 1.5757575757575757
INFO:root:Mb Count a: 0.04059040590405904 Mb Count b: 1.565217391304348
INFO:root:Mb Count a: 0.02197802197802198 Mb Count b: 1.619047619047619
INFO:root:Mb Count a: 0.02197802197802198 Mb Count b: 1.619047619047619
/scratch/data/leah/phertilizer/src/linear_split.py:107: RuntimeWarning: invalid value encountered in true_divide
  vaf = binary_counts/binary_tcounts
INFO:root:Mb Count a: 0.0 Mb Count b: 1.7568807339449541
INFO:root:Mb Count a: 0.0 Mb Count b: 1.3925925925925926
INFO:root:Mb Count a: 0.0 Mb Count b: 1.637037037037037
/scratch/data/leah/phertilizer/src/linear_split.py:107: RuntimeWarning: invalid value encountered in true_divide
  vaf = binary_counts/binary_tcounts
INFO:root:Mb Count a: 0.6073619631901841 Mb Count b: 2.282442748091603
INFO:root:Mb Count a: 0.1581196581196581 Mb Count b: 1.85
INFO:root:Mb Count a: 0.028455284552845527 Mb Count b: 1.9166666666666667
INFO:root:Mb Count a: 0.13186813186813187 Mb Count b: 2.4285714285714284
INFO:root:Mb Count a: 0.035842293906810034 Mb Count b: 2.1333333333333333
INFO:root:Mb Count a: 0.02142857142857143 Mb Count b: 2.0714285714285716
INFO:root:Mb Count a: 0.02142857142857143 Mb Count b: 2.0714285714285716
/scratch/data/leah/phertilizer/src/branching_split.py:108: RuntimeWarning: invalid value encountered in true_divide
  tmb = mut_var_count_by_cell/mut_total_reads_by_cell
/scratch/data/leah/phertilizer/src/branching_split.py:108: RuntimeWarning: invalid value encountered in true_divide
  tmb = mut_var_count_by_cell/mut_total_reads_by_cell
/scratch/data/leah/phertilizer/src/branching_split.py:108: RuntimeWarning: invalid value encountered in true_divide
  tmb = mut_var_count_by_cell/mut_total_reads_by_cell
/scratch/data/leah/phertilizer/src/branching_split.py:108: RuntimeWarning: invalid value encountered in true_divide
  tmb = mut_var_count_by_cell/mut_total_reads_by_cell
/scratch/data/leah/phertilizer/src/branching_split.py:108: RuntimeWarning: invalid value encountered in true_divide
  tmb = mut_var_count_by_cell/mut_total_reads_by_cell
/scratch/data/leah/phertilizer/src/branching_split.py:108: RuntimeWarning: invalid value encountered in true_divide
  tmb = mut_var_count_by_cell/mut_total_reads_by_cell
/scratch/data/leah/phertilizer/src/linear_split.py:251: RuntimeWarning: invalid value encountered in true_divide
  tmb = mb_mut_count/mb_tot_count
INFO:root:Mb Count a: 1.222972972972973 Mb Count b: 1.2597014925373133
/scratch/data/leah/phertilizer/src/linear_split.py:251: RuntimeWarning: invalid value encountered in true_divide
  tmb = mb_mut_count/mb_tot_count
INFO:root:Mb Count a: 0.0 Mb Count b: 2.0940298507462685
/scratch/data/leah/phertilizer/src/linear_split.py:251: RuntimeWarning: invalid value encountered in true_divide
  tmb = mb_mut_count/mb_tot_count
INFO:root:Mb Count a: 1.1283783783783783 Mb Count b: 1.2761194029850746
/scratch/data/leah/phertilizer/src/linear_split.py:251: RuntimeWarning: invalid value encountered in true_divide
  tmb = mb_mut_count/mb_tot_count
INFO:root:Mb Count a: 0.0 Mb Count b: 2.0940298507462685
/scratch/data/leah/phertilizer/src/linear_split.py:251: RuntimeWarning: invalid value encountered in true_divide
  tmb = mb_mut_count/mb_tot_count
INFO:root:Mb Count a: 1.2223880597014924 Mb Count b: 1.2635135135135136
/scratch/data/leah/phertilizer/src/linear_split.py:251: RuntimeWarning: invalid value encountered in true_divide
  tmb = mb_mut_count/mb_tot_count
INFO:root:Mb Count a: 0.2298507462686567 Mb Count b: 2.175675675675676
/scratch/data/leah/phertilizer/src/branching_split.py:108: RuntimeWarning: invalid value encountered in true_divide
  tmb = mut_var_count_by_cell/mut_total_reads_by_cell
/scratch/data/leah/phertilizer/src/branching_split.py:108: RuntimeWarning: invalid value encountered in true_divide
  tmb = mut_var_count_by_cell/mut_total_reads_by_cell
/scratch/data/leah/phertilizer/src/branching_split.py:108: RuntimeWarning: invalid value encountered in true_divide
  tmb = mut_var_count_by_cell/mut_total_reads_by_cell
/scratch/data/leah/phertilizer/src/branching_split.py:108: RuntimeWarning: invalid value encountered in true_divide
  tmb = mut_var_count_by_cell/mut_total_reads_by_cell
/scratch/data/leah/phertilizer/src/branching_split.py:108: RuntimeWarning: invalid value encountered in true_divide
  tmb = mut_var_count_by_cell/mut_total_reads_by_cell
/scratch/data/leah/phertilizer/src/branching_split.py:108: RuntimeWarning: invalid value encountered in true_divide
  tmb = mut_var_count_by_cell/mut_total_reads_by_cell
/scratch/data/leah/phertilizer/src/linear_split.py:251: RuntimeWarning: invalid value encountered in true_divide
  tmb = mb_mut_count/mb_tot_count
INFO:root:Mb Count a: 0.8134715025906736 Mb Count b: 1.056338028169014
/scratch/data/leah/phertilizer/src/linear_split.py:251: RuntimeWarning: invalid value encountered in true_divide
  tmb = mb_mut_count/mb_tot_count
INFO:root:Mb Count a: 0.07253886010362694 Mb Count b: 1.8943661971830985
/scratch/data/leah/phertilizer/src/linear_split.py:251: RuntimeWarning: invalid value encountered in true_divide
  tmb = mb_mut_count/mb_tot_count
INFO:root:Mb Count a: 0.7538860103626943 Mb Count b: 1.1338028169014085
/scratch/data/leah/phertilizer/src/linear_split.py:251: RuntimeWarning: invalid value encountered in true_divide
  tmb = mb_mut_count/mb_tot_count
INFO:root:Mb Count a: 0.07253886010362694 Mb Count b: 1.8943661971830985
/scratch/data/leah/phertilizer/src/linear_split.py:251: RuntimeWarning: invalid value encountered in true_divide
  tmb = mb_mut_count/mb_tot_count
INFO:root:Mb Count a: 0.6994818652849741 Mb Count b: 1.1690140845070423
/scratch/data/leah/phertilizer/src/linear_split.py:251: RuntimeWarning: invalid value encountered in true_divide
  tmb = mb_mut_count/mb_tot_count
INFO:root:Mb Count a: 0.07253886010362694 Mb Count b: 1.8943661971830985
/scratch/data/leah/phertilizer/src/linear_split.py:107: RuntimeWarning: invalid value encountered in true_divide
  vaf = binary_counts/binary_tcounts
/scratch/data/leah/phertilizer/src/linear_split.py:251: RuntimeWarning: invalid value encountered in true_divide
  tmb = mb_mut_count/mb_tot_count
INFO:root:Mb Count a: 0.6540284360189573 Mb Count b: 1.0057142857142858
/scratch/data/leah/phertilizer/src/linear_split.py:251: RuntimeWarning: invalid value encountered in true_divide
  tmb = mb_mut_count/mb_tot_count
INFO:root:Mb Count a: 0.009478672985781991 Mb Count b: 1.4914285714285713
/scratch/data/leah/phertilizer/src/linear_split.py:107: RuntimeWarning: invalid value encountered in true_divide
  vaf = binary_counts/binary_tcounts
/scratch/data/leah/phertilizer/src/linear_split.py:251: RuntimeWarning: invalid value encountered in true_divide
  tmb = mb_mut_count/mb_tot_count
INFO:root:Mb Count a: 0.6919431279620853 Mb Count b: 0.7257142857142858
/scratch/data/leah/phertilizer/src/linear_split.py:251: RuntimeWarning: invalid value encountered in true_divide
  tmb = mb_mut_count/mb_tot_count
INFO:root:Mb Count a: 0.009478672985781991 Mb Count b: 1.4914285714285713
/scratch/data/leah/phertilizer/src/linear_split.py:107: RuntimeWarning: invalid value encountered in true_divide
  vaf = binary_counts/binary_tcounts
/scratch/data/leah/phertilizer/src/linear_split.py:251: RuntimeWarning: invalid value encountered in true_divide
  tmb = mb_mut_count/mb_tot_count
INFO:root:Mb Count a: 0.7867298578199052 Mb Count b: 0.9142857142857143
/scratch/data/leah/phertilizer/src/linear_split.py:251: RuntimeWarning: invalid value encountered in true_divide
  tmb = mb_mut_count/mb_tot_count
INFO:root:Mb Count a: 0.009478672985781991 Mb Count b: 1.4914285714285713
/scratch/data/leah/phertilizer/src/branching_split.py:108: RuntimeWarning: invalid value encountered in true_divide
  tmb = mut_var_count_by_cell/mut_total_reads_by_cell
/scratch/data/leah/phertilizer/src/branching_split.py:108: RuntimeWarning: invalid value encountered in true_divide
  tmb = mut_var_count_by_cell/mut_total_reads_by_cell
/scratch/data/leah/phertilizer/src/branching_split.py:108: RuntimeWarning: invalid value encountered in true_divide
  tmb = mut_var_count_by_cell/mut_total_reads_by_cell
/scratch/data/leah/phertilizer/src/branching_split.py:108: RuntimeWarning: invalid value encountered in true_divide
  tmb = mut_var_count_by_cell/mut_total_reads_by_cell
/scratch/data/leah/phertilizer/src/linear_split.py:251: RuntimeWarning: invalid value encountered in true_divide
  tmb = mb_mut_count/mb_tot_count
INFO:root:Mb Count a: 0.6228571428571429 Mb Count b: 1.1091549295774648
/scratch/data/leah/phertilizer/src/linear_split.py:251: RuntimeWarning: invalid value encountered in true_divide
  tmb = mb_mut_count/mb_tot_count
INFO:root:Mb Count a: 0.005714285714285714 Mb Count b: 1.130281690140845
/scratch/data/leah/phertilizer/src/linear_split.py:251: RuntimeWarning: invalid value encountered in true_divide
  tmb = mb_mut_count/mb_tot_count
INFO:root:Mb Count a: 0.5714285714285714 Mb Count b: 1.119718309859155
/scratch/data/leah/phertilizer/src/linear_split.py:251: RuntimeWarning: invalid value encountered in true_divide
  tmb = mb_mut_count/mb_tot_count
INFO:root:Mb Count a: 0.005714285714285714 Mb Count b: 1.130281690140845
/scratch/data/leah/phertilizer/src/linear_split.py:251: RuntimeWarning: invalid value encountered in true_divide
  tmb = mb_mut_count/mb_tot_count
INFO:root:Mb Count a: 0.6285714285714286 Mb Count b: 1.1126760563380282
/scratch/data/leah/phertilizer/src/linear_split.py:251: RuntimeWarning: invalid value encountered in true_divide
  tmb = mb_mut_count/mb_tot_count
INFO:root:Mb Count a: 0.005714285714285714 Mb Count b: 1.130281690140845
/scratch/data/leah/phertilizer/src/branching_split.py:108: RuntimeWarning: invalid value encountered in true_divide
  tmb = mut_var_count_by_cell/mut_total_reads_by_cell
/scratch/data/leah/phertilizer/src/branching_split.py:108: RuntimeWarning: invalid value encountered in true_divide
  tmb = mut_var_count_by_cell/mut_total_reads_by_cell
/scratch/data/leah/phertilizer/src/branching_split.py:108: RuntimeWarning: invalid value encountered in true_divide
  tmb = mut_var_count_by_cell/mut_total_reads_by_cell
/scratch/data/leah/phertilizer/src/branching_split.py:108: RuntimeWarning: invalid value encountered in true_divide
  tmb = mut_var_count_by_cell/mut_total_reads_by_cell
/scratch/data/leah/phertilizer/src/branching_split.py:108: RuntimeWarning: invalid value encountered in true_divide
  tmb = mut_var_count_by_cell/mut_total_reads_by_cell
/scratch/data/leah/phertilizer/src/branching_split.py:108: RuntimeWarning: invalid value encountered in true_divide
  tmb = mut_var_count_by_cell/mut_total_reads_by_cell
/scratch/data/leah/phertilizer/src/linear_split.py:251: RuntimeWarning: invalid value encountered in true_divide
  tmb = mb_mut_count/mb_tot_count
INFO:root:Mb Count a: 1.044041450777202 Mb Count b: 1.517605633802817
/scratch/data/leah/phertilizer/src/linear_split.py:251: RuntimeWarning: invalid value encountered in true_divide
  tmb = mb_mut_count/mb_tot_count
INFO:root:Mb Count a: 0.04404145077720207 Mb Count b: 2.4471830985915495
/scratch/data/leah/phertilizer/src/linear_split.py:251: RuntimeWarning: invalid value encountered in true_divide
  tmb = mb_mut_count/mb_tot_count
INFO:root:Mb Count a: 0.9507772020725389 Mb Count b: 1.658450704225352
/scratch/data/leah/phertilizer/src/linear_split.py:251: RuntimeWarning: invalid value encountered in true_divide
  tmb = mb_mut_count/mb_tot_count
INFO:root:Mb Count a: 0.04404145077720207 Mb Count b: 2.4471830985915495
/scratch/data/leah/phertilizer/src/linear_split.py:251: RuntimeWarning: invalid value encountered in true_divide
  tmb = mb_mut_count/mb_tot_count
INFO:root:Mb Count a: 0.9404145077720207 Mb Count b: 1.6866197183098592
/scratch/data/leah/phertilizer/src/linear_split.py:251: RuntimeWarning: invalid value encountered in true_divide
  tmb = mb_mut_count/mb_tot_count
INFO:root:Mb Count a: 0.04404145077720207 Mb Count b: 2.4471830985915495
/scratch/data/leah/phertilizer/src/linear_split.py:107: RuntimeWarning: invalid value encountered in true_divide
  vaf = binary_counts/binary_tcounts
/scratch/data/leah/phertilizer/src/linear_split.py:251: RuntimeWarning: invalid value encountered in true_divide
  tmb = mb_mut_count/mb_tot_count
INFO:root:Mb Count a: 0.8720379146919431 Mb Count b: 1.0571428571428572
/scratch/data/leah/phertilizer/src/linear_split.py:251: RuntimeWarning: invalid value encountered in true_divide
  tmb = mb_mut_count/mb_tot_count
INFO:root:Mb Count a: 0.0 Mb Count b: 2.0
/scratch/data/leah/phertilizer/src/linear_split.py:107: RuntimeWarning: invalid value encountered in true_divide
  vaf = binary_counts/binary_tcounts
/scratch/data/leah/phertilizer/src/linear_split.py:251: RuntimeWarning: invalid value encountered in true_divide
  tmb = mb_mut_count/mb_tot_count
INFO:root:Mb Count a: 0.9383886255924171 Mb Count b: 1.3371428571428572
/scratch/data/leah/phertilizer/src/linear_split.py:251: RuntimeWarning: invalid value encountered in true_divide
  tmb = mb_mut_count/mb_tot_count
INFO:root:Mb Count a: 0.0 Mb Count b: 2.0
/scratch/data/leah/phertilizer/src/linear_split.py:107: RuntimeWarning: invalid value encountered in true_divide
  vaf = binary_counts/binary_tcounts
/scratch/data/leah/phertilizer/src/linear_split.py:251: RuntimeWarning: invalid value encountered in true_divide
  tmb = mb_mut_count/mb_tot_count
INFO:root:Mb Count a: 0.9004739336492891 Mb Count b: 1.2342857142857142
/scratch/data/leah/phertilizer/src/linear_split.py:251: RuntimeWarning: invalid value encountered in true_divide
  tmb = mb_mut_count/mb_tot_count
INFO:root:Mb Count a: 0.0 Mb Count b: 2.0
/scratch/data/leah/phertilizer/src/branching_split.py:108: RuntimeWarning: invalid value encountered in true_divide
  tmb = mut_var_count_by_cell/mut_total_reads_by_cell
/scratch/data/leah/phertilizer/src/branching_split.py:108: RuntimeWarning: invalid value encountered in true_divide
  tmb = mut_var_count_by_cell/mut_total_reads_by_cell
/scratch/data/leah/phertilizer/src/branching_split.py:108: RuntimeWarning: invalid value encountered in true_divide
  tmb = mut_var_count_by_cell/mut_total_reads_by_cell
/scratch/data/leah/phertilizer/src/branching_split.py:108: RuntimeWarning: invalid value encountered in true_divide
  tmb = mut_var_count_by_cell/mut_total_reads_by_cell
/scratch/data/leah/phertilizer/src/linear_split.py:251: RuntimeWarning: invalid value encountered in true_divide
  tmb = mb_mut_count/mb_tot_count
INFO:root:Mb Count a: 1.022857142857143 Mb Count b: 1.5422535211267605
/scratch/data/leah/phertilizer/src/linear_split.py:251: RuntimeWarning: invalid value encountered in true_divide
  tmb = mb_mut_count/mb_tot_count
INFO:root:Mb Count a: 0.005714285714285714 Mb Count b: 1.3591549295774648
/scratch/data/leah/phertilizer/src/linear_split.py:251: RuntimeWarning: invalid value encountered in true_divide
  tmb = mb_mut_count/mb_tot_count
INFO:root:Mb Count a: 0.9714285714285714 Mb Count b: 1.5598591549295775
/scratch/data/leah/phertilizer/src/linear_split.py:251: RuntimeWarning: invalid value encountered in true_divide
  tmb = mb_mut_count/mb_tot_count
INFO:root:Mb Count a: 0.005714285714285714 Mb Count b: 1.3591549295774648
/scratch/data/leah/phertilizer/src/linear_split.py:251: RuntimeWarning: invalid value encountered in true_divide
  tmb = mb_mut_count/mb_tot_count
INFO:root:Mb Count a: 0.9257142857142857 Mb Count b: 1.5387323943661972
/scratch/data/leah/phertilizer/src/linear_split.py:251: RuntimeWarning: invalid value encountered in true_divide
  tmb = mb_mut_count/mb_tot_count
INFO:root:Mb Count a: 0.005714285714285714 Mb Count b: 1.3591549295774648
/scratch/data/leah/phertilizer/src/branching_split.py:108: RuntimeWarning: invalid value encountered in true_divide
  tmb = mut_var_count_by_cell/mut_total_reads_by_cell
/scratch/data/leah/phertilizer/src/branching_split.py:108: RuntimeWarning: invalid value encountered in true_divide
  tmb = mut_var_count_by_cell/mut_total_reads_by_cell
/scratch/data/leah/phertilizer/src/branching_split.py:108: RuntimeWarning: invalid value encountered in true_divide
  tmb = mut_var_count_by_cell/mut_total_reads_by_cell
/scratch/data/leah/phertilizer/src/branching_split.py:108: RuntimeWarning: invalid value encountered in true_divide
  tmb = mut_var_count_by_cell/mut_total_reads_by_cell
/scratch/data/leah/phertilizer/src/branching_split.py:108: RuntimeWarning: invalid value encountered in true_divide
  tmb = mut_var_count_by_cell/mut_total_reads_by_cell
/scratch/data/leah/phertilizer/src/branching_split.py:108: RuntimeWarning: invalid value encountered in true_divide
  tmb = mut_var_count_by_cell/mut_total_reads_by_cell
/scratch/data/leah/phertilizer/src/linear_split.py:251: RuntimeWarning: invalid value encountered in true_divide
  tmb = mb_mut_count/mb_tot_count
INFO:root:Mb Count a: 1.0207253886010363 Mb Count b: 1.7535211267605635
/scratch/data/leah/phertilizer/src/linear_split.py:251: RuntimeWarning: invalid value encountered in true_divide
  tmb = mb_mut_count/mb_tot_count
INFO:root:Mb Count a: 0.06994818652849741 Mb Count b: 2.683098591549296
/scratch/data/leah/phertilizer/src/linear_split.py:251: RuntimeWarning: invalid value encountered in true_divide
  tmb = mb_mut_count/mb_tot_count
INFO:root:Mb Count a: 1.0595854922279793 Mb Count b: 1.721830985915493
/scratch/data/leah/phertilizer/src/linear_split.py:251: RuntimeWarning: invalid value encountered in true_divide
  tmb = mb_mut_count/mb_tot_count
INFO:root:Mb Count a: 0.06994818652849741 Mb Count b: 2.683098591549296
/scratch/data/leah/phertilizer/src/linear_split.py:251: RuntimeWarning: invalid value encountered in true_divide
  tmb = mb_mut_count/mb_tot_count
INFO:root:Mb Count a: 1.0518134715025906 Mb Count b: 1.7394366197183098
/scratch/data/leah/phertilizer/src/linear_split.py:251: RuntimeWarning: invalid value encountered in true_divide
  tmb = mb_mut_count/mb_tot_count
INFO:root:Mb Count a: 0.06994818652849741 Mb Count b: 2.683098591549296
/scratch/data/leah/phertilizer/src/linear_split.py:107: RuntimeWarning: invalid value encountered in true_divide
  vaf = binary_counts/binary_tcounts
/scratch/data/leah/phertilizer/src/linear_split.py:251: RuntimeWarning: invalid value encountered in true_divide
  tmb = mb_mut_count/mb_tot_count
INFO:root:Mb Count a: 0.9146919431279621 Mb Count b: 1.2914285714285714
INFO:root:Mb Count a: 0.009478672985781991 Mb Count b: 2.16
/scratch/data/leah/phertilizer/src/linear_split.py:107: RuntimeWarning: invalid value encountered in true_divide
  vaf = binary_counts/binary_tcounts
/scratch/data/leah/phertilizer/src/linear_split.py:251: RuntimeWarning: invalid value encountered in true_divide
  tmb = mb_mut_count/mb_tot_count
INFO:root:Mb Count a: 1.1990521327014219 Mb Count b: 1.2571428571428571
INFO:root:Mb Count a: 0.009478672985781991 Mb Count b: 2.16
/scratch/data/leah/phertilizer/src/linear_split.py:107: RuntimeWarning: invalid value encountered in true_divide
  vaf = binary_counts/binary_tcounts
/scratch/data/leah/phertilizer/src/linear_split.py:251: RuntimeWarning: invalid value encountered in true_divide
  tmb = mb_mut_count/mb_tot_count
INFO:root:Mb Count a: 1.0758293838862558 Mb Count b: 1.2228571428571429
INFO:root:Mb Count a: 0.009478672985781991 Mb Count b: 2.16
/scratch/data/leah/phertilizer/src/branching_split.py:108: RuntimeWarning: invalid value encountered in true_divide
  tmb = mut_var_count_by_cell/mut_total_reads_by_cell
/scratch/data/leah/phertilizer/src/branching_split.py:108: RuntimeWarning: invalid value encountered in true_divide
  tmb = mut_var_count_by_cell/mut_total_reads_by_cell
/scratch/data/leah/phertilizer/src/branching_split.py:108: RuntimeWarning: invalid value encountered in true_divide
  tmb = mut_var_count_by_cell/mut_total_reads_by_cell
/scratch/data/leah/phertilizer/src/branching_split.py:108: RuntimeWarning: invalid value encountered in true_divide
  tmb = mut_var_count_by_cell/mut_total_reads_by_cell
/scratch/data/leah/phertilizer/src/linear_split.py:251: RuntimeWarning: invalid value encountered in true_divide
  tmb = mb_mut_count/mb_tot_count
INFO:root:Mb Count a: 0.9142857142857143 Mb Count b: 1.658450704225352
/scratch/data/leah/phertilizer/src/linear_split.py:251: RuntimeWarning: invalid value encountered in true_divide
  tmb = mb_mut_count/mb_tot_count
INFO:root:Mb Count a: 0.005714285714285714 Mb Count b: 1.5387323943661972
/scratch/data/leah/phertilizer/src/linear_split.py:251: RuntimeWarning: invalid value encountered in true_divide
  tmb = mb_mut_count/mb_tot_count
INFO:root:Mb Count a: 0.8685714285714285 Mb Count b: 1.5809859154929577
/scratch/data/leah/phertilizer/src/linear_split.py:251: RuntimeWarning: invalid value encountered in true_divide
  tmb = mb_mut_count/mb_tot_count
INFO:root:Mb Count a: 0.005714285714285714 Mb Count b: 1.5387323943661972
/scratch/data/leah/phertilizer/src/linear_split.py:251: RuntimeWarning: invalid value encountered in true_divide
  tmb = mb_mut_count/mb_tot_count
INFO:root:Mb Count a: 1.0171428571428571 Mb Count b: 1.573943661971831
/scratch/data/leah/phertilizer/src/linear_split.py:251: RuntimeWarning: invalid value encountered in true_divide
  tmb = mb_mut_count/mb_tot_count
INFO:root:Mb Count a: 0.005714285714285714 Mb Count b: 1.5387323943661972
/scratch/data/leah/phertilizer/src/branching_split.py:108: RuntimeWarning: invalid value encountered in true_divide
  tmb = mut_var_count_by_cell/mut_total_reads_by_cell
/scratch/data/leah/phertilizer/src/branching_split.py:108: RuntimeWarning: invalid value encountered in true_divide
  tmb = mut_var_count_by_cell/mut_total_reads_by_cell
/scratch/data/leah/phertilizer/src/branching_split.py:108: RuntimeWarning: invalid value encountered in true_divide
  tmb = mut_var_count_by_cell/mut_total_reads_by_cell
/scratch/data/leah/phertilizer/src/branching_split.py:108: RuntimeWarning: invalid value encountered in true_divide
  tmb = mut_var_count_by_cell/mut_total_reads_by_cell
/scratch/data/leah/phertilizer/src/branching_split.py:108: RuntimeWarning: invalid value encountered in true_divide
  tmb = mut_var_count_by_cell/mut_total_reads_by_cell
/scratch/data/leah/phertilizer/src/branching_split.py:108: RuntimeWarning: invalid value encountered in true_divide
  tmb = mut_var_count_by_cell/mut_total_reads_by_cell
/scratch/data/leah/phertilizer/src/branching_split.py:108: RuntimeWarning: invalid value encountered in true_divide
  tmb = mut_var_count_by_cell/mut_total_reads_by_cell
/scratch/data/leah/phertilizer/src/branching_split.py:108: RuntimeWarning: invalid value encountered in true_divide
  tmb = mut_var_count_by_cell/mut_total_reads_by_cell
/scratch/data/leah/phertilizer/src/branching_split.py:108: RuntimeWarning: invalid value encountered in true_divide
  tmb = mut_var_count_by_cell/mut_total_reads_by_cell
/scratch/data/leah/phertilizer/src/branching_split.py:108: RuntimeWarning: invalid value encountered in true_divide
  tmb = mut_var_count_by_cell/mut_total_reads_by_cell
/scratch/data/leah/phertilizer/src/branching_split.py:108: RuntimeWarning: invalid value encountered in true_divide
  tmb = mut_var_count_by_cell/mut_total_reads_by_cell
/scratch/data/leah/phertilizer/src/branching_split.py:108: RuntimeWarning: invalid value encountered in true_divide
  tmb = mut_var_count_by_cell/mut_total_reads_by_cell
/scratch/data/leah/phertilizer/src/branching_split.py:108: RuntimeWarning: invalid value encountered in true_divide
  tmb = mut_var_count_by_cell/mut_total_reads_by_cell
/scratch/data/leah/phertilizer/src/branching_split.py:108: RuntimeWarning: invalid value encountered in true_divide
  tmb = mut_var_count_by_cell/mut_total_reads_by_cell
/scratch/data/leah/phertilizer/src/branching_split.py:108: RuntimeWarning: invalid value encountered in true_divide
  tmb = mut_var_count_by_cell/mut_total_reads_by_cell
/scratch/data/leah/phertilizer/src/branching_split.py:108: RuntimeWarning: invalid value encountered in true_divide
  tmb = mut_var_count_by_cell/mut_total_reads_by_cell
/scratch/data/leah/phertilizer/src/branching_split.py:108: RuntimeWarning: invalid value encountered in true_divide
  tmb = mut_var_count_by_cell/mut_total_reads_by_cell
/scratch/data/leah/phertilizer/src/branching_split.py:108: RuntimeWarning: invalid value encountered in true_divide
  tmb = mut_var_count_by_cell/mut_total_reads_by_cell
/scratch/data/leah/phertilizer/src/branching_split.py:108: RuntimeWarning: invalid value encountered in true_divide
  tmb = mut_var_count_by_cell/mut_total_reads_by_cell
/scratch/data/leah/phertilizer/src/branching_split.py:108: RuntimeWarning: invalid value encountered in true_divide
  tmb = mut_var_count_by_cell/mut_total_reads_by_cell
/scratch/data/leah/phertilizer/src/linear_split.py:107: RuntimeWarning: invalid value encountered in true_divide
  vaf = binary_counts/binary_tcounts
/scratch/data/leah/phertilizer/src/linear_split.py:251: RuntimeWarning: invalid value encountered in true_divide
  tmb = mb_mut_count/mb_tot_count
INFO:root:Mb Count a: 0.0 Mb Count b: 1.7361963190184049
/scratch/data/leah/phertilizer/src/linear_split.py:251: RuntimeWarning: invalid value encountered in true_divide
  tmb = mb_mut_count/mb_tot_count
INFO:root:Mb Count a: 0.36594202898550726 Mb Count b: 1.855263157894737
/scratch/data/leah/phertilizer/src/linear_split.py:251: RuntimeWarning: invalid value encountered in true_divide
  tmb = mb_mut_count/mb_tot_count
INFO:root:Mb Count a: 0.06354515050167224 Mb Count b: 1.813953488372093
/scratch/data/leah/phertilizer/src/linear_split.py:251: RuntimeWarning: invalid value encountered in true_divide
  tmb = mb_mut_count/mb_tot_count
INFO:root:Mb Count a: 0.03278688524590164 Mb Count b: 1.853658536585366
/scratch/data/leah/phertilizer/src/linear_split.py:251: RuntimeWarning: invalid value encountered in true_divide
  tmb = mb_mut_count/mb_tot_count
INFO:root:Mb Count a: 0.032679738562091505 Mb Count b: 1.8852459016393444
/scratch/data/leah/phertilizer/src/linear_split.py:251: RuntimeWarning: invalid value encountered in true_divide
  tmb = mb_mut_count/mb_tot_count
INFO:root:Mb Count a: 0.03559870550161812 Mb Count b: 1.8991596638655461
/scratch/data/leah/phertilizer/src/linear_split.py:251: RuntimeWarning: invalid value encountered in true_divide
  tmb = mb_mut_count/mb_tot_count
INFO:root:Mb Count a: 0.02912621359223301 Mb Count b: 1.8991596638655461
/scratch/data/leah/phertilizer/src/linear_split.py:107: RuntimeWarning: invalid value encountered in true_divide
  vaf = binary_counts/binary_tcounts
/scratch/data/leah/phertilizer/src/linear_split.py:251: RuntimeWarning: invalid value encountered in true_divide
  tmb = mb_mut_count/mb_tot_count
INFO:root:Mb Count a: 0.0 Mb Count b: 1.8323170731707317
/scratch/data/leah/phertilizer/src/linear_split.py:251: RuntimeWarning: invalid value encountered in true_divide
  tmb = mb_mut_count/mb_tot_count
INFO:root:Mb Count a: 0.0 Mb Count b: 1.6865671641791045
/scratch/data/leah/phertilizer/src/linear_split.py:251: RuntimeWarning: invalid value encountered in true_divide
  tmb = mb_mut_count/mb_tot_count
INFO:root:Mb Count a: 0.5305343511450382 Mb Count b: 2.289156626506024
/scratch/data/leah/phertilizer/src/linear_split.py:251: RuntimeWarning: invalid value encountered in true_divide
  tmb = mb_mut_count/mb_tot_count
INFO:root:Mb Count a: 0.0 Mb Count b: 1.9263803680981595
/scratch/data/leah/phertilizer/src/linear_split.py:251: RuntimeWarning: invalid value encountered in true_divide
  tmb = mb_mut_count/mb_tot_count
INFO:root:Mb Count a: 0.01486988847583643 Mb Count b: 2.0
/scratch/data/leah/phertilizer/src/linear_split.py:251: RuntimeWarning: invalid value encountered in true_divide
  tmb = mb_mut_count/mb_tot_count
INFO:root:Mb Count a: 0.0037313432835820895 Mb Count b: 1.98125
/scratch/data/leah/phertilizer/src/linear_split.py:251: RuntimeWarning: invalid value encountered in true_divide
  tmb = mb_mut_count/mb_tot_count
INFO:root:Mb Count a: 0.0037313432835820895 Mb Count b: 1.98125
/scratch/data/leah/phertilizer/src/linear_split.py:107: RuntimeWarning: invalid value encountered in true_divide
  vaf = binary_counts/binary_tcounts
/scratch/data/leah/phertilizer/src/linear_split.py:251: RuntimeWarning: invalid value encountered in true_divide
  tmb = mb_mut_count/mb_tot_count
INFO:root:Mb Count a: 0.0 Mb Count b: 1.7619047619047619
/scratch/data/leah/phertilizer/src/linear_split.py:251: RuntimeWarning: invalid value encountered in true_divide
  tmb = mb_mut_count/mb_tot_count
INFO:root:Mb Count a: 0.0 Mb Count b: 1.6555555555555554
/scratch/data/leah/phertilizer/src/linear_split.py:251: RuntimeWarning: invalid value encountered in true_divide
  tmb = mb_mut_count/mb_tot_count
INFO:root:Mb Count a: 0.0 Mb Count b: 1.9776951672862453
/scratch/data/leah/phertilizer/src/linear_split.py:251: RuntimeWarning: invalid value encountered in true_divide
  tmb = mb_mut_count/mb_tot_count
INFO:root:Mb Count a: 0.0 Mb Count b: 1.9776951672862453
/scratch/data/leah/phertilizer/src/branching_split.py:108: RuntimeWarning: invalid value encountered in true_divide
  tmb = mut_var_count_by_cell/mut_total_reads_by_cell
/scratch/data/leah/phertilizer/src/branching_split.py:108: RuntimeWarning: invalid value encountered in true_divide
  tmb = mut_var_count_by_cell/mut_total_reads_by_cell
/scratch/data/leah/phertilizer/src/branching_split.py:108: RuntimeWarning: invalid value encountered in true_divide
  tmb = mut_var_count_by_cell/mut_total_reads_by_cell
/scratch/data/leah/phertilizer/src/branching_split.py:108: RuntimeWarning: invalid value encountered in true_divide
  tmb = mut_var_count_by_cell/mut_total_reads_by_cell
/scratch/data/leah/phertilizer/src/branching_split.py:108: RuntimeWarning: invalid value encountered in true_divide
  tmb = mut_var_count_by_cell/mut_total_reads_by_cell
/scratch/data/leah/phertilizer/src/branching_split.py:108: RuntimeWarning: invalid value encountered in true_divide
  tmb = mut_var_count_by_cell/mut_total_reads_by_cell
/scratch/data/leah/phertilizer/src/linear_split.py:251: RuntimeWarning: invalid value encountered in true_divide
  tmb = mb_mut_count/mb_tot_count
INFO:root:Mb Count a: 0.7373333333333333 Mb Count b: 1.880281690140845
/scratch/data/leah/phertilizer/src/linear_split.py:251: RuntimeWarning: invalid value encountered in true_divide
  tmb = mb_mut_count/mb_tot_count
INFO:root:Mb Count a: 0.20666666666666667 Mb Count b: 3.1338028169014085
/scratch/data/leah/phertilizer/src/linear_split.py:251: RuntimeWarning: invalid value encountered in true_divide
  tmb = mb_mut_count/mb_tot_count
INFO:root:Mb Count a: 0.752 Mb Count b: 1.823943661971831
/scratch/data/leah/phertilizer/src/linear_split.py:251: RuntimeWarning: invalid value encountered in true_divide
  tmb = mb_mut_count/mb_tot_count
INFO:root:Mb Count a: 0.20666666666666667 Mb Count b: 3.1338028169014085
/scratch/data/leah/phertilizer/src/linear_split.py:251: RuntimeWarning: invalid value encountered in true_divide
  tmb = mb_mut_count/mb_tot_count
INFO:root:Mb Count a: 0.7573333333333333 Mb Count b: 1.8485915492957747
/scratch/data/leah/phertilizer/src/linear_split.py:251: RuntimeWarning: invalid value encountered in true_divide
  tmb = mb_mut_count/mb_tot_count
INFO:root:Mb Count a: 0.20666666666666667 Mb Count b: 3.1338028169014085
/scratch/data/leah/phertilizer/src/linear_split.py:251: RuntimeWarning: invalid value encountered in true_divide
  tmb = mb_mut_count/mb_tot_count
INFO:root:Mb Count a: 0.15478260869565216 Mb Count b: 0.64
/scratch/data/leah/phertilizer/src/linear_split.py:251: RuntimeWarning: invalid value encountered in true_divide
  tmb = mb_mut_count/mb_tot_count
INFO:root:Mb Count a: 0.019130434782608695 Mb Count b: 2.5428571428571427
/scratch/data/leah/phertilizer/src/linear_split.py:251: RuntimeWarning: invalid value encountered in true_divide
  tmb = mb_mut_count/mb_tot_count
INFO:root:Mb Count a: 0.19826086956521738 Mb Count b: 0.5542857142857143
/scratch/data/leah/phertilizer/src/linear_split.py:251: RuntimeWarning: invalid value encountered in true_divide
  tmb = mb_mut_count/mb_tot_count
INFO:root:Mb Count a: 0.019130434782608695 Mb Count b: 2.5428571428571427
/scratch/data/leah/phertilizer/src/linear_split.py:251: RuntimeWarning: invalid value encountered in true_divide
  tmb = mb_mut_count/mb_tot_count
INFO:root:Mb Count a: 0.16 Mb Count b: 0.6114285714285714
/scratch/data/leah/phertilizer/src/linear_split.py:251: RuntimeWarning: invalid value encountered in true_divide
  tmb = mb_mut_count/mb_tot_count
INFO:root:Mb Count a: 0.019130434782608695 Mb Count b: 2.5428571428571427
/scratch/data/leah/phertilizer/src/linear_split.py:107: RuntimeWarning: invalid value encountered in true_divide
  vaf = binary_counts/binary_tcounts
/scratch/data/leah/phertilizer/src/linear_split.py:251: RuntimeWarning: invalid value encountered in true_divide
  tmb = mb_mut_count/mb_tot_count
INFO:root:Mb Count a: 0.0 Mb Count b: 1.6254826254826256
INFO:root:Mb Count a: 0.29772727272727273 Mb Count b: 2.8222222222222224
INFO:root:Mb Count a: 0.3146067415730337 Mb Count b: 3.097560975609756
/scratch/data/leah/phertilizer/src/linear_split.py:251: RuntimeWarning: invalid value encountered in true_divide
  tmb = mb_mut_count/mb_tot_count
INFO:root:Mb Count a: 0.04436229205175601 Mb Count b: 2.235294117647059
/scratch/data/leah/phertilizer/src/linear_split.py:251: RuntimeWarning: invalid value encountered in true_divide
  tmb = mb_mut_count/mb_tot_count
INFO:root:Mb Count a: 0.04251386321626617 Mb Count b: 2.235294117647059
/scratch/data/leah/phertilizer/src/linear_split.py:107: RuntimeWarning: invalid value encountered in true_divide
  vaf = binary_counts/binary_tcounts
/scratch/data/leah/phertilizer/src/linear_split.py:251: RuntimeWarning: invalid value encountered in true_divide
  tmb = mb_mut_count/mb_tot_count
INFO:root:Mb Count a: 0.0 Mb Count b: 1.5234375
INFO:root:Mb Count a: 0.45490981963927857 Mb Count b: 3.223684210526316
/scratch/data/leah/phertilizer/src/linear_split.py:251: RuntimeWarning: invalid value encountered in true_divide
  tmb = mb_mut_count/mb_tot_count
INFO:root:Mb Count a: 0.05048543689320388 Mb Count b: 2.35
/scratch/data/leah/phertilizer/src/linear_split.py:251: RuntimeWarning: invalid value encountered in true_divide
  tmb = mb_mut_count/mb_tot_count
INFO:root:Mb Count a: 0.03682170542635659 Mb Count b: 2.288135593220339
/scratch/data/leah/phertilizer/src/linear_split.py:251: RuntimeWarning: invalid value encountered in true_divide
  tmb = mb_mut_count/mb_tot_count
INFO:root:Mb Count a: 0.03682170542635659 Mb Count b: 2.288135593220339
/scratch/data/leah/phertilizer/src/linear_split.py:107: RuntimeWarning: invalid value encountered in true_divide
  vaf = binary_counts/binary_tcounts
/scratch/data/leah/phertilizer/src/linear_split.py:251: RuntimeWarning: invalid value encountered in true_divide
  tmb = mb_mut_count/mb_tot_count
INFO:root:Mb Count a: 0.2589073634204275 Mb Count b: 1.9090909090909092
/scratch/data/leah/phertilizer/src/linear_split.py:251: RuntimeWarning: invalid value encountered in true_divide
  tmb = mb_mut_count/mb_tot_count
INFO:root:Mb Count a: 0.13701431492842536 Mb Count b: 2.395348837209302
/scratch/data/leah/phertilizer/src/linear_split.py:251: RuntimeWarning: invalid value encountered in true_divide
  tmb = mb_mut_count/mb_tot_count
INFO:root:Mb Count a: 0.057539682539682536 Mb Count b: 2.3098591549295775
/scratch/data/leah/phertilizer/src/linear_split.py:251: RuntimeWarning: invalid value encountered in true_divide
  tmb = mb_mut_count/mb_tot_count
INFO:root:Mb Count a: 0.08253358925143954 Mb Count b: 2.388888888888889
/scratch/data/leah/phertilizer/src/linear_split.py:251: RuntimeWarning: invalid value encountered in true_divide
  tmb = mb_mut_count/mb_tot_count
INFO:root:Mb Count a: 0.04725897920604915 Mb Count b: 2.282608695652174
/scratch/data/leah/phertilizer/src/linear_split.py:251: RuntimeWarning: invalid value encountered in true_divide
  tmb = mb_mut_count/mb_tot_count
INFO:root:Mb Count a: 0.03962264150943396 Mb Count b: 2.2888888888888888
/scratch/data/leah/phertilizer/src/linear_split.py:251: RuntimeWarning: invalid value encountered in true_divide
  tmb = mb_mut_count/mb_tot_count
INFO:root:Mb Count a: 0.03962264150943396 Mb Count b: 2.3555555555555556
/scratch/data/leah/phertilizer/src/linear_split.py:107: RuntimeWarning: invalid value encountered in true_divide
  vaf = binary_counts/binary_tcounts
/scratch/data/leah/phertilizer/src/linear_split.py:251: RuntimeWarning: invalid value encountered in true_divide
  tmb = mb_mut_count/mb_tot_count
INFO:root:Mb Count a: 0.23940149625935161 Mb Count b: 1.6956521739130435
INFO:root:Mb Count a: 0.15337423312883436 Mb Count b: 2.5555555555555554
/scratch/data/leah/phertilizer/src/linear_split.py:251: RuntimeWarning: invalid value encountered in true_divide
  tmb = mb_mut_count/mb_tot_count
INFO:root:Mb Count a: 0.07114624505928854 Mb Count b: 2.1
/scratch/data/leah/phertilizer/src/linear_split.py:251: RuntimeWarning: invalid value encountered in true_divide
  tmb = mb_mut_count/mb_tot_count
INFO:root:Mb Count a: 0.0 Mb Count b: 1.2962962962962963
/scratch/data/leah/phertilizer/src/linear_split.py:251: RuntimeWarning: invalid value encountered in true_divide
  tmb = mb_mut_count/mb_tot_count
INFO:root:Mb Count a: 0.02012072434607646 Mb Count b: 1.894736842105263
/scratch/data/leah/phertilizer/src/linear_split.py:251: RuntimeWarning: invalid value encountered in true_divide
  tmb = mb_mut_count/mb_tot_count
INFO:root:Mb Count a: 0.02012072434607646 Mb Count b: 1.894736842105263
/scratch/data/leah/phertilizer/src/linear_split.py:107: RuntimeWarning: invalid value encountered in true_divide
  vaf = binary_counts/binary_tcounts
/scratch/data/leah/phertilizer/src/linear_split.py:251: RuntimeWarning: invalid value encountered in true_divide
  tmb = mb_mut_count/mb_tot_count
INFO:root:Mb Count a: 0.0 Mb Count b: 1.3857142857142857
INFO:root:Mb Count a: 0.0 Mb Count b: 1.7165775401069518
INFO:root:Mb Count a: 0.0 Mb Count b: 1.7287234042553192
INFO:root:Mb Count a: 0.0 Mb Count b: 1.7287234042553192
/scratch/data/leah/phertilizer/src/linear_split.py:107: RuntimeWarning: invalid value encountered in true_divide
  vaf = binary_counts/binary_tcounts
/scratch/data/leah/phertilizer/src/linear_split.py:251: RuntimeWarning: invalid value encountered in true_divide
  tmb = mb_mut_count/mb_tot_count
INFO:root:Mb Count a: 0.0 Mb Count b: 1.320855614973262
/scratch/data/leah/phertilizer/src/linear_split.py:251: RuntimeWarning: invalid value encountered in true_divide
  tmb = mb_mut_count/mb_tot_count
INFO:root:Mb Count a: 0.33695652173913043 Mb Count b: 2.4285714285714284
/scratch/data/leah/phertilizer/src/linear_split.py:251: RuntimeWarning: invalid value encountered in true_divide
  tmb = mb_mut_count/mb_tot_count
INFO:root:Mb Count a: 0.04602510460251046 Mb Count b: 1.868421052631579
/scratch/data/leah/phertilizer/src/linear_split.py:251: RuntimeWarning: invalid value encountered in true_divide
  tmb = mb_mut_count/mb_tot_count
INFO:root:Mb Count a: 0.03333333333333333 Mb Count b: 1.9166666666666667
/scratch/data/leah/phertilizer/src/linear_split.py:251: RuntimeWarning: invalid value encountered in true_divide
  tmb = mb_mut_count/mb_tot_count
INFO:root:Mb Count a: 0.03125 Mb Count b: 1.9166666666666667
/scratch/data/leah/phertilizer/src/linear_split.py:107: RuntimeWarning: invalid value encountered in true_divide
  vaf = binary_counts/binary_tcounts
/scratch/data/leah/phertilizer/src/linear_split.py:251: RuntimeWarning: invalid value encountered in true_divide
  tmb = mb_mut_count/mb_tot_count
INFO:root:Mb Count a: 0.0 Mb Count b: 1.3353658536585367
/scratch/data/leah/phertilizer/src/linear_split.py:251: RuntimeWarning: invalid value encountered in true_divide
  tmb = mb_mut_count/mb_tot_count
INFO:root:Mb Count a: 0.0 Mb Count b: 1.4871794871794872
/scratch/data/leah/phertilizer/src/linear_split.py:251: RuntimeWarning: invalid value encountered in true_divide
  tmb = mb_mut_count/mb_tot_count
INFO:root:Mb Count a: 0.0 Mb Count b: 1.4935897435897436
/scratch/data/leah/phertilizer/src/linear_split.py:107: RuntimeWarning: invalid value encountered in true_divide
  vaf = binary_counts/binary_tcounts
/scratch/data/leah/phertilizer/src/linear_split.py:251: RuntimeWarning: invalid value encountered in true_divide
  tmb = mb_mut_count/mb_tot_count
INFO:root:Mb Count a: 0.345707656612529 Mb Count b: 1.8979591836734695
/scratch/data/leah/phertilizer/src/linear_split.py:251: RuntimeWarning: invalid value encountered in true_divide
  tmb = mb_mut_count/mb_tot_count
INFO:root:Mb Count a: 0.032679738562091505 Mb Count b: 1.619047619047619
/scratch/data/leah/phertilizer/src/linear_split.py:251: RuntimeWarning: invalid value encountered in true_divide
  tmb = mb_mut_count/mb_tot_count
INFO:root:Mb Count a: 0.0 Mb Count b: 1.375
/scratch/data/leah/phertilizer/src/linear_split.py:251: RuntimeWarning: invalid value encountered in true_divide
  tmb = mb_mut_count/mb_tot_count
INFO:root:Mb Count a: 0.02832244008714597 Mb Count b: 1.9523809523809523
/scratch/data/leah/phertilizer/src/linear_split.py:251: RuntimeWarning: invalid value encountered in true_divide
  tmb = mb_mut_count/mb_tot_count
INFO:root:Mb Count a: 0.02178649237472767 Mb Count b: 1.9523809523809523
/scratch/data/leah/phertilizer/src/linear_split.py:107: RuntimeWarning: invalid value encountered in true_divide
  vaf = binary_counts/binary_tcounts
/scratch/data/leah/phertilizer/src/linear_split.py:251: RuntimeWarning: invalid value encountered in true_divide
  tmb = mb_mut_count/mb_tot_count
INFO:root:Mb Count a: 0.0 Mb Count b: 1.3352941176470587
INFO:root:Mb Count a: 0.0 Mb Count b: 1.5569620253164558
INFO:root:Mb Count a: 0.0 Mb Count b: 1.5732484076433122
INFO:root:Mb Count a: 0.0 Mb Count b: 1.5732484076433122
/scratch/data/leah/phertilizer/src/branching_split.py:108: RuntimeWarning: invalid value encountered in true_divide
  tmb = mut_var_count_by_cell/mut_total_reads_by_cell
/scratch/data/leah/phertilizer/src/branching_split.py:108: RuntimeWarning: invalid value encountered in true_divide
  tmb = mut_var_count_by_cell/mut_total_reads_by_cell
/scratch/data/leah/phertilizer/src/branching_split.py:108: RuntimeWarning: invalid value encountered in true_divide
  tmb = mut_var_count_by_cell/mut_total_reads_by_cell
/scratch/data/leah/phertilizer/src/branching_split.py:108: RuntimeWarning: invalid value encountered in true_divide
  tmb = mut_var_count_by_cell/mut_total_reads_by_cell
/scratch/data/leah/phertilizer/src/branching_split.py:108: RuntimeWarning: invalid value encountered in true_divide
  tmb = mut_var_count_by_cell/mut_total_reads_by_cell
/scratch/data/leah/phertilizer/src/branching_split.py:108: RuntimeWarning: invalid value encountered in true_divide
  tmb = mut_var_count_by_cell/mut_total_reads_by_cell
/scratch/data/leah/phertilizer/src/linear_split.py:251: RuntimeWarning: invalid value encountered in true_divide
  tmb = mb_mut_count/mb_tot_count
INFO:root:Mb Count a: 1.1037037037037036 Mb Count b: 1.7394366197183098
/scratch/data/leah/phertilizer/src/linear_split.py:251: RuntimeWarning: invalid value encountered in true_divide
  tmb = mb_mut_count/mb_tot_count
INFO:root:Mb Count a: 0.003703703703703704 Mb Count b: 2.140845070422535
/scratch/data/leah/phertilizer/src/linear_split.py:251: RuntimeWarning: invalid value encountered in true_divide
  tmb = mb_mut_count/mb_tot_count
INFO:root:Mb Count a: 1.0851851851851853 Mb Count b: 1.767605633802817
/scratch/data/leah/phertilizer/src/linear_split.py:251: RuntimeWarning: invalid value encountered in true_divide
  tmb = mb_mut_count/mb_tot_count
INFO:root:Mb Count a: 0.003703703703703704 Mb Count b: 2.140845070422535
/scratch/data/leah/phertilizer/src/linear_split.py:251: RuntimeWarning: invalid value encountered in true_divide
  tmb = mb_mut_count/mb_tot_count
INFO:root:Mb Count a: 1.0777777777777777 Mb Count b: 1.8450704225352113
/scratch/data/leah/phertilizer/src/linear_split.py:251: RuntimeWarning: invalid value encountered in true_divide
  tmb = mb_mut_count/mb_tot_count
INFO:root:Mb Count a: 0.003703703703703704 Mb Count b: 2.140845070422535
/scratch/data/leah/phertilizer/src/branching_split.py:108: RuntimeWarning: invalid value encountered in true_divide
  tmb = mut_var_count_by_cell/mut_total_reads_by_cell
/scratch/data/leah/phertilizer/src/branching_split.py:108: RuntimeWarning: invalid value encountered in true_divide
  tmb = mut_var_count_by_cell/mut_total_reads_by_cell
/scratch/data/leah/phertilizer/src/branching_split.py:108: RuntimeWarning: invalid value encountered in true_divide
  tmb = mut_var_count_by_cell/mut_total_reads_by_cell
/scratch/data/leah/phertilizer/src/branching_split.py:108: RuntimeWarning: invalid value encountered in true_divide
  tmb = mut_var_count_by_cell/mut_total_reads_by_cell
/scratch/data/leah/phertilizer/src/branching_split.py:108: RuntimeWarning: invalid value encountered in true_divide
  tmb = mut_var_count_by_cell/mut_total_reads_by_cell
/scratch/data/leah/phertilizer/src/branching_split.py:108: RuntimeWarning: invalid value encountered in true_divide
  tmb = mut_var_count_by_cell/mut_total_reads_by_cell
/scratch/data/leah/phertilizer/src/branching_split.py:108: RuntimeWarning: invalid value encountered in true_divide
  tmb = mut_var_count_by_cell/mut_total_reads_by_cell
/scratch/data/leah/phertilizer/src/branching_split.py:108: RuntimeWarning: invalid value encountered in true_divide
  tmb = mut_var_count_by_cell/mut_total_reads_by_cell
/scratch/data/leah/phertilizer/src/branching_split.py:108: RuntimeWarning: invalid value encountered in true_divide
  tmb = mut_var_count_by_cell/mut_total_reads_by_cell
/scratch/data/leah/phertilizer/src/branching_split.py:108: RuntimeWarning: invalid value encountered in true_divide
  tmb = mut_var_count_by_cell/mut_total_reads_by_cell
/scratch/data/leah/phertilizer/src/branching_split.py:108: RuntimeWarning: invalid value encountered in true_divide
  tmb = mut_var_count_by_cell/mut_total_reads_by_cell
/scratch/data/leah/phertilizer/src/branching_split.py:108: RuntimeWarning: invalid value encountered in true_divide
  tmb = mut_var_count_by_cell/mut_total_reads_by_cell
/scratch/data/leah/phertilizer/src/branching_split.py:108: RuntimeWarning: invalid value encountered in true_divide
  tmb = mut_var_count_by_cell/mut_total_reads_by_cell
/scratch/data/leah/phertilizer/src/branching_split.py:108: RuntimeWarning: invalid value encountered in true_divide
  tmb = mut_var_count_by_cell/mut_total_reads_by_cell
/scratch/data/leah/phertilizer/src/branching_split.py:108: RuntimeWarning: invalid value encountered in true_divide
  tmb = mut_var_count_by_cell/mut_total_reads_by_cell
/scratch/data/leah/phertilizer/src/branching_split.py:108: RuntimeWarning: invalid value encountered in true_divide
  tmb = mut_var_count_by_cell/mut_total_reads_by_cell
/scratch/data/leah/phertilizer/src/branching_split.py:108: RuntimeWarning: invalid value encountered in true_divide
  tmb = mut_var_count_by_cell/mut_total_reads_by_cell
/scratch/data/leah/phertilizer/src/branching_split.py:108: RuntimeWarning: invalid value encountered in true_divide
  tmb = mut_var_count_by_cell/mut_total_reads_by_cell
/scratch/data/leah/phertilizer/src/branching_split.py:108: RuntimeWarning: invalid value encountered in true_divide
  tmb = mut_var_count_by_cell/mut_total_reads_by_cell
/scratch/data/leah/phertilizer/src/branching_split.py:108: RuntimeWarning: invalid value encountered in true_divide
  tmb = mut_var_count_by_cell/mut_total_reads_by_cell
/scratch/data/leah/phertilizer/src/branching_split.py:108: RuntimeWarning: invalid value encountered in true_divide
  tmb = mut_var_count_by_cell/mut_total_reads_by_cell
/scratch/data/leah/phertilizer/src/branching_split.py:108: RuntimeWarning: invalid value encountered in true_divide
  tmb = mut_var_count_by_cell/mut_total_reads_by_cell
/scratch/data/leah/phertilizer/src/branching_split.py:108: RuntimeWarning: invalid value encountered in true_divide
  tmb = mut_var_count_by_cell/mut_total_reads_by_cell
/scratch/data/leah/phertilizer/src/branching_split.py:108: RuntimeWarning: invalid value encountered in true_divide
  tmb = mut_var_count_by_cell/mut_total_reads_by_cell
/scratch/data/leah/phertilizer/src/branching_split.py:108: RuntimeWarning: invalid value encountered in true_divide
  tmb = mut_var_count_by_cell/mut_total_reads_by_cell
/scratch/data/leah/phertilizer/src/branching_split.py:108: RuntimeWarning: invalid value encountered in true_divide
  tmb = mut_var_count_by_cell/mut_total_reads_by_cell
/scratch/data/leah/phertilizer/src/linear_split.py:107: RuntimeWarning: invalid value encountered in true_divide
  vaf = binary_counts/binary_tcounts
/scratch/data/leah/phertilizer/src/linear_split.py:251: RuntimeWarning: invalid value encountered in true_divide
  tmb = mb_mut_count/mb_tot_count
INFO:root:Mb Count a: 0.0 Mb Count b: 1.8385093167701863
/scratch/data/leah/phertilizer/src/linear_split.py:251: RuntimeWarning: invalid value encountered in true_divide
  tmb = mb_mut_count/mb_tot_count
INFO:root:Mb Count a: 0.0 Mb Count b: 1.768060836501901
/scratch/data/leah/phertilizer/src/linear_split.py:251: RuntimeWarning: invalid value encountered in true_divide
  tmb = mb_mut_count/mb_tot_count
INFO:root:Mb Count a: 0.0 Mb Count b: 2.0191570881226055
/scratch/data/leah/phertilizer/src/linear_split.py:251: RuntimeWarning: invalid value encountered in true_divide
  tmb = mb_mut_count/mb_tot_count
INFO:root:Mb Count a: 0.0 Mb Count b: 2.0229885057471266
/scratch/data/leah/phertilizer/src/linear_split.py:107: RuntimeWarning: invalid value encountered in true_divide
  vaf = binary_counts/binary_tcounts
/scratch/data/leah/phertilizer/src/linear_split.py:251: RuntimeWarning: invalid value encountered in true_divide
  tmb = mb_mut_count/mb_tot_count
INFO:root:Mb Count a: 0.8832684824902723 Mb Count b: 2.391812865497076
/scratch/data/leah/phertilizer/src/linear_split.py:251: RuntimeWarning: invalid value encountered in true_divide
  tmb = mb_mut_count/mb_tot_count
INFO:root:Mb Count a: 0.21994134897360704 Mb Count b: 2.0689655172413794
/scratch/data/leah/phertilizer/src/linear_split.py:251: RuntimeWarning: invalid value encountered in true_divide
  tmb = mb_mut_count/mb_tot_count
INFO:root:Mb Count a: 0.30049261083743845 Mb Count b: 1.7727272727272727
/scratch/data/leah/phertilizer/src/linear_split.py:251: RuntimeWarning: invalid value encountered in true_divide
  tmb = mb_mut_count/mb_tot_count
INFO:root:Mb Count a: 0.06829268292682927 Mb Count b: 1.4444444444444444
/scratch/data/leah/phertilizer/src/linear_split.py:251: RuntimeWarning: invalid value encountered in true_divide
  tmb = mb_mut_count/mb_tot_count
INFO:root:Mb Count a: 0.061124694376528114 Mb Count b: 1.368421052631579
/scratch/data/leah/phertilizer/src/linear_split.py:251: RuntimeWarning: invalid value encountered in true_divide
  tmb = mb_mut_count/mb_tot_count
INFO:root:Mb Count a: 0.061124694376528114 Mb Count b: 1.368421052631579
/scratch/data/leah/phertilizer/src/linear_split.py:107: RuntimeWarning: invalid value encountered in true_divide
  vaf = binary_counts/binary_tcounts
/scratch/data/leah/phertilizer/src/linear_split.py:251: RuntimeWarning: invalid value encountered in true_divide
  tmb = mb_mut_count/mb_tot_count
INFO:root:Mb Count a: 0.0 Mb Count b: 1.9331306990881458
/scratch/data/leah/phertilizer/src/linear_split.py:251: RuntimeWarning: invalid value encountered in true_divide
  tmb = mb_mut_count/mb_tot_count
INFO:root:Mb Count a: 0.0 Mb Count b: 1.7346153846153847
/scratch/data/leah/phertilizer/src/linear_split.py:251: RuntimeWarning: invalid value encountered in true_divide
  tmb = mb_mut_count/mb_tot_count
INFO:root:Mb Count a: 0.0 Mb Count b: 2.112403100775194
/scratch/data/leah/phertilizer/src/linear_split.py:251: RuntimeWarning: invalid value encountered in true_divide
  tmb = mb_mut_count/mb_tot_count
INFO:root:Mb Count a: 0.0 Mb Count b: 2.116279069767442
