/scratch/data/leah/phertilizer/src/branching_split.py:108: RuntimeWarning: invalid value encountered in true_divide
  tmb = mut_var_count_by_cell/mut_total_reads_by_cell
/scratch/data/leah/phertilizer/src/branching_split.py:108: RuntimeWarning: invalid value encountered in true_divide
  tmb = mut_var_count_by_cell/mut_total_reads_by_cell
/scratch/data/leah/phertilizer/src/branching_split.py:108: RuntimeWarning: invalid value encountered in true_divide
  tmb = mut_var_count_by_cell/mut_total_reads_by_cell
INFO:root:Mb Count a: 1.8 Mb Count b: 8.72812353766963
INFO:root:Mb Count a: 0.018309859154929577 Mb Count b: 14.831539541413196
INFO:root:Mb Count a: 1.884507042253521 Mb Count b: 8.687646233036968
INFO:root:Mb Count a: 0.018309859154929577 Mb Count b: 14.831539541413196
INFO:root:Mb Count a: 1.8591549295774648 Mb Count b: 8.761581656527843
INFO:root:Mb Count a: 0.018309859154929577 Mb Count b: 14.831539541413196
/scratch/data/leah/phertilizer/src/branching_split.py:108: RuntimeWarning: invalid value encountered in true_divide
  tmb = mut_var_count_by_cell/mut_total_reads_by_cell
/scratch/data/leah/phertilizer/src/branching_split.py:108: RuntimeWarning: invalid value encountered in true_divide
  tmb = mut_var_count_by_cell/mut_total_reads_by_cell
/scratch/data/leah/phertilizer/src/branching_split.py:108: RuntimeWarning: invalid value encountered in true_divide
  tmb = mut_var_count_by_cell/mut_total_reads_by_cell
INFO:root:Mb Count a: 3.5224963715529753 Mb Count b: 7.951657458563536
INFO:root:Mb Count a: 0.030478955007256895 Mb Count b: 8.153314917127071
INFO:root:Mb Count a: 3.2619738751814222 Mb Count b: 7.909185082872928
INFO:root:Mb Count a: 0.030478955007256895 Mb Count b: 8.153314917127071
INFO:root:Mb Count a: 3.267053701015965 Mb Count b: 7.879488950276243
INFO:root:Mb Count a: 0.030478955007256895 Mb Count b: 8.153314917127071
INFO:root:Mb Count a: 3.0822510822510822 Mb Count b: 6.124087591240876
INFO:root:Mb Count a: 0.24496937882764655 Mb Count b: 2.2638297872340427
INFO:root:Mb Count a: 0.0 Mb Count b: 1.2983193277310925
INFO:root:Mb Count a: 0.0 Mb Count b: 1.301255230125523
INFO:root:Mb Count a: 0.0 Mb Count b: 1.301255230125523
INFO:root:Mb Count a: 3.277126099706745 Mb Count b: 6.347701149425287
INFO:root:Mb Count a: 0.0 Mb Count b: 1.5181451612903225
INFO:root:Mb Count a: 0.0 Mb Count b: 1.6510721247563354
INFO:root:Mb Count a: 0.2088724584103512 Mb Count b: 2.2567567567567566
INFO:root:Mb Count a: 0.1451077943615257 Mb Count b: 2.046511627906977
INFO:root:Mb Count a: 0.0 Mb Count b: 1.3935185185185186
INFO:root:Mb Count a: 0.0 Mb Count b: 1.4200913242009132
INFO:root:Mb Count a: 0.0 Mb Count b: 1.4200913242009132
INFO:root:Mb Count a: 3.8626653102746693 Mb Count b: 7.00253164556962
INFO:root:Mb Count a: 0.0 Mb Count b: 1.180232558139535
INFO:root:Mb Count a: 0.0 Mb Count b: 1.2254335260115607
INFO:root:Mb Count a: 0.0 Mb Count b: 1.2254335260115607
INFO:root:Mb Count a: 2.768199233716475 Mb Count b: 5.661786237188872
INFO:root:Mb Count a: 0.2601626016260163 Mb Count b: 2.363372093023256
INFO:root:Mb Count a: 0.0 Mb Count b: 1.48159509202454
INFO:root:Mb Count a: 0.0 Mb Count b: 1.5301204819277108
INFO:root:Mb Count a: 0.0 Mb Count b: 1.5343283582089553
INFO:root:Mb Count a: 0.0 Mb Count b: 1.5416666666666667
INFO:root:Mb Count a: 0.0 Mb Count b: 1.5489614243323442
INFO:root:Mb Count a: 0.0 Mb Count b: 1.5591715976331362
INFO:root:Mb Count a: 0.0 Mb Count b: 1.5591715976331362
INFO:root:Mb Count a: 3.6686046511627906 Mb Count b: 6.666666666666667
INFO:root:Mb Count a: 0.0 Mb Count b: 1.180722891566265
INFO:root:Mb Count a: 0.0 Mb Count b: 1.2189349112426036
INFO:root:Mb Count a: 0.0 Mb Count b: 1.2189349112426036
INFO:root:Mb Count a: 2.741592920353982 Mb Count b: 5.6765625
INFO:root:Mb Count a: 0.0 Mb Count b: 1.6214574898785425
INFO:root:Mb Count a: 0.2656084656084656 Mb Count b: 2.3346153846153848
INFO:root:Mb Count a: 0.0 Mb Count b: 1.448
INFO:root:Mb Count a: 0.1429864253393665 Mb Count b: 2.17
INFO:root:Mb Count a: 0.07724957555178268 Mb Count b: 2.037037037037037
INFO:root:Mb Count a: 0.0 Mb Count b: 1.205128205128205
INFO:root:Mb Count a: 0.022632020117351215 Mb Count b: 1.9166666666666667
INFO:root:Mb Count a: 0.0 Mb Count b: 1.3043478260869565
INFO:root:Mb Count a: 0.0 Mb Count b: 1.3043478260869565
INFO:root:Mb Count a: 3.3492957746478873 Mb Count b: 6.330508474576271
INFO:root:Mb Count a: 0.0 Mb Count b: 1.342281879194631
INFO:root:Mb Count a: 0.0 Mb Count b: 1.4142394822006472
INFO:root:Mb Count a: 0.0 Mb Count b: 1.4225806451612903
INFO:root:Mb Count a: 0.0 Mb Count b: 1.4225806451612903
INFO:root:Mb Count a: 3.6487455197132617 Mb Count b: 6.452173913043478
INFO:root:Mb Count a: 0.0 Mb Count b: 1.125
INFO:root:Mb Count a: 0.0 Mb Count b: 1.1945945945945946
INFO:root:Mb Count a: 0.0 Mb Count b: 1.1945945945945946
INFO:root:Mb Count a: 2.8926553672316384 Mb Count b: 5.798771121351766
INFO:root:Mb Count a: 0.0 Mb Count b: 1.7705544933078394
INFO:root:Mb Count a: 0.34908700322234154 Mb Count b: 2.685258964143426
INFO:root:Mb Count a: 0.0 Mb Count b: 1.407725321888412
INFO:root:Mb Count a: 0.12811059907834102 Mb Count b: 2.0927835051546393
INFO:root:Mb Count a: 0.04420866489832007 Mb Count b: 1.6666666666666667
INFO:root:Mb Count a: 0.030355594102341718 Mb Count b: 1.4827586206896552
INFO:root:Mb Count a: 0.0 Mb Count b: 1.1904761904761905
INFO:root:Mb Count a: 0.0 Mb Count b: 1.1904761904761905
INFO:root:Mb Count a: 3.504481434058899 Mb Count b: 6.437325905292479
INFO:root:Mb Count a: 0.0 Mb Count b: 1.2682926829268293
INFO:root:Mb Count a: 0.0 Mb Count b: 1.3142857142857143
INFO:root:Mb Count a: 0.0 Mb Count b: 1.3142857142857143
INFO:root:Mb Count a: 3.3784916201117317 Mb Count b: 6.224056603773585
INFO:root:Mb Count a: 0.0 Mb Count b: 1.3793103448275863
INFO:root:Mb Count a: 0.0 Mb Count b: 1.4351464435146444
INFO:root:Mb Count a: 0.0 Mb Count b: 1.4351464435146444
INFO:root:Mb Count a: 2.977891156462585 Mb Count b: 5.947463768115942
INFO:root:Mb Count a: 0.0 Mb Count b: 1.5552763819095476
INFO:root:Mb Count a: 0.0 Mb Count b: 1.6049382716049383
INFO:root:Mb Count a: 0.0 Mb Count b: 1.614814814814815
/scratch/data/leah/phertilizer/src/branching_split.py:108: RuntimeWarning: invalid value encountered in true_divide
  tmb = mut_var_count_by_cell/mut_total_reads_by_cell
/scratch/data/leah/phertilizer/src/branching_split.py:108: RuntimeWarning: invalid value encountered in true_divide
  tmb = mut_var_count_by_cell/mut_total_reads_by_cell
/scratch/data/leah/phertilizer/src/branching_split.py:108: RuntimeWarning: invalid value encountered in true_divide
  tmb = mut_var_count_by_cell/mut_total_reads_by_cell
/scratch/data/leah/phertilizer/src/branching_split.py:108: RuntimeWarning: invalid value encountered in true_divide
  tmb = mut_var_count_by_cell/mut_total_reads_by_cell
INFO:root:Mb Count a: 2.020163831127914 Mb Count b: 5.860198624904507
INFO:root:Mb Count a: 0.5851183765501691 Mb Count b: 4.871657754010696
INFO:root:Mb Count a: 0.2525062656641604 Mb Count b: 4.421538461538462
INFO:root:Mb Count a: 0.25418275418275416 Mb Count b: 4.862891207153503
INFO:root:Mb Count a: 0.3448916408668731 Mb Count b: 5.1623731459797035
INFO:root:Mb Count a: 0.3271490414347557 Mb Count b: 5.163408913213448
INFO:root:Mb Count a: 0.3273625694873379 Mb Count b: 5.152701644479248
INFO:root:Mb Count a: 0.3277777777777778 Mb Count b: 5.150470219435737
INFO:root:Mb Count a: 0.32901234567901233 Mb Count b: 5.159090909090909
INFO:root:Mb Count a: 2.428856714927609 Mb Count b: 6.395296752519597
/scratch/data/leah/phertilizer/src/linear_split.py:251: RuntimeWarning: invalid value encountered in true_divide
  tmb = mb_mut_count/mb_tot_count
INFO:root:Mb Count a: 0.3291689299293862 Mb Count b: 3.5127962085308058
/scratch/data/leah/phertilizer/src/linear_split.py:251: RuntimeWarning: invalid value encountered in true_divide
  tmb = mb_mut_count/mb_tot_count
INFO:root:Mb Count a: 0.5603271983640081 Mb Count b: 4.587234042553192
INFO:root:Mb Count a: 0.530096105209914 Mb Count b: 4.566920565832427
/scratch/data/leah/phertilizer/src/linear_split.py:251: RuntimeWarning: invalid value encountered in true_divide
  tmb = mb_mut_count/mb_tot_count
INFO:root:Mb Count a: 0.5083459787556904 Mb Count b: 4.540805223068553
/scratch/data/leah/phertilizer/src/linear_split.py:251: RuntimeWarning: invalid value encountered in true_divide
  tmb = mb_mut_count/mb_tot_count
INFO:root:Mb Count a: 0.5050556117290192 Mb Count b: 4.537037037037037
/scratch/data/leah/phertilizer/src/linear_split.py:251: RuntimeWarning: invalid value encountered in true_divide
  tmb = mb_mut_count/mb_tot_count
INFO:root:Mb Count a: 0.5080889787664308 Mb Count b: 4.533769063180828
/scratch/data/leah/phertilizer/src/linear_split.py:251: RuntimeWarning: invalid value encountered in true_divide
  tmb = mb_mut_count/mb_tot_count
INFO:root:Mb Count a: 0.5093481556341587 Mb Count b: 4.534351145038168
/scratch/data/leah/phertilizer/src/linear_split.py:251: RuntimeWarning: invalid value encountered in true_divide
  tmb = mb_mut_count/mb_tot_count
INFO:root:Mb Count a: 0.5093481556341587 Mb Count b: 4.534351145038168
INFO:root:Mb Count a: 2.554093567251462 Mb Count b: 6.509478672985782
/scratch/data/leah/phertilizer/src/linear_split.py:251: RuntimeWarning: invalid value encountered in true_divide
  tmb = mb_mut_count/mb_tot_count
INFO:root:Mb Count a: 0.4606205250596659 Mb Count b: 3.578027465667915
/scratch/data/leah/phertilizer/src/linear_split.py:251: RuntimeWarning: invalid value encountered in true_divide
  tmb = mb_mut_count/mb_tot_count
INFO:root:Mb Count a: 0.44283646888567296 Mb Count b: 3.7910085054678007
/scratch/data/leah/phertilizer/src/linear_split.py:251: RuntimeWarning: invalid value encountered in true_divide
  tmb = mb_mut_count/mb_tot_count
INFO:root:Mb Count a: 0.4497584541062802 Mb Count b: 3.864406779661017
/scratch/data/leah/phertilizer/src/linear_split.py:251: RuntimeWarning: invalid value encountered in true_divide
  tmb = mb_mut_count/mb_tot_count
INFO:root:Mb Count a: 0.44052224371373305 Mb Count b: 3.8816425120772946
/scratch/data/leah/phertilizer/src/linear_split.py:251: RuntimeWarning: invalid value encountered in true_divide
  tmb = mb_mut_count/mb_tot_count
INFO:root:Mb Count a: 0.5155164427975915 Mb Count b: 4.132971506105834
/scratch/data/leah/phertilizer/src/linear_split.py:251: RuntimeWarning: invalid value encountered in true_divide
  tmb = mb_mut_count/mb_tot_count
INFO:root:Mb Count a: 0.2817047817047817 Mb Count b: 3.5411522633744856
/scratch/data/leah/phertilizer/src/linear_split.py:251: RuntimeWarning: invalid value encountered in true_divide
  tmb = mb_mut_count/mb_tot_count
INFO:root:Mb Count a: 0.3626598465473146 Mb Count b: 4.058448459086079
/scratch/data/leah/phertilizer/src/linear_split.py:251: RuntimeWarning: invalid value encountered in true_divide
  tmb = mb_mut_count/mb_tot_count
INFO:root:Mb Count a: 0.364572605561277 Mb Count b: 4.129979035639413
/scratch/data/leah/phertilizer/src/linear_split.py:251: RuntimeWarning: invalid value encountered in true_divide
  tmb = mb_mut_count/mb_tot_count
INFO:root:Mb Count a: 0.37159032424086463 Mb Count b: 4.1636935991605455
/scratch/data/leah/phertilizer/src/branching_split.py:108: RuntimeWarning: invalid value encountered in true_divide
  tmb = mut_var_count_by_cell/mut_total_reads_by_cell
/scratch/data/leah/phertilizer/src/branching_split.py:108: RuntimeWarning: invalid value encountered in true_divide
  tmb = mut_var_count_by_cell/mut_total_reads_by_cell
/scratch/data/leah/phertilizer/src/branching_split.py:108: RuntimeWarning: invalid value encountered in true_divide
  tmb = mut_var_count_by_cell/mut_total_reads_by_cell
INFO:root:Mb Count a: 3.491291727140784 Mb Count b: 7.926450276243094
INFO:root:Mb Count a: 0.026850507982583455 Mb Count b: 7.729972375690608
INFO:root:Mb Count a: 3.4136429608127723 Mb Count b: 7.830110497237569
INFO:root:Mb Count a: 0.026850507982583455 Mb Count b: 7.729972375690608
INFO:root:Mb Count a: 3.3896952104499274 Mb Count b: 7.938190607734807
INFO:root:Mb Count a: 0.026850507982583455 Mb Count b: 7.729972375690608
INFO:root:Mb Count a: 3.169167803547067 Mb Count b: 6.103875968992248
INFO:root:Mb Count a: 0.0 Mb Count b: 1.4615384615384615
INFO:root:Mb Count a: 0.0 Mb Count b: 1.52863436123348
INFO:root:Mb Count a: 0.0 Mb Count b: 1.5374449339207048
INFO:root:Mb Count a: 3.539951573849879 Mb Count b: 6.518115942028985
INFO:root:Mb Count a: 0.0 Mb Count b: 1.3423180592991915
INFO:root:Mb Count a: 0.0 Mb Count b: 1.4736842105263157
INFO:root:Mb Count a: 0.0 Mb Count b: 1.4736842105263157
INFO:root:Mb Count a: 2.8998242530755713 Mb Count b: 5.969097651421508
INFO:root:Mb Count a: 0.0 Mb Count b: 1.7533432392273403
INFO:root:Mb Count a: 0.0 Mb Count b: 1.8571428571428572
INFO:root:Mb Count a: 0.0 Mb Count b: 1.8646288209606987
INFO:root:Mb Count a: 0.0 Mb Count b: 1.8646288209606987
INFO:root:Mb Count a: 3.0991304347826087 Mb Count b: 5.796690307328605
INFO:root:Mb Count a: 0.0 Mb Count b: 1.4731182795698925
INFO:root:Mb Count a: 0.0 Mb Count b: 1.5555555555555556
INFO:root:Mb Count a: 0.0 Mb Count b: 1.5916955017301038
INFO:root:Mb Count a: 0.0 Mb Count b: 1.5916955017301038
INFO:root:Mb Count a: 3.222841225626741 Mb Count b: 6.0321428571428575
INFO:root:Mb Count a: 0.0 Mb Count b: 1.24822695035461
INFO:root:Mb Count a: 0.0 Mb Count b: 1.3103448275862069
INFO:root:Mb Count a: 0.0 Mb Count b: 1.3103448275862069
INFO:root:Mb Count a: 3.3511988716502117 Mb Count b: 6.076124567474048
INFO:root:Mb Count a: 0.0 Mb Count b: 1.205128205128205
INFO:root:Mb Count a: 0.0 Mb Count b: 1.2644628099173554
INFO:root:Mb Count a: 0.0 Mb Count b: 1.2950819672131149
INFO:root:Mb Count a: 0.0 Mb Count b: 1.2950819672131149
/scratch/data/leah/phertilizer/src/branching_split.py:108: RuntimeWarning: invalid value encountered in true_divide
  tmb = mut_var_count_by_cell/mut_total_reads_by_cell
/scratch/data/leah/phertilizer/src/branching_split.py:108: RuntimeWarning: invalid value encountered in true_divide
  tmb = mut_var_count_by_cell/mut_total_reads_by_cell
/scratch/data/leah/phertilizer/src/branching_split.py:108: RuntimeWarning: invalid value encountered in true_divide
  tmb = mut_var_count_by_cell/mut_total_reads_by_cell
/scratch/data/leah/phertilizer/src/branching_split.py:108: RuntimeWarning: invalid value encountered in true_divide
  tmb = mut_var_count_by_cell/mut_total_reads_by_cell
INFO:root:Mb Count a: 1.7768836869056328 Mb Count b: 5.166775670372792
/scratch/data/leah/phertilizer/src/linear_split.py:251: RuntimeWarning: invalid value encountered in true_divide
  tmb = mb_mut_count/mb_tot_count
INFO:root:Mb Count a: 0.5472932778108269 Mb Count b: 4.54074074074074
/scratch/data/leah/phertilizer/src/linear_split.py:251: RuntimeWarning: invalid value encountered in true_divide
  tmb = mb_mut_count/mb_tot_count
INFO:root:Mb Count a: 0.4149425287356322 Mb Count b: 4.343425605536332
/scratch/data/leah/phertilizer/src/linear_split.py:251: RuntimeWarning: invalid value encountered in true_divide
  tmb = mb_mut_count/mb_tot_count
INFO:root:Mb Count a: 0.24292742927429276 Mb Count b: 4.108661417322835
/scratch/data/leah/phertilizer/src/linear_split.py:251: RuntimeWarning: invalid value encountered in true_divide
  tmb = mb_mut_count/mb_tot_count
INFO:root:Mb Count a: 0.3701336432306798 Mb Count b: 4.444255319148936
/scratch/data/leah/phertilizer/src/linear_split.py:251: RuntimeWarning: invalid value encountered in true_divide
  tmb = mb_mut_count/mb_tot_count
INFO:root:Mb Count a: 0.3557748113755078 Mb Count b: 4.414322250639386
/scratch/data/leah/phertilizer/src/linear_split.py:251: RuntimeWarning: invalid value encountered in true_divide
  tmb = mb_mut_count/mb_tot_count
INFO:root:Mb Count a: 0.35440835266821347 Mb Count b: 4.42320819112628
/scratch/data/leah/phertilizer/src/linear_split.py:251: RuntimeWarning: invalid value encountered in true_divide
  tmb = mb_mut_count/mb_tot_count
INFO:root:Mb Count a: 0.35440835266821347 Mb Count b: 4.42320819112628
INFO:root:Mb Count a: 1.8179775280898876 Mb Count b: 5.19026265214606
INFO:root:Mb Count a: 0.9158780231335436 Mb Count b: 5.025150905432596
/scratch/data/leah/phertilizer/src/linear_split.py:251: RuntimeWarning: invalid value encountered in true_divide
  tmb = mb_mut_count/mb_tot_count
INFO:root:Mb Count a: 0.429901707190895 Mb Count b: 3.9543094496365523
/scratch/data/leah/phertilizer/src/linear_split.py:251: RuntimeWarning: invalid value encountered in true_divide
  tmb = mb_mut_count/mb_tot_count
INFO:root:Mb Count a: 0.3802672147995889 Mb Count b: 3.8747368421052633
/scratch/data/leah/phertilizer/src/linear_split.py:251: RuntimeWarning: invalid value encountered in true_divide
  tmb = mb_mut_count/mb_tot_count
INFO:root:Mb Count a: 0.37275064267352187 Mb Count b: 3.8601472134595163
/scratch/data/leah/phertilizer/src/linear_split.py:251: RuntimeWarning: invalid value encountered in true_divide
  tmb = mb_mut_count/mb_tot_count
INFO:root:Mb Count a: 0.36966580976863755 Mb Count b: 3.8590956887486856
/scratch/data/leah/phertilizer/src/linear_split.py:251: RuntimeWarning: invalid value encountered in true_divide
  tmb = mb_mut_count/mb_tot_count
INFO:root:Mb Count a: 0.36812339331619537 Mb Count b: 3.856992639327024
/scratch/data/leah/phertilizer/src/linear_split.py:251: RuntimeWarning: invalid value encountered in true_divide
  tmb = mb_mut_count/mb_tot_count
INFO:root:Mb Count a: 0.36812339331619537 Mb Count b: 3.856992639327024
INFO:root:Mb Count a: 1.6933235509904623 Mb Count b: 5.287018917155904
INFO:root:Mb Count a: 0.5924170616113744 Mb Count b: 4.623344370860927
/scratch/data/leah/phertilizer/src/linear_split.py:251: RuntimeWarning: invalid value encountered in true_divide
  tmb = mb_mut_count/mb_tot_count
INFO:root:Mb Count a: 0.24697644812221514 Mb Count b: 4.132075471698113
INFO:root:Mb Count a: 0.4030732860520095 Mb Count b: 4.582225913621262
INFO:root:Mb Count a: 0.3489736070381232 Mb Count b: 4.448362720403023
INFO:root:Mb Count a: 0.3417203042715038 Mb Count b: 4.407750631844987
/scratch/data/leah/phertilizer/src/linear_split.py:251: RuntimeWarning: invalid value encountered in true_divide
  tmb = mb_mut_count/mb_tot_count
INFO:root:Mb Count a: 0.3323581041544763 Mb Count b: 4.382476832350464
INFO:root:Mb Count a: 0.558792924037461 Mb Count b: 2.8836898395721926
INFO:root:Mb Count a: 0.37293729372937295 Mb Count b: 3.4989939637826963
INFO:root:Mb Count a: 0.272 Mb Count b: 3.3812636165577343
INFO:root:Mb Count a: 0.25178713264495634 Mb Count b: 3.34
INFO:root:Mb Count a: 0.2480190174326466 Mb Count b: 3.348993288590604
INFO:root:Mb Count a: 0.24722662440570523 Mb Count b: 3.348993288590604
INFO:root:Mb Count a: 0.24722662440570523 Mb Count b: 3.348993288590604
INFO:root:Mb Count a: 0.924512987012987 Mb Count b: 3.3857442348008386
INFO:root:Mb Count a: 0.27436281859070466 Mb Count b: 2.904
INFO:root:Mb Count a: 0.12379421221864952 Mb Count b: 2.621505376344086
INFO:root:Mb Count a: 0.2127008416220352 Mb Count b: 3.08955223880597
INFO:root:Mb Count a: 0.21226053639846743 Mb Count b: 3.113861386138614
INFO:root:Mb Count a: 0.21242331288343558 Mb Count b: 3.1259259259259258
INFO:root:Mb Count a: 0.21149425287356322 Mb Count b: 3.1386138613861387
INFO:root:Mb Count a: 0.21149425287356322 Mb Count b: 3.1386138613861387
INFO:root:Mb Count a: 0.762962962962963 Mb Count b: 3.0731319554848966
INFO:root:Mb Count a: 0.47988295537673736 Mb Count b: 3.5058479532163744
INFO:root:Mb Count a: 0.31834153197470133 Mb Count b: 3.2902097902097904
INFO:root:Mb Count a: 0.2719665271966527 Mb Count b: 3.1818181818181817
INFO:root:Mb Count a: 0.26583159359777314 Mb Count b: 3.1838235294117645
INFO:root:Mb Count a: 0.26495132127955495 Mb Count b: 3.195571955719557
INFO:root:Mb Count a: 0.26286509040333794 Mb Count b: 3.195571955719557
INFO:root:Mb Count a: 0.0 Mb Count b: 1.3615221987315012
INFO:root:Mb Count a: 0.2513601741022851 Mb Count b: 2.4110787172011663
INFO:root:Mb Count a: 0.0 Mb Count b: 1.8955555555555557
INFO:root:Mb Count a: 0.2955911823647295 Mb Count b: 3.0
INFO:root:Mb Count a: 0.21365853658536585 Mb Count b: 2.8565400843881856
INFO:root:Mb Count a: 0.20097087378640777 Mb Count b: 2.8706896551724137
INFO:root:Mb Count a: 0.1970873786407767 Mb Count b: 2.8922413793103448
INFO:root:Mb Count a: 0.0 Mb Count b: 1.383673469387755
INFO:root:Mb Count a: 0.2747603833865815 Mb Count b: 2.5077399380804954
INFO:root:Mb Count a: 0.15454545454545454 Mb Count b: 2.5330882352941178
INFO:root:Mb Count a: 0.0 Mb Count b: 2.0609756097560976
INFO:root:Mb Count a: 0.18350515463917524 Mb Count b: 2.8664383561643834
INFO:root:Mb Count a: 0.11851851851851852 Mb Count b: 2.719242902208202
INFO:root:Mb Count a: 0.11945031712473574 Mb Count b: 2.7373417721518987
INFO:root:Mb Count a: 0.11945031712473574 Mb Count b: 2.7373417721518987
INFO:root:Mb Count a: 0.0 Mb Count b: 1.3186180422264875
INFO:root:Mb Count a: 0.0 Mb Count b: 1.9546979865771812
INFO:root:Mb Count a: 0.3381057268722467 Mb Count b: 2.8926553672316384
INFO:root:Mb Count a: 0.247 Mb Count b: 3.0229007633587788
INFO:root:Mb Count a: 0.2076771653543307 Mb Count b: 2.910569105691057
INFO:root:Mb Count a: 0.16483516483516483 Mb Count b: 2.8160919540229883
INFO:root:Mb Count a: 0.16283716283716285 Mb Count b: 2.8237547892720305
/scratch/data/leah/phertilizer/src/branching_split.py:108: RuntimeWarning: invalid value encountered in true_divide
  tmb = mut_var_count_by_cell/mut_total_reads_by_cell
/scratch/data/leah/phertilizer/src/branching_split.py:108: RuntimeWarning: invalid value encountered in true_divide
  tmb = mut_var_count_by_cell/mut_total_reads_by_cell
/scratch/data/leah/phertilizer/src/branching_split.py:108: RuntimeWarning: invalid value encountered in true_divide
  tmb = mut_var_count_by_cell/mut_total_reads_by_cell
/scratch/data/leah/phertilizer/src/branching_split.py:108: RuntimeWarning: invalid value encountered in true_divide
  tmb = mut_var_count_by_cell/mut_total_reads_by_cell
/scratch/data/leah/phertilizer/src/linear_split.py:251: RuntimeWarning: invalid value encountered in true_divide
  tmb = mb_mut_count/mb_tot_count
INFO:root:Mb Count a: 1.8578595317725752 Mb Count b: 3.9655172413793105
/scratch/data/leah/phertilizer/src/linear_split.py:251: RuntimeWarning: invalid value encountered in true_divide
  tmb = mb_mut_count/mb_tot_count
INFO:root:Mb Count a: 0.2820838627700127 Mb Count b: 1.1143617021276595
/scratch/data/leah/phertilizer/src/linear_split.py:251: RuntimeWarning: invalid value encountered in true_divide
  tmb = mb_mut_count/mb_tot_count
/scratch/data/leah/phertilizer/src/linear_split.py:251: RuntimeWarning: invalid value encountered in true_divide
  tmb = mb_mut_count/mb_tot_count
INFO:root:Mb Count a: 1.8413736713000817 Mb Count b: 4.024759284731775
/scratch/data/leah/phertilizer/src/linear_split.py:251: RuntimeWarning: invalid value encountered in true_divide
  tmb = mb_mut_count/mb_tot_count
INFO:root:Mb Count a: 0.2710691823899371 Mb Count b: 1.1055555555555556
/scratch/data/leah/phertilizer/src/linear_split.py:251: RuntimeWarning: invalid value encountered in true_divide
  tmb = mb_mut_count/mb_tot_count
/scratch/data/leah/phertilizer/src/linear_split.py:251: RuntimeWarning: invalid value encountered in true_divide
  tmb = mb_mut_count/mb_tot_count
INFO:root:Mb Count a: 1.9209855564995753 Mb Count b: 3.831824062095731
/scratch/data/leah/phertilizer/src/linear_split.py:251: RuntimeWarning: invalid value encountered in true_divide
  tmb = mb_mut_count/mb_tot_count
INFO:root:Mb Count a: 0.2681704260651629 Mb Count b: 1.0932203389830508
/scratch/data/leah/phertilizer/src/linear_split.py:251: RuntimeWarning: invalid value encountered in true_divide
  tmb = mb_mut_count/mb_tot_count
