/scratch/data/leah/phertilizer/src/branching_split.py:108: RuntimeWarning: invalid value encountered in true_divide
  tmb = mut_var_count_by_cell/mut_total_reads_by_cell
/scratch/data/leah/phertilizer/src/branching_split.py:108: RuntimeWarning: invalid value encountered in true_divide
  tmb = mut_var_count_by_cell/mut_total_reads_by_cell
/scratch/data/leah/phertilizer/src/branching_split.py:108: RuntimeWarning: invalid value encountered in true_divide
  tmb = mut_var_count_by_cell/mut_total_reads_by_cell
INFO:root:Mb Count a: 3.9543946932006633 Mb Count b: 7.366438356164384
INFO:root:Mb Count a: 0.9187396351575456 Mb Count b: 6.078767123287672
INFO:root:Mb Count a: 3.916252072968491 Mb Count b: 7.078767123287672
INFO:root:Mb Count a: 0.9187396351575456 Mb Count b: 6.078767123287672
INFO:root:Mb Count a: 3.9543946932006633 Mb Count b: 6.835616438356165
INFO:root:Mb Count a: 0.9187396351575456 Mb Count b: 6.078767123287672
INFO:root:Mb Count a: 2.5352941176470587 Mb Count b: 3.466512702078522
INFO:root:Mb Count a: 0.14411764705882352 Mb Count b: 7.5796766743648964
INFO:root:Mb Count a: 2.4235294117647057 Mb Count b: 3.3579676674364896
INFO:root:Mb Count a: 0.14411764705882352 Mb Count b: 7.5796766743648964
INFO:root:Mb Count a: 2.414705882352941 Mb Count b: 3.3498845265588915
INFO:root:Mb Count a: 0.14411764705882352 Mb Count b: 7.5796766743648964
/scratch/data/leah/phertilizer/src/linear_split.py:107: RuntimeWarning: invalid value encountered in true_divide
  vaf = binary_counts/binary_tcounts
INFO:root:Mb Count a: 2.8780487804878048 Mb Count b: 5.829787234042553
INFO:root:Mb Count a: 0.044 Mb Count b: 4.311111111111111
INFO:root:Mb Count a: 0.036 Mb Count b: 4.288888888888889
/scratch/data/leah/phertilizer/src/linear_split.py:107: RuntimeWarning: invalid value encountered in true_divide
  vaf = binary_counts/binary_tcounts
INFO:root:Mb Count a: 1.7168141592920354 Mb Count b: 4.766519823788546
INFO:root:Mb Count a: 0.7959183673469388 Mb Count b: 4.423611111111111
INFO:root:Mb Count a: 0.04 Mb Count b: 4.678571428571429
INFO:root:Mb Count a: 0.02 Mb Count b: 4.671428571428572
/scratch/data/leah/phertilizer/src/linear_split.py:107: RuntimeWarning: invalid value encountered in true_divide
  vaf = binary_counts/binary_tcounts
INFO:root:Mb Count a: 2.7304347826086954 Mb Count b: 5.681818181818182
INFO:root:Mb Count a: 0.07916666666666666 Mb Count b: 4.52
INFO:root:Mb Count a: 0.05 Mb Count b: 4.49
/scratch/data/leah/phertilizer/src/branching_split.py:108: RuntimeWarning: invalid value encountered in true_divide
  tmb = mut_var_count_by_cell/mut_total_reads_by_cell
/scratch/data/leah/phertilizer/src/branching_split.py:108: RuntimeWarning: invalid value encountered in true_divide
  tmb = mut_var_count_by_cell/mut_total_reads_by_cell
/scratch/data/leah/phertilizer/src/branching_split.py:108: RuntimeWarning: invalid value encountered in true_divide
  tmb = mut_var_count_by_cell/mut_total_reads_by_cell
/scratch/data/leah/phertilizer/src/branching_split.py:108: RuntimeWarning: invalid value encountered in true_divide
  tmb = mut_var_count_by_cell/mut_total_reads_by_cell
INFO:root:Mb Count a: 2.5866050808314087 Mb Count b: 5.219178082191781
INFO:root:Mb Count a: 0.37759815242494227 Mb Count b: 5.1438356164383565
INFO:root:Mb Count a: 2.4907621247113165 Mb Count b: 5.376712328767123
INFO:root:Mb Count a: 0.37759815242494227 Mb Count b: 5.1438356164383565
INFO:root:Mb Count a: 2.595842956120092 Mb Count b: 5.236301369863014
INFO:root:Mb Count a: 0.37759815242494227 Mb Count b: 5.1438356164383565
/scratch/data/leah/phertilizer/src/linear_split.py:107: RuntimeWarning: invalid value encountered in true_divide
  vaf = binary_counts/binary_tcounts
INFO:root:Mb Count a: 3.284660766961652 Mb Count b: 5.877659574468085
INFO:root:Mb Count a: 0.2153392330383481 Mb Count b: 4.909574468085107
/scratch/data/leah/phertilizer/src/linear_split.py:107: RuntimeWarning: invalid value encountered in true_divide
  vaf = binary_counts/binary_tcounts
INFO:root:Mb Count a: 3.06047197640118 Mb Count b: 5.627659574468085
INFO:root:Mb Count a: 0.2153392330383481 Mb Count b: 4.909574468085107
/scratch/data/leah/phertilizer/src/linear_split.py:107: RuntimeWarning: invalid value encountered in true_divide
  vaf = binary_counts/binary_tcounts
INFO:root:Mb Count a: 3.225663716814159 Mb Count b: 5.808510638297872
INFO:root:Mb Count a: 0.2153392330383481 Mb Count b: 4.909574468085107
/scratch/data/leah/phertilizer/src/linear_split.py:107: RuntimeWarning: invalid value encountered in true_divide
  vaf = binary_counts/binary_tcounts
INFO:root:Mb Count a: 2.4785553047404063 Mb Count b: 3.9361702127659575
INFO:root:Mb Count a: 0.045146726862302484 Mb Count b: 3.234042553191489
/scratch/data/leah/phertilizer/src/linear_split.py:107: RuntimeWarning: invalid value encountered in true_divide
  vaf = binary_counts/binary_tcounts
INFO:root:Mb Count a: 2.6117381489841986 Mb Count b: 3.8553191489361702
INFO:root:Mb Count a: 0.045146726862302484 Mb Count b: 3.234042553191489
/scratch/data/leah/phertilizer/src/linear_split.py:107: RuntimeWarning: invalid value encountered in true_divide
  vaf = binary_counts/binary_tcounts
INFO:root:Mb Count a: 2.7720090293453725 Mb Count b: 4.272340425531915
INFO:root:Mb Count a: 0.045146726862302484 Mb Count b: 3.234042553191489
/scratch/data/leah/phertilizer/src/linear_split.py:107: RuntimeWarning: invalid value encountered in true_divide
  vaf = binary_counts/binary_tcounts
INFO:root:Mb Count a: 1.303225806451613 Mb Count b: 3.5416666666666665
INFO:root:Mb Count a: 0.49812734082397003 Mb Count b: 3.2386363636363638
INFO:root:Mb Count a: 0.0 Mb Count b: 2.5689655172413794
INFO:root:Mb Count a: 0.0 Mb Count b: 2.5632183908045976
/scratch/data/leah/phertilizer/src/linear_split.py:107: RuntimeWarning: invalid value encountered in true_divide
  vaf = binary_counts/binary_tcounts
INFO:root:Mb Count a: 1.4656862745098038 Mb Count b: 3.811715481171548
INFO:root:Mb Count a: 0.0 Mb Count b: 2.2442396313364057
INFO:root:Mb Count a: 0.0 Mb Count b: 2.3211009174311927
INFO:root:Mb Count a: 0.0 Mb Count b: 2.311926605504587
/scratch/data/leah/phertilizer/src/linear_split.py:107: RuntimeWarning: invalid value encountered in true_divide
  vaf = binary_counts/binary_tcounts
INFO:root:Mb Count a: 1.3864734299516908 Mb Count b: 3.5211864406779663
INFO:root:Mb Count a: 0.1986062717770035 Mb Count b: 2.698717948717949
INFO:root:Mb Count a: 0.0 Mb Count b: 2.4285714285714284
INFO:root:Mb Count a: 0.0 Mb Count b: 2.4814814814814814
INFO:root:Mb Count a: 0.0 Mb Count b: 2.4876543209876543
/scratch/data/leah/phertilizer/src/branching_split.py:108: RuntimeWarning: invalid value encountered in true_divide
  tmb = mut_var_count_by_cell/mut_total_reads_by_cell
/scratch/data/leah/phertilizer/src/branching_split.py:108: RuntimeWarning: invalid value encountered in true_divide
  tmb = mut_var_count_by_cell/mut_total_reads_by_cell
/scratch/data/leah/phertilizer/src/branching_split.py:108: RuntimeWarning: invalid value encountered in true_divide
  tmb = mut_var_count_by_cell/mut_total_reads_by_cell
/scratch/data/leah/phertilizer/src/branching_split.py:108: RuntimeWarning: invalid value encountered in true_divide
  tmb = mut_var_count_by_cell/mut_total_reads_by_cell
/scratch/data/leah/phertilizer/src/branching_split.py:108: RuntimeWarning: invalid value encountered in true_divide
  tmb = mut_var_count_by_cell/mut_total_reads_by_cell
/scratch/data/leah/phertilizer/src/branching_split.py:108: RuntimeWarning: invalid value encountered in true_divide
  tmb = mut_var_count_by_cell/mut_total_reads_by_cell
INFO:root:Mb Count a: 1.8179669030732861 Mb Count b: 3.2465753424657535
INFO:root:Mb Count a: 0.07328605200945626 Mb Count b: 4.397260273972603
INFO:root:Mb Count a: 1.962174940898345 Mb Count b: 3.113013698630137
INFO:root:Mb Count a: 0.07328605200945626 Mb Count b: 4.397260273972603
INFO:root:Mb Count a: 1.789598108747045 Mb Count b: 3.2226027397260273
INFO:root:Mb Count a: 0.07328605200945626 Mb Count b: 4.397260273972603
/scratch/data/leah/phertilizer/src/linear_split.py:107: RuntimeWarning: invalid value encountered in true_divide
  vaf = binary_counts/binary_tcounts
INFO:root:Mb Count a: 1.672340425531915 Mb Count b: 3.648936170212766
INFO:root:Mb Count a: 0.01276595744680851 Mb Count b: 3.452127659574468
/scratch/data/leah/phertilizer/src/linear_split.py:107: RuntimeWarning: invalid value encountered in true_divide
  vaf = binary_counts/binary_tcounts
INFO:root:Mb Count a: 1.6127659574468085 Mb Count b: 3.425531914893617
INFO:root:Mb Count a: 0.01276595744680851 Mb Count b: 3.452127659574468
/scratch/data/leah/phertilizer/src/linear_split.py:107: RuntimeWarning: invalid value encountered in true_divide
  vaf = binary_counts/binary_tcounts
INFO:root:Mb Count a: 1.5957446808510638 Mb Count b: 3.324468085106383
INFO:root:Mb Count a: 0.01276595744680851 Mb Count b: 3.452127659574468
/scratch/data/leah/phertilizer/src/branching_split.py:108: RuntimeWarning: invalid value encountered in true_divide
  tmb = mut_var_count_by_cell/mut_total_reads_by_cell
/scratch/data/leah/phertilizer/src/branching_split.py:108: RuntimeWarning: invalid value encountered in true_divide
  tmb = mut_var_count_by_cell/mut_total_reads_by_cell
/scratch/data/leah/phertilizer/src/branching_split.py:108: RuntimeWarning: invalid value encountered in true_divide
  tmb = mut_var_count_by_cell/mut_total_reads_by_cell
/scratch/data/leah/phertilizer/src/branching_split.py:108: RuntimeWarning: invalid value encountered in true_divide
  tmb = mut_var_count_by_cell/mut_total_reads_by_cell
/scratch/data/leah/phertilizer/src/branching_split.py:108: RuntimeWarning: invalid value encountered in true_divide
  tmb = mut_var_count_by_cell/mut_total_reads_by_cell
/scratch/data/leah/phertilizer/src/branching_split.py:108: RuntimeWarning: invalid value encountered in true_divide
  tmb = mut_var_count_by_cell/mut_total_reads_by_cell
/scratch/data/leah/phertilizer/src/linear_split.py:251: RuntimeWarning: invalid value encountered in true_divide
  tmb = mb_mut_count/mb_tot_count
INFO:root:Mb Count a: 1.574468085106383 Mb Count b: 1.88013698630137
INFO:root:Mb Count a: 0.0 Mb Count b: 3.3116438356164384
/scratch/data/leah/phertilizer/src/linear_split.py:251: RuntimeWarning: invalid value encountered in true_divide
  tmb = mb_mut_count/mb_tot_count
INFO:root:Mb Count a: 1.5638297872340425 Mb Count b: 1.9109589041095891
INFO:root:Mb Count a: 0.0 Mb Count b: 3.3116438356164384
INFO:root:Mb Count a: 1.6595744680851063 Mb Count b: 1.7945205479452055
INFO:root:Mb Count a: 0.0 Mb Count b: 3.3116438356164384
/scratch/data/leah/phertilizer/src/branching_split.py:108: RuntimeWarning: invalid value encountered in true_divide
  tmb = mut_var_count_by_cell/mut_total_reads_by_cell
/scratch/data/leah/phertilizer/src/branching_split.py:108: RuntimeWarning: invalid value encountered in true_divide
  tmb = mut_var_count_by_cell/mut_total_reads_by_cell
/scratch/data/leah/phertilizer/src/branching_split.py:108: RuntimeWarning: invalid value encountered in true_divide
  tmb = mut_var_count_by_cell/mut_total_reads_by_cell
/scratch/data/leah/phertilizer/src/branching_split.py:108: RuntimeWarning: invalid value encountered in true_divide
  tmb = mut_var_count_by_cell/mut_total_reads_by_cell
/scratch/data/leah/phertilizer/src/branching_split.py:108: RuntimeWarning: invalid value encountered in true_divide
  tmb = mut_var_count_by_cell/mut_total_reads_by_cell
/scratch/data/leah/phertilizer/src/branching_split.py:108: RuntimeWarning: invalid value encountered in true_divide
  tmb = mut_var_count_by_cell/mut_total_reads_by_cell
/scratch/data/leah/phertilizer/src/linear_split.py:251: RuntimeWarning: invalid value encountered in true_divide
  tmb = mb_mut_count/mb_tot_count
INFO:root:Mb Count a: 1.3521939953810624 Mb Count b: 1.526470588235294
/scratch/data/leah/phertilizer/src/linear_split.py:251: RuntimeWarning: invalid value encountered in true_divide
  tmb = mb_mut_count/mb_tot_count
INFO:root:Mb Count a: 0.057736720554272515 Mb Count b: 1.7735294117647058
/scratch/data/leah/phertilizer/src/linear_split.py:251: RuntimeWarning: invalid value encountered in true_divide
  tmb = mb_mut_count/mb_tot_count
INFO:root:Mb Count a: 1.418013856812933 Mb Count b: 1.535294117647059
/scratch/data/leah/phertilizer/src/linear_split.py:251: RuntimeWarning: invalid value encountered in true_divide
  tmb = mb_mut_count/mb_tot_count
INFO:root:Mb Count a: 0.057736720554272515 Mb Count b: 1.7735294117647058
/scratch/data/leah/phertilizer/src/linear_split.py:251: RuntimeWarning: invalid value encountered in true_divide
  tmb = mb_mut_count/mb_tot_count
INFO:root:Mb Count a: 1.3729792147806004 Mb Count b: 1.5205882352941176
/scratch/data/leah/phertilizer/src/linear_split.py:251: RuntimeWarning: invalid value encountered in true_divide
  tmb = mb_mut_count/mb_tot_count
INFO:root:Mb Count a: 0.057736720554272515 Mb Count b: 1.7735294117647058
/scratch/data/leah/phertilizer/src/linear_split.py:251: RuntimeWarning: invalid value encountered in true_divide
  tmb = mb_mut_count/mb_tot_count
INFO:root:Mb Count a: 0.7374631268436578 Mb Count b: 1.8191489361702127
/scratch/data/leah/phertilizer/src/linear_split.py:251: RuntimeWarning: invalid value encountered in true_divide
  tmb = mb_mut_count/mb_tot_count
INFO:root:Mb Count a: 0.0471976401179941 Mb Count b: 2.5425531914893615
/scratch/data/leah/phertilizer/src/linear_split.py:251: RuntimeWarning: invalid value encountered in true_divide
  tmb = mb_mut_count/mb_tot_count
INFO:root:Mb Count a: 0.6932153392330384 Mb Count b: 1.9574468085106382
/scratch/data/leah/phertilizer/src/linear_split.py:251: RuntimeWarning: invalid value encountered in true_divide
  tmb = mb_mut_count/mb_tot_count
INFO:root:Mb Count a: 0.0471976401179941 Mb Count b: 2.5425531914893615
/scratch/data/leah/phertilizer/src/linear_split.py:251: RuntimeWarning: invalid value encountered in true_divide
  tmb = mb_mut_count/mb_tot_count
INFO:root:Mb Count a: 0.6504424778761062 Mb Count b: 1.8138297872340425
/scratch/data/leah/phertilizer/src/linear_split.py:251: RuntimeWarning: invalid value encountered in true_divide
  tmb = mb_mut_count/mb_tot_count
INFO:root:Mb Count a: 0.0471976401179941 Mb Count b: 2.5425531914893615
/scratch/data/leah/phertilizer/src/linear_split.py:107: RuntimeWarning: invalid value encountered in true_divide
  vaf = binary_counts/binary_tcounts
/scratch/data/leah/phertilizer/src/linear_split.py:251: RuntimeWarning: invalid value encountered in true_divide
  tmb = mb_mut_count/mb_tot_count
INFO:root:Mb Count a: 1.4311512415349887 Mb Count b: 1.5148936170212766
/scratch/data/leah/phertilizer/src/linear_split.py:251: RuntimeWarning: invalid value encountered in true_divide
  tmb = mb_mut_count/mb_tot_count
INFO:root:Mb Count a: 0.022573363431151242 Mb Count b: 0.7446808510638298
/scratch/data/leah/phertilizer/src/linear_split.py:107: RuntimeWarning: invalid value encountered in true_divide
  vaf = binary_counts/binary_tcounts
/scratch/data/leah/phertilizer/src/linear_split.py:251: RuntimeWarning: invalid value encountered in true_divide
  tmb = mb_mut_count/mb_tot_count
INFO:root:Mb Count a: 1.4446952595936795 Mb Count b: 1.625531914893617
/scratch/data/leah/phertilizer/src/linear_split.py:251: RuntimeWarning: invalid value encountered in true_divide
  tmb = mb_mut_count/mb_tot_count
INFO:root:Mb Count a: 0.022573363431151242 Mb Count b: 0.7446808510638298
/scratch/data/leah/phertilizer/src/linear_split.py:107: RuntimeWarning: invalid value encountered in true_divide
  vaf = binary_counts/binary_tcounts
/scratch/data/leah/phertilizer/src/linear_split.py:251: RuntimeWarning: invalid value encountered in true_divide
  tmb = mb_mut_count/mb_tot_count
INFO:root:Mb Count a: 1.4627539503386005 Mb Count b: 1.7234042553191489
/scratch/data/leah/phertilizer/src/linear_split.py:251: RuntimeWarning: invalid value encountered in true_divide
  tmb = mb_mut_count/mb_tot_count
INFO:root:Mb Count a: 0.022573363431151242 Mb Count b: 0.7446808510638298
/scratch/data/leah/phertilizer/src/linear_split.py:107: RuntimeWarning: invalid value encountered in true_divide
  vaf = binary_counts/binary_tcounts
/scratch/data/leah/phertilizer/src/linear_split.py:251: RuntimeWarning: invalid value encountered in true_divide
  tmb = mb_mut_count/mb_tot_count
INFO:root:Mb Count a: 0.0 Mb Count b: 1.8419452887537995
/scratch/data/leah/phertilizer/src/linear_split.py:251: RuntimeWarning: invalid value encountered in true_divide
  tmb = mb_mut_count/mb_tot_count
INFO:root:Mb Count a: 0.28378378378378377 Mb Count b: 1.9319727891156462
INFO:root:Mb Count a: 0.0 Mb Count b: 1.6923076923076923
INFO:root:Mb Count a: 0.07988165680473373 Mb Count b: 1.9142857142857144
INFO:root:Mb Count a: 0.0 Mb Count b: 1.7523809523809524
INFO:root:Mb Count a: 0.0 Mb Count b: 1.7619047619047619
/scratch/data/leah/phertilizer/src/linear_split.py:107: RuntimeWarning: invalid value encountered in true_divide
  vaf = binary_counts/binary_tcounts
INFO:root:Mb Count a: 0.842911877394636 Mb Count b: 2.4450549450549453
INFO:root:Mb Count a: 0.1440677966101695 Mb Count b: 1.8426966292134832
INFO:root:Mb Count a: 0.14460784313725492 Mb Count b: 2.2285714285714286
/scratch/data/leah/phertilizer/src/linear_split.py:251: RuntimeWarning: invalid value encountered in true_divide
  tmb = mb_mut_count/mb_tot_count
INFO:root:Mb Count a: 0.05924170616113744 Mb Count b: 1.9047619047619047
/scratch/data/leah/phertilizer/src/linear_split.py:251: RuntimeWarning: invalid value encountered in true_divide
  tmb = mb_mut_count/mb_tot_count
INFO:root:Mb Count a: 0.02588235294117647 Mb Count b: 1.7777777777777777
/scratch/data/leah/phertilizer/src/linear_split.py:251: RuntimeWarning: invalid value encountered in true_divide
  tmb = mb_mut_count/mb_tot_count
INFO:root:Mb Count a: 0.0 Mb Count b: 1.56
/scratch/data/leah/phertilizer/src/linear_split.py:251: RuntimeWarning: invalid value encountered in true_divide
  tmb = mb_mut_count/mb_tot_count
INFO:root:Mb Count a: 0.0 Mb Count b: 1.68
/scratch/data/leah/phertilizer/src/linear_split.py:107: RuntimeWarning: invalid value encountered in true_divide
  vaf = binary_counts/binary_tcounts
/scratch/data/leah/phertilizer/src/linear_split.py:251: RuntimeWarning: invalid value encountered in true_divide
  tmb = mb_mut_count/mb_tot_count
INFO:root:Mb Count a: 0.7489878542510121 Mb Count b: 2.306122448979592
INFO:root:Mb Count a: 0.0 Mb Count b: 1.577922077922078
INFO:root:Mb Count a: 0.0 Mb Count b: 1.624203821656051
INFO:root:Mb Count a: 0.0 Mb Count b: 1.6369426751592357
/scratch/data/leah/phertilizer/src/linear_split.py:107: RuntimeWarning: invalid value encountered in true_divide
  vaf = binary_counts/binary_tcounts
INFO:root:Mb Count a: 0.0 Mb Count b: 1.8629032258064515
/scratch/data/leah/phertilizer/src/linear_split.py:251: RuntimeWarning: invalid value encountered in true_divide
  tmb = mb_mut_count/mb_tot_count
INFO:root:Mb Count a: 0.0 Mb Count b: 1.3768115942028984
/scratch/data/leah/phertilizer/src/linear_split.py:251: RuntimeWarning: invalid value encountered in true_divide
  tmb = mb_mut_count/mb_tot_count
INFO:root:Mb Count a: 0.0 Mb Count b: 1.5217391304347827
/scratch/data/leah/phertilizer/src/linear_split.py:107: RuntimeWarning: invalid value encountered in true_divide
  vaf = binary_counts/binary_tcounts
/scratch/data/leah/phertilizer/src/linear_split.py:251: RuntimeWarning: invalid value encountered in true_divide
  tmb = mb_mut_count/mb_tot_count
INFO:root:Mb Count a: 0.6944444444444444 Mb Count b: 2.0
INFO:root:Mb Count a: 0.0 Mb Count b: 1.3333333333333333
INFO:root:Mb Count a: 0.0 Mb Count b: 1.3555555555555556
/scratch/data/leah/phertilizer/src/linear_split.py:107: RuntimeWarning: invalid value encountered in true_divide
  vaf = binary_counts/binary_tcounts
/scratch/data/leah/phertilizer/src/linear_split.py:251: RuntimeWarning: invalid value encountered in true_divide
  tmb = mb_mut_count/mb_tot_count
INFO:root:Mb Count a: 0.0 Mb Count b: 1.8410852713178294
/scratch/data/leah/phertilizer/src/linear_split.py:251: RuntimeWarning: invalid value encountered in true_divide
  tmb = mb_mut_count/mb_tot_count
INFO:root:Mb Count a: 0.0 Mb Count b: 1.3768115942028984
INFO:root:Mb Count a: 0.0 Mb Count b: 1.5942028985507246
