/scratch/data/leah/phertilizer/src/branching_split.py:108: RuntimeWarning: invalid value encountered in true_divide
  tmb = mut_var_count_by_cell/mut_total_reads_by_cell
/scratch/data/leah/phertilizer/src/branching_split.py:108: RuntimeWarning: invalid value encountered in true_divide
  tmb = mut_var_count_by_cell/mut_total_reads_by_cell
/scratch/data/leah/phertilizer/src/branching_split.py:108: RuntimeWarning: invalid value encountered in true_divide
  tmb = mut_var_count_by_cell/mut_total_reads_by_cell
/scratch/data/leah/phertilizer/src/branching_split.py:108: RuntimeWarning: invalid value encountered in true_divide
  tmb = mut_var_count_by_cell/mut_total_reads_by_cell
/scratch/data/leah/phertilizer/src/branching_split.py:108: RuntimeWarning: invalid value encountered in true_divide
  tmb = mut_var_count_by_cell/mut_total_reads_by_cell
/scratch/data/leah/phertilizer/src/branching_split.py:108: RuntimeWarning: invalid value encountered in true_divide
  tmb = mut_var_count_by_cell/mut_total_reads_by_cell
/scratch/data/leah/phertilizer/src/branching_split.py:108: RuntimeWarning: invalid value encountered in true_divide
  tmb = mut_var_count_by_cell/mut_total_reads_by_cell
/scratch/data/leah/phertilizer/src/branching_split.py:108: RuntimeWarning: invalid value encountered in true_divide
  tmb = mut_var_count_by_cell/mut_total_reads_by_cell
/scratch/data/leah/phertilizer/src/branching_split.py:108: RuntimeWarning: invalid value encountered in true_divide
  tmb = mut_var_count_by_cell/mut_total_reads_by_cell
/scratch/data/leah/phertilizer/src/branching_split.py:108: RuntimeWarning: invalid value encountered in true_divide
  tmb = mut_var_count_by_cell/mut_total_reads_by_cell
/scratch/data/leah/phertilizer/src/branching_split.py:108: RuntimeWarning: invalid value encountered in true_divide
  tmb = mut_var_count_by_cell/mut_total_reads_by_cell
/scratch/data/leah/phertilizer/src/branching_split.py:108: RuntimeWarning: invalid value encountered in true_divide
  tmb = mut_var_count_by_cell/mut_total_reads_by_cell
/scratch/data/leah/phertilizer/src/branching_split.py:108: RuntimeWarning: invalid value encountered in true_divide
  tmb = mut_var_count_by_cell/mut_total_reads_by_cell
/scratch/data/leah/phertilizer/src/branching_split.py:108: RuntimeWarning: invalid value encountered in true_divide
  tmb = mut_var_count_by_cell/mut_total_reads_by_cell
/scratch/data/leah/phertilizer/src/branching_split.py:108: RuntimeWarning: invalid value encountered in true_divide
  tmb = mut_var_count_by_cell/mut_total_reads_by_cell
/scratch/data/leah/phertilizer/src/branching_split.py:108: RuntimeWarning: invalid value encountered in true_divide
  tmb = mut_var_count_by_cell/mut_total_reads_by_cell
/scratch/data/leah/phertilizer/src/branching_split.py:108: RuntimeWarning: invalid value encountered in true_divide
  tmb = mut_var_count_by_cell/mut_total_reads_by_cell
/scratch/data/leah/phertilizer/src/branching_split.py:108: RuntimeWarning: invalid value encountered in true_divide
  tmb = mut_var_count_by_cell/mut_total_reads_by_cell
/scratch/data/leah/phertilizer/src/branching_split.py:108: RuntimeWarning: invalid value encountered in true_divide
  tmb = mut_var_count_by_cell/mut_total_reads_by_cell
/scratch/data/leah/phertilizer/src/branching_split.py:108: RuntimeWarning: invalid value encountered in true_divide
  tmb = mut_var_count_by_cell/mut_total_reads_by_cell
/scratch/data/leah/phertilizer/src/branching_split.py:108: RuntimeWarning: invalid value encountered in true_divide
  tmb = mut_var_count_by_cell/mut_total_reads_by_cell
/scratch/data/leah/phertilizer/src/branching_split.py:108: RuntimeWarning: invalid value encountered in true_divide
  tmb = mut_var_count_by_cell/mut_total_reads_by_cell
INFO:root:Mb Count a: 1.8483018867924528 Mb Count b: 2.9047619047619047
/scratch/data/leah/phertilizer/src/linear_split.py:251: RuntimeWarning: invalid value encountered in true_divide
  tmb = mb_mut_count/mb_tot_count
INFO:root:Mb Count a: 0.5276422764227642 Mb Count b: 1.661596958174905
INFO:root:Mb Count a: 0.36829268292682926 Mb Count b: 3.1749049429657794
INFO:root:Mb Count a: 1.7864150943396226 Mb Count b: 2.875
/scratch/data/leah/phertilizer/src/linear_split.py:251: RuntimeWarning: invalid value encountered in true_divide
  tmb = mb_mut_count/mb_tot_count
INFO:root:Mb Count a: 0.5276422764227642 Mb Count b: 1.661596958174905
INFO:root:Mb Count a: 0.36829268292682926 Mb Count b: 3.1749049429657794
INFO:root:Mb Count a: 1.8324528301886793 Mb Count b: 2.9345238095238093
/scratch/data/leah/phertilizer/src/linear_split.py:251: RuntimeWarning: invalid value encountered in true_divide
  tmb = mb_mut_count/mb_tot_count
INFO:root:Mb Count a: 0.5276422764227642 Mb Count b: 1.661596958174905
INFO:root:Mb Count a: 0.36829268292682926 Mb Count b: 3.1749049429657794
INFO:root:Mb Count a: 1.1026365348399247 Mb Count b: 2.3095238095238093
INFO:root:Mb Count a: 0.04048964218455744 Mb Count b: 3.7083333333333335
INFO:root:Mb Count a: 1.1563088512241055 Mb Count b: 2.482142857142857
INFO:root:Mb Count a: 0.04048964218455744 Mb Count b: 3.7083333333333335
INFO:root:Mb Count a: 1.0659133709981168 Mb Count b: 2.482142857142857
INFO:root:Mb Count a: 0.04048964218455744 Mb Count b: 3.7083333333333335
INFO:root:Mb Count a: 0.0 Mb Count b: 1.1957186544342508
INFO:root:Mb Count a: 0.0 Mb Count b: 1.3778409090909092
INFO:root:Mb Count a: 0.0 Mb Count b: 1.4225352112676057
INFO:root:Mb Count a: 0.0 Mb Count b: 1.4225352112676057
INFO:root:Mb Count a: 0.0 Mb Count b: 1.1734104046242775
INFO:root:Mb Count a: 0.0 Mb Count b: 1.3611111111111112
INFO:root:Mb Count a: 0.0 Mb Count b: 1.4141689373297002
INFO:root:Mb Count a: 0.0 Mb Count b: 1.4297297297297298
INFO:root:Mb Count a: 0.0 Mb Count b: 1.4405405405405405
INFO:root:Mb Count a: 0.0 Mb Count b: 1.1963746223564955
INFO:root:Mb Count a: 0.0 Mb Count b: 1.4140845070422534
INFO:root:Mb Count a: 0.0 Mb Count b: 1.4540389972144847
INFO:root:Mb Count a: 0.0 Mb Count b: 1.4638888888888888
INFO:root:Mb Count a: 0.0 Mb Count b: 1.4696132596685083
INFO:root:Mb Count a: 0.0 Mb Count b: 1.4696132596685083
/scratch/data/leah/phertilizer/src/linear_split.py:107: RuntimeWarning: invalid value encountered in true_divide
  vaf = binary_counts/binary_tcounts
INFO:root:Mb Count a: 1.255639097744361 Mb Count b: 3.6281179138321997
INFO:root:Mb Count a: 0.3707093821510298 Mb Count b: 2.688888888888889
INFO:root:Mb Count a: 0.17318435754189945 Mb Count b: 2.3411764705882354
INFO:root:Mb Count a: 0.0 Mb Count b: 1.8235294117647058
INFO:root:Mb Count a: 0.0 Mb Count b: 1.819767441860465
INFO:root:Mb Count a: 0.0 Mb Count b: 1.8255813953488371
/scratch/data/leah/phertilizer/src/linear_split.py:107: RuntimeWarning: invalid value encountered in true_divide
  vaf = binary_counts/binary_tcounts
INFO:root:Mb Count a: 1.9548693586698338 Mb Count b: 4.2622377622377625
INFO:root:Mb Count a: 0.208955223880597 Mb Count b: 1.9807692307692308
INFO:root:Mb Count a: 0.0 Mb Count b: 1.28125
INFO:root:Mb Count a: 0.0 Mb Count b: 1.3265306122448979
INFO:root:Mb Count a: 0.0 Mb Count b: 1.3265306122448979
/scratch/data/leah/phertilizer/src/linear_split.py:107: RuntimeWarning: invalid value encountered in true_divide
  vaf = binary_counts/binary_tcounts
INFO:root:Mb Count a: 1.5931558935361216 Mb Count b: 4.146396396396397
INFO:root:Mb Count a: 0.0 Mb Count b: 2.3486005089058524
INFO:root:Mb Count a: 0.487551867219917 Mb Count b: 3.2044444444444444
INFO:root:Mb Count a: 0.1962457337883959 Mb Count b: 2.396694214876033
INFO:root:Mb Count a: 0.12576687116564417 Mb Count b: 2.2363636363636363
INFO:root:Mb Count a: 0.08201438848920864 Mb Count b: 1.9166666666666667
INFO:root:Mb Count a: 0.0 Mb Count b: 1.4545454545454546
INFO:root:Mb Count a: 0.0 Mb Count b: 1.4545454545454546
/scratch/data/leah/phertilizer/src/linear_split.py:107: RuntimeWarning: invalid value encountered in true_divide
  vaf = binary_counts/binary_tcounts
INFO:root:Mb Count a: 1.5679347826086956 Mb Count b: 3.6615853658536586
INFO:root:Mb Count a: 0.0 Mb Count b: 1.7709923664122138
INFO:root:Mb Count a: 0.18785578747628084 Mb Count b: 2.2189349112426036
INFO:root:Mb Count a: 0.1547049441786284 Mb Count b: 1.9855072463768115
INFO:root:Mb Count a: 0.10425844346549193 Mb Count b: 2.0
INFO:root:Mb Count a: 0.0 Mb Count b: 1.1111111111111112
INFO:root:Mb Count a: 0.008771929824561403 Mb Count b: 1.25
INFO:root:Mb Count a: 0.007309941520467836 Mb Count b: 1.25
/scratch/data/leah/phertilizer/src/linear_split.py:107: RuntimeWarning: invalid value encountered in true_divide
  vaf = binary_counts/binary_tcounts
INFO:root:Mb Count a: 1.6151761517615175 Mb Count b: 4.09480122324159
INFO:root:Mb Count a: 0.0 Mb Count b: 1.684
INFO:root:Mb Count a: 0.0 Mb Count b: 1.7992125984251968
INFO:root:Mb Count a: 0.0 Mb Count b: 1.811023622047244
/scratch/data/leah/phertilizer/src/linear_split.py:107: RuntimeWarning: invalid value encountered in true_divide
  vaf = binary_counts/binary_tcounts
INFO:root:Mb Count a: 2.1454545454545455 Mb Count b: 4.55078125
INFO:root:Mb Count a: 0.16390728476821192 Mb Count b: 1.9130434782608696
INFO:root:Mb Count a: 0.07228915662650602 Mb Count b: 1.6875
INFO:root:Mb Count a: 0.029455081001472753 Mb Count b: 1.4705882352941178
INFO:root:Mb Count a: 0.011695906432748537 Mb Count b: 1.3333333333333333
INFO:root:Mb Count a: 0.0029154518950437317 Mb Count b: 1.3
INFO:root:Mb Count a: 0.0014577259475218659 Mb Count b: 1.3
/scratch/data/leah/phertilizer/src/linear_split.py:107: RuntimeWarning: invalid value encountered in true_divide
  vaf = binary_counts/binary_tcounts
INFO:root:Mb Count a: 1.5448504983388704 Mb Count b: 3.8746736292428197
INFO:root:Mb Count a: 0.2609603340292276 Mb Count b: 2.4048780487804877
INFO:root:Mb Count a: 0.0 Mb Count b: 1.758974358974359
INFO:root:Mb Count a: 0.0 Mb Count b: 1.8061224489795917
INFO:root:Mb Count a: 0.0 Mb Count b: 1.8061224489795917
/scratch/data/leah/phertilizer/src/linear_split.py:107: RuntimeWarning: invalid value encountered in true_divide
  vaf = binary_counts/binary_tcounts
INFO:root:Mb Count a: 1.136150234741784 Mb Count b: 3.515923566878981
INFO:root:Mb Count a: 0.0 Mb Count b: 2.2146118721461185
INFO:root:Mb Count a: 0.4005235602094241 Mb Count b: 2.7980132450331126
INFO:root:Mb Count a: 0.0 Mb Count b: 1.9894736842105263
INFO:root:Mb Count a: 0.0 Mb Count b: 2.0526315789473686
INFO:root:Mb Count a: 0.0 Mb Count b: 2.0526315789473686
/scratch/data/leah/phertilizer/src/linear_split.py:107: RuntimeWarning: invalid value encountered in true_divide
  vaf = binary_counts/binary_tcounts
INFO:root:Mb Count a: 1.7095115681233932 Mb Count b: 4.013559322033898
INFO:root:Mb Count a: 0.0 Mb Count b: 1.6473029045643153
INFO:root:Mb Count a: 0.0 Mb Count b: 1.6790123456790123
INFO:root:Mb Count a: 0.0 Mb Count b: 1.6790123456790123
/scratch/data/leah/phertilizer/src/linear_split.py:107: RuntimeWarning: invalid value encountered in true_divide
  vaf = binary_counts/binary_tcounts
INFO:root:Mb Count a: 0.8657718120805369 Mb Count b: 3.1828908554572273
INFO:root:Mb Count a: 0.47468354430379744 Mb Count b: 2.616279069767442
INFO:root:Mb Count a: 0.16624685138539042 Mb Count b: 2.5494505494505493
INFO:root:Mb Count a: 0.10804597701149425 Mb Count b: 2.30188679245283
INFO:root:Mb Count a: 0.028634361233480177 Mb Count b: 2.176470588235294
INFO:root:Mb Count a: 0.008791208791208791 Mb Count b: 2.121212121212121
INFO:root:Mb Count a: 0.006593406593406593 Mb Count b: 2.121212121212121
/scratch/data/leah/phertilizer/src/linear_split.py:107: RuntimeWarning: invalid value encountered in true_divide
  vaf = binary_counts/binary_tcounts
INFO:root:Mb Count a: 1.2924528301886793 Mb Count b: 3.5652173913043477
INFO:root:Mb Count a: 0.30346820809248554 Mb Count b: 2.380281690140845
INFO:root:Mb Count a: 0.267260579064588 Mb Count b: 2.7435897435897436
INFO:root:Mb Count a: 0.0 Mb Count b: 1.5
INFO:root:Mb Count a: 0.0 Mb Count b: 1.5
/scratch/data/leah/phertilizer/src/linear_split.py:107: RuntimeWarning: invalid value encountered in true_divide
  vaf = binary_counts/binary_tcounts
INFO:root:Mb Count a: 1.498069498069498 Mb Count b: 3.537117903930131
INFO:root:Mb Count a: 0.0 Mb Count b: 1.9625668449197862
INFO:root:Mb Count a: 0.3106060606060606 Mb Count b: 2.717391304347826
INFO:root:Mb Count a: 0.07990867579908675 Mb Count b: 2.36
INFO:root:Mb Count a: 0.041666666666666664 Mb Count b: 2.3125
INFO:root:Mb Count a: 0.004357298474945534 Mb Count b: 2.2413793103448274
INFO:root:Mb Count a: 0.004338394793926247 Mb Count b: 2.259259259259259
INFO:root:Mb Count a: 0.0 Mb Count b: 2.2222222222222223
/scratch/data/leah/phertilizer/src/linear_split.py:107: RuntimeWarning: invalid value encountered in true_divide
  vaf = binary_counts/binary_tcounts
INFO:root:Mb Count a: 1.3884892086330936 Mb Count b: 3.398907103825137
INFO:root:Mb Count a: 0.0 Mb Count b: 1.710144927536232
INFO:root:Mb Count a: 0.0 Mb Count b: 1.7482014388489209
INFO:root:Mb Count a: 0.2456575682382134 Mb Count b: 2.5172413793103448
INFO:root:Mb Count a: 0.0888382687927107 Mb Count b: 2.272727272727273
INFO:root:Mb Count a: 0.024498886414253896 Mb Count b: 2.25
INFO:root:Mb Count a: 0.008869179600886918 Mb Count b: 2.3
INFO:root:Mb Count a: 0.004434589800443459 Mb Count b: 2.3
/scratch/data/leah/phertilizer/src/linear_split.py:107: RuntimeWarning: invalid value encountered in true_divide
  vaf = binary_counts/binary_tcounts
INFO:root:Mb Count a: 1.5541666666666667 Mb Count b: 3.6515837104072397
INFO:root:Mb Count a: 0.0 Mb Count b: 1.967914438502674
INFO:root:Mb Count a: 0.0 Mb Count b: 2.026595744680851
INFO:root:Mb Count a: 0.18541033434650456 Mb Count b: 2.4242424242424243
INFO:root:Mb Count a: 0.09141274238227147 Mb Count b: 2.22
INFO:root:Mb Count a: 0.0316622691292876 Mb Count b: 2.048780487804878
INFO:root:Mb Count a: 0.0 Mb Count b: 1.925
INFO:root:Mb Count a: 0.0 Mb Count b: 1.925
/scratch/data/leah/phertilizer/src/linear_split.py:107: RuntimeWarning: invalid value encountered in true_divide
  vaf = binary_counts/binary_tcounts
INFO:root:Mb Count a: 1.8600583090379008 Mb Count b: 4.0423728813559325
INFO:root:Mb Count a: 0.0 Mb Count b: 1.3466666666666667
INFO:root:Mb Count a: 0.0 Mb Count b: 1.4533333333333334
/scratch/data/leah/phertilizer/src/linear_split.py:107: RuntimeWarning: invalid value encountered in true_divide
  vaf = binary_counts/binary_tcounts
INFO:root:Mb Count a: 1.1453488372093024 Mb Count b: 3.3297491039426523
INFO:root:Mb Count a: 0.0 Mb Count b: 1.9519650655021834
INFO:root:Mb Count a: 0.0 Mb Count b: 2.1004366812227073
/scratch/data/leah/phertilizer/src/linear_split.py:107: RuntimeWarning: invalid value encountered in true_divide
  vaf = binary_counts/binary_tcounts
INFO:root:Mb Count a: 0.8024691358024691 Mb Count b: 3.0449826989619377
INFO:root:Mb Count a: 0.0 Mb Count b: 2.048780487804878
INFO:root:Mb Count a: 0.0 Mb Count b: 2.158536585365854
/scratch/data/leah/phertilizer/src/linear_split.py:107: RuntimeWarning: invalid value encountered in true_divide
  vaf = binary_counts/binary_tcounts
INFO:root:Mb Count a: 1.3549618320610688 Mb Count b: 3.433862433862434
INFO:root:Mb Count a: 0.2566137566137566 Mb Count b: 2.3698630136986303
INFO:root:Mb Count a: 0.09285714285714286 Mb Count b: 2.193548387096774
INFO:root:Mb Count a: 0.0387243735763098 Mb Count b: 2.25
INFO:root:Mb Count a: 0.0 Mb Count b: 1.7142857142857142
INFO:root:Mb Count a: 0.0 Mb Count b: 1.7142857142857142
/scratch/data/leah/phertilizer/src/linear_split.py:107: RuntimeWarning: invalid value encountered in true_divide
  vaf = binary_counts/binary_tcounts
INFO:root:Mb Count a: 1.0909090909090908 Mb Count b: 3.2222222222222223
INFO:root:Mb Count a: 0.0 Mb Count b: 1.8028169014084507
INFO:root:Mb Count a: 0.0 Mb Count b: 1.9624413145539905
/scratch/data/leah/phertilizer/src/linear_split.py:107: RuntimeWarning: invalid value encountered in true_divide
  vaf = binary_counts/binary_tcounts
INFO:root:Mb Count a: 0.6229508196721312 Mb Count b: 2.8476190476190477
INFO:root:Mb Count a: 0.3553113553113553 Mb Count b: 2.5609756097560976
INFO:root:Mb Count a: 0.0 Mb Count b: 2.168831168831169
INFO:root:Mb Count a: 0.0 Mb Count b: 2.175324675324675
/scratch/data/leah/phertilizer/src/linear_split.py:107: RuntimeWarning: invalid value encountered in true_divide
  vaf = binary_counts/binary_tcounts
INFO:root:Mb Count a: 0.8405797101449275 Mb Count b: 2.9732441471571907
INFO:root:Mb Count a: 0.0 Mb Count b: 1.9333333333333333
INFO:root:Mb Count a: 0.4157706093189964 Mb Count b: 2.607594936708861
INFO:root:Mb Count a: 0.21246458923512748 Mb Count b: 2.4523809523809526
INFO:root:Mb Count a: 0.06806282722513089 Mb Count b: 2.1818181818181817
INFO:root:Mb Count a: 0.0475 Mb Count b: 2.108108108108108
INFO:root:Mb Count a: 0.021897810218978103 Mb Count b: 2.076923076923077
INFO:root:Mb Count a: 0.0024271844660194173 Mb Count b: 2.0
INFO:root:Mb Count a: 0.0 Mb Count b: 2.0
/scratch/data/leah/phertilizer/src/linear_split.py:107: RuntimeWarning: invalid value encountered in true_divide
  vaf = binary_counts/binary_tcounts
INFO:root:Mb Count a: 1.8121019108280254 Mb Count b: 3.877551020408163
INFO:root:Mb Count a: 0.12151898734177215 Mb Count b: 2.1176470588235294
INFO:root:Mb Count a: 0.0 Mb Count b: 1.4
INFO:root:Mb Count a: 0.0 Mb Count b: 1.4666666666666666
/scratch/data/leah/phertilizer/src/linear_split.py:107: RuntimeWarning: invalid value encountered in true_divide
  vaf = binary_counts/binary_tcounts
INFO:root:Mb Count a: 1.221105527638191 Mb Count b: 3.295774647887324
INFO:root:Mb Count a: 0.0 Mb Count b: 1.738562091503268
INFO:root:Mb Count a: 0.0 Mb Count b: 1.8571428571428572
INFO:root:Mb Count a: 0.0 Mb Count b: 1.8571428571428572
/scratch/data/leah/phertilizer/src/linear_split.py:107: RuntimeWarning: invalid value encountered in true_divide
  vaf = binary_counts/binary_tcounts
INFO:root:Mb Count a: 1.8494983277591974 Mb Count b: 3.982300884955752
INFO:root:Mb Count a: 0.0 Mb Count b: 1.3114754098360655
INFO:root:Mb Count a: 0.0 Mb Count b: 1.3278688524590163
/scratch/data/leah/phertilizer/src/linear_split.py:107: RuntimeWarning: invalid value encountered in true_divide
  vaf = binary_counts/binary_tcounts
INFO:root:Mb Count a: 1.2160493827160495 Mb Count b: 3.331914893617021
INFO:root:Mb Count a: 0.0 Mb Count b: 1.922680412371134
INFO:root:Mb Count a: 0.21568627450980393 Mb Count b: 2.3943661971830985
INFO:root:Mb Count a: 0.0 Mb Count b: 2.0073529411764706
INFO:root:Mb Count a: 0.0 Mb Count b: 2.014705882352941
/scratch/data/leah/phertilizer/src/linear_split.py:107: RuntimeWarning: invalid value encountered in true_divide
  vaf = binary_counts/binary_tcounts
INFO:root:Mb Count a: 1.619047619047619 Mb Count b: 3.8
INFO:root:Mb Count a: 0.0 Mb Count b: 1.5544554455445545
INFO:root:Mb Count a: 0.0 Mb Count b: 1.5940594059405941
/scratch/data/leah/phertilizer/src/linear_split.py:107: RuntimeWarning: invalid value encountered in true_divide
  vaf = binary_counts/binary_tcounts
INFO:root:Mb Count a: 1.0658682634730539 Mb Count b: 3.256521739130435
INFO:root:Mb Count a: 0.3096085409252669 Mb Count b: 2.543103448275862
INFO:root:Mb Count a: 0.20353982300884957 Mb Count b: 2.6724137931034484
INFO:root:Mb Count a: 0.07084468664850137 Mb Count b: 2.1
INFO:root:Mb Count a: 0.029023746701846966 Mb Count b: 2.0
INFO:root:Mb Count a: 0.013054830287206266 Mb Count b: 1.8571428571428572
INFO:root:Mb Count a: 0.0 Mb Count b: 1.8571428571428572
/scratch/data/leah/phertilizer/src/linear_split.py:107: RuntimeWarning: invalid value encountered in true_divide
  vaf = binary_counts/binary_tcounts
INFO:root:Mb Count a: 0.9578313253012049 Mb Count b: 3.216589861751152
INFO:root:Mb Count a: 0.0 Mb Count b: 1.9488636363636365
INFO:root:Mb Count a: 0.3680555555555556 Mb Count b: 2.694736842105263
INFO:root:Mb Count a: 0.2644628099173554 Mb Count b: 2.95
INFO:root:Mb Count a: 0.0 Mb Count b: 1.7333333333333334
INFO:root:Mb Count a: 0.0 Mb Count b: 1.7333333333333334
/scratch/data/leah/phertilizer/src/linear_split.py:107: RuntimeWarning: invalid value encountered in true_divide
  vaf = binary_counts/binary_tcounts
INFO:root:Mb Count a: 1.7876712328767124 Mb Count b: 4.043956043956044
INFO:root:Mb Count a: 0.0 Mb Count b: 1.2545454545454546
INFO:root:Mb Count a: 0.0 Mb Count b: 1.2545454545454546
/scratch/data/leah/phertilizer/src/linear_split.py:107: RuntimeWarning: invalid value encountered in true_divide
  vaf = binary_counts/binary_tcounts
INFO:root:Mb Count a: 1.0670391061452513 Mb Count b: 3.1911764705882355
INFO:root:Mb Count a: 0.0 Mb Count b: 1.8125
INFO:root:Mb Count a: 0.0 Mb Count b: 1.9375
/scratch/data/leah/phertilizer/src/linear_split.py:107: RuntimeWarning: invalid value encountered in true_divide
  vaf = binary_counts/binary_tcounts
INFO:root:Mb Count a: 1.1717171717171717 Mb Count b: 3.3058823529411763
INFO:root:Mb Count a: 0.0 Mb Count b: 1.7518796992481203
INFO:root:Mb Count a: 0.2150170648464164 Mb Count b: 2.3466666666666667
INFO:root:Mb Count a: 0.08024691358024691 Mb Count b: 2.159090909090909
INFO:root:Mb Count a: 0.03823529411764706 Mb Count b: 2.0
INFO:root:Mb Count a: 0.005813953488372093 Mb Count b: 2.0
INFO:root:Mb Count a: 0.0 Mb Count b: 2.0
/scratch/data/leah/phertilizer/src/linear_split.py:107: RuntimeWarning: invalid value encountered in true_divide
  vaf = binary_counts/binary_tcounts
INFO:root:Mb Count a: 0.7954545454545454 Mb Count b: 2.9491525423728815
INFO:root:Mb Count a: 0.0 Mb Count b: 2.0146341463414634
INFO:root:Mb Count a: 0.3868312757201646 Mb Count b: 2.728
INFO:root:Mb Count a: 0.23411371237458195 Mb Count b: 2.579710144927536
INFO:root:Mb Count a: 0.07272727272727272 Mb Count b: 2.1842105263157894
INFO:root:Mb Count a: 0.05475504322766571 Mb Count b: 2.238095238095238
INFO:root:Mb Count a: 0.022408963585434174 Mb Count b: 2.272727272727273
INFO:root:Mb Count a: 0.0 Mb Count b: 1.8181818181818181
/scratch/data/leah/phertilizer/src/linear_split.py:107: RuntimeWarning: invalid value encountered in true_divide
  vaf = binary_counts/binary_tcounts
INFO:root:Mb Count a: 1.5093457943925233 Mb Count b: 3.6948051948051948
INFO:root:Mb Count a: 0.0 Mb Count b: 1.7478991596638656
INFO:root:Mb Count a: 0.0 Mb Count b: 1.7899159663865547
/scratch/data/leah/phertilizer/src/linear_split.py:107: RuntimeWarning: invalid value encountered in true_divide
  vaf = binary_counts/binary_tcounts
INFO:root:Mb Count a: 1.1411764705882352 Mb Count b: 3.128342245989305
INFO:root:Mb Count a: 0.0 Mb Count b: 1.6470588235294117
INFO:root:Mb Count a: 0.0 Mb Count b: 1.7320261437908497
/scratch/data/leah/phertilizer/src/linear_split.py:107: RuntimeWarning: invalid value encountered in true_divide
  vaf = binary_counts/binary_tcounts
INFO:root:Mb Count a: 1.2339449541284404 Mb Count b: 3.3741007194244603
INFO:root:Mb Count a: 0.0 Mb Count b: 1.5809523809523809
INFO:root:Mb Count a: 0.0 Mb Count b: 1.6476190476190475
/scratch/data/leah/phertilizer/src/linear_split.py:107: RuntimeWarning: invalid value encountered in true_divide
  vaf = binary_counts/binary_tcounts
INFO:root:Mb Count a: 1.072289156626506 Mb Count b: 3.329842931937173
INFO:root:Mb Count a: 0.0 Mb Count b: 1.7564102564102564
INFO:root:Mb Count a: 0.0 Mb Count b: 1.9102564102564104
/scratch/data/leah/phertilizer/src/branching_split.py:108: RuntimeWarning: invalid value encountered in true_divide
  tmb = mut_var_count_by_cell/mut_total_reads_by_cell
/scratch/data/leah/phertilizer/src/branching_split.py:108: RuntimeWarning: invalid value encountered in true_divide
  tmb = mut_var_count_by_cell/mut_total_reads_by_cell
/scratch/data/leah/phertilizer/src/branching_split.py:108: RuntimeWarning: invalid value encountered in true_divide
  tmb = mut_var_count_by_cell/mut_total_reads_by_cell
/scratch/data/leah/phertilizer/src/branching_split.py:108: RuntimeWarning: invalid value encountered in true_divide
  tmb = mut_var_count_by_cell/mut_total_reads_by_cell
/scratch/data/leah/phertilizer/src/branching_split.py:108: RuntimeWarning: invalid value encountered in true_divide
  tmb = mut_var_count_by_cell/mut_total_reads_by_cell
/scratch/data/leah/phertilizer/src/branching_split.py:108: RuntimeWarning: invalid value encountered in true_divide
  tmb = mut_var_count_by_cell/mut_total_reads_by_cell
/scratch/data/leah/phertilizer/src/linear_split.py:251: RuntimeWarning: invalid value encountered in true_divide
  tmb = mb_mut_count/mb_tot_count
INFO:root:Mb Count a: 1.3422053231939164 Mb Count b: 1.8214285714285714
/scratch/data/leah/phertilizer/src/linear_split.py:251: RuntimeWarning: invalid value encountered in true_divide
  tmb = mb_mut_count/mb_tot_count
INFO:root:Mb Count a: 0.0038022813688212928 Mb Count b: 3.238095238095238
/scratch/data/leah/phertilizer/src/linear_split.py:251: RuntimeWarning: invalid value encountered in true_divide
  tmb = mb_mut_count/mb_tot_count
INFO:root:Mb Count a: 1.3536121673003803 Mb Count b: 1.8154761904761905
/scratch/data/leah/phertilizer/src/linear_split.py:251: RuntimeWarning: invalid value encountered in true_divide
  tmb = mb_mut_count/mb_tot_count
INFO:root:Mb Count a: 0.0038022813688212928 Mb Count b: 3.238095238095238
/scratch/data/leah/phertilizer/src/linear_split.py:251: RuntimeWarning: invalid value encountered in true_divide
  tmb = mb_mut_count/mb_tot_count
INFO:root:Mb Count a: 1.338403041825095 Mb Count b: 1.8392857142857142
/scratch/data/leah/phertilizer/src/linear_split.py:251: RuntimeWarning: invalid value encountered in true_divide
  tmb = mb_mut_count/mb_tot_count
INFO:root:Mb Count a: 0.0038022813688212928 Mb Count b: 3.238095238095238
/scratch/data/leah/phertilizer/src/branching_split.py:108: RuntimeWarning: invalid value encountered in true_divide
  tmb = mut_var_count_by_cell/mut_total_reads_by_cell
/scratch/data/leah/phertilizer/src/branching_split.py:108: RuntimeWarning: invalid value encountered in true_divide
  tmb = mut_var_count_by_cell/mut_total_reads_by_cell
/scratch/data/leah/phertilizer/src/branching_split.py:108: RuntimeWarning: invalid value encountered in true_divide
  tmb = mut_var_count_by_cell/mut_total_reads_by_cell
/scratch/data/leah/phertilizer/src/branching_split.py:108: RuntimeWarning: invalid value encountered in true_divide
  tmb = mut_var_count_by_cell/mut_total_reads_by_cell
/scratch/data/leah/phertilizer/src/linear_split.py:251: RuntimeWarning: invalid value encountered in true_divide
  tmb = mb_mut_count/mb_tot_count
INFO:root:Mb Count a: 0.0 Mb Count b: 2.0102622576966933
/scratch/data/leah/phertilizer/src/linear_split.py:251: RuntimeWarning: invalid value encountered in true_divide
  tmb = mb_mut_count/mb_tot_count
INFO:root:Mb Count a: 0.0 Mb Count b: 2.0213836477987424
/scratch/data/leah/phertilizer/src/linear_split.py:251: RuntimeWarning: invalid value encountered in true_divide
  tmb = mb_mut_count/mb_tot_count
INFO:root:Mb Count a: 0.0 Mb Count b: 2.1525851197982346
/scratch/data/leah/phertilizer/src/linear_split.py:251: RuntimeWarning: invalid value encountered in true_divide
  tmb = mb_mut_count/mb_tot_count
INFO:root:Mb Count a: 0.0 Mb Count b: 2.1525851197982346
/scratch/data/leah/phertilizer/src/linear_split.py:251: RuntimeWarning: invalid value encountered in true_divide
  tmb = mb_mut_count/mb_tot_count
INFO:root:Mb Count a: 0.0 Mb Count b: 2.062360801781737
/scratch/data/leah/phertilizer/src/linear_split.py:251: RuntimeWarning: invalid value encountered in true_divide
  tmb = mb_mut_count/mb_tot_count
INFO:root:Mb Count a: 0.0 Mb Count b: 1.929936305732484
/scratch/data/leah/phertilizer/src/linear_split.py:251: RuntimeWarning: invalid value encountered in true_divide
  tmb = mb_mut_count/mb_tot_count
INFO:root:Mb Count a: 0.0 Mb Count b: 2.0752551020408165
/scratch/data/leah/phertilizer/src/linear_split.py:251: RuntimeWarning: invalid value encountered in true_divide
  tmb = mb_mut_count/mb_tot_count
INFO:root:Mb Count a: 0.0 Mb Count b: 2.0664112388250317
/scratch/data/leah/phertilizer/src/linear_split.py:251: RuntimeWarning: invalid value encountered in true_divide
  tmb = mb_mut_count/mb_tot_count
INFO:root:Mb Count a: 0.0 Mb Count b: 2.0664112388250317
/scratch/data/leah/phertilizer/src/linear_split.py:251: RuntimeWarning: invalid value encountered in true_divide
  tmb = mb_mut_count/mb_tot_count
INFO:root:Mb Count a: 0.0 Mb Count b: 1.997752808988764
/scratch/data/leah/phertilizer/src/linear_split.py:251: RuntimeWarning: invalid value encountered in true_divide
  tmb = mb_mut_count/mb_tot_count
INFO:root:Mb Count a: 0.0 Mb Count b: 2.007434944237918
/scratch/data/leah/phertilizer/src/linear_split.py:251: RuntimeWarning: invalid value encountered in true_divide
  tmb = mb_mut_count/mb_tot_count
INFO:root:Mb Count a: 0.0 Mb Count b: 2.109452736318408
/scratch/data/leah/phertilizer/src/linear_split.py:251: RuntimeWarning: invalid value encountered in true_divide
  tmb = mb_mut_count/mb_tot_count
INFO:root:Mb Count a: 0.7773654916512059 Mb Count b: 2.4225621414913956
/scratch/data/leah/phertilizer/src/linear_split.py:251: RuntimeWarning: invalid value encountered in true_divide
  tmb = mb_mut_count/mb_tot_count
INFO:root:Mb Count a: 0.37282229965156793 Mb Count b: 1.1393034825870647
/scratch/data/leah/phertilizer/src/linear_split.py:251: RuntimeWarning: invalid value encountered in true_divide
  tmb = mb_mut_count/mb_tot_count
/scratch/data/leah/phertilizer/src/branching_split.py:108: RuntimeWarning: invalid value encountered in true_divide
  tmb = mut_var_count_by_cell/mut_total_reads_by_cell
/scratch/data/leah/phertilizer/src/branching_split.py:108: RuntimeWarning: invalid value encountered in true_divide
  tmb = mut_var_count_by_cell/mut_total_reads_by_cell
/scratch/data/leah/phertilizer/src/branching_split.py:108: RuntimeWarning: invalid value encountered in true_divide
  tmb = mut_var_count_by_cell/mut_total_reads_by_cell
/scratch/data/leah/phertilizer/src/branching_split.py:108: RuntimeWarning: invalid value encountered in true_divide
  tmb = mut_var_count_by_cell/mut_total_reads_by_cell
/scratch/data/leah/phertilizer/src/branching_split.py:108: RuntimeWarning: invalid value encountered in true_divide
  tmb = mut_var_count_by_cell/mut_total_reads_by_cell
/scratch/data/leah/phertilizer/src/branching_split.py:108: RuntimeWarning: invalid value encountered in true_divide
  tmb = mut_var_count_by_cell/mut_total_reads_by_cell
/scratch/data/leah/phertilizer/src/linear_split.py:251: RuntimeWarning: invalid value encountered in true_divide
  tmb = mb_mut_count/mb_tot_count
INFO:root:Mb Count a: 1.3650190114068441 Mb Count b: 1.875
/scratch/data/leah/phertilizer/src/linear_split.py:251: RuntimeWarning: invalid value encountered in true_divide
  tmb = mb_mut_count/mb_tot_count
INFO:root:Mb Count a: 0.0038022813688212928 Mb Count b: 3.238095238095238
/scratch/data/leah/phertilizer/src/linear_split.py:251: RuntimeWarning: invalid value encountered in true_divide
  tmb = mb_mut_count/mb_tot_count
INFO:root:Mb Count a: 1.3536121673003803 Mb Count b: 1.6726190476190477
/scratch/data/leah/phertilizer/src/linear_split.py:251: RuntimeWarning: invalid value encountered in true_divide
  tmb = mb_mut_count/mb_tot_count
INFO:root:Mb Count a: 0.0038022813688212928 Mb Count b: 3.238095238095238
/scratch/data/leah/phertilizer/src/linear_split.py:251: RuntimeWarning: invalid value encountered in true_divide
  tmb = mb_mut_count/mb_tot_count
INFO:root:Mb Count a: 1.3536121673003803 Mb Count b: 1.8154761904761905
/scratch/data/leah/phertilizer/src/linear_split.py:251: RuntimeWarning: invalid value encountered in true_divide
  tmb = mb_mut_count/mb_tot_count
INFO:root:Mb Count a: 0.0038022813688212928 Mb Count b: 3.238095238095238
