/scratch/data/leah/phertilizer/src/branching_split.py:108: RuntimeWarning: invalid value encountered in true_divide
  tmb = mut_var_count_by_cell/mut_total_reads_by_cell
/scratch/data/leah/phertilizer/src/branching_split.py:108: RuntimeWarning: invalid value encountered in true_divide
  tmb = mut_var_count_by_cell/mut_total_reads_by_cell
/scratch/data/leah/phertilizer/src/branching_split.py:108: RuntimeWarning: invalid value encountered in true_divide
  tmb = mut_var_count_by_cell/mut_total_reads_by_cell
/scratch/data/leah/phertilizer/src/branching_split.py:108: RuntimeWarning: invalid value encountered in true_divide
  tmb = mut_var_count_by_cell/mut_total_reads_by_cell
/scratch/data/leah/phertilizer/src/branching_split.py:108: RuntimeWarning: invalid value encountered in true_divide
  tmb = mut_var_count_by_cell/mut_total_reads_by_cell
/scratch/data/leah/phertilizer/src/branching_split.py:108: RuntimeWarning: invalid value encountered in true_divide
  tmb = mut_var_count_by_cell/mut_total_reads_by_cell
INFO:root:Mb Count a: 0.9304932735426009 Mb Count b: 2.9271028037383178
INFO:root:Mb Count a: 0.1289237668161435 Mb Count b: 3.614953271028037
INFO:root:Mb Count a: 0.8632286995515696 Mb Count b: 2.8317757009345796
INFO:root:Mb Count a: 0.1289237668161435 Mb Count b: 3.614953271028037
/scratch/data/leah/phertilizer/src/linear_split.py:251: RuntimeWarning: invalid value encountered in true_divide
  tmb = mb_mut_count/mb_tot_count
INFO:root:Mb Count a: 0.7791479820627802 Mb Count b: 2.9738317757009347
INFO:root:Mb Count a: 0.1289237668161435 Mb Count b: 3.614953271028037
INFO:root:Mb Count a: 0.9712643678160919 Mb Count b: 2.151810584958217
INFO:root:Mb Count a: 0.0 Mb Count b: 1.639275766016713
INFO:root:Mb Count a: 0.8850574712643678 Mb Count b: 2.0682451253481893
INFO:root:Mb Count a: 0.0 Mb Count b: 1.639275766016713
/scratch/data/leah/phertilizer/src/linear_split.py:251: RuntimeWarning: invalid value encountered in true_divide
  tmb = mb_mut_count/mb_tot_count
INFO:root:Mb Count a: 0.9425287356321839 Mb Count b: 2.298050139275766
INFO:root:Mb Count a: 0.0 Mb Count b: 1.639275766016713
/scratch/data/leah/phertilizer/src/branching_split.py:108: RuntimeWarning: invalid value encountered in true_divide
  tmb = mut_var_count_by_cell/mut_total_reads_by_cell
/scratch/data/leah/phertilizer/src/branching_split.py:108: RuntimeWarning: invalid value encountered in true_divide
  tmb = mut_var_count_by_cell/mut_total_reads_by_cell
/scratch/data/leah/phertilizer/src/branching_split.py:108: RuntimeWarning: invalid value encountered in true_divide
  tmb = mut_var_count_by_cell/mut_total_reads_by_cell
/scratch/data/leah/phertilizer/src/branching_split.py:108: RuntimeWarning: invalid value encountered in true_divide
  tmb = mut_var_count_by_cell/mut_total_reads_by_cell
/scratch/data/leah/phertilizer/src/branching_split.py:108: RuntimeWarning: invalid value encountered in true_divide
  tmb = mut_var_count_by_cell/mut_total_reads_by_cell
/scratch/data/leah/phertilizer/src/branching_split.py:108: RuntimeWarning: invalid value encountered in true_divide
  tmb = mut_var_count_by_cell/mut_total_reads_by_cell
/scratch/data/leah/phertilizer/src/linear_split.py:251: RuntimeWarning: invalid value encountered in true_divide
  tmb = mb_mut_count/mb_tot_count
INFO:root:Mb Count a: 1.2774869109947644 Mb Count b: 2.0915032679738563
/scratch/data/leah/phertilizer/src/linear_split.py:251: RuntimeWarning: invalid value encountered in true_divide
  tmb = mb_mut_count/mb_tot_count
INFO:root:Mb Count a: 0.03926701570680628 Mb Count b: 1.8954248366013071
/scratch/data/leah/phertilizer/src/linear_split.py:251: RuntimeWarning: invalid value encountered in true_divide
  tmb = mb_mut_count/mb_tot_count
INFO:root:Mb Count a: 1.2277486910994764 Mb Count b: 2.156862745098039
/scratch/data/leah/phertilizer/src/linear_split.py:251: RuntimeWarning: invalid value encountered in true_divide
  tmb = mb_mut_count/mb_tot_count
INFO:root:Mb Count a: 0.03926701570680628 Mb Count b: 1.8954248366013071
/scratch/data/leah/phertilizer/src/linear_split.py:251: RuntimeWarning: invalid value encountered in true_divide
  tmb = mb_mut_count/mb_tot_count
INFO:root:Mb Count a: 1.2513089005235603 Mb Count b: 2.176470588235294
/scratch/data/leah/phertilizer/src/linear_split.py:251: RuntimeWarning: invalid value encountered in true_divide
  tmb = mb_mut_count/mb_tot_count
INFO:root:Mb Count a: 0.03926701570680628 Mb Count b: 1.8954248366013071
/scratch/data/leah/phertilizer/src/linear_split.py:107: RuntimeWarning: invalid value encountered in true_divide
  vaf = binary_counts/binary_tcounts
/scratch/data/leah/phertilizer/src/linear_split.py:251: RuntimeWarning: invalid value encountered in true_divide
  tmb = mb_mut_count/mb_tot_count
INFO:root:Mb Count a: 0.9594594594594594 Mb Count b: 2.58125
/scratch/data/leah/phertilizer/src/linear_split.py:251: RuntimeWarning: invalid value encountered in true_divide
  tmb = mb_mut_count/mb_tot_count
INFO:root:Mb Count a: 0.5363881401617251 Mb Count b: 1.5454545454545454
/scratch/data/leah/phertilizer/src/linear_split.py:251: RuntimeWarning: invalid value encountered in true_divide
  tmb = mb_mut_count/mb_tot_count
INFO:root:Mb Count a: 0.0 Mb Count b: 1.04
/scratch/data/leah/phertilizer/src/linear_split.py:251: RuntimeWarning: invalid value encountered in true_divide
  tmb = mb_mut_count/mb_tot_count
INFO:root:Mb Count a: 0.0 Mb Count b: 1.36
/scratch/data/leah/phertilizer/src/linear_split.py:107: RuntimeWarning: invalid value encountered in true_divide
  vaf = binary_counts/binary_tcounts
/scratch/data/leah/phertilizer/src/linear_split.py:251: RuntimeWarning: invalid value encountered in true_divide
  tmb = mb_mut_count/mb_tot_count
INFO:root:Mb Count a: 0.0 Mb Count b: 2.0846905537459284
/scratch/data/leah/phertilizer/src/linear_split.py:251: RuntimeWarning: invalid value encountered in true_divide
  tmb = mb_mut_count/mb_tot_count
INFO:root:Mb Count a: 0.8347107438016529 Mb Count b: 1.4736842105263157
/scratch/data/leah/phertilizer/src/linear_split.py:251: RuntimeWarning: invalid value encountered in true_divide
  tmb = mb_mut_count/mb_tot_count
INFO:root:Mb Count a: 0.0 Mb Count b: 1.125
/scratch/data/leah/phertilizer/src/linear_split.py:251: RuntimeWarning: invalid value encountered in true_divide
  tmb = mb_mut_count/mb_tot_count
INFO:root:Mb Count a: 0.0 Mb Count b: 1.3333333333333333
/scratch/data/leah/phertilizer/src/linear_split.py:251: RuntimeWarning: invalid value encountered in true_divide
  tmb = mb_mut_count/mb_tot_count
INFO:root:Mb Count a: 0.0 Mb Count b: 1.3333333333333333
/scratch/data/leah/phertilizer/src/linear_split.py:107: RuntimeWarning: invalid value encountered in true_divide
  vaf = binary_counts/binary_tcounts
/scratch/data/leah/phertilizer/src/linear_split.py:251: RuntimeWarning: invalid value encountered in true_divide
  tmb = mb_mut_count/mb_tot_count
INFO:root:Mb Count a: 1.2397003745318351 Mb Count b: 2.8956521739130436
/scratch/data/leah/phertilizer/src/linear_split.py:251: RuntimeWarning: invalid value encountered in true_divide
  tmb = mb_mut_count/mb_tot_count
INFO:root:Mb Count a: 0.24709302325581395 Mb Count b: 1.868421052631579
/scratch/data/leah/phertilizer/src/linear_split.py:251: RuntimeWarning: invalid value encountered in true_divide
  tmb = mb_mut_count/mb_tot_count
INFO:root:Mb Count a: 0.0 Mb Count b: 1.2954545454545454
/scratch/data/leah/phertilizer/src/linear_split.py:251: RuntimeWarning: invalid value encountered in true_divide
  tmb = mb_mut_count/mb_tot_count
INFO:root:Mb Count a: 0.06963788300835655 Mb Count b: 1.6956521739130435
/scratch/data/leah/phertilizer/src/linear_split.py:251: RuntimeWarning: invalid value encountered in true_divide
  tmb = mb_mut_count/mb_tot_count
INFO:root:Mb Count a: 0.038781163434903045 Mb Count b: 1.619047619047619
/scratch/data/leah/phertilizer/src/linear_split.py:251: RuntimeWarning: invalid value encountered in true_divide
  tmb = mb_mut_count/mb_tot_count
INFO:root:Mb Count a: 0.0332409972299169 Mb Count b: 1.619047619047619
/scratch/data/leah/phertilizer/src/linear_split.py:107: RuntimeWarning: invalid value encountered in true_divide
  vaf = binary_counts/binary_tcounts
/scratch/data/leah/phertilizer/src/linear_split.py:251: RuntimeWarning: invalid value encountered in true_divide
  tmb = mb_mut_count/mb_tot_count
INFO:root:Mb Count a: 0.0 Mb Count b: 1.888030888030888
/scratch/data/leah/phertilizer/src/linear_split.py:251: RuntimeWarning: invalid value encountered in true_divide
  tmb = mb_mut_count/mb_tot_count
INFO:root:Mb Count a: 0.0 Mb Count b: 1.6417910447761195
/scratch/data/leah/phertilizer/src/linear_split.py:251: RuntimeWarning: invalid value encountered in true_divide
  tmb = mb_mut_count/mb_tot_count
INFO:root:Mb Count a: 0.0 Mb Count b: 1.8743718592964824
/scratch/data/leah/phertilizer/src/linear_split.py:251: RuntimeWarning: invalid value encountered in true_divide
  tmb = mb_mut_count/mb_tot_count
INFO:root:Mb Count a: 0.0 Mb Count b: 1.879396984924623
/scratch/data/leah/phertilizer/src/linear_split.py:107: RuntimeWarning: invalid value encountered in true_divide
  vaf = binary_counts/binary_tcounts
/scratch/data/leah/phertilizer/src/linear_split.py:251: RuntimeWarning: invalid value encountered in true_divide
  tmb = mb_mut_count/mb_tot_count
INFO:root:Mb Count a: 1.4954128440366972 Mb Count b: 2.1363636363636362
/scratch/data/leah/phertilizer/src/linear_split.py:251: RuntimeWarning: invalid value encountered in true_divide
  tmb = mb_mut_count/mb_tot_count
INFO:root:Mb Count a: 0.0 Mb Count b: 1.0714285714285714
/scratch/data/leah/phertilizer/src/linear_split.py:251: RuntimeWarning: invalid value encountered in true_divide
  tmb = mb_mut_count/mb_tot_count
INFO:root:Mb Count a: 0.0 Mb Count b: 1.1428571428571428
/scratch/data/leah/phertilizer/src/linear_split.py:107: RuntimeWarning: invalid value encountered in true_divide
  vaf = binary_counts/binary_tcounts
/scratch/data/leah/phertilizer/src/linear_split.py:251: RuntimeWarning: invalid value encountered in true_divide
  tmb = mb_mut_count/mb_tot_count
INFO:root:Mb Count a: 0.0 Mb Count b: 2.0185873605947955
/scratch/data/leah/phertilizer/src/linear_split.py:251: RuntimeWarning: invalid value encountered in true_divide
  tmb = mb_mut_count/mb_tot_count
INFO:root:Mb Count a: 0.0 Mb Count b: 1.558252427184466
/scratch/data/leah/phertilizer/src/linear_split.py:251: RuntimeWarning: invalid value encountered in true_divide
  tmb = mb_mut_count/mb_tot_count
INFO:root:Mb Count a: 0.0 Mb Count b: 1.9558823529411764
/scratch/data/leah/phertilizer/src/linear_split.py:251: RuntimeWarning: invalid value encountered in true_divide
  tmb = mb_mut_count/mb_tot_count
INFO:root:Mb Count a: 0.0 Mb Count b: 1.9558823529411764
/scratch/data/leah/phertilizer/src/branching_split.py:108: RuntimeWarning: invalid value encountered in true_divide
  tmb = mut_var_count_by_cell/mut_total_reads_by_cell
/scratch/data/leah/phertilizer/src/branching_split.py:108: RuntimeWarning: invalid value encountered in true_divide
  tmb = mut_var_count_by_cell/mut_total_reads_by_cell
/scratch/data/leah/phertilizer/src/branching_split.py:108: RuntimeWarning: invalid value encountered in true_divide
  tmb = mut_var_count_by_cell/mut_total_reads_by_cell
/scratch/data/leah/phertilizer/src/branching_split.py:108: RuntimeWarning: invalid value encountered in true_divide
  tmb = mut_var_count_by_cell/mut_total_reads_by_cell
/scratch/data/leah/phertilizer/src/branching_split.py:108: RuntimeWarning: invalid value encountered in true_divide
  tmb = mut_var_count_by_cell/mut_total_reads_by_cell
/scratch/data/leah/phertilizer/src/branching_split.py:108: RuntimeWarning: invalid value encountered in true_divide
  tmb = mut_var_count_by_cell/mut_total_reads_by_cell
/scratch/data/leah/phertilizer/src/linear_split.py:251: RuntimeWarning: invalid value encountered in true_divide
  tmb = mb_mut_count/mb_tot_count
INFO:root:Mb Count a: 0.7552742616033755 Mb Count b: 1.1437908496732025
/scratch/data/leah/phertilizer/src/linear_split.py:251: RuntimeWarning: invalid value encountered in true_divide
  tmb = mb_mut_count/mb_tot_count
INFO:root:Mb Count a: 0.016877637130801686 Mb Count b: 1.2941176470588236
/scratch/data/leah/phertilizer/src/linear_split.py:251: RuntimeWarning: invalid value encountered in true_divide
  tmb = mb_mut_count/mb_tot_count
INFO:root:Mb Count a: 0.7468354430379747 Mb Count b: 1.1895424836601307
/scratch/data/leah/phertilizer/src/linear_split.py:251: RuntimeWarning: invalid value encountered in true_divide
  tmb = mb_mut_count/mb_tot_count
INFO:root:Mb Count a: 0.016877637130801686 Mb Count b: 1.2941176470588236
/scratch/data/leah/phertilizer/src/linear_split.py:251: RuntimeWarning: invalid value encountered in true_divide
  tmb = mb_mut_count/mb_tot_count
INFO:root:Mb Count a: 0.7721518987341772 Mb Count b: 1.1503267973856208
/scratch/data/leah/phertilizer/src/linear_split.py:251: RuntimeWarning: invalid value encountered in true_divide
  tmb = mb_mut_count/mb_tot_count
INFO:root:Mb Count a: 0.016877637130801686 Mb Count b: 1.2941176470588236
/scratch/data/leah/phertilizer/src/branching_split.py:108: RuntimeWarning: invalid value encountered in true_divide
  tmb = mut_var_count_by_cell/mut_total_reads_by_cell
/scratch/data/leah/phertilizer/src/linear_split.py:251: RuntimeWarning: invalid value encountered in true_divide
  tmb = mb_mut_count/mb_tot_count
INFO:root:Mb Count a: 0.5548172757475083 Mb Count b: 1.1111111111111112
/scratch/data/leah/phertilizer/src/linear_split.py:251: RuntimeWarning: invalid value encountered in true_divide
  tmb = mb_mut_count/mb_tot_count
/scratch/data/leah/phertilizer/src/linear_split.py:251: RuntimeWarning: invalid value encountered in true_divide
  tmb = mb_mut_count/mb_tot_count
INFO:root:Mb Count a: 0.6366559485530546 Mb Count b: 1.028169014084507
/scratch/data/leah/phertilizer/src/linear_split.py:251: RuntimeWarning: invalid value encountered in true_divide
  tmb = mb_mut_count/mb_tot_count
/scratch/data/leah/phertilizer/src/linear_split.py:251: RuntimeWarning: invalid value encountered in true_divide
  tmb = mb_mut_count/mb_tot_count
INFO:root:Mb Count a: 0.6360544217687075 Mb Count b: 0.9318181818181818
/scratch/data/leah/phertilizer/src/linear_split.py:251: RuntimeWarning: invalid value encountered in true_divide
  tmb = mb_mut_count/mb_tot_count
/scratch/data/leah/phertilizer/src/branching_split.py:108: RuntimeWarning: invalid value encountered in true_divide
  tmb = mut_var_count_by_cell/mut_total_reads_by_cell
/scratch/data/leah/phertilizer/src/branching_split.py:108: RuntimeWarning: invalid value encountered in true_divide
  tmb = mut_var_count_by_cell/mut_total_reads_by_cell
/scratch/data/leah/phertilizer/src/branching_split.py:108: RuntimeWarning: invalid value encountered in true_divide
  tmb = mut_var_count_by_cell/mut_total_reads_by_cell
/scratch/data/leah/phertilizer/src/branching_split.py:108: RuntimeWarning: invalid value encountered in true_divide
  tmb = mut_var_count_by_cell/mut_total_reads_by_cell
/scratch/data/leah/phertilizer/src/branching_split.py:108: RuntimeWarning: invalid value encountered in true_divide
  tmb = mut_var_count_by_cell/mut_total_reads_by_cell
/scratch/data/leah/phertilizer/src/branching_split.py:108: RuntimeWarning: invalid value encountered in true_divide
  tmb = mut_var_count_by_cell/mut_total_reads_by_cell
/scratch/data/leah/phertilizer/src/linear_split.py:251: RuntimeWarning: invalid value encountered in true_divide
  tmb = mb_mut_count/mb_tot_count
INFO:root:Mb Count a: 1.2015706806282722 Mb Count b: 2.084967320261438
/scratch/data/leah/phertilizer/src/linear_split.py:251: RuntimeWarning: invalid value encountered in true_divide
  tmb = mb_mut_count/mb_tot_count
INFO:root:Mb Count a: 0.03926701570680628 Mb Count b: 1.8758169934640523
/scratch/data/leah/phertilizer/src/linear_split.py:251: RuntimeWarning: invalid value encountered in true_divide
  tmb = mb_mut_count/mb_tot_count
INFO:root:Mb Count a: 1.243455497382199 Mb Count b: 2.1699346405228757
/scratch/data/leah/phertilizer/src/linear_split.py:251: RuntimeWarning: invalid value encountered in true_divide
  tmb = mb_mut_count/mb_tot_count
INFO:root:Mb Count a: 0.03926701570680628 Mb Count b: 1.8758169934640523
INFO:root:Mb Count a: 1.3350785340314135 Mb Count b: 2.0718954248366015
/scratch/data/leah/phertilizer/src/linear_split.py:251: RuntimeWarning: invalid value encountered in true_divide
  tmb = mb_mut_count/mb_tot_count
INFO:root:Mb Count a: 0.03926701570680628 Mb Count b: 1.8758169934640523
/scratch/data/leah/phertilizer/src/linear_split.py:107: RuntimeWarning: invalid value encountered in true_divide
  vaf = binary_counts/binary_tcounts
/scratch/data/leah/phertilizer/src/linear_split.py:251: RuntimeWarning: invalid value encountered in true_divide
  tmb = mb_mut_count/mb_tot_count
INFO:root:Mb Count a: 0.0 Mb Count b: 1.9713375796178343
/scratch/data/leah/phertilizer/src/linear_split.py:251: RuntimeWarning: invalid value encountered in true_divide
  tmb = mb_mut_count/mb_tot_count
INFO:root:Mb Count a: 0.0 Mb Count b: 1.4502369668246446
INFO:root:Mb Count a: 0.0 Mb Count b: 1.8904761904761904
INFO:root:Mb Count a: 0.0 Mb Count b: 1.9086538461538463
INFO:root:Mb Count a: 0.0 Mb Count b: 1.9134615384615385
/scratch/data/leah/phertilizer/src/linear_split.py:107: RuntimeWarning: invalid value encountered in true_divide
  vaf = binary_counts/binary_tcounts
/scratch/data/leah/phertilizer/src/linear_split.py:251: RuntimeWarning: invalid value encountered in true_divide
  tmb = mb_mut_count/mb_tot_count
INFO:root:Mb Count a: 0.0 Mb Count b: 2.013029315960912
/scratch/data/leah/phertilizer/src/linear_split.py:251: RuntimeWarning: invalid value encountered in true_divide
  tmb = mb_mut_count/mb_tot_count
INFO:root:Mb Count a: 0.0 Mb Count b: 1.6331877729257642
INFO:root:Mb Count a: 0.0 Mb Count b: 2.06140350877193
INFO:root:Mb Count a: 0.0 Mb Count b: 2.0833333333333335
/scratch/data/leah/phertilizer/src/linear_split.py:107: RuntimeWarning: invalid value encountered in true_divide
  vaf = binary_counts/binary_tcounts
/scratch/data/leah/phertilizer/src/linear_split.py:251: RuntimeWarning: invalid value encountered in true_divide
  tmb = mb_mut_count/mb_tot_count
INFO:root:Mb Count a: 0.9670781893004116 Mb Count b: 2.446043165467626
/scratch/data/leah/phertilizer/src/linear_split.py:251: RuntimeWarning: invalid value encountered in true_divide
  tmb = mb_mut_count/mb_tot_count
INFO:root:Mb Count a: 0.0 Mb Count b: 1.5901639344262295
/scratch/data/leah/phertilizer/src/linear_split.py:251: RuntimeWarning: invalid value encountered in true_divide
  tmb = mb_mut_count/mb_tot_count
INFO:root:Mb Count a: 0.3081570996978852 Mb Count b: 2.019607843137255
/scratch/data/leah/phertilizer/src/linear_split.py:251: RuntimeWarning: invalid value encountered in true_divide
  tmb = mb_mut_count/mb_tot_count
INFO:root:Mb Count a: 0.0 Mb Count b: 1.5192307692307692
/scratch/data/leah/phertilizer/src/linear_split.py:251: RuntimeWarning: invalid value encountered in true_divide
  tmb = mb_mut_count/mb_tot_count
INFO:root:Mb Count a: 0.0 Mb Count b: 1.6923076923076923
/scratch/data/leah/phertilizer/src/linear_split.py:251: RuntimeWarning: invalid value encountered in true_divide
  tmb = mb_mut_count/mb_tot_count
INFO:root:Mb Count a: 0.0 Mb Count b: 1.7115384615384615
/scratch/data/leah/phertilizer/src/branching_split.py:108: RuntimeWarning: invalid value encountered in true_divide
  tmb = mut_var_count_by_cell/mut_total_reads_by_cell
/scratch/data/leah/phertilizer/src/branching_split.py:108: RuntimeWarning: invalid value encountered in true_divide
  tmb = mut_var_count_by_cell/mut_total_reads_by_cell
/scratch/data/leah/phertilizer/src/branching_split.py:108: RuntimeWarning: invalid value encountered in true_divide
  tmb = mut_var_count_by_cell/mut_total_reads_by_cell
/scratch/data/leah/phertilizer/src/branching_split.py:108: RuntimeWarning: invalid value encountered in true_divide
  tmb = mut_var_count_by_cell/mut_total_reads_by_cell
/scratch/data/leah/phertilizer/src/branching_split.py:108: RuntimeWarning: invalid value encountered in true_divide
  tmb = mut_var_count_by_cell/mut_total_reads_by_cell
/scratch/data/leah/phertilizer/src/branching_split.py:108: RuntimeWarning: invalid value encountered in true_divide
  tmb = mut_var_count_by_cell/mut_total_reads_by_cell
/scratch/data/leah/phertilizer/src/linear_split.py:251: RuntimeWarning: invalid value encountered in true_divide
  tmb = mb_mut_count/mb_tot_count
INFO:root:Mb Count a: 0.7788461538461539 Mb Count b: 1.1241830065359477
/scratch/data/leah/phertilizer/src/linear_split.py:251: RuntimeWarning: invalid value encountered in true_divide
  tmb = mb_mut_count/mb_tot_count
INFO:root:Mb Count a: 0.004807692307692308 Mb Count b: 1.2875816993464053
/scratch/data/leah/phertilizer/src/linear_split.py:251: RuntimeWarning: invalid value encountered in true_divide
  tmb = mb_mut_count/mb_tot_count
INFO:root:Mb Count a: 0.7740384615384616 Mb Count b: 1.2679738562091503
/scratch/data/leah/phertilizer/src/linear_split.py:251: RuntimeWarning: invalid value encountered in true_divide
  tmb = mb_mut_count/mb_tot_count
INFO:root:Mb Count a: 0.004807692307692308 Mb Count b: 1.2875816993464053
/scratch/data/leah/phertilizer/src/linear_split.py:251: RuntimeWarning: invalid value encountered in true_divide
  tmb = mb_mut_count/mb_tot_count
INFO:root:Mb Count a: 0.8076923076923077 Mb Count b: 1.1699346405228759
/scratch/data/leah/phertilizer/src/linear_split.py:251: RuntimeWarning: invalid value encountered in true_divide
  tmb = mb_mut_count/mb_tot_count
INFO:root:Mb Count a: 0.004807692307692308 Mb Count b: 1.2875816993464053
