Input data:
     chr  mutation_id  cell_id base  var  total
0  chr15            0      118    C    1      1
1  chr15            0      127    C    2      2
2  chr15            0      134    C    1      1
3  chr15            0      359    C    0      1
4  chr15            0      389    C    0      1
Phertilizer is running in infinite sites mode...

Starting tilling phase....
func:'till' args:[(<phertilizer.Phertilizer object at 0x7f6ca7d5e2e0>, 0.0, 0.0, 5, 0.001, 13, False, 1.0, 0.15), {}] took: 5.6642 sec
Tilling phase complete!
Phertilizing a tree with n:1345 cells and m: 1295 SNVs

Starting planting phase....
Starting k-clonal tree inference for seed:
Cells: 1345 Muts: 1295 Ancestral Muts: 0 
Sprouting seed:
Cells: 1345 Muts: 1295 Ancestral Muts: 0 
Sprouting a branching tree from seed ...
(Generator(PCG64) at 0x7F6C95996C80,)
Jump Percentage: 0.999999999999985 First Eig Val: -3.4721529335725535e-16 First Gap: 6.804070112338225e-16 Largest Gap: 0.5914319935111482 Number of Clusters:3
CellsA: 861 CellsB: 484
MutsA: 195 mutsB: 404
Jump Percentage: 0.9999999999999725 First Eig Val: -1.5009372957293988e-23 First Gap: 8.592816456324175e-16 Largest Gap: 0.35449067311594123 Number of Clusters:3
Clonal Tree 0 
[(0, 1), (0, 2)] 
Loss Nodes:0
Node: 0 Cells: 0 Muts: 696 LostMuts: 0
Node: 1 Cells: 861 Muts: 195 LostMuts: 0
Node: 2 Cells: 484 Muts: 404 LostMuts: 0
Total Cells: 1345 Total Muts: 1295
Jump Percentage: 0.9999999999999966 First Eig Val: 3.870394498756614e-16 First Gap: 2.1774586630056933e-17 Largest Gap: 0.595407855961583 Number of Clusters:3
CellsA: 484 CellsB: 861
MutsA: 405 mutsB: 194
Jump Percentage: 0.9999999999999855 First Eig Val: -5.550989949237285e-16 First Gap: 3.6444777223762954e-16 Largest Gap: 0.34952769816840074 Number of Clusters:3
Clonal Tree 0 
[(0, 1), (0, 2)] 
Loss Nodes:0
Node: 0 Cells: 0 Muts: 696 LostMuts: 0
Node: 1 Cells: 484 Muts: 405 LostMuts: 0
Node: 2 Cells: 861 Muts: 194 LostMuts: 0
Total Cells: 1345 Total Muts: 1295
Jump Percentage: 0.9999999999999905 First Eig Val: -1.4170357757967802e-16 First Gap: 2.6252925713857094e-16 Largest Gap: 0.5888511063262805 Number of Clusters:3
CellsA: 861 CellsB: 484
MutsA: 195 mutsB: 404
Jump Percentage: 0.9999999999999725 First Eig Val: -1.5009372957293988e-23 First Gap: 8.592816456324175e-16 Largest Gap: 0.35449067311594123 Number of Clusters:3
Clonal Tree 0 
[(0, 1), (0, 2)] 
Loss Nodes:0
Node: 0 Cells: 0 Muts: 696 LostMuts: 0
Node: 1 Cells: 861 Muts: 195 LostMuts: 0
Node: 2 Cells: 484 Muts: 404 LostMuts: 0
Total Cells: 1345 Total Muts: 1295
Finding the maximum likelihood tree out of 3 trees....
Clonal Tree 0 
[(0, 1), (0, 2)] 
Loss Nodes:0
Node: 0 Cells: 0 Muts: 696 LostMuts: 0
Node: 1 Cells: 861 Muts: 195 LostMuts: 0
Node: 2 Cells: 484 Muts: 404 LostMuts: 0
Total Cells: 1345 Total Muts: 1295

Tree: 0 LogLikelihood: 1102614.0843267012
Variant LogLikelihood: -13712.282527744468 
RDR LogLikelihood: 1116326.3668544455

Clonal Tree 1 
[(0, 1), (0, 2)] 
Loss Nodes:0
Node: 0 Cells: 0 Muts: 696 LostMuts: 0
Node: 1 Cells: 484 Muts: 405 LostMuts: 0
Node: 2 Cells: 861 Muts: 194 LostMuts: 0
Total Cells: 1345 Total Muts: 1295

Tree: 1 LogLikelihood: 1102617.5393040315
Variant LogLikelihood: -13708.827550413947 
RDR LogLikelihood: 1116326.3668544455

Clonal Tree 2 
[(0, 1), (0, 2)] 
Loss Nodes:0
Node: 0 Cells: 0 Muts: 696 LostMuts: 0
Node: 1 Cells: 861 Muts: 195 LostMuts: 0
Node: 2 Cells: 484 Muts: 404 LostMuts: 0
Total Cells: 1345 Total Muts: 1295

Tree: 2 LogLikelihood: 1102614.0843267012
Variant LogLikelihood: -13712.282527744468 
RDR LogLikelihood: 1116326.3668544455

Sprouted tree:
Clonal Tree 1 
[(0, 1), (0, 2)] 
Loss Nodes:0
Node: 0 Cells: 0 Muts: 696 LostMuts: 0
Node: 1 Cells: 484 Muts: 405 LostMuts: 0
Node: 2 Cells: 861 Muts: 194 LostMuts: 0
Total Cells: 1345 Total Muts: 1295
Cells: 484 Muts: 405 Ancestral Muts: 696 
Cells: 861 Muts: 194 Ancestral Muts: 696 
Sprouting seed:
Cells: 1345 Muts: 1295 Ancestral Muts: 0 
Sprouting a linear tree from seed ...
Jump Percentage: 0.9999999999999772 First Eig Val: -2.2276495411059433e-16 First Gap: 4.605812116330844e-16 Largest Gap: 0.5582081597484841 Number of Clusters:3
start:0 iteration:0
CellsA: 861 CellsB: 484
MutsA: 835 MutsB: 460
Jump Percentage: 0.999999999999992 First Eig Val: -3.242695368066072e-16 First Gap: 5.365326253376647e-16 Largest Gap: 0.4943043242248092 Number of Clusters:3
adding tree to internal list:
Clonal Tree 0 
[(0, 1)] 
Loss Nodes:0
Node: 0 Cells: 861 Muts: 835 LostMuts: 0
Node: 1 Cells: 484 Muts: 460 LostMuts: 0
Total Cells: 1345 Total Muts: 1295
Jump Percentage: 0.9999999999999634 First Eig Val: -2.063325299849398e-17 First Gap: 1.274134860632317e-15 Largest Gap: 0.5557112813126716 Number of Clusters:3
start:1 iteration:0
CellsA: 861 CellsB: 484
MutsA: 835 MutsB: 460
Jump Percentage: 0.999999999999992 First Eig Val: -3.242695368066072e-16 First Gap: 5.365326253376647e-16 Largest Gap: 0.4943043242248092 Number of Clusters:3
adding tree to internal list:
Clonal Tree 0 
[(0, 1)] 
Loss Nodes:0
Node: 0 Cells: 861 Muts: 835 LostMuts: 0
Node: 1 Cells: 484 Muts: 460 LostMuts: 0
Total Cells: 1345 Total Muts: 1295
Jump Percentage: 0.9999999999999872 First Eig Val: 2.0564521042405036e-22 First Gap: 2.539746468984858e-16 Largest Gap: 0.5512438644951272 Number of Clusters:3
start:2 iteration:0
CellsA: 861 CellsB: 484
MutsA: 835 MutsB: 460
Jump Percentage: 0.999999999999992 First Eig Val: -3.242695368066072e-16 First Gap: 5.365326253376647e-16 Largest Gap: 0.4943043242248092 Number of Clusters:3
adding tree to internal list:
Clonal Tree 0 
[(0, 1)] 
Loss Nodes:0
Node: 0 Cells: 861 Muts: 835 LostMuts: 0
Node: 1 Cells: 484 Muts: 460 LostMuts: 0
Total Cells: 1345 Total Muts: 1295
adding tree to candidate list:
Clonal Tree 0 
[(0, 1)] 
Loss Nodes:0
Node: 0 Cells: 861 Muts: 835 LostMuts: 0
Node: 1 Cells: 484 Muts: 460 LostMuts: 0
Total Cells: 1345 Total Muts: 1295
Normalized Likelihood: -0.6836083033596274
Using SNV kernel only
Jump Percentage: 0.1498276051200086 First Eig Val: -6.688791563347613e-16 First Gap: 0.6362719265357054 Largest Gap: 0.6362719265357054 Number of Clusters:1
start:0 iteration:0
CellsA: 365 CellsB: 496
MutsA: 502 MutsB: 793
Using SNV kernel only
Jump Percentage: 0.10955911142861177 First Eig Val: 2.2891464954791447e-16 First Gap: 0.4632020710502525 Largest Gap: 0.4632020710502525 Number of Clusters:1
start:0 iteration:1
CellsA: 580 CellsB: 281
MutsA: 595 MutsB: 700
Using SNV kernel only
Jump Percentage: 0.08591618665855788 First Eig Val: -1.1000350484424639e-15 First Gap: 0.4718588142090604 Largest Gap: 0.4718588142090604 Number of Clusters:1
start:0 iteration:2
CellsA: 592 CellsB: 269
MutsA: 605 MutsB: 690
Using SNV kernel only
Jump Percentage: 0.07890347264299935 First Eig Val: 1.792498037448937e-15 First Gap: 0.46714713793787527 Largest Gap: 0.46714713793787527 Number of Clusters:1
start:0 iteration:3
CellsA: 595 CellsB: 266
MutsA: 609 MutsB: 686
Using SNV kernel only
Jump Percentage: 0.08018946614210337 First Eig Val: -7.906128521545299e-16 First Gap: 0.4642103071071852 Largest Gap: 0.4642103071071852 Number of Clusters:1
start:0 iteration:4
CellsA: 597 CellsB: 264
MutsA: 611 MutsB: 684
Using SNV kernel only
Jump Percentage: 0.07957802467924975 First Eig Val: -1.005904288287332e-15 First Gap: 0.4654773158737024 Largest Gap: 0.4654773158737024 Number of Clusters:1
start:0 iteration:5
CellsA: 596 CellsB: 265
MutsA: 611 MutsB: 684
Using SNV kernel only
Jump Percentage: 0.07957802467924975 First Eig Val: -1.005904288287332e-15 First Gap: 0.4654773158737024 Largest Gap: 0.4654773158737024 Number of Clusters:1
adding tree to internal list:
Clonal Tree 0 
[(0, 1)] 
Loss Nodes:0
Node: 0 Cells: 596 Muts: 611 LostMuts: 0
Node: 1 Cells: 749 Muts: 684 LostMuts: 0
Total Cells: 1345 Total Muts: 1295
Using SNV kernel only
Jump Percentage: 0.1426819761680865 First Eig Val: 2.093448320836792e-16 First Gap: 0.6365044397180236 Largest Gap: 0.6365044397180236 Number of Clusters:1
start:1 iteration:0
CellsA: 366 CellsB: 495
MutsA: 502 MutsB: 793
Using SNV kernel only
Jump Percentage: 0.11925884207520238 First Eig Val: 6.224065859149793e-16 First Gap: 0.5791904945828797 Largest Gap: 0.5791904945828797 Number of Clusters:1
start:1 iteration:1
CellsA: 593 CellsB: 268
MutsA: 615 MutsB: 680
Using SNV kernel only
Jump Percentage: 0.11461502172323965 First Eig Val: 1.531435707372474e-15 First Gap: 0.5725473322912222 Largest Gap: 0.5725473322912222 Number of Clusters:1
start:1 iteration:2
CellsA: 697 CellsB: 164
MutsA: 679 MutsB: 616
Using SNV kernel only
Jump Percentage: 0.13668723748761408 First Eig Val: 2.2591410565372474e-15 First Gap: 0.6077752833687206 Largest Gap: 0.6077752833687206 Number of Clusters:1
start:1 iteration:3
CellsA: 723 CellsB: 138
MutsA: 700 MutsB: 595
Using SNV kernel only
Jump Percentage: 0.09170529358527711 First Eig Val: -4.4340339424788877e-16 First Gap: 0.6301671657151413 Largest Gap: 0.6301671657151413 Number of Clusters:1
start:1 iteration:4
CellsA: 712 CellsB: 149
MutsA: 703 MutsB: 592
Using SNV kernel only
Jump Percentage: 0.08643009615035349 First Eig Val: -2.349521158564694e-16 First Gap: 0.6301900741089405 Largest Gap: 0.6301900741089405 Number of Clusters:1
start:1 iteration:5
CellsA: 712 CellsB: 149
MutsA: 703 MutsB: 592
Using SNV kernel only
Jump Percentage: 0.08604956686553526 First Eig Val: 1.1068848903035973e-15 First Gap: 0.6291068745317381 Largest Gap: 0.6291068745317381 Number of Clusters:1
adding tree to internal list:
Clonal Tree 0 
[(0, 1)] 
Loss Nodes:0
Node: 0 Cells: 712 Muts: 703 LostMuts: 0
Node: 1 Cells: 633 Muts: 592 LostMuts: 0
Total Cells: 1345 Total Muts: 1295
Using SNV kernel only
Jump Percentage: 0.145722530358965 First Eig Val: -8.301022352242156e-16 First Gap: 0.6299872199996185 Largest Gap: 0.6299872199996185 Number of Clusters:1
start:2 iteration:0
CellsA: 359 CellsB: 502
MutsA: 467 MutsB: 828
Using SNV kernel only
Jump Percentage: 0.109304371475609 First Eig Val: 9.534119207652662e-16 First Gap: 0.5571207989428584 Largest Gap: 0.5571207989428584 Number of Clusters:1
start:2 iteration:1
CellsA: 462 CellsB: 399
MutsA: 494 MutsB: 801
Using SNV kernel only
Jump Percentage: 0.11683434232081505 First Eig Val: 2.5039903840386482e-17 First Gap: 0.5304271428154019 Largest Gap: 0.5304271428154019 Number of Clusters:1
start:2 iteration:2
CellsA: 437 CellsB: 424
MutsA: 483 MutsB: 812
Using SNV kernel only
Jump Percentage: 0.1200386564590376 First Eig Val: 5.117532060174755e-16 First Gap: 0.5238955368078528 Largest Gap: 0.5238955368078528 Number of Clusters:1
start:2 iteration:3
CellsA: 435 CellsB: 426
MutsA: 482 MutsB: 813
Using SNV kernel only
Jump Percentage: 0.1201250882857633 First Eig Val: 2.2091231016869155e-16 First Gap: 0.5235709715434445 Largest Gap: 0.5235709715434445 Number of Clusters:1
adding tree to internal list:
Clonal Tree 0 
[(0, 1)] 
Loss Nodes:0
Node: 0 Cells: 435 Muts: 482 LostMuts: 0
Node: 1 Cells: 910 Muts: 813 LostMuts: 0
Total Cells: 1345 Total Muts: 1295
adding tree to candidate list:
Clonal Tree 2 
[(0, 1)] 
Loss Nodes:0
Node: 0 Cells: 435 Muts: 482 LostMuts: 0
Node: 1 Cells: 910 Muts: 813 LostMuts: 0
Total Cells: 1345 Total Muts: 1295
Normalized Likelihood: -0.5449801698538305
Using SNV kernel only
Jump Percentage: 0.14568540012229872 First Eig Val: -3.506728310928381e-16 First Gap: 0.6294472069992154 Largest Gap: 0.6294472069992154 Number of Clusters:1
start:0 iteration:0
CellsA: 127 CellsB: 308
MutsA: 514 MutsB: 781
Using SNV kernel only
Jump Percentage: 0.15585275351277922 First Eig Val: -2.3720853286388228e-17 First Gap: 0.5222282786809918 Largest Gap: 0.5222282786809918 Number of Clusters:1
start:0 iteration:1
CellsA: 225 CellsB: 210
MutsA: 327 MutsB: 968
Using SNV kernel only
Jump Percentage: 0.09130848717252787 First Eig Val: -4.874334777053497e-16 First Gap: 0.5387111466113156 Largest Gap: 0.5387111466113156 Number of Clusters:1
start:0 iteration:2
CellsA: 356 CellsB: 79
MutsA: 373 MutsB: 922
Using SNV kernel only
Jump Percentage: 0.10531777693991971 First Eig Val: -6.284156245706453e-16 First Gap: 0.6058616634429176 Largest Gap: 0.6058616634429176 Number of Clusters:1
start:0 iteration:3
CellsA: 387 CellsB: 48
MutsA: 399 MutsB: 896
Using SNV kernel only
Jump Percentage: 0.12082255212075212 First Eig Val: -3.088228090896831e-16 First Gap: 0.6481309483659323 Largest Gap: 0.6481309483659323 Number of Clusters:1
start:0 iteration:4
CellsA: 393 CellsB: 42
MutsA: 403 MutsB: 892
Using SNV kernel only
Jump Percentage: 0.1530146113118411 First Eig Val: -6.542487471148688e-19 First Gap: 0.6527342088617248 Largest Gap: 0.6527342088617248 Number of Clusters:1
start:0 iteration:5
CellsA: 394 CellsB: 41
MutsA: 404 MutsB: 891
Using SNV kernel only
Jump Percentage: 0.1533671115427489 First Eig Val: 2.4357446056907017e-16 First Gap: 0.6524395215315162 Largest Gap: 0.6524395215315162 Number of Clusters:1
adding tree to internal list:
Clonal Tree 0 
[(0, 1)] 
Loss Nodes:0
Node: 0 Cells: 394 Muts: 404 LostMuts: 0
Node: 1 Cells: 951 Muts: 891 LostMuts: 0
Total Cells: 1345 Total Muts: 1295
Using SNV kernel only
Jump Percentage: 0.11986998848497757 First Eig Val: 1.750354795256584e-16 First Gap: 0.607095360838758 Largest Gap: 0.607095360838758 Number of Clusters:1
start:1 iteration:0
CellsA: 279 CellsB: 156
MutsA: 345 MutsB: 950
Using SNV kernel only
Jump Percentage: 0.08944550045029713 First Eig Val: -2.774975093145252e-16 First Gap: 0.544548900239598 Largest Gap: 0.544548900239598 Number of Clusters:1
start:1 iteration:1
CellsA: 386 CellsB: 49
MutsA: 400 MutsB: 895
Using SNV kernel only
Jump Percentage: 0.12254804210355574 First Eig Val: 2.9044809591943357e-16 First Gap: 0.5883053152315045 Largest Gap: 0.5883053152315045 Number of Clusters:1
start:1 iteration:2
CellsA: 393 CellsB: 42
MutsA: 408 MutsB: 887
Using SNV kernel only
Jump Percentage: 0.11825878193735206 First Eig Val: 2.59563296936089e-16 First Gap: 0.5935370365271105 Largest Gap: 0.5935370365271105 Number of Clusters:1
start:1 iteration:3
CellsA: 391 CellsB: 44
MutsA: 407 MutsB: 888
Using SNV kernel only
Jump Percentage: 0.11556059071767395 First Eig Val: 4.1846590510585145e-16 First Gap: 0.5875345017402458 Largest Gap: 0.5875345017402458 Number of Clusters:1
adding tree to internal list:
Clonal Tree 0 
[(0, 1)] 
Loss Nodes:0
Node: 0 Cells: 391 Muts: 407 LostMuts: 0
Node: 1 Cells: 954 Muts: 888 LostMuts: 0
Total Cells: 1345 Total Muts: 1295
Using SNV kernel only
Jump Percentage: 0.3372517963723162 First Eig Val: 1.9894440356392594e-17 First Gap: 0.6127238794025569 Largest Gap: 0.6127238794025569 Number of Clusters:1
start:2 iteration:0
CellsA: 146 CellsB: 289
MutsA: 475 MutsB: 820
Using SNV kernel only
Jump Percentage: 0.0928635421954451 First Eig Val: -9.31445634164596e-17 First Gap: 0.6501360745382575 Largest Gap: 0.6501360745382575 Number of Clusters:1
start:2 iteration:1
CellsA: 220 CellsB: 215
MutsA: 343 MutsB: 952
Using SNV kernel only
Jump Percentage: 0.1118347408939492 First Eig Val: -3.975255880764567e-16 First Gap: 0.6770242250512363 Largest Gap: 0.6770242250512363 Number of Clusters:1
adding tree to internal list:
Clonal Tree 0 
[(0, 1)] 
Loss Nodes:0
Node: 0 Cells: 220 Muts: 343 LostMuts: 0
Node: 1 Cells: 1125 Muts: 952 LostMuts: 0
Total Cells: 1345 Total Muts: 1295
adding tree to candidate list:
Clonal Tree 0 
[(0, 1)] 
Loss Nodes:0
Node: 0 Cells: 394 Muts: 404 LostMuts: 0
Node: 1 Cells: 951 Muts: 891 LostMuts: 0
Total Cells: 1345 Total Muts: 1295
Normalized Likelihood: -0.5104474951205211
Using SNV kernel only
Jump Percentage: 0.14541795829880233 First Eig Val: 1.0252931325926529e-15 First Gap: 0.6784826995952628 Largest Gap: 0.6784826995952628 Number of Clusters:1
start:0 iteration:0
CellsA: 326 CellsB: 68
MutsA: 370 MutsB: 925
Using SNV kernel only
Jump Percentage: 0.18489330843414606 First Eig Val: 5.921900700062918e-16 First Gap: 0.5777050064093187 Largest Gap: 0.5777050064093187 Number of Clusters:1
start:0 iteration:1
CellsA: 379 CellsB: 15
MutsA: 389 MutsB: 906
Using SNV kernel only
Jump Percentage: 0.43300256413519994 First Eig Val: 6.329378186193763e-16 First Gap: 0.6764995724673053 Largest Gap: 0.6764995724673053 Number of Clusters:1
start:0 iteration:2
CellsA: 378 CellsB: 16
MutsA: 389 MutsB: 906
Using SNV kernel only
Jump Percentage: 0.43300256413519994 First Eig Val: 6.329378186193763e-16 First Gap: 0.6764995724673053 Largest Gap: 0.6764995724673053 Number of Clusters:1
adding tree to internal list:
Clonal Tree 0 
[(0, 1)] 
Loss Nodes:0
Node: 0 Cells: 378 Muts: 389 LostMuts: 0
Node: 1 Cells: 967 Muts: 906 LostMuts: 0
Total Cells: 1345 Total Muts: 1295
Using SNV kernel only
Jump Percentage: 0.14212760475743788 First Eig Val: 4.359507419943895e-16 First Gap: 0.5778819610206822 Largest Gap: 0.5778819610206822 Number of Clusters:1
start:1 iteration:0
CellsA: 281 CellsB: 113
MutsA: 333 MutsB: 962
Using SNV kernel only
Jump Percentage: 0.09607982587699415 First Eig Val: 2.64062752988186e-16 First Gap: 0.45156141232936614 Largest Gap: 0.45156141232936614 Number of Clusters:1
start:1 iteration:1
CellsA: 365 CellsB: 29
MutsA: 367 MutsB: 928
Using SNV kernel only
Jump Percentage: 0.15045568192008113 First Eig Val: 1.0205208607367495e-15 First Gap: 0.5550560948064724 Largest Gap: 0.5550560948064724 Number of Clusters:1
start:1 iteration:2
CellsA: 373 CellsB: 21
MutsA: 375 MutsB: 920
Using SNV kernel only
Jump Percentage: 0.2806639745183144 First Eig Val: 1.6262702376782072e-16 First Gap: 0.5863666246427943 Largest Gap: 0.5863666246427943 Number of Clusters:1
start:1 iteration:3
CellsA: 374 CellsB: 20
MutsA: 376 MutsB: 919
Using SNV kernel only
Jump Percentage: 0.3147667412387075 First Eig Val: -2.683189942153793e-17 First Gap: 0.5849361297437324 Largest Gap: 0.5849361297437324 Number of Clusters:1
adding tree to internal list:
Clonal Tree 0 
[(0, 1)] 
Loss Nodes:0
Node: 0 Cells: 374 Muts: 376 LostMuts: 0
Node: 1 Cells: 971 Muts: 919 LostMuts: 0
Total Cells: 1345 Total Muts: 1295
Using SNV kernel only
Jump Percentage: 0.21165180927246588 First Eig Val: 1.2126726806436495e-15 First Gap: 0.6353033488026136 Largest Gap: 0.6353033488026136 Number of Clusters:1
start:2 iteration:0
CellsA: 149 CellsB: 245
MutsA: 428 MutsB: 867
Using SNV kernel only
Jump Percentage: 0.19254037553030937 First Eig Val: -1.3860594280675214e-17 First Gap: 0.5793108491108406 Largest Gap: 0.5793108491108406 Number of Clusters:1
start:2 iteration:1
CellsA: 198 CellsB: 196
MutsA: 345 MutsB: 950
Using SNV kernel only
Jump Percentage: 0.18297522411164563 First Eig Val: 8.04827785805884e-16 First Gap: 0.5002376002814255 Largest Gap: 0.5002376002814255 Number of Clusters:1
adding tree to internal list:
Clonal Tree 0 
[(0, 1)] 
Loss Nodes:0
Node: 0 Cells: 198 Muts: 345 LostMuts: 0
Node: 1 Cells: 1147 Muts: 950 LostMuts: 0
Total Cells: 1345 Total Muts: 1295
adding tree to candidate list:
Clonal Tree 1 
[(0, 1)] 
Loss Nodes:0
Node: 0 Cells: 374 Muts: 376 LostMuts: 0
Node: 1 Cells: 971 Muts: 919 LostMuts: 0
Total Cells: 1345 Total Muts: 1295
Normalized Likelihood: -0.49947776545290545
Using SNV kernel only
Jump Percentage: 0.21279729468044675 First Eig Val: 3.007200866271793e-16 First Gap: 0.6683681231752906 Largest Gap: 0.6683681231752906 Number of Clusters:1
start:0 iteration:0
CellsA: 117 CellsB: 257
MutsA: 544 MutsB: 751
Using SNV kernel only
Jump Percentage: 0.14393047682805138 First Eig Val: 5.846614140066202e-16 First Gap: 0.4822586473791996 Largest Gap: 0.4822586473791996 Number of Clusters:1
start:0 iteration:1
CellsA: 215 CellsB: 159
MutsA: 339 MutsB: 956
Using SNV kernel only
Jump Percentage: 0.1740034010290417 First Eig Val: -2.0375529215054632e-16 First Gap: 0.5087829148918921 Largest Gap: 0.5087829148918921 Number of Clusters:1
adding tree to internal list:
Clonal Tree 0 
[(0, 1)] 
Loss Nodes:0
Node: 0 Cells: 215 Muts: 339 LostMuts: 0
Node: 1 Cells: 1130 Muts: 956 LostMuts: 0
Total Cells: 1345 Total Muts: 1295
Using SNV kernel only
Jump Percentage: 0.17504450590318937 First Eig Val: 4.191982191713293e-16 First Gap: 0.6630776392986172 Largest Gap: 0.6630776392986172 Number of Clusters:1
start:1 iteration:0
CellsA: 119 CellsB: 255
MutsA: 518 MutsB: 777
Using SNV kernel only
Jump Percentage: 0.18959502135544073 First Eig Val: -5.5244754755068e-16 First Gap: 0.5081865058448354 Largest Gap: 0.5081865058448354 Number of Clusters:1
start:1 iteration:1
CellsA: 195 CellsB: 179
MutsA: 351 MutsB: 944
Using SNV kernel only
Jump Percentage: 0.1787265667072282 First Eig Val: 1.4173230205171428e-16 First Gap: 0.6026676939374238 Largest Gap: 0.6026676939374238 Number of Clusters:1
start:1 iteration:2
CellsA: 196 CellsB: 178
MutsA: 350 MutsB: 945
Using SNV kernel only
Jump Percentage: 0.17960872782423354 First Eig Val: -4.919340169037139e-16 First Gap: 0.6033371817336229 Largest Gap: 0.6033371817336229 Number of Clusters:1
adding tree to internal list:
Clonal Tree 0 
[(0, 1)] 
Loss Nodes:0
Node: 0 Cells: 196 Muts: 350 LostMuts: 0
Node: 1 Cells: 1149 Muts: 945 LostMuts: 0
Total Cells: 1345 Total Muts: 1295
Using SNV kernel only
Jump Percentage: 0.276559493067983 First Eig Val: -4.1249666739687715e-16 First Gap: 0.6553621135206257 Largest Gap: 0.6553621135206257 Number of Clusters:1
start:2 iteration:0
CellsA: 135 CellsB: 239
MutsA: 468 MutsB: 827
Using SNV kernel only
Jump Percentage: 0.17927640146868898 First Eig Val: 2.956971161230971e-16 First Gap: 0.4904352113469238 Largest Gap: 0.4904352113469238 Number of Clusters:1
start:2 iteration:1
CellsA: 289 CellsB: 85
MutsA: 330 MutsB: 965
Using SNV kernel only
Jump Percentage: 0.09756309481874155 First Eig Val: 6.542825655978979e-16 First Gap: 0.48017492661783406 Largest Gap: 0.48017492661783406 Number of Clusters:1
start:2 iteration:2
CellsA: 321 CellsB: 53
MutsA: 325 MutsB: 970
Using SNV kernel only
Jump Percentage: 0.10218819675270295 First Eig Val: -9.089003520085834e-16 First Gap: 0.5172265569886546 Largest Gap: 0.5172265569886546 Number of Clusters:1
start:2 iteration:3
CellsA: 347 CellsB: 27
MutsA: 348 MutsB: 947
Using SNV kernel only
Jump Percentage: 0.32578873872972386 First Eig Val: -5.827586677109595e-19 First Gap: 0.4974853735326796 Largest Gap: 0.4974853735326796 Number of Clusters:1
start:2 iteration:4
CellsA: 350 CellsB: 24
MutsA: 346 MutsB: 949
Using SNV kernel only
Jump Percentage: 0.5197189589439438 First Eig Val: 4.2652174652400907e-16 First Gap: 0.5100811270932437 Largest Gap: 0.5100811270932437 Number of Clusters:1
adding tree to internal list:
Clonal Tree 0 
[(0, 1)] 
Loss Nodes:0
Node: 0 Cells: 350 Muts: 346 LostMuts: 0
Node: 1 Cells: 995 Muts: 949 LostMuts: 0
Total Cells: 1345 Total Muts: 1295
adding tree to candidate list:
Clonal Tree 2 
[(0, 1)] 
Loss Nodes:0
Node: 0 Cells: 350 Muts: 346 LostMuts: 0
Node: 1 Cells: 995 Muts: 949 LostMuts: 0
Total Cells: 1345 Total Muts: 1295
Normalized Likelihood: -0.4859786280123771
Using SNV kernel only
Jump Percentage: 0.21838420369240058 First Eig Val: 4.516802890143954e-16 First Gap: 0.6923453111039138 Largest Gap: 0.6923453111039138 Number of Clusters:1
start:0 iteration:0
CellsA: 190 CellsB: 160
MutsA: 345 MutsB: 950
Using SNV kernel only
Jump Percentage: 0.15580257043416906 First Eig Val: -9.32907698925719e-16 First Gap: 0.62974464788775 Largest Gap: 0.62974464788775 Number of Clusters:1
start:0 iteration:1
CellsA: 239 CellsB: 111
MutsA: 301 MutsB: 994
Using SNV kernel only
Jump Percentage: 0.140673946077191 First Eig Val: 1.1384254161124821e-17 First Gap: 0.6176521179109177 Largest Gap: 0.6176521179109177 Number of Clusters:1
adding tree to internal list:
Clonal Tree 0 
[(0, 1)] 
Loss Nodes:0
Node: 0 Cells: 239 Muts: 301 LostMuts: 0
Node: 1 Cells: 1106 Muts: 994 LostMuts: 0
Total Cells: 1345 Total Muts: 1295
Using SNV kernel only
Jump Percentage: 0.2966971718276253 First Eig Val: -2.1364655956089474e-16 First Gap: 0.431812429294703 Largest Gap: 0.431812429294703 Number of Clusters:1
start:1 iteration:0
CellsA: 112 CellsB: 238
MutsA: 547 MutsB: 748
Using SNV kernel only
Jump Percentage: 0.163694207705308 First Eig Val: -3.6027693626054916e-16 First Gap: 0.5078418534073332 Largest Gap: 0.5078418534073332 Number of Clusters:1
start:1 iteration:1
CellsA: 197 CellsB: 153
MutsA: 355 MutsB: 940
Using SNV kernel only
Jump Percentage: 0.17729724426116222 First Eig Val: -3.6958389650609617e-16 First Gap: 0.45671749309076437 Largest Gap: 0.45671749309076437 Number of Clusters:1
adding tree to internal list:
Clonal Tree 0 
[(0, 1)] 
Loss Nodes:0
Node: 0 Cells: 197 Muts: 355 LostMuts: 0
Node: 1 Cells: 1148 Muts: 940 LostMuts: 0
Total Cells: 1345 Total Muts: 1295
Using SNV kernel only
Jump Percentage: 0.2094268788678479 First Eig Val: -6.091767036211469e-17 First Gap: 0.545595882040748 Largest Gap: 0.545595882040748 Number of Clusters:1
start:2 iteration:0
CellsA: 119 CellsB: 231
MutsA: 526 MutsB: 769
Using SNV kernel only
Jump Percentage: 0.11895333275920812 First Eig Val: -1.2483920083755652e-15 First Gap: 0.5202931743609048 Largest Gap: 0.5202931743609048 Number of Clusters:1
start:2 iteration:1
CellsA: 202 CellsB: 148
MutsA: 351 MutsB: 944
Using SNV kernel only
Jump Percentage: 0.16789894703930994 First Eig Val: -1.581738691968752e-17 First Gap: 0.5847143669080282 Largest Gap: 0.5847143669080282 Number of Clusters:1
adding tree to internal list:
Clonal Tree 0 
[(0, 1)] 
Loss Nodes:0
Node: 0 Cells: 202 Muts: 351 LostMuts: 0
Node: 1 Cells: 1143 Muts: 944 LostMuts: 0
Total Cells: 1345 Total Muts: 1295
adding tree to candidate list:
Clonal Tree 0 
[(0, 1)] 
Loss Nodes:0
Node: 0 Cells: 239 Muts: 301 LostMuts: 0
Node: 1 Cells: 1106 Muts: 994 LostMuts: 0
Total Cells: 1345 Total Muts: 1295
Normalized Likelihood: -0.5037276500273511
Clonal Tree 0 
[(0, 1)] 
Loss Nodes:0
Node: 0 Cells: 861 Muts: 835 LostMuts: 0
Node: 1 Cells: 484 Muts: 460 LostMuts: 0
Total Cells: 1345 Total Muts: 1295
Normalized Likelihood: -0.6836083033596274
Clonal Tree 1 
[(0, 1)] 
Loss Nodes:0
Node: 0 Cells: 435 Muts: 482 LostMuts: 0
Node: 1 Cells: 910 Muts: 813 LostMuts: 0
Total Cells: 1345 Total Muts: 1295
Normalized Likelihood: -0.5449801698538305
Clonal Tree 2 
[(0, 1)] 
Loss Nodes:0
Node: 0 Cells: 394 Muts: 404 LostMuts: 0
Node: 1 Cells: 951 Muts: 891 LostMuts: 0
Total Cells: 1345 Total Muts: 1295
Normalized Likelihood: -0.5104474951205211
Clonal Tree 3 
[(0, 1)] 
Loss Nodes:0
Node: 0 Cells: 374 Muts: 376 LostMuts: 0
Node: 1 Cells: 971 Muts: 919 LostMuts: 0
Total Cells: 1345 Total Muts: 1295
Normalized Likelihood: -0.49947776545290545
Clonal Tree 4 
[(0, 1)] 
Loss Nodes:0
Node: 0 Cells: 350 Muts: 346 LostMuts: 0
Node: 1 Cells: 995 Muts: 949 LostMuts: 0
Total Cells: 1345 Total Muts: 1295
Normalized Likelihood: -0.4859786280123771
Clonal Tree 5 
[(0, 1)] 
Loss Nodes:0
Node: 0 Cells: 239 Muts: 301 LostMuts: 0
Node: 1 Cells: 1106 Muts: 994 LostMuts: 0
Total Cells: 1345 Total Muts: 1295
Normalized Likelihood: -0.5037276500273511
linear split norm likelihood best tree
Clonal Tree 4 
[(0, 1)] 
Loss Nodes:0
Node: 0 Cells: 350 Muts: 346 LostMuts: 0
Node: 1 Cells: 995 Muts: 949 LostMuts: 0
Total Cells: 1345 Total Muts: 1295
Sprouted tree:
Clonal Tree 4 
[(0, 1)] 
Loss Nodes:0
Node: 0 Cells: 350 Muts: 346 LostMuts: 0
Node: 1 Cells: 995 Muts: 949 LostMuts: 0
Total Cells: 1345 Total Muts: 1295
Cells: 995 Muts: 949 Ancestral Muts: 346 
Number of subproblems remaining: 3
Starting k-clonal tree inference for seed:
Cells: 995 Muts: 949 Ancestral Muts: 346 
Sprouting seed:
Cells: 995 Muts: 949 Ancestral Muts: 346 
Sprouting a branching tree from seed ...
(Generator(PCG64) at 0x7F6C95996C80,)
Jump Percentage: 0.9999999999999931 First Eig Val: -1.2769540743460986e-16 First Gap: 4.3038304905837554e-16 Largest Gap: 0.4538788372052779 Number of Clusters:3
CellsA: 484 CellsB: 511
MutsA: 302 mutsB: 145
Jump Percentage: 0.9999999999999873 First Eig Val: -3.461152901222437e-16 First Gap: 6.590904370327318e-16 Largest Gap: 0.19965888217240008 Number of Clusters:4
Clonal Tree 0 
[(0, 1), (0, 2)] 
Loss Nodes:0
Node: 0 Cells: 0 Muts: 502 LostMuts: 0
Node: 1 Cells: 484 Muts: 302 LostMuts: 0
Node: 2 Cells: 511 Muts: 145 LostMuts: 0
Total Cells: 995 Total Muts: 949
Jump Percentage: 0.99999999999999 First Eig Val: 1.3900578821607913e-16 First Gap: 4.6266595667968595e-18 Largest Gap: 0.44332583464651143 Number of Clusters:3
CellsA: 511 CellsB: 484
MutsA: 145 mutsB: 302
Jump Percentage: 0.9999999999999873 First Eig Val: -3.461152901222437e-16 First Gap: 6.590904370327318e-16 Largest Gap: 0.19965888217240008 Number of Clusters:4
Clonal Tree 0 
[(0, 1), (0, 2)] 
Loss Nodes:0
Node: 0 Cells: 0 Muts: 502 LostMuts: 0
Node: 1 Cells: 511 Muts: 145 LostMuts: 0
Node: 2 Cells: 484 Muts: 302 LostMuts: 0
Total Cells: 995 Total Muts: 949
Jump Percentage: 0.9999999999999938 First Eig Val: -1.927078569756278e-16 First Gap: 1.297667238357738e-16 Largest Gap: 0.44997532196730716 Number of Clusters:3
CellsA: 484 CellsB: 511
MutsA: 302 mutsB: 145
Jump Percentage: 0.9999999999999873 First Eig Val: -3.461152901222437e-16 First Gap: 6.590904370327318e-16 Largest Gap: 0.19965888217240008 Number of Clusters:4
Clonal Tree 0 
[(0, 1), (0, 2)] 
Loss Nodes:0
Node: 0 Cells: 0 Muts: 502 LostMuts: 0
Node: 1 Cells: 484 Muts: 302 LostMuts: 0
Node: 2 Cells: 511 Muts: 145 LostMuts: 0
Total Cells: 995 Total Muts: 949
Finding the maximum likelihood tree out of 3 trees....
Clonal Tree 0 
[(0, 1), (0, 2)] 
Loss Nodes:0
Node: 0 Cells: 0 Muts: 502 LostMuts: 0
Node: 1 Cells: 484 Muts: 302 LostMuts: 0
Node: 2 Cells: 511 Muts: 145 LostMuts: 0
Total Cells: 995 Total Muts: 949

Tree: 0 LogLikelihood: 680603.4632931207
Variant LogLikelihood: -17609.6754914572 
RDR LogLikelihood: 698213.1387845778

Clonal Tree 1 
[(0, 1), (0, 2)] 
Loss Nodes:0
Node: 0 Cells: 0 Muts: 502 LostMuts: 0
Node: 1 Cells: 511 Muts: 145 LostMuts: 0
Node: 2 Cells: 484 Muts: 302 LostMuts: 0
Total Cells: 995 Total Muts: 949

Tree: 1 LogLikelihood: 680603.4632931207
Variant LogLikelihood: -17609.6754914572 
RDR LogLikelihood: 698213.1387845778

Clonal Tree 2 
[(0, 1), (0, 2)] 
Loss Nodes:0
Node: 0 Cells: 0 Muts: 502 LostMuts: 0
Node: 1 Cells: 484 Muts: 302 LostMuts: 0
Node: 2 Cells: 511 Muts: 145 LostMuts: 0
Total Cells: 995 Total Muts: 949

Tree: 2 LogLikelihood: 680603.4632931207
Variant LogLikelihood: -17609.6754914572 
RDR LogLikelihood: 698213.1387845778

Sprouted tree:
Clonal Tree 0 
[(0, 1), (0, 2)] 
Loss Nodes:0
Node: 0 Cells: 0 Muts: 502 LostMuts: 0
Node: 1 Cells: 484 Muts: 302 LostMuts: 0
Node: 2 Cells: 511 Muts: 145 LostMuts: 0
Total Cells: 995 Total Muts: 949
Cells: 484 Muts: 302 Ancestral Muts: 848 
Cells: 511 Muts: 145 Ancestral Muts: 848 
Sprouting seed:
Cells: 995 Muts: 949 Ancestral Muts: 346 
Sprouting a linear tree from seed ...
Jump Percentage: 0.9999999999999846 First Eig Val: -4.0360931527244237e-16 First Gap: 9.308186494287322e-16 Largest Gap: 0.3958355919836608 Number of Clusters:3
start:0 iteration:0
CellsA: 511 CellsB: 484
MutsA: 630 MutsB: 319
Jump Percentage: 0.9999999999999545 First Eig Val: -7.721901201913152e-17 First Gap: 2.1639322511879756e-17 Largest Gap: 0.31297397129389637 Number of Clusters:3
adding tree to internal list:
Clonal Tree 0 
[(0, 1)] 
Loss Nodes:0
Node: 0 Cells: 511 Muts: 630 LostMuts: 0
Node: 1 Cells: 484 Muts: 319 LostMuts: 0
Total Cells: 995 Total Muts: 949
Jump Percentage: 0.9999999999999962 First Eig Val: -2.1714177815394556e-16 First Gap: 3.593505983945225e-16 Largest Gap: 0.3915127562099068 Number of Clusters:3
start:1 iteration:0
CellsA: 511 CellsB: 484
MutsA: 630 MutsB: 319
Jump Percentage: 0.9999999999999545 First Eig Val: -7.721901201913152e-17 First Gap: 2.1639322511879756e-17 Largest Gap: 0.31297397129389637 Number of Clusters:3
adding tree to internal list:
Clonal Tree 0 
[(0, 1)] 
Loss Nodes:0
Node: 0 Cells: 511 Muts: 630 LostMuts: 0
Node: 1 Cells: 484 Muts: 319 LostMuts: 0
Total Cells: 995 Total Muts: 949
Jump Percentage: 0.9999999999999958 First Eig Val: -2.480993253302341e-16 First Gap: 1.3513921468121629e-16 Largest Gap: 0.391438388095429 Number of Clusters:3
start:2 iteration:0
CellsA: 511 CellsB: 484
MutsA: 630 MutsB: 319
Jump Percentage: 0.9999999999999545 First Eig Val: -7.721901201913152e-17 First Gap: 2.1639322511879756e-17 Largest Gap: 0.31297397129389637 Number of Clusters:3
adding tree to internal list:
Clonal Tree 0 
[(0, 1)] 
Loss Nodes:0
Node: 0 Cells: 511 Muts: 630 LostMuts: 0
Node: 1 Cells: 484 Muts: 319 LostMuts: 0
Total Cells: 995 Total Muts: 949
adding tree to candidate list:
Clonal Tree 0 
[(0, 1)] 
Loss Nodes:0
Node: 0 Cells: 511 Muts: 630 LostMuts: 0
Node: 1 Cells: 484 Muts: 319 LostMuts: 0
Total Cells: 995 Total Muts: 949
Normalized Likelihood: -0.6591233983744285
Using SNV kernel only
Jump Percentage: 0.15356749687014823 First Eig Val: 4.758603349449389e-16 First Gap: 0.5503638678099462 Largest Gap: 0.5503638678099462 Number of Clusters:1
start:0 iteration:0
CellsA: 295 CellsB: 216
MutsA: 522 MutsB: 427
Using SNV kernel only
Jump Percentage: 0.3268276197490991 First Eig Val: -9.3203393286322e-16 First Gap: 0.5533811107464878 Largest Gap: 0.5533811107464878 Number of Clusters:1
start:0 iteration:1
CellsA: 458 CellsB: 53
MutsA: 596 MutsB: 353
Using SNV kernel only
Jump Percentage: 0.6933182877696725 First Eig Val: -1.0772358945450754e-15 First Gap: 0.664415352886829 Largest Gap: 0.664415352886829 Number of Clusters:1
start:0 iteration:2
CellsA: 448 CellsB: 63
MutsA: 587 MutsB: 362
Using SNV kernel only
Jump Percentage: 0.6703428093471854 First Eig Val: 5.853913024290478e-16 First Gap: 0.6607583067576729 Largest Gap: 0.6607583067576729 Number of Clusters:1
start:0 iteration:3
CellsA: 445 CellsB: 66
MutsA: 585 MutsB: 364
Using SNV kernel only
Jump Percentage: 0.6833545691536662 First Eig Val: -1.3326777231452569e-15 First Gap: 0.6639839144642887 Largest Gap: 0.6639839144642887 Number of Clusters:1
start:0 iteration:4
CellsA: 444 CellsB: 67
MutsA: 584 MutsB: 365
Using SNV kernel only
Jump Percentage: 0.6839124844656554 First Eig Val: 2.1762657799665285e-16 First Gap: 0.6641651868572995 Largest Gap: 0.6641651868572995 Number of Clusters:1
adding tree to internal list:
Clonal Tree 0 
[(0, 1)] 
Loss Nodes:0
Node: 0 Cells: 444 Muts: 584 LostMuts: 0
Node: 1 Cells: 551 Muts: 365 LostMuts: 0
Total Cells: 995 Total Muts: 949
Using SNV kernel only
Jump Percentage: 0.17098208116459335 First Eig Val: -7.401587494276163e-16 First Gap: 0.5154748675709921 Largest Gap: 0.5154748675709921 Number of Clusters:1
start:1 iteration:0
CellsA: 101 CellsB: 410
MutsA: 548 MutsB: 401
Using SNV kernel only
Jump Percentage: 0.21740080897254796 First Eig Val: -1.3914882533605587e-16 First Gap: 0.4551869588571821 Largest Gap: 0.4551869588571821 Number of Clusters:1
start:1 iteration:1
CellsA: 179 CellsB: 332
MutsA: 443 MutsB: 506
Using SNV kernel only
Jump Percentage: 0.19130740453048056 First Eig Val: -7.163190007789254e-17 First Gap: 0.4962422539784221 Largest Gap: 0.4962422539784221 Number of Clusters:1
adding tree to internal list:
Clonal Tree 0 
[(0, 1)] 
Loss Nodes:0
Node: 0 Cells: 179 Muts: 443 LostMuts: 0
Node: 1 Cells: 816 Muts: 506 LostMuts: 0
Total Cells: 995 Total Muts: 949
Using SNV kernel only
Jump Percentage: 0.16805060087389795 First Eig Val: 6.078262849008668e-16 First Gap: 0.5427954610663085 Largest Gap: 0.5427954610663085 Number of Clusters:1
start:2 iteration:0
CellsA: 364 CellsB: 147
MutsA: 574 MutsB: 375
Using SNV kernel only
Jump Percentage: 0.5607492511280544 First Eig Val: 1.7390881041150152e-15 First Gap: 0.6213473204747771 Largest Gap: 0.6213473204747771 Number of Clusters:1
start:2 iteration:1
CellsA: 417 CellsB: 94
MutsA: 564 MutsB: 385
Using SNV kernel only
Jump Percentage: 0.5863787548075612 First Eig Val: -4.916977002154547e-16 First Gap: 0.6051472878893477 Largest Gap: 0.6051472878893477 Number of Clusters:1
start:2 iteration:2
CellsA: 414 CellsB: 97
MutsA: 564 MutsB: 385
Using SNV kernel only
Jump Percentage: 0.5863787548075612 First Eig Val: -4.916977002154547e-16 First Gap: 0.6051472878893477 Largest Gap: 0.6051472878893477 Number of Clusters:1
adding tree to internal list:
Clonal Tree 0 
[(0, 1)] 
Loss Nodes:0
Node: 0 Cells: 414 Muts: 564 LostMuts: 0
Node: 1 Cells: 581 Muts: 385 LostMuts: 0
Total Cells: 995 Total Muts: 949
adding tree to candidate list:
Clonal Tree 0 
[(0, 1)] 
Loss Nodes:0
Node: 0 Cells: 444 Muts: 584 LostMuts: 0
Node: 1 Cells: 551 Muts: 365 LostMuts: 0
Total Cells: 995 Total Muts: 949
Normalized Likelihood: -0.6266627178382888
Using SNV kernel only
Jump Percentage: 0.15550904203118365 First Eig Val: -4.93574128574563e-16 First Gap: 0.573517465018349 Largest Gap: 0.573517465018349 Number of Clusters:1
start:0 iteration:0
CellsA: 326 CellsB: 118
MutsA: 554 MutsB: 395
Using SNV kernel only
Jump Percentage: 0.6751743251960729 First Eig Val: -6.757608952337182e-16 First Gap: 0.8007232122886315 Largest Gap: 0.8007232122886315 Number of Clusters:1
start:0 iteration:1
CellsA: 389 CellsB: 55
MutsA: 543 MutsB: 406
Using SNV kernel only
Jump Percentage: 0.6996234114545756 First Eig Val: 1.1187503565521728e-15 First Gap: 0.8036104253629862 Largest Gap: 0.8036104253629862 Number of Clusters:1
adding tree to internal list:
Clonal Tree 0 
[(0, 1)] 
Loss Nodes:0
Node: 0 Cells: 389 Muts: 543 LostMuts: 0
Node: 1 Cells: 606 Muts: 406 LostMuts: 0
Total Cells: 995 Total Muts: 949
Using SNV kernel only
Jump Percentage: 0.16870921839926528 First Eig Val: -1.5058831642579572e-17 First Gap: 0.537467967694169 Largest Gap: 0.537467967694169 Number of Clusters:1
start:1 iteration:0
CellsA: 83 CellsB: 361
MutsA: 554 MutsB: 395
Using SNV kernel only
Jump Percentage: 0.22439610348469533 First Eig Val: 1.5727245715872193e-16 First Gap: 0.4982265911995401 Largest Gap: 0.4982265911995401 Number of Clusters:1
start:1 iteration:1
CellsA: 167 CellsB: 277
MutsA: 434 MutsB: 515
Using SNV kernel only
Jump Percentage: 0.21717115093155615 First Eig Val: 3.4960561757066244e-16 First Gap: 0.52601274498218 Largest Gap: 0.52601274498218 Number of Clusters:1
start:1 iteration:2
CellsA: 168 CellsB: 276
MutsA: 433 MutsB: 516
Using SNV kernel only
Jump Percentage: 0.21759432679288973 First Eig Val: -2.9946833042256024e-17 First Gap: 0.5253162388184182 Largest Gap: 0.5253162388184182 Number of Clusters:1
adding tree to internal list:
Clonal Tree 0 
[(0, 1)] 
Loss Nodes:0
Node: 0 Cells: 168 Muts: 433 LostMuts: 0
Node: 1 Cells: 827 Muts: 516 LostMuts: 0
Total Cells: 995 Total Muts: 949
Using SNV kernel only
Jump Percentage: 0.20758635216688584 First Eig Val: 1.5214036119748903e-16 First Gap: 0.581723426099736 Largest Gap: 0.581723426099736 Number of Clusters:1
start:2 iteration:0
CellsA: 326 CellsB: 118
MutsA: 536 MutsB: 413
Using SNV kernel only
Jump Percentage: 0.2569948573651964 First Eig Val: 7.955394850501076e-16 First Gap: 0.46446897110146085 Largest Gap: 0.46446897110146085 Number of Clusters:1
start:2 iteration:1
CellsA: 410 CellsB: 34
MutsA: 563 MutsB: 386
Using SNV kernel only
Jump Percentage: 0.5735621820895406 First Eig Val: 1.1161387027287825e-15 First Gap: 0.5990261426556538 Largest Gap: 0.5990261426556538 Number of Clusters:1
start:2 iteration:2
CellsA: 424 CellsB: 20
MutsA: 560 MutsB: 389
Using SNV kernel only
Jump Percentage: 0.5735621820895406 First Eig Val: 1.1161387027287825e-15 First Gap: 0.5990261426556538 Largest Gap: 0.5990261426556538 Number of Clusters:1
adding tree to internal list:
Clonal Tree 0 
[(0, 1)] 
Loss Nodes:0
Node: 0 Cells: 424 Muts: 560 LostMuts: 0
Node: 1 Cells: 571 Muts: 389 LostMuts: 0
Total Cells: 995 Total Muts: 949
adding tree to candidate list:
Clonal Tree 2 
[(0, 1)] 
Loss Nodes:0
Node: 0 Cells: 424 Muts: 560 LostMuts: 0
Node: 1 Cells: 571 Muts: 389 LostMuts: 0
Total Cells: 995 Total Muts: 949
Normalized Likelihood: -0.6203236737608872
Using SNV kernel only
Jump Percentage: 0.17601854491549632 First Eig Val: 6.944447497075032e-16 First Gap: 0.5378657296193599 Largest Gap: 0.5378657296193599 Number of Clusters:1
start:0 iteration:0
CellsA: 78 CellsB: 346
MutsA: 585 MutsB: 364
Using SNV kernel only
Jump Percentage: 0.17755043048299138 First Eig Val: 1.3943790404825087e-15 First Gap: 0.46293205616080146 Largest Gap: 0.46293205616080146 Number of Clusters:1
start:0 iteration:1
CellsA: 166 CellsB: 258
MutsA: 433 MutsB: 516
Using SNV kernel only
Jump Percentage: 0.17081832353212684 First Eig Val: -6.988720467964862e-16 First Gap: 0.5154974366124604 Largest Gap: 0.5154974366124604 Number of Clusters:1
start:0 iteration:2
CellsA: 168 CellsB: 256
MutsA: 432 MutsB: 517
Using SNV kernel only
Jump Percentage: 0.17172668045940231 First Eig Val: -3.121641421677832e-16 First Gap: 0.5151806043059203 Largest Gap: 0.5151806043059203 Number of Clusters:1
adding tree to internal list:
Clonal Tree 0 
[(0, 1)] 
Loss Nodes:0
Node: 0 Cells: 168 Muts: 432 LostMuts: 0
Node: 1 Cells: 827 Muts: 517 LostMuts: 0
Total Cells: 995 Total Muts: 949
Using SNV kernel only
Jump Percentage: 0.1996335372409141 First Eig Val: -1.706504535672949e-16 First Gap: 0.5614286504740129 Largest Gap: 0.5614286504740129 Number of Clusters:1
start:1 iteration:0
CellsA: 205 CellsB: 219
MutsA: 473 MutsB: 476
Using SNV kernel only
Jump Percentage: 0.18995795805390497 First Eig Val: -3.711382524223254e-16 First Gap: 0.5439253723046941 Largest Gap: 0.5439253723046941 Number of Clusters:1
start:1 iteration:1
CellsA: 251 CellsB: 173
MutsA: 447 MutsB: 502
Using SNV kernel only
Jump Percentage: 0.18835125678801495 First Eig Val: 4.794249207614089e-16 First Gap: 0.5529016977332843 Largest Gap: 0.5529016977332843 Number of Clusters:1
adding tree to internal list:
Clonal Tree 0 
[(0, 1)] 
Loss Nodes:0
Node: 0 Cells: 251 Muts: 447 LostMuts: 0
Node: 1 Cells: 744 Muts: 502 LostMuts: 0
Total Cells: 995 Total Muts: 949
Using SNV kernel only
Jump Percentage: 0.17029248030609107 First Eig Val: 5.535581826188345e-16 First Gap: 0.5518958594672572 Largest Gap: 0.5518958594672572 Number of Clusters:1
start:2 iteration:0
CellsA: 314 CellsB: 110
MutsA: 525 MutsB: 424
Using SNV kernel only
Jump Percentage: 0.4919451432340708 First Eig Val: 2.9629867261507854e-17 First Gap: 0.7549988973819302 Largest Gap: 0.7549988973819302 Number of Clusters:1
start:2 iteration:1
CellsA: 351 CellsB: 73
MutsA: 516 MutsB: 433
Using SNV kernel only
Jump Percentage: 0.6756841606222871 First Eig Val: -4.046401340156836e-16 First Gap: 0.7393638848412186 Largest Gap: 0.7393638848412186 Number of Clusters:1
adding tree to internal list:
Clonal Tree 0 
[(0, 1)] 
Loss Nodes:0
Node: 0 Cells: 351 Muts: 516 LostMuts: 0
Node: 1 Cells: 644 Muts: 433 LostMuts: 0
Total Cells: 995 Total Muts: 949
adding tree to candidate list:
Clonal Tree 1 
[(0, 1)] 
Loss Nodes:0
Node: 0 Cells: 251 Muts: 447 LostMuts: 0
Node: 1 Cells: 744 Muts: 502 LostMuts: 0
Total Cells: 995 Total Muts: 949
Normalized Likelihood: -0.6139196691832784
Clonal Tree 0 
[(0, 1)] 
Loss Nodes:0
Node: 0 Cells: 511 Muts: 630 LostMuts: 0
Node: 1 Cells: 484 Muts: 319 LostMuts: 0
Total Cells: 995 Total Muts: 949
Normalized Likelihood: -0.6591233983744285
Clonal Tree 1 
[(0, 1)] 
Loss Nodes:0
Node: 0 Cells: 444 Muts: 584 LostMuts: 0
Node: 1 Cells: 551 Muts: 365 LostMuts: 0
Total Cells: 995 Total Muts: 949
Normalized Likelihood: -0.6266627178382888
Clonal Tree 2 
[(0, 1)] 
Loss Nodes:0
Node: 0 Cells: 424 Muts: 560 LostMuts: 0
Node: 1 Cells: 571 Muts: 389 LostMuts: 0
Total Cells: 995 Total Muts: 949
Normalized Likelihood: -0.6203236737608872
Clonal Tree 3 
[(0, 1)] 
Loss Nodes:0
Node: 0 Cells: 251 Muts: 447 LostMuts: 0
Node: 1 Cells: 744 Muts: 502 LostMuts: 0
Total Cells: 995 Total Muts: 949
Normalized Likelihood: -0.6139196691832784
linear split norm likelihood best tree
Clonal Tree 3 
[(0, 1)] 
Loss Nodes:0
Node: 0 Cells: 251 Muts: 447 LostMuts: 0
Node: 1 Cells: 744 Muts: 502 LostMuts: 0
Total Cells: 995 Total Muts: 949
Sprouted tree:
Clonal Tree 3 
[(0, 1)] 
Loss Nodes:0
Node: 0 Cells: 251 Muts: 447 LostMuts: 0
Node: 1 Cells: 744 Muts: 502 LostMuts: 0
Total Cells: 995 Total Muts: 949
Cells: 744 Muts: 502 Ancestral Muts: 793 
Number of subproblems remaining: 5
Starting k-clonal tree inference for seed:
Cells: 744 Muts: 502 Ancestral Muts: 793 
Sprouting seed:
Cells: 744 Muts: 502 Ancestral Muts: 793 
Sprouting a branching tree from seed ...
(Generator(PCG64) at 0x7F6C95996C80,)
Jump Percentage: 0.9999999999999875 First Eig Val: -3.1519325326762014e-16 First Gap: 6.899966647618588e-16 Largest Gap: 0.2671146413736269 Number of Clusters:3
CellsA: 260 CellsB: 484
MutsA: 66 mutsB: 263
Jump Percentage: 0.9999999999999905 First Eig Val: 1.755676109011358e-16 First Gap: 7.442898656870737e-17 Largest Gap: 0.24412484700041648 Number of Clusters:4
Clonal Tree 0 
[(0, 1), (0, 2)] 
Loss Nodes:0
Node: 0 Cells: 0 Muts: 173 LostMuts: 0
Node: 1 Cells: 260 Muts: 66 LostMuts: 0
Node: 2 Cells: 484 Muts: 263 LostMuts: 0
Total Cells: 744 Total Muts: 502
Jump Percentage: 0.999999999999988 First Eig Val: -4.239139071263085e-16 First Gap: 1.2329337863945722e-15 Largest Gap: 0.2967177984796165 Number of Clusters:3
CellsA: 260 CellsB: 484
MutsA: 66 mutsB: 263
Jump Percentage: 0.9999999999999905 First Eig Val: 1.755676109011358e-16 First Gap: 7.442898656870737e-17 Largest Gap: 0.24412484700041648 Number of Clusters:4
Clonal Tree 0 
[(0, 1), (0, 2)] 
Loss Nodes:0
Node: 0 Cells: 0 Muts: 173 LostMuts: 0
Node: 1 Cells: 260 Muts: 66 LostMuts: 0
Node: 2 Cells: 484 Muts: 263 LostMuts: 0
Total Cells: 744 Total Muts: 502
Jump Percentage: 0.9999999999999902 First Eig Val: -1.744948665641547e-16 First Gap: 1.020884675372376e-16 Largest Gap: 0.2825421190738699 Number of Clusters:3
CellsA: 260 CellsB: 484
MutsA: 66 mutsB: 263
Jump Percentage: 0.9999999999999905 First Eig Val: 1.755676109011358e-16 First Gap: 7.442898656870737e-17 Largest Gap: 0.24412484700041648 Number of Clusters:4
Clonal Tree 0 
[(0, 1), (0, 2)] 
Loss Nodes:0
Node: 0 Cells: 0 Muts: 173 LostMuts: 0
Node: 1 Cells: 260 Muts: 66 LostMuts: 0
Node: 2 Cells: 484 Muts: 263 LostMuts: 0
Total Cells: 744 Total Muts: 502
Finding the maximum likelihood tree out of 3 trees....
Clonal Tree 0 
[(0, 1), (0, 2)] 
Loss Nodes:0
Node: 0 Cells: 0 Muts: 173 LostMuts: 0
Node: 1 Cells: 260 Muts: 66 LostMuts: 0
Node: 2 Cells: 484 Muts: 263 LostMuts: 0
Total Cells: 744 Total Muts: 502

Tree: 0 LogLikelihood: 376380.495754895
Variant LogLikelihood: -21984.301588913382 
RDR LogLikelihood: 398364.79734380834

Clonal Tree 1 
[(0, 1), (0, 2)] 
Loss Nodes:0
Node: 0 Cells: 0 Muts: 173 LostMuts: 0
Node: 1 Cells: 260 Muts: 66 LostMuts: 0
Node: 2 Cells: 484 Muts: 263 LostMuts: 0
Total Cells: 744 Total Muts: 502

Tree: 1 LogLikelihood: 376380.495754895
Variant LogLikelihood: -21984.301588913382 
RDR LogLikelihood: 398364.79734380834

Clonal Tree 2 
[(0, 1), (0, 2)] 
Loss Nodes:0
Node: 0 Cells: 0 Muts: 173 LostMuts: 0
Node: 1 Cells: 260 Muts: 66 LostMuts: 0
Node: 2 Cells: 484 Muts: 263 LostMuts: 0
Total Cells: 744 Total Muts: 502

Tree: 2 LogLikelihood: 376380.495754895
Variant LogLikelihood: -21984.301588913382 
RDR LogLikelihood: 398364.79734380834

Sprouted tree:
Clonal Tree 0 
[(0, 1), (0, 2)] 
Loss Nodes:0
Node: 0 Cells: 0 Muts: 173 LostMuts: 0
Node: 1 Cells: 260 Muts: 66 LostMuts: 0
Node: 2 Cells: 484 Muts: 263 LostMuts: 0
Total Cells: 744 Total Muts: 502
Cells: 484 Muts: 263 Ancestral Muts: 966 
Sprouting seed:
Cells: 744 Muts: 502 Ancestral Muts: 793 
Sprouting a linear tree from seed ...
Jump Percentage: 0.9999999999999803 First Eig Val: 1.9993648110918374e-16 First Gap: 2.601829162406198e-16 Largest Gap: 0.21292251143433732 Number of Clusters:3
start:0 iteration:0
CellsA: 260 CellsB: 484
MutsA: 268 MutsB: 234
Jump Percentage: 0.9999999999999958 First Eig Val: -5.0744454326496036e-17 First Gap: 4.804011039020388e-17 Largest Gap: 0.2392866259681838 Number of Clusters:3
adding tree to internal list:
Clonal Tree 0 
[(0, 1)] 
Loss Nodes:0
Node: 0 Cells: 260 Muts: 268 LostMuts: 0
Node: 1 Cells: 484 Muts: 234 LostMuts: 0
Total Cells: 744 Total Muts: 502
Jump Percentage: 0.9999999999999951 First Eig Val: -7.539982532904532e-18 First Gap: 9.781651755506988e-17 Largest Gap: 0.2472102309926737 Number of Clusters:3
start:1 iteration:0
CellsA: 260 CellsB: 484
MutsA: 268 MutsB: 234
Jump Percentage: 0.9999999999999958 First Eig Val: -5.0744454326496036e-17 First Gap: 4.804011039020388e-17 Largest Gap: 0.2392866259681838 Number of Clusters:3
adding tree to internal list:
Clonal Tree 0 
[(0, 1)] 
Loss Nodes:0
Node: 0 Cells: 260 Muts: 268 LostMuts: 0
Node: 1 Cells: 484 Muts: 234 LostMuts: 0
Total Cells: 744 Total Muts: 502
Jump Percentage: 0.9999999999999933 First Eig Val: 4.217536814384144e-17 First Gap: 1.4927315495047534e-16 Largest Gap: 0.27462761746774444 Number of Clusters:3
start:2 iteration:0
CellsA: 260 CellsB: 484
MutsA: 268 MutsB: 234
Jump Percentage: 0.9999999999999958 First Eig Val: -5.0744454326496036e-17 First Gap: 4.804011039020388e-17 Largest Gap: 0.2392866259681838 Number of Clusters:3
adding tree to internal list:
Clonal Tree 0 
[(0, 1)] 
Loss Nodes:0
Node: 0 Cells: 260 Muts: 268 LostMuts: 0
Node: 1 Cells: 484 Muts: 234 LostMuts: 0
Total Cells: 744 Total Muts: 502
adding tree to candidate list:
Clonal Tree 0 
[(0, 1)] 
Loss Nodes:0
Node: 0 Cells: 260 Muts: 268 LostMuts: 0
Node: 1 Cells: 484 Muts: 234 LostMuts: 0
Total Cells: 744 Total Muts: 502
Normalized Likelihood: -0.6153446681839191
Clonal Tree 0 
[(0, 1)] 
Loss Nodes:0
Node: 0 Cells: 260 Muts: 268 LostMuts: 0
Node: 1 Cells: 484 Muts: 234 LostMuts: 0
Total Cells: 744 Total Muts: 502
Normalized Likelihood: -0.6153446681839191
linear split norm likelihood best tree
Clonal Tree 0 
[(0, 1)] 
Loss Nodes:0
Node: 0 Cells: 260 Muts: 268 LostMuts: 0
Node: 1 Cells: 484 Muts: 234 LostMuts: 0
Total Cells: 744 Total Muts: 502
Sprouted tree:
Clonal Tree 0 
[(0, 1)] 
Loss Nodes:0
Node: 0 Cells: 260 Muts: 268 LostMuts: 0
Node: 1 Cells: 484 Muts: 234 LostMuts: 0
Total Cells: 744 Total Muts: 502
Cells: 484 Muts: 234 Ancestral Muts: 1061 
Number of subproblems remaining: 6
Starting k-clonal tree inference for seed:
Cells: 484 Muts: 263 Ancestral Muts: 966 
Sprouting seed:
Cells: 484 Muts: 263 Ancestral Muts: 966 
Sprouting a branching tree from seed ...
(Generator(PCG64) at 0x7F6C95996C80,)
Sprouted tree:
None
<bound method Phertilizer.sprout_branching of <phertilizer.Phertilizer object at 0x7f6ca7d5e2e0>> invalid
Sprouting seed:
Cells: 484 Muts: 263 Ancestral Muts: 966 
Sprouting a linear tree from seed ...
Jump Percentage: 0.999999999999989 First Eig Val: 1.4067696133278457e-16 First Gap: 3.9790556925080756e-16 Largest Gap: 0.24656613941725425 Number of Clusters:6
start:0 iteration:0
CellsA: 320 CellsB: 164
MutsA: 160 MutsB: 103
Jump Percentage: 0.9999999999999972 First Eig Val: -5.383435795117132e-17 First Gap: 4.138439294475687e-17 Largest Gap: 0.38415583112145213 Number of Clusters:4
adding tree to internal list:
Clonal Tree 0 
[(0, 1)] 
Loss Nodes:0
Node: 0 Cells: 320 Muts: 160 LostMuts: 0
Node: 1 Cells: 164 Muts: 103 LostMuts: 0
Total Cells: 484 Total Muts: 263
Jump Percentage: 0.999999999999996 First Eig Val: -3.0459551464494996e-16 First Gap: 1.9263584552456291e-16 Largest Gap: 0.34344026255365656 Number of Clusters:6
start:1 iteration:0
CellsA: 320 CellsB: 164
MutsA: 160 MutsB: 103
Jump Percentage: 0.9999999999999972 First Eig Val: -5.383435795117132e-17 First Gap: 4.138439294475687e-17 Largest Gap: 0.38415583112145213 Number of Clusters:4
adding tree to internal list:
Clonal Tree 0 
[(0, 1)] 
Loss Nodes:0
Node: 0 Cells: 320 Muts: 160 LostMuts: 0
Node: 1 Cells: 164 Muts: 103 LostMuts: 0
Total Cells: 484 Total Muts: 263
Jump Percentage: 0.9999999999999948 First Eig Val: -9.43748126412522e-17 First Gap: 3.72708324677769e-16 Largest Gap: 0.3068616545627298 Number of Clusters:6
start:2 iteration:0
CellsA: 320 CellsB: 164
MutsA: 160 MutsB: 103
Jump Percentage: 0.9999999999999972 First Eig Val: -5.383435795117132e-17 First Gap: 4.138439294475687e-17 Largest Gap: 0.38415583112145213 Number of Clusters:4
adding tree to internal list:
Clonal Tree 0 
[(0, 1)] 
Loss Nodes:0
Node: 0 Cells: 320 Muts: 160 LostMuts: 0
Node: 1 Cells: 164 Muts: 103 LostMuts: 0
Total Cells: 484 Total Muts: 263
adding tree to candidate list:
Clonal Tree 0 
[(0, 1)] 
Loss Nodes:0
Node: 0 Cells: 320 Muts: 160 LostMuts: 0
Node: 1 Cells: 164 Muts: 103 LostMuts: 0
Total Cells: 484 Total Muts: 263
Normalized Likelihood: -0.5165008712452435
Using SNV kernel only
Jump Percentage: 0.49426099935391854 First Eig Val: -6.395166514405757e-16 First Gap: 0.16900607203998796 Largest Gap: 0.3791335586190492 Number of Clusters:3
start:0 iteration:0
CellsA: 246 CellsB: 74
MutsA: 147 MutsB: 116
Using SNV kernel only
Jump Percentage: 0.7241721336482899 First Eig Val: -8.863894861155257e-16 First Gap: 0.22140609698946306 Largest Gap: 0.6715856845076245 Number of Clusters:2
start:0 iteration:1
CellsA: 298 CellsB: 22
MutsA: 149 MutsB: 114
Using SNV kernel only
Jump Percentage: 0.9909105074309786 First Eig Val: -5.946848916082999e-17 First Gap: 0.2371684470885322 Largest Gap: 0.755180243812913 Number of Clusters:2
start:0 iteration:2
CellsA: 302 CellsB: 18
MutsA: 149 MutsB: 114
Using SNV kernel only
Jump Percentage: 0.9909105074309786 First Eig Val: -5.946848916082999e-17 First Gap: 0.2371684470885322 Largest Gap: 0.755180243812913 Number of Clusters:2
adding tree to internal list:
Clonal Tree 0 
[(0, 1)] 
Loss Nodes:0
Node: 0 Cells: 302 Muts: 149 LostMuts: 0
Node: 1 Cells: 182 Muts: 114 LostMuts: 0
Total Cells: 484 Total Muts: 263
Using SNV kernel only
Jump Percentage: 0.41366727395759456 First Eig Val: 4.679416576447443e-16 First Gap: 0.16759650026033887 Largest Gap: 0.45204828379517653 Number of Clusters:3
start:1 iteration:0
CellsA: 245 CellsB: 75
MutsA: 146 MutsB: 117
Using SNV kernel only
Jump Percentage: 0.9024713560285069 First Eig Val: 6.59194920871188e-16 First Gap: 0.25408584910145854 Largest Gap: 0.5023379508047123 Number of Clusters:2
start:1 iteration:1
CellsA: 299 CellsB: 21
MutsA: 152 MutsB: 111
Using SNV kernel only
Jump Percentage: 0.9917124944244018 First Eig Val: -2.281161370909504e-16 First Gap: 0.26019555697811997 Largest Gap: 0.732196061029895 Number of Clusters:2
start:1 iteration:2
CellsA: 304 CellsB: 16
MutsA: 151 MutsB: 112
Using SNV kernel only
Jump Percentage: 0.9917124944244018 First Eig Val: -2.281161370909504e-16 First Gap: 0.26019555697811997 Largest Gap: 0.732196061029895 Number of Clusters:2
adding tree to internal list:
Clonal Tree 0 
[(0, 1)] 
Loss Nodes:0
Node: 0 Cells: 304 Muts: 151 LostMuts: 0
Node: 1 Cells: 180 Muts: 112 LostMuts: 0
Total Cells: 484 Total Muts: 263
Using SNV kernel only
Jump Percentage: 0.33082478804750937 First Eig Val: -8.326672684688686e-17 First Gap: 0.17173729392730813 Largest Gap: 0.3828185885319293 Number of Clusters:3
start:2 iteration:0
CellsA: 237 CellsB: 83
MutsA: 144 MutsB: 119
Using SNV kernel only
Jump Percentage: 0.6877645738403332 First Eig Val: -1.4224732503009834e-15 First Gap: 0.18651358997463657 Largest Gap: 0.6823427701367117 Number of Clusters:2
start:2 iteration:1
CellsA: 292 CellsB: 28
MutsA: 147 MutsB: 116
Using SNV kernel only
Jump Percentage: 0.988448184082214 First Eig Val: -6.639654104301238e-16 First Gap: 0.1866205362769103 Largest Gap: 0.8055964224524844 Number of Clusters:2
start:2 iteration:2
CellsA: 296 CellsB: 24
MutsA: 147 MutsB: 116
Using SNV kernel only
Jump Percentage: 0.988448184082214 First Eig Val: -6.639654104301238e-16 First Gap: 0.1866205362769103 Largest Gap: 0.8055964224524844 Number of Clusters:2
adding tree to internal list:
Clonal Tree 0 
[(0, 1)] 
Loss Nodes:0
Node: 0 Cells: 296 Muts: 147 LostMuts: 0
Node: 1 Cells: 188 Muts: 116 LostMuts: 0
Total Cells: 484 Total Muts: 263
adding tree to candidate list:
Clonal Tree 2 
[(0, 1)] 
Loss Nodes:0
Node: 0 Cells: 296 Muts: 147 LostMuts: 0
Node: 1 Cells: 188 Muts: 116 LostMuts: 0
Total Cells: 484 Total Muts: 263
Normalized Likelihood: -0.48633149405226467
Using SNV kernel only
Jump Percentage: 0.3096382886465944 First Eig Val: -1.1362438767648104e-16 First Gap: 0.20020719030118964 Largest Gap: 0.3436127572472282 Number of Clusters:3
start:0 iteration:0
CellsA: 246 CellsB: 50
MutsA: 138 MutsB: 125
Using SNV kernel only
Jump Percentage: 0.5118203352609717 First Eig Val: 9.130570379842387e-16 First Gap: 0.793284863046049 Largest Gap: 0.793284863046049 Number of Clusters:1
start:0 iteration:1
CellsA: 285 CellsB: 11
MutsA: 139 MutsB: 124
Using SNV kernel only
Jump Percentage: 0.6003893032128809 First Eig Val: 6.400869149247487e-16 First Gap: 0.8120656006317517 Largest Gap: 0.8120656006317517 Number of Clusters:1
start:0 iteration:2
CellsA: 286 CellsB: 10
MutsA: 139 MutsB: 124
Using SNV kernel only
Jump Percentage: 0.6003893032128809 First Eig Val: 6.400869149247487e-16 First Gap: 0.8120656006317517 Largest Gap: 0.8120656006317517 Number of Clusters:1
adding tree to internal list:
Clonal Tree 0 
[(0, 1)] 
Loss Nodes:0
Node: 0 Cells: 286 Muts: 139 LostMuts: 0
Node: 1 Cells: 198 Muts: 124 LostMuts: 0
Total Cells: 484 Total Muts: 263
Using SNV kernel only
Jump Percentage: 0.35272889804175256 First Eig Val: 3.583965806422399e-17 First Gap: 0.2160970226595495 Largest Gap: 0.4473287628097852 Number of Clusters:3
start:1 iteration:0
CellsA: 243 CellsB: 53
MutsA: 142 MutsB: 121
Using SNV kernel only
Jump Percentage: 0.9662314015856635 First Eig Val: 2.316633940279947e-16 First Gap: 0.6557545028294717 Largest Gap: 0.6557545028294717 Number of Clusters:1
start:1 iteration:1
CellsA: 289 CellsB: 7
MutsA: 140 MutsB: 123
Using SNV kernel only
Jump Percentage: 0.965599894911878 First Eig Val: -3.962918718641645e-16 First Gap: 0.6571939923775447 Largest Gap: 0.6571939923775447 Number of Clusters:1
adding tree to internal list:
Clonal Tree 0 
[(0, 1)] 
Loss Nodes:0
Node: 0 Cells: 289 Muts: 140 LostMuts: 0
Node: 1 Cells: 195 Muts: 123 LostMuts: 0
Total Cells: 484 Total Muts: 263
Using SNV kernel only
Jump Percentage: 0.452086166482968 First Eig Val: 1.0863705768304772e-16 First Gap: 0.16152536992534725 Largest Gap: 0.38858741983534023 Number of Clusters:3
start:2 iteration:0
CellsA: 228 CellsB: 68
MutsA: 139 MutsB: 124
Using SNV kernel only
Jump Percentage: 0.9177218339713202 First Eig Val: -1.218111331652613e-15 First Gap: 0.6374316834625328 Largest Gap: 0.6374316834625328 Number of Clusters:1
start:2 iteration:1
CellsA: 265 CellsB: 31
MutsA: 135 MutsB: 128
Using SNV kernel only
Jump Percentage: 0.8234319544521868 First Eig Val: -3.581970138440431e-16 First Gap: 0.5887537171771344 Largest Gap: 0.5887537171771344 Number of Clusters:1
adding tree to internal list:
Clonal Tree 0 
[(0, 1)] 
Loss Nodes:0
Node: 0 Cells: 265 Muts: 135 LostMuts: 0
Node: 1 Cells: 219 Muts: 128 LostMuts: 0
Total Cells: 484 Total Muts: 263
adding tree to candidate list:
Clonal Tree 2 
[(0, 1)] 
Loss Nodes:0
Node: 0 Cells: 265 Muts: 135 LostMuts: 0
Node: 1 Cells: 219 Muts: 128 LostMuts: 0
Total Cells: 484 Total Muts: 263
Normalized Likelihood: -0.46064401902595314
Clonal Tree 0 
[(0, 1)] 
Loss Nodes:0
Node: 0 Cells: 320 Muts: 160 LostMuts: 0
Node: 1 Cells: 164 Muts: 103 LostMuts: 0
Total Cells: 484 Total Muts: 263
Normalized Likelihood: -0.5165008712452435
Clonal Tree 1 
[(0, 1)] 
Loss Nodes:0
Node: 0 Cells: 296 Muts: 147 LostMuts: 0
Node: 1 Cells: 188 Muts: 116 LostMuts: 0
Total Cells: 484 Total Muts: 263
Normalized Likelihood: -0.48633149405226467
Clonal Tree 2 
[(0, 1)] 
Loss Nodes:0
Node: 0 Cells: 265 Muts: 135 LostMuts: 0
Node: 1 Cells: 219 Muts: 128 LostMuts: 0
Total Cells: 484 Total Muts: 263
Normalized Likelihood: -0.46064401902595314
linear split norm likelihood best tree
Clonal Tree 2 
[(0, 1)] 
Loss Nodes:0
Node: 0 Cells: 265 Muts: 135 LostMuts: 0
Node: 1 Cells: 219 Muts: 128 LostMuts: 0
Total Cells: 484 Total Muts: 263
Sprouted tree:
Clonal Tree 2 
[(0, 1)] 
Loss Nodes:0
Node: 0 Cells: 265 Muts: 135 LostMuts: 0
Node: 1 Cells: 219 Muts: 128 LostMuts: 0
Total Cells: 484 Total Muts: 263
<bound method Phertilizer.sprout_linear of <phertilizer.Phertilizer object at 0x7f6ca7d5e2e0>> Not Valid!
Number of subproblems remaining: 4
Starting k-clonal tree inference for seed:
Cells: 484 Muts: 302 Ancestral Muts: 848 
Sprouting seed:
Cells: 484 Muts: 302 Ancestral Muts: 848 
Sprouting a branching tree from seed ...
(Generator(PCG64) at 0x7F6C95996C80,)
Jump Percentage: 0.999999999999989 First Eig Val: -2.39323874938526e-16 First Gap: 1.471003156762211e-16 Largest Gap: 0.29850063466413546 Number of Clusters:2
CellsA: 320 CellsB: 164
MutsA: 59 mutsB: 131
Jump Percentage: 0.9999999999999972 First Eig Val: -1.0287107720397149e-16 First Gap: 3.171278793161336e-16 Largest Gap: 0.2587984353164648 Number of Clusters:2
CellsA: 320 CellsB: 164
MutsA: 59 mutsB: 131
Sprouted tree:
None
<bound method Phertilizer.sprout_branching of <phertilizer.Phertilizer object at 0x7f6ca7d5e2e0>> invalid
Sprouting seed:
Cells: 484 Muts: 302 Ancestral Muts: 848 
Sprouting a linear tree from seed ...
Jump Percentage: 0.9999999999999937 First Eig Val: 1.4175640992275803e-16 First Gap: 1.8776363928194052e-16 Largest Gap: 0.25197559109830286 Number of Clusters:6
start:0 iteration:0
CellsA: 320 CellsB: 164
MutsA: 178 MutsB: 124
Jump Percentage: 0.9999999999999941 First Eig Val: -2.8299816690073994e-16 First Gap: 3.3251772326304513e-16 Largest Gap: 0.3831448243156706 Number of Clusters:4
adding tree to internal list:
Clonal Tree 0 
[(0, 1)] 
Loss Nodes:0
Node: 0 Cells: 320 Muts: 178 LostMuts: 0
Node: 1 Cells: 164 Muts: 124 LostMuts: 0
Total Cells: 484 Total Muts: 302
Jump Percentage: 0.9999999999999916 First Eig Val: 5.674336245405859e-18 First Gap: 4.064928975468912e-17 Largest Gap: 0.2906029835084961 Number of Clusters:6
start:1 iteration:0
CellsA: 320 CellsB: 164
MutsA: 178 MutsB: 124
Jump Percentage: 0.9999999999999941 First Eig Val: -2.8299816690073994e-16 First Gap: 3.3251772326304513e-16 Largest Gap: 0.3831448243156706 Number of Clusters:4
adding tree to internal list:
Clonal Tree 0 
[(0, 1)] 
Loss Nodes:0
Node: 0 Cells: 320 Muts: 178 LostMuts: 0
Node: 1 Cells: 164 Muts: 124 LostMuts: 0
Total Cells: 484 Total Muts: 302
Jump Percentage: 0.9999999999999913 First Eig Val: 1.5457728146295696e-16 First Gap: 5.754268333822507e-16 Largest Gap: 0.26686757414823536 Number of Clusters:4
start:2 iteration:0
CellsA: 320 CellsB: 164
MutsA: 178 MutsB: 124
Jump Percentage: 0.9999999999999941 First Eig Val: -2.8299816690073994e-16 First Gap: 3.3251772326304513e-16 Largest Gap: 0.3831448243156706 Number of Clusters:4
adding tree to internal list:
Clonal Tree 0 
[(0, 1)] 
Loss Nodes:0
Node: 0 Cells: 320 Muts: 178 LostMuts: 0
Node: 1 Cells: 164 Muts: 124 LostMuts: 0
Total Cells: 484 Total Muts: 302
adding tree to candidate list:
Clonal Tree 0 
[(0, 1)] 
Loss Nodes:0
Node: 0 Cells: 320 Muts: 178 LostMuts: 0
Node: 1 Cells: 164 Muts: 124 LostMuts: 0
Total Cells: 484 Total Muts: 302
Normalized Likelihood: -0.5081777238375887
Using SNV kernel only
Jump Percentage: 0.37538953650073875 First Eig Val: 3.694961003830604e-16 First Gap: 0.2200158237606285 Largest Gap: 0.4310870032145746 Number of Clusters:3
start:0 iteration:0
CellsA: 267 CellsB: 53
MutsA: 170 MutsB: 132
Using SNV kernel only
Jump Percentage: 0.8400259178747989 First Eig Val: 6.106226635438371e-16 First Gap: 0.4503223252535622 Largest Gap: 0.4503223252535622 Number of Clusters:1
start:0 iteration:1
CellsA: 304 CellsB: 16
MutsA: 165 MutsB: 137
Using SNV kernel only
Jump Percentage: 0.8399499505430302 First Eig Val: 6.661338147750948e-16 First Gap: 0.4516983737639287 Largest Gap: 0.4516983737639287 Number of Clusters:1
adding tree to internal list:
Clonal Tree 0 
[(0, 1)] 
Loss Nodes:0
Node: 0 Cells: 304 Muts: 165 LostMuts: 0
Node: 1 Cells: 180 Muts: 137 LostMuts: 0
Total Cells: 484 Total Muts: 302
Using SNV kernel only
Jump Percentage: 0.3977461761342147 First Eig Val: -2.114736337432979e-16 First Gap: 0.24968805204726732 Largest Gap: 0.354805690601071 Number of Clusters:3
start:1 iteration:0
CellsA: 278 CellsB: 42
MutsA: 168 MutsB: 134
Using SNV kernel only
Jump Percentage: 0.9541968113838433 First Eig Val: 1.3877787807814476e-16 First Gap: 0.47380963388788644 Largest Gap: 0.47380963388788644 Number of Clusters:1
start:1 iteration:1
CellsA: 307 CellsB: 13
MutsA: 166 MutsB: 136
Using SNV kernel only
Jump Percentage: 0.9538054064238033 First Eig Val: -4.440892098500632e-16 First Gap: 0.47528146216073086 Largest Gap: 0.47528146216073086 Number of Clusters:1
adding tree to internal list:
Clonal Tree 0 
[(0, 1)] 
Loss Nodes:0
Node: 0 Cells: 307 Muts: 166 LostMuts: 0
Node: 1 Cells: 177 Muts: 136 LostMuts: 0
Total Cells: 484 Total Muts: 302
Using SNV kernel only
Jump Percentage: 0.3532684550273593 First Eig Val: -6.635317295611297e-16 First Gap: 0.15595553166402754 Largest Gap: 0.3532941764816434 Number of Clusters:3
start:2 iteration:0
CellsA: 247 CellsB: 73
MutsA: 169 MutsB: 133
Using SNV kernel only
Jump Percentage: 0.8419385344504419 First Eig Val: 1.0269562977782714e-15 First Gap: 0.4404163372242396 Largest Gap: 0.48132951365334375 Number of Clusters:2
start:2 iteration:1
CellsA: 306 CellsB: 14
MutsA: 166 MutsB: 136
Using SNV kernel only
Jump Percentage: 0.9526323575063022 First Eig Val: -1.3739009929736336e-15 First Gap: 0.4393859185212571 Largest Gap: 0.4699572061118295 Number of Clusters:2
adding tree to internal list:
Clonal Tree 0 
[(0, 1)] 
Loss Nodes:0
Node: 0 Cells: 306 Muts: 166 LostMuts: 0
Node: 1 Cells: 178 Muts: 136 LostMuts: 0
Total Cells: 484 Total Muts: 302
adding tree to candidate list:
Clonal Tree 0 
[(0, 1)] 
Loss Nodes:0
Node: 0 Cells: 304 Muts: 165 LostMuts: 0
Node: 1 Cells: 180 Muts: 137 LostMuts: 0
Total Cells: 484 Total Muts: 302
Normalized Likelihood: -0.4781664080042658
Using SNV kernel only
Jump Percentage: 0.4224519298522569 First Eig Val: -5.836124769217921e-16 First Gap: 0.1950037259357941 Largest Gap: 0.3510026430930709 Number of Clusters:3
start:0 iteration:0
CellsA: 252 CellsB: 52
MutsA: 162 MutsB: 140
Using SNV kernel only
Jump Percentage: 0.9586636122940576 First Eig Val: -6.08833729959236e-16 First Gap: 0.4985998548926966 Largest Gap: 0.4985998548926966 Number of Clusters:1
start:0 iteration:1
CellsA: 291 CellsB: 13
MutsA: 156 MutsB: 146
Using SNV kernel only
Jump Percentage: 0.9593137661389669 First Eig Val: 1.0489501435284397e-15 First Gap: 0.6077474283566269 Largest Gap: 0.6077474283566269 Number of Clusters:1
adding tree to internal list:
Clonal Tree 0 
[(0, 1)] 
Loss Nodes:0
Node: 0 Cells: 291 Muts: 156 LostMuts: 0
Node: 1 Cells: 193 Muts: 146 LostMuts: 0
Total Cells: 484 Total Muts: 302
Using SNV kernel only
Jump Percentage: 0.3169554105545083 First Eig Val: -3.189993841995481e-16 First Gap: 0.25918337618780934 Largest Gap: 0.32269938979407065 Number of Clusters:3
start:1 iteration:0
CellsA: 122 CellsB: 182
MutsA: 139 MutsB: 163
Using SNV kernel only
Jump Percentage: 0.4934519223848154 First Eig Val: -9.558326352632225e-16 First Gap: 0.2859442393505233 Largest Gap: 0.2859442393505233 Number of Clusters:1
start:1 iteration:1
CellsA: 277 CellsB: 27
MutsA: 161 MutsB: 141
Using SNV kernel only
Jump Percentage: 0.9499336614786122 First Eig Val: -3.1918911957973285e-16 First Gap: 0.3926007240189676 Largest Gap: 0.5379117663628339 Number of Clusters:2
start:1 iteration:2
CellsA: 290 CellsB: 14
MutsA: 157 MutsB: 145
Using SNV kernel only
Jump Percentage: 0.9499336614786122 First Eig Val: -3.1918911957973285e-16 First Gap: 0.3926007240189676 Largest Gap: 0.5379117663628339 Number of Clusters:2
adding tree to internal list:
Clonal Tree 0 
[(0, 1)] 
Loss Nodes:0
Node: 0 Cells: 290 Muts: 157 LostMuts: 0
Node: 1 Cells: 194 Muts: 145 LostMuts: 0
Total Cells: 484 Total Muts: 302
Using SNV kernel only
Jump Percentage: 0.3080687479519737 First Eig Val: -9.367506770274771e-17 First Gap: 0.18211337641572117 Largest Gap: 0.4174148071900644 Number of Clusters:3
start:2 iteration:0
CellsA: 246 CellsB: 58
MutsA: 160 MutsB: 142
Using SNV kernel only
Jump Percentage: 0.9553766015693405 First Eig Val: 4.163336342344343e-17 First Gap: 0.5018203811985414 Largest Gap: 0.5018203811985414 Number of Clusters:1
start:2 iteration:1
CellsA: 292 CellsB: 12
MutsA: 156 MutsB: 146
Using SNV kernel only
Jump Percentage: 0.9553766015693405 First Eig Val: 4.163336342344343e-17 First Gap: 0.5018203811985414 Largest Gap: 0.5018203811985414 Number of Clusters:1
adding tree to internal list:
Clonal Tree 0 
[(0, 1)] 
Loss Nodes:0
Node: 0 Cells: 292 Muts: 156 LostMuts: 0
Node: 1 Cells: 192 Muts: 146 LostMuts: 0
Total Cells: 484 Total Muts: 302
adding tree to candidate list:
Clonal Tree 1 
[(0, 1)] 
Loss Nodes:0
Node: 0 Cells: 290 Muts: 157 LostMuts: 0
Node: 1 Cells: 194 Muts: 145 LostMuts: 0
Total Cells: 484 Total Muts: 302
Normalized Likelihood: -0.455536695626446
Using SNV kernel only
Jump Percentage: 0.41833902913081455 First Eig Val: -1.7553233172540344e-16 First Gap: 0.23576822409939754 Largest Gap: 0.34762311156961373 Number of Clusters:3
start:0 iteration:0
CellsA: 250 CellsB: 40
MutsA: 151 MutsB: 151
Using SNV kernel only
Jump Percentage: 0.8719626669040915 First Eig Val: -7.546047120499121e-16 First Gap: 0.5904000411535424 Largest Gap: 0.5904000411535424 Number of Clusters:1
start:0 iteration:1
CellsA: 280 CellsB: 10
MutsA: 150 MutsB: 152
Using SNV kernel only
Jump Percentage: 0.8719626669040915 First Eig Val: -7.546047120499121e-16 First Gap: 0.5904000411535424 Largest Gap: 0.5904000411535424 Number of Clusters:1
adding tree to internal list:
Clonal Tree 0 
[(0, 1)] 
Loss Nodes:0
Node: 0 Cells: 280 Muts: 150 LostMuts: 0
Node: 1 Cells: 204 Muts: 152 LostMuts: 0
Total Cells: 484 Total Muts: 302
Using SNV kernel only
Jump Percentage: 0.3384003351360368 First Eig Val: -6.169110361442529e-17 First Gap: 0.22592159322391492 Largest Gap: 0.3225260908683824 Number of Clusters:3
start:1 iteration:0
CellsA: 247 CellsB: 43
MutsA: 151 MutsB: 151
Using SNV kernel only
Jump Percentage: 0.955858246549528 First Eig Val: 6.661338147750949e-16 First Gap: 0.49079672669356966 Largest Gap: 0.49079672669356966 Number of Clusters:1
start:1 iteration:1
CellsA: 277 CellsB: 13
MutsA: 149 MutsB: 153
Using SNV kernel only
Jump Percentage: 0.955858246549528 First Eig Val: 6.661338147750949e-16 First Gap: 0.49079672669356966 Largest Gap: 0.49079672669356966 Number of Clusters:1
adding tree to internal list:
Clonal Tree 0 
[(0, 1)] 
Loss Nodes:0
Node: 0 Cells: 277 Muts: 149 LostMuts: 0
Node: 1 Cells: 207 Muts: 153 LostMuts: 0
Total Cells: 484 Total Muts: 302
Using SNV kernel only
Jump Percentage: 0.4957659981644338 First Eig Val: 1.6772607608350788e-16 First Gap: 0.22260578099741912 Largest Gap: 0.4165130231415901 Number of Clusters:3
start:2 iteration:0
CellsA: 247 CellsB: 43
MutsA: 156 MutsB: 146
Using SNV kernel only
Jump Percentage: 0.9630924345345894 First Eig Val: 4.440892098500633e-16 First Gap: 0.5880229976474576 Largest Gap: 0.5880229976474576 Number of Clusters:1
start:2 iteration:1
CellsA: 280 CellsB: 10
MutsA: 153 MutsB: 149
Using SNV kernel only
Jump Percentage: 0.9630924345345894 First Eig Val: 4.440892098500633e-16 First Gap: 0.5880229976474576 Largest Gap: 0.5880229976474576 Number of Clusters:1
adding tree to internal list:
Clonal Tree 0 
[(0, 1)] 
Loss Nodes:0
Node: 0 Cells: 280 Muts: 153 LostMuts: 0
Node: 1 Cells: 204 Muts: 149 LostMuts: 0
Total Cells: 484 Total Muts: 302
adding tree to candidate list:
Clonal Tree 0 
[(0, 1)] 
Loss Nodes:0
Node: 0 Cells: 280 Muts: 150 LostMuts: 0
Node: 1 Cells: 204 Muts: 152 LostMuts: 0
Total Cells: 484 Total Muts: 302
Normalized Likelihood: -0.4447818304258833
Using SNV kernel only
Jump Percentage: 0.3792550726365953 First Eig Val: -2.6324428747948087e-16 First Gap: 0.20608840165880732 Largest Gap: 0.33856189938196785 Number of Clusters:3
start:0 iteration:0
CellsA: 235 CellsB: 45
MutsA: 143 MutsB: 159
Using SNV kernel only
Jump Percentage: 0.9548170704708762 First Eig Val: 4.1633363423443426e-17 First Gap: 0.4823803348653789 Largest Gap: 0.4823803348653789 Number of Clusters:1
start:0 iteration:1
CellsA: 267 CellsB: 13
MutsA: 143 MutsB: 159
Using SNV kernel only
Jump Percentage: 0.9548170704708762 First Eig Val: 4.1633363423443426e-17 First Gap: 0.4823803348653789 Largest Gap: 0.4823803348653789 Number of Clusters:1
adding tree to internal list:
Clonal Tree 0 
[(0, 1)] 
Loss Nodes:0
Node: 0 Cells: 267 Muts: 143 LostMuts: 0
Node: 1 Cells: 217 Muts: 159 LostMuts: 0
Total Cells: 484 Total Muts: 302
Using SNV kernel only
Jump Percentage: 0.3558996803926512 First Eig Val: 7.316196259932194e-16 First Gap: 0.20968439626314275 Largest Gap: 0.30869526963506566 Number of Clusters:3
start:1 iteration:0
CellsA: 234 CellsB: 46
MutsA: 150 MutsB: 152
Using SNV kernel only
Jump Percentage: 0.9545024072406654 First Eig Val: 1.1563214362032686e-15 First Gap: 0.8470826862415959 Largest Gap: 0.8470826862415959 Number of Clusters:1
start:1 iteration:1
CellsA: 271 CellsB: 9
MutsA: 146 MutsB: 156
Using SNV kernel only
Jump Percentage: 0.9657398387186119 First Eig Val: 6.152821917866827e-16 First Gap: 0.7352635517415608 Largest Gap: 0.7352635517415608 Number of Clusters:1
adding tree to internal list:
Clonal Tree 0 
[(0, 1)] 
Loss Nodes:0
Node: 0 Cells: 271 Muts: 146 LostMuts: 0
Node: 1 Cells: 213 Muts: 156 LostMuts: 0
Total Cells: 484 Total Muts: 302
Using SNV kernel only
Jump Percentage: 0.2954062405732039 First Eig Val: 2.296340201324302e-16 First Gap: 0.21410818732123915 Largest Gap: 0.43099469528515627 Number of Clusters:3
start:2 iteration:0
CellsA: 237 CellsB: 43
MutsA: 150 MutsB: 152
Using SNV kernel only
Jump Percentage: 0.8761951872662006 First Eig Val: -7.374438245427595e-16 First Gap: 0.6486115478382187 Largest Gap: 0.6486115478382187 Number of Clusters:1
start:2 iteration:1
CellsA: 273 CellsB: 7
MutsA: 146 MutsB: 156
Using SNV kernel only
Jump Percentage: 0.8761951872662006 First Eig Val: -7.374438245427595e-16 First Gap: 0.6486115478382187 Largest Gap: 0.6486115478382187 Number of Clusters:1
adding tree to internal list:
Clonal Tree 0 
[(0, 1)] 
Loss Nodes:0
Node: 0 Cells: 273 Muts: 146 LostMuts: 0
Node: 1 Cells: 211 Muts: 156 LostMuts: 0
Total Cells: 484 Total Muts: 302
adding tree to candidate list:
Clonal Tree 0 
[(0, 1)] 
Loss Nodes:0
Node: 0 Cells: 267 Muts: 143 LostMuts: 0
Node: 1 Cells: 217 Muts: 159 LostMuts: 0
Total Cells: 484 Total Muts: 302
Normalized Likelihood: -0.4358401428417372
Clonal Tree 0 
[(0, 1)] 
Loss Nodes:0
Node: 0 Cells: 320 Muts: 178 LostMuts: 0
Node: 1 Cells: 164 Muts: 124 LostMuts: 0
Total Cells: 484 Total Muts: 302
Normalized Likelihood: -0.5081777238375887
Clonal Tree 1 
[(0, 1)] 
Loss Nodes:0
Node: 0 Cells: 304 Muts: 165 LostMuts: 0
Node: 1 Cells: 180 Muts: 137 LostMuts: 0
Total Cells: 484 Total Muts: 302
Normalized Likelihood: -0.4781664080042658
Clonal Tree 2 
[(0, 1)] 
Loss Nodes:0
Node: 0 Cells: 290 Muts: 157 LostMuts: 0
Node: 1 Cells: 194 Muts: 145 LostMuts: 0
Total Cells: 484 Total Muts: 302
Normalized Likelihood: -0.455536695626446
Clonal Tree 3 
[(0, 1)] 
Loss Nodes:0
Node: 0 Cells: 280 Muts: 150 LostMuts: 0
Node: 1 Cells: 204 Muts: 152 LostMuts: 0
Total Cells: 484 Total Muts: 302
Normalized Likelihood: -0.4447818304258833
Clonal Tree 4 
[(0, 1)] 
Loss Nodes:0
Node: 0 Cells: 267 Muts: 143 LostMuts: 0
Node: 1 Cells: 217 Muts: 159 LostMuts: 0
Total Cells: 484 Total Muts: 302
Normalized Likelihood: -0.4358401428417372
linear split norm likelihood best tree
Clonal Tree 4 
[(0, 1)] 
Loss Nodes:0
Node: 0 Cells: 267 Muts: 143 LostMuts: 0
Node: 1 Cells: 217 Muts: 159 LostMuts: 0
Total Cells: 484 Total Muts: 302
Sprouted tree:
Clonal Tree 4 
[(0, 1)] 
Loss Nodes:0
Node: 0 Cells: 267 Muts: 143 LostMuts: 0
Node: 1 Cells: 217 Muts: 159 LostMuts: 0
Total Cells: 484 Total Muts: 302
Cells: 217 Muts: 159 Ancestral Muts: 991 
Number of subproblems remaining: 3
Starting k-clonal tree inference for seed:
Cells: 484 Muts: 405 Ancestral Muts: 696 
Sprouting seed:
Cells: 484 Muts: 405 Ancestral Muts: 696 
Sprouting a branching tree from seed ...
(Generator(PCG64) at 0x7F6C95996C80,)
Jump Percentage: 0.9999999999999896 First Eig Val: -1.2353831088368333e-15 First Gap: 1.3480920656167754e-15 Largest Gap: 0.3491656096291837 Number of Clusters:2
CellsA: 164 CellsB: 320
MutsA: 162 mutsB: 93
Jump Percentage: 0.9999999999999873 First Eig Val: 8.063883441996878e-17 First Gap: 1.368496658689517e-16 Largest Gap: 0.34502754010063075 Number of Clusters:2
CellsA: 164 CellsB: 320
MutsA: 162 mutsB: 93
Jump Percentage: 0.9999999999999941 First Eig Val: -2.0814482761295252e-16 First Gap: 3.7275412701097935e-16 Largest Gap: 0.36934031300046616 Number of Clusters:2
CellsA: 164 CellsB: 320
MutsA: 162 mutsB: 93
Sprouted tree:
None
<bound method Phertilizer.sprout_branching of <phertilizer.Phertilizer object at 0x7f6ca7d5e2e0>> invalid
Sprouting seed:
Cells: 484 Muts: 405 Ancestral Muts: 696 
Sprouting a linear tree from seed ...
Jump Percentage: 0.9999999999999939 First Eig Val: -3.1577156875348796e-16 First Gap: 3.6842760842304096e-16 Largest Gap: 0.27332243353612784 Number of Clusters:2
start:0 iteration:0
CellsA: 320 CellsB: 164
MutsA: 250 MutsB: 155
Jump Percentage: 0.9999999999999977 First Eig Val: -2.6816336585108733e-16 First Gap: 3.1923819324654327e-16 Largest Gap: 0.32631707820654793 Number of Clusters:4
adding tree to internal list:
Clonal Tree 0 
[(0, 1)] 
Loss Nodes:0
Node: 0 Cells: 320 Muts: 250 LostMuts: 0
Node: 1 Cells: 164 Muts: 155 LostMuts: 0
Total Cells: 484 Total Muts: 405
Jump Percentage: 0.9999999999999934 First Eig Val: -1.8917974629523412e-16 First Gap: 6.457689906955539e-16 Largest Gap: 0.262926711950023 Number of Clusters:2
start:1 iteration:0
CellsA: 320 CellsB: 164
MutsA: 250 MutsB: 155
Jump Percentage: 0.9999999999999977 First Eig Val: -2.6816336585108733e-16 First Gap: 3.1923819324654327e-16 Largest Gap: 0.32631707820654793 Number of Clusters:4
adding tree to internal list:
Clonal Tree 0 
[(0, 1)] 
Loss Nodes:0
Node: 0 Cells: 320 Muts: 250 LostMuts: 0
Node: 1 Cells: 164 Muts: 155 LostMuts: 0
Total Cells: 484 Total Muts: 405
Jump Percentage: 0.999999999999987 First Eig Val: -7.757940789867863e-17 First Gap: 3.9095527344329493e-16 Largest Gap: 0.2753279416123616 Number of Clusters:6
start:2 iteration:0
CellsA: 320 CellsB: 164
MutsA: 250 MutsB: 155
Jump Percentage: 0.9999999999999977 First Eig Val: -2.6816336585108733e-16 First Gap: 3.1923819324654327e-16 Largest Gap: 0.32631707820654793 Number of Clusters:4
adding tree to internal list:
Clonal Tree 0 
[(0, 1)] 
Loss Nodes:0
Node: 0 Cells: 320 Muts: 250 LostMuts: 0
Node: 1 Cells: 164 Muts: 155 LostMuts: 0
Total Cells: 484 Total Muts: 405
adding tree to candidate list:
Clonal Tree 0 
[(0, 1)] 
Loss Nodes:0
Node: 0 Cells: 320 Muts: 250 LostMuts: 0
Node: 1 Cells: 164 Muts: 155 LostMuts: 0
Total Cells: 484 Total Muts: 405
Normalized Likelihood: -0.5349978745814764
Using SNV kernel only
Jump Percentage: 0.35127966486266515 First Eig Val: 6.046459990680105e-16 First Gap: 0.28727410588540214 Largest Gap: 0.28727410588540214 Number of Clusters:1
start:0 iteration:0
CellsA: 275 CellsB: 45
MutsA: 236 MutsB: 169
Using SNV kernel only
Jump Percentage: 0.9541119265064755 First Eig Val: -1.2941037130786995e-15 First Gap: 0.48167579048153114 Largest Gap: 0.48167579048153114 Number of Clusters:1
start:0 iteration:1
CellsA: 302 CellsB: 18
MutsA: 233 MutsB: 172
Using SNV kernel only
Jump Percentage: 0.7256746196549977 First Eig Val: 6.696032617270484e-16 First Gap: 0.4865609549149539 Largest Gap: 0.4865609549149539 Number of Clusters:1
adding tree to internal list:
Clonal Tree 0 
[(0, 1)] 
Loss Nodes:0
Node: 0 Cells: 302 Muts: 233 LostMuts: 0
Node: 1 Cells: 182 Muts: 172 LostMuts: 0
Total Cells: 484 Total Muts: 405
Using SNV kernel only
Jump Percentage: 0.28023676167237993 First Eig Val: -6.655917136888524e-16 First Gap: 0.24981424172897113 Largest Gap: 0.346417699438695 Number of Clusters:3
start:1 iteration:0
CellsA: 268 CellsB: 52
MutsA: 240 MutsB: 165
Using SNV kernel only
Jump Percentage: 0.8514748200433007 First Eig Val: 2.0599841277224616e-16 First Gap: 0.5372470420774387 Largest Gap: 0.5372470420774387 Number of Clusters:1
start:1 iteration:1
CellsA: 300 CellsB: 20
MutsA: 234 MutsB: 171
Using SNV kernel only
Jump Percentage: 0.8438506313752875 First Eig Val: -6.472686969738471e-16 First Gap: 0.5390205556532194 Largest Gap: 0.5390205556532194 Number of Clusters:1
adding tree to internal list:
Clonal Tree 0 
[(0, 1)] 
Loss Nodes:0
Node: 0 Cells: 300 Muts: 234 LostMuts: 0
Node: 1 Cells: 184 Muts: 171 LostMuts: 0
Total Cells: 484 Total Muts: 405
Using SNV kernel only
Jump Percentage: 0.4174754725243553 First Eig Val: 4.599795479405539e-16 First Gap: 0.27527580778120997 Largest Gap: 0.29689209542641776 Number of Clusters:3
start:2 iteration:0
CellsA: 277 CellsB: 43
MutsA: 240 MutsB: 165
Using SNV kernel only
Jump Percentage: 0.8507237432538542 First Eig Val: -7.362182117044354e-16 First Gap: 0.7644293112916205 Largest Gap: 0.7644293112916205 Number of Clusters:1
start:2 iteration:1
CellsA: 307 CellsB: 13
MutsA: 238 MutsB: 167
Using SNV kernel only
Jump Percentage: 0.8483814676609042 First Eig Val: 1.2803692861141967e-15 First Gap: 0.7649721951492858 Largest Gap: 0.7649721951492858 Number of Clusters:1
adding tree to internal list:
Clonal Tree 0 
[(0, 1)] 
Loss Nodes:0
Node: 0 Cells: 307 Muts: 238 LostMuts: 0
Node: 1 Cells: 177 Muts: 167 LostMuts: 0
Total Cells: 484 Total Muts: 405
adding tree to candidate list:
Clonal Tree 0 
[(0, 1)] 
Loss Nodes:0
Node: 0 Cells: 302 Muts: 233 LostMuts: 0
Node: 1 Cells: 182 Muts: 172 LostMuts: 0
Total Cells: 484 Total Muts: 405
Normalized Likelihood: -0.4987864485723459
Using SNV kernel only
Jump Percentage: 0.2968060232926796 First Eig Val: -2.552262736007716e-16 First Gap: 0.3040428036448797 Largest Gap: 0.31077215259262375 Number of Clusters:3
start:0 iteration:0
CellsA: 110 CellsB: 192
MutsA: 206 MutsB: 199
Using SNV kernel only
Jump Percentage: 0.44912207674270144 First Eig Val: 7.598004121483703e-16 First Gap: 0.33130435178624085 Largest Gap: 0.33130435178624085 Number of Clusters:1
start:0 iteration:1
CellsA: 280 CellsB: 22
MutsA: 233 MutsB: 172
Using SNV kernel only
Jump Percentage: 0.9685673821031587 First Eig Val: -2.4980018054066057e-16 First Gap: 0.6567798905785969 Largest Gap: 0.6567798905785969 Number of Clusters:1
start:0 iteration:2
CellsA: 296 CellsB: 6
MutsA: 229 MutsB: 176
Using SNV kernel only
Jump Percentage: 0.9685673821031587 First Eig Val: -2.4980018054066057e-16 First Gap: 0.6567798905785969 Largest Gap: 0.6567798905785969 Number of Clusters:1
adding tree to internal list:
Clonal Tree 0 
[(0, 1)] 
Loss Nodes:0
Node: 0 Cells: 296 Muts: 229 LostMuts: 0
Node: 1 Cells: 188 Muts: 176 LostMuts: 0
Total Cells: 484 Total Muts: 405
Using SNV kernel only
Jump Percentage: 0.33229882883095063 First Eig Val: 1.210511725580068e-16 First Gap: 0.2799892301107107 Largest Gap: 0.35063436925888325 Number of Clusters:3
start:1 iteration:0
CellsA: 262 CellsB: 40
MutsA: 228 MutsB: 177
Using SNV kernel only
Jump Percentage: 0.9434089512337351 First Eig Val: 8.428593578428286e-16 First Gap: 0.854794995562498 Largest Gap: 0.854794995562498 Number of Clusters:1
start:1 iteration:1
CellsA: 294 CellsB: 8
MutsA: 225 MutsB: 180
Using SNV kernel only
Jump Percentage: 0.8556088356584441 First Eig Val: 2.4980018054066057e-16 First Gap: 0.5388810700051914 Largest Gap: 0.5388810700051914 Number of Clusters:1
adding tree to internal list:
Clonal Tree 0 
[(0, 1)] 
Loss Nodes:0
Node: 0 Cells: 294 Muts: 225 LostMuts: 0
Node: 1 Cells: 190 Muts: 180 LostMuts: 0
Total Cells: 484 Total Muts: 405
Using SNV kernel only
Jump Percentage: 0.3498220411361018 First Eig Val: -5.607578339389762e-16 First Gap: 0.29877619706064074 Largest Gap: 0.29877619706064074 Number of Clusters:1
start:2 iteration:0
CellsA: 259 CellsB: 43
MutsA: 230 MutsB: 175
Using SNV kernel only
Jump Percentage: 0.8917981319439023 First Eig Val: 3.5168440412293397e-16 First Gap: 0.7380637888994599 Largest Gap: 0.7380637888994599 Number of Clusters:1
start:2 iteration:1
CellsA: 299 CellsB: 3
MutsA: 230 MutsB: 175
Using SNV kernel only
Jump Percentage: 0.8917981319439023 First Eig Val: 3.5168440412293397e-16 First Gap: 0.7380637888994599 Largest Gap: 0.7380637888994599 Number of Clusters:1
adding tree to candidate list:
Clonal Tree 1 
[(0, 1)] 
Loss Nodes:0
Node: 0 Cells: 294 Muts: 225 LostMuts: 0
Node: 1 Cells: 190 Muts: 180 LostMuts: 0
Total Cells: 484 Total Muts: 405
Normalized Likelihood: -0.4886571405823535
Using SNV kernel only
Jump Percentage: 0.2428807597388501 First Eig Val: -2.699104367743723e-16 First Gap: 0.235289144303137 Largest Gap: 0.3164148019178282 Number of Clusters:3
start:0 iteration:0
CellsA: 103 CellsB: 191
MutsA: 199 MutsB: 206
Using SNV kernel only
Jump Percentage: 0.3096402000989141 First Eig Val: -9.518818618389916e-17 First Gap: 0.365502310862632 Largest Gap: 0.365502310862632 Number of Clusters:1
start:0 iteration:1
CellsA: 175 CellsB: 119
MutsA: 173 MutsB: 232
Using SNV kernel only
Jump Percentage: 0.35493201311475314 First Eig Val: 1.2664797584421408e-16 First Gap: 0.38285721695905983 Largest Gap: 0.38285721695905983 Number of Clusters:1
start:0 iteration:2
CellsA: 278 CellsB: 16
MutsA: 227 MutsB: 178
Using SNV kernel only
Jump Percentage: 1.0 First Eig Val: 2.9273458657108664e-16 First Gap: 0.8429898928462244 Largest Gap: 0.8429898928462244 Number of Clusters:1
start:0 iteration:3
CellsA: 293 CellsB: 1
MutsA: 224 MutsB: 181
Using SNV kernel only
Jump Percentage: 1.0 First Eig Val: 2.9273458657108664e-16 First Gap: 0.8429898928462244 Largest Gap: 0.8429898928462244 Number of Clusters:1
Using SNV kernel only
Jump Percentage: 0.34772692671382543 First Eig Val: 1.1709383462843463e-16 First Gap: 0.2550006782815239 Largest Gap: 0.32883128260844624 Number of Clusters:3
start:1 iteration:0
CellsA: 252 CellsB: 42
MutsA: 220 MutsB: 185
Using SNV kernel only
Jump Percentage: 0.8034953160483951 First Eig Val: -1.5358115239067025e-16 First Gap: 0.8402810816980947 Largest Gap: 0.8402810816980947 Number of Clusters:1
start:1 iteration:1
CellsA: 279 CellsB: 15
MutsA: 214 MutsB: 191
Using SNV kernel only
Jump Percentage: 0.8586597282631085 First Eig Val: -2.9181928905421016e-16 First Gap: 0.8476219893928431 Largest Gap: 0.8476219893928431 Number of Clusters:1
adding tree to internal list:
Clonal Tree 0 
[(0, 1)] 
Loss Nodes:0
Node: 0 Cells: 279 Muts: 214 LostMuts: 0
Node: 1 Cells: 205 Muts: 191 LostMuts: 0
Total Cells: 484 Total Muts: 405
Using SNV kernel only
Jump Percentage: 0.3067291428644551 First Eig Val: 9.442723295990951e-17 First Gap: 0.27935340287493127 Largest Gap: 0.3028845792987081 Number of Clusters:3
start:2 iteration:0
CellsA: 252 CellsB: 42
MutsA: 215 MutsB: 190
Using SNV kernel only
Jump Percentage: 0.8495526094880467 First Eig Val: 6.038032012854926e-17 First Gap: 0.7444957499761221 Largest Gap: 0.7444957499761221 Number of Clusters:1
start:2 iteration:1
CellsA: 286 CellsB: 8
MutsA: 214 MutsB: 191
Using SNV kernel only
Jump Percentage: 0.8495526094880467 First Eig Val: 6.038032012854926e-17 First Gap: 0.7444957499761221 Largest Gap: 0.7444957499761221 Number of Clusters:1
adding tree to internal list:
Clonal Tree 0 
[(0, 1)] 
Loss Nodes:0
Node: 0 Cells: 286 Muts: 214 LostMuts: 0
Node: 1 Cells: 198 Muts: 191 LostMuts: 0
Total Cells: 484 Total Muts: 405
adding tree to candidate list:
Clonal Tree 1 
[(0, 1)] 
Loss Nodes:0
Node: 0 Cells: 286 Muts: 214 LostMuts: 0
Node: 1 Cells: 198 Muts: 191 LostMuts: 0
Total Cells: 484 Total Muts: 405
Normalized Likelihood: -0.4772986989199979
Using SNV kernel only
Jump Percentage: 0.3683419328090143 First Eig Val: 2.430412811380448e-16 First Gap: 0.26680668661410784 Largest Gap: 0.3004987400317128 Number of Clusters:3
start:0 iteration:0
CellsA: 244 CellsB: 42
MutsA: 212 MutsB: 193
Using SNV kernel only
Jump Percentage: 0.9727078836761952 First Eig Val: 1.763590358819236e-15 First Gap: 0.7293401887790458 Largest Gap: 0.7293401887790458 Number of Clusters:1
start:0 iteration:1
CellsA: 281 CellsB: 5
MutsA: 211 MutsB: 194
Using SNV kernel only
Jump Percentage: 0.9727078836761952 First Eig Val: 1.763590358819236e-15 First Gap: 0.7293401887790458 Largest Gap: 0.7293401887790458 Number of Clusters:1
Using SNV kernel only
Jump Percentage: 0.37076866285893034 First Eig Val: 5.322975269112317e-16 First Gap: 0.2792392592938734 Largest Gap: 0.30844479684312825 Number of Clusters:3
start:1 iteration:0
CellsA: 247 CellsB: 39
MutsA: 218 MutsB: 187
Using SNV kernel only
Jump Percentage: 0.9695013816116128 First Eig Val: 1.463781353072683e-15 First Gap: 0.8438719707677961 Largest Gap: 0.8438719707677961 Number of Clusters:1
start:1 iteration:1
CellsA: 283 CellsB: 3
MutsA: 213 MutsB: 192
Using SNV kernel only
Jump Percentage: 0.9742979857927263 First Eig Val: -1.063168650339287e-15 First Gap: 0.8429231803594011 Largest Gap: 0.8429231803594011 Number of Clusters:1
Using SNV kernel only
Jump Percentage: 0.3761955139224583 First Eig Val: 3.188367538736752e-16 First Gap: 0.24980577090303488 Largest Gap: 0.30537287971316107 Number of Clusters:3
start:2 iteration:0
CellsA: 242 CellsB: 44
MutsA: 212 MutsB: 193
Using SNV kernel only
Jump Percentage: 0.942897049969306 First Eig Val: 1.6028844918025723e-15 First Gap: 0.6114607466632341 Largest Gap: 0.6114607466632341 Number of Clusters:1
start:2 iteration:1
CellsA: 268 CellsB: 18
MutsA: 208 MutsB: 197
Using SNV kernel only
Jump Percentage: 0.9375698854387813 First Eig Val: -7.99707522425309e-16 First Gap: 0.5590116238214814 Largest Gap: 0.5590116238214814 Number of Clusters:1
adding tree to internal list:
Clonal Tree 0 
[(0, 1)] 
Loss Nodes:0
Node: 0 Cells: 268 Muts: 208 LostMuts: 0
Node: 1 Cells: 216 Muts: 197 LostMuts: 0
Total Cells: 484 Total Muts: 405
adding tree to candidate list:
Clonal Tree 0 
[(0, 1)] 
Loss Nodes:0
Node: 0 Cells: 268 Muts: 208 LostMuts: 0
Node: 1 Cells: 216 Muts: 197 LostMuts: 0
Total Cells: 484 Total Muts: 405
Normalized Likelihood: -0.4638805834595349
Clonal Tree 0 
[(0, 1)] 
Loss Nodes:0
Node: 0 Cells: 320 Muts: 250 LostMuts: 0
Node: 1 Cells: 164 Muts: 155 LostMuts: 0
Total Cells: 484 Total Muts: 405
Normalized Likelihood: -0.5349978745814764
Clonal Tree 1 
[(0, 1)] 
Loss Nodes:0
Node: 0 Cells: 302 Muts: 233 LostMuts: 0
Node: 1 Cells: 182 Muts: 172 LostMuts: 0
Total Cells: 484 Total Muts: 405
Normalized Likelihood: -0.4987864485723459
Clonal Tree 2 
[(0, 1)] 
Loss Nodes:0
Node: 0 Cells: 294 Muts: 225 LostMuts: 0
Node: 1 Cells: 190 Muts: 180 LostMuts: 0
Total Cells: 484 Total Muts: 405
Normalized Likelihood: -0.4886571405823535
Clonal Tree 3 
[(0, 1)] 
Loss Nodes:0
Node: 0 Cells: 286 Muts: 214 LostMuts: 0
Node: 1 Cells: 198 Muts: 191 LostMuts: 0
Total Cells: 484 Total Muts: 405
Normalized Likelihood: -0.4772986989199979
Clonal Tree 4 
[(0, 1)] 
Loss Nodes:0
Node: 0 Cells: 268 Muts: 208 LostMuts: 0
Node: 1 Cells: 216 Muts: 197 LostMuts: 0
Total Cells: 484 Total Muts: 405
Normalized Likelihood: -0.4638805834595349
linear split norm likelihood best tree
Clonal Tree 4 
[(0, 1)] 
Loss Nodes:0
Node: 0 Cells: 268 Muts: 208 LostMuts: 0
Node: 1 Cells: 216 Muts: 197 LostMuts: 0
Total Cells: 484 Total Muts: 405
Sprouted tree:
Clonal Tree 4 
[(0, 1)] 
Loss Nodes:0
Node: 0 Cells: 268 Muts: 208 LostMuts: 0
Node: 1 Cells: 216 Muts: 197 LostMuts: 0
Total Cells: 484 Total Muts: 405
Cells: 216 Muts: 197 Ancestral Muts: 904 
Number of subproblems remaining: 1
func:'planting' args:[(<phertilizer.Phertilizer object at 0x7f6ca7d5e2e0>, deque([])), {}] took: 139.1934 sec
Planting phase complete!

Starting grow phase....
Clonal Tree 0 
[(0, 1), (0, 2)] 
Loss Nodes:0
Node: 0 Cells: 0 Muts: 696 LostMuts: 0
Node: 1 Cells: 484 Muts: 405 LostMuts: 0
Node: 2 Cells: 861 Muts: 194 LostMuts: 0
Total Cells: 1345 Total Muts: 1295
Clonal Tree 4 
[(0, 1)] 
Loss Nodes:0
Node: 0 Cells: 268 Muts: 208 LostMuts: 0
Node: 1 Cells: 216 Muts: 197 LostMuts: 0
Total Cells: 484 Total Muts: 405
1295
1295
1295
Clonal Tree 0 
[(0, 2), (0, 3), (3, 4)] 
Loss Nodes:0
Node: 0 Cells: 0 Muts: 696 LostMuts: 0
Node: 2 Cells: 861 Muts: 194 LostMuts: 0
Node: 3 Cells: 268 Muts: 208 LostMuts: 0
Node: 4 Cells: 216 Muts: 197 LostMuts: 0
Total Cells: 1345 Total Muts: 1295
Clonal Tree 0 
[(0, 2), (0, 3), (3, 4)] 
Loss Nodes:0
Node: 0 Cells: 0 Muts: 696 LostMuts: 0
Node: 2 Cells: 861 Muts: 194 LostMuts: 0
Node: 3 Cells: 268 Muts: 208 LostMuts: 0
Node: 4 Cells: 216 Muts: 197 LostMuts: 0
Total Cells: 1345 Total Muts: 1295
Clonal Tree 2 
[(0, 1)] 
Loss Nodes:0
Node: 0 Cells: 350 Muts: 346 LostMuts: 0
Node: 1 Cells: 995 Muts: 949 LostMuts: 0
Total Cells: 1345 Total Muts: 1295
Clonal Tree 0 
[(0, 1), (0, 2)] 
Loss Nodes:0
Node: 0 Cells: 0 Muts: 502 LostMuts: 0
Node: 1 Cells: 484 Muts: 302 LostMuts: 0
Node: 2 Cells: 511 Muts: 145 LostMuts: 0
Total Cells: 995 Total Muts: 949
1295
1295
1295
Clonal Tree 2 
[(0, 1), (1, 2), (1, 3)] 
Loss Nodes:0
Node: 0 Cells: 350 Muts: 346 LostMuts: 0
Node: 1 Cells: 0 Muts: 502 LostMuts: 0
Node: 2 Cells: 484 Muts: 302 LostMuts: 0
Node: 3 Cells: 511 Muts: 145 LostMuts: 0
Total Cells: 1345 Total Muts: 1295
Clonal Tree 2 
[(0, 1), (1, 2), (1, 3)] 
Loss Nodes:0
Node: 0 Cells: 350 Muts: 346 LostMuts: 0
Node: 1 Cells: 0 Muts: 502 LostMuts: 0
Node: 2 Cells: 484 Muts: 302 LostMuts: 0
Node: 3 Cells: 511 Muts: 145 LostMuts: 0
Total Cells: 1345 Total Muts: 1295
Clonal Tree 2 
[(0, 1)] 
Loss Nodes:0
Node: 0 Cells: 350 Muts: 346 LostMuts: 0
Node: 1 Cells: 995 Muts: 949 LostMuts: 0
Total Cells: 1345 Total Muts: 1295
Clonal Tree 3 
[(0, 1)] 
Loss Nodes:0
Node: 0 Cells: 251 Muts: 447 LostMuts: 0
Node: 1 Cells: 744 Muts: 502 LostMuts: 0
Total Cells: 995 Total Muts: 949
1295
1295
1295
Clonal Tree 2 
[(0, 1), (1, 2)] 
Loss Nodes:0
Node: 0 Cells: 350 Muts: 346 LostMuts: 0
Node: 1 Cells: 251 Muts: 447 LostMuts: 0
Node: 2 Cells: 744 Muts: 502 LostMuts: 0
Total Cells: 1345 Total Muts: 1295
Clonal Tree 2 
[(0, 1), (1, 2)] 
Loss Nodes:0
Node: 0 Cells: 350 Muts: 346 LostMuts: 0
Node: 1 Cells: 251 Muts: 447 LostMuts: 0
Node: 2 Cells: 744 Muts: 502 LostMuts: 0
Total Cells: 1345 Total Muts: 1295
Clonal Tree 3 
[(0, 1), (1, 2), (1, 3)] 
Loss Nodes:0
Node: 0 Cells: 350 Muts: 346 LostMuts: 0
Node: 1 Cells: 0 Muts: 502 LostMuts: 0
Node: 2 Cells: 484 Muts: 302 LostMuts: 0
Node: 3 Cells: 511 Muts: 145 LostMuts: 0
Total Cells: 1345 Total Muts: 1295
Clonal Tree 4 
[(0, 1)] 
Loss Nodes:0
Node: 0 Cells: 267 Muts: 143 LostMuts: 0
Node: 1 Cells: 217 Muts: 159 LostMuts: 0
Total Cells: 484 Total Muts: 302
1295
1295
1295
Clonal Tree 3 
[(0, 1), (1, 3), (1, 4), (4, 5)] 
Loss Nodes:0
Node: 0 Cells: 350 Muts: 346 LostMuts: 0
Node: 1 Cells: 0 Muts: 502 LostMuts: 0
Node: 3 Cells: 511 Muts: 145 LostMuts: 0
Node: 4 Cells: 267 Muts: 143 LostMuts: 0
Node: 5 Cells: 217 Muts: 159 LostMuts: 0
Total Cells: 1345 Total Muts: 1295
Clonal Tree 3 
[(0, 1), (1, 3), (1, 4), (4, 5)] 
Loss Nodes:0
Node: 0 Cells: 350 Muts: 346 LostMuts: 0
Node: 1 Cells: 0 Muts: 502 LostMuts: 0
Node: 3 Cells: 511 Muts: 145 LostMuts: 0
Node: 4 Cells: 267 Muts: 143 LostMuts: 0
Node: 5 Cells: 217 Muts: 159 LostMuts: 0
Total Cells: 1345 Total Muts: 1295
Clonal Tree 4 
[(0, 1), (1, 2)] 
Loss Nodes:0
Node: 0 Cells: 350 Muts: 346 LostMuts: 0
Node: 1 Cells: 251 Muts: 447 LostMuts: 0
Node: 2 Cells: 744 Muts: 502 LostMuts: 0
Total Cells: 1345 Total Muts: 1295
Clonal Tree 0 
[(0, 1), (0, 2)] 
Loss Nodes:0
Node: 0 Cells: 0 Muts: 173 LostMuts: 0
Node: 1 Cells: 260 Muts: 66 LostMuts: 0
Node: 2 Cells: 484 Muts: 263 LostMuts: 0
Total Cells: 744 Total Muts: 502
1295
1295
1295
Clonal Tree 4 
[(0, 1), (1, 2), (2, 3), (2, 4)] 
Loss Nodes:0
Node: 0 Cells: 350 Muts: 346 LostMuts: 0
Node: 1 Cells: 251 Muts: 447 LostMuts: 0
Node: 2 Cells: 0 Muts: 173 LostMuts: 0
Node: 3 Cells: 260 Muts: 66 LostMuts: 0
Node: 4 Cells: 484 Muts: 263 LostMuts: 0
Total Cells: 1345 Total Muts: 1295
Clonal Tree 4 
[(0, 1), (1, 2), (2, 3), (2, 4)] 
Loss Nodes:0
Node: 0 Cells: 350 Muts: 346 LostMuts: 0
Node: 1 Cells: 251 Muts: 447 LostMuts: 0
Node: 2 Cells: 0 Muts: 173 LostMuts: 0
Node: 3 Cells: 260 Muts: 66 LostMuts: 0
Node: 4 Cells: 484 Muts: 263 LostMuts: 0
Total Cells: 1345 Total Muts: 1295
Clonal Tree 4 
[(0, 1), (1, 2)] 
Loss Nodes:0
Node: 0 Cells: 350 Muts: 346 LostMuts: 0
Node: 1 Cells: 251 Muts: 447 LostMuts: 0
Node: 2 Cells: 744 Muts: 502 LostMuts: 0
Total Cells: 1345 Total Muts: 1295
Clonal Tree 0 
[(0, 1)] 
Loss Nodes:0
Node: 0 Cells: 260 Muts: 268 LostMuts: 0
Node: 1 Cells: 484 Muts: 234 LostMuts: 0
Total Cells: 744 Total Muts: 502
1295
1295
1295
Clonal Tree 4 
[(0, 1), (1, 2), (2, 3)] 
Loss Nodes:0
Node: 0 Cells: 350 Muts: 346 LostMuts: 0
Node: 1 Cells: 251 Muts: 447 LostMuts: 0
Node: 2 Cells: 260 Muts: 268 LostMuts: 0
Node: 3 Cells: 484 Muts: 234 LostMuts: 0
Total Cells: 1345 Total Muts: 1295
Clonal Tree 4 
[(0, 1), (1, 2), (2, 3)] 
Loss Nodes:0
Node: 0 Cells: 350 Muts: 346 LostMuts: 0
Node: 1 Cells: 251 Muts: 447 LostMuts: 0
Node: 2 Cells: 260 Muts: 268 LostMuts: 0
Node: 3 Cells: 484 Muts: 234 LostMuts: 0
Total Cells: 1345 Total Muts: 1295
func:'grow' args:[(<phertilizer.Phertilizer object at 0x7f6ca7d5e2e0>,), {}] took: 0.0253 sec
Growing phase complete!

Identifying the maximum likelihood k-clonal tree....
Finding the maximum likelihood tree out of 8 trees....
Clonal Tree 0 
[(0, 1), (0, 2)] 
Loss Nodes:0
Node: 0 Cells: 0 Muts: 696 LostMuts: 0
Node: 1 Cells: 484 Muts: 405 LostMuts: 0
Node: 2 Cells: 861 Muts: 194 LostMuts: 0
Total Cells: 1345 Total Muts: 1295

Tree: 0 LogLikelihood: 1102617.5393040315
Variant LogLikelihood: -13708.827550413947 
RDR LogLikelihood: 1116326.3668544455

Clonal Tree 1 
[(0, 2), (0, 3), (3, 4)] 
Loss Nodes:0
Node: 0 Cells: 0 Muts: 696 LostMuts: 0
Node: 2 Cells: 861 Muts: 194 LostMuts: 0
Node: 3 Cells: 268 Muts: 208 LostMuts: 0
Node: 4 Cells: 216 Muts: 197 LostMuts: 0
Total Cells: 1345 Total Muts: 1295

Tree: 1 LogLikelihood: 1223270.6291342375
Variant LogLikelihood: -12998.494074180175 
RDR LogLikelihood: 1236269.1232084178

Clonal Tree 2 
[(0, 1)] 
Loss Nodes:0
Node: 0 Cells: 350 Muts: 346 LostMuts: 0
Node: 1 Cells: 995 Muts: 949 LostMuts: 0
Total Cells: 1345 Total Muts: 1295

Tree: 2 LogLikelihood: -249206.72833144735
Variant LogLikelihood: -14063.351951732346 
RDR LogLikelihood: -235143.37637971505

Clonal Tree 3 
[(0, 1), (1, 2), (1, 3)] 
Loss Nodes:0
Node: 0 Cells: 350 Muts: 346 LostMuts: 0
Node: 1 Cells: 0 Muts: 502 LostMuts: 0
Node: 2 Cells: 484 Muts: 302 LostMuts: 0
Node: 3 Cells: 511 Muts: 145 LostMuts: 0
Total Cells: 1345 Total Muts: 1295

Tree: 3 LogLikelihood: 1104738.0144461165
Variant LogLikelihood: -11588.352408328996 
RDR LogLikelihood: 1116326.3668544455

Clonal Tree 4 
[(0, 1), (1, 2)] 
Loss Nodes:0
Node: 0 Cells: 350 Muts: 346 LostMuts: 0
Node: 1 Cells: 251 Muts: 447 LostMuts: 0
Node: 2 Cells: 744 Muts: 502 LostMuts: 0
Total Cells: 1345 Total Muts: 1295

Tree: 4 LogLikelihood: 935798.1305325595
Variant LogLikelihood: -12340.208701216161 
RDR LogLikelihood: 948138.3392337756

Clonal Tree 5 
[(0, 1), (1, 3), (1, 4), (4, 5)] 
Loss Nodes:0
Node: 0 Cells: 350 Muts: 346 LostMuts: 0
Node: 1 Cells: 0 Muts: 502 LostMuts: 0
Node: 3 Cells: 511 Muts: 145 LostMuts: 0
Node: 4 Cells: 267 Muts: 143 LostMuts: 0
Node: 5 Cells: 217 Muts: 159 LostMuts: 0
Total Cells: 1345 Total Muts: 1295

Tree: 5 LogLikelihood: 1224808.618093578
Variant LogLikelihood: -11014.642769153936 
RDR LogLikelihood: 1235823.2608627318

Clonal Tree 6 
[(0, 1), (1, 2), (2, 3), (2, 4)] 
Loss Nodes:0
Node: 0 Cells: 350 Muts: 346 LostMuts: 0
Node: 1 Cells: 251 Muts: 447 LostMuts: 0
Node: 2 Cells: 0 Muts: 173 LostMuts: 0
Node: 3 Cells: 260 Muts: 66 LostMuts: 0
Node: 4 Cells: 484 Muts: 263 LostMuts: 0
Total Cells: 1345 Total Muts: 1295

Tree: 6 LogLikelihood: 1105005.773766886
Variant LogLikelihood: -11320.593087559737 
RDR LogLikelihood: 1116326.3668544455

Clonal Tree 7 
[(0, 1), (1, 2), (2, 3)] 
Loss Nodes:0
Node: 0 Cells: 350 Muts: 346 LostMuts: 0
Node: 1 Cells: 251 Muts: 447 LostMuts: 0
Node: 2 Cells: 260 Muts: 268 LostMuts: 0
Node: 3 Cells: 484 Muts: 234 LostMuts: 0
Total Cells: 1345 Total Muts: 1295

Tree: 7 LogLikelihood: 1104701.7293638429
Variant LogLikelihood: -11624.637490602876 
RDR LogLikelihood: 1116326.3668544455

\Phertilizer Tree....
Clonal Tree 5 
[(0, 1), (1, 3), (1, 4), (4, 5)] 
Loss Nodes:0
Node: 0 Cells: 350 Muts: 346 LostMuts: 0
Node: 1 Cells: 0 Muts: 502 LostMuts: 0
Node: 3 Cells: 511 Muts: 145 LostMuts: 0
Node: 4 Cells: 267 Muts: 143 LostMuts: 0
Node: 5 Cells: 217 Muts: 159 LostMuts: 0
Total Cells: 1345 Total Muts: 1295
Saving files.....
Thanks for planting a tree! See you later, friend.
