Input data:
    chr  mutation_id  cell_id base  var  total
0  chr2            0        9    C    1      1
1  chr2            0       48    C    1      1
2  chr2            0       77    C    0      1
3  chr2            0      115    C    0      1
4  chr2            0      180    C    1      1
Phertilizer is running in infinite sites mode...

Starting tilling phase....
func:'till' args:[(<phertilizer.Phertilizer object at 0x7f31204ad790>, 0.0, 0.0, 5, 0.001, 14, False, 1.0, 0.15), {}] took: 30.9622 sec
Tilling phase complete!
Phertilizing a tree with n:4772 cells and m: 1374 SNVs

Starting planting phase....
Starting k-clonal tree inference for seed:
Cells: 4772 Muts: 1374 Ancestral Muts: 0 
Sprouting seed:
Cells: 4772 Muts: 1374 Ancestral Muts: 0 
Sprouting a branching tree from seed ...
(Generator(PCG64) at 0x7F311EDF4C80,)
Jump Percentage: 0.999999999999974 First Eig Val: -2.8447125731187323e-16 First Gap: 7.353514551472164e-16 Largest Gap: 0.42145665014340494 Number of Clusters:3
CellsA: 1836 CellsB: 2936
MutsA: 823 mutsB: 8
Jump Percentage: 0.9999999999999583 First Eig Val: -5.546866424514175e-16 First Gap: 3.6735183972376197e-16 Largest Gap: 0.4274682354401379 Number of Clusters:3
CellsA: 1836 CellsB: 2936
MutsA: 823 mutsB: 8
Jump Percentage: 0.9999999999999796 First Eig Val: -5.77141848048319e-16 First Gap: 1.631933433770574e-15 Largest Gap: 0.4237560734636439 Number of Clusters:3
CellsA: 2936 CellsB: 1836
MutsA: 8 mutsB: 823
Sprouted tree:
None
<bound method Phertilizer.sprout_branching of <phertilizer.Phertilizer object at 0x7f31204ad790>> invalid
Sprouting seed:
Cells: 4772 Muts: 1374 Ancestral Muts: 0 
Sprouting a linear tree from seed ...
Jump Percentage: 0.9999999999999791 First Eig Val: -2.948894987614088e-17 First Gap: 3.4609537978484547e-16 Largest Gap: 0.40008758568117875 Number of Clusters:3
start:0 iteration:0
CellsA: 2936 CellsB: 1836
MutsA: 550 MutsB: 824
Jump Percentage: 0.9999999999999801 First Eig Val: -9.082276147827306e-16 First Gap: 1.1261635883073164e-15 Largest Gap: 0.40472946289054285 Number of Clusters:3
adding tree to internal list:
Clonal Tree 0 
[(0, 1)] 
Loss Nodes:0
Node: 0 Cells: 2936 Muts: 550 LostMuts: 0
Node: 1 Cells: 1836 Muts: 824 LostMuts: 0
Total Cells: 4772 Total Muts: 1374
Jump Percentage: 0.9999999999999664 First Eig Val: -6.815498550772712e-17 First Gap: 2.728969087409795e-16 Largest Gap: 0.4107386626600187 Number of Clusters:3
start:1 iteration:0
CellsA: 2936 CellsB: 1836
MutsA: 550 MutsB: 824
Jump Percentage: 0.9999999999999801 First Eig Val: -9.082276147827306e-16 First Gap: 1.1261635883073164e-15 Largest Gap: 0.40472946289054285 Number of Clusters:3
adding tree to internal list:
Clonal Tree 0 
[(0, 1)] 
Loss Nodes:0
Node: 0 Cells: 2936 Muts: 550 LostMuts: 0
Node: 1 Cells: 1836 Muts: 824 LostMuts: 0
Total Cells: 4772 Total Muts: 1374
Jump Percentage: 0.9999999999999308 First Eig Val: 2.5484862839091095e-16 First Gap: 6.983759938705009e-16 Largest Gap: 0.403348417403527 Number of Clusters:3
start:2 iteration:0
CellsA: 2936 CellsB: 1836
MutsA: 550 MutsB: 824
Jump Percentage: 0.9999999999999801 First Eig Val: -9.082276147827306e-16 First Gap: 1.1261635883073164e-15 Largest Gap: 0.40472946289054285 Number of Clusters:3
adding tree to internal list:
Clonal Tree 0 
[(0, 1)] 
Loss Nodes:0
Node: 0 Cells: 2936 Muts: 550 LostMuts: 0
Node: 1 Cells: 1836 Muts: 824 LostMuts: 0
Total Cells: 4772 Total Muts: 1374
adding tree to candidate list:
Clonal Tree 0 
[(0, 1)] 
Loss Nodes:0
Node: 0 Cells: 2936 Muts: 550 LostMuts: 0
Node: 1 Cells: 1836 Muts: 824 LostMuts: 0
Total Cells: 4772 Total Muts: 1374
Normalized Likelihood: -0.5062928135660332
Jump Percentage: 0.999999999999972 First Eig Val: -1.0540421023442024e-15 First Gap: 9.27651084332943e-16 Largest Gap: 0.7197567318947609 Number of Clusters:3
start:0 iteration:0
CellsA: 523 CellsB: 2413
MutsA: 282 MutsB: 1092
Jump Percentage: 0.9999999999999897 First Eig Val: -5.19936251743048e-16 First Gap: 1.2980787121009322e-16 Largest Gap: 0.530265216470812 Number of Clusters:3
adding tree to internal list:
Clonal Tree 0 
[(0, 1)] 
Loss Nodes:0
Node: 0 Cells: 523 Muts: 282 LostMuts: 0
Node: 1 Cells: 4249 Muts: 1092 LostMuts: 0
Total Cells: 4772 Total Muts: 1374
Jump Percentage: 0.9999999999999565 First Eig Val: -4.917427725798955e-16 First Gap: 1.723608914521853e-16 Largest Gap: 0.739709205287886 Number of Clusters:3
start:1 iteration:0
CellsA: 523 CellsB: 2413
MutsA: 282 MutsB: 1092
Jump Percentage: 0.9999999999999897 First Eig Val: -5.19936251743048e-16 First Gap: 1.2980787121009322e-16 Largest Gap: 0.530265216470812 Number of Clusters:3
adding tree to internal list:
Clonal Tree 0 
[(0, 1)] 
Loss Nodes:0
Node: 0 Cells: 523 Muts: 282 LostMuts: 0
Node: 1 Cells: 4249 Muts: 1092 LostMuts: 0
Total Cells: 4772 Total Muts: 1374
Jump Percentage: 0.9999999999999803 First Eig Val: -4.0020549636124213e-16 First Gap: 6.453355402545982e-16 Largest Gap: 0.7816080720831093 Number of Clusters:3
start:2 iteration:0
CellsA: 523 CellsB: 2413
MutsA: 282 MutsB: 1092
Jump Percentage: 0.9999999999999897 First Eig Val: -5.19936251743048e-16 First Gap: 1.2980787121009322e-16 Largest Gap: 0.530265216470812 Number of Clusters:3
adding tree to internal list:
Clonal Tree 0 
[(0, 1)] 
Loss Nodes:0
Node: 0 Cells: 523 Muts: 282 LostMuts: 0
Node: 1 Cells: 4249 Muts: 1092 LostMuts: 0
Total Cells: 4772 Total Muts: 1374
adding tree to candidate list:
Clonal Tree 0 
[(0, 1)] 
Loss Nodes:0
Node: 0 Cells: 523 Muts: 282 LostMuts: 0
Node: 1 Cells: 4249 Muts: 1092 LostMuts: 0
Total Cells: 4772 Total Muts: 1374
Normalized Likelihood: -0.6148672136407923
Clonal Tree 0 
[(0, 1)] 
Loss Nodes:0
Node: 0 Cells: 2936 Muts: 550 LostMuts: 0
Node: 1 Cells: 1836 Muts: 824 LostMuts: 0
Total Cells: 4772 Total Muts: 1374
Normalized Likelihood: -0.5062928135660332
Clonal Tree 1 
[(0, 1)] 
Loss Nodes:0
Node: 0 Cells: 523 Muts: 282 LostMuts: 0
Node: 1 Cells: 4249 Muts: 1092 LostMuts: 0
Total Cells: 4772 Total Muts: 1374
Normalized Likelihood: -0.6148672136407923
linear split norm likelihood best tree
Clonal Tree 0 
[(0, 1)] 
Loss Nodes:0
Node: 0 Cells: 2936 Muts: 550 LostMuts: 0
Node: 1 Cells: 1836 Muts: 824 LostMuts: 0
Total Cells: 4772 Total Muts: 1374
Sprouted tree:
Clonal Tree 0 
[(0, 1)] 
Loss Nodes:0
Node: 0 Cells: 2936 Muts: 550 LostMuts: 0
Node: 1 Cells: 1836 Muts: 824 LostMuts: 0
Total Cells: 4772 Total Muts: 1374
Cells: 1836 Muts: 824 Ancestral Muts: 550 
Number of subproblems remaining: 1
Starting k-clonal tree inference for seed:
Cells: 1836 Muts: 824 Ancestral Muts: 550 
Sprouting seed:
Cells: 1836 Muts: 824 Ancestral Muts: 550 
Sprouting a branching tree from seed ...
(Generator(PCG64) at 0x7F311EDF4C80,)
Jump Percentage: 0.9999999999999534 First Eig Val: -7.518299441972148e-16 First Gap: 9.014365979183623e-16 Largest Gap: 0.5649404916804108 Number of Clusters:2
CellsA: 543 CellsB: 1293
MutsA: 232 mutsB: 71
Jump Percentage: 0.9999999999999815 First Eig Val: -2.68669517936912e-16 First Gap: 5.942890896532869e-17 Largest Gap: 0.2637487353682226 Number of Clusters:2
Clonal Tree 0 
[(0, 1), (0, 2)] 
Loss Nodes:0
Node: 0 Cells: 0 Muts: 521 LostMuts: 0
Node: 1 Cells: 543 Muts: 232 LostMuts: 0
Node: 2 Cells: 1293 Muts: 71 LostMuts: 0
Total Cells: 1836 Total Muts: 824
Jump Percentage: 0.9999999999999827 First Eig Val: -4.283607829933021e-16 First Gap: 7.719236623580221e-16 Largest Gap: 0.5505624576416035 Number of Clusters:2
CellsA: 1293 CellsB: 543
MutsA: 71 mutsB: 232
Jump Percentage: 0.9999999999999815 First Eig Val: -2.68669517936912e-16 First Gap: 5.942890896532869e-17 Largest Gap: 0.2637487353682226 Number of Clusters:2
Clonal Tree 0 
[(0, 1), (0, 2)] 
Loss Nodes:0
Node: 0 Cells: 0 Muts: 521 LostMuts: 0
Node: 1 Cells: 1293 Muts: 71 LostMuts: 0
Node: 2 Cells: 543 Muts: 232 LostMuts: 0
Total Cells: 1836 Total Muts: 824
Jump Percentage: 0.9999999999999836 First Eig Val: -5.673028863272728e-16 First Gap: 8.459859686724276e-16 Largest Gap: 0.5560068617924848 Number of Clusters:2
CellsA: 1293 CellsB: 543
MutsA: 71 mutsB: 232
Jump Percentage: 0.9999999999999815 First Eig Val: -2.68669517936912e-16 First Gap: 5.942890896532869e-17 Largest Gap: 0.2637487353682226 Number of Clusters:2
Clonal Tree 0 
[(0, 1), (0, 2)] 
Loss Nodes:0
Node: 0 Cells: 0 Muts: 521 LostMuts: 0
Node: 1 Cells: 1293 Muts: 71 LostMuts: 0
Node: 2 Cells: 543 Muts: 232 LostMuts: 0
Total Cells: 1836 Total Muts: 824
Finding the maximum likelihood tree out of 3 trees....
Clonal Tree 0 
[(0, 1), (0, 2)] 
Loss Nodes:0
Node: 0 Cells: 0 Muts: 521 LostMuts: 0
Node: 1 Cells: 543 Muts: 232 LostMuts: 0
Node: 2 Cells: 1293 Muts: 71 LostMuts: 0
Total Cells: 1836 Total Muts: 824

Tree: 0 LogLikelihood: 826507.6326334659
Variant LogLikelihood: -68918.55656993396 
RDR LogLikelihood: 895426.1892033999

Clonal Tree 1 
[(0, 1), (0, 2)] 
Loss Nodes:0
Node: 0 Cells: 0 Muts: 521 LostMuts: 0
Node: 1 Cells: 1293 Muts: 71 LostMuts: 0
Node: 2 Cells: 543 Muts: 232 LostMuts: 0
Total Cells: 1836 Total Muts: 824

Tree: 1 LogLikelihood: 826507.6326334659
Variant LogLikelihood: -68918.55656993396 
RDR LogLikelihood: 895426.1892033999

Clonal Tree 2 
[(0, 1), (0, 2)] 
Loss Nodes:0
Node: 0 Cells: 0 Muts: 521 LostMuts: 0
Node: 1 Cells: 1293 Muts: 71 LostMuts: 0
Node: 2 Cells: 543 Muts: 232 LostMuts: 0
Total Cells: 1836 Total Muts: 824

Tree: 2 LogLikelihood: 826507.6326334659
Variant LogLikelihood: -68918.55656993396 
RDR LogLikelihood: 895426.1892033999

Sprouted tree:
Clonal Tree 0 
[(0, 1), (0, 2)] 
Loss Nodes:0
Node: 0 Cells: 0 Muts: 521 LostMuts: 0
Node: 1 Cells: 543 Muts: 232 LostMuts: 0
Node: 2 Cells: 1293 Muts: 71 LostMuts: 0
Total Cells: 1836 Total Muts: 824
Cells: 543 Muts: 232 Ancestral Muts: 1071 
Sprouting seed:
Cells: 1836 Muts: 824 Ancestral Muts: 550 
Sprouting a linear tree from seed ...
Jump Percentage: 0.9999999999999852 First Eig Val: 3.8203683451413213e-17 First Gap: 3.2120394343002145e-16 Largest Gap: 0.5064791701436173 Number of Clusters:2
start:0 iteration:0
CellsA: 1293 CellsB: 543
MutsA: 592 MutsB: 232
Jump Percentage: 0.999999999999996 First Eig Val: -1.7498539065167982e-16 First Gap: 8.68455400165657e-17 Largest Gap: 0.3349750392227677 Number of Clusters:2
adding tree to internal list:
Clonal Tree 0 
[(0, 1)] 
Loss Nodes:0
Node: 0 Cells: 1293 Muts: 592 LostMuts: 0
Node: 1 Cells: 543 Muts: 232 LostMuts: 0
Total Cells: 1836 Total Muts: 824
Jump Percentage: 0.9999999999999757 First Eig Val: -3.1545387493287003e-16 First Gap: 9.863467654084879e-16 Largest Gap: 0.5033781010212536 Number of Clusters:2
start:1 iteration:0
CellsA: 1293 CellsB: 543
MutsA: 592 MutsB: 232
Jump Percentage: 0.999999999999996 First Eig Val: -1.7498539065167982e-16 First Gap: 8.68455400165657e-17 Largest Gap: 0.3349750392227677 Number of Clusters:2
adding tree to internal list:
Clonal Tree 0 
[(0, 1)] 
Loss Nodes:0
Node: 0 Cells: 1293 Muts: 592 LostMuts: 0
Node: 1 Cells: 543 Muts: 232 LostMuts: 0
Total Cells: 1836 Total Muts: 824
Jump Percentage: 0.9999999999999858 First Eig Val: -1.5649550605078363e-16 First Gap: 1.0617642368106722e-15 Largest Gap: 0.5163738212849647 Number of Clusters:2
start:2 iteration:0
CellsA: 1293 CellsB: 543
MutsA: 592 MutsB: 232
Jump Percentage: 0.999999999999996 First Eig Val: -1.7498539065167982e-16 First Gap: 8.68455400165657e-17 Largest Gap: 0.3349750392227677 Number of Clusters:2
adding tree to internal list:
Clonal Tree 0 
[(0, 1)] 
Loss Nodes:0
Node: 0 Cells: 1293 Muts: 592 LostMuts: 0
Node: 1 Cells: 543 Muts: 232 LostMuts: 0
Total Cells: 1836 Total Muts: 824
adding tree to candidate list:
Clonal Tree 0 
[(0, 1)] 
Loss Nodes:0
Node: 0 Cells: 1293 Muts: 592 LostMuts: 0
Node: 1 Cells: 543 Muts: 232 LostMuts: 0
Total Cells: 1836 Total Muts: 824
Normalized Likelihood: -0.6374860293352616
Using SNV kernel only
Jump Percentage: 0.17923568760949077 First Eig Val: -1.288214114301898e-15 First Gap: 0.5756809965189823 Largest Gap: 0.5756809965189823 Number of Clusters:1
start:0 iteration:0
CellsA: 535 CellsB: 758
MutsA: 385 MutsB: 439
Using SNV kernel only
Jump Percentage: 0.1572326496602224 First Eig Val: 1.5558048922921527e-16 First Gap: 0.5629100199079672 Largest Gap: 0.5629100199079672 Number of Clusters:1
start:0 iteration:1
CellsA: 528 CellsB: 765
MutsA: 383 MutsB: 441
Using SNV kernel only
Jump Percentage: 0.15718520866313337 First Eig Val: -1.4476215026375262e-15 First Gap: 0.5617356965283988 Largest Gap: 0.5617356965283988 Number of Clusters:1
start:0 iteration:2
CellsA: 531 CellsB: 762
MutsA: 383 MutsB: 441
Using SNV kernel only
Jump Percentage: 0.15718520866313337 First Eig Val: -1.4476215026375262e-15 First Gap: 0.5617356965283988 Largest Gap: 0.5617356965283988 Number of Clusters:1
adding tree to internal list:
Clonal Tree 0 
[(0, 1)] 
Loss Nodes:0
Node: 0 Cells: 531 Muts: 383 LostMuts: 0
Node: 1 Cells: 1305 Muts: 441 LostMuts: 0
Total Cells: 1836 Total Muts: 824
Using SNV kernel only
Jump Percentage: 0.16984695951210768 First Eig Val: 1.551841861148841e-15 First Gap: 0.573926173478983 Largest Gap: 0.573926173478983 Number of Clusters:1
start:1 iteration:0
CellsA: 513 CellsB: 780
MutsA: 391 MutsB: 433
Using SNV kernel only
Jump Percentage: 0.15542342467502318 First Eig Val: -3.0284607438978453e-16 First Gap: 0.5553778716626747 Largest Gap: 0.5553778716626747 Number of Clusters:1
start:1 iteration:1
CellsA: 820 CellsB: 473
MutsA: 479 MutsB: 345
Using SNV kernel only
Jump Percentage: 0.3878755236989532 First Eig Val: 7.260987349555509e-17 First Gap: 0.5911861438058138 Largest Gap: 0.5911861438058138 Number of Clusters:1
start:1 iteration:2
CellsA: 1075 CellsB: 218
MutsA: 532 MutsB: 292
Using SNV kernel only
Jump Percentage: 0.4155686790460024 First Eig Val: -2.233176971799256e-15 First Gap: 0.6693120418659346 Largest Gap: 0.6693120418659346 Number of Clusters:1
start:1 iteration:3
CellsA: 1217 CellsB: 76
MutsA: 570 MutsB: 254
Using SNV kernel only
Jump Percentage: 0.3565701703638627 First Eig Val: -8.965989398427207e-16 First Gap: 0.8015878696708248 Largest Gap: 0.8015878696708248 Number of Clusters:1
start:1 iteration:4
CellsA: 1251 CellsB: 42
MutsA: 574 MutsB: 250
Using SNV kernel only
Jump Percentage: 0.45014480593011635 First Eig Val: -3.0958437825386707e-15 First Gap: 0.8309375680389194 Largest Gap: 0.8309375680389194 Number of Clusters:1
start:1 iteration:5
CellsA: 1259 CellsB: 34
MutsA: 575 MutsB: 249
Using SNV kernel only
Jump Percentage: 0.45299839419862864 First Eig Val: -4.582151707206568e-16 First Gap: 0.831789797660265 Largest Gap: 0.831789797660265 Number of Clusters:1
adding tree to internal list:
Clonal Tree 0 
[(0, 1)] 
Loss Nodes:0
Node: 0 Cells: 1259 Muts: 575 LostMuts: 0
Node: 1 Cells: 577 Muts: 249 LostMuts: 0
Total Cells: 1836 Total Muts: 824
Using SNV kernel only
Jump Percentage: 0.1655779532855268 First Eig Val: -9.294533034227408e-16 First Gap: 0.5705380993618787 Largest Gap: 0.5705380993618787 Number of Clusters:1
start:2 iteration:0
CellsA: 568 CellsB: 725
MutsA: 401 MutsB: 423
Using SNV kernel only
Jump Percentage: 0.1565822004511108 First Eig Val: 1.4540521726847903e-15 First Gap: 0.5625296643131465 Largest Gap: 0.5625296643131465 Number of Clusters:1
start:2 iteration:1
CellsA: 577 CellsB: 716
MutsA: 396 MutsB: 428
Using SNV kernel only
Jump Percentage: 0.15542534530904292 First Eig Val: -8.383397942914439e-16 First Gap: 0.5614323516313251 Largest Gap: 0.5614323516313251 Number of Clusters:1
start:2 iteration:2
CellsA: 840 CellsB: 453
MutsA: 483 MutsB: 341
Using SNV kernel only
Jump Percentage: 0.391452578639953 First Eig Val: -5.425454602516881e-16 First Gap: 0.6041281445370683 Largest Gap: 0.6041281445370683 Number of Clusters:1
start:2 iteration:3
CellsA: 1085 CellsB: 208
MutsA: 530 MutsB: 294
Using SNV kernel only
Jump Percentage: 0.5686378634182987 First Eig Val: -1.2903898032291351e-15 First Gap: 0.688952742682913 Largest Gap: 0.688952742682913 Number of Clusters:1
start:2 iteration:4
CellsA: 1281 CellsB: 12
MutsA: 591 MutsB: 233
Using SNV kernel only
Jump Percentage: 0.9554997114143996 First Eig Val: 1.9976963244989908e-16 First Gap: 0.9242162900593341 Largest Gap: 0.9242162900593341 Number of Clusters:1
start:2 iteration:5
CellsA: 1267 CellsB: 26
MutsA: 589 MutsB: 235
Using SNV kernel only
Jump Percentage: 0.8771919393650397 First Eig Val: -1.3115830834220184e-15 First Gap: 0.9234292349177867 Largest Gap: 0.9234292349177867 Number of Clusters:1
start:2 iteration:6
CellsA: 1262 CellsB: 31
MutsA: 588 MutsB: 236
Using SNV kernel only
Jump Percentage: 0.8606092321946105 First Eig Val: -4.444773864003612e-16 First Gap: 0.9226510523996764 Largest Gap: 0.9226510523996764 Number of Clusters:1
start:2 iteration:7
CellsA: 1259 CellsB: 34
MutsA: 587 MutsB: 237
Using SNV kernel only
Jump Percentage: 0.8483960102199263 First Eig Val: -1.6125375024338864e-15 First Gap: 0.9218505258060976 Largest Gap: 0.9218505258060976 Number of Clusters:1
start:2 iteration:8
CellsA: 1258 CellsB: 35
MutsA: 587 MutsB: 237
Using SNV kernel only
Jump Percentage: 0.8483960102199263 First Eig Val: -1.6125375024338864e-15 First Gap: 0.9218505258060976 Largest Gap: 0.9218505258060976 Number of Clusters:1
adding tree to internal list:
Clonal Tree 0 
[(0, 1)] 
Loss Nodes:0
Node: 0 Cells: 1258 Muts: 587 LostMuts: 0
Node: 1 Cells: 578 Muts: 237 LostMuts: 0
Total Cells: 1836 Total Muts: 824
adding tree to candidate list:
Clonal Tree 0 
[(0, 1)] 
Loss Nodes:0
Node: 0 Cells: 531 Muts: 383 LostMuts: 0
Node: 1 Cells: 1305 Muts: 441 LostMuts: 0
Total Cells: 1836 Total Muts: 824
Normalized Likelihood: -0.5875798644155011
Clonal Tree 0 
[(0, 1)] 
Loss Nodes:0
Node: 0 Cells: 1293 Muts: 592 LostMuts: 0
Node: 1 Cells: 543 Muts: 232 LostMuts: 0
Total Cells: 1836 Total Muts: 824
Normalized Likelihood: -0.6374860293352616
Clonal Tree 1 
[(0, 1)] 
Loss Nodes:0
Node: 0 Cells: 531 Muts: 383 LostMuts: 0
Node: 1 Cells: 1305 Muts: 441 LostMuts: 0
Total Cells: 1836 Total Muts: 824
Normalized Likelihood: -0.5875798644155011
linear split norm likelihood best tree
Clonal Tree 1 
[(0, 1)] 
Loss Nodes:0
Node: 0 Cells: 531 Muts: 383 LostMuts: 0
Node: 1 Cells: 1305 Muts: 441 LostMuts: 0
Total Cells: 1836 Total Muts: 824
Sprouted tree:
Clonal Tree 1 
[(0, 1)] 
Loss Nodes:0
Node: 0 Cells: 531 Muts: 383 LostMuts: 0
Node: 1 Cells: 1305 Muts: 441 LostMuts: 0
Total Cells: 1836 Total Muts: 824
Cells: 1305 Muts: 441 Ancestral Muts: 933 
Number of subproblems remaining: 2
Starting k-clonal tree inference for seed:
Cells: 1305 Muts: 441 Ancestral Muts: 933 
Sprouting seed:
Cells: 1305 Muts: 441 Ancestral Muts: 933 
Sprouting a branching tree from seed ...
(Generator(PCG64) at 0x7F311EDF4C80,)
Jump Percentage: 0.999999999999991 First Eig Val: -5.689623324249724e-16 First Gap: 7.156301341307433e-16 Largest Gap: 0.3724092632024707 Number of Clusters:2
CellsA: 543 CellsB: 762
MutsA: 224 mutsB: 34
Jump Percentage: 0.999999999999989 First Eig Val: -2.818569008665383e-17 First Gap: 1.4329987357742253e-16 Largest Gap: 0.40486570059420973 Number of Clusters:2
CellsA: 762 CellsB: 543
MutsA: 34 mutsB: 224
Jump Percentage: 0.999999999999988 First Eig Val: -3.097567834302038e-17 First Gap: 1.0088073111205337e-15 Largest Gap: 0.43418654092546244 Number of Clusters:2
CellsA: 762 CellsB: 543
MutsA: 34 mutsB: 224
Sprouted tree:
None
<bound method Phertilizer.sprout_branching of <phertilizer.Phertilizer object at 0x7f31204ad790>> invalid
Sprouting seed:
Cells: 1305 Muts: 441 Ancestral Muts: 933 
Sprouting a linear tree from seed ...
Jump Percentage: 0.9999999999999866 First Eig Val: -5.790845226840959e-16 First Gap: 8.849519581112189e-16 Largest Gap: 0.3214303209406936 Number of Clusters:2
start:0 iteration:0
CellsA: 762 CellsB: 543
MutsA: 217 MutsB: 224
Jump Percentage: 0.9999999999999867 First Eig Val: -1.6623239161282968e-16 First Gap: 2.7210195668750075e-16 Largest Gap: 0.3166803871741203 Number of Clusters:2
adding tree to internal list:
Clonal Tree 0 
[(0, 1)] 
Loss Nodes:0
Node: 0 Cells: 762 Muts: 217 LostMuts: 0
Node: 1 Cells: 543 Muts: 224 LostMuts: 0
Total Cells: 1305 Total Muts: 441
Jump Percentage: 0.9999999999999841 First Eig Val: -3.5530256905323715e-16 First Gap: 8.814980429974427e-16 Largest Gap: 0.30758007408939814 Number of Clusters:2
start:1 iteration:0
CellsA: 762 CellsB: 543
MutsA: 217 MutsB: 224
Jump Percentage: 0.9999999999999867 First Eig Val: -1.6623239161282968e-16 First Gap: 2.7210195668750075e-16 Largest Gap: 0.3166803871741203 Number of Clusters:2
adding tree to internal list:
Clonal Tree 0 
[(0, 1)] 
Loss Nodes:0
Node: 0 Cells: 762 Muts: 217 LostMuts: 0
Node: 1 Cells: 543 Muts: 224 LostMuts: 0
Total Cells: 1305 Total Muts: 441
Jump Percentage: 0.9999999999999934 First Eig Val: -4.0886956127981984e-16 First Gap: 4.0001185275835424e-16 Largest Gap: 0.3451736062250087 Number of Clusters:2
start:2 iteration:0
CellsA: 762 CellsB: 543
MutsA: 217 MutsB: 224
Jump Percentage: 0.9999999999999867 First Eig Val: -1.6623239161282968e-16 First Gap: 2.7210195668750075e-16 Largest Gap: 0.3166803871741203 Number of Clusters:2
adding tree to internal list:
Clonal Tree 0 
[(0, 1)] 
Loss Nodes:0
Node: 0 Cells: 762 Muts: 217 LostMuts: 0
Node: 1 Cells: 543 Muts: 224 LostMuts: 0
Total Cells: 1305 Total Muts: 441
adding tree to candidate list:
Clonal Tree 0 
[(0, 1)] 
Loss Nodes:0
Node: 0 Cells: 762 Muts: 217 LostMuts: 0
Node: 1 Cells: 543 Muts: 224 LostMuts: 0
Total Cells: 1305 Total Muts: 441
Normalized Likelihood: -0.550897124340027
Clonal Tree 0 
[(0, 1)] 
Loss Nodes:0
Node: 0 Cells: 762 Muts: 217 LostMuts: 0
Node: 1 Cells: 543 Muts: 224 LostMuts: 0
Total Cells: 1305 Total Muts: 441
Normalized Likelihood: -0.550897124340027
linear split norm likelihood best tree
Clonal Tree 0 
[(0, 1)] 
Loss Nodes:0
Node: 0 Cells: 762 Muts: 217 LostMuts: 0
Node: 1 Cells: 543 Muts: 224 LostMuts: 0
Total Cells: 1305 Total Muts: 441
Sprouted tree:
Clonal Tree 0 
[(0, 1)] 
Loss Nodes:0
Node: 0 Cells: 762 Muts: 217 LostMuts: 0
Node: 1 Cells: 543 Muts: 224 LostMuts: 0
Total Cells: 1305 Total Muts: 441
Cells: 543 Muts: 224 Ancestral Muts: 1150 
Number of subproblems remaining: 2
func:'planting' args:[(<phertilizer.Phertilizer object at 0x7f31204ad790>, deque([])), {}] took: 736.8041 sec
Planting phase complete!

Starting grow phase....
Clonal Tree 0 
[(0, 1)] 
Loss Nodes:0
Node: 0 Cells: 2936 Muts: 550 LostMuts: 0
Node: 1 Cells: 1836 Muts: 824 LostMuts: 0
Total Cells: 4772 Total Muts: 1374
Clonal Tree 0 
[(0, 1), (0, 2)] 
Loss Nodes:0
Node: 0 Cells: 0 Muts: 521 LostMuts: 0
Node: 1 Cells: 543 Muts: 232 LostMuts: 0
Node: 2 Cells: 1293 Muts: 71 LostMuts: 0
Total Cells: 1836 Total Muts: 824
1374
1374
1374
Clonal Tree 0 
[(0, 1), (1, 2), (1, 3)] 
Loss Nodes:0
Node: 0 Cells: 2936 Muts: 550 LostMuts: 0
Node: 1 Cells: 0 Muts: 521 LostMuts: 0
Node: 2 Cells: 543 Muts: 232 LostMuts: 0
Node: 3 Cells: 1293 Muts: 71 LostMuts: 0
Total Cells: 4772 Total Muts: 1374
Clonal Tree 0 
[(0, 1), (1, 2), (1, 3)] 
Loss Nodes:0
Node: 0 Cells: 2936 Muts: 550 LostMuts: 0
Node: 1 Cells: 0 Muts: 521 LostMuts: 0
Node: 2 Cells: 543 Muts: 232 LostMuts: 0
Node: 3 Cells: 1293 Muts: 71 LostMuts: 0
Total Cells: 4772 Total Muts: 1374
Clonal Tree 0 
[(0, 1)] 
Loss Nodes:0
Node: 0 Cells: 2936 Muts: 550 LostMuts: 0
Node: 1 Cells: 1836 Muts: 824 LostMuts: 0
Total Cells: 4772 Total Muts: 1374
Clonal Tree 1 
[(0, 1)] 
Loss Nodes:0
Node: 0 Cells: 531 Muts: 383 LostMuts: 0
Node: 1 Cells: 1305 Muts: 441 LostMuts: 0
Total Cells: 1836 Total Muts: 824
1374
1374
1374
Clonal Tree 0 
[(0, 1), (1, 2)] 
Loss Nodes:0
Node: 0 Cells: 2936 Muts: 550 LostMuts: 0
Node: 1 Cells: 531 Muts: 383 LostMuts: 0
Node: 2 Cells: 1305 Muts: 441 LostMuts: 0
Total Cells: 4772 Total Muts: 1374
Clonal Tree 0 
[(0, 1), (1, 2)] 
Loss Nodes:0
Node: 0 Cells: 2936 Muts: 550 LostMuts: 0
Node: 1 Cells: 531 Muts: 383 LostMuts: 0
Node: 2 Cells: 1305 Muts: 441 LostMuts: 0
Total Cells: 4772 Total Muts: 1374
Clonal Tree 2 
[(0, 1), (1, 2)] 
Loss Nodes:0
Node: 0 Cells: 2936 Muts: 550 LostMuts: 0
Node: 1 Cells: 531 Muts: 383 LostMuts: 0
Node: 2 Cells: 1305 Muts: 441 LostMuts: 0
Total Cells: 4772 Total Muts: 1374
Clonal Tree 0 
[(0, 1)] 
Loss Nodes:0
Node: 0 Cells: 762 Muts: 217 LostMuts: 0
Node: 1 Cells: 543 Muts: 224 LostMuts: 0
Total Cells: 1305 Total Muts: 441
1374
1374
1374
Clonal Tree 2 
[(0, 1), (1, 2), (2, 3)] 
Loss Nodes:0
Node: 0 Cells: 2936 Muts: 550 LostMuts: 0
Node: 1 Cells: 531 Muts: 383 LostMuts: 0
Node: 2 Cells: 762 Muts: 217 LostMuts: 0
Node: 3 Cells: 543 Muts: 224 LostMuts: 0
Total Cells: 4772 Total Muts: 1374
Clonal Tree 2 
[(0, 1), (1, 2), (2, 3)] 
Loss Nodes:0
Node: 0 Cells: 2936 Muts: 550 LostMuts: 0
Node: 1 Cells: 531 Muts: 383 LostMuts: 0
Node: 2 Cells: 762 Muts: 217 LostMuts: 0
Node: 3 Cells: 543 Muts: 224 LostMuts: 0
Total Cells: 4772 Total Muts: 1374
func:'grow' args:[(<phertilizer.Phertilizer object at 0x7f31204ad790>,), {}] took: 0.0102 sec
Growing phase complete!

Identifying the maximum likelihood k-clonal tree....
Finding the maximum likelihood tree out of 4 trees....
Clonal Tree 0 
[(0, 1)] 
Loss Nodes:0
Node: 0 Cells: 2936 Muts: 550 LostMuts: 0
Node: 1 Cells: 1836 Muts: 824 LostMuts: 0
Total Cells: 4772 Total Muts: 1374

Tree: 0 LogLikelihood: 2425580.6321184775
Variant LogLikelihood: -52410.793230949326 
RDR LogLikelihood: 2477991.4253494274

Clonal Tree 1 
[(0, 1), (1, 2), (1, 3)] 
Loss Nodes:0
Node: 0 Cells: 2936 Muts: 550 LostMuts: 0
Node: 1 Cells: 0 Muts: 521 LostMuts: 0
Node: 2 Cells: 543 Muts: 232 LostMuts: 0
Node: 3 Cells: 1293 Muts: 71 LostMuts: 0
Total Cells: 4772 Total Muts: 1374

Tree: 1 LogLikelihood: 2504817.122559359
Variant LogLikelihood: -47452.56923260412 
RDR LogLikelihood: 2552269.691791963

Clonal Tree 2 
[(0, 1), (1, 2)] 
Loss Nodes:0
Node: 0 Cells: 2936 Muts: 550 LostMuts: 0
Node: 1 Cells: 531 Muts: 383 LostMuts: 0
Node: 2 Cells: 1305 Muts: 441 LostMuts: 0
Total Cells: 4772 Total Muts: 1374

Tree: 2 LogLikelihood: 2492075.2257374506
Variant LogLikelihood: -49410.65180946738 
RDR LogLikelihood: 2541485.877546918

Clonal Tree 3 
[(0, 1), (1, 2), (2, 3)] 
Loss Nodes:0
Node: 0 Cells: 2936 Muts: 550 LostMuts: 0
Node: 1 Cells: 531 Muts: 383 LostMuts: 0
Node: 2 Cells: 762 Muts: 217 LostMuts: 0
Node: 3 Cells: 543 Muts: 224 LostMuts: 0
Total Cells: 4772 Total Muts: 1374

Tree: 3 LogLikelihood: 2505749.577447761
Variant LogLikelihood: -46520.11434420186 
RDR LogLikelihood: 2552269.691791963

\Phertilizer Tree....
Clonal Tree 3 
[(0, 1), (1, 2), (2, 3)] 
Loss Nodes:0
Node: 0 Cells: 2936 Muts: 550 LostMuts: 0
Node: 1 Cells: 531 Muts: 383 LostMuts: 0
Node: 2 Cells: 762 Muts: 217 LostMuts: 0
Node: 3 Cells: 543 Muts: 224 LostMuts: 0
Total Cells: 4772 Total Muts: 1374
Saving files.....
Thanks for planting a tree! See you later, friend.
