INFO:root:Mb Count a: 4.590310442144873 Mb Count b: 7.540229885057471
INFO:root:Mb Count a: 0.8824082784571966 Mb Count b: 3.9798850574712645
INFO:root:Mb Count a: 4.492944496707432 Mb Count b: 7.4798850574712645
INFO:root:Mb Count a: 0.8824082784571966 Mb Count b: 3.9798850574712645
INFO:root:Mb Count a: 4.523047977422389 Mb Count b: 7.485632183908046
INFO:root:Mb Count a: 0.8824082784571966 Mb Count b: 3.9798850574712645
INFO:root:Mb Count a: 2.0507436570428696 Mb Count b: 6.824008138351984
INFO:root:Mb Count a: 0.30621172353455817 Mb Count b: 10.81383519837233
INFO:root:Mb Count a: 1.9440069991251094 Mb Count b: 6.965412004069176
INFO:root:Mb Count a: 0.30621172353455817 Mb Count b: 10.81383519837233
INFO:root:Mb Count a: 1.8538932633420822 Mb Count b: 6.820956256358087
INFO:root:Mb Count a: 0.30621172353455817 Mb Count b: 10.81383519837233
INFO:root:Mb Count a: 2.273638968481375 Mb Count b: 5.564044943820225
INFO:root:Mb Count a: 0.24362244897959184 Mb Count b: 3.651810584958217
INFO:root:Mb Count a: 0.6791120080726539 Mb Count b: 5.269736842105263
INFO:root:Mb Count a: 0.24169184290030213 Mb Count b: 4.1466666666666665
INFO:root:Mb Count a: 0.21887550200803213 Mb Count b: 4.183673469387755
INFO:root:Mb Count a: 0.18126272912423624 Mb Count b: 3.968944099378882
INFO:root:Mb Count a: 0.1409185803757829 Mb Count b: 3.7837837837837838
INFO:root:Mb Count a: 0.30078125 Mb Count b: 4.554621848739496
INFO:root:Mb Count a: 0.20734126984126985 Mb Count b: 4.17037037037037
INFO:root:Mb Count a: 0.20634920634920634 Mb Count b: 4.17037037037037
INFO:root:Mb Count a: 2.5538020086083213 Mb Count b: 5.908071748878924
INFO:root:Mb Count a: 0.2630272952853598 Mb Count b: 3.629080118694362
INFO:root:Mb Count a: 0.2646370023419204 Mb Count b: 4.072664359861592
INFO:root:Mb Count a: 0.531 Mb Count b: 5.153846153846154
INFO:root:Mb Count a: 0.24825523429710866 Mb Count b: 4.292857142857143
INFO:root:Mb Count a: 0.26125244618395305 Mb Count b: 4.5041322314049586
INFO:root:Mb Count a: 0.21442687747035574 Mb Count b: 4.290076335877862
INFO:root:Mb Count a: 0.21442687747035574 Mb Count b: 4.290076335877862
INFO:root:Mb Count a: 2.6662763466042154 Mb Count b: 6.377162629757786
INFO:root:Mb Count a: 0.4470588235294118 Mb Count b: 4.634146341463414
INFO:root:Mb Count a: 0.269825918762089 Mb Count b: 4.458715596330276
INFO:root:Mb Count a: 0.25265188042430087 Mb Count b: 4.40566037735849
INFO:root:Mb Count a: 0.21658536585365853 Mb Count b: 4.194915254237288
INFO:root:Mb Count a: 0.21951219512195122 Mb Count b: 4.228813559322034
/scratch/data/leah/phertilizer/src/branching_split.py:108: RuntimeWarning: invalid value encountered in true_divide
  tmb = mut_var_count_by_cell/mut_total_reads_by_cell
/scratch/data/leah/phertilizer/src/branching_split.py:108: RuntimeWarning: invalid value encountered in true_divide
  tmb = mut_var_count_by_cell/mut_total_reads_by_cell
/scratch/data/leah/phertilizer/src/branching_split.py:108: RuntimeWarning: invalid value encountered in true_divide
  tmb = mut_var_count_by_cell/mut_total_reads_by_cell
INFO:root:Mb Count a: 4.054933875890132 Mb Count b: 4.155172413793103
INFO:root:Mb Count a: 0.31841302136317395 Mb Count b: 3.014367816091954
INFO:root:Mb Count a: 3.985757884028484 Mb Count b: 4.272988505747127
INFO:root:Mb Count a: 0.31841302136317395 Mb Count b: 3.014367816091954
INFO:root:Mb Count a: 4.182095625635808 Mb Count b: 4.2844827586206895
INFO:root:Mb Count a: 0.31841302136317395 Mb Count b: 3.014367816091954
INFO:root:Mb Count a: 2.068702290076336 Mb Count b: 5.34640522875817
INFO:root:Mb Count a: 0.2482876712328767 Mb Count b: 4.37844611528822
INFO:root:Mb Count a: 0.30385852090032156 Mb Count b: 4.811634349030471
INFO:root:Mb Count a: 0.20516962843295639 Mb Count b: 4.681318681318682
INFO:root:Mb Count a: 0.19484702093397746 Mb Count b: 4.823204419889502
INFO:root:Mb Count a: 0.511921458625526 Mb Count b: 5.537037037037037
INFO:root:Mb Count a: 0.4359637774902975 Mb Count b: 5.461904761904762
INFO:root:Mb Count a: 0.24834874504623514 Mb Count b: 4.871681415929204
INFO:root:Mb Count a: 0.2536327608982827 Mb Count b: 4.9734513274336285
INFO:root:Mb Count a: 2.476119402985075 Mb Count b: 5.936102236421725
INFO:root:Mb Count a: 0.5915841584158416 Mb Count b: 4.965714285714285
INFO:root:Mb Count a: 0.3198031980319803 Mb Count b: 4.517647058823529
INFO:root:Mb Count a: 0.3132678132678133 Mb Count b: 4.668639053254438
INFO:root:Mb Count a: 0.31203931203931207 Mb Count b: 4.668639053254438
INFO:root:Mb Count a: 2.4709302325581395 Mb Count b: 5.95593220338983
INFO:root:Mb Count a: 0.3973509933774834 Mb Count b: 4.232456140350878
INFO:root:Mb Count a: 0.30647291941875826 Mb Count b: 4.3053097345132745
INFO:root:Mb Count a: 0.3123359580052493 Mb Count b: 4.5656108597285066
INFO:root:Mb Count a: 0.31151832460732987 Mb Count b: 4.63013698630137
INFO:root:Mb Count a: 0.3036649214659686 Mb Count b: 4.616438356164384
/scratch/data/leah/phertilizer/src/linear_split.py:107: RuntimeWarning: invalid value encountered in true_divide
  vaf = binary_counts/binary_tcounts
INFO:root:Mb Count a: 3.0790190735694822 Mb Count b: 6.427293064876958
INFO:root:Mb Count a: 0.3683083511777302 Mb Count b: 4.178674351585014
INFO:root:Mb Count a: 0.3733826247689464 Mb Count b: 4.267399267399267
INFO:root:Mb Count a: 0.22182468694096602 Mb Count b: 3.9647058823529413
INFO:root:Mb Count a: 0.22164048865619546 Mb Count b: 4.074688796680498
INFO:root:Mb Count a: 0.1849912739965096 Mb Count b: 3.908713692946058
INFO:root:Mb Count a: 0.18466898954703834 Mb Count b: 3.970833333333333
INFO:root:Mb Count a: 0.18956521739130436 Mb Count b: 4.02928870292887
INFO:root:Mb Count a: 0.18608695652173912 Mb Count b: 4.02092050209205
/scratch/data/leah/phertilizer/src/linear_split.py:107: RuntimeWarning: invalid value encountered in true_divide
  vaf = binary_counts/binary_tcounts
INFO:root:Mb Count a: 3.1532663316582914 Mb Count b: 6.5673076923076925
INFO:root:Mb Count a: 0.33675564681724846 Mb Count b: 4.149847094801223
INFO:root:Mb Count a: 0.19797979797979798 Mb Count b: 4.0501567398119125
INFO:root:Mb Count a: 0.22896281800391388 Mb Count b: 4.234323432343234
INFO:root:Mb Count a: 0.19767441860465115 Mb Count b: 4.181208053691275
INFO:root:Mb Count a: 0.20650095602294455 Mb Count b: 4.247422680412371
INFO:root:Mb Count a: 0.1950286806883365 Mb Count b: 4.22680412371134
/scratch/data/leah/phertilizer/src/linear_split.py:107: RuntimeWarning: invalid value encountered in true_divide
  vaf = binary_counts/binary_tcounts
INFO:root:Mb Count a: 3.5148063781321186 Mb Count b: 6.778666666666667
INFO:root:Mb Count a: 0.4917763157894737 Mb Count b: 4.29126213592233
INFO:root:Mb Count a: 0.33748055987558323 Mb Count b: 3.9883040935672516
INFO:root:Mb Count a: 0.22943037974683544 Mb Count b: 3.6483516483516483
INFO:root:Mb Count a: 0.1821138211382114 Mb Count b: 3.5879396984924625
INFO:root:Mb Count a: 0.1864951768488746 Mb Count b: 3.7760416666666665
INFO:root:Mb Count a: 0.18387096774193548 Mb Count b: 3.7783505154639174
INFO:root:Mb Count a: 0.18064516129032257 Mb Count b: 3.814432989690722
/scratch/data/leah/phertilizer/src/branching_split.py:108: RuntimeWarning: invalid value encountered in true_divide
  tmb = mut_var_count_by_cell/mut_total_reads_by_cell
/scratch/data/leah/phertilizer/src/branching_split.py:108: RuntimeWarning: invalid value encountered in true_divide
  tmb = mut_var_count_by_cell/mut_total_reads_by_cell
/scratch/data/leah/phertilizer/src/branching_split.py:108: RuntimeWarning: invalid value encountered in true_divide
  tmb = mut_var_count_by_cell/mut_total_reads_by_cell
/scratch/data/leah/phertilizer/src/branching_split.py:108: RuntimeWarning: invalid value encountered in true_divide
  tmb = mut_var_count_by_cell/mut_total_reads_by_cell
/scratch/data/leah/phertilizer/src/branching_split.py:108: RuntimeWarning: invalid value encountered in true_divide
  tmb = mut_var_count_by_cell/mut_total_reads_by_cell
/scratch/data/leah/phertilizer/src/branching_split.py:108: RuntimeWarning: invalid value encountered in true_divide
  tmb = mut_var_count_by_cell/mut_total_reads_by_cell
/scratch/data/leah/phertilizer/src/linear_split.py:107: RuntimeWarning: invalid value encountered in true_divide
  vaf = binary_counts/binary_tcounts
/scratch/data/leah/phertilizer/src/linear_split.py:251: RuntimeWarning: invalid value encountered in true_divide
  tmb = mb_mut_count/mb_tot_count
INFO:root:Mb Count a: 1.5229885057471264 Mb Count b: 2.2189349112426036
/scratch/data/leah/phertilizer/src/linear_split.py:251: RuntimeWarning: invalid value encountered in true_divide
  tmb = mb_mut_count/mb_tot_count
INFO:root:Mb Count a: 0.008620689655172414 Mb Count b: 4.183431952662722
/scratch/data/leah/phertilizer/src/linear_split.py:107: RuntimeWarning: invalid value encountered in true_divide
  vaf = binary_counts/binary_tcounts
INFO:root:Mb Count a: 1.5603448275862069 Mb Count b: 2.3195266272189348
/scratch/data/leah/phertilizer/src/linear_split.py:251: RuntimeWarning: invalid value encountered in true_divide
  tmb = mb_mut_count/mb_tot_count
INFO:root:Mb Count a: 0.008620689655172414 Mb Count b: 4.183431952662722
/scratch/data/leah/phertilizer/src/linear_split.py:107: RuntimeWarning: invalid value encountered in true_divide
  vaf = binary_counts/binary_tcounts
/scratch/data/leah/phertilizer/src/linear_split.py:251: RuntimeWarning: invalid value encountered in true_divide
  tmb = mb_mut_count/mb_tot_count
INFO:root:Mb Count a: 1.5804597701149425 Mb Count b: 2.260355029585799
/scratch/data/leah/phertilizer/src/linear_split.py:251: RuntimeWarning: invalid value encountered in true_divide
  tmb = mb_mut_count/mb_tot_count
INFO:root:Mb Count a: 0.008620689655172414 Mb Count b: 4.183431952662722
/scratch/data/leah/phertilizer/src/branching_split.py:108: RuntimeWarning: invalid value encountered in true_divide
  tmb = mut_var_count_by_cell/mut_total_reads_by_cell
/scratch/data/leah/phertilizer/src/branching_split.py:108: RuntimeWarning: invalid value encountered in true_divide
  tmb = mut_var_count_by_cell/mut_total_reads_by_cell
/scratch/data/leah/phertilizer/src/branching_split.py:108: RuntimeWarning: invalid value encountered in true_divide
  tmb = mut_var_count_by_cell/mut_total_reads_by_cell
/scratch/data/leah/phertilizer/src/branching_split.py:108: RuntimeWarning: invalid value encountered in true_divide
  tmb = mut_var_count_by_cell/mut_total_reads_by_cell
/scratch/data/leah/phertilizer/src/branching_split.py:108: RuntimeWarning: invalid value encountered in true_divide
  tmb = mut_var_count_by_cell/mut_total_reads_by_cell
/scratch/data/leah/phertilizer/src/branching_split.py:108: RuntimeWarning: invalid value encountered in true_divide
  tmb = mut_var_count_by_cell/mut_total_reads_by_cell
/scratch/data/leah/phertilizer/src/branching_split.py:108: RuntimeWarning: invalid value encountered in true_divide
  tmb = mut_var_count_by_cell/mut_total_reads_by_cell
/scratch/data/leah/phertilizer/src/branching_split.py:108: RuntimeWarning: invalid value encountered in true_divide
  tmb = mut_var_count_by_cell/mut_total_reads_by_cell
/scratch/data/leah/phertilizer/src/branching_split.py:108: RuntimeWarning: invalid value encountered in true_divide
  tmb = mut_var_count_by_cell/mut_total_reads_by_cell
/scratch/data/leah/phertilizer/src/branching_split.py:108: RuntimeWarning: invalid value encountered in true_divide
  tmb = mut_var_count_by_cell/mut_total_reads_by_cell
/scratch/data/leah/phertilizer/src/branching_split.py:108: RuntimeWarning: invalid value encountered in true_divide
  tmb = mut_var_count_by_cell/mut_total_reads_by_cell
/scratch/data/leah/phertilizer/src/branching_split.py:108: RuntimeWarning: invalid value encountered in true_divide
  tmb = mut_var_count_by_cell/mut_total_reads_by_cell
INFO:root:Mb Count a: 0.7429577464788732 Mb Count b: 3.4795180722891565
/scratch/data/leah/phertilizer/src/linear_split.py:251: RuntimeWarning: invalid value encountered in true_divide
  tmb = mb_mut_count/mb_tot_count
INFO:root:Mb Count a: 0.20465890183028287 Mb Count b: 3.869109947643979
/scratch/data/leah/phertilizer/src/linear_split.py:251: RuntimeWarning: invalid value encountered in true_divide
  tmb = mb_mut_count/mb_tot_count
INFO:root:Mb Count a: 0.250386398763524 Mb Count b: 4.330357142857143
/scratch/data/leah/phertilizer/src/linear_split.py:251: RuntimeWarning: invalid value encountered in true_divide
  tmb = mb_mut_count/mb_tot_count
INFO:root:Mb Count a: 0.1321656050955414 Mb Count b: 3.988732394366197
/scratch/data/leah/phertilizer/src/linear_split.py:251: RuntimeWarning: invalid value encountered in true_divide
  tmb = mb_mut_count/mb_tot_count
INFO:root:Mb Count a: 0.13556618819776714 Mb Count b: 4.084269662921348
/scratch/data/leah/phertilizer/src/linear_split.py:251: RuntimeWarning: invalid value encountered in true_divide
  tmb = mb_mut_count/mb_tot_count
INFO:root:Mb Count a: 0.18125960061443933 Mb Count b: 4.27710843373494
/scratch/data/leah/phertilizer/src/linear_split.py:251: RuntimeWarning: invalid value encountered in true_divide
  tmb = mb_mut_count/mb_tot_count
INFO:root:Mb Count a: 0.13302034428794993 Mb Count b: 4.122093023255814
/scratch/data/leah/phertilizer/src/linear_split.py:251: RuntimeWarning: invalid value encountered in true_divide
  tmb = mb_mut_count/mb_tot_count
INFO:root:Mb Count a: 0.13125 Mb Count b: 4.131195335276968
/scratch/data/leah/phertilizer/src/linear_split.py:251: RuntimeWarning: invalid value encountered in true_divide
  tmb = mb_mut_count/mb_tot_count
INFO:root:Mb Count a: 0.13125 Mb Count b: 4.131195335276968
/scratch/data/leah/phertilizer/src/linear_split.py:251: RuntimeWarning: invalid value encountered in true_divide
  tmb = mb_mut_count/mb_tot_count
INFO:root:Mb Count a: 0.50625 Mb Count b: 3.1153081510934393
INFO:root:Mb Count a: 0.42105263157894735 Mb Count b: 4.597333333333333
INFO:root:Mb Count a: 0.152317880794702 Mb Count b: 4.094986807387863
/scratch/data/leah/phertilizer/src/linear_split.py:251: RuntimeWarning: invalid value encountered in true_divide
  tmb = mb_mut_count/mb_tot_count
INFO:root:Mb Count a: 0.15171288743882544 Mb Count b: 4.221621621621622
/scratch/data/leah/phertilizer/src/linear_split.py:251: RuntimeWarning: invalid value encountered in true_divide
  tmb = mb_mut_count/mb_tot_count
INFO:root:Mb Count a: 0.14332247557003258 Mb Count b: 4.224932249322493
/scratch/data/leah/phertilizer/src/linear_split.py:251: RuntimeWarning: invalid value encountered in true_divide
  tmb = mb_mut_count/mb_tot_count
INFO:root:Mb Count a: 0.14308943089430895 Mb Count b: 4.225543478260869
/scratch/data/leah/phertilizer/src/linear_split.py:251: RuntimeWarning: invalid value encountered in true_divide
  tmb = mb_mut_count/mb_tot_count
INFO:root:Mb Count a: 0.14146341463414633 Mb Count b: 4.220108695652174
/scratch/data/leah/phertilizer/src/linear_split.py:251: RuntimeWarning: invalid value encountered in true_divide
  tmb = mb_mut_count/mb_tot_count
INFO:root:Mb Count a: 0.7557932263814616 Mb Count b: 3.462085308056872
INFO:root:Mb Count a: 0.42525399129172714 Mb Count b: 4.482993197278912
/scratch/data/leah/phertilizer/src/linear_split.py:251: RuntimeWarning: invalid value encountered in true_divide
  tmb = mb_mut_count/mb_tot_count
INFO:root:Mb Count a: 0.18301610541727673 Mb Count b: 4.123333333333333
/scratch/data/leah/phertilizer/src/linear_split.py:251: RuntimeWarning: invalid value encountered in true_divide
  tmb = mb_mut_count/mb_tot_count
INFO:root:Mb Count a: 0.17276720351390923 Mb Count b: 4.193333333333333
/scratch/data/leah/phertilizer/src/linear_split.py:251: RuntimeWarning: invalid value encountered in true_divide
  tmb = mb_mut_count/mb_tot_count
INFO:root:Mb Count a: 0.17130307467057102 Mb Count b: 4.183333333333334
/scratch/data/leah/phertilizer/src/linear_split.py:251: RuntimeWarning: invalid value encountered in true_divide
  tmb = mb_mut_count/mb_tot_count
INFO:root:Mb Count a: 0.1695906432748538 Mb Count b: 4.187290969899665
/scratch/data/leah/phertilizer/src/linear_split.py:251: RuntimeWarning: invalid value encountered in true_divide
  tmb = mb_mut_count/mb_tot_count
INFO:root:Mb Count a: 0.1695906432748538 Mb Count b: 4.187290969899665
/scratch/data/leah/phertilizer/src/linear_split.py:107: RuntimeWarning: invalid value encountered in true_divide
  vaf = binary_counts/binary_tcounts
INFO:root:Mb Count a: 0.9096638655462185 Mb Count b: 3.2661870503597124
/scratch/data/leah/phertilizer/src/linear_split.py:251: RuntimeWarning: invalid value encountered in true_divide
  tmb = mb_mut_count/mb_tot_count
INFO:root:Mb Count a: 0.14563106796116504 Mb Count b: 2.57
/scratch/data/leah/phertilizer/src/linear_split.py:251: RuntimeWarning: invalid value encountered in true_divide
  tmb = mb_mut_count/mb_tot_count
INFO:root:Mb Count a: 0.11627906976744186 Mb Count b: 2.505050505050505
INFO:root:Mb Count a: 0.1029126213592233 Mb Count b: 2.56
INFO:root:Mb Count a: 0.1029126213592233 Mb Count b: 2.56
/scratch/data/leah/phertilizer/src/linear_split.py:107: RuntimeWarning: invalid value encountered in true_divide
  vaf = binary_counts/binary_tcounts
INFO:root:Mb Count a: 0.5210084033613446 Mb Count b: 2.492248062015504
INFO:root:Mb Count a: 0.21205357142857142 Mb Count b: 3.1736526946107784
INFO:root:Mb Count a: 0.06941431670281996 Mb Count b: 2.909090909090909
INFO:root:Mb Count a: 0.05806451612903226 Mb Count b: 2.9133333333333336
INFO:root:Mb Count a: 0.05591397849462366 Mb Count b: 2.9133333333333336
/scratch/data/leah/phertilizer/src/linear_split.py:107: RuntimeWarning: invalid value encountered in true_divide
  vaf = binary_counts/binary_tcounts
/scratch/data/leah/phertilizer/src/linear_split.py:251: RuntimeWarning: invalid value encountered in true_divide
  tmb = mb_mut_count/mb_tot_count
INFO:root:Mb Count a: 0.7392290249433107 Mb Count b: 2.8850574712643677
INFO:root:Mb Count a: 0.1419753086419753 Mb Count b: 2.627906976744186
/scratch/data/leah/phertilizer/src/linear_split.py:251: RuntimeWarning: invalid value encountered in true_divide
  tmb = mb_mut_count/mb_tot_count
INFO:root:Mb Count a: 0.0942622950819672 Mb Count b: 2.559055118110236
INFO:root:Mb Count a: 0.07818930041152264 Mb Count b: 2.558139534883721
INFO:root:Mb Count a: 0.07818930041152264 Mb Count b: 2.5813953488372094
/scratch/data/leah/phertilizer/src/linear_split.py:107: RuntimeWarning: invalid value encountered in true_divide
  vaf = binary_counts/binary_tcounts
INFO:root:Mb Count a: 0.7032418952618454 Mb Count b: 2.482456140350877
INFO:root:Mb Count a: 0.12035010940919037 Mb Count b: 2.4310344827586206
INFO:root:Mb Count a: 0.07608695652173914 Mb Count b: 2.4363636363636365
INFO:root:Mb Count a: 0.07173913043478261 Mb Count b: 2.4363636363636365
/scratch/data/leah/phertilizer/src/linear_split.py:107: RuntimeWarning: invalid value encountered in true_divide
  vaf = binary_counts/binary_tcounts
/scratch/data/leah/phertilizer/src/linear_split.py:251: RuntimeWarning: invalid value encountered in true_divide
  tmb = mb_mut_count/mb_tot_count
INFO:root:Mb Count a: 0.0 Mb Count b: 1.6677316293929711
INFO:root:Mb Count a: 0.0 Mb Count b: 2.112781954887218
INFO:root:Mb Count a: 0.0 Mb Count b: 2.208955223880597
INFO:root:Mb Count a: 0.0 Mb Count b: 2.216417910447761
/scratch/data/leah/phertilizer/src/linear_split.py:107: RuntimeWarning: invalid value encountered in true_divide
  vaf = binary_counts/binary_tcounts
INFO:root:Mb Count a: 0.0 Mb Count b: 1.8047337278106508
INFO:root:Mb Count a: 0.3352941176470588 Mb Count b: 2.6857142857142855
INFO:root:Mb Count a: 0.2125 Mb Count b: 3.034782608695652
INFO:root:Mb Count a: 0.057971014492753624 Mb Count b: 2.9405940594059405
INFO:root:Mb Count a: 0.05741626794258373 Mb Count b: 2.9381443298969074
INFO:root:Mb Count a: 0.0430622009569378 Mb Count b: 2.865979381443299
INFO:root:Mb Count a: 0.0430622009569378 Mb Count b: 2.865979381443299
/scratch/data/leah/phertilizer/src/branching_split.py:108: RuntimeWarning: invalid value encountered in true_divide
  tmb = mut_var_count_by_cell/mut_total_reads_by_cell
/scratch/data/leah/phertilizer/src/branching_split.py:108: RuntimeWarning: invalid value encountered in true_divide
  tmb = mut_var_count_by_cell/mut_total_reads_by_cell
/scratch/data/leah/phertilizer/src/branching_split.py:108: RuntimeWarning: invalid value encountered in true_divide
  tmb = mut_var_count_by_cell/mut_total_reads_by_cell
/scratch/data/leah/phertilizer/src/branching_split.py:108: RuntimeWarning: invalid value encountered in true_divide
  tmb = mut_var_count_by_cell/mut_total_reads_by_cell
/scratch/data/leah/phertilizer/src/branching_split.py:108: RuntimeWarning: invalid value encountered in true_divide
  tmb = mut_var_count_by_cell/mut_total_reads_by_cell
/scratch/data/leah/phertilizer/src/branching_split.py:108: RuntimeWarning: invalid value encountered in true_divide
  tmb = mut_var_count_by_cell/mut_total_reads_by_cell
/scratch/data/leah/phertilizer/src/linear_split.py:251: RuntimeWarning: invalid value encountered in true_divide
  tmb = mb_mut_count/mb_tot_count
INFO:root:Mb Count a: 0.6859142607174104 Mb Count b: 2.491353001017294
/scratch/data/leah/phertilizer/src/linear_split.py:251: RuntimeWarning: invalid value encountered in true_divide
  tmb = mb_mut_count/mb_tot_count
INFO:root:Mb Count a: 0.048993875765529306 Mb Count b: 3.4333672431332656
/scratch/data/leah/phertilizer/src/linear_split.py:251: RuntimeWarning: invalid value encountered in true_divide
  tmb = mb_mut_count/mb_tot_count
INFO:root:Mb Count a: 0.752405949256343 Mb Count b: 2.412004069175992
/scratch/data/leah/phertilizer/src/linear_split.py:251: RuntimeWarning: invalid value encountered in true_divide
  tmb = mb_mut_count/mb_tot_count
INFO:root:Mb Count a: 0.048993875765529306 Mb Count b: 3.4333672431332656
/scratch/data/leah/phertilizer/src/linear_split.py:251: RuntimeWarning: invalid value encountered in true_divide
  tmb = mb_mut_count/mb_tot_count
INFO:root:Mb Count a: 0.7357830271216098 Mb Count b: 2.4567650050864698
/scratch/data/leah/phertilizer/src/linear_split.py:251: RuntimeWarning: invalid value encountered in true_divide
  tmb = mb_mut_count/mb_tot_count
INFO:root:Mb Count a: 0.048993875765529306 Mb Count b: 3.4333672431332656
