INFO:root:Mb Count a: 4.5908733280881195 Mb Count b: 7.685446009389671
INFO:root:Mb Count a: 0.8922108575924469 Mb Count b: 4.849765258215962
INFO:root:Mb Count a: 4.59795436664044 Mb Count b: 7.455399061032864
INFO:root:Mb Count a: 0.8922108575924469 Mb Count b: 4.849765258215962
INFO:root:Mb Count a: 4.519276160503541 Mb Count b: 7.460093896713615
INFO:root:Mb Count a: 0.8922108575924469 Mb Count b: 4.849765258215962
INFO:root:Mb Count a: 2.0014104372355432 Mb Count b: 6.855871886120997
INFO:root:Mb Count a: 0.2538787023977433 Mb Count b: 10.9644128113879
INFO:root:Mb Count a: 1.9647390691114246 Mb Count b: 6.779359430604982
INFO:root:Mb Count a: 0.2538787023977433 Mb Count b: 10.9644128113879
INFO:root:Mb Count a: 1.9675599435825106 Mb Count b: 6.857651245551601
INFO:root:Mb Count a: 0.2538787023977433 Mb Count b: 10.9644128113879
/scratch/data/leah/phertilizer/src/linear_split.py:107: RuntimeWarning: invalid value encountered in true_divide
  vaf = binary_counts/binary_tcounts
INFO:root:Mb Count a: 2.4900662251655628 Mb Count b: 5.71875
INFO:root:Mb Count a: 0.37050359712230213 Mb Count b: 4.398692810457517
INFO:root:Mb Count a: 0.23022847100175747 Mb Count b: 4.364285714285714
INFO:root:Mb Count a: 0.2038327526132404 Mb Count b: 4.4222222222222225
INFO:root:Mb Count a: 0.18673647469458987 Mb Count b: 4.367647058823529
INFO:root:Mb Count a: 0.3832528180354267 Mb Count b: 5.238636363636363
INFO:root:Mb Count a: 0.23885350318471338 Mb Count b: 4.827160493827161
INFO:root:Mb Count a: 0.2096 Mb Count b: 4.678571428571429
INFO:root:Mb Count a: 0.2032 Mb Count b: 4.690476190476191
/scratch/data/leah/phertilizer/src/linear_split.py:107: RuntimeWarning: invalid value encountered in true_divide
  vaf = binary_counts/binary_tcounts
INFO:root:Mb Count a: 2.922671353251318 Mb Count b: 6.835714285714285
INFO:root:Mb Count a: 0.1486725663716814 Mb Count b: 3.5416666666666665
INFO:root:Mb Count a: 0.36231884057971014 Mb Count b: 4.931818181818182
INFO:root:Mb Count a: 0.2503937007874016 Mb Count b: 4.837837837837838
INFO:root:Mb Count a: 0.22413793103448276 Mb Count b: 4.774647887323944
INFO:root:Mb Count a: 0.21350078492935637 Mb Count b: 4.736111111111111
INFO:root:Mb Count a: 0.2119309262166405 Mb Count b: 4.75
/scratch/data/leah/phertilizer/src/linear_split.py:107: RuntimeWarning: invalid value encountered in true_divide
  vaf = binary_counts/binary_tcounts
INFO:root:Mb Count a: 2.8923357664233578 Mb Count b: 6.385093167701863
INFO:root:Mb Count a: 0.5961538461538461 Mb Count b: 5.878787878787879
INFO:root:Mb Count a: 0.3101449275362319 Mb Count b: 5.2631578947368425
INFO:root:Mb Count a: 0.2402315484804631 Mb Count b: 4.888888888888889
INFO:root:Mb Count a: 0.23878437047756873 Mb Count b: 4.888888888888889
/scratch/data/leah/phertilizer/src/linear_split.py:107: RuntimeWarning: invalid value encountered in true_divide
  vaf = binary_counts/binary_tcounts
INFO:root:Mb Count a: 1.833910034602076 Mb Count b: 4.550595238095238
INFO:root:Mb Count a: 0.34536082474226804 Mb Count b: 4.084388185654008
INFO:root:Mb Count a: 0.11547911547911548 Mb Count b: 3.779816513761468
INFO:root:Mb Count a: 0.14893617021276595 Mb Count b: 3.9504950495049505
INFO:root:Mb Count a: 0.10141509433962265 Mb Count b: 3.915422885572139
INFO:root:Mb Count a: 0.09905660377358491 Mb Count b: 3.890547263681592
/scratch/data/leah/phertilizer/src/linear_split.py:107: RuntimeWarning: invalid value encountered in true_divide
  vaf = binary_counts/binary_tcounts
INFO:root:Mb Count a: 2.300254452926209 Mb Count b: 5.267241379310345
INFO:root:Mb Count a: 0.18061674008810572 Mb Count b: 3.3508771929824563
INFO:root:Mb Count a: 0.11868131868131868 Mb Count b: 3.2941176470588234
INFO:root:Mb Count a: 0.10722100656455143 Mb Count b: 3.4345238095238093
INFO:root:Mb Count a: 0.10065645514223195 Mb Count b: 3.4285714285714284
/scratch/data/leah/phertilizer/src/linear_split.py:107: RuntimeWarning: invalid value encountered in true_divide
  vaf = binary_counts/binary_tcounts
INFO:root:Mb Count a: 2.3446327683615817 Mb Count b: 5.306273062730627
INFO:root:Mb Count a: 0.35714285714285715 Mb Count b: 4.061349693251533
INFO:root:Mb Count a: 0.22937625754527163 Mb Count b: 3.9453125
INFO:root:Mb Count a: 0.32037037037037036 Mb Count b: 4.2823529411764705
INFO:root:Mb Count a: 0.13670411985018727 Mb Count b: 3.5824175824175826
INFO:root:Mb Count a: 0.13670411985018727 Mb Count b: 3.7142857142857144
/scratch/data/leah/phertilizer/src/branching_split.py:108: RuntimeWarning: invalid value encountered in true_divide
  tmb = mut_var_count_by_cell/mut_total_reads_by_cell
/scratch/data/leah/phertilizer/src/branching_split.py:108: RuntimeWarning: invalid value encountered in true_divide
  tmb = mut_var_count_by_cell/mut_total_reads_by_cell
/scratch/data/leah/phertilizer/src/branching_split.py:108: RuntimeWarning: invalid value encountered in true_divide
  tmb = mut_var_count_by_cell/mut_total_reads_by_cell
/scratch/data/leah/phertilizer/src/branching_split.py:108: RuntimeWarning: invalid value encountered in true_divide
  tmb = mut_var_count_by_cell/mut_total_reads_by_cell
INFO:root:Mb Count a: 4.360681114551084 Mb Count b: 4.737089201877934
/scratch/data/leah/phertilizer/src/linear_split.py:251: RuntimeWarning: invalid value encountered in true_divide
  tmb = mb_mut_count/mb_tot_count
INFO:root:Mb Count a: 0.37925696594427244 Mb Count b: 3.563380281690141
INFO:root:Mb Count a: 4.385448916408668 Mb Count b: 4.544600938967136
/scratch/data/leah/phertilizer/src/linear_split.py:251: RuntimeWarning: invalid value encountered in true_divide
  tmb = mb_mut_count/mb_tot_count
INFO:root:Mb Count a: 0.37925696594427244 Mb Count b: 3.563380281690141
INFO:root:Mb Count a: 4.196594427244582 Mb Count b: 4.71830985915493
/scratch/data/leah/phertilizer/src/linear_split.py:251: RuntimeWarning: invalid value encountered in true_divide
  tmb = mb_mut_count/mb_tot_count
INFO:root:Mb Count a: 0.37925696594427244 Mb Count b: 3.563380281690141
INFO:root:Mb Count a: 1.4047619047619047 Mb Count b: 4.055160142348755
INFO:root:Mb Count a: 0.0 Mb Count b: 5.455516014234876
INFO:root:Mb Count a: 1.3928571428571428 Mb Count b: 4.096085409252669
INFO:root:Mb Count a: 0.0 Mb Count b: 5.455516014234876
INFO:root:Mb Count a: 1.3928571428571428 Mb Count b: 4.0355871886121
INFO:root:Mb Count a: 0.0 Mb Count b: 5.455516014234876
/scratch/data/leah/phertilizer/src/branching_split.py:108: RuntimeWarning: invalid value encountered in true_divide
  tmb = mut_var_count_by_cell/mut_total_reads_by_cell
/scratch/data/leah/phertilizer/src/branching_split.py:108: RuntimeWarning: invalid value encountered in true_divide
  tmb = mut_var_count_by_cell/mut_total_reads_by_cell
/scratch/data/leah/phertilizer/src/branching_split.py:108: RuntimeWarning: invalid value encountered in true_divide
  tmb = mut_var_count_by_cell/mut_total_reads_by_cell
/scratch/data/leah/phertilizer/src/branching_split.py:108: RuntimeWarning: invalid value encountered in true_divide
  tmb = mut_var_count_by_cell/mut_total_reads_by_cell
/scratch/data/leah/phertilizer/src/branching_split.py:108: RuntimeWarning: invalid value encountered in true_divide
  tmb = mut_var_count_by_cell/mut_total_reads_by_cell
/scratch/data/leah/phertilizer/src/branching_split.py:108: RuntimeWarning: invalid value encountered in true_divide
  tmb = mut_var_count_by_cell/mut_total_reads_by_cell
INFO:root:Mb Count a: 0.5476190476190477 Mb Count b: 2.587188612099644
INFO:root:Mb Count a: 0.0 Mb Count b: 2.98220640569395
/scratch/data/leah/phertilizer/src/linear_split.py:251: RuntimeWarning: invalid value encountered in true_divide
  tmb = mb_mut_count/mb_tot_count
INFO:root:Mb Count a: 0.7023809523809523 Mb Count b: 2.6476868327402134
INFO:root:Mb Count a: 0.0 Mb Count b: 2.98220640569395
INFO:root:Mb Count a: 0.7261904761904762 Mb Count b: 2.6530249110320283
INFO:root:Mb Count a: 0.0 Mb Count b: 2.98220640569395
/scratch/data/leah/phertilizer/src/branching_split.py:108: RuntimeWarning: invalid value encountered in true_divide
  tmb = mut_var_count_by_cell/mut_total_reads_by_cell
/scratch/data/leah/phertilizer/src/branching_split.py:108: RuntimeWarning: invalid value encountered in true_divide
  tmb = mut_var_count_by_cell/mut_total_reads_by_cell
/scratch/data/leah/phertilizer/src/branching_split.py:108: RuntimeWarning: invalid value encountered in true_divide
  tmb = mut_var_count_by_cell/mut_total_reads_by_cell
/scratch/data/leah/phertilizer/src/branching_split.py:108: RuntimeWarning: invalid value encountered in true_divide
  tmb = mut_var_count_by_cell/mut_total_reads_by_cell
/scratch/data/leah/phertilizer/src/branching_split.py:108: RuntimeWarning: invalid value encountered in true_divide
  tmb = mut_var_count_by_cell/mut_total_reads_by_cell
/scratch/data/leah/phertilizer/src/branching_split.py:108: RuntimeWarning: invalid value encountered in true_divide
  tmb = mut_var_count_by_cell/mut_total_reads_by_cell
/scratch/data/leah/phertilizer/src/branching_split.py:108: RuntimeWarning: invalid value encountered in true_divide
  tmb = mut_var_count_by_cell/mut_total_reads_by_cell
/scratch/data/leah/phertilizer/src/branching_split.py:108: RuntimeWarning: invalid value encountered in true_divide
  tmb = mut_var_count_by_cell/mut_total_reads_by_cell
/scratch/data/leah/phertilizer/src/branching_split.py:108: RuntimeWarning: invalid value encountered in true_divide
  tmb = mut_var_count_by_cell/mut_total_reads_by_cell
/scratch/data/leah/phertilizer/src/branching_split.py:108: RuntimeWarning: invalid value encountered in true_divide
  tmb = mut_var_count_by_cell/mut_total_reads_by_cell
/scratch/data/leah/phertilizer/src/branching_split.py:108: RuntimeWarning: invalid value encountered in true_divide
  tmb = mut_var_count_by_cell/mut_total_reads_by_cell
/scratch/data/leah/phertilizer/src/branching_split.py:108: RuntimeWarning: invalid value encountered in true_divide
  tmb = mut_var_count_by_cell/mut_total_reads_by_cell
/scratch/data/leah/phertilizer/src/branching_split.py:108: RuntimeWarning: invalid value encountered in true_divide
  tmb = mut_var_count_by_cell/mut_total_reads_by_cell
/scratch/data/leah/phertilizer/src/branching_split.py:108: RuntimeWarning: invalid value encountered in true_divide
  tmb = mut_var_count_by_cell/mut_total_reads_by_cell
/scratch/data/leah/phertilizer/src/branching_split.py:108: RuntimeWarning: invalid value encountered in true_divide
  tmb = mut_var_count_by_cell/mut_total_reads_by_cell
/scratch/data/leah/phertilizer/src/branching_split.py:108: RuntimeWarning: invalid value encountered in true_divide
  tmb = mut_var_count_by_cell/mut_total_reads_by_cell
/scratch/data/leah/phertilizer/src/branching_split.py:108: RuntimeWarning: invalid value encountered in true_divide
  tmb = mut_var_count_by_cell/mut_total_reads_by_cell
/scratch/data/leah/phertilizer/src/branching_split.py:108: RuntimeWarning: invalid value encountered in true_divide
  tmb = mut_var_count_by_cell/mut_total_reads_by_cell
INFO:root:Mb Count a: 0.9545454545454546 Mb Count b: 3.795302013422819
INFO:root:Mb Count a: 0.08013937282229965 Mb Count b: 4.156363636363636
INFO:root:Mb Count a: 0.038461538461538464 Mb Count b: 4.159420289855072
INFO:root:Mb Count a: 0.038461538461538464 Mb Count b: 4.192028985507246
INFO:root:Mb Count a: 0.6893203883495146 Mb Count b: 3.4887640449438204
/scratch/data/leah/phertilizer/src/linear_split.py:251: RuntimeWarning: invalid value encountered in true_divide
  tmb = mb_mut_count/mb_tot_count
INFO:root:Mb Count a: 0.0 Mb Count b: 4.3391812865497075
/scratch/data/leah/phertilizer/src/linear_split.py:251: RuntimeWarning: invalid value encountered in true_divide
  tmb = mb_mut_count/mb_tot_count
INFO:root:Mb Count a: 0.0 Mb Count b: 4.4035087719298245
/scratch/data/leah/phertilizer/src/linear_split.py:251: RuntimeWarning: invalid value encountered in true_divide
  tmb = mb_mut_count/mb_tot_count
INFO:root:Mb Count a: 1.4935400516795865 Mb Count b: 4.52
/scratch/data/leah/phertilizer/src/linear_split.py:251: RuntimeWarning: invalid value encountered in true_divide
  tmb = mb_mut_count/mb_tot_count
INFO:root:Mb Count a: 0.20047732696897375 Mb Count b: 4.06993006993007
/scratch/data/leah/phertilizer/src/linear_split.py:251: RuntimeWarning: invalid value encountered in true_divide
  tmb = mb_mut_count/mb_tot_count
INFO:root:Mb Count a: 0.11004784688995216 Mb Count b: 3.951388888888889
/scratch/data/leah/phertilizer/src/linear_split.py:251: RuntimeWarning: invalid value encountered in true_divide
  tmb = mb_mut_count/mb_tot_count
INFO:root:Mb Count a: 0.10501193317422435 Mb Count b: 4.006993006993007
/scratch/data/leah/phertilizer/src/linear_split.py:251: RuntimeWarning: invalid value encountered in true_divide
  tmb = mb_mut_count/mb_tot_count
INFO:root:Mb Count a: 0.10023866348448687 Mb Count b: 4.020979020979021
/scratch/data/leah/phertilizer/src/branching_split.py:108: RuntimeWarning: invalid value encountered in true_divide
  tmb = mut_var_count_by_cell/mut_total_reads_by_cell
/scratch/data/leah/phertilizer/src/branching_split.py:108: RuntimeWarning: invalid value encountered in true_divide
  tmb = mut_var_count_by_cell/mut_total_reads_by_cell
/scratch/data/leah/phertilizer/src/branching_split.py:108: RuntimeWarning: invalid value encountered in true_divide
  tmb = mut_var_count_by_cell/mut_total_reads_by_cell
/scratch/data/leah/phertilizer/src/branching_split.py:108: RuntimeWarning: invalid value encountered in true_divide
  tmb = mut_var_count_by_cell/mut_total_reads_by_cell
/scratch/data/leah/phertilizer/src/branching_split.py:108: RuntimeWarning: invalid value encountered in true_divide
  tmb = mut_var_count_by_cell/mut_total_reads_by_cell
/scratch/data/leah/phertilizer/src/branching_split.py:108: RuntimeWarning: invalid value encountered in true_divide
  tmb = mut_var_count_by_cell/mut_total_reads_by_cell
INFO:root:Mb Count a: 1.0521861777150916 Mb Count b: 3.512455516014235
INFO:root:Mb Count a: 0.06488011283497884 Mb Count b: 4.809608540925267
/scratch/data/leah/phertilizer/src/linear_split.py:251: RuntimeWarning: invalid value encountered in true_divide
  tmb = mb_mut_count/mb_tot_count
INFO:root:Mb Count a: 1.1128349788434415 Mb Count b: 3.469750889679715
INFO:root:Mb Count a: 0.06488011283497884 Mb Count b: 4.809608540925267
INFO:root:Mb Count a: 1.0380818053596614 Mb Count b: 3.47864768683274
INFO:root:Mb Count a: 0.06488011283497884 Mb Count b: 4.809608540925267
/scratch/data/leah/phertilizer/src/linear_split.py:107: RuntimeWarning: invalid value encountered in true_divide
  vaf = binary_counts/binary_tcounts
INFO:root:Mb Count a: 1.047970479704797 Mb Count b: 2.838323353293413
INFO:root:Mb Count a: 0.090625 Mb Count b: 1.826086956521739
INFO:root:Mb Count a: 0.1323529411764706 Mb Count b: 2.4827586206896552
INFO:root:Mb Count a: 0.0858806404657933 Mb Count b: 2.272727272727273
INFO:root:Mb Count a: 0.05847953216374269 Mb Count b: 2.04
INFO:root:Mb Count a: 0.05847953216374269 Mb Count b: 2.04
/scratch/data/leah/phertilizer/src/linear_split.py:107: RuntimeWarning: invalid value encountered in true_divide
  vaf = binary_counts/binary_tcounts
INFO:root:Mb Count a: 0.8471910112359551 Mb Count b: 2.5757575757575757
INFO:root:Mb Count a: 0.23211446740858505 Mb Count b: 2.3375
INFO:root:Mb Count a: 0.0928462709284627 Mb Count b: 2.173076923076923
INFO:root:Mb Count a: 0.07541478129713423 Mb Count b: 2.108695652173913
INFO:root:Mb Count a: 0.07379518072289157 Mb Count b: 2.111111111111111
INFO:root:Mb Count a: 0.07228915662650602 Mb Count b: 2.111111111111111
/scratch/data/leah/phertilizer/src/linear_split.py:107: RuntimeWarning: invalid value encountered in true_divide
  vaf = binary_counts/binary_tcounts
INFO:root:Mb Count a: 0.8768115942028986 Mb Count b: 2.5627118644067797
INFO:root:Mb Count a: 0.0 Mb Count b: 1.6905829596412556
INFO:root:Mb Count a: 0.0 Mb Count b: 1.7665198237885462
INFO:root:Mb Count a: 0.0 Mb Count b: 1.7665198237885462
/scratch/data/leah/phertilizer/src/linear_split.py:107: RuntimeWarning: invalid value encountered in true_divide
  vaf = binary_counts/binary_tcounts
INFO:root:Mb Count a: 0.0 Mb Count b: 1.798165137614679
INFO:root:Mb Count a: 0.0 Mb Count b: 1.6887966804979253
INFO:root:Mb Count a: 0.31378299120234604 Mb Count b: 2.4893617021276597
INFO:root:Mb Count a: 0.0 Mb Count b: 1.9444444444444444
INFO:root:Mb Count a: 0.0 Mb Count b: 1.9448818897637796
INFO:root:Mb Count a: 0.0 Mb Count b: 1.9448818897637796
/scratch/data/leah/phertilizer/src/linear_split.py:107: RuntimeWarning: invalid value encountered in true_divide
  vaf = binary_counts/binary_tcounts
INFO:root:Mb Count a: 0.0 Mb Count b: 1.698224852071006
INFO:root:Mb Count a: 0.310126582278481 Mb Count b: 2.108433734939759
INFO:root:Mb Count a: 0.15167095115681234 Mb Count b: 2.3225806451612905
INFO:root:Mb Count a: 0.0 Mb Count b: 1.788888888888889
INFO:root:Mb Count a: 0.0 Mb Count b: 1.8111111111111111
/scratch/data/leah/phertilizer/src/linear_split.py:107: RuntimeWarning: invalid value encountered in true_divide
  vaf = binary_counts/binary_tcounts
INFO:root:Mb Count a: 0.0 Mb Count b: 1.7577464788732395
INFO:root:Mb Count a: 0.0 Mb Count b: 1.6498194945848375
INFO:root:Mb Count a: 0.0 Mb Count b: 1.8086642599277978
/scratch/data/leah/phertilizer/src/branching_split.py:108: RuntimeWarning: invalid value encountered in true_divide
  tmb = mut_var_count_by_cell/mut_total_reads_by_cell
/scratch/data/leah/phertilizer/src/branching_split.py:108: RuntimeWarning: invalid value encountered in true_divide
  tmb = mut_var_count_by_cell/mut_total_reads_by_cell
/scratch/data/leah/phertilizer/src/branching_split.py:108: RuntimeWarning: invalid value encountered in true_divide
  tmb = mut_var_count_by_cell/mut_total_reads_by_cell
/scratch/data/leah/phertilizer/src/branching_split.py:108: RuntimeWarning: invalid value encountered in true_divide
  tmb = mut_var_count_by_cell/mut_total_reads_by_cell
/scratch/data/leah/phertilizer/src/linear_split.py:251: RuntimeWarning: invalid value encountered in true_divide
  tmb = mb_mut_count/mb_tot_count
INFO:root:Mb Count a: 0.6563876651982379 Mb Count b: 2.5249110320284696
INFO:root:Mb Count a: 0.0 Mb Count b: 3.9056939501779357
/scratch/data/leah/phertilizer/src/linear_split.py:251: RuntimeWarning: invalid value encountered in true_divide
  tmb = mb_mut_count/mb_tot_count
INFO:root:Mb Count a: 0.6916299559471366 Mb Count b: 2.5640569395017794
INFO:root:Mb Count a: 0.0 Mb Count b: 3.9056939501779357
/scratch/data/leah/phertilizer/src/linear_split.py:251: RuntimeWarning: invalid value encountered in true_divide
  tmb = mb_mut_count/mb_tot_count
INFO:root:Mb Count a: 0.6299559471365639 Mb Count b: 2.6156583629893237
INFO:root:Mb Count a: 0.0 Mb Count b: 3.9056939501779357
/scratch/data/leah/phertilizer/src/branching_split.py:108: RuntimeWarning: invalid value encountered in true_divide
  tmb = mut_var_count_by_cell/mut_total_reads_by_cell
/scratch/data/leah/phertilizer/src/branching_split.py:108: RuntimeWarning: invalid value encountered in true_divide
  tmb = mut_var_count_by_cell/mut_total_reads_by_cell
/scratch/data/leah/phertilizer/src/branching_split.py:108: RuntimeWarning: invalid value encountered in true_divide
  tmb = mut_var_count_by_cell/mut_total_reads_by_cell
/scratch/data/leah/phertilizer/src/branching_split.py:108: RuntimeWarning: invalid value encountered in true_divide
  tmb = mut_var_count_by_cell/mut_total_reads_by_cell
/scratch/data/leah/phertilizer/src/branching_split.py:108: RuntimeWarning: invalid value encountered in true_divide
  tmb = mut_var_count_by_cell/mut_total_reads_by_cell
/scratch/data/leah/phertilizer/src/branching_split.py:108: RuntimeWarning: invalid value encountered in true_divide
  tmb = mut_var_count_by_cell/mut_total_reads_by_cell
/scratch/data/leah/phertilizer/src/branching_split.py:108: RuntimeWarning: invalid value encountered in true_divide
  tmb = mut_var_count_by_cell/mut_total_reads_by_cell
/scratch/data/leah/phertilizer/src/branching_split.py:108: RuntimeWarning: invalid value encountered in true_divide
  tmb = mut_var_count_by_cell/mut_total_reads_by_cell
/scratch/data/leah/phertilizer/src/branching_split.py:108: RuntimeWarning: invalid value encountered in true_divide
  tmb = mut_var_count_by_cell/mut_total_reads_by_cell
/scratch/data/leah/phertilizer/src/branching_split.py:108: RuntimeWarning: invalid value encountered in true_divide
  tmb = mut_var_count_by_cell/mut_total_reads_by_cell
/scratch/data/leah/phertilizer/src/branching_split.py:108: RuntimeWarning: invalid value encountered in true_divide
  tmb = mut_var_count_by_cell/mut_total_reads_by_cell
/scratch/data/leah/phertilizer/src/branching_split.py:108: RuntimeWarning: invalid value encountered in true_divide
  tmb = mut_var_count_by_cell/mut_total_reads_by_cell
/scratch/data/leah/phertilizer/src/branching_split.py:108: RuntimeWarning: invalid value encountered in true_divide
  tmb = mut_var_count_by_cell/mut_total_reads_by_cell
/scratch/data/leah/phertilizer/src/branching_split.py:108: RuntimeWarning: invalid value encountered in true_divide
  tmb = mut_var_count_by_cell/mut_total_reads_by_cell
/scratch/data/leah/phertilizer/src/linear_split.py:251: RuntimeWarning: invalid value encountered in true_divide
  tmb = mb_mut_count/mb_tot_count
INFO:root:Mb Count a: 1.306501547987616 Mb Count b: 3.5564853556485354
/scratch/data/leah/phertilizer/src/linear_split.py:251: RuntimeWarning: invalid value encountered in true_divide
  tmb = mb_mut_count/mb_tot_count
INFO:root:Mb Count a: 0.0 Mb Count b: 2.7058823529411766
/scratch/data/leah/phertilizer/src/linear_split.py:251: RuntimeWarning: invalid value encountered in true_divide
  tmb = mb_mut_count/mb_tot_count
INFO:root:Mb Count a: 0.0 Mb Count b: 2.8798283261802573
/scratch/data/leah/phertilizer/src/linear_split.py:251: RuntimeWarning: invalid value encountered in true_divide
  tmb = mb_mut_count/mb_tot_count
INFO:root:Mb Count a: 0.0 Mb Count b: 2.8798283261802573
INFO:root:Mb Count a: 1.6155778894472361 Mb Count b: 3.9878048780487805
/scratch/data/leah/phertilizer/src/linear_split.py:251: RuntimeWarning: invalid value encountered in true_divide
  tmb = mb_mut_count/mb_tot_count
INFO:root:Mb Count a: 0.034912718204488775 Mb Count b: 1.9627329192546583
/scratch/data/leah/phertilizer/src/linear_split.py:251: RuntimeWarning: invalid value encountered in true_divide
  tmb = mb_mut_count/mb_tot_count
INFO:root:Mb Count a: 0.03217821782178218 Mb Count b: 2.1645569620253164
/scratch/data/leah/phertilizer/src/linear_split.py:251: RuntimeWarning: invalid value encountered in true_divide
  tmb = mb_mut_count/mb_tot_count
INFO:root:Mb Count a: 0.0297029702970297 Mb Count b: 2.1645569620253164
/scratch/data/leah/phertilizer/src/linear_split.py:251: RuntimeWarning: invalid value encountered in true_divide
  tmb = mb_mut_count/mb_tot_count
INFO:root:Mb Count a: 1.3037974683544304 Mb Count b: 3.5284552845528454
/scratch/data/leah/phertilizer/src/linear_split.py:251: RuntimeWarning: invalid value encountered in true_divide
  tmb = mb_mut_count/mb_tot_count
INFO:root:Mb Count a: 0.1239193083573487 Mb Count b: 2.813953488372093
/scratch/data/leah/phertilizer/src/linear_split.py:251: RuntimeWarning: invalid value encountered in true_divide
  tmb = mb_mut_count/mb_tot_count
INFO:root:Mb Count a: 0.032448377581120944 Mb Count b: 2.7354260089686098
/scratch/data/leah/phertilizer/src/linear_split.py:251: RuntimeWarning: invalid value encountered in true_divide
  tmb = mb_mut_count/mb_tot_count
INFO:root:Mb Count a: 0.03216374269005848 Mb Count b: 2.809090909090909
/scratch/data/leah/phertilizer/src/linear_split.py:251: RuntimeWarning: invalid value encountered in true_divide
  tmb = mb_mut_count/mb_tot_count
INFO:root:Mb Count a: 0.03216374269005848 Mb Count b: 2.809090909090909
/scratch/data/leah/phertilizer/src/linear_split.py:107: RuntimeWarning: invalid value encountered in true_divide
  vaf = binary_counts/binary_tcounts
/scratch/data/leah/phertilizer/src/linear_split.py:251: RuntimeWarning: invalid value encountered in true_divide
  tmb = mb_mut_count/mb_tot_count
INFO:root:Mb Count a: 0.727810650887574 Mb Count b: 2.50625
/scratch/data/leah/phertilizer/src/linear_split.py:251: RuntimeWarning: invalid value encountered in true_divide
  tmb = mb_mut_count/mb_tot_count
INFO:root:Mb Count a: 0.005376344086021506 Mb Count b: 2.3986013986013988
/scratch/data/leah/phertilizer/src/linear_split.py:251: RuntimeWarning: invalid value encountered in true_divide
  tmb = mb_mut_count/mb_tot_count
INFO:root:Mb Count a: 0.005405405405405406 Mb Count b: 2.4027777777777777
/scratch/data/leah/phertilizer/src/linear_split.py:251: RuntimeWarning: invalid value encountered in true_divide
  tmb = mb_mut_count/mb_tot_count
INFO:root:Mb Count a: 0.37142857142857144 Mb Count b: 3.142857142857143
/scratch/data/leah/phertilizer/src/linear_split.py:251: RuntimeWarning: invalid value encountered in true_divide
  tmb = mb_mut_count/mb_tot_count
INFO:root:Mb Count a: 0.02766798418972332 Mb Count b: 2.736842105263158
/scratch/data/leah/phertilizer/src/linear_split.py:251: RuntimeWarning: invalid value encountered in true_divide
  tmb = mb_mut_count/mb_tot_count
INFO:root:Mb Count a: 0.0 Mb Count b: 2.675324675324675
/scratch/data/leah/phertilizer/src/linear_split.py:251: RuntimeWarning: invalid value encountered in true_divide
  tmb = mb_mut_count/mb_tot_count
INFO:root:Mb Count a: 0.0 Mb Count b: 2.675324675324675
/scratch/data/leah/phertilizer/src/linear_split.py:107: RuntimeWarning: invalid value encountered in true_divide
  vaf = binary_counts/binary_tcounts
/scratch/data/leah/phertilizer/src/linear_split.py:251: RuntimeWarning: invalid value encountered in true_divide
  tmb = mb_mut_count/mb_tot_count
INFO:root:Mb Count a: 0.6160714285714286 Mb Count b: 2.608294930875576
/scratch/data/leah/phertilizer/src/linear_split.py:251: RuntimeWarning: invalid value encountered in true_divide
  tmb = mb_mut_count/mb_tot_count
INFO:root:Mb Count a: 0.0 Mb Count b: 2.272222222222222
INFO:root:Mb Count a: 0.4 Mb Count b: 2.870967741935484
INFO:root:Mb Count a: 0.004694835680751174 Mb Count b: 2.6982758620689653
INFO:root:Mb Count a: 0.0 Mb Count b: 2.706896551724138
/scratch/data/leah/phertilizer/src/linear_split.py:107: RuntimeWarning: invalid value encountered in true_divide
  vaf = binary_counts/binary_tcounts
/scratch/data/leah/phertilizer/src/linear_split.py:251: RuntimeWarning: invalid value encountered in true_divide
  tmb = mb_mut_count/mb_tot_count
INFO:root:Mb Count a: 1.2345132743362832 Mb Count b: 2.796116504854369
/scratch/data/leah/phertilizer/src/linear_split.py:251: RuntimeWarning: invalid value encountered in true_divide
  tmb = mb_mut_count/mb_tot_count
INFO:root:Mb Count a: 0.23404255319148937 Mb Count b: 2.9361702127659575
/scratch/data/leah/phertilizer/src/linear_split.py:251: RuntimeWarning: invalid value encountered in true_divide
  tmb = mb_mut_count/mb_tot_count
INFO:root:Mb Count a: 0.0035460992907801418 Mb Count b: 2.5319148936170213
