/scratch/data/leah/phertilizer/src/branching_split.py:108: RuntimeWarning: invalid value encountered in true_divide
  tmb = mut_var_count_by_cell/mut_total_reads_by_cell
/scratch/data/leah/phertilizer/src/branching_split.py:108: RuntimeWarning: invalid value encountered in true_divide
  tmb = mut_var_count_by_cell/mut_total_reads_by_cell
/scratch/data/leah/phertilizer/src/branching_split.py:108: RuntimeWarning: invalid value encountered in true_divide
  tmb = mut_var_count_by_cell/mut_total_reads_by_cell
INFO:root:Mb Count a: 4.0798514391829155 Mb Count b: 9.136253041362531
INFO:root:Mb Count a: 0.7093779015784587 Mb Count b: 7.86374695863747
INFO:root:Mb Count a: 3.9962859795728876 Mb Count b: 9.063260340632603
INFO:root:Mb Count a: 0.7093779015784587 Mb Count b: 7.86374695863747
INFO:root:Mb Count a: 4.197771587743732 Mb Count b: 8.912408759124087
INFO:root:Mb Count a: 0.7093779015784587 Mb Count b: 7.86374695863747
INFO:root:Mb Count a: 0.7628205128205128 Mb Count b: 3.212812160694897
INFO:root:Mb Count a: 0.0 Mb Count b: 7.655808903365907
INFO:root:Mb Count a: 0.8333333333333334 Mb Count b: 3.0597176981541803
INFO:root:Mb Count a: 0.0 Mb Count b: 7.655808903365907
INFO:root:Mb Count a: 0.8974358974358975 Mb Count b: 3.1042345276872965
INFO:root:Mb Count a: 0.0 Mb Count b: 7.655808903365907
/scratch/data/leah/phertilizer/src/branching_split.py:108: RuntimeWarning: invalid value encountered in true_divide
  tmb = mut_var_count_by_cell/mut_total_reads_by_cell
/scratch/data/leah/phertilizer/src/branching_split.py:108: RuntimeWarning: invalid value encountered in true_divide
  tmb = mut_var_count_by_cell/mut_total_reads_by_cell
/scratch/data/leah/phertilizer/src/branching_split.py:108: RuntimeWarning: invalid value encountered in true_divide
  tmb = mut_var_count_by_cell/mut_total_reads_by_cell
/scratch/data/leah/phertilizer/src/branching_split.py:108: RuntimeWarning: invalid value encountered in true_divide
  tmb = mut_var_count_by_cell/mut_total_reads_by_cell
/scratch/data/leah/phertilizer/src/branching_split.py:108: RuntimeWarning: invalid value encountered in true_divide
  tmb = mut_var_count_by_cell/mut_total_reads_by_cell
/scratch/data/leah/phertilizer/src/branching_split.py:108: RuntimeWarning: invalid value encountered in true_divide
  tmb = mut_var_count_by_cell/mut_total_reads_by_cell
/scratch/data/leah/phertilizer/src/branching_split.py:108: RuntimeWarning: invalid value encountered in true_divide
  tmb = mut_var_count_by_cell/mut_total_reads_by_cell
/scratch/data/leah/phertilizer/src/branching_split.py:108: RuntimeWarning: invalid value encountered in true_divide
  tmb = mut_var_count_by_cell/mut_total_reads_by_cell
/scratch/data/leah/phertilizer/src/branching_split.py:108: RuntimeWarning: invalid value encountered in true_divide
  tmb = mut_var_count_by_cell/mut_total_reads_by_cell
/scratch/data/leah/phertilizer/src/linear_split.py:107: RuntimeWarning: invalid value encountered in true_divide
  vaf = binary_counts/binary_tcounts
INFO:root:Mb Count a: 2.10625 Mb Count b: 5.047808764940239
INFO:root:Mb Count a: 0.43601895734597157 Mb Count b: 4.63
INFO:root:Mb Count a: 0.1409090909090909 Mb Count b: 4.596858638743456
INFO:root:Mb Count a: 0.1085972850678733 Mb Count b: 4.552631578947368
INFO:root:Mb Count a: 0.1085972850678733 Mb Count b: 4.563157894736842
/scratch/data/leah/phertilizer/src/linear_split.py:107: RuntimeWarning: invalid value encountered in true_divide
  vaf = binary_counts/binary_tcounts
INFO:root:Mb Count a: 2.4555555555555557 Mb Count b: 5.294372294372295
INFO:root:Mb Count a: 0.2073732718894009 Mb Count b: 4.314432989690721
INFO:root:Mb Count a: 0.11818181818181818 Mb Count b: 4.298429319371728
INFO:root:Mb Count a: 0.11363636363636363 Mb Count b: 4.30890052356021
/scratch/data/leah/phertilizer/src/linear_split.py:107: RuntimeWarning: invalid value encountered in true_divide
  vaf = binary_counts/binary_tcounts
INFO:root:Mb Count a: 2.6216216216216215 Mb Count b: 5.402116402116402
INFO:root:Mb Count a: 0.17105263157894737 Mb Count b: 3.9562841530054644
INFO:root:Mb Count a: 0.14537444933920704 Mb Count b: 4.059782608695652
INFO:root:Mb Count a: 0.14473684210526316 Mb Count b: 4.076502732240437
INFO:root:Mb Count a: 0.14473684210526316 Mb Count b: 4.076502732240437
/scratch/data/leah/phertilizer/src/branching_split.py:108: RuntimeWarning: invalid value encountered in true_divide
  tmb = mut_var_count_by_cell/mut_total_reads_by_cell
/scratch/data/leah/phertilizer/src/branching_split.py:108: RuntimeWarning: invalid value encountered in true_divide
  tmb = mut_var_count_by_cell/mut_total_reads_by_cell
/scratch/data/leah/phertilizer/src/branching_split.py:108: RuntimeWarning: invalid value encountered in true_divide
  tmb = mut_var_count_by_cell/mut_total_reads_by_cell
/scratch/data/leah/phertilizer/src/branching_split.py:108: RuntimeWarning: invalid value encountered in true_divide
  tmb = mut_var_count_by_cell/mut_total_reads_by_cell
/scratch/data/leah/phertilizer/src/branching_split.py:108: RuntimeWarning: invalid value encountered in true_divide
  tmb = mut_var_count_by_cell/mut_total_reads_by_cell
/scratch/data/leah/phertilizer/src/branching_split.py:108: RuntimeWarning: invalid value encountered in true_divide
  tmb = mut_var_count_by_cell/mut_total_reads_by_cell
/scratch/data/leah/phertilizer/src/branching_split.py:108: RuntimeWarning: invalid value encountered in true_divide
  tmb = mut_var_count_by_cell/mut_total_reads_by_cell
/scratch/data/leah/phertilizer/src/branching_split.py:108: RuntimeWarning: invalid value encountered in true_divide
  tmb = mut_var_count_by_cell/mut_total_reads_by_cell
/scratch/data/leah/phertilizer/src/branching_split.py:108: RuntimeWarning: invalid value encountered in true_divide
  tmb = mut_var_count_by_cell/mut_total_reads_by_cell
/scratch/data/leah/phertilizer/src/branching_split.py:108: RuntimeWarning: invalid value encountered in true_divide
  tmb = mut_var_count_by_cell/mut_total_reads_by_cell
/scratch/data/leah/phertilizer/src/branching_split.py:108: RuntimeWarning: invalid value encountered in true_divide
  tmb = mut_var_count_by_cell/mut_total_reads_by_cell
/scratch/data/leah/phertilizer/src/linear_split.py:107: RuntimeWarning: invalid value encountered in true_divide
  vaf = binary_counts/binary_tcounts
INFO:root:Mb Count a: 1.625 Mb Count b: 4.597938144329897
INFO:root:Mb Count a: 0.0 Mb Count b: 3.920689655172414
INFO:root:Mb Count a: 0.7172774869109948 Mb Count b: 4.536363636363636
INFO:root:Mb Count a: 0.06914893617021277 Mb Count b: 4.430493273542601
INFO:root:Mb Count a: 0.06914893617021277 Mb Count b: 4.448430493273543
/scratch/data/leah/phertilizer/src/linear_split.py:107: RuntimeWarning: invalid value encountered in true_divide
  vaf = binary_counts/binary_tcounts
INFO:root:Mb Count a: 1.5309734513274336 Mb Count b: 4.654362416107382
INFO:root:Mb Count a: 0.0 Mb Count b: 3.7932203389830508
INFO:root:Mb Count a: 0.0 Mb Count b: 3.8610169491525426
/scratch/data/leah/phertilizer/src/linear_split.py:107: RuntimeWarning: invalid value encountered in true_divide
  vaf = binary_counts/binary_tcounts
INFO:root:Mb Count a: 2.522727272727273 Mb Count b: 5.392670157068062
INFO:root:Mb Count a: 0.38257575757575757 Mb Count b: 4.489795918367347
INFO:root:Mb Count a: 0.208955223880597 Mb Count b: 4.4475524475524475
INFO:root:Mb Count a: 0.1865671641791045 Mb Count b: 4.440559440559441
