/scratch/data/leah/phertilizer/src/branching_split.py:108: RuntimeWarning: invalid value encountered in true_divide
  tmb = mut_var_count_by_cell/mut_total_reads_by_cell
/scratch/data/leah/phertilizer/src/branching_split.py:108: RuntimeWarning: invalid value encountered in true_divide
  tmb = mut_var_count_by_cell/mut_total_reads_by_cell
/scratch/data/leah/phertilizer/src/branching_split.py:108: RuntimeWarning: invalid value encountered in true_divide
  tmb = mut_var_count_by_cell/mut_total_reads_by_cell
/scratch/data/leah/phertilizer/src/branching_split.py:108: RuntimeWarning: invalid value encountered in true_divide
  tmb = mut_var_count_by_cell/mut_total_reads_by_cell
/scratch/data/leah/phertilizer/src/branching_split.py:108: RuntimeWarning: invalid value encountered in true_divide
  tmb = mut_var_count_by_cell/mut_total_reads_by_cell
INFO:root:Mb Count a: 1.774084981068574 Mb Count b: 4.473569244211446
INFO:root:Mb Count a: 0.48506520824568783 Mb Count b: 4.350371341197029
INFO:root:Mb Count a: 1.8001682793437106 Mb Count b: 4.3643512450851905
INFO:root:Mb Count a: 0.48506520824568783 Mb Count b: 4.350371341197029
INFO:root:Mb Count a: 1.904080774084981 Mb Count b: 4.505897771952818
INFO:root:Mb Count a: 0.48506520824568783 Mb Count b: 4.350371341197029
INFO:root:Mb Count a: 0.0 Mb Count b: 1.945583596214511
INFO:root:Mb Count a: 0.9390681003584229 Mb Count b: 6.684210526315789
INFO:root:Mb Count a: 0.7317073170731707 Mb Count b: 6.802931596091205
INFO:root:Mb Count a: 0.7964989059080962 Mb Count b: 6.759562841530054
INFO:root:Mb Count a: 0.6209994385176867 Mb Count b: 6.290268456375839
INFO:root:Mb Count a: 0.6418242491657397 Mb Count b: 6.3713298791019
INFO:root:Mb Count a: 0.6373748609566184 Mb Count b: 6.3644214162348876
INFO:root:Mb Count a: 0.6373748609566184 Mb Count b: 6.3644214162348876
INFO:root:Mb Count a: 0.5641414141414142 Mb Count b: 3.2141057934508814
INFO:root:Mb Count a: 0.29039952295766247 Mb Count b: 3.642857142857143
INFO:root:Mb Count a: 0.15051546391752577 Mb Count b: 4.870932754880694
INFO:root:Mb Count a: 0.09433962264150944 Mb Count b: 5.906906906906907
INFO:root:Mb Count a: 0.0829090909090909 Mb Count b: 6.144710578842315
INFO:root:Mb Count a: 0.13126323218066338 Mb Count b: 6.346875
INFO:root:Mb Count a: 0.0847457627118644 Mb Count b: 6.334027055150885
INFO:root:Mb Count a: 0.07556497175141243 Mb Count b: 6.339229968782519
INFO:root:Mb Count a: 0.07556497175141243 Mb Count b: 6.339229968782519
INFO:root:Mb Count a: 0.4816810344827586 Mb Count b: 2.9692898272552783
INFO:root:Mb Count a: 0.3603385731559855 Mb Count b: 4.284923928077455
INFO:root:Mb Count a: 0.6237054085155351 Mb Count b: 6.118935837245696
INFO:root:Mb Count a: 0.7419178082191781 Mb Count b: 6.461956521739131
INFO:root:Mb Count a: 0.6227045075125208 Mb Count b: 6.0810344827586205
INFO:root:Mb Count a: 0.5918023582257159 Mb Count b: 6.082214765100671
INFO:root:Mb Count a: 0.6395348837209303 Mb Count b: 6.189141856392294
INFO:root:Mb Count a: 0.6362126245847176 Mb Count b: 6.166374781085814
INFO:root:Mb Count a: 0.6362126245847176 Mb Count b: 6.166374781085814
INFO:root:Mb Count a: 0.7925101214574899 Mb Count b: 2.3878504672897196
INFO:root:Mb Count a: 0.0 Mb Count b: 1.3709677419354838
INFO:root:Mb Count a: 0.0 Mb Count b: 1.4867256637168142
INFO:root:Mb Count a: 0.0 Mb Count b: 1.510204081632653
INFO:root:Mb Count a: 0.0 Mb Count b: 1.5246376811594202
INFO:root:Mb Count a: 0.0 Mb Count b: 1.5644699140401146
INFO:root:Mb Count a: 0.14802896218825423 Mb Count b: 2.121387283236994
INFO:root:Mb Count a: 0.0 Mb Count b: 1.5483870967741935
INFO:root:Mb Count a: 0.0 Mb Count b: 1.575438596491228
INFO:root:Mb Count a: 0.0 Mb Count b: 1.575438596491228
INFO:root:Mb Count a: 0.0 Mb Count b: 1.6243093922651934
INFO:root:Mb Count a: 0.0 Mb Count b: 1.69331983805668
INFO:root:Mb Count a: 0.6274900398406374 Mb Count b: 2.599514563106796
INFO:root:Mb Count a: 0.0 Mb Count b: 1.4897435897435898
INFO:root:Mb Count a: 0.0 Mb Count b: 1.5563725490196079
INFO:root:Mb Count a: 0.0 Mb Count b: 1.5574572127139363
INFO:root:Mb Count a: 0.0 Mb Count b: 1.5574572127139363
INFO:root:Mb Count a: 0.0 Mb Count b: 1.5783251231527093
INFO:root:Mb Count a: 0.0 Mb Count b: 1.6741214057507987
INFO:root:Mb Count a: 0.0 Mb Count b: 1.695744680851064
INFO:root:Mb Count a: 0.0 Mb Count b: 1.7
INFO:root:Mb Count a: 0.0 Mb Count b: 1.4428772919605077
INFO:root:Mb Count a: 0.0 Mb Count b: 1.3987341772151898
INFO:root:Mb Count a: 0.0 Mb Count b: 1.4034810126582278
INFO:root:Mb Count a: 0.0 Mb Count b: 1.4358251057827927
INFO:root:Mb Count a: 0.0 Mb Count b: 1.3804713804713804
INFO:root:Mb Count a: 0.0 Mb Count b: 1.3888888888888888
INFO:root:Mb Count a: 0.0 Mb Count b: 1.3846153846153846
INFO:root:Mb Count a: 0.0 Mb Count b: 1.4019769357495881
INFO:root:Mb Count a: 0.0 Mb Count b: 1.4137931034482758
INFO:root:Mb Count a: 0.0 Mb Count b: 1.4137931034482758
/scratch/data/leah/phertilizer/src/branching_split.py:108: RuntimeWarning: invalid value encountered in true_divide
  tmb = mut_var_count_by_cell/mut_total_reads_by_cell
/scratch/data/leah/phertilizer/src/branching_split.py:108: RuntimeWarning: invalid value encountered in true_divide
  tmb = mut_var_count_by_cell/mut_total_reads_by_cell
/scratch/data/leah/phertilizer/src/branching_split.py:108: RuntimeWarning: invalid value encountered in true_divide
  tmb = mut_var_count_by_cell/mut_total_reads_by_cell
/scratch/data/leah/phertilizer/src/branching_split.py:108: RuntimeWarning: invalid value encountered in true_divide
  tmb = mut_var_count_by_cell/mut_total_reads_by_cell
/scratch/data/leah/phertilizer/src/branching_split.py:108: RuntimeWarning: invalid value encountered in true_divide
  tmb = mut_var_count_by_cell/mut_total_reads_by_cell
/scratch/data/leah/phertilizer/src/branching_split.py:108: RuntimeWarning: invalid value encountered in true_divide
  tmb = mut_var_count_by_cell/mut_total_reads_by_cell
INFO:root:Mb Count a: 2.0357664233576642 Mb Count b: 4.076015727391874
INFO:root:Mb Count a: 0.1416058394160584 Mb Count b: 3.0449978156400173
INFO:root:Mb Count a: 2.103649635036496 Mb Count b: 3.981651376146789
INFO:root:Mb Count a: 0.1416058394160584 Mb Count b: 3.0449978156400173
INFO:root:Mb Count a: 2.124087591240876 Mb Count b: 4.095674967234601
INFO:root:Mb Count a: 0.1416058394160584 Mb Count b: 3.0449978156400173
INFO:root:Mb Count a: 0.0 Mb Count b: 1.700325732899023
INFO:root:Mb Count a: 0.3539967373572594 Mb Count b: 3.509907529722589
INFO:root:Mb Count a: 0.42572944297082227 Mb Count b: 4.1022727272727275
INFO:root:Mb Count a: 0.31512071156289706 Mb Count b: 3.9519725557461407
INFO:root:Mb Count a: 0.26533166458072593 Mb Count b: 3.87215411558669
INFO:root:Mb Count a: 0.47533632286995514 Mb Count b: 4.133891213389122
INFO:root:Mb Count a: 0.35853131749460043 Mb Count b: 3.722972972972973
INFO:root:Mb Count a: 0.27302275189599134 Mb Count b: 3.501118568232662
INFO:root:Mb Count a: 0.31210855949895616 Mb Count b: 3.546116504854369
INFO:root:Mb Count a: 0.20652173913043478 Mb Count b: 3.24
INFO:root:Mb Count a: 0.6487309644670051 Mb Count b: 2.418181818181818
INFO:root:Mb Count a: 0.2737226277372263 Mb Count b: 2.3649635036496353
INFO:root:Mb Count a: 0.21024258760107817 Mb Count b: 2.2957198443579765
INFO:root:Mb Count a: 0.195013357079252 Mb Count b: 2.2955465587044532
INFO:root:Mb Count a: 0.31758957654723124 Mb Count b: 2.732394366197183
INFO:root:Mb Count a: 0.24127230411171452 Mb Count b: 2.5925925925925926
INFO:root:Mb Count a: 0.18730886850152906 Mb Count b: 2.193548387096774
INFO:root:Mb Count a: 0.17236142748671224 Mb Count b: 2.1320754716981134
INFO:root:Mb Count a: 0.1638846737481032 Mb Count b: 2.0961538461538463
INFO:root:Mb Count a: 0.18521284540702015 Mb Count b: 2.225806451612903
INFO:root:Mb Count a: 0.0 Mb Count b: 1.7162162162162162
INFO:root:Mb Count a: 0.37181409295352325 Mb Count b: 3.5092460881934566
INFO:root:Mb Count a: 0.204644412191582 Mb Count b: 3.7709251101321586
INFO:root:Mb Count a: 0.33642384105960266 Mb Count b: 4.139837398373984
INFO:root:Mb Count a: 0.25777202072538863 Mb Count b: 3.979933110367893
INFO:root:Mb Count a: 0.1959731543624161 Mb Count b: 3.8272
INFO:root:Mb Count a: 0.23376623376623376 Mb Count b: 3.9233333333333333
INFO:root:Mb Count a: 0.23704663212435234 Mb Count b: 3.939799331103679
INFO:root:Mb Count a: 0.19302949061662197 Mb Count b: 3.844551282051282
INFO:root:Mb Count a: 0.19787516600265603 Mb Count b: 3.8622366288492707
/scratch/data/leah/phertilizer/src/branching_split.py:108: RuntimeWarning: invalid value encountered in true_divide
  tmb = mut_var_count_by_cell/mut_total_reads_by_cell
/scratch/data/leah/phertilizer/src/branching_split.py:108: RuntimeWarning: invalid value encountered in true_divide
  tmb = mut_var_count_by_cell/mut_total_reads_by_cell
/scratch/data/leah/phertilizer/src/branching_split.py:108: RuntimeWarning: invalid value encountered in true_divide
  tmb = mut_var_count_by_cell/mut_total_reads_by_cell
/scratch/data/leah/phertilizer/src/branching_split.py:108: RuntimeWarning: invalid value encountered in true_divide
  tmb = mut_var_count_by_cell/mut_total_reads_by_cell
/scratch/data/leah/phertilizer/src/linear_split.py:251: RuntimeWarning: invalid value encountered in true_divide
  tmb = mb_mut_count/mb_tot_count
INFO:root:Mb Count a: 1.4748784440842788 Mb Count b: 2.6085626911314983
/scratch/data/leah/phertilizer/src/linear_split.py:251: RuntimeWarning: invalid value encountered in true_divide
  tmb = mb_mut_count/mb_tot_count
INFO:root:Mb Count a: 0.019448946515397084 Mb Count b: 2.6111839231105285
/scratch/data/leah/phertilizer/src/linear_split.py:251: RuntimeWarning: invalid value encountered in true_divide
  tmb = mb_mut_count/mb_tot_count
INFO:root:Mb Count a: 1.5186385737439223 Mb Count b: 2.6199213630406293
/scratch/data/leah/phertilizer/src/linear_split.py:251: RuntimeWarning: invalid value encountered in true_divide
  tmb = mb_mut_count/mb_tot_count
INFO:root:Mb Count a: 0.019448946515397084 Mb Count b: 2.6111839231105285
/scratch/data/leah/phertilizer/src/linear_split.py:251: RuntimeWarning: invalid value encountered in true_divide
  tmb = mb_mut_count/mb_tot_count
INFO:root:Mb Count a: 1.5429497568881685 Mb Count b: 2.6784622105723024
/scratch/data/leah/phertilizer/src/linear_split.py:251: RuntimeWarning: invalid value encountered in true_divide
  tmb = mb_mut_count/mb_tot_count
INFO:root:Mb Count a: 0.019448946515397084 Mb Count b: 2.6111839231105285
/scratch/data/leah/phertilizer/src/branching_split.py:108: RuntimeWarning: invalid value encountered in true_divide
  tmb = mut_var_count_by_cell/mut_total_reads_by_cell
/scratch/data/leah/phertilizer/src/branching_split.py:108: RuntimeWarning: invalid value encountered in true_divide
  tmb = mut_var_count_by_cell/mut_total_reads_by_cell
/scratch/data/leah/phertilizer/src/branching_split.py:108: RuntimeWarning: invalid value encountered in true_divide
  tmb = mut_var_count_by_cell/mut_total_reads_by_cell
/scratch/data/leah/phertilizer/src/branching_split.py:108: RuntimeWarning: invalid value encountered in true_divide
  tmb = mut_var_count_by_cell/mut_total_reads_by_cell
/scratch/data/leah/phertilizer/src/linear_split.py:251: RuntimeWarning: invalid value encountered in true_divide
  tmb = mb_mut_count/mb_tot_count
INFO:root:Mb Count a: 0.6446104589114194 Mb Count b: 1.5502958579881656
/scratch/data/leah/phertilizer/src/linear_split.py:251: RuntimeWarning: invalid value encountered in true_divide
  tmb = mb_mut_count/mb_tot_count
INFO:root:Mb Count a: 0.0096051227321238 Mb Count b: 1.7914201183431953
/scratch/data/leah/phertilizer/src/linear_split.py:251: RuntimeWarning: invalid value encountered in true_divide
  tmb = mb_mut_count/mb_tot_count
INFO:root:Mb Count a: 0.5581643543223053 Mb Count b: 1.4918639053254439
/scratch/data/leah/phertilizer/src/linear_split.py:251: RuntimeWarning: invalid value encountered in true_divide
  tmb = mb_mut_count/mb_tot_count
INFO:root:Mb Count a: 0.0096051227321238 Mb Count b: 1.7914201183431953
/scratch/data/leah/phertilizer/src/linear_split.py:251: RuntimeWarning: invalid value encountered in true_divide
  tmb = mb_mut_count/mb_tot_count
INFO:root:Mb Count a: 0.6179295624332978 Mb Count b: 1.532544378698225
/scratch/data/leah/phertilizer/src/linear_split.py:251: RuntimeWarning: invalid value encountered in true_divide
  tmb = mb_mut_count/mb_tot_count
INFO:root:Mb Count a: 0.0096051227321238 Mb Count b: 1.7914201183431953
/scratch/data/leah/phertilizer/src/linear_split.py:107: RuntimeWarning: invalid value encountered in true_divide
  vaf = binary_counts/binary_tcounts
/scratch/data/leah/phertilizer/src/linear_split.py:251: RuntimeWarning: invalid value encountered in true_divide
  tmb = mb_mut_count/mb_tot_count
INFO:root:Mb Count a: 0.0 Mb Count b: 1.3622920517560073
/scratch/data/leah/phertilizer/src/linear_split.py:251: RuntimeWarning: invalid value encountered in true_divide
  tmb = mb_mut_count/mb_tot_count
INFO:root:Mb Count a: 0.0 Mb Count b: 1.444672131147541
/scratch/data/leah/phertilizer/src/linear_split.py:251: RuntimeWarning: invalid value encountered in true_divide
  tmb = mb_mut_count/mb_tot_count
INFO:root:Mb Count a: 0.0 Mb Count b: 1.444672131147541
/scratch/data/leah/phertilizer/src/linear_split.py:107: RuntimeWarning: invalid value encountered in true_divide
  vaf = binary_counts/binary_tcounts
/scratch/data/leah/phertilizer/src/linear_split.py:251: RuntimeWarning: invalid value encountered in true_divide
  tmb = mb_mut_count/mb_tot_count
INFO:root:Mb Count a: 0.7921787709497207 Mb Count b: 1.5714285714285714
/scratch/data/leah/phertilizer/src/linear_split.py:251: RuntimeWarning: invalid value encountered in true_divide
  tmb = mb_mut_count/mb_tot_count
INFO:root:Mb Count a: 0.0 Mb Count b: 1.0
/scratch/data/leah/phertilizer/src/linear_split.py:251: RuntimeWarning: invalid value encountered in true_divide
  tmb = mb_mut_count/mb_tot_count
INFO:root:Mb Count a: 0.0 Mb Count b: 1.1363636363636365
/scratch/data/leah/phertilizer/src/linear_split.py:251: RuntimeWarning: invalid value encountered in true_divide
  tmb = mb_mut_count/mb_tot_count
INFO:root:Mb Count a: 0.0 Mb Count b: 1.1363636363636365
/scratch/data/leah/phertilizer/src/linear_split.py:107: RuntimeWarning: invalid value encountered in true_divide
  vaf = binary_counts/binary_tcounts
/scratch/data/leah/phertilizer/src/linear_split.py:251: RuntimeWarning: invalid value encountered in true_divide
  tmb = mb_mut_count/mb_tot_count
INFO:root:Mb Count a: 0.0 Mb Count b: 1.3501006036217305
/scratch/data/leah/phertilizer/src/linear_split.py:251: RuntimeWarning: invalid value encountered in true_divide
  tmb = mb_mut_count/mb_tot_count
INFO:root:Mb Count a: 0.0 Mb Count b: 1.422907488986784
/scratch/data/leah/phertilizer/src/linear_split.py:251: RuntimeWarning: invalid value encountered in true_divide
  tmb = mb_mut_count/mb_tot_count
INFO:root:Mb Count a: 0.0 Mb Count b: 1.422907488986784
/scratch/data/leah/phertilizer/src/branching_split.py:108: RuntimeWarning: invalid value encountered in true_divide
  tmb = mut_var_count_by_cell/mut_total_reads_by_cell
/scratch/data/leah/phertilizer/src/branching_split.py:108: RuntimeWarning: invalid value encountered in true_divide
  tmb = mut_var_count_by_cell/mut_total_reads_by_cell
/scratch/data/leah/phertilizer/src/branching_split.py:108: RuntimeWarning: invalid value encountered in true_divide
  tmb = mut_var_count_by_cell/mut_total_reads_by_cell
/scratch/data/leah/phertilizer/src/branching_split.py:108: RuntimeWarning: invalid value encountered in true_divide
  tmb = mut_var_count_by_cell/mut_total_reads_by_cell
/scratch/data/leah/phertilizer/src/linear_split.py:251: RuntimeWarning: invalid value encountered in true_divide
  tmb = mb_mut_count/mb_tot_count
INFO:root:Mb Count a: 0.791889007470651 Mb Count b: 1.7263313609467457
/scratch/data/leah/phertilizer/src/linear_split.py:251: RuntimeWarning: invalid value encountered in true_divide
  tmb = mb_mut_count/mb_tot_count
INFO:root:Mb Count a: 0.012806830309498399 Mb Count b: 1.8002958579881656
/scratch/data/leah/phertilizer/src/linear_split.py:251: RuntimeWarning: invalid value encountered in true_divide
  tmb = mb_mut_count/mb_tot_count
INFO:root:Mb Count a: 0.7545357524012807 Mb Count b: 1.7640532544378698
/scratch/data/leah/phertilizer/src/linear_split.py:251: RuntimeWarning: invalid value encountered in true_divide
  tmb = mb_mut_count/mb_tot_count
INFO:root:Mb Count a: 0.012806830309498399 Mb Count b: 1.8002958579881656
/scratch/data/leah/phertilizer/src/linear_split.py:251: RuntimeWarning: invalid value encountered in true_divide
  tmb = mb_mut_count/mb_tot_count
INFO:root:Mb Count a: 0.727854855923159 Mb Count b: 1.732248520710059
/scratch/data/leah/phertilizer/src/linear_split.py:251: RuntimeWarning: invalid value encountered in true_divide
  tmb = mb_mut_count/mb_tot_count
INFO:root:Mb Count a: 0.012806830309498399 Mb Count b: 1.8002958579881656
/scratch/data/leah/phertilizer/src/linear_split.py:107: RuntimeWarning: invalid value encountered in true_divide
  vaf = binary_counts/binary_tcounts
/scratch/data/leah/phertilizer/src/linear_split.py:251: RuntimeWarning: invalid value encountered in true_divide
  tmb = mb_mut_count/mb_tot_count
INFO:root:Mb Count a: 0.0 Mb Count b: 1.5337726523887973
/scratch/data/leah/phertilizer/src/linear_split.py:251: RuntimeWarning: invalid value encountered in true_divide
  tmb = mb_mut_count/mb_tot_count
INFO:root:Mb Count a: 0.0 Mb Count b: 1.5583941605839415
/scratch/data/leah/phertilizer/src/linear_split.py:251: RuntimeWarning: invalid value encountered in true_divide
  tmb = mb_mut_count/mb_tot_count
INFO:root:Mb Count a: 0.0 Mb Count b: 1.5774134790528234
/scratch/data/leah/phertilizer/src/linear_split.py:251: RuntimeWarning: invalid value encountered in true_divide
  tmb = mb_mut_count/mb_tot_count
INFO:root:Mb Count a: 0.0 Mb Count b: 1.5774134790528234
/scratch/data/leah/phertilizer/src/linear_split.py:107: RuntimeWarning: invalid value encountered in true_divide
  vaf = binary_counts/binary_tcounts
/scratch/data/leah/phertilizer/src/linear_split.py:251: RuntimeWarning: invalid value encountered in true_divide
  tmb = mb_mut_count/mb_tot_count
INFO:root:Mb Count a: 0.0 Mb Count b: 1.4727592267135325
/scratch/data/leah/phertilizer/src/linear_split.py:251: RuntimeWarning: invalid value encountered in true_divide
  tmb = mb_mut_count/mb_tot_count
INFO:root:Mb Count a: 0.0 Mb Count b: 1.5431372549019609
/scratch/data/leah/phertilizer/src/linear_split.py:251: RuntimeWarning: invalid value encountered in true_divide
  tmb = mb_mut_count/mb_tot_count
INFO:root:Mb Count a: 0.0 Mb Count b: 1.5518590998043054
/scratch/data/leah/phertilizer/src/linear_split.py:251: RuntimeWarning: invalid value encountered in true_divide
  tmb = mb_mut_count/mb_tot_count
INFO:root:Mb Count a: 0.0 Mb Count b: 1.5518590998043054
/scratch/data/leah/phertilizer/src/linear_split.py:107: RuntimeWarning: invalid value encountered in true_divide
  vaf = binary_counts/binary_tcounts
/scratch/data/leah/phertilizer/src/linear_split.py:251: RuntimeWarning: invalid value encountered in true_divide
  tmb = mb_mut_count/mb_tot_count
INFO:root:Mb Count a: 0.0 Mb Count b: 1.5757575757575757
/scratch/data/leah/phertilizer/src/linear_split.py:251: RuntimeWarning: invalid value encountered in true_divide
  tmb = mb_mut_count/mb_tot_count
INFO:root:Mb Count a: 0.0 Mb Count b: 1.6206896551724137
/scratch/data/leah/phertilizer/src/linear_split.py:251: RuntimeWarning: invalid value encountered in true_divide
  tmb = mb_mut_count/mb_tot_count
INFO:root:Mb Count a: 0.0 Mb Count b: 1.635379061371841
/scratch/data/leah/phertilizer/src/linear_split.py:251: RuntimeWarning: invalid value encountered in true_divide
  tmb = mb_mut_count/mb_tot_count
INFO:root:Mb Count a: 0.0 Mb Count b: 1.635379061371841
/scratch/data/leah/phertilizer/src/branching_split.py:108: RuntimeWarning: invalid value encountered in true_divide
  tmb = mut_var_count_by_cell/mut_total_reads_by_cell
/scratch/data/leah/phertilizer/src/branching_split.py:108: RuntimeWarning: invalid value encountered in true_divide
  tmb = mut_var_count_by_cell/mut_total_reads_by_cell
/scratch/data/leah/phertilizer/src/branching_split.py:108: RuntimeWarning: invalid value encountered in true_divide
  tmb = mut_var_count_by_cell/mut_total_reads_by_cell
/scratch/data/leah/phertilizer/src/branching_split.py:108: RuntimeWarning: invalid value encountered in true_divide
  tmb = mut_var_count_by_cell/mut_total_reads_by_cell
/scratch/data/leah/phertilizer/src/linear_split.py:251: RuntimeWarning: invalid value encountered in true_divide
  tmb = mb_mut_count/mb_tot_count
INFO:root:Mb Count a: 1.2572038420490927 Mb Count b: 2.394230769230769
/scratch/data/leah/phertilizer/src/linear_split.py:251: RuntimeWarning: invalid value encountered in true_divide
  tmb = mb_mut_count/mb_tot_count
INFO:root:Mb Count a: 0.044823906083244394 Mb Count b: 1.9260355029585798
/scratch/data/leah/phertilizer/src/linear_split.py:251: RuntimeWarning: invalid value encountered in true_divide
  tmb = mb_mut_count/mb_tot_count
INFO:root:Mb Count a: 1.2988260405549628 Mb Count b: 2.276627218934911
/scratch/data/leah/phertilizer/src/linear_split.py:251: RuntimeWarning: invalid value encountered in true_divide
  tmb = mb_mut_count/mb_tot_count
INFO:root:Mb Count a: 0.044823906083244394 Mb Count b: 1.9260355029585798
/scratch/data/leah/phertilizer/src/linear_split.py:251: RuntimeWarning: invalid value encountered in true_divide
  tmb = mb_mut_count/mb_tot_count
INFO:root:Mb Count a: 1.24119530416222 Mb Count b: 2.2958579881656807
/scratch/data/leah/phertilizer/src/linear_split.py:251: RuntimeWarning: invalid value encountered in true_divide
  tmb = mb_mut_count/mb_tot_count
INFO:root:Mb Count a: 0.044823906083244394 Mb Count b: 1.9260355029585798
/scratch/data/leah/phertilizer/src/linear_split.py:107: RuntimeWarning: invalid value encountered in true_divide
  vaf = binary_counts/binary_tcounts
/scratch/data/leah/phertilizer/src/linear_split.py:251: RuntimeWarning: invalid value encountered in true_divide
  tmb = mb_mut_count/mb_tot_count
INFO:root:Mb Count a: 1.2319444444444445 Mb Count b: 2.783410138248848
/scratch/data/leah/phertilizer/src/linear_split.py:251: RuntimeWarning: invalid value encountered in true_divide
  tmb = mb_mut_count/mb_tot_count
INFO:root:Mb Count a: 0.10247747747747747 Mb Count b: 1.346938775510204
/scratch/data/leah/phertilizer/src/linear_split.py:251: RuntimeWarning: invalid value encountered in true_divide
  tmb = mb_mut_count/mb_tot_count
INFO:root:Mb Count a: 0.052106430155210645 Mb Count b: 1.3142857142857143
/scratch/data/leah/phertilizer/src/linear_split.py:251: RuntimeWarning: invalid value encountered in true_divide
  tmb = mb_mut_count/mb_tot_count
INFO:root:Mb Count a: 0.049778761061946904 Mb Count b: 1.3333333333333333
/scratch/data/leah/phertilizer/src/linear_split.py:251: RuntimeWarning: invalid value encountered in true_divide
  tmb = mb_mut_count/mb_tot_count
INFO:root:Mb Count a: 0.049778761061946904 Mb Count b: 1.3333333333333333
/scratch/data/leah/phertilizer/src/linear_split.py:107: RuntimeWarning: invalid value encountered in true_divide
  vaf = binary_counts/binary_tcounts
/scratch/data/leah/phertilizer/src/linear_split.py:251: RuntimeWarning: invalid value encountered in true_divide
  tmb = mb_mut_count/mb_tot_count
INFO:root:Mb Count a: 0.9126984126984127 Mb Count b: 2.556581986143187
/scratch/data/leah/phertilizer/src/linear_split.py:251: RuntimeWarning: invalid value encountered in true_divide
  tmb = mb_mut_count/mb_tot_count
INFO:root:Mb Count a: 0.25696969696969696 Mb Count b: 1.7321428571428572
/scratch/data/leah/phertilizer/src/linear_split.py:251: RuntimeWarning: invalid value encountered in true_divide
  tmb = mb_mut_count/mb_tot_count
INFO:root:Mb Count a: 0.0 Mb Count b: 1.1531531531531531
/scratch/data/leah/phertilizer/src/linear_split.py:251: RuntimeWarning: invalid value encountered in true_divide
  tmb = mb_mut_count/mb_tot_count
INFO:root:Mb Count a: 0.0 Mb Count b: 1.2105263157894737
/scratch/data/leah/phertilizer/src/linear_split.py:251: RuntimeWarning: invalid value encountered in true_divide
  tmb = mb_mut_count/mb_tot_count
INFO:root:Mb Count a: 0.0 Mb Count b: 1.2105263157894737
/scratch/data/leah/phertilizer/src/linear_split.py:107: RuntimeWarning: invalid value encountered in true_divide
  vaf = binary_counts/binary_tcounts
/scratch/data/leah/phertilizer/src/linear_split.py:251: RuntimeWarning: invalid value encountered in true_divide
  tmb = mb_mut_count/mb_tot_count
INFO:root:Mb Count a: 1.158132530120482 Mb Count b: 2.5164835164835164
/scratch/data/leah/phertilizer/src/linear_split.py:251: RuntimeWarning: invalid value encountered in true_divide
  tmb = mb_mut_count/mb_tot_count
INFO:root:Mb Count a: 0.0 Mb Count b: 1.1646341463414633
/scratch/data/leah/phertilizer/src/linear_split.py:251: RuntimeWarning: invalid value encountered in true_divide
  tmb = mb_mut_count/mb_tot_count
INFO:root:Mb Count a: 0.0 Mb Count b: 1.223463687150838
/scratch/data/leah/phertilizer/src/linear_split.py:251: RuntimeWarning: invalid value encountered in true_divide
  tmb = mb_mut_count/mb_tot_count
INFO:root:Mb Count a: 0.09808612440191387 Mb Count b: 1.3663366336633664
/scratch/data/leah/phertilizer/src/linear_split.py:251: RuntimeWarning: invalid value encountered in true_divide
  tmb = mb_mut_count/mb_tot_count
INFO:root:Mb Count a: 0.05238649592549476 Mb Count b: 1.3205128205128205
/scratch/data/leah/phertilizer/src/linear_split.py:251: RuntimeWarning: invalid value encountered in true_divide
  tmb = mb_mut_count/mb_tot_count
INFO:root:Mb Count a: 0.046511627906976744 Mb Count b: 1.3246753246753247
/scratch/data/leah/phertilizer/src/linear_split.py:251: RuntimeWarning: invalid value encountered in true_divide
  tmb = mb_mut_count/mb_tot_count
INFO:root:Mb Count a: 0.04645760743321719 Mb Count b: 1.3157894736842106
/scratch/data/leah/phertilizer/src/linear_split.py:251: RuntimeWarning: invalid value encountered in true_divide
  tmb = mb_mut_count/mb_tot_count
INFO:root:Mb Count a: 0.042923433874709975 Mb Count b: 1.32
/scratch/data/leah/phertilizer/src/linear_split.py:251: RuntimeWarning: invalid value encountered in true_divide
  tmb = mb_mut_count/mb_tot_count
INFO:root:Mb Count a: 0.042923433874709975 Mb Count b: 1.32
