INFO:root:Mb Count a: 1.9536585365853658 Mb Count b: 6.134328358208955
INFO:root:Mb Count a: 1.446341463414634 Mb Count b: 9.203980099502488
INFO:root:Mb Count a: 2.0121951219512195 Mb Count b: 5.855721393034826
INFO:root:Mb Count a: 1.446341463414634 Mb Count b: 9.203980099502488
INFO:root:Mb Count a: 1.9528455284552846 Mb Count b: 5.930348258706467
INFO:root:Mb Count a: 1.446341463414634 Mb Count b: 9.203980099502488
INFO:root:Mb Count a: 0.5962877030162413 Mb Count b: 3.3260869565217392
INFO:root:Mb Count a: 1.3016488845780796 Mb Count b: 9.944723618090451
INFO:root:Mb Count a: 0.4965197215777262 Mb Count b: 6.154891304347826
INFO:root:Mb Count a: 1.3016488845780796 Mb Count b: 9.944723618090451
INFO:root:Mb Count a: 0.4965197215777262 Mb Count b: 6.154891304347826
INFO:root:Mb Count a: 1.3016488845780796 Mb Count b: 9.944723618090451
INFO:root:Mb Count a: 0.4965197215777262 Mb Count b: 6.154891304347826
INFO:root:Mb Count a: 1.3016488845780796 Mb Count b: 9.944723618090451
INFO:root:Mb Count a: 0.4965197215777262 Mb Count b: 6.154891304347826
INFO:root:Mb Count a: 1.3016488845780796 Mb Count b: 9.944723618090451
INFO:root:Mb Count a: 0.9146459747817652 Mb Count b: 4.055276381909548
INFO:root:Mb Count a: 0.4965197215777262 Mb Count b: 6.154891304347826
INFO:root:Mb Count a: 1.3016488845780796 Mb Count b: 9.944723618090451
INFO:root:Mb Count a: 0.4965197215777262 Mb Count b: 6.154891304347826
INFO:root:Mb Count a: 1.3016488845780796 Mb Count b: 9.944723618090451
INFO:root:Mb Count a: 0.4965197215777262 Mb Count b: 6.154891304347826
INFO:root:Mb Count a: 1.3016488845780796 Mb Count b: 9.944723618090451
INFO:root:Mb Count a: 0.4965197215777262 Mb Count b: 6.154891304347826
INFO:root:Mb Count a: 1.3016488845780796 Mb Count b: 9.944723618090451
INFO:root:Mb Count a: 0.4965197215777262 Mb Count b: 6.154891304347826
INFO:root:Mb Count a: 0.6774941995359629 Mb Count b: 3.25
INFO:root:Mb Count a: 1.3016488845780796 Mb Count b: 9.944723618090451
INFO:root:Mb Count a: 0.4965197215777262 Mb Count b: 6.154891304347826
INFO:root:Mb Count a: 1.3016488845780796 Mb Count b: 9.944723618090451
INFO:root:Mb Count a: 0.4965197215777262 Mb Count b: 6.154891304347826
INFO:root:Mb Count a: 1.3016488845780796 Mb Count b: 9.944723618090451
INFO:root:Mb Count a: 0.4965197215777262 Mb Count b: 6.154891304347826
INFO:root:Mb Count a: 1.3016488845780796 Mb Count b: 9.944723618090451
INFO:root:Mb Count a: 0.4965197215777262 Mb Count b: 6.154891304347826
INFO:root:Mb Count a: 1.3016488845780796 Mb Count b: 9.944723618090451
INFO:root:Mb Count a: 2.0308988764044944 Mb Count b: 5.286666666666667
INFO:root:Mb Count a: 0.5240384615384616 Mb Count b: 7.2
INFO:root:Mb Count a: 0.3037667071688943 Mb Count b: 6.410256410256411
INFO:root:Mb Count a: 0.3280871670702179 Mb Count b: 7.166666666666667
INFO:root:Mb Count a: 0.324455205811138 Mb Count b: 7.166666666666667
INFO:root:Mb Count a: 1.2830957230142566 Mb Count b: 3.9460916442048517
INFO:root:Mb Count a: 0.7319201995012469 Mb Count b: 7.5
INFO:root:Mb Count a: 0.2848258706467662 Mb Count b: 6.637931034482759
INFO:root:Mb Count a: 0.3210332103321033 Mb Count b: 6.979591836734694
INFO:root:Mb Count a: 0.2959309494451295 Mb Count b: 6.862745098039215
INFO:root:Mb Count a: 0.2959309494451295 Mb Count b: 6.862745098039215
INFO:root:Mb Count a: 1.294820717131474 Mb Count b: 3.9972222222222222
INFO:root:Mb Count a: 0.6699629171817059 Mb Count b: 7.754716981132075
INFO:root:Mb Count a: 0.2941903584672435 Mb Count b: 6.7924528301886795
INFO:root:Mb Count a: 0.29171817058096416 Mb Count b: 6.7924528301886795
INFO:root:Mb Count a: 0.9970414201183432 Mb Count b: 3.266384778012685
INFO:root:Mb Count a: 0.34602649006622516 Mb Count b: 3.6666666666666665
INFO:root:Mb Count a: 0.11764705882352941 Mb Count b: 3.8931297709923665
INFO:root:Mb Count a: 0.25333333333333335 Mb Count b: 5.311475409836065
INFO:root:Mb Count a: 0.11725067385444744 Mb Count b: 4.681159420289855
INFO:root:Mb Count a: 0.11320754716981132 Mb Count b: 4.6521739130434785
INFO:root:Mb Count a: 1.4670231729055259 Mb Count b: 3.888
INFO:root:Mb Count a: 0.1696551724137931 Mb Count b: 4.127906976744186
INFO:root:Mb Count a: 0.21710526315789475 Mb Count b: 5.0588235294117645
INFO:root:Mb Count a: 0.16205533596837945 Mb Count b: 4.865384615384615
INFO:root:Mb Count a: 0.15678524374176547 Mb Count b: 4.846153846153846
INFO:root:Mb Count a: 1.5664451827242525 Mb Count b: 4.162679425837321
INFO:root:Mb Count a: 0.11731843575418995 Mb Count b: 3.6315789473684212
INFO:root:Mb Count a: 0.24178712220762155 Mb Count b: 5.18
INFO:root:Mb Count a: 0.1793193717277487 Mb Count b: 5.0
INFO:root:Mb Count a: 0.1616294349540079 Mb Count b: 4.86
INFO:root:Mb Count a: 0.1616294349540079 Mb Count b: 4.86
/scratch/data/leah/phertilizer/src/linear_split.py:107: RuntimeWarning: invalid value encountered in true_divide
  vaf = binary_counts/binary_tcounts
INFO:root:Mb Count a: 0.801948051948052 Mb Count b: 2.929046563192905
INFO:root:Mb Count a: 0.4861788617886179 Mb Count b: 3.3333333333333335
INFO:root:Mb Count a: 0.1878453038674033 Mb Count b: 3.914285714285714
INFO:root:Mb Count a: 0.059722222222222225 Mb Count b: 3.4615384615384617
INFO:root:Mb Count a: 0.059722222222222225 Mb Count b: 3.5384615384615383
/scratch/data/leah/phertilizer/src/linear_split.py:107: RuntimeWarning: invalid value encountered in true_divide
  vaf = binary_counts/binary_tcounts
INFO:root:Mb Count a: 0.8025889967637541 Mb Count b: 2.9
INFO:root:Mb Count a: 0.38898163606010017 Mb Count b: 2.975
INFO:root:Mb Count a: 0.07680945347119646 Mb Count b: 2.8780487804878048
INFO:root:Mb Count a: 0.1487603305785124 Mb Count b: 3.878787878787879
INFO:root:Mb Count a: 0.11700680272108843 Mb Count b: 3.875
INFO:root:Mb Count a: 0.11231393775372124 Mb Count b: 3.95
INFO:root:Mb Count a: 0.1043360433604336 Mb Count b: 3.9047619047619047
INFO:root:Mb Count a: 0.1043360433604336 Mb Count b: 3.9047619047619047
/scratch/data/leah/phertilizer/src/linear_split.py:107: RuntimeWarning: invalid value encountered in true_divide
  vaf = binary_counts/binary_tcounts
INFO:root:Mb Count a: 0.8254437869822485 Mb Count b: 2.821852731591449
INFO:root:Mb Count a: 0.2508896797153025 Mb Count b: 2.766497461928934
INFO:root:Mb Count a: 0.20923520923520925 Mb Count b: 3.303030303030303
INFO:root:Mb Count a: 0.12551724137931033 Mb Count b: 3.7058823529411766
INFO:root:Mb Count a: 0.08653846153846154 Mb Count b: 3.774193548387097
INFO:root:Mb Count a: 0.08367626886145405 Mb Count b: 3.7666666666666666
INFO:root:Mb Count a: 0.0942622950819672 Mb Count b: 3.814814814814815
INFO:root:Mb Count a: 0.09673024523160763 Mb Count b: 3.84
INFO:root:Mb Count a: 0.09536784741144415 Mb Count b: 3.84
/scratch/data/leah/phertilizer/src/linear_split.py:107: RuntimeWarning: invalid value encountered in true_divide
  vaf = binary_counts/binary_tcounts
INFO:root:Mb Count a: 1.342323651452282 Mb Count b: 3.407563025210084
INFO:root:Mb Count a: 0.0 Mb Count b: 1.5384615384615385
INFO:root:Mb Count a: 0.12957317073170732 Mb Count b: 2.4375
INFO:root:Mb Count a: 0.061046511627906974 Mb Count b: 2.5
INFO:root:Mb Count a: 0.0 Mb Count b: 1.7307692307692308
INFO:root:Mb Count a: 0.04190751445086705 Mb Count b: 2.5
INFO:root:Mb Count a: 0.024495677233429394 Mb Count b: 2.4615384615384617
INFO:root:Mb Count a: 0.021613832853025938 Mb Count b: 2.423076923076923
/scratch/data/leah/phertilizer/src/linear_split.py:107: RuntimeWarning: invalid value encountered in true_divide
  vaf = binary_counts/binary_tcounts
INFO:root:Mb Count a: 0.8742331288343558 Mb Count b: 2.918781725888325
INFO:root:Mb Count a: 0.27972027972027974 Mb Count b: 2.4054054054054053
INFO:root:Mb Count a: 0.12125748502994012 Mb Count b: 2.3846153846153846
INFO:root:Mb Count a: 0.046176046176046176 Mb Count b: 2.5925925925925926
INFO:root:Mb Count a: 0.059322033898305086 Mb Count b: 3.0833333333333335
INFO:root:Mb Count a: 0.04090267983074753 Mb Count b: 2.909090909090909
INFO:root:Mb Count a: 0.03526093088857546 Mb Count b: 2.909090909090909
/scratch/data/leah/phertilizer/src/linear_split.py:107: RuntimeWarning: invalid value encountered in true_divide
  vaf = binary_counts/binary_tcounts
INFO:root:Mb Count a: 1.0638297872340425 Mb Count b: 3.066860465116279
INFO:root:Mb Count a: 0.0 Mb Count b: 1.644736842105263
INFO:root:Mb Count a: 0.21300813008130082 Mb Count b: 2.4761904761904763
INFO:root:Mb Count a: 0.075 Mb Count b: 2.35
INFO:root:Mb Count a: 0.031791907514450865 Mb Count b: 2.357142857142857
INFO:root:Mb Count a: 0.023088023088023088 Mb Count b: 2.3703703703703702
INFO:root:Mb Count a: 0.023088023088023088 Mb Count b: 2.3703703703703702
/scratch/data/leah/phertilizer/src/linear_split.py:107: RuntimeWarning: invalid value encountered in true_divide
  vaf = binary_counts/binary_tcounts
INFO:root:Mb Count a: 0.7540983606557377 Mb Count b: 2.6760925449871467
INFO:root:Mb Count a: 0.0 Mb Count b: 1.7682539682539682
INFO:root:Mb Count a: 0.25149700598802394 Mb Count b: 2.316062176165803
INFO:root:Mb Count a: 0.0 Mb Count b: 1.539877300613497
INFO:root:Mb Count a: 0.13278688524590163 Mb Count b: 2.0952380952380953
INFO:root:Mb Count a: 0.09365558912386707 Mb Count b: 2.15625
INFO:root:Mb Count a: 0.04398826979472141 Mb Count b: 2.1666666666666665
INFO:root:Mb Count a: 0.0 Mb Count b: 1.2
INFO:root:Mb Count a: 0.0 Mb Count b: 1.2
/scratch/data/leah/phertilizer/src/linear_split.py:107: RuntimeWarning: invalid value encountered in true_divide
  vaf = binary_counts/binary_tcounts
INFO:root:Mb Count a: 1.05 Mb Count b: 3.07185628742515
INFO:root:Mb Count a: 0.0 Mb Count b: 1.5847457627118644
INFO:root:Mb Count a: 0.0 Mb Count b: 1.606694560669456
INFO:root:Mb Count a: 0.0 Mb Count b: 1.6317991631799162
/scratch/data/leah/phertilizer/src/linear_split.py:107: RuntimeWarning: invalid value encountered in true_divide
  vaf = binary_counts/binary_tcounts
INFO:root:Mb Count a: 1.7225225225225225 Mb Count b: 3.949640287769784
INFO:root:Mb Count a: 0.0838235294117647 Mb Count b: 2.0
INFO:root:Mb Count a: 0.0 Mb Count b: 1.1666666666666667
INFO:root:Mb Count a: 0.0 Mb Count b: 1.1666666666666667
/scratch/data/leah/phertilizer/src/linear_split.py:107: RuntimeWarning: invalid value encountered in true_divide
  vaf = binary_counts/binary_tcounts
INFO:root:Mb Count a: 0.8928571428571429 Mb Count b: 2.7922437673130194
INFO:root:Mb Count a: 0.0 Mb Count b: 1.7024221453287198
INFO:root:Mb Count a: 0.0 Mb Count b: 1.7216494845360826
INFO:root:Mb Count a: 0.30711610486891383 Mb Count b: 2.5037037037037035
INFO:root:Mb Count a: 0.12006319115323855 Mb Count b: 2.5277777777777777
INFO:root:Mb Count a: 0.0 Mb Count b: 1.3714285714285714
INFO:root:Mb Count a: 0.0 Mb Count b: 1.4
/scratch/data/leah/phertilizer/src/linear_split.py:107: RuntimeWarning: invalid value encountered in true_divide
  vaf = binary_counts/binary_tcounts
INFO:root:Mb Count a: 0.9099378881987578 Mb Count b: 2.8270893371757926
INFO:root:Mb Count a: 0.0 Mb Count b: 1.5
INFO:root:Mb Count a: 0.26148409893992935 Mb Count b: 2.3300970873786406
INFO:root:Mb Count a: 0.0 Mb Count b: 1.3370786516853932
INFO:root:Mb Count a: 0.0 Mb Count b: 1.3370786516853932
/scratch/data/leah/phertilizer/src/linear_split.py:107: RuntimeWarning: invalid value encountered in true_divide
  vaf = binary_counts/binary_tcounts
INFO:root:Mb Count a: 1.2280701754385965 Mb Count b: 3.214814814814815
INFO:root:Mb Count a: 0.0 Mb Count b: 1.4076433121019107
INFO:root:Mb Count a: 0.16803953871499178 Mb Count b: 2.1774193548387095
INFO:root:Mb Count a: 0.061068702290076333 Mb Count b: 2.0
INFO:root:Mb Count a: 0.0 Mb Count b: 1.1428571428571428
INFO:root:Mb Count a: 0.0 Mb Count b: 1.1428571428571428
/scratch/data/leah/phertilizer/src/linear_split.py:107: RuntimeWarning: invalid value encountered in true_divide
  vaf = binary_counts/binary_tcounts
INFO:root:Mb Count a: 1.121761658031088 Mb Count b: 3.1152416356877324
INFO:root:Mb Count a: 0.0 Mb Count b: 1.4269662921348314
INFO:root:Mb Count a: 0.0 Mb Count b: 1.4357541899441342
INFO:root:Mb Count a: 0.0 Mb Count b: 1.4357541899441342
/scratch/data/leah/phertilizer/src/linear_split.py:107: RuntimeWarning: invalid value encountered in true_divide
  vaf = binary_counts/binary_tcounts
INFO:root:Mb Count a: 0.8815331010452961 Mb Count b: 2.9184782608695654
INFO:root:Mb Count a: 0.30994152046783624 Mb Count b: 2.408450704225352
INFO:root:Mb Count a: 0.0 Mb Count b: 1.3818181818181818
INFO:root:Mb Count a: 0.11563517915309446 Mb Count b: 2.0
INFO:root:Mb Count a: 0.0 Mb Count b: 1.303030303030303
INFO:root:Mb Count a: 0.0 Mb Count b: 1.3333333333333333
/scratch/data/leah/phertilizer/src/linear_split.py:107: RuntimeWarning: invalid value encountered in true_divide
  vaf = binary_counts/binary_tcounts
INFO:root:Mb Count a: 0.6892430278884463 Mb Count b: 2.6683168316831685
INFO:root:Mb Count a: 0.3104166666666667 Mb Count b: 2.297142857142857
INFO:root:Mb Count a: 0.0 Mb Count b: 1.4822695035460993
INFO:root:Mb Count a: 0.0 Mb Count b: 1.4929577464788732
INFO:root:Mb Count a: 0.0 Mb Count b: 1.4929577464788732
/scratch/data/leah/phertilizer/src/linear_split.py:107: RuntimeWarning: invalid value encountered in true_divide
  vaf = binary_counts/binary_tcounts
INFO:root:Mb Count a: 1.4553376906318083 Mb Count b: 3.226993865030675
INFO:root:Mb Count a: 0.0 Mb Count b: 1.1612903225806452
INFO:root:Mb Count a: 0.0 Mb Count b: 1.1746031746031746
INFO:root:Mb Count a: 0.0 Mb Count b: 1.1746031746031746
/scratch/data/leah/phertilizer/src/linear_split.py:107: RuntimeWarning: invalid value encountered in true_divide
  vaf = binary_counts/binary_tcounts
INFO:root:Mb Count a: 1.2386934673366834 Mb Count b: 3.1205357142857144
INFO:root:Mb Count a: 0.16234887737478412 Mb Count b: 2.0930232558139537
INFO:root:Mb Count a: 0.0 Mb Count b: 1.1935483870967742
INFO:root:Mb Count a: 0.0 Mb Count b: 1.1935483870967742
/scratch/data/leah/phertilizer/src/linear_split.py:107: RuntimeWarning: invalid value encountered in true_divide
  vaf = binary_counts/binary_tcounts
INFO:root:Mb Count a: 0.8969072164948454 Mb Count b: 2.7401812688821754
INFO:root:Mb Count a: 0.0 Mb Count b: 1.59765625
INFO:root:Mb Count a: 0.0 Mb Count b: 1.65234375
/scratch/data/leah/phertilizer/src/linear_split.py:107: RuntimeWarning: invalid value encountered in true_divide
  vaf = binary_counts/binary_tcounts
INFO:root:Mb Count a: 0.9333333333333333 Mb Count b: 2.8902439024390243
INFO:root:Mb Count a: 0.17227722772277226 Mb Count b: 2.011627906976744
INFO:root:Mb Count a: 0.06993006993006994 Mb Count b: 1.894736842105263
INFO:root:Mb Count a: 0.0 Mb Count b: 1.6153846153846154
INFO:root:Mb Count a: 0.0 Mb Count b: 1.6153846153846154
/scratch/data/leah/phertilizer/src/linear_split.py:107: RuntimeWarning: invalid value encountered in true_divide
  vaf = binary_counts/binary_tcounts
INFO:root:Mb Count a: 0.771689497716895 Mb Count b: 2.7903225806451615
INFO:root:Mb Count a: 0.0 Mb Count b: 1.6933797909407666
INFO:root:Mb Count a: 0.0 Mb Count b: 1.7770034843205575
/scratch/data/leah/phertilizer/src/linear_split.py:107: RuntimeWarning: invalid value encountered in true_divide
  vaf = binary_counts/binary_tcounts
INFO:root:Mb Count a: 1.2815533980582525 Mb Count b: 3.357541899441341
INFO:root:Mb Count a: 0.14464285714285716 Mb Count b: 2.161290322580645
INFO:root:Mb Count a: 0.0 Mb Count b: 1.206896551724138
INFO:root:Mb Count a: 0.0 Mb Count b: 1.2413793103448276
/scratch/data/leah/phertilizer/src/linear_split.py:107: RuntimeWarning: invalid value encountered in true_divide
  vaf = binary_counts/binary_tcounts
INFO:root:Mb Count a: 1.2804878048780488 Mb Count b: 3.1785714285714284
INFO:root:Mb Count a: 0.0 Mb Count b: 1.2376237623762376
INFO:root:Mb Count a: 0.0 Mb Count b: 1.2376237623762376
/scratch/data/leah/phertilizer/src/linear_split.py:107: RuntimeWarning: invalid value encountered in true_divide
  vaf = binary_counts/binary_tcounts
INFO:root:Mb Count a: 0.7955390334572491 Mb Count b: 2.6828478964401294
INFO:root:Mb Count a: 0.0 Mb Count b: 1.5418502202643172
INFO:root:Mb Count a: 0.0 Mb Count b: 1.618421052631579
INFO:root:Mb Count a: 0.0 Mb Count b: 1.618421052631579
/scratch/data/leah/phertilizer/src/linear_split.py:107: RuntimeWarning: invalid value encountered in true_divide
  vaf = binary_counts/binary_tcounts
INFO:root:Mb Count a: 0.8934707903780069 Mb Count b: 2.745644599303136
INFO:root:Mb Count a: 0.22033898305084745 Mb Count b: 2.1320754716981134
INFO:root:Mb Count a: 0.10642201834862386 Mb Count b: 2.0606060606060606
INFO:root:Mb Count a: 0.0 Mb Count b: 1.28
INFO:root:Mb Count a: 0.0 Mb Count b: 1.28
/scratch/data/leah/phertilizer/src/linear_split.py:107: RuntimeWarning: invalid value encountered in true_divide
  vaf = binary_counts/binary_tcounts
INFO:root:Mb Count a: 0.7863247863247863 Mb Count b: 2.626959247648903
INFO:root:Mb Count a: 0.0 Mb Count b: 1.5686274509803921
INFO:root:Mb Count a: 0.0 Mb Count b: 1.6274509803921569
/scratch/data/leah/phertilizer/src/linear_split.py:107: RuntimeWarning: invalid value encountered in true_divide
  vaf = binary_counts/binary_tcounts
INFO:root:Mb Count a: 0.9078014184397163 Mb Count b: 2.6494464944649447
INFO:root:Mb Count a: 0.0 Mb Count b: 1.4147727272727273
INFO:root:Mb Count a: 0.0 Mb Count b: 1.4406779661016949
INFO:root:Mb Count a: 0.0 Mb Count b: 1.4406779661016949
/scratch/data/leah/phertilizer/src/linear_split.py:107: RuntimeWarning: invalid value encountered in true_divide
  vaf = binary_counts/binary_tcounts
INFO:root:Mb Count a: 0.8850931677018633 Mb Count b: 2.683982683982684
INFO:root:Mb Count a: 0.0 Mb Count b: 1.3333333333333333
INFO:root:Mb Count a: 0.0 Mb Count b: 1.3696969696969696
/scratch/data/leah/phertilizer/src/linear_split.py:107: RuntimeWarning: invalid value encountered in true_divide
  vaf = binary_counts/binary_tcounts
INFO:root:Mb Count a: 0.9045454545454545 Mb Count b: 2.519230769230769
INFO:root:Mb Count a: 0.0 Mb Count b: 1.3854166666666667
INFO:root:Mb Count a: 0.0 Mb Count b: 1.4166666666666667
/scratch/data/leah/phertilizer/src/linear_split.py:107: RuntimeWarning: invalid value encountered in true_divide
  vaf = binary_counts/binary_tcounts
INFO:root:Mb Count a: 1.1694915254237288 Mb Count b: 3.074074074074074
INFO:root:Mb Count a: 0.0 Mb Count b: 1.2142857142857142
INFO:root:Mb Count a: 0.0 Mb Count b: 1.2142857142857142
/scratch/data/leah/phertilizer/src/linear_split.py:107: RuntimeWarning: invalid value encountered in true_divide
  vaf = binary_counts/binary_tcounts
INFO:root:Mb Count a: 0.78125 Mb Count b: 2.5694444444444446
INFO:root:Mb Count a: 0.0 Mb Count b: 1.4709677419354839
INFO:root:Mb Count a: 0.2633333333333333 Mb Count b: 2.289473684210526
INFO:root:Mb Count a: 0.1318051575931232 Mb Count b: 2.3703703703703702
INFO:root:Mb Count a: 0.0 Mb Count b: 1.4761904761904763
INFO:root:Mb Count a: 0.0 Mb Count b: 1.4761904761904763
/scratch/data/leah/phertilizer/src/linear_split.py:107: RuntimeWarning: invalid value encountered in true_divide
  vaf = binary_counts/binary_tcounts
INFO:root:Mb Count a: 1.2536764705882353 Mb Count b: 3.0
INFO:root:Mb Count a: 0.0 Mb Count b: 1.2093023255813953
INFO:root:Mb Count a: 0.0 Mb Count b: 1.2093023255813953
/scratch/data/leah/phertilizer/src/linear_split.py:107: RuntimeWarning: invalid value encountered in true_divide
  vaf = binary_counts/binary_tcounts
INFO:root:Mb Count a: 1.0241545893719808 Mb Count b: 2.6216216216216215
INFO:root:Mb Count a: 0.0 Mb Count b: 1.4257425742574257
INFO:root:Mb Count a: 0.0 Mb Count b: 1.4455445544554455
/scratch/data/leah/phertilizer/src/linear_split.py:107: RuntimeWarning: invalid value encountered in true_divide
  vaf = binary_counts/binary_tcounts
INFO:root:Mb Count a: 0.6504065040650406 Mb Count b: 2.1551724137931036
INFO:root:Mb Count a: 0.0 Mb Count b: 1.3291139240506329
INFO:root:Mb Count a: 0.0 Mb Count b: 1.4430379746835442
/scratch/data/leah/phertilizer/src/linear_split.py:107: RuntimeWarning: invalid value encountered in true_divide
  vaf = binary_counts/binary_tcounts
INFO:root:Mb Count a: 1.0474137931034482 Mb Count b: 2.7875
INFO:root:Mb Count a: 0.0 Mb Count b: 1.2222222222222223
INFO:root:Mb Count a: 0.0 Mb Count b: 1.2222222222222223
/scratch/data/leah/phertilizer/src/linear_split.py:107: RuntimeWarning: invalid value encountered in true_divide
  vaf = binary_counts/binary_tcounts
INFO:root:Mb Count a: 0.9751243781094527 Mb Count b: 2.5945945945945947
INFO:root:Mb Count a: 0.0 Mb Count b: 1.28125
INFO:root:Mb Count a: 0.0 Mb Count b: 1.296875
/scratch/data/leah/phertilizer/src/linear_split.py:107: RuntimeWarning: invalid value encountered in true_divide
  vaf = binary_counts/binary_tcounts
INFO:root:Mb Count a: 0.6259541984732825 Mb Count b: 2.2209944751381214
INFO:root:Mb Count a: 0.0 Mb Count b: 1.3482142857142858
INFO:root:Mb Count a: 0.0 Mb Count b: 1.4732142857142858
INFO:root:Mb Count a: 3.1082089552238807 Mb Count b: 4.308457711442786
INFO:root:Mb Count a: 0.7705223880597015 Mb Count b: 6.606965174129353
INFO:root:Mb Count a: 2.970149253731343 Mb Count b: 4.587064676616915
INFO:root:Mb Count a: 0.7705223880597015 Mb Count b: 6.606965174129353
INFO:root:Mb Count a: 3.013059701492537 Mb Count b: 4.27363184079602
INFO:root:Mb Count a: 0.7705223880597015 Mb Count b: 6.606965174129353
/scratch/data/leah/phertilizer/src/linear_split.py:107: RuntimeWarning: invalid value encountered in true_divide
  vaf = binary_counts/binary_tcounts
INFO:root:Mb Count a: 2.7083333333333335 Mb Count b: 4.138586956521739
INFO:root:Mb Count a: 0.02976190476190476 Mb Count b: 6.538043478260869
/scratch/data/leah/phertilizer/src/linear_split.py:107: RuntimeWarning: invalid value encountered in true_divide
  vaf = binary_counts/binary_tcounts
INFO:root:Mb Count a: 2.6726190476190474 Mb Count b: 4.241847826086956
INFO:root:Mb Count a: 0.02976190476190476 Mb Count b: 6.538043478260869
/scratch/data/leah/phertilizer/src/linear_split.py:107: RuntimeWarning: invalid value encountered in true_divide
  vaf = binary_counts/binary_tcounts
INFO:root:Mb Count a: 2.607142857142857 Mb Count b: 3.967391304347826
INFO:root:Mb Count a: 0.02976190476190476 Mb Count b: 6.538043478260869
/scratch/data/leah/phertilizer/src/branching_split.py:108: RuntimeWarning: invalid value encountered in true_divide
  tmb = mut_var_count_by_cell/mut_total_reads_by_cell
/scratch/data/leah/phertilizer/src/branching_split.py:108: RuntimeWarning: invalid value encountered in true_divide
  tmb = mut_var_count_by_cell/mut_total_reads_by_cell
/scratch/data/leah/phertilizer/src/branching_split.py:108: RuntimeWarning: invalid value encountered in true_divide
  tmb = mut_var_count_by_cell/mut_total_reads_by_cell
/scratch/data/leah/phertilizer/src/branching_split.py:108: RuntimeWarning: invalid value encountered in true_divide
  tmb = mut_var_count_by_cell/mut_total_reads_by_cell
/scratch/data/leah/phertilizer/src/branching_split.py:108: RuntimeWarning: invalid value encountered in true_divide
  tmb = mut_var_count_by_cell/mut_total_reads_by_cell
INFO:root:Mb Count a: 2.722826086956522 Mb Count b: 3.8407960199004973
INFO:root:Mb Count a: 0.1793478260869565 Mb Count b: 5.0
INFO:root:Mb Count a: 2.8043478260869565 Mb Count b: 3.9054726368159205
INFO:root:Mb Count a: 0.1793478260869565 Mb Count b: 5.0
INFO:root:Mb Count a: 2.733695652173913 Mb Count b: 3.890547263681592
INFO:root:Mb Count a: 0.1793478260869565 Mb Count b: 5.0
/scratch/data/leah/phertilizer/src/linear_split.py:107: RuntimeWarning: invalid value encountered in true_divide
  vaf = binary_counts/binary_tcounts
INFO:root:Mb Count a: 2.2366863905325443 Mb Count b: 4.060301507537688
INFO:root:Mb Count a: 0.0 Mb Count b: 4.9296482412060305
/scratch/data/leah/phertilizer/src/linear_split.py:107: RuntimeWarning: invalid value encountered in true_divide
  vaf = binary_counts/binary_tcounts
INFO:root:Mb Count a: 2.3905325443786984 Mb Count b: 4.1457286432160805
INFO:root:Mb Count a: 0.0 Mb Count b: 4.9296482412060305
/scratch/data/leah/phertilizer/src/linear_split.py:107: RuntimeWarning: invalid value encountered in true_divide
  vaf = binary_counts/binary_tcounts
INFO:root:Mb Count a: 2.165680473372781 Mb Count b: 4.0954773869346734
INFO:root:Mb Count a: 0.0 Mb Count b: 4.9296482412060305
/scratch/data/leah/phertilizer/src/branching_split.py:108: RuntimeWarning: invalid value encountered in true_divide
  tmb = mut_var_count_by_cell/mut_total_reads_by_cell
/scratch/data/leah/phertilizer/src/branching_split.py:108: RuntimeWarning: invalid value encountered in true_divide
  tmb = mut_var_count_by_cell/mut_total_reads_by_cell
/scratch/data/leah/phertilizer/src/branching_split.py:108: RuntimeWarning: invalid value encountered in true_divide
  tmb = mut_var_count_by_cell/mut_total_reads_by_cell
/scratch/data/leah/phertilizer/src/branching_split.py:108: RuntimeWarning: invalid value encountered in true_divide
  tmb = mut_var_count_by_cell/mut_total_reads_by_cell
/scratch/data/leah/phertilizer/src/branching_split.py:108: RuntimeWarning: invalid value encountered in true_divide
  tmb = mut_var_count_by_cell/mut_total_reads_by_cell
/scratch/data/leah/phertilizer/src/branching_split.py:108: RuntimeWarning: invalid value encountered in true_divide
  tmb = mut_var_count_by_cell/mut_total_reads_by_cell
INFO:root:Mb Count a: 2.236180904522613 Mb Count b: 2.5472636815920398
/scratch/data/leah/phertilizer/src/linear_split.py:251: RuntimeWarning: invalid value encountered in true_divide
  tmb = mb_mut_count/mb_tot_count
INFO:root:Mb Count a: 0.03015075376884422 Mb Count b: 3.129353233830846
INFO:root:Mb Count a: 2.180904522613065 Mb Count b: 2.472636815920398
/scratch/data/leah/phertilizer/src/linear_split.py:251: RuntimeWarning: invalid value encountered in true_divide
  tmb = mb_mut_count/mb_tot_count
INFO:root:Mb Count a: 0.03015075376884422 Mb Count b: 3.129353233830846
INFO:root:Mb Count a: 2.291457286432161 Mb Count b: 2.5621890547263684
/scratch/data/leah/phertilizer/src/linear_split.py:251: RuntimeWarning: invalid value encountered in true_divide
  tmb = mb_mut_count/mb_tot_count
INFO:root:Mb Count a: 0.03015075376884422 Mb Count b: 3.129353233830846
/scratch/data/leah/phertilizer/src/branching_split.py:108: RuntimeWarning: invalid value encountered in true_divide
  tmb = mut_var_count_by_cell/mut_total_reads_by_cell
/scratch/data/leah/phertilizer/src/branching_split.py:108: RuntimeWarning: invalid value encountered in true_divide
  tmb = mut_var_count_by_cell/mut_total_reads_by_cell
/scratch/data/leah/phertilizer/src/branching_split.py:108: RuntimeWarning: invalid value encountered in true_divide
  tmb = mut_var_count_by_cell/mut_total_reads_by_cell
/scratch/data/leah/phertilizer/src/branching_split.py:108: RuntimeWarning: invalid value encountered in true_divide
  tmb = mut_var_count_by_cell/mut_total_reads_by_cell
/scratch/data/leah/phertilizer/src/branching_split.py:108: RuntimeWarning: invalid value encountered in true_divide
  tmb = mut_var_count_by_cell/mut_total_reads_by_cell
/scratch/data/leah/phertilizer/src/branching_split.py:108: RuntimeWarning: invalid value encountered in true_divide
  tmb = mut_var_count_by_cell/mut_total_reads_by_cell
/scratch/data/leah/phertilizer/src/linear_split.py:107: RuntimeWarning: invalid value encountered in true_divide
  vaf = binary_counts/binary_tcounts
/scratch/data/leah/phertilizer/src/linear_split.py:251: RuntimeWarning: invalid value encountered in true_divide
  tmb = mb_mut_count/mb_tot_count
INFO:root:Mb Count a: 1.4023668639053255 Mb Count b: 2.3115577889447234
/scratch/data/leah/phertilizer/src/linear_split.py:251: RuntimeWarning: invalid value encountered in true_divide
  tmb = mb_mut_count/mb_tot_count
INFO:root:Mb Count a: 0.0 Mb Count b: 3.07035175879397
/scratch/data/leah/phertilizer/src/linear_split.py:107: RuntimeWarning: invalid value encountered in true_divide
  vaf = binary_counts/binary_tcounts
/scratch/data/leah/phertilizer/src/linear_split.py:251: RuntimeWarning: invalid value encountered in true_divide
  tmb = mb_mut_count/mb_tot_count
INFO:root:Mb Count a: 1.6094674556213018 Mb Count b: 2.2562814070351758
/scratch/data/leah/phertilizer/src/linear_split.py:251: RuntimeWarning: invalid value encountered in true_divide
  tmb = mb_mut_count/mb_tot_count
INFO:root:Mb Count a: 0.0 Mb Count b: 3.07035175879397
/scratch/data/leah/phertilizer/src/linear_split.py:107: RuntimeWarning: invalid value encountered in true_divide
  vaf = binary_counts/binary_tcounts
/scratch/data/leah/phertilizer/src/linear_split.py:251: RuntimeWarning: invalid value encountered in true_divide
  tmb = mb_mut_count/mb_tot_count
INFO:root:Mb Count a: 1.4792899408284024 Mb Count b: 2.3165829145728645
/scratch/data/leah/phertilizer/src/linear_split.py:251: RuntimeWarning: invalid value encountered in true_divide
  tmb = mb_mut_count/mb_tot_count
INFO:root:Mb Count a: 0.0 Mb Count b: 3.07035175879397
/scratch/data/leah/phertilizer/src/branching_split.py:108: RuntimeWarning: invalid value encountered in true_divide
  tmb = mut_var_count_by_cell/mut_total_reads_by_cell
/scratch/data/leah/phertilizer/src/branching_split.py:108: RuntimeWarning: invalid value encountered in true_divide
  tmb = mut_var_count_by_cell/mut_total_reads_by_cell
/scratch/data/leah/phertilizer/src/branching_split.py:108: RuntimeWarning: invalid value encountered in true_divide
  tmb = mut_var_count_by_cell/mut_total_reads_by_cell
/scratch/data/leah/phertilizer/src/branching_split.py:108: RuntimeWarning: invalid value encountered in true_divide
  tmb = mut_var_count_by_cell/mut_total_reads_by_cell
/scratch/data/leah/phertilizer/src/branching_split.py:108: RuntimeWarning: invalid value encountered in true_divide
  tmb = mut_var_count_by_cell/mut_total_reads_by_cell
/scratch/data/leah/phertilizer/src/branching_split.py:108: RuntimeWarning: invalid value encountered in true_divide
  tmb = mut_var_count_by_cell/mut_total_reads_by_cell
INFO:root:Mb Count a: 1.9673913043478262 Mb Count b: 2.2023809523809526
/scratch/data/leah/phertilizer/src/linear_split.py:251: RuntimeWarning: invalid value encountered in true_divide
  tmb = mb_mut_count/mb_tot_count
INFO:root:Mb Count a: 0.04619565217391304 Mb Count b: 4.392857142857143
INFO:root:Mb Count a: 2.097826086956522 Mb Count b: 2.125
/scratch/data/leah/phertilizer/src/linear_split.py:251: RuntimeWarning: invalid value encountered in true_divide
  tmb = mb_mut_count/mb_tot_count
INFO:root:Mb Count a: 0.04619565217391304 Mb Count b: 4.392857142857143
INFO:root:Mb Count a: 1.9918478260869565 Mb Count b: 2.2797619047619047
/scratch/data/leah/phertilizer/src/linear_split.py:251: RuntimeWarning: invalid value encountered in true_divide
  tmb = mb_mut_count/mb_tot_count
INFO:root:Mb Count a: 0.04619565217391304 Mb Count b: 4.392857142857143
/scratch/data/leah/phertilizer/src/linear_split.py:107: RuntimeWarning: invalid value encountered in true_divide
  vaf = binary_counts/binary_tcounts
INFO:root:Mb Count a: 1.7751479289940828 Mb Count b: 2.809045226130653
INFO:root:Mb Count a: 0.0 Mb Count b: 3.7035175879396984
/scratch/data/leah/phertilizer/src/linear_split.py:107: RuntimeWarning: invalid value encountered in true_divide
  vaf = binary_counts/binary_tcounts
INFO:root:Mb Count a: 1.8816568047337279 Mb Count b: 2.864321608040201
INFO:root:Mb Count a: 0.0 Mb Count b: 3.7035175879396984
/scratch/data/leah/phertilizer/src/linear_split.py:107: RuntimeWarning: invalid value encountered in true_divide
  vaf = binary_counts/binary_tcounts
INFO:root:Mb Count a: 1.9171597633136095 Mb Count b: 2.6532663316582914
INFO:root:Mb Count a: 0.0 Mb Count b: 3.7035175879396984
/scratch/data/leah/phertilizer/src/branching_split.py:108: RuntimeWarning: invalid value encountered in true_divide
  tmb = mut_var_count_by_cell/mut_total_reads_by_cell
/scratch/data/leah/phertilizer/src/branching_split.py:108: RuntimeWarning: invalid value encountered in true_divide
  tmb = mut_var_count_by_cell/mut_total_reads_by_cell
/scratch/data/leah/phertilizer/src/branching_split.py:108: RuntimeWarning: invalid value encountered in true_divide
  tmb = mut_var_count_by_cell/mut_total_reads_by_cell
/scratch/data/leah/phertilizer/src/branching_split.py:108: RuntimeWarning: invalid value encountered in true_divide
  tmb = mut_var_count_by_cell/mut_total_reads_by_cell
/scratch/data/leah/phertilizer/src/branching_split.py:108: RuntimeWarning: invalid value encountered in true_divide
  tmb = mut_var_count_by_cell/mut_total_reads_by_cell
/scratch/data/leah/phertilizer/src/branching_split.py:108: RuntimeWarning: invalid value encountered in true_divide
  tmb = mut_var_count_by_cell/mut_total_reads_by_cell
INFO:root:Mb Count a: 1.728643216080402 Mb Count b: 1.8630952380952381
/scratch/data/leah/phertilizer/src/linear_split.py:251: RuntimeWarning: invalid value encountered in true_divide
  tmb = mb_mut_count/mb_tot_count
INFO:root:Mb Count a: 0.010050251256281407 Mb Count b: 3.2916666666666665
INFO:root:Mb Count a: 1.6785714285714286 Mb Count b: 1.7236180904522613
/scratch/data/leah/phertilizer/src/linear_split.py:251: RuntimeWarning: invalid value encountered in true_divide
  tmb = mb_mut_count/mb_tot_count
INFO:root:Mb Count a: 0.0 Mb Count b: 2.869346733668342
/scratch/data/leah/phertilizer/src/linear_split.py:251: RuntimeWarning: invalid value encountered in true_divide
  tmb = mb_mut_count/mb_tot_count
INFO:root:Mb Count a: 1.5125628140703518 Mb Count b: 1.8571428571428572
/scratch/data/leah/phertilizer/src/linear_split.py:251: RuntimeWarning: invalid value encountered in true_divide
  tmb = mb_mut_count/mb_tot_count
INFO:root:Mb Count a: 0.010050251256281407 Mb Count b: 3.2916666666666665
/scratch/data/leah/phertilizer/src/branching_split.py:108: RuntimeWarning: invalid value encountered in true_divide
  tmb = mut_var_count_by_cell/mut_total_reads_by_cell
/scratch/data/leah/phertilizer/src/branching_split.py:108: RuntimeWarning: invalid value encountered in true_divide
  tmb = mut_var_count_by_cell/mut_total_reads_by_cell
/scratch/data/leah/phertilizer/src/branching_split.py:108: RuntimeWarning: invalid value encountered in true_divide
  tmb = mut_var_count_by_cell/mut_total_reads_by_cell
/scratch/data/leah/phertilizer/src/branching_split.py:108: RuntimeWarning: invalid value encountered in true_divide
  tmb = mut_var_count_by_cell/mut_total_reads_by_cell
/scratch/data/leah/phertilizer/src/branching_split.py:108: RuntimeWarning: invalid value encountered in true_divide
  tmb = mut_var_count_by_cell/mut_total_reads_by_cell
/scratch/data/leah/phertilizer/src/branching_split.py:108: RuntimeWarning: invalid value encountered in true_divide
  tmb = mut_var_count_by_cell/mut_total_reads_by_cell
/scratch/data/leah/phertilizer/src/linear_split.py:107: RuntimeWarning: invalid value encountered in true_divide
  vaf = binary_counts/binary_tcounts
/scratch/data/leah/phertilizer/src/linear_split.py:251: RuntimeWarning: invalid value encountered in true_divide
  tmb = mb_mut_count/mb_tot_count
INFO:root:Mb Count a: 1.757396449704142 Mb Count b: 2.648241206030151
/scratch/data/leah/phertilizer/src/linear_split.py:251: RuntimeWarning: invalid value encountered in true_divide
  tmb = mb_mut_count/mb_tot_count
INFO:root:Mb Count a: 0.0 Mb Count b: 3.6884422110552766
/scratch/data/leah/phertilizer/src/linear_split.py:107: RuntimeWarning: invalid value encountered in true_divide
  vaf = binary_counts/binary_tcounts
/scratch/data/leah/phertilizer/src/linear_split.py:251: RuntimeWarning: invalid value encountered in true_divide
  tmb = mb_mut_count/mb_tot_count
INFO:root:Mb Count a: 1.8402366863905326 Mb Count b: 2.798994974874372
/scratch/data/leah/phertilizer/src/linear_split.py:251: RuntimeWarning: invalid value encountered in true_divide
  tmb = mb_mut_count/mb_tot_count
INFO:root:Mb Count a: 0.0 Mb Count b: 3.6884422110552766
/scratch/data/leah/phertilizer/src/linear_split.py:107: RuntimeWarning: invalid value encountered in true_divide
  vaf = binary_counts/binary_tcounts
INFO:root:Mb Count a: 1.668639053254438 Mb Count b: 2.899497487437186
/scratch/data/leah/phertilizer/src/linear_split.py:251: RuntimeWarning: invalid value encountered in true_divide
  tmb = mb_mut_count/mb_tot_count
INFO:root:Mb Count a: 0.0 Mb Count b: 3.6884422110552766
/scratch/data/leah/phertilizer/src/branching_split.py:108: RuntimeWarning: invalid value encountered in true_divide
  tmb = mut_var_count_by_cell/mut_total_reads_by_cell
/scratch/data/leah/phertilizer/src/branching_split.py:108: RuntimeWarning: invalid value encountered in true_divide
  tmb = mut_var_count_by_cell/mut_total_reads_by_cell
/scratch/data/leah/phertilizer/src/branching_split.py:108: RuntimeWarning: invalid value encountered in true_divide
  tmb = mut_var_count_by_cell/mut_total_reads_by_cell
/scratch/data/leah/phertilizer/src/branching_split.py:108: RuntimeWarning: invalid value encountered in true_divide
  tmb = mut_var_count_by_cell/mut_total_reads_by_cell
/scratch/data/leah/phertilizer/src/branching_split.py:108: RuntimeWarning: invalid value encountered in true_divide
  tmb = mut_var_count_by_cell/mut_total_reads_by_cell
/scratch/data/leah/phertilizer/src/branching_split.py:108: RuntimeWarning: invalid value encountered in true_divide
  tmb = mut_var_count_by_cell/mut_total_reads_by_cell
/scratch/data/leah/phertilizer/src/branching_split.py:108: RuntimeWarning: invalid value encountered in true_divide
  tmb = mut_var_count_by_cell/mut_total_reads_by_cell
/scratch/data/leah/phertilizer/src/branching_split.py:108: RuntimeWarning: invalid value encountered in true_divide
  tmb = mut_var_count_by_cell/mut_total_reads_by_cell
/scratch/data/leah/phertilizer/src/branching_split.py:108: RuntimeWarning: invalid value encountered in true_divide
  tmb = mut_var_count_by_cell/mut_total_reads_by_cell
/scratch/data/leah/phertilizer/src/linear_split.py:251: RuntimeWarning: invalid value encountered in true_divide
  tmb = mb_mut_count/mb_tot_count
INFO:root:Mb Count a: 1.000942507068803 Mb Count b: 1.5917159763313609
/scratch/data/leah/phertilizer/src/linear_split.py:251: RuntimeWarning: invalid value encountered in true_divide
  tmb = mb_mut_count/mb_tot_count
INFO:root:Mb Count a: 0.07540603248259861 Mb Count b: 1.2853260869565217
/scratch/data/leah/phertilizer/src/linear_split.py:251: RuntimeWarning: invalid value encountered in true_divide
  tmb = mb_mut_count/mb_tot_count
INFO:root:Mb Count a: 0.03248259860788863 Mb Count b: 3.035326086956522
/scratch/data/leah/phertilizer/src/linear_split.py:251: RuntimeWarning: invalid value encountered in true_divide
  tmb = mb_mut_count/mb_tot_count
INFO:root:Mb Count a: 0.8186226964112512 Mb Count b: 2.3316582914572863
/scratch/data/leah/phertilizer/src/linear_split.py:251: RuntimeWarning: invalid value encountered in true_divide
  tmb = mb_mut_count/mb_tot_count
INFO:root:Mb Count a: 0.058004640371229696 Mb Count b: 2.010869565217391
/scratch/data/leah/phertilizer/src/linear_split.py:251: RuntimeWarning: invalid value encountered in true_divide
  tmb = mb_mut_count/mb_tot_count
INFO:root:Mb Count a: 0.03248259860788863 Mb Count b: 3.035326086956522
/scratch/data/leah/phertilizer/src/linear_split.py:251: RuntimeWarning: invalid value encountered in true_divide
  tmb = mb_mut_count/mb_tot_count
INFO:root:Mb Count a: 0.6519721577726219 Mb Count b: 2.027173913043478
/scratch/data/leah/phertilizer/src/linear_split.py:251: RuntimeWarning: invalid value encountered in true_divide
  tmb = mb_mut_count/mb_tot_count
INFO:root:Mb Count a: 0.03248259860788863 Mb Count b: 3.035326086956522
/scratch/data/leah/phertilizer/src/linear_split.py:251: RuntimeWarning: invalid value encountered in true_divide
  tmb = mb_mut_count/mb_tot_count
INFO:root:Mb Count a: 0.0 Mb Count b: 0.75
/scratch/data/leah/phertilizer/src/linear_split.py:251: RuntimeWarning: invalid value encountered in true_divide
  tmb = mb_mut_count/mb_tot_count
INFO:root:Mb Count a: 0.0 Mb Count b: 1.1842105263157894
/scratch/data/leah/phertilizer/src/linear_split.py:251: RuntimeWarning: invalid value encountered in true_divide
  tmb = mb_mut_count/mb_tot_count
INFO:root:Mb Count a: 0.0 Mb Count b: 1.9454545454545455
/scratch/data/leah/phertilizer/src/linear_split.py:251: RuntimeWarning: invalid value encountered in true_divide
  tmb = mb_mut_count/mb_tot_count
INFO:root:Mb Count a: 0.0 Mb Count b: 2.176470588235294
/scratch/data/leah/phertilizer/src/linear_split.py:251: RuntimeWarning: invalid value encountered in true_divide
  tmb = mb_mut_count/mb_tot_count
INFO:root:Mb Count a: 0.10419161676646707 Mb Count b: 3.5185185185185186
/scratch/data/leah/phertilizer/src/linear_split.py:251: RuntimeWarning: invalid value encountered in true_divide
  tmb = mb_mut_count/mb_tot_count
INFO:root:Mb Count a: 0.06563245823389022 Mb Count b: 3.25
/scratch/data/leah/phertilizer/src/linear_split.py:251: RuntimeWarning: invalid value encountered in true_divide
  tmb = mb_mut_count/mb_tot_count
INFO:root:Mb Count a: 0.0 Mb Count b: 1.9365079365079365
/scratch/data/leah/phertilizer/src/linear_split.py:251: RuntimeWarning: invalid value encountered in true_divide
  tmb = mb_mut_count/mb_tot_count
INFO:root:Mb Count a: 0.07411907654921021 Mb Count b: 3.5128205128205128
/scratch/data/leah/phertilizer/src/linear_split.py:251: RuntimeWarning: invalid value encountered in true_divide
  tmb = mb_mut_count/mb_tot_count
INFO:root:Mb Count a: 0.09123649459783914 Mb Count b: 3.5517241379310347
/scratch/data/leah/phertilizer/src/linear_split.py:251: RuntimeWarning: invalid value encountered in true_divide
  tmb = mb_mut_count/mb_tot_count
INFO:root:Mb Count a: 0.07646356033452807 Mb Count b: 3.4
/scratch/data/leah/phertilizer/src/linear_split.py:251: RuntimeWarning: invalid value encountered in true_divide
  tmb = mb_mut_count/mb_tot_count
INFO:root:Mb Count a: 0.0 Mb Count b: 1.0
/scratch/data/leah/phertilizer/src/linear_split.py:251: RuntimeWarning: invalid value encountered in true_divide
  tmb = mb_mut_count/mb_tot_count
INFO:root:Mb Count a: 0.0 Mb Count b: 1.121212121212121
/scratch/data/leah/phertilizer/src/linear_split.py:251: RuntimeWarning: invalid value encountered in true_divide
  tmb = mb_mut_count/mb_tot_count
INFO:root:Mb Count a: 0.08 Mb Count b: 2.6666666666666665
/scratch/data/leah/phertilizer/src/linear_split.py:251: RuntimeWarning: invalid value encountered in true_divide
  tmb = mb_mut_count/mb_tot_count
INFO:root:Mb Count a: 0.04107981220657277 Mb Count b: 2.3
/scratch/data/leah/phertilizer/src/linear_split.py:251: RuntimeWarning: invalid value encountered in true_divide
  tmb = mb_mut_count/mb_tot_count
INFO:root:Mb Count a: 0.03873239436619718 Mb Count b: 2.3
/scratch/data/leah/phertilizer/src/linear_split.py:251: RuntimeWarning: invalid value encountered in true_divide
  tmb = mb_mut_count/mb_tot_count
INFO:root:Mb Count a: 0.0 Mb Count b: 1.0
/scratch/data/leah/phertilizer/src/linear_split.py:251: RuntimeWarning: invalid value encountered in true_divide
  tmb = mb_mut_count/mb_tot_count
INFO:root:Mb Count a: 0.0 Mb Count b: 1.1764705882352942
/scratch/data/leah/phertilizer/src/linear_split.py:251: RuntimeWarning: invalid value encountered in true_divide
  tmb = mb_mut_count/mb_tot_count
INFO:root:Mb Count a: 0.0812720848056537 Mb Count b: 3.0
/scratch/data/leah/phertilizer/src/linear_split.py:251: RuntimeWarning: invalid value encountered in true_divide
  tmb = mb_mut_count/mb_tot_count
INFO:root:Mb Count a: 0.03760282021151586 Mb Count b: 2.6363636363636362
/scratch/data/leah/phertilizer/src/linear_split.py:251: RuntimeWarning: invalid value encountered in true_divide
  tmb = mb_mut_count/mb_tot_count
INFO:root:Mb Count a: 0.03760282021151586 Mb Count b: 2.6363636363636362
/scratch/data/leah/phertilizer/src/linear_split.py:251: RuntimeWarning: invalid value encountered in true_divide
  tmb = mb_mut_count/mb_tot_count
INFO:root:Mb Count a: 0.0 Mb Count b: 1.5041152263374487
INFO:root:Mb Count a: 0.4377880184331797 Mb Count b: 2.446236559139785
/scratch/data/leah/phertilizer/src/linear_split.py:251: RuntimeWarning: invalid value encountered in true_divide
  tmb = mb_mut_count/mb_tot_count
INFO:root:Mb Count a: 0.12694300518134716 Mb Count b: 3.0153846153846153
/scratch/data/leah/phertilizer/src/linear_split.py:251: RuntimeWarning: invalid value encountered in true_divide
  tmb = mb_mut_count/mb_tot_count
INFO:root:Mb Count a: 0.08439897698209718 Mb Count b: 2.890909090909091
/scratch/data/leah/phertilizer/src/linear_split.py:251: RuntimeWarning: invalid value encountered in true_divide
  tmb = mb_mut_count/mb_tot_count
INFO:root:Mb Count a: 0.07161125319693094 Mb Count b: 2.8
/scratch/data/leah/phertilizer/src/linear_split.py:251: RuntimeWarning: invalid value encountered in true_divide
  tmb = mb_mut_count/mb_tot_count
INFO:root:Mb Count a: 0.5016611295681063 Mb Count b: 1.8595744680851063
/scratch/data/leah/phertilizer/src/linear_split.py:251: RuntimeWarning: invalid value encountered in true_divide
  tmb = mb_mut_count/mb_tot_count
INFO:root:Mb Count a: 0.16323907455012854 Mb Count b: 2.5084745762711864
/scratch/data/leah/phertilizer/src/linear_split.py:251: RuntimeWarning: invalid value encountered in true_divide
  tmb = mb_mut_count/mb_tot_count
INFO:root:Mb Count a: 0.07954545454545454 Mb Count b: 2.533333333333333
/scratch/data/leah/phertilizer/src/linear_split.py:251: RuntimeWarning: invalid value encountered in true_divide
  tmb = mb_mut_count/mb_tot_count
INFO:root:Mb Count a: 0.0743073047858942 Mb Count b: 2.5813953488372094
/scratch/data/leah/phertilizer/src/linear_split.py:251: RuntimeWarning: invalid value encountered in true_divide
  tmb = mb_mut_count/mb_tot_count
INFO:root:Mb Count a: 0.07304785894206549 Mb Count b: 2.5813953488372094
/scratch/data/leah/phertilizer/src/linear_split.py:251: RuntimeWarning: invalid value encountered in true_divide
  tmb = mb_mut_count/mb_tot_count
INFO:root:Mb Count a: 0.0 Mb Count b: 1.5791433891992552
INFO:root:Mb Count a: 0.47468354430379744 Mb Count b: 2.55609756097561
/scratch/data/leah/phertilizer/src/linear_split.py:251: RuntimeWarning: invalid value encountered in true_divide
  tmb = mb_mut_count/mb_tot_count
INFO:root:Mb Count a: 0.1408083441981747 Mb Count b: 3.0
/scratch/data/leah/phertilizer/src/linear_split.py:251: RuntimeWarning: invalid value encountered in true_divide
  tmb = mb_mut_count/mb_tot_count
INFO:root:Mb Count a: 0.09395109395109395 Mb Count b: 2.933333333333333
/scratch/data/leah/phertilizer/src/linear_split.py:251: RuntimeWarning: invalid value encountered in true_divide
  tmb = mb_mut_count/mb_tot_count
INFO:root:Mb Count a: 0.07593307593307594 Mb Count b: 2.8833333333333333
